[0.016s] Invoking command in '/home/agilex/autoware.ai/build/autoware_connector': CMAKE_PREFIX_PATH=/home/agilex/autoware.ai/install/autoware_msgs:/home/agilex/autoware.ai/install/autoware_can_msgs:/home/agilex/autoware.ai/install/autoware_build_flags:${CMAKE_PREFIX_PATH} PKG_CONFIG_PATH=/home/agilex/autoware.ai/install/autoware_msgs/lib/x86_64-linux-gnu/pkgconfig:/home/agilex/autoware.ai/install/autoware_msgs/lib/pkgconfig:/home/agilex/autoware.ai/install/autoware_can_msgs/lib/x86_64-linux-gnu/pkgconfig:/home/agilex/autoware.ai/install/autoware_can_msgs/lib/pkgconfig:/home/agilex/autoware.ai/install/autoware_build_flags/lib/x86_64-linux-gnu/pkgconfig:/home/agilex/autoware.ai/install/autoware_build_flags/lib/pkgconfig:${PKG_CONFIG_PATH} PYTHONPATH=/home/agilex/autoware.ai/install/autoware_msgs/lib/python2.7/dist-packages:/home/agilex/autoware.ai/install/autoware_can_msgs/lib/python2.7/dist-packages:${PYTHONPATH} ROS_PACKAGE_PATH=/home/agilex/autoware.ai/install/autoware_msgs/share:/home/agilex/autoware.ai/install/autoware_can_msgs/share:/home/agilex/autoware.ai/install/autoware_build_flags/share:${ROS_PACKAGE_PATH} /usr/bin/cmake /home/agilex/autoware.ai/src/autoware/core_perception/autoware_connector -DCMAKE_BUILD_TYPE=Release -DCATKIN_INSTALL_INTO_PREFIX_ROOT=0 -DCMAKE_INSTALL_PREFIX=/home/agilex/autoware.ai/install/autoware_connector
[0.129s] -- The C compiler identification is GNU 7.5.0
[0.183s] -- The CXX compiler identification is GNU 7.5.0
[0.189s] -- Check for working C compiler: /usr/bin/cc
[0.278s] -- Check for working C compiler: /usr/bin/cc -- works
[0.279s] -- Detecting C compiler ABI info
[0.370s] -- Detecting C compiler ABI info - done
[0.379s] -- Detecting C compile features
[0.596s] -- Detecting C compile features - done
[0.598s] -- Check for working CXX compiler: /usr/bin/c++
[0.706s] -- Check for working CXX compiler: /usr/bin/c++ -- works
[0.710s] -- Detecting CXX compiler ABI info
[0.795s] -- Detecting CXX compiler ABI info - done
[0.803s] -- Detecting CXX compile features
[1.148s] -- Detecting CXX compile features - done
[1.206s] -- Using CATKIN_DEVEL_PREFIX: /home/agilex/autoware.ai/build/autoware_connector/devel
[1.207s] -- Using CMAKE_PREFIX_PATH: /home/agilex/autoware.ai/install/autoware_msgs;/home/agilex/autoware.ai/install/autoware_can_msgs;/home/agilex/autoware.ai/install/autoware_build_flags;/opt/ros/melodic
[1.207s] -- This workspace overlays: /home/agilex/autoware.ai/install/autoware_msgs;/home/agilex/autoware.ai/install/autoware_can_msgs;/home/agilex/autoware.ai/install/autoware_build_flags;/opt/ros/melodic
[1.224s] -- Found PythonInterp: /usr/bin/python2 (found suitable version "2.7.17", minimum required is "2") 
[1.224s] -- Using PYTHON_EXECUTABLE: /usr/bin/python2
[1.225s] -- Using Debian Python package layout
[1.225s] -- Using empy: /usr/bin/empy
[1.385s] -- Using CATKIN_ENABLE_TESTING: ON
[1.386s] -- Call enable_testing()
[1.388s] -- Using CATKIN_TEST_RESULTS_DIR: /home/agilex/autoware.ai/build/autoware_connector/test_results
[1.405s] -- Found gtest sources under '/usr/src/googletest': gtests will be built
[1.405s] -- Found gmock sources under '/usr/src/googletest': gmock will be built
[1.419s] -- Found PythonInterp: /usr/bin/python2 (found version "2.7.17") 
[1.420s] -- Looking for pthread.h
[1.477s] -- Looking for pthread.h - found
[1.478s] -- Looking for pthread_create
[1.539s] -- Looking for pthread_create - not found
[1.539s] -- Looking for pthread_create in pthreads
[1.588s] -- Looking for pthread_create in pthreads - not found
[1.588s] -- Looking for pthread_create in pthread
[1.647s] -- Looking for pthread_create in pthread - found
[1.648s] -- Found Threads: TRUE  
[1.653s] -- Using Python nosetests: /usr/bin/nosetests-2.7
[1.700s] -- catkin 0.7.29
[1.700s] -- BUILD_SHARED_LIBS is on
[1.797s] -- Using these message generators: gencpp;geneus;genlisp;gennodejs;genpy
[1.805s] -- CUDA compilation status: .
[2.102s] -- Configuring done
[2.138s] -- Generating done
[2.148s] -- Build files have been written to: /home/agilex/autoware.ai/build/autoware_connector
[2.153s] Invoked command in '/home/agilex/autoware.ai/build/autoware_connector' returned '0': CMAKE_PREFIX_PATH=/home/agilex/autoware.ai/install/autoware_msgs:/home/agilex/autoware.ai/install/autoware_can_msgs:/home/agilex/autoware.ai/install/autoware_build_flags:${CMAKE_PREFIX_PATH} PKG_CONFIG_PATH=/home/agilex/autoware.ai/install/autoware_msgs/lib/x86_64-linux-gnu/pkgconfig:/home/agilex/autoware.ai/install/autoware_msgs/lib/pkgconfig:/home/agilex/autoware.ai/install/autoware_can_msgs/lib/x86_64-linux-gnu/pkgconfig:/home/agilex/autoware.ai/install/autoware_can_msgs/lib/pkgconfig:/home/agilex/autoware.ai/install/autoware_build_flags/lib/x86_64-linux-gnu/pkgconfig:/home/agilex/autoware.ai/install/autoware_build_flags/lib/pkgconfig:${PKG_CONFIG_PATH} PYTHONPATH=/home/agilex/autoware.ai/install/autoware_msgs/lib/python2.7/dist-packages:/home/agilex/autoware.ai/install/autoware_can_msgs/lib/python2.7/dist-packages:${PYTHONPATH} ROS_PACKAGE_PATH=/home/agilex/autoware.ai/install/autoware_msgs/share:/home/agilex/autoware.ai/install/autoware_can_msgs/share:/home/agilex/autoware.ai/install/autoware_build_flags/share:${ROS_PACKAGE_PATH} /usr/bin/cmake /home/agilex/autoware.ai/src/autoware/core_perception/autoware_connector -DCMAKE_BUILD_TYPE=Release -DCATKIN_INSTALL_INTO_PREFIX_ROOT=0 -DCMAKE_INSTALL_PREFIX=/home/agilex/autoware.ai/install/autoware_connector
[2.157s] Invoking command in '/home/agilex/autoware.ai/build/autoware_connector': CMAKE_PREFIX_PATH=/home/agilex/autoware.ai/install/autoware_msgs:/home/agilex/autoware.ai/install/autoware_can_msgs:/home/agilex/autoware.ai/install/autoware_build_flags:${CMAKE_PREFIX_PATH} PKG_CONFIG_PATH=/home/agilex/autoware.ai/install/autoware_msgs/lib/x86_64-linux-gnu/pkgconfig:/home/agilex/autoware.ai/install/autoware_msgs/lib/pkgconfig:/home/agilex/autoware.ai/install/autoware_can_msgs/lib/x86_64-linux-gnu/pkgconfig:/home/agilex/autoware.ai/install/autoware_can_msgs/lib/pkgconfig:/home/agilex/autoware.ai/install/autoware_build_flags/lib/x86_64-linux-gnu/pkgconfig:/home/agilex/autoware.ai/install/autoware_build_flags/lib/pkgconfig:${PKG_CONFIG_PATH} PYTHONPATH=/home/agilex/autoware.ai/install/autoware_msgs/lib/python2.7/dist-packages:/home/agilex/autoware.ai/install/autoware_can_msgs/lib/python2.7/dist-packages:${PYTHONPATH} ROS_PACKAGE_PATH=/home/agilex/autoware.ai/install/autoware_msgs/share:/home/agilex/autoware.ai/install/autoware_can_msgs/share:/home/agilex/autoware.ai/install/autoware_build_flags/share:${ROS_PACKAGE_PATH} /usr/bin/cmake --build /home/agilex/autoware.ai/build/autoware_connector -- -j8 -l8
[2.209s] [35m[1mScanning dependencies of target nav_msgs_generate_messages_cpp[0m
[2.218s] [  0%] Built target nav_msgs_generate_messages_cpp
[2.228s] [35m[1mScanning dependencies of target nav_msgs_generate_messages_lisp[0m
[2.237s] [  0%] Built target nav_msgs_generate_messages_lisp
[2.272s] [35m[1mScanning dependencies of target pcl_msgs_generate_messages_nodejs[0m
[2.290s] [  0%] Built target pcl_msgs_generate_messages_nodejs
[2.298s] [35m[1mScanning dependencies of target jsk_recognition_msgs_generate_messages_py[0m
[2.307s] [  0%] Built target jsk_recognition_msgs_generate_messages_py
[2.317s] [35m[1mScanning dependencies of target pcl_msgs_generate_messages_eus[0m
[2.326s] [  0%] Built target pcl_msgs_generate_messages_eus
[2.335s] [35m[1mScanning dependencies of target rosgraph_msgs_generate_messages_eus[0m
[2.351s] [  0%] Built target rosgraph_msgs_generate_messages_eus
[2.366s] [35m[1mScanning dependencies of target jsk_recognition_msgs_generate_messages_lisp[0m
[2.375s] [  0%] Built target jsk_recognition_msgs_generate_messages_lisp
[2.391s] [35m[1mScanning dependencies of target jsk_recognition_msgs_generate_messages_eus[0m
[2.411s] [  0%] Built target jsk_recognition_msgs_generate_messages_eus
[2.421s] [35m[1mScanning dependencies of target tf2_msgs_generate_messages_cpp[0m
[2.436s] [  0%] Built target tf2_msgs_generate_messages_cpp
[2.460s] [35m[1mScanning dependencies of target sensor_msgs_generate_messages_py[0m
[2.480s] [  0%] Built target sensor_msgs_generate_messages_py
[2.490s] [35m[1mScanning dependencies of target tf_generate_messages_py[0m
[2.504s] [  0%] Built target tf_generate_messages_py
[2.512s] [35m[1mScanning dependencies of target sensor_msgs_generate_messages_nodejs[0m
[2.535s] [  0%] Built target sensor_msgs_generate_messages_nodejs
[2.551s] [35m[1mScanning dependencies of target roscpp_generate_messages_cpp[0m
[2.568s] [  0%] Built target roscpp_generate_messages_cpp
[2.581s] [35m[1mScanning dependencies of target actionlib_generate_messages_cpp[0m
[2.591s] [  0%] Built target actionlib_generate_messages_cpp
[2.600s] [35m[1mScanning dependencies of target autoware_msgs_generate_messages_lisp[0m
[2.622s] [  0%] Built target autoware_msgs_generate_messages_lisp
[2.646s] [35m[1mScanning dependencies of target jsk_footstep_msgs_generate_messages_py[0m
[2.662s] [  0%] Built target jsk_footstep_msgs_generate_messages_py
[2.671s] [35m[1mScanning dependencies of target std_msgs_generate_messages_cpp[0m
[2.687s] [  0%] Built target std_msgs_generate_messages_cpp
[2.696s] [35m[1mScanning dependencies of target geometry_msgs_generate_messages_lisp[0m
[2.719s] [  0%] Built target geometry_msgs_generate_messages_lisp
[2.727s] [35m[1mScanning dependencies of target autoware_msgs_generate_messages_py[0m
[2.743s] [  0%] Built target autoware_msgs_generate_messages_py
[2.765s] [35m[1mScanning dependencies of target std_msgs_generate_messages_py[0m
[2.774s] [  0%] Built target std_msgs_generate_messages_py
[2.790s] [35m[1mScanning dependencies of target autoware_msgs_generate_messages_cpp[0m
[2.808s] [  0%] Built target autoware_msgs_generate_messages_cpp
[2.826s] [35m[1mScanning dependencies of target rosgraph_msgs_generate_messages_cpp[0m
[2.843s] [  0%] Built target rosgraph_msgs_generate_messages_cpp
[2.864s] [35m[1mScanning dependencies of target pcl_msgs_generate_messages_cpp[0m
[2.874s] [  0%] Built target pcl_msgs_generate_messages_cpp
[2.897s] [35m[1mScanning dependencies of target jsk_recognition_msgs_generate_messages_cpp[0m
[2.907s] [  0%] Built target jsk_recognition_msgs_generate_messages_cpp
[2.930s] [35m[1mScanning dependencies of target autoware_msgs_generate_messages_eus[0m
[2.939s] [  0%] Built target autoware_msgs_generate_messages_eus
[2.963s] [35m[1mScanning dependencies of target autoware_msgs_generate_messages_nodejs[0m
[2.974s] [  0%] Built target autoware_msgs_generate_messages_nodejs
[2.997s] [35m[1mScanning dependencies of target std_msgs_generate_messages_eus[0m
[3.007s] [  0%] Built target std_msgs_generate_messages_eus
[3.030s] [35m[1mScanning dependencies of target geometry_msgs_generate_messages_eus[0m
[3.040s] [  0%] Built target geometry_msgs_generate_messages_eus
[3.050s] [35m[1mScanning dependencies of target std_msgs_generate_messages_nodejs[0m
[3.059s] [  0%] Built target std_msgs_generate_messages_nodejs
[3.073s] [35m[1mScanning dependencies of target sensor_msgs_generate_messages_eus[0m
[3.083s] [  0%] Built target sensor_msgs_generate_messages_eus
[3.092s] [35m[1mScanning dependencies of target roscpp_generate_messages_nodejs[0m
[3.101s] [  0%] Built target roscpp_generate_messages_nodejs
[3.111s] [35m[1mScanning dependencies of target std_msgs_generate_messages_lisp[0m
[3.121s] [  0%] Built target std_msgs_generate_messages_lisp
[3.131s] [35m[1mScanning dependencies of target sensor_msgs_generate_messages_cpp[0m
[3.140s] [  0%] Built target sensor_msgs_generate_messages_cpp
[3.150s] [35m[1mScanning dependencies of target actionlib_msgs_generate_messages_lisp[0m
[3.159s] [  0%] Built target actionlib_msgs_generate_messages_lisp
[3.169s] [35m[1mScanning dependencies of target actionlib_msgs_generate_messages_nodejs[0m
[3.178s] [  0%] Built target actionlib_msgs_generate_messages_nodejs
[3.187s] [35m[1mScanning dependencies of target autoware_can_msgs_generate_messages_cpp[0m
[3.197s] [  0%] Built target autoware_can_msgs_generate_messages_cpp
[3.206s] [35m[1mScanning dependencies of target autoware_can_msgs_generate_messages_lisp[0m
[3.214s] [  0%] Built target autoware_can_msgs_generate_messages_lisp
[3.223s] [35m[1mScanning dependencies of target autoware_can_msgs_generate_messages_nodejs[0m
[3.231s] [  0%] Built target autoware_can_msgs_generate_messages_nodejs
[3.240s] [35m[1mScanning dependencies of target geometry_msgs_generate_messages_nodejs[0m
[3.248s] [  0%] Built target geometry_msgs_generate_messages_nodejs
[3.257s] [35m[1mScanning dependencies of target jsk_recognition_msgs_generate_messages_nodejs[0m
[3.265s] [  0%] Built target jsk_recognition_msgs_generate_messages_nodejs
[3.273s] [35m[1mScanning dependencies of target roscpp_generate_messages_lisp[0m
[3.284s] [  0%] Built target roscpp_generate_messages_lisp
[3.296s] [35m[1mScanning dependencies of target roscpp_generate_messages_py[0m
[3.306s] [  0%] Built target roscpp_generate_messages_py
[3.315s] [35m[1mScanning dependencies of target rosgraph_msgs_generate_messages_lisp[0m
[3.325s] [  0%] Built target rosgraph_msgs_generate_messages_lisp
[3.334s] [35m[1mScanning dependencies of target rosgraph_msgs_generate_messages_nodejs[0m
[3.343s] [  0%] Built target rosgraph_msgs_generate_messages_nodejs
[3.355s] [35m[1mScanning dependencies of target jsk_footstep_msgs_generate_messages_cpp[0m
[3.364s] [  0%] Built target jsk_footstep_msgs_generate_messages_cpp
[3.374s] [35m[1mScanning dependencies of target actionlib_msgs_generate_messages_cpp[0m
[3.383s] [  0%] Built target actionlib_msgs_generate_messages_cpp
[3.393s] [35m[1mScanning dependencies of target tf_generate_messages_eus[0m
[3.402s] [  0%] Built target tf_generate_messages_eus
[3.411s] [35m[1mScanning dependencies of target tf_generate_messages_lisp[0m
[3.421s] [  0%] Built target tf_generate_messages_lisp
[3.431s] [35m[1mScanning dependencies of target tf_generate_messages_nodejs[0m
[3.440s] [  0%] Built target tf_generate_messages_nodejs
[3.452s] [35m[1mScanning dependencies of target pcl_msgs_generate_messages_py[0m
[3.460s] [  0%] Built target pcl_msgs_generate_messages_py
[3.469s] [35m[1mScanning dependencies of target actionlib_generate_messages_eus[0m
[3.478s] [  0%] Built target actionlib_generate_messages_eus
[3.486s] [35m[1mScanning dependencies of target geometry_msgs_generate_messages_cpp[0m
[3.495s] [  0%] Built target geometry_msgs_generate_messages_cpp
[3.504s] [35m[1mScanning dependencies of target actionlib_generate_messages_lisp[0m
[3.512s] [  0%] Built target actionlib_generate_messages_lisp
[3.521s] [35m[1mScanning dependencies of target pcl_msgs_generate_messages_lisp[0m
[3.530s] [  0%] Built target pcl_msgs_generate_messages_lisp
[3.539s] [35m[1mScanning dependencies of target tf_generate_messages_cpp[0m
[3.548s] [  0%] Built target tf_generate_messages_cpp
[3.557s] [35m[1mScanning dependencies of target actionlib_generate_messages_nodejs[0m
[3.566s] [  0%] Built target actionlib_generate_messages_nodejs
[3.574s] [35m[1mScanning dependencies of target actionlib_msgs_generate_messages_eus[0m
[3.583s] [  0%] Built target actionlib_msgs_generate_messages_eus
[3.592s] [35m[1mScanning dependencies of target roscpp_generate_messages_eus[0m
[3.601s] [  0%] Built target roscpp_generate_messages_eus
[3.609s] [35m[1mScanning dependencies of target rosgraph_msgs_generate_messages_py[0m
[3.619s] [  0%] Built target rosgraph_msgs_generate_messages_py
[3.627s] [35m[1mScanning dependencies of target autoware_can_msgs_generate_messages_eus[0m
[3.636s] [  0%] Built target autoware_can_msgs_generate_messages_eus
[3.645s] [35m[1mScanning dependencies of target nav_msgs_generate_messages_eus[0m
[3.655s] [  0%] Built target nav_msgs_generate_messages_eus
[3.663s] [35m[1mScanning dependencies of target tf2_msgs_generate_messages_eus[0m
[3.673s] [  0%] Built target tf2_msgs_generate_messages_eus
[3.691s] [35m[1mScanning dependencies of target nav_msgs_generate_messages_py[0m
[3.712s] [  0%] Built target nav_msgs_generate_messages_py
[3.720s] [35m[1mScanning dependencies of target tf2_msgs_generate_messages_lisp[0m
[3.729s] [  0%] Built target tf2_msgs_generate_messages_lisp
[3.737s] [35m[1mScanning dependencies of target actionlib_generate_messages_py[0m
[3.748s] [  0%] Built target actionlib_generate_messages_py
[3.758s] [35m[1mScanning dependencies of target tf2_msgs_generate_messages_py[0m
[3.767s] [  0%] Built target tf2_msgs_generate_messages_py
[3.777s] [35m[1mScanning dependencies of target tf2_msgs_generate_messages_nodejs[0m
[3.786s] [  0%] Built target tf2_msgs_generate_messages_nodejs
[3.795s] [35m[1mScanning dependencies of target autoware_can_msgs_generate_messages_py[0m
[3.808s] [  0%] Built target autoware_can_msgs_generate_messages_py
[3.817s] [35m[1mScanning dependencies of target sensor_msgs_generate_messages_lisp[0m
[3.826s] [  0%] Built target sensor_msgs_generate_messages_lisp
[3.841s] [35m[1mScanning dependencies of target geometry_msgs_generate_messages_py[0m
[3.850s] [  0%] Built target geometry_msgs_generate_messages_py
[3.859s] [35m[1mScanning dependencies of target actionlib_msgs_generate_messages_py[0m
[3.868s] [  0%] Built target actionlib_msgs_generate_messages_py
[3.877s] [35m[1mScanning dependencies of target jsk_footstep_msgs_generate_messages_eus[0m
[3.887s] [  0%] Built target jsk_footstep_msgs_generate_messages_eus
[3.895s] [35m[1mScanning dependencies of target jsk_footstep_msgs_generate_messages_lisp[0m
[3.904s] [  0%] Built target jsk_footstep_msgs_generate_messages_lisp
[3.913s] [35m[1mScanning dependencies of target jsk_footstep_msgs_generate_messages_nodejs[0m
[3.922s] [  0%] Built target jsk_footstep_msgs_generate_messages_nodejs
[3.932s] [35m[1mScanning dependencies of target nav_msgs_generate_messages_nodejs[0m
[3.943s] [  0%] Built target nav_msgs_generate_messages_nodejs
[3.955s] [35m[1mScanning dependencies of target can_odometry[0m
[3.983s] [ 16%] [32mBuilding CXX object CMakeFiles/can_odometry.dir/nodes/can_odometry/can_odometry_node.cpp.o[0m
[5.803s] In file included from [01m[K/opt/ros/melodic/include/ros/ros.h:40:0[m[K,
[5.803s]                  from [01m[K/home/agilex/autoware.ai/src/autoware/core_perception/autoware_connector/nodes/can_odometry/can_odometry_node.cpp:18[m[K:
[5.803s] [01m[K/home/agilex/autoware.ai/src/autoware/core_perception/autoware_connector/nodes/can_odometry/can_odometry_core.h:[m[K In member function '[01m[Kvoid autoware_connector::Odometry::updateOdometry(double, double, const ros::Time&)[m[K':
[5.803s] [01m[K/opt/ros/melodic/include/ros/console.h:348:176:[m[K [01;35m[Kwarning: [m[Kformat '[01m[K%f[m[K' expects a matching '[01m[Kdouble[m[K' argument [[01;35m[K-Wformat=[m[K]
[5.803s]  r_, __rosconsole_define_location__loc.level_, __FILE__, __LINE__, __ROSCONSOLE_FUNCTION__, __VA_ARGS__[01;35m[K)[m[K
[5.803s]                                                                                                        [01;35m[K^[m[K
[5.803s] [01m[K/opt/ros/melodic/include/ros/console.h:351:5:[m[K [01;36m[Knote: [m[Kin expansion of macro '[01m[KROSCONSOLE_PRINT_AT_LOCATION_WITH_FILTER[m[K'
[5.803s]      [01;36m[KROSCONSOLE_PRINT_AT_LOCATION_WITH_FILTER[m[K(NULL, __VA_ARGS__)
[5.803s]      [01;36m[K^~~~~~~~~~~~~~~~~~~~~~~~~~~~~~~~~~~~~~~~[m[K
[5.803s] [01m[K/opt/ros/melodic/include/ros/console.h:387:7:[m[K [01;36m[Knote: [m[Kin expansion of macro '[01m[KROSCONSOLE_PRINT_AT_LOCATION[m[K'
[5.803s]        [01;36m[KROSCONSOLE_PRINT_AT_LOCATION[m[K(__VA_ARGS__); \
[5.803s]        [01;36m[K^~~~~~~~~~~~~~~~~~~~~~~~~~~~[m[K
[5.804s] [01m[K/opt/ros/melodic/include/ros/console.h:572:35:[m[K [01;36m[Knote: [m[Kin expansion of macro '[01m[KROS_LOG_COND[m[K'
[5.804s]  #define ROS_LOG(level, name, ...) [01;36m[KROS_LOG_COND[m[K(true, level, name, __VA_ARGS__)
[5.804s]                                    [01;36m[K^~~~~~~~~~~~[m[K
[5.804s] [01m[K/opt/ros/melodic/include/rosconsole/macros_generated.h:110:23:[m[K [01;36m[Knote: [m[Kin expansion of macro '[01m[KROS_LOG[m[K'
[5.804s]  #define ROS_INFO(...) [01;36m[KROS_LOG[m[K(::ros::console::levels::Info, ROSCONSOLE_DEFAULT_NAME, __VA_ARGS__)
[5.804s]                        [01;36m[K^~~~~~~[m[K
[5.804s] [01m[K/home/agilex/autoware.ai/src/autoware/core_perception/autoware_connector/nodes/can_odometry/can_odometry_core.h:60:5:[m[K [01;36m[Knote: [m[Kin expansion of macro '[01m[KROS_INFO[m[K'
[5.804s]      [01;36m[KR[m[KOS_INFO("dt : %f delta (x y th) : (%f %f %f %f)", dt, delta_x, delta_y, delta_th);
[5.805s]      [01;36m[K^[m[K
[6.134s] [ 33%] [32mBuilding CXX object CMakeFiles/can_odometry.dir/nodes/can_odometry/can_odometry_core.cpp.o[0m
[7.961s] In file included from [01m[K/opt/ros/melodic/include/ros/ros.h:40:0[m[K,
[7.961s]                  from [01m[K/home/agilex/autoware.ai/src/autoware/core_perception/autoware_connector/nodes/can_odometry/can_odometry_core.h:23[m[K,
[7.961s]                  from [01m[K/home/agilex/autoware.ai/src/autoware/core_perception/autoware_connector/nodes/can_odometry/can_odometry_core.cpp:17[m[K:
[7.961s] [01m[K/home/agilex/autoware.ai/src/autoware/core_perception/autoware_connector/nodes/can_odometry/can_odometry_core.h:[m[K In member function '[01m[Kvoid autoware_connector::Odometry::updateOdometry(double, double, const ros::Time&)[m[K':
[7.961s] [01m[K/opt/ros/melodic/include/ros/console.h:348:176:[m[K [01;35m[Kwarning: [m[Kformat '[01m[K%f[m[K' expects a matching '[01m[Kdouble[m[K' argument [[01;35m[K-Wformat=[m[K]
[7.961s]  r_, __rosconsole_define_location__loc.level_, __FILE__, __LINE__, __ROSCONSOLE_FUNCTION__, __VA_ARGS__[01;35m[K)[m[K
[7.962s]                                                                                                        [01;35m[K^[m[K
[7.962s] [01m[K/opt/ros/melodic/include/ros/console.h:351:5:[m[K [01;36m[Knote: [m[Kin expansion of macro '[01m[KROSCONSOLE_PRINT_AT_LOCATION_WITH_FILTER[m[K'
[7.962s]      [01;36m[KROSCONSOLE_PRINT_AT_LOCATION_WITH_FILTER[m[K(NULL, __VA_ARGS__)
[7.962s]      [01;36m[K^~~~~~~~~~~~~~~~~~~~~~~~~~~~~~~~~~~~~~~~[m[K
[7.962s] [01m[K/opt/ros/melodic/include/ros/console.h:387:7:[m[K [01;36m[Knote: [m[Kin expansion of macro '[01m[KROSCONSOLE_PRINT_AT_LOCATION[m[K'
[7.962s]        [01;36m[KROSCONSOLE_PRINT_AT_LOCATION[m[K(__VA_ARGS__); \
[7.962s]        [01;36m[K^~~~~~~~~~~~~~~~~~~~~~~~~~~~[m[K
[7.963s] [01m[K/opt/ros/melodic/include/ros/console.h:572:35:[m[K [01;36m[Knote: [m[Kin expansion of macro '[01m[KROS_LOG_COND[m[K'
[7.963s]  #define ROS_LOG(level, name, ...) [01;36m[KROS_LOG_COND[m[K(true, level, name, __VA_ARGS__)
[7.963s]                                    [01;36m[K^~~~~~~~~~~~[m[K
[7.963s] [01m[K/opt/ros/melodic/include/rosconsole/macros_generated.h:110:23:[m[K [01;36m[Knote: [m[Kin expansion of macro '[01m[KROS_LOG[m[K'
[7.963s]  #define ROS_INFO(...) [01;36m[KROS_LOG[m[K(::ros::console::levels::Info, ROSCONSOLE_DEFAULT_NAME, __VA_ARGS__)
[7.963s]                        [01;36m[K^~~~~~~[m[K
[7.963s] [01m[K/home/agilex/autoware.ai/src/autoware/core_perception/autoware_connector/nodes/can_odometry/can_odometry_core.h:60:5:[m[K [01;36m[Knote: [m[Kin expansion of macro '[01m[KROS_INFO[m[K'
[7.964s]      [01;36m[KR[m[KOS_INFO("dt : %f delta (x y th) : (%f %f %f %f)", dt, delta_x, delta_y, delta_th);
[7.964s]      [01;36m[K^[m[K
[9.153s] [ 50%] [32m[1mLinking CXX executable devel/lib/autoware_connector/can_odometry[0m
[9.300s] [ 50%] Built target can_odometry
[9.309s] [35m[1mScanning dependencies of target can_status_translator[0m
[9.339s] [ 66%] [32mBuilding CXX object CMakeFiles/can_status_translator.dir/nodes/can_status_translator/can_status_translator_node.cpp.o[0m
[11.405s] [ 83%] [32mBuilding CXX object CMakeFiles/can_status_translator.dir/nodes/can_status_translator/can_status_translator_core.cpp.o[0m
[14.678s] [100%] [32m[1mLinking CXX executable devel/lib/autoware_connector/can_status_translator[0m
[14.812s] [100%] Built target can_status_translator
[14.823s] Invoked command in '/home/agilex/autoware.ai/build/autoware_connector' returned '0': CMAKE_PREFIX_PATH=/home/agilex/autoware.ai/install/autoware_msgs:/home/agilex/autoware.ai/install/autoware_can_msgs:/home/agilex/autoware.ai/install/autoware_build_flags:${CMAKE_PREFIX_PATH} PKG_CONFIG_PATH=/home/agilex/autoware.ai/install/autoware_msgs/lib/x86_64-linux-gnu/pkgconfig:/home/agilex/autoware.ai/install/autoware_msgs/lib/pkgconfig:/home/agilex/autoware.ai/install/autoware_can_msgs/lib/x86_64-linux-gnu/pkgconfig:/home/agilex/autoware.ai/install/autoware_can_msgs/lib/pkgconfig:/home/agilex/autoware.ai/install/autoware_build_flags/lib/x86_64-linux-gnu/pkgconfig:/home/agilex/autoware.ai/install/autoware_build_flags/lib/pkgconfig:${PKG_CONFIG_PATH} PYTHONPATH=/home/agilex/autoware.ai/install/autoware_msgs/lib/python2.7/dist-packages:/home/agilex/autoware.ai/install/autoware_can_msgs/lib/python2.7/dist-packages:${PYTHONPATH} ROS_PACKAGE_PATH=/home/agilex/autoware.ai/install/autoware_msgs/share:/home/agilex/autoware.ai/install/autoware_can_msgs/share:/home/agilex/autoware.ai/install/autoware_build_flags/share:${ROS_PACKAGE_PATH} /usr/bin/cmake --build /home/agilex/autoware.ai/build/autoware_connector -- -j8 -l8
[14.952s] Invoking command in '/home/agilex/autoware.ai/build/autoware_connector': CMAKE_PREFIX_PATH=/home/agilex/autoware.ai/install/autoware_msgs:/home/agilex/autoware.ai/install/autoware_can_msgs:/home/agilex/autoware.ai/install/autoware_build_flags:${CMAKE_PREFIX_PATH} PKG_CONFIG_PATH=/home/agilex/autoware.ai/install/autoware_msgs/lib/x86_64-linux-gnu/pkgconfig:/home/agilex/autoware.ai/install/autoware_msgs/lib/pkgconfig:/home/agilex/autoware.ai/install/autoware_can_msgs/lib/x86_64-linux-gnu/pkgconfig:/home/agilex/autoware.ai/install/autoware_can_msgs/lib/pkgconfig:/home/agilex/autoware.ai/install/autoware_build_flags/lib/x86_64-linux-gnu/pkgconfig:/home/agilex/autoware.ai/install/autoware_build_flags/lib/pkgconfig:${PKG_CONFIG_PATH} PYTHONPATH=/home/agilex/autoware.ai/install/autoware_msgs/lib/python2.7/dist-packages:/home/agilex/autoware.ai/install/autoware_can_msgs/lib/python2.7/dist-packages:${PYTHONPATH} ROS_PACKAGE_PATH=/home/agilex/autoware.ai/install/autoware_msgs/share:/home/agilex/autoware.ai/install/autoware_can_msgs/share:/home/agilex/autoware.ai/install/autoware_build_flags/share:${ROS_PACKAGE_PATH} /usr/bin/cmake --build /home/agilex/autoware.ai/build/autoware_connector --target tests -- -j8 -l8
[15.002s] [35m[1mScanning dependencies of target tests[0m
[15.012s] Built target tests
[15.026s] Invoked command in '/home/agilex/autoware.ai/build/autoware_connector' returned '0': CMAKE_PREFIX_PATH=/home/agilex/autoware.ai/install/autoware_msgs:/home/agilex/autoware.ai/install/autoware_can_msgs:/home/agilex/autoware.ai/install/autoware_build_flags:${CMAKE_PREFIX_PATH} PKG_CONFIG_PATH=/home/agilex/autoware.ai/install/autoware_msgs/lib/x86_64-linux-gnu/pkgconfig:/home/agilex/autoware.ai/install/autoware_msgs/lib/pkgconfig:/home/agilex/autoware.ai/install/autoware_can_msgs/lib/x86_64-linux-gnu/pkgconfig:/home/agilex/autoware.ai/install/autoware_can_msgs/lib/pkgconfig:/home/agilex/autoware.ai/install/autoware_build_flags/lib/x86_64-linux-gnu/pkgconfig:/home/agilex/autoware.ai/install/autoware_build_flags/lib/pkgconfig:${PKG_CONFIG_PATH} PYTHONPATH=/home/agilex/autoware.ai/install/autoware_msgs/lib/python2.7/dist-packages:/home/agilex/autoware.ai/install/autoware_can_msgs/lib/python2.7/dist-packages:${PYTHONPATH} ROS_PACKAGE_PATH=/home/agilex/autoware.ai/install/autoware_msgs/share:/home/agilex/autoware.ai/install/autoware_can_msgs/share:/home/agilex/autoware.ai/install/autoware_build_flags/share:${ROS_PACKAGE_PATH} /usr/bin/cmake --build /home/agilex/autoware.ai/build/autoware_connector --target tests -- -j8 -l8
[15.125s] Invoking command in '/home/agilex/autoware.ai/build/autoware_connector': CMAKE_PREFIX_PATH=/home/agilex/autoware.ai/install/autoware_msgs:/home/agilex/autoware.ai/install/autoware_can_msgs:/home/agilex/autoware.ai/install/autoware_build_flags:${CMAKE_PREFIX_PATH} PKG_CONFIG_PATH=/home/agilex/autoware.ai/install/autoware_msgs/lib/x86_64-linux-gnu/pkgconfig:/home/agilex/autoware.ai/install/autoware_msgs/lib/pkgconfig:/home/agilex/autoware.ai/install/autoware_can_msgs/lib/x86_64-linux-gnu/pkgconfig:/home/agilex/autoware.ai/install/autoware_can_msgs/lib/pkgconfig:/home/agilex/autoware.ai/install/autoware_build_flags/lib/x86_64-linux-gnu/pkgconfig:/home/agilex/autoware.ai/install/autoware_build_flags/lib/pkgconfig:${PKG_CONFIG_PATH} PYTHONPATH=/home/agilex/autoware.ai/install/autoware_msgs/lib/python2.7/dist-packages:/home/agilex/autoware.ai/install/autoware_can_msgs/lib/python2.7/dist-packages:${PYTHONPATH} ROS_PACKAGE_PATH=/home/agilex/autoware.ai/install/autoware_msgs/share:/home/agilex/autoware.ai/install/autoware_can_msgs/share:/home/agilex/autoware.ai/install/autoware_build_flags/share:${ROS_PACKAGE_PATH} /usr/bin/cmake --build /home/agilex/autoware.ai/build/autoware_connector --target install -- -j8 -l8
[15.178s] [  0%] Built target nav_msgs_generate_messages_cpp
[15.203s] [  0%] Built target nav_msgs_generate_messages_lisp
[15.226s] [  0%] Built target pcl_msgs_generate_messages_nodejs
[15.243s] [  0%] Built target jsk_recognition_msgs_generate_messages_py
[15.262s] [  0%] Built target pcl_msgs_generate_messages_eus
[15.281s] [  0%] Built target rosgraph_msgs_generate_messages_eus
[15.298s] [  0%] Built target jsk_recognition_msgs_generate_messages_lisp
[15.321s] [  0%] Built target jsk_recognition_msgs_generate_messages_eus
[15.339s] [  0%] Built target tf2_msgs_generate_messages_cpp
[15.359s] [  0%] Built target sensor_msgs_generate_messages_py
[15.378s] [  0%] Built target tf_generate_messages_py
[15.394s] [  0%] Built target sensor_msgs_generate_messages_nodejs
[15.414s] [  0%] Built target roscpp_generate_messages_cpp
[15.428s] [  0%] Built target actionlib_generate_messages_cpp
[15.445s] [  0%] Built target autoware_msgs_generate_messages_lisp
[15.465s] [  0%] Built target jsk_footstep_msgs_generate_messages_py
[15.486s] [  0%] Built target std_msgs_generate_messages_cpp
[15.505s] [  0%] Built target geometry_msgs_generate_messages_lisp
[15.524s] [  0%] Built target autoware_msgs_generate_messages_py
[15.542s] [  0%] Built target std_msgs_generate_messages_py
[15.561s] [  0%] Built target autoware_msgs_generate_messages_cpp
[15.580s] [  0%] Built target rosgraph_msgs_generate_messages_cpp
[15.598s] [  0%] Built target pcl_msgs_generate_messages_cpp
[15.618s] [  0%] Built target jsk_recognition_msgs_generate_messages_cpp
[15.634s] [  0%] Built target autoware_msgs_generate_messages_eus
[15.653s] [  0%] Built target autoware_msgs_generate_messages_nodejs
[15.674s] [  0%] Built target std_msgs_generate_messages_eus
[15.692s] [  0%] Built target geometry_msgs_generate_messages_eus
[15.710s] [  0%] Built target std_msgs_generate_messages_nodejs
[15.728s] [  0%] Built target sensor_msgs_generate_messages_eus
[15.745s] [  0%] Built target roscpp_generate_messages_nodejs
[15.763s] [  0%] Built target std_msgs_generate_messages_lisp
[15.782s] [  0%] Built target sensor_msgs_generate_messages_cpp
[15.804s] [  0%] Built target actionlib_msgs_generate_messages_lisp
[15.825s] [  0%] Built target actionlib_msgs_generate_messages_nodejs
[15.842s] [  0%] Built target autoware_can_msgs_generate_messages_cpp
[15.859s] [  0%] Built target autoware_can_msgs_generate_messages_lisp
[15.877s] [  0%] Built target autoware_can_msgs_generate_messages_nodejs
[15.893s] [  0%] Built target geometry_msgs_generate_messages_nodejs
[15.914s] [  0%] Built target jsk_recognition_msgs_generate_messages_nodejs
[15.936s] [  0%] Built target roscpp_generate_messages_lisp
[15.952s] [  0%] Built target roscpp_generate_messages_py
[15.971s] [  0%] Built target rosgraph_msgs_generate_messages_lisp
[15.989s] [  0%] Built target rosgraph_msgs_generate_messages_nodejs
[16.006s] [  0%] Built target jsk_footstep_msgs_generate_messages_cpp
[16.027s] [  0%] Built target actionlib_msgs_generate_messages_cpp
[16.048s] [  0%] Built target tf_generate_messages_eus
[16.066s] [  0%] Built target tf_generate_messages_lisp
[16.083s] [  0%] Built target tf_generate_messages_nodejs
[16.104s] [  0%] Built target pcl_msgs_generate_messages_py
[16.125s] [  0%] Built target actionlib_generate_messages_eus
[16.143s] [  0%] Built target geometry_msgs_generate_messages_cpp
[16.169s] [  0%] Built target actionlib_generate_messages_lisp
[16.186s] [  0%] Built target pcl_msgs_generate_messages_lisp
[16.213s] [  0%] Built target tf_generate_messages_cpp
[16.230s] [  0%] Built target actionlib_generate_messages_nodejs
[16.249s] [  0%] Built target actionlib_msgs_generate_messages_eus
[16.267s] [  0%] Built target roscpp_generate_messages_eus
[16.295s] [  0%] Built target rosgraph_msgs_generate_messages_py
[16.321s] [  0%] Built target autoware_can_msgs_generate_messages_eus
[16.361s] [  0%] Built target nav_msgs_generate_messages_eus
[16.396s] [  0%] Built target tf2_msgs_generate_messages_eus
[16.420s] [  0%] Built target nav_msgs_generate_messages_py
[16.461s] [  0%] Built target tf2_msgs_generate_messages_lisp
[16.487s] [  0%] Built target actionlib_generate_messages_py
[16.510s] [  0%] Built target tf2_msgs_generate_messages_py
[16.546s] [  0%] Built target tf2_msgs_generate_messages_nodejs
[16.576s] [  0%] Built target autoware_can_msgs_generate_messages_py
[16.614s] [  0%] Built target sensor_msgs_generate_messages_lisp
[16.645s] [  0%] Built target geometry_msgs_generate_messages_py
[16.677s] [  0%] Built target actionlib_msgs_generate_messages_py
[16.704s] [  0%] Built target jsk_footstep_msgs_generate_messages_eus
[16.728s] [  0%] Built target jsk_footstep_msgs_generate_messages_lisp
[16.764s] [  0%] Built target jsk_footstep_msgs_generate_messages_nodejs
[16.784s] [  0%] Built target nav_msgs_generate_messages_nodejs
[16.829s] [ 50%] Built target can_odometry
[16.871s] [100%] Built target can_status_translator
[16.889s] [36mInstall the project...[0m
[16.898s] -- Install configuration: "Release"
[16.898s] -- Installing: /home/agilex/autoware.ai/install/autoware_connector/lib/pkgconfig/autoware_connector.pc
[16.898s] -- Installing: /home/agilex/autoware.ai/install/autoware_connector/share/autoware_connector/cmake/autoware_connectorConfig.cmake
[16.899s] -- Installing: /home/agilex/autoware.ai/install/autoware_connector/share/autoware_connector/cmake/autoware_connectorConfig-version.cmake
[16.899s] -- Installing: /home/agilex/autoware.ai/install/autoware_connector/share/autoware_connector/package.xml
[16.899s] -- Installing: /home/agilex/autoware.ai/install/autoware_connector/lib/autoware_connector/can_status_translator
[16.900s] -- Set runtime path of "/home/agilex/autoware.ai/install/autoware_connector/lib/autoware_connector/can_status_translator" to ""
[16.900s] -- Installing: /home/agilex/autoware.ai/install/autoware_connector/lib/autoware_connector/can_odometry
[16.900s] -- Set runtime path of "/home/agilex/autoware.ai/install/autoware_connector/lib/autoware_connector/can_odometry" to ""
[16.900s] -- Installing: /home/agilex/autoware.ai/install/autoware_connector/share/autoware_connector/launch
[16.901s] -- Installing: /home/agilex/autoware.ai/install/autoware_connector/share/autoware_connector/launch/vel_pose_connect.launch
[16.901s] -- Installing: /home/agilex/autoware.ai/install/autoware_connector/share/autoware_connector/launch/can2odom.launch
[16.904s] Invoked command in '/home/agilex/autoware.ai/build/autoware_connector' returned '0': CMAKE_PREFIX_PATH=/home/agilex/autoware.ai/install/autoware_msgs:/home/agilex/autoware.ai/install/autoware_can_msgs:/home/agilex/autoware.ai/install/autoware_build_flags:${CMAKE_PREFIX_PATH} PKG_CONFIG_PATH=/home/agilex/autoware.ai/install/autoware_msgs/lib/x86_64-linux-gnu/pkgconfig:/home/agilex/autoware.ai/install/autoware_msgs/lib/pkgconfig:/home/agilex/autoware.ai/install/autoware_can_msgs/lib/x86_64-linux-gnu/pkgconfig:/home/agilex/autoware.ai/install/autoware_can_msgs/lib/pkgconfig:/home/agilex/autoware.ai/install/autoware_build_flags/lib/x86_64-linux-gnu/pkgconfig:/home/agilex/autoware.ai/install/autoware_build_flags/lib/pkgconfig:${PKG_CONFIG_PATH} PYTHONPATH=/home/agilex/autoware.ai/install/autoware_msgs/lib/python2.7/dist-packages:/home/agilex/autoware.ai/install/autoware_can_msgs/lib/python2.7/dist-packages:${PYTHONPATH} ROS_PACKAGE_PATH=/home/agilex/autoware.ai/install/autoware_msgs/share:/home/agilex/autoware.ai/install/autoware_can_msgs/share:/home/agilex/autoware.ai/install/autoware_build_flags/share:${ROS_PACKAGE_PATH} /usr/bin/cmake --build /home/agilex/autoware.ai/build/autoware_connector --target install -- -j8 -l8
