[0.062s] Invoking command in '/home/agilex/autoware.ai/build/op_utilities': CMAKE_PREFIX_PATH=/home/agilex/autoware.ai/install/op_ros_helpers:/home/agilex/autoware.ai/install/op_simu:/home/agilex/autoware.ai/install/op_planner:/home/agilex/autoware.ai/install/op_utility:/home/agilex/autoware.ai/install/waypoint_follower:/home/agilex/autoware.ai/install/vector_map_server:/home/agilex/autoware.ai/install/map_file:/home/agilex/autoware.ai/install/vector_map:/home/agilex/autoware.ai/install/autoware_health_checker:/home/agilex/autoware.ai/install/amathutils_lib:/home/agilex/autoware.ai/install/vector_map_msgs:/home/agilex/autoware.ai/install/tablet_socket_msgs:/home/agilex/autoware.ai/install/autoware_system_msgs:/home/agilex/autoware.ai/install/autoware_msgs:/home/agilex/autoware.ai/install/autoware_config_msgs:/home/agilex/autoware.ai/install/autoware_build_flags:${CMAKE_PREFIX_PATH} LD_LIBRARY_PATH=/home/agilex/autoware.ai/install/op_ros_helpers/lib:/home/agilex/autoware.ai/install/op_simu/lib:/home/agilex/autoware.ai/install/op_planner/lib:/home/agilex/autoware.ai/install/op_utility/lib:/home/agilex/autoware.ai/install/waypoint_follower/lib:/home/agilex/autoware.ai/install/map_file/lib:/home/agilex/autoware.ai/install/vector_map/lib:/home/agilex/autoware.ai/install/autoware_health_checker/lib:/home/agilex/autoware.ai/install/amathutils_lib/lib:${LD_LIBRARY_PATH} PKG_CONFIG_PATH=/home/agilex/autoware.ai/install/op_ros_helpers/lib/x86_64-linux-gnu/pkgconfig:/home/agilex/autoware.ai/install/op_ros_helpers/lib/pkgconfig:/home/agilex/autoware.ai/install/op_simu/lib/x86_64-linux-gnu/pkgconfig:/home/agilex/autoware.ai/install/op_simu/lib/pkgconfig:/home/agilex/autoware.ai/install/op_planner/lib/x86_64-linux-gnu/pkgconfig:/home/agilex/autoware.ai/install/op_planner/lib/pkgconfig:/home/agilex/autoware.ai/install/op_utility/lib/x86_64-linux-gnu/pkgconfig:/home/agilex/autoware.ai/install/op_utility/lib/pkgconfig:/home/agilex/autoware.ai/install/waypoint_follower/lib/x86_64-linux-gnu/pkgconfig:/home/agilex/autoware.ai/install/waypoint_follower/lib/pkgconfig:/home/agilex/autoware.ai/install/vector_map_server/lib/x86_64-linux-gnu/pkgconfig:/home/agilex/autoware.ai/install/vector_map_server/lib/pkgconfig:/home/agilex/autoware.ai/install/map_file/lib/x86_64-linux-gnu/pkgconfig:/home/agilex/autoware.ai/install/map_file/lib/pkgconfig:/home/agilex/autoware.ai/install/vector_map/lib/x86_64-linux-gnu/pkgconfig:/home/agilex/autoware.ai/install/vector_map/lib/pkgconfig:/home/agilex/autoware.ai/install/autoware_health_checker/lib/x86_64-linux-gnu/pkgconfig:/home/agilex/autoware.ai/install/autoware_health_checker/lib/pkgconfig:/home/agilex/autoware.ai/install/amathutils_lib/lib/x86_64-linux-gnu/pkgconfig:/home/agilex/autoware.ai/install/amathutils_lib/lib/pkgconfig:/home/agilex/autoware.ai/install/vector_map_msgs/lib/x86_64-linux-gnu/pkgconfig:/home/agilex/autoware.ai/install/vector_map_msgs/lib/pkgconfig:/home/agilex/autoware.ai/install/tablet_socket_msgs/lib/x86_64-linux-gnu/pkgconfig:/home/agilex/autoware.ai/install/tablet_socket_msgs/lib/pkgconfig:/home/agilex/autoware.ai/install/autoware_system_msgs/lib/x86_64-linux-gnu/pkgconfig:/home/agilex/autoware.ai/install/autoware_system_msgs/lib/pkgconfig:/home/agilex/autoware.ai/install/autoware_msgs/lib/x86_64-linux-gnu/pkgconfig:/home/agilex/autoware.ai/install/autoware_msgs/lib/pkgconfig:/home/agilex/autoware.ai/install/autoware_config_msgs/lib/x86_64-linux-gnu/pkgconfig:/home/agilex/autoware.ai/install/autoware_config_msgs/lib/pkgconfig:/home/agilex/autoware.ai/install/autoware_build_flags/lib/x86_64-linux-gnu/pkgconfig:/home/agilex/autoware.ai/install/autoware_build_flags/lib/pkgconfig:${PKG_CONFIG_PATH} PYTHONPATH=/home/agilex/autoware.ai/install/vector_map_server/lib/python2.7/dist-packages:/home/agilex/autoware.ai/install/vector_map_msgs/lib/python2.7/dist-packages:/home/agilex/autoware.ai/install/tablet_socket_msgs/lib/python2.7/dist-packages:/home/agilex/autoware.ai/install/autoware_system_msgs/lib/python2.7/dist-packages:/home/agilex/autoware.ai/install/autoware_msgs/lib/python2.7/dist-packages:/home/agilex/autoware.ai/install/autoware_config_msgs/lib/python2.7/dist-packages:${PYTHONPATH} ROS_PACKAGE_PATH=/home/agilex/autoware.ai/install/op_ros_helpers/share:/home/agilex/autoware.ai/install/op_simu/share:/home/agilex/autoware.ai/install/op_planner/share:/home/agilex/autoware.ai/install/op_utility/share:/home/agilex/autoware.ai/install/waypoint_follower/share:/home/agilex/autoware.ai/install/vector_map_server/share:/home/agilex/autoware.ai/install/map_file/share:/home/agilex/autoware.ai/install/vector_map/share:/home/agilex/autoware.ai/install/autoware_health_checker/share:/home/agilex/autoware.ai/install/amathutils_lib/share:/home/agilex/autoware.ai/install/vector_map_msgs/share:/home/agilex/autoware.ai/install/tablet_socket_msgs/share:/home/agilex/autoware.ai/install/autoware_system_msgs/share:/home/agilex/autoware.ai/install/autoware_msgs/share:/home/agilex/autoware.ai/install/autoware_config_msgs/share:/home/agilex/autoware.ai/install/autoware_build_flags/share:${ROS_PACKAGE_PATH} /usr/bin/cmake --build /home/agilex/autoware.ai/build/op_utilities -- -j8 -l8
[0.135s] [ 53%] Built target op_bag_player
[0.157s] [ 53%] Built target gazebo_msgs_generate_messages_lisp
[0.175s] [ 53%] Built target autoware_system_msgs_generate_messages_eus
[0.204s] [ 53%] Built target autoware_system_msgs_generate_messages_cpp
[0.236s] [ 53%] Built target tablet_socket_msgs_generate_messages_cpp
[0.254s] [ 53%] Built target autoware_config_msgs_generate_messages_lisp
[0.274s] [ 53%] Built target autoware_config_msgs_generate_messages_eus
[0.298s] [ 53%] Built target topic_tools_generate_messages_nodejs
[0.321s] [ 53%] Built target topic_tools_generate_messages_eus
[0.344s] [ 53%] Built target topic_tools_generate_messages_cpp
[0.366s] [ 53%] Built target std_srvs_generate_messages_py
[0.387s] [ 53%] Built target std_srvs_generate_messages_nodejs
[0.410s] [ 53%] Built target std_srvs_generate_messages_lisp
[0.438s] [ 53%] Built target trajectory_msgs_generate_messages_nodejs
[0.457s] [ 53%] Built target autoware_config_msgs_generate_messages_py
[0.480s] [ 53%] Built target bond_generate_messages_nodejs
[0.499s] [ 53%] Built target bond_generate_messages_lisp
[0.517s] [ 53%] Built target bond_generate_messages_eus
[0.537s] [ 53%] Built target trajectory_msgs_generate_messages_lisp
[0.557s] [ 53%] Built target bond_generate_messages_cpp
[0.581s] [ 53%] Built target nodelet_generate_messages_nodejs
[0.609s] [ 53%] Built target nodelet_generate_messages_eus
[0.627s] [ 53%] Built target nodelet_generate_messages_cpp
[0.645s] [ 53%] Built target dynamic_reconfigure_generate_messages_py
[0.665s] [ 53%] Built target dynamic_reconfigure_generate_messages_nodejs
[0.682s] [ 53%] Built target gazebo_msgs_generate_messages_cpp
[0.708s] [ 53%] Built target dynamic_reconfigure_generate_messages_lisp
[0.728s] [ 53%] Built target dynamic_reconfigure_generate_messages_eus
[0.748s] [ 53%] Built target pcl_ros_gencfg
[0.765s] [ 53%] Built target visualization_msgs_generate_messages_py
[0.786s] [ 53%] Built target tablet_socket_msgs_generate_messages_lisp
[0.807s] [ 53%] Built target visualization_msgs_generate_messages_nodejs
[0.832s] [ 53%] Built target tf2_msgs_generate_messages_nodejs
[0.850s] [ 53%] Built target autoware_msgs_generate_messages_lisp
[0.878s] [ 53%] Built target autoware_msgs_generate_messages_eus
[0.904s] [ 53%] Built target autoware_msgs_generate_messages_cpp
[0.922s] [ 53%] Built target rosgraph_msgs_generate_messages_cpp
[0.941s] [ 53%] Built target geometry_msgs_generate_messages_py
[0.960s] [ 53%] Built target geometry_msgs_generate_messages_lisp
[0.981s] [ 53%] Built target rosgraph_msgs_generate_messages_lisp
[1.009s] [ 53%] Built target gazebo_msgs_generate_messages_nodejs
[1.028s] [ 53%] Built target rosgraph_msgs_generate_messages_eus
[1.047s] [ 53%] Built target geometry_msgs_generate_messages_eus
[1.064s] [ 53%] Built target roscpp_generate_messages_py
[1.083s] [ 53%] Built target std_srvs_generate_messages_eus
[1.105s] [ 53%] Built target jsk_recognition_msgs_generate_messages_nodejs
[1.123s] [ 53%] Built target roscpp_generate_messages_lisp
[1.141s] [ 53%] Built target std_srvs_generate_messages_cpp
[1.160s] [ 53%] Built target sensor_msgs_generate_messages_lisp
[1.180s] [ 53%] Built target autoware_system_msgs_generate_messages_lisp
[1.201s] [ 53%] Built target vector_map_msgs_generate_messages_lisp
[1.220s] [ 53%] Built target vector_map_msgs_generate_messages_cpp
[1.238s] [ 53%] Built target vector_map_msgs_generate_messages_eus
[1.257s] [ 53%] Built target autoware_msgs_generate_messages_nodejs
[1.274s] [ 53%] Built target actionlib_msgs_generate_messages_eus
[1.292s] [ 53%] Built target vector_map_server_generate_messages_py
[1.313s] [ 53%] Built target roscpp_generate_messages_eus
[1.332s] [ 53%] Built target rosgraph_msgs_generate_messages_py
[1.355s] [ 53%] Built target autoware_config_msgs_generate_messages_cpp
[1.377s] [ 53%] Built target rosgraph_msgs_generate_messages_nodejs
[1.396s] [ 53%] Built target visualization_msgs_generate_messages_lisp
[1.416s] [ 53%] Built target std_msgs_generate_messages_eus
[1.436s] [ 53%] Built target vector_map_msgs_generate_messages_py
[1.455s] [ 53%] Built target sensor_msgs_generate_messages_cpp
[1.474s] [ 53%] Built target roscpp_generate_messages_nodejs
[1.497s] [ 53%] Built target std_msgs_generate_messages_lisp
[1.518s] [ 53%] Built target std_msgs_generate_messages_nodejs
[1.538s] [ 53%] Built target bond_generate_messages_py
[1.561s] [ 53%] Built target vector_map_msgs_generate_messages_nodejs
[1.579s] [ 53%] Built target std_msgs_generate_messages_cpp
[1.598s] [ 53%] Built target tablet_socket_msgs_generate_messages_py
[1.618s] [ 53%] Built target jsk_footstep_msgs_generate_messages_py
[1.641s] [ 53%] Built target std_msgs_generate_messages_py
[1.659s] [ 53%] Built target nodelet_generate_messages_lisp
[1.680s] [ 53%] Built target autoware_msgs_generate_messages_py
[1.697s] [ 53%] Built target gazebo_msgs_generate_messages_py
[1.717s] [ 53%] Built target topic_tools_generate_messages_py
[1.735s] [ 53%] Built target nodelet_topic_tools_gencfg
[1.752s] [ 53%] Built target actionlib_msgs_generate_messages_nodejs
[1.770s] [ 53%] Built target geometry_msgs_generate_messages_nodejs
[1.788s] [ 53%] Built target autoware_system_msgs_generate_messages_py
[1.806s] [ 53%] Built target sensor_msgs_generate_messages_nodejs
[1.825s] [ 53%] Built target actionlib_generate_messages_cpp
[1.842s] [ 53%] Built target sensor_msgs_generate_messages_eus
[1.858s] [ 53%] Built target nodelet_generate_messages_py
[1.878s] [ 53%] Built target sensor_msgs_generate_messages_py
[1.896s] [ 53%] Built target tablet_socket_msgs_generate_messages_nodejs
[1.913s] [ 53%] Built target dynamic_reconfigure_generate_messages_cpp
[1.929s] [ 53%] Built target tf_generate_messages_py
[1.946s] [ 53%] Built target topic_tools_generate_messages_lisp
[1.962s] [ 53%] Built target jsk_recognition_msgs_generate_messages_cpp
[1.981s] [ 53%] Built target jsk_recognition_msgs_generate_messages_eus
[1.997s] [ 53%] Built target tf2_msgs_generate_messages_cpp
[2.013s] [ 53%] Built target jsk_recognition_msgs_generate_messages_lisp
[2.029s] [ 53%] Built target jsk_recognition_msgs_generate_messages_py
[2.049s] [ 53%] Built target pcl_msgs_generate_messages_cpp
[2.065s] [ 53%] Built target pcl_msgs_generate_messages_eus
[2.082s] [ 53%] Built target pcl_msgs_generate_messages_nodejs
[2.099s] [ 53%] Built target jsk_footstep_msgs_generate_messages_eus
[2.116s] [ 53%] Built target actionlib_msgs_generate_messages_py
[2.133s] [ 53%] Built target autoware_system_msgs_generate_messages_nodejs
[2.150s] [ 53%] Built target actionlib_msgs_generate_messages_lisp
[2.169s] [ 53%] Built target visualization_msgs_generate_messages_eus
[2.186s] [ 53%] Built target vector_map_server_generate_messages_cpp
[2.204s] [ 53%] Built target roscpp_generate_messages_cpp
[2.221s] [ 53%] Built target vector_map_server_generate_messages_eus
[2.237s] [ 53%] Built target jsk_footstep_msgs_generate_messages_lisp
[2.255s] [ 53%] Built target jsk_footstep_msgs_generate_messages_nodejs
[2.273s] [ 53%] Built target vector_map_server_generate_messages_lisp
[2.289s] [ 53%] Built target autoware_config_msgs_generate_messages_nodejs
[2.306s] [ 53%] Built target tf_generate_messages_nodejs
[2.322s] [ 53%] Built target vector_map_server_generate_messages_nodejs
[2.340s] [ 53%] Built target jsk_footstep_msgs_generate_messages_cpp
[2.357s] [ 53%] Built target actionlib_msgs_generate_messages_cpp
[2.375s] [ 53%] Built target tf_generate_messages_eus
[2.391s] [ 53%] Built target tf_generate_messages_lisp
[2.408s] [ 53%] Built target pcl_msgs_generate_messages_py
[2.425s] [ 53%] Built target actionlib_generate_messages_eus
[2.442s] [ 53%] Built target geometry_msgs_generate_messages_cpp
[2.463s] [ 53%] Built target actionlib_generate_messages_lisp
[2.480s] [ 53%] Built target pcl_msgs_generate_messages_lisp
[2.497s] [ 53%] Built target tf_generate_messages_cpp
[2.513s] [ 53%] Built target actionlib_generate_messages_nodejs
[2.529s] [ 53%] Built target tf2_msgs_generate_messages_py
[2.546s] [ 53%] Built target actionlib_generate_messages_py
[2.563s] [ 53%] Built target tablet_socket_msgs_generate_messages_eus
[2.580s] [ 53%] Built target visualization_msgs_generate_messages_cpp
[2.596s] [ 53%] Built target tf2_msgs_generate_messages_eus
[2.613s] [ 53%] Built target dynamic_reconfigure_gencfg
[2.630s] [ 53%] Built target gazebo_msgs_generate_messages_eus
[2.647s] [ 53%] Built target trajectory_msgs_generate_messages_cpp
[2.664s] [ 53%] Built target trajectory_msgs_generate_messages_eus
[2.680s] [ 53%] Built target trajectory_msgs_generate_messages_py
[2.697s] [ 53%] Built target tf2_msgs_generate_messages_lisp
[2.728s] [ 76%] Built target op_data_logger
[2.754s] [100%] Built target op_pose2tf
[2.764s] Invoked command in '/home/agilex/autoware.ai/build/op_utilities' returned '0': CMAKE_PREFIX_PATH=/home/agilex/autoware.ai/install/op_ros_helpers:/home/agilex/autoware.ai/install/op_simu:/home/agilex/autoware.ai/install/op_planner:/home/agilex/autoware.ai/install/op_utility:/home/agilex/autoware.ai/install/waypoint_follower:/home/agilex/autoware.ai/install/vector_map_server:/home/agilex/autoware.ai/install/map_file:/home/agilex/autoware.ai/install/vector_map:/home/agilex/autoware.ai/install/autoware_health_checker:/home/agilex/autoware.ai/install/amathutils_lib:/home/agilex/autoware.ai/install/vector_map_msgs:/home/agilex/autoware.ai/install/tablet_socket_msgs:/home/agilex/autoware.ai/install/autoware_system_msgs:/home/agilex/autoware.ai/install/autoware_msgs:/home/agilex/autoware.ai/install/autoware_config_msgs:/home/agilex/autoware.ai/install/autoware_build_flags:${CMAKE_PREFIX_PATH} LD_LIBRARY_PATH=/home/agilex/autoware.ai/install/op_ros_helpers/lib:/home/agilex/autoware.ai/install/op_simu/lib:/home/agilex/autoware.ai/install/op_planner/lib:/home/agilex/autoware.ai/install/op_utility/lib:/home/agilex/autoware.ai/install/waypoint_follower/lib:/home/agilex/autoware.ai/install/map_file/lib:/home/agilex/autoware.ai/install/vector_map/lib:/home/agilex/autoware.ai/install/autoware_health_checker/lib:/home/agilex/autoware.ai/install/amathutils_lib/lib:${LD_LIBRARY_PATH} PKG_CONFIG_PATH=/home/agilex/autoware.ai/install/op_ros_helpers/lib/x86_64-linux-gnu/pkgconfig:/home/agilex/autoware.ai/install/op_ros_helpers/lib/pkgconfig:/home/agilex/autoware.ai/install/op_simu/lib/x86_64-linux-gnu/pkgconfig:/home/agilex/autoware.ai/install/op_simu/lib/pkgconfig:/home/agilex/autoware.ai/install/op_planner/lib/x86_64-linux-gnu/pkgconfig:/home/agilex/autoware.ai/install/op_planner/lib/pkgconfig:/home/agilex/autoware.ai/install/op_utility/lib/x86_64-linux-gnu/pkgconfig:/home/agilex/autoware.ai/install/op_utility/lib/pkgconfig:/home/agilex/autoware.ai/install/waypoint_follower/lib/x86_64-linux-gnu/pkgconfig:/home/agilex/autoware.ai/install/waypoint_follower/lib/pkgconfig:/home/agilex/autoware.ai/install/vector_map_server/lib/x86_64-linux-gnu/pkgconfig:/home/agilex/autoware.ai/install/vector_map_server/lib/pkgconfig:/home/agilex/autoware.ai/install/map_file/lib/x86_64-linux-gnu/pkgconfig:/home/agilex/autoware.ai/install/map_file/lib/pkgconfig:/home/agilex/autoware.ai/install/vector_map/lib/x86_64-linux-gnu/pkgconfig:/home/agilex/autoware.ai/install/vector_map/lib/pkgconfig:/home/agilex/autoware.ai/install/autoware_health_checker/lib/x86_64-linux-gnu/pkgconfig:/home/agilex/autoware.ai/install/autoware_health_checker/lib/pkgconfig:/home/agilex/autoware.ai/install/amathutils_lib/lib/x86_64-linux-gnu/pkgconfig:/home/agilex/autoware.ai/install/amathutils_lib/lib/pkgconfig:/home/agilex/autoware.ai/install/vector_map_msgs/lib/x86_64-linux-gnu/pkgconfig:/home/agilex/autoware.ai/install/vector_map_msgs/lib/pkgconfig:/home/agilex/autoware.ai/install/tablet_socket_msgs/lib/x86_64-linux-gnu/pkgconfig:/home/agilex/autoware.ai/install/tablet_socket_msgs/lib/pkgconfig:/home/agilex/autoware.ai/install/autoware_system_msgs/lib/x86_64-linux-gnu/pkgconfig:/home/agilex/autoware.ai/install/autoware_system_msgs/lib/pkgconfig:/home/agilex/autoware.ai/install/autoware_msgs/lib/x86_64-linux-gnu/pkgconfig:/home/agilex/autoware.ai/install/autoware_msgs/lib/pkgconfig:/home/agilex/autoware.ai/install/autoware_config_msgs/lib/x86_64-linux-gnu/pkgconfig:/home/agilex/autoware.ai/install/autoware_config_msgs/lib/pkgconfig:/home/agilex/autoware.ai/install/autoware_build_flags/lib/x86_64-linux-gnu/pkgconfig:/home/agilex/autoware.ai/install/autoware_build_flags/lib/pkgconfig:${PKG_CONFIG_PATH} PYTHONPATH=/home/agilex/autoware.ai/install/vector_map_server/lib/python2.7/dist-packages:/home/agilex/autoware.ai/install/vector_map_msgs/lib/python2.7/dist-packages:/home/agilex/autoware.ai/install/tablet_socket_msgs/lib/python2.7/dist-packages:/home/agilex/autoware.ai/install/autoware_system_msgs/lib/python2.7/dist-packages:/home/agilex/autoware.ai/install/autoware_msgs/lib/python2.7/dist-packages:/home/agilex/autoware.ai/install/autoware_config_msgs/lib/python2.7/dist-packages:${PYTHONPATH} ROS_PACKAGE_PATH=/home/agilex/autoware.ai/install/op_ros_helpers/share:/home/agilex/autoware.ai/install/op_simu/share:/home/agilex/autoware.ai/install/op_planner/share:/home/agilex/autoware.ai/install/op_utility/share:/home/agilex/autoware.ai/install/waypoint_follower/share:/home/agilex/autoware.ai/install/vector_map_server/share:/home/agilex/autoware.ai/install/map_file/share:/home/agilex/autoware.ai/install/vector_map/share:/home/agilex/autoware.ai/install/autoware_health_checker/share:/home/agilex/autoware.ai/install/amathutils_lib/share:/home/agilex/autoware.ai/install/vector_map_msgs/share:/home/agilex/autoware.ai/install/tablet_socket_msgs/share:/home/agilex/autoware.ai/install/autoware_system_msgs/share:/home/agilex/autoware.ai/install/autoware_msgs/share:/home/agilex/autoware.ai/install/autoware_config_msgs/share:/home/agilex/autoware.ai/install/autoware_build_flags/share:${ROS_PACKAGE_PATH} /usr/bin/cmake --build /home/agilex/autoware.ai/build/op_utilities -- -j8 -l8
[2.911s] Invoking command in '/home/agilex/autoware.ai/build/op_utilities': CMAKE_PREFIX_PATH=/home/agilex/autoware.ai/install/op_ros_helpers:/home/agilex/autoware.ai/install/op_simu:/home/agilex/autoware.ai/install/op_planner:/home/agilex/autoware.ai/install/op_utility:/home/agilex/autoware.ai/install/waypoint_follower:/home/agilex/autoware.ai/install/vector_map_server:/home/agilex/autoware.ai/install/map_file:/home/agilex/autoware.ai/install/vector_map:/home/agilex/autoware.ai/install/autoware_health_checker:/home/agilex/autoware.ai/install/amathutils_lib:/home/agilex/autoware.ai/install/vector_map_msgs:/home/agilex/autoware.ai/install/tablet_socket_msgs:/home/agilex/autoware.ai/install/autoware_system_msgs:/home/agilex/autoware.ai/install/autoware_msgs:/home/agilex/autoware.ai/install/autoware_config_msgs:/home/agilex/autoware.ai/install/autoware_build_flags:${CMAKE_PREFIX_PATH} LD_LIBRARY_PATH=/home/agilex/autoware.ai/install/op_ros_helpers/lib:/home/agilex/autoware.ai/install/op_simu/lib:/home/agilex/autoware.ai/install/op_planner/lib:/home/agilex/autoware.ai/install/op_utility/lib:/home/agilex/autoware.ai/install/waypoint_follower/lib:/home/agilex/autoware.ai/install/map_file/lib:/home/agilex/autoware.ai/install/vector_map/lib:/home/agilex/autoware.ai/install/autoware_health_checker/lib:/home/agilex/autoware.ai/install/amathutils_lib/lib:${LD_LIBRARY_PATH} PKG_CONFIG_PATH=/home/agilex/autoware.ai/install/op_ros_helpers/lib/x86_64-linux-gnu/pkgconfig:/home/agilex/autoware.ai/install/op_ros_helpers/lib/pkgconfig:/home/agilex/autoware.ai/install/op_simu/lib/x86_64-linux-gnu/pkgconfig:/home/agilex/autoware.ai/install/op_simu/lib/pkgconfig:/home/agilex/autoware.ai/install/op_planner/lib/x86_64-linux-gnu/pkgconfig:/home/agilex/autoware.ai/install/op_planner/lib/pkgconfig:/home/agilex/autoware.ai/install/op_utility/lib/x86_64-linux-gnu/pkgconfig:/home/agilex/autoware.ai/install/op_utility/lib/pkgconfig:/home/agilex/autoware.ai/install/waypoint_follower/lib/x86_64-linux-gnu/pkgconfig:/home/agilex/autoware.ai/install/waypoint_follower/lib/pkgconfig:/home/agilex/autoware.ai/install/vector_map_server/lib/x86_64-linux-gnu/pkgconfig:/home/agilex/autoware.ai/install/vector_map_server/lib/pkgconfig:/home/agilex/autoware.ai/install/map_file/lib/x86_64-linux-gnu/pkgconfig:/home/agilex/autoware.ai/install/map_file/lib/pkgconfig:/home/agilex/autoware.ai/install/vector_map/lib/x86_64-linux-gnu/pkgconfig:/home/agilex/autoware.ai/install/vector_map/lib/pkgconfig:/home/agilex/autoware.ai/install/autoware_health_checker/lib/x86_64-linux-gnu/pkgconfig:/home/agilex/autoware.ai/install/autoware_health_checker/lib/pkgconfig:/home/agilex/autoware.ai/install/amathutils_lib/lib/x86_64-linux-gnu/pkgconfig:/home/agilex/autoware.ai/install/amathutils_lib/lib/pkgconfig:/home/agilex/autoware.ai/install/vector_map_msgs/lib/x86_64-linux-gnu/pkgconfig:/home/agilex/autoware.ai/install/vector_map_msgs/lib/pkgconfig:/home/agilex/autoware.ai/install/tablet_socket_msgs/lib/x86_64-linux-gnu/pkgconfig:/home/agilex/autoware.ai/install/tablet_socket_msgs/lib/pkgconfig:/home/agilex/autoware.ai/install/autoware_system_msgs/lib/x86_64-linux-gnu/pkgconfig:/home/agilex/autoware.ai/install/autoware_system_msgs/lib/pkgconfig:/home/agilex/autoware.ai/install/autoware_msgs/lib/x86_64-linux-gnu/pkgconfig:/home/agilex/autoware.ai/install/autoware_msgs/lib/pkgconfig:/home/agilex/autoware.ai/install/autoware_config_msgs/lib/x86_64-linux-gnu/pkgconfig:/home/agilex/autoware.ai/install/autoware_config_msgs/lib/pkgconfig:/home/agilex/autoware.ai/install/autoware_build_flags/lib/x86_64-linux-gnu/pkgconfig:/home/agilex/autoware.ai/install/autoware_build_flags/lib/pkgconfig:${PKG_CONFIG_PATH} PYTHONPATH=/home/agilex/autoware.ai/install/vector_map_server/lib/python2.7/dist-packages:/home/agilex/autoware.ai/install/vector_map_msgs/lib/python2.7/dist-packages:/home/agilex/autoware.ai/install/tablet_socket_msgs/lib/python2.7/dist-packages:/home/agilex/autoware.ai/install/autoware_system_msgs/lib/python2.7/dist-packages:/home/agilex/autoware.ai/install/autoware_msgs/lib/python2.7/dist-packages:/home/agilex/autoware.ai/install/autoware_config_msgs/lib/python2.7/dist-packages:${PYTHONPATH} ROS_PACKAGE_PATH=/home/agilex/autoware.ai/install/op_ros_helpers/share:/home/agilex/autoware.ai/install/op_simu/share:/home/agilex/autoware.ai/install/op_planner/share:/home/agilex/autoware.ai/install/op_utility/share:/home/agilex/autoware.ai/install/waypoint_follower/share:/home/agilex/autoware.ai/install/vector_map_server/share:/home/agilex/autoware.ai/install/map_file/share:/home/agilex/autoware.ai/install/vector_map/share:/home/agilex/autoware.ai/install/autoware_health_checker/share:/home/agilex/autoware.ai/install/amathutils_lib/share:/home/agilex/autoware.ai/install/vector_map_msgs/share:/home/agilex/autoware.ai/install/tablet_socket_msgs/share:/home/agilex/autoware.ai/install/autoware_system_msgs/share:/home/agilex/autoware.ai/install/autoware_msgs/share:/home/agilex/autoware.ai/install/autoware_config_msgs/share:/home/agilex/autoware.ai/install/autoware_build_flags/share:${ROS_PACKAGE_PATH} /usr/bin/cmake --build /home/agilex/autoware.ai/build/op_utilities --target tests -- -j8 -l8
[2.972s] Built target tests
[2.983s] Invoked command in '/home/agilex/autoware.ai/build/op_utilities' returned '0': CMAKE_PREFIX_PATH=/home/agilex/autoware.ai/install/op_ros_helpers:/home/agilex/autoware.ai/install/op_simu:/home/agilex/autoware.ai/install/op_planner:/home/agilex/autoware.ai/install/op_utility:/home/agilex/autoware.ai/install/waypoint_follower:/home/agilex/autoware.ai/install/vector_map_server:/home/agilex/autoware.ai/install/map_file:/home/agilex/autoware.ai/install/vector_map:/home/agilex/autoware.ai/install/autoware_health_checker:/home/agilex/autoware.ai/install/amathutils_lib:/home/agilex/autoware.ai/install/vector_map_msgs:/home/agilex/autoware.ai/install/tablet_socket_msgs:/home/agilex/autoware.ai/install/autoware_system_msgs:/home/agilex/autoware.ai/install/autoware_msgs:/home/agilex/autoware.ai/install/autoware_config_msgs:/home/agilex/autoware.ai/install/autoware_build_flags:${CMAKE_PREFIX_PATH} LD_LIBRARY_PATH=/home/agilex/autoware.ai/install/op_ros_helpers/lib:/home/agilex/autoware.ai/install/op_simu/lib:/home/agilex/autoware.ai/install/op_planner/lib:/home/agilex/autoware.ai/install/op_utility/lib:/home/agilex/autoware.ai/install/waypoint_follower/lib:/home/agilex/autoware.ai/install/map_file/lib:/home/agilex/autoware.ai/install/vector_map/lib:/home/agilex/autoware.ai/install/autoware_health_checker/lib:/home/agilex/autoware.ai/install/amathutils_lib/lib:${LD_LIBRARY_PATH} PKG_CONFIG_PATH=/home/agilex/autoware.ai/install/op_ros_helpers/lib/x86_64-linux-gnu/pkgconfig:/home/agilex/autoware.ai/install/op_ros_helpers/lib/pkgconfig:/home/agilex/autoware.ai/install/op_simu/lib/x86_64-linux-gnu/pkgconfig:/home/agilex/autoware.ai/install/op_simu/lib/pkgconfig:/home/agilex/autoware.ai/install/op_planner/lib/x86_64-linux-gnu/pkgconfig:/home/agilex/autoware.ai/install/op_planner/lib/pkgconfig:/home/agilex/autoware.ai/install/op_utility/lib/x86_64-linux-gnu/pkgconfig:/home/agilex/autoware.ai/install/op_utility/lib/pkgconfig:/home/agilex/autoware.ai/install/waypoint_follower/lib/x86_64-linux-gnu/pkgconfig:/home/agilex/autoware.ai/install/waypoint_follower/lib/pkgconfig:/home/agilex/autoware.ai/install/vector_map_server/lib/x86_64-linux-gnu/pkgconfig:/home/agilex/autoware.ai/install/vector_map_server/lib/pkgconfig:/home/agilex/autoware.ai/install/map_file/lib/x86_64-linux-gnu/pkgconfig:/home/agilex/autoware.ai/install/map_file/lib/pkgconfig:/home/agilex/autoware.ai/install/vector_map/lib/x86_64-linux-gnu/pkgconfig:/home/agilex/autoware.ai/install/vector_map/lib/pkgconfig:/home/agilex/autoware.ai/install/autoware_health_checker/lib/x86_64-linux-gnu/pkgconfig:/home/agilex/autoware.ai/install/autoware_health_checker/lib/pkgconfig:/home/agilex/autoware.ai/install/amathutils_lib/lib/x86_64-linux-gnu/pkgconfig:/home/agilex/autoware.ai/install/amathutils_lib/lib/pkgconfig:/home/agilex/autoware.ai/install/vector_map_msgs/lib/x86_64-linux-gnu/pkgconfig:/home/agilex/autoware.ai/install/vector_map_msgs/lib/pkgconfig:/home/agilex/autoware.ai/install/tablet_socket_msgs/lib/x86_64-linux-gnu/pkgconfig:/home/agilex/autoware.ai/install/tablet_socket_msgs/lib/pkgconfig:/home/agilex/autoware.ai/install/autoware_system_msgs/lib/x86_64-linux-gnu/pkgconfig:/home/agilex/autoware.ai/install/autoware_system_msgs/lib/pkgconfig:/home/agilex/autoware.ai/install/autoware_msgs/lib/x86_64-linux-gnu/pkgconfig:/home/agilex/autoware.ai/install/autoware_msgs/lib/pkgconfig:/home/agilex/autoware.ai/install/autoware_config_msgs/lib/x86_64-linux-gnu/pkgconfig:/home/agilex/autoware.ai/install/autoware_config_msgs/lib/pkgconfig:/home/agilex/autoware.ai/install/autoware_build_flags/lib/x86_64-linux-gnu/pkgconfig:/home/agilex/autoware.ai/install/autoware_build_flags/lib/pkgconfig:${PKG_CONFIG_PATH} PYTHONPATH=/home/agilex/autoware.ai/install/vector_map_server/lib/python2.7/dist-packages:/home/agilex/autoware.ai/install/vector_map_msgs/lib/python2.7/dist-packages:/home/agilex/autoware.ai/install/tablet_socket_msgs/lib/python2.7/dist-packages:/home/agilex/autoware.ai/install/autoware_system_msgs/lib/python2.7/dist-packages:/home/agilex/autoware.ai/install/autoware_msgs/lib/python2.7/dist-packages:/home/agilex/autoware.ai/install/autoware_config_msgs/lib/python2.7/dist-packages:${PYTHONPATH} ROS_PACKAGE_PATH=/home/agilex/autoware.ai/install/op_ros_helpers/share:/home/agilex/autoware.ai/install/op_simu/share:/home/agilex/autoware.ai/install/op_planner/share:/home/agilex/autoware.ai/install/op_utility/share:/home/agilex/autoware.ai/install/waypoint_follower/share:/home/agilex/autoware.ai/install/vector_map_server/share:/home/agilex/autoware.ai/install/map_file/share:/home/agilex/autoware.ai/install/vector_map/share:/home/agilex/autoware.ai/install/autoware_health_checker/share:/home/agilex/autoware.ai/install/amathutils_lib/share:/home/agilex/autoware.ai/install/vector_map_msgs/share:/home/agilex/autoware.ai/install/tablet_socket_msgs/share:/home/agilex/autoware.ai/install/autoware_system_msgs/share:/home/agilex/autoware.ai/install/autoware_msgs/share:/home/agilex/autoware.ai/install/autoware_config_msgs/share:/home/agilex/autoware.ai/install/autoware_build_flags/share:${ROS_PACKAGE_PATH} /usr/bin/cmake --build /home/agilex/autoware.ai/build/op_utilities --target tests -- -j8 -l8
[3.097s] Invoking command in '/home/agilex/autoware.ai/build/op_utilities': CMAKE_PREFIX_PATH=/home/agilex/autoware.ai/install/op_ros_helpers:/home/agilex/autoware.ai/install/op_simu:/home/agilex/autoware.ai/install/op_planner:/home/agilex/autoware.ai/install/op_utility:/home/agilex/autoware.ai/install/waypoint_follower:/home/agilex/autoware.ai/install/vector_map_server:/home/agilex/autoware.ai/install/map_file:/home/agilex/autoware.ai/install/vector_map:/home/agilex/autoware.ai/install/autoware_health_checker:/home/agilex/autoware.ai/install/amathutils_lib:/home/agilex/autoware.ai/install/vector_map_msgs:/home/agilex/autoware.ai/install/tablet_socket_msgs:/home/agilex/autoware.ai/install/autoware_system_msgs:/home/agilex/autoware.ai/install/autoware_msgs:/home/agilex/autoware.ai/install/autoware_config_msgs:/home/agilex/autoware.ai/install/autoware_build_flags:${CMAKE_PREFIX_PATH} LD_LIBRARY_PATH=/home/agilex/autoware.ai/install/op_ros_helpers/lib:/home/agilex/autoware.ai/install/op_simu/lib:/home/agilex/autoware.ai/install/op_planner/lib:/home/agilex/autoware.ai/install/op_utility/lib:/home/agilex/autoware.ai/install/waypoint_follower/lib:/home/agilex/autoware.ai/install/map_file/lib:/home/agilex/autoware.ai/install/vector_map/lib:/home/agilex/autoware.ai/install/autoware_health_checker/lib:/home/agilex/autoware.ai/install/amathutils_lib/lib:${LD_LIBRARY_PATH} PKG_CONFIG_PATH=/home/agilex/autoware.ai/install/op_ros_helpers/lib/x86_64-linux-gnu/pkgconfig:/home/agilex/autoware.ai/install/op_ros_helpers/lib/pkgconfig:/home/agilex/autoware.ai/install/op_simu/lib/x86_64-linux-gnu/pkgconfig:/home/agilex/autoware.ai/install/op_simu/lib/pkgconfig:/home/agilex/autoware.ai/install/op_planner/lib/x86_64-linux-gnu/pkgconfig:/home/agilex/autoware.ai/install/op_planner/lib/pkgconfig:/home/agilex/autoware.ai/install/op_utility/lib/x86_64-linux-gnu/pkgconfig:/home/agilex/autoware.ai/install/op_utility/lib/pkgconfig:/home/agilex/autoware.ai/install/waypoint_follower/lib/x86_64-linux-gnu/pkgconfig:/home/agilex/autoware.ai/install/waypoint_follower/lib/pkgconfig:/home/agilex/autoware.ai/install/vector_map_server/lib/x86_64-linux-gnu/pkgconfig:/home/agilex/autoware.ai/install/vector_map_server/lib/pkgconfig:/home/agilex/autoware.ai/install/map_file/lib/x86_64-linux-gnu/pkgconfig:/home/agilex/autoware.ai/install/map_file/lib/pkgconfig:/home/agilex/autoware.ai/install/vector_map/lib/x86_64-linux-gnu/pkgconfig:/home/agilex/autoware.ai/install/vector_map/lib/pkgconfig:/home/agilex/autoware.ai/install/autoware_health_checker/lib/x86_64-linux-gnu/pkgconfig:/home/agilex/autoware.ai/install/autoware_health_checker/lib/pkgconfig:/home/agilex/autoware.ai/install/amathutils_lib/lib/x86_64-linux-gnu/pkgconfig:/home/agilex/autoware.ai/install/amathutils_lib/lib/pkgconfig:/home/agilex/autoware.ai/install/vector_map_msgs/lib/x86_64-linux-gnu/pkgconfig:/home/agilex/autoware.ai/install/vector_map_msgs/lib/pkgconfig:/home/agilex/autoware.ai/install/tablet_socket_msgs/lib/x86_64-linux-gnu/pkgconfig:/home/agilex/autoware.ai/install/tablet_socket_msgs/lib/pkgconfig:/home/agilex/autoware.ai/install/autoware_system_msgs/lib/x86_64-linux-gnu/pkgconfig:/home/agilex/autoware.ai/install/autoware_system_msgs/lib/pkgconfig:/home/agilex/autoware.ai/install/autoware_msgs/lib/x86_64-linux-gnu/pkgconfig:/home/agilex/autoware.ai/install/autoware_msgs/lib/pkgconfig:/home/agilex/autoware.ai/install/autoware_config_msgs/lib/x86_64-linux-gnu/pkgconfig:/home/agilex/autoware.ai/install/autoware_config_msgs/lib/pkgconfig:/home/agilex/autoware.ai/install/autoware_build_flags/lib/x86_64-linux-gnu/pkgconfig:/home/agilex/autoware.ai/install/autoware_build_flags/lib/pkgconfig:${PKG_CONFIG_PATH} PYTHONPATH=/home/agilex/autoware.ai/install/vector_map_server/lib/python2.7/dist-packages:/home/agilex/autoware.ai/install/vector_map_msgs/lib/python2.7/dist-packages:/home/agilex/autoware.ai/install/tablet_socket_msgs/lib/python2.7/dist-packages:/home/agilex/autoware.ai/install/autoware_system_msgs/lib/python2.7/dist-packages:/home/agilex/autoware.ai/install/autoware_msgs/lib/python2.7/dist-packages:/home/agilex/autoware.ai/install/autoware_config_msgs/lib/python2.7/dist-packages:${PYTHONPATH} ROS_PACKAGE_PATH=/home/agilex/autoware.ai/install/op_ros_helpers/share:/home/agilex/autoware.ai/install/op_simu/share:/home/agilex/autoware.ai/install/op_planner/share:/home/agilex/autoware.ai/install/op_utility/share:/home/agilex/autoware.ai/install/waypoint_follower/share:/home/agilex/autoware.ai/install/vector_map_server/share:/home/agilex/autoware.ai/install/map_file/share:/home/agilex/autoware.ai/install/vector_map/share:/home/agilex/autoware.ai/install/autoware_health_checker/share:/home/agilex/autoware.ai/install/amathutils_lib/share:/home/agilex/autoware.ai/install/vector_map_msgs/share:/home/agilex/autoware.ai/install/tablet_socket_msgs/share:/home/agilex/autoware.ai/install/autoware_system_msgs/share:/home/agilex/autoware.ai/install/autoware_msgs/share:/home/agilex/autoware.ai/install/autoware_config_msgs/share:/home/agilex/autoware.ai/install/autoware_build_flags/share:${ROS_PACKAGE_PATH} /usr/bin/cmake --build /home/agilex/autoware.ai/build/op_utilities --target install -- -j8 -l8
[3.152s] [ 53%] Built target op_bag_player
[3.169s] [ 53%] Built target gazebo_msgs_generate_messages_lisp
[3.185s] [ 53%] Built target autoware_system_msgs_generate_messages_eus
[3.202s] [ 53%] Built target autoware_system_msgs_generate_messages_cpp
[3.218s] [ 53%] Built target tablet_socket_msgs_generate_messages_cpp
[3.236s] [ 53%] Built target autoware_config_msgs_generate_messages_lisp
[3.251s] [ 53%] Built target autoware_config_msgs_generate_messages_eus
[3.267s] [ 53%] Built target topic_tools_generate_messages_nodejs
[3.283s] [ 53%] Built target topic_tools_generate_messages_eus
[3.299s] [ 53%] Built target topic_tools_generate_messages_cpp
[3.315s] [ 53%] Built target std_srvs_generate_messages_py
[3.331s] [ 53%] Built target std_srvs_generate_messages_nodejs
[3.347s] [ 53%] Built target std_srvs_generate_messages_lisp
[3.363s] [ 53%] Built target trajectory_msgs_generate_messages_nodejs
[3.379s] [ 53%] Built target autoware_config_msgs_generate_messages_py
[3.395s] [ 53%] Built target bond_generate_messages_nodejs
[3.411s] [ 53%] Built target bond_generate_messages_lisp
[3.427s] [ 53%] Built target bond_generate_messages_eus
[3.442s] [ 53%] Built target trajectory_msgs_generate_messages_lisp
[3.460s] [ 53%] Built target bond_generate_messages_cpp
[3.477s] [ 53%] Built target nodelet_generate_messages_nodejs
[3.492s] [ 53%] Built target nodelet_generate_messages_eus
[3.508s] [ 53%] Built target nodelet_generate_messages_cpp
[3.523s] [ 53%] Built target dynamic_reconfigure_generate_messages_py
[3.539s] [ 53%] Built target dynamic_reconfigure_generate_messages_nodejs
[3.556s] [ 53%] Built target gazebo_msgs_generate_messages_cpp
[3.573s] [ 53%] Built target dynamic_reconfigure_generate_messages_lisp
[3.588s] [ 53%] Built target dynamic_reconfigure_generate_messages_eus
[3.605s] [ 53%] Built target pcl_ros_gencfg
[3.619s] [ 53%] Built target visualization_msgs_generate_messages_py
[3.634s] [ 53%] Built target tablet_socket_msgs_generate_messages_lisp
[3.649s] [ 53%] Built target visualization_msgs_generate_messages_nodejs
[3.669s] [ 53%] Built target tf2_msgs_generate_messages_nodejs
[3.684s] [ 53%] Built target autoware_msgs_generate_messages_lisp
[3.703s] [ 53%] Built target autoware_msgs_generate_messages_eus
[3.717s] [ 53%] Built target autoware_msgs_generate_messages_cpp
[3.739s] [ 53%] Built target rosgraph_msgs_generate_messages_cpp
[3.756s] [ 53%] Built target geometry_msgs_generate_messages_py
[3.773s] [ 53%] Built target geometry_msgs_generate_messages_lisp
[3.789s] [ 53%] Built target rosgraph_msgs_generate_messages_lisp
[3.804s] [ 53%] Built target gazebo_msgs_generate_messages_nodejs
[3.820s] [ 53%] Built target rosgraph_msgs_generate_messages_eus
[3.835s] [ 53%] Built target geometry_msgs_generate_messages_eus
[3.849s] [ 53%] Built target roscpp_generate_messages_py
[3.864s] [ 53%] Built target std_srvs_generate_messages_eus
[3.880s] [ 53%] Built target jsk_recognition_msgs_generate_messages_nodejs
[3.895s] [ 53%] Built target roscpp_generate_messages_lisp
[3.910s] [ 53%] Built target std_srvs_generate_messages_cpp
[3.926s] [ 53%] Built target sensor_msgs_generate_messages_lisp
[3.941s] [ 53%] Built target autoware_system_msgs_generate_messages_lisp
[3.956s] [ 53%] Built target vector_map_msgs_generate_messages_lisp
[3.972s] [ 53%] Built target vector_map_msgs_generate_messages_cpp
[3.987s] [ 53%] Built target vector_map_msgs_generate_messages_eus
[4.003s] [ 53%] Built target autoware_msgs_generate_messages_nodejs
[4.022s] [ 53%] Built target actionlib_msgs_generate_messages_eus
[4.044s] [ 53%] Built target vector_map_server_generate_messages_py
[4.070s] [ 53%] Built target roscpp_generate_messages_eus
[4.102s] [ 53%] Built target rosgraph_msgs_generate_messages_py
[4.133s] [ 53%] Built target autoware_config_msgs_generate_messages_cpp
[4.164s] [ 53%] Built target rosgraph_msgs_generate_messages_nodejs
[4.196s] [ 53%] Built target visualization_msgs_generate_messages_lisp
[4.219s] [ 53%] Built target std_msgs_generate_messages_eus
[4.242s] [ 53%] Built target vector_map_msgs_generate_messages_py
[4.257s] [ 53%] Built target sensor_msgs_generate_messages_cpp
[4.274s] [ 53%] Built target roscpp_generate_messages_nodejs
[4.290s] [ 53%] Built target std_msgs_generate_messages_lisp
[4.310s] [ 53%] Built target std_msgs_generate_messages_nodejs
[4.331s] [ 53%] Built target bond_generate_messages_py
[4.352s] [ 53%] Built target vector_map_msgs_generate_messages_nodejs
[4.368s] [ 53%] Built target std_msgs_generate_messages_cpp
[4.384s] [ 53%] Built target tablet_socket_msgs_generate_messages_py
[4.399s] [ 53%] Built target jsk_footstep_msgs_generate_messages_py
[4.413s] [ 53%] Built target std_msgs_generate_messages_py
[4.429s] [ 53%] Built target nodelet_generate_messages_lisp
[4.444s] [ 53%] Built target autoware_msgs_generate_messages_py
[4.459s] [ 53%] Built target gazebo_msgs_generate_messages_py
[4.475s] [ 53%] Built target topic_tools_generate_messages_py
[4.491s] [ 53%] Built target nodelet_topic_tools_gencfg
[4.506s] [ 53%] Built target actionlib_msgs_generate_messages_nodejs
[4.521s] [ 53%] Built target geometry_msgs_generate_messages_nodejs
[4.535s] [ 53%] Built target autoware_system_msgs_generate_messages_py
[4.550s] [ 53%] Built target sensor_msgs_generate_messages_nodejs
[4.564s] [ 53%] Built target actionlib_generate_messages_cpp
[4.579s] [ 53%] Built target sensor_msgs_generate_messages_eus
[4.594s] [ 53%] Built target nodelet_generate_messages_py
[4.608s] [ 53%] Built target sensor_msgs_generate_messages_py
[4.624s] [ 53%] Built target tablet_socket_msgs_generate_messages_nodejs
[4.645s] [ 53%] Built target dynamic_reconfigure_generate_messages_cpp
[4.670s] [ 53%] Built target tf_generate_messages_py
[4.685s] [ 53%] Built target topic_tools_generate_messages_lisp
[4.701s] [ 53%] Built target jsk_recognition_msgs_generate_messages_cpp
[4.718s] [ 53%] Built target jsk_recognition_msgs_generate_messages_eus
[4.737s] [ 53%] Built target tf2_msgs_generate_messages_cpp
[4.757s] [ 53%] Built target jsk_recognition_msgs_generate_messages_lisp
[4.777s] [ 53%] Built target jsk_recognition_msgs_generate_messages_py
[4.794s] [ 53%] Built target pcl_msgs_generate_messages_cpp
[4.809s] [ 53%] Built target pcl_msgs_generate_messages_eus
[4.824s] [ 53%] Built target pcl_msgs_generate_messages_nodejs
[4.839s] [ 53%] Built target jsk_footstep_msgs_generate_messages_eus
[4.854s] [ 53%] Built target actionlib_msgs_generate_messages_py
[4.869s] [ 53%] Built target autoware_system_msgs_generate_messages_nodejs
[4.883s] [ 53%] Built target actionlib_msgs_generate_messages_lisp
[4.898s] [ 53%] Built target visualization_msgs_generate_messages_eus
[4.912s] [ 53%] Built target vector_map_server_generate_messages_cpp
[4.927s] [ 53%] Built target roscpp_generate_messages_cpp
[4.941s] [ 53%] Built target vector_map_server_generate_messages_eus
[4.956s] [ 53%] Built target jsk_footstep_msgs_generate_messages_lisp
[4.970s] [ 53%] Built target jsk_footstep_msgs_generate_messages_nodejs
[4.985s] [ 53%] Built target vector_map_server_generate_messages_lisp
[5.000s] [ 53%] Built target autoware_config_msgs_generate_messages_nodejs
[5.015s] [ 53%] Built target tf_generate_messages_nodejs
[5.032s] [ 53%] Built target vector_map_server_generate_messages_nodejs
[5.052s] [ 53%] Built target jsk_footstep_msgs_generate_messages_cpp
[5.073s] [ 53%] Built target actionlib_msgs_generate_messages_cpp
[5.097s] [ 53%] Built target tf_generate_messages_eus
[5.120s] [ 53%] Built target tf_generate_messages_lisp
[5.138s] [ 53%] Built target pcl_msgs_generate_messages_py
[5.157s] [ 53%] Built target actionlib_generate_messages_eus
[5.185s] [ 53%] Built target geometry_msgs_generate_messages_cpp
[5.212s] [ 53%] Built target actionlib_generate_messages_lisp
[5.236s] [ 53%] Built target pcl_msgs_generate_messages_lisp
[5.252s] [ 53%] Built target tf_generate_messages_cpp
[5.267s] [ 53%] Built target actionlib_generate_messages_nodejs
[5.281s] [ 53%] Built target tf2_msgs_generate_messages_py
[5.296s] [ 53%] Built target actionlib_generate_messages_py
[5.312s] [ 53%] Built target tablet_socket_msgs_generate_messages_eus
[5.331s] [ 53%] Built target visualization_msgs_generate_messages_cpp
[5.350s] [ 53%] Built target tf2_msgs_generate_messages_eus
[5.369s] [ 53%] Built target dynamic_reconfigure_gencfg
[5.387s] [ 53%] Built target gazebo_msgs_generate_messages_eus
[5.403s] [ 53%] Built target trajectory_msgs_generate_messages_cpp
[5.418s] [ 53%] Built target trajectory_msgs_generate_messages_eus
[5.436s] [ 53%] Built target trajectory_msgs_generate_messages_py
[5.455s] [ 53%] Built target tf2_msgs_generate_messages_lisp
[5.489s] [ 76%] Built target op_data_logger
[5.517s] [100%] Built target op_pose2tf
[5.543s] [36mInstall the project...[0m
[5.553s] -- Install configuration: "Release"
[5.554s] -- Up-to-date: /home/agilex/autoware.ai/install/op_utilities/lib/pkgconfig/op_utilities.pc
[5.554s] -- Up-to-date: /home/agilex/autoware.ai/install/op_utilities/share/op_utilities/cmake/op_utilitiesConfig.cmake
[5.554s] -- Up-to-date: /home/agilex/autoware.ai/install/op_utilities/share/op_utilities/cmake/op_utilitiesConfig-version.cmake
[5.554s] -- Up-to-date: /home/agilex/autoware.ai/install/op_utilities/share/op_utilities/package.xml
[5.555s] -- Up-to-date: /home/agilex/autoware.ai/install/op_utilities/lib/op_utilities/op_pose2tf
[5.556s] -- Up-to-date: /home/agilex/autoware.ai/install/op_utilities/lib/op_utilities/op_data_logger
[5.557s] -- Up-to-date: /home/agilex/autoware.ai/install/op_utilities/lib/op_utilities/op_bag_player
[5.557s] -- Up-to-date: /home/agilex/autoware.ai/install/op_utilities/share/op_utilities/launch
[5.557s] -- Up-to-date: /home/agilex/autoware.ai/install/op_utilities/share/op_utilities/launch/op_data_logger.launch
[5.557s] -- Up-to-date: /home/agilex/autoware.ai/install/op_utilities/share/op_utilities/launch/op_bag_player.launch
[5.557s] -- Up-to-date: /home/agilex/autoware.ai/install/op_utilities/share/op_utilities/launch/op_map_converter.launch
[5.558s] -- Up-to-date: /home/agilex/autoware.ai/install/op_utilities/share/op_utilities/launch/op_pose2tf.launch
[5.561s] Invoked command in '/home/agilex/autoware.ai/build/op_utilities' returned '0': CMAKE_PREFIX_PATH=/home/agilex/autoware.ai/install/op_ros_helpers:/home/agilex/autoware.ai/install/op_simu:/home/agilex/autoware.ai/install/op_planner:/home/agilex/autoware.ai/install/op_utility:/home/agilex/autoware.ai/install/waypoint_follower:/home/agilex/autoware.ai/install/vector_map_server:/home/agilex/autoware.ai/install/map_file:/home/agilex/autoware.ai/install/vector_map:/home/agilex/autoware.ai/install/autoware_health_checker:/home/agilex/autoware.ai/install/amathutils_lib:/home/agilex/autoware.ai/install/vector_map_msgs:/home/agilex/autoware.ai/install/tablet_socket_msgs:/home/agilex/autoware.ai/install/autoware_system_msgs:/home/agilex/autoware.ai/install/autoware_msgs:/home/agilex/autoware.ai/install/autoware_config_msgs:/home/agilex/autoware.ai/install/autoware_build_flags:${CMAKE_PREFIX_PATH} LD_LIBRARY_PATH=/home/agilex/autoware.ai/install/op_ros_helpers/lib:/home/agilex/autoware.ai/install/op_simu/lib:/home/agilex/autoware.ai/install/op_planner/lib:/home/agilex/autoware.ai/install/op_utility/lib:/home/agilex/autoware.ai/install/waypoint_follower/lib:/home/agilex/autoware.ai/install/map_file/lib:/home/agilex/autoware.ai/install/vector_map/lib:/home/agilex/autoware.ai/install/autoware_health_checker/lib:/home/agilex/autoware.ai/install/amathutils_lib/lib:${LD_LIBRARY_PATH} PKG_CONFIG_PATH=/home/agilex/autoware.ai/install/op_ros_helpers/lib/x86_64-linux-gnu/pkgconfig:/home/agilex/autoware.ai/install/op_ros_helpers/lib/pkgconfig:/home/agilex/autoware.ai/install/op_simu/lib/x86_64-linux-gnu/pkgconfig:/home/agilex/autoware.ai/install/op_simu/lib/pkgconfig:/home/agilex/autoware.ai/install/op_planner/lib/x86_64-linux-gnu/pkgconfig:/home/agilex/autoware.ai/install/op_planner/lib/pkgconfig:/home/agilex/autoware.ai/install/op_utility/lib/x86_64-linux-gnu/pkgconfig:/home/agilex/autoware.ai/install/op_utility/lib/pkgconfig:/home/agilex/autoware.ai/install/waypoint_follower/lib/x86_64-linux-gnu/pkgconfig:/home/agilex/autoware.ai/install/waypoint_follower/lib/pkgconfig:/home/agilex/autoware.ai/install/vector_map_server/lib/x86_64-linux-gnu/pkgconfig:/home/agilex/autoware.ai/install/vector_map_server/lib/pkgconfig:/home/agilex/autoware.ai/install/map_file/lib/x86_64-linux-gnu/pkgconfig:/home/agilex/autoware.ai/install/map_file/lib/pkgconfig:/home/agilex/autoware.ai/install/vector_map/lib/x86_64-linux-gnu/pkgconfig:/home/agilex/autoware.ai/install/vector_map/lib/pkgconfig:/home/agilex/autoware.ai/install/autoware_health_checker/lib/x86_64-linux-gnu/pkgconfig:/home/agilex/autoware.ai/install/autoware_health_checker/lib/pkgconfig:/home/agilex/autoware.ai/install/amathutils_lib/lib/x86_64-linux-gnu/pkgconfig:/home/agilex/autoware.ai/install/amathutils_lib/lib/pkgconfig:/home/agilex/autoware.ai/install/vector_map_msgs/lib/x86_64-linux-gnu/pkgconfig:/home/agilex/autoware.ai/install/vector_map_msgs/lib/pkgconfig:/home/agilex/autoware.ai/install/tablet_socket_msgs/lib/x86_64-linux-gnu/pkgconfig:/home/agilex/autoware.ai/install/tablet_socket_msgs/lib/pkgconfig:/home/agilex/autoware.ai/install/autoware_system_msgs/lib/x86_64-linux-gnu/pkgconfig:/home/agilex/autoware.ai/install/autoware_system_msgs/lib/pkgconfig:/home/agilex/autoware.ai/install/autoware_msgs/lib/x86_64-linux-gnu/pkgconfig:/home/agilex/autoware.ai/install/autoware_msgs/lib/pkgconfig:/home/agilex/autoware.ai/install/autoware_config_msgs/lib/x86_64-linux-gnu/pkgconfig:/home/agilex/autoware.ai/install/autoware_config_msgs/lib/pkgconfig:/home/agilex/autoware.ai/install/autoware_build_flags/lib/x86_64-linux-gnu/pkgconfig:/home/agilex/autoware.ai/install/autoware_build_flags/lib/pkgconfig:${PKG_CONFIG_PATH} PYTHONPATH=/home/agilex/autoware.ai/install/vector_map_server/lib/python2.7/dist-packages:/home/agilex/autoware.ai/install/vector_map_msgs/lib/python2.7/dist-packages:/home/agilex/autoware.ai/install/tablet_socket_msgs/lib/python2.7/dist-packages:/home/agilex/autoware.ai/install/autoware_system_msgs/lib/python2.7/dist-packages:/home/agilex/autoware.ai/install/autoware_msgs/lib/python2.7/dist-packages:/home/agilex/autoware.ai/install/autoware_config_msgs/lib/python2.7/dist-packages:${PYTHONPATH} ROS_PACKAGE_PATH=/home/agilex/autoware.ai/install/op_ros_helpers/share:/home/agilex/autoware.ai/install/op_simu/share:/home/agilex/autoware.ai/install/op_planner/share:/home/agilex/autoware.ai/install/op_utility/share:/home/agilex/autoware.ai/install/waypoint_follower/share:/home/agilex/autoware.ai/install/vector_map_server/share:/home/agilex/autoware.ai/install/map_file/share:/home/agilex/autoware.ai/install/vector_map/share:/home/agilex/autoware.ai/install/autoware_health_checker/share:/home/agilex/autoware.ai/install/amathutils_lib/share:/home/agilex/autoware.ai/install/vector_map_msgs/share:/home/agilex/autoware.ai/install/tablet_socket_msgs/share:/home/agilex/autoware.ai/install/autoware_system_msgs/share:/home/agilex/autoware.ai/install/autoware_msgs/share:/home/agilex/autoware.ai/install/autoware_config_msgs/share:/home/agilex/autoware.ai/install/autoware_build_flags/share:${ROS_PACKAGE_PATH} /usr/bin/cmake --build /home/agilex/autoware.ai/build/op_utilities --target install -- -j8 -l8
