[0.021s] Invoking command in '/home/agilex/autoware.ai/build/imm_ukf_pda_track': CMAKE_PREFIX_PATH=/home/agilex/autoware.ai/install/vector_map:/home/agilex/autoware.ai/install/vector_map_msgs:/home/agilex/autoware.ai/install/autoware_msgs:/home/agilex/autoware.ai/install/autoware_build_flags:${CMAKE_PREFIX_PATH} LD_LIBRARY_PATH=/home/agilex/autoware.ai/install/vector_map/lib:${LD_LIBRARY_PATH} PKG_CONFIG_PATH=/home/agilex/autoware.ai/install/vector_map/lib/x86_64-linux-gnu/pkgconfig:/home/agilex/autoware.ai/install/vector_map/lib/pkgconfig:/home/agilex/autoware.ai/install/vector_map_msgs/lib/x86_64-linux-gnu/pkgconfig:/home/agilex/autoware.ai/install/vector_map_msgs/lib/pkgconfig:/home/agilex/autoware.ai/install/autoware_msgs/lib/x86_64-linux-gnu/pkgconfig:/home/agilex/autoware.ai/install/autoware_msgs/lib/pkgconfig:/home/agilex/autoware.ai/install/autoware_build_flags/lib/x86_64-linux-gnu/pkgconfig:/home/agilex/autoware.ai/install/autoware_build_flags/lib/pkgconfig:${PKG_CONFIG_PATH} PYTHONPATH=/home/agilex/autoware.ai/install/vector_map_msgs/lib/python2.7/dist-packages:/home/agilex/autoware.ai/install/autoware_msgs/lib/python2.7/dist-packages:${PYTHONPATH} ROS_PACKAGE_PATH=/home/agilex/autoware.ai/install/vector_map/share:/home/agilex/autoware.ai/install/vector_map_msgs/share:/home/agilex/autoware.ai/install/autoware_msgs/share:/home/agilex/autoware.ai/install/autoware_build_flags/share:${ROS_PACKAGE_PATH} /usr/bin/cmake /home/agilex/autoware.ai/src/autoware/core_perception/lidar_imm_ukf_pda_track -DCMAKE_BUILD_TYPE=Release -DCATKIN_INSTALL_INTO_PREFIX_ROOT=0 -DCMAKE_INSTALL_PREFIX=/home/agilex/autoware.ai/install/imm_ukf_pda_track
[0.082s] -- The C compiler identification is GNU 7.5.0
[0.131s] -- The CXX compiler identification is GNU 7.5.0
[0.135s] -- Check for working C compiler: /usr/bin/cc
[0.192s] -- Check for working C compiler: /usr/bin/cc -- works
[0.192s] -- Detecting C compiler ABI info
[0.258s] -- Detecting C compiler ABI info - done
[0.265s] -- Detecting C compile features
[0.447s] -- Detecting C compile features - done
[0.449s] -- Check for working CXX compiler: /usr/bin/c++
[0.519s] -- Check for working CXX compiler: /usr/bin/c++ -- works
[0.520s] -- Detecting CXX compiler ABI info
[0.592s] -- Detecting CXX compiler ABI info - done
[0.600s] -- Detecting CXX compile features
[0.900s] -- Detecting CXX compile features - done
[0.902s] -- CUDA compilation status: .
[0.960s] -- Using CATKIN_DEVEL_PREFIX: /home/agilex/autoware.ai/build/imm_ukf_pda_track/devel
[0.960s] -- Using CMAKE_PREFIX_PATH: /home/agilex/autoware.ai/install/vector_map;/home/agilex/autoware.ai/install/vector_map_msgs;/home/agilex/autoware.ai/install/autoware_msgs;/home/agilex/autoware.ai/install/autoware_build_flags;/opt/ros/melodic
[0.960s] -- This workspace overlays: /home/agilex/autoware.ai/install/vector_map;/home/agilex/autoware.ai/install/vector_map_msgs;/home/agilex/autoware.ai/install/autoware_msgs;/home/agilex/autoware.ai/install/autoware_build_flags;/opt/ros/melodic
[0.976s] -- Found PythonInterp: /usr/bin/python2 (found suitable version "2.7.17", minimum required is "2") 
[0.976s] -- Using PYTHON_EXECUTABLE: /usr/bin/python2
[0.976s] -- Using Debian Python package layout
[0.977s] -- Using empy: /usr/bin/empy
[1.129s] -- Using CATKIN_ENABLE_TESTING: ON
[1.129s] -- Call enable_testing()
[1.133s] -- Using CATKIN_TEST_RESULTS_DIR: /home/agilex/autoware.ai/build/imm_ukf_pda_track/test_results
[1.148s] -- Found gtest sources under '/usr/src/googletest': gtests will be built
[1.148s] -- Found gmock sources under '/usr/src/googletest': gmock will be built
[1.161s] -- Found PythonInterp: /usr/bin/python2 (found version "2.7.17") 
[1.162s] -- Looking for pthread.h
[1.222s] -- Looking for pthread.h - found
[1.222s] -- Looking for pthread_create
[1.287s] -- Looking for pthread_create - not found
[1.288s] -- Looking for pthread_create in pthreads
[1.338s] -- Looking for pthread_create in pthreads - not found
[1.338s] -- Looking for pthread_create in pthread
[1.397s] -- Looking for pthread_create in pthread - found
[1.398s] -- Found Threads: TRUE  
[1.404s] -- Using Python nosetests: /usr/bin/nosetests-2.7
[1.445s] -- catkin 0.7.29
[1.445s] -- BUILD_SHARED_LIBS is on
[1.539s] -- Using these message generators: gencpp;geneus;genlisp;gennodejs;genpy
[2.551s] -- Configuring done
[2.609s] -- Generating done
[2.630s] -- Build files have been written to: /home/agilex/autoware.ai/build/imm_ukf_pda_track
[2.639s] Invoked command in '/home/agilex/autoware.ai/build/imm_ukf_pda_track' returned '0': CMAKE_PREFIX_PATH=/home/agilex/autoware.ai/install/vector_map:/home/agilex/autoware.ai/install/vector_map_msgs:/home/agilex/autoware.ai/install/autoware_msgs:/home/agilex/autoware.ai/install/autoware_build_flags:${CMAKE_PREFIX_PATH} LD_LIBRARY_PATH=/home/agilex/autoware.ai/install/vector_map/lib:${LD_LIBRARY_PATH} PKG_CONFIG_PATH=/home/agilex/autoware.ai/install/vector_map/lib/x86_64-linux-gnu/pkgconfig:/home/agilex/autoware.ai/install/vector_map/lib/pkgconfig:/home/agilex/autoware.ai/install/vector_map_msgs/lib/x86_64-linux-gnu/pkgconfig:/home/agilex/autoware.ai/install/vector_map_msgs/lib/pkgconfig:/home/agilex/autoware.ai/install/autoware_msgs/lib/x86_64-linux-gnu/pkgconfig:/home/agilex/autoware.ai/install/autoware_msgs/lib/pkgconfig:/home/agilex/autoware.ai/install/autoware_build_flags/lib/x86_64-linux-gnu/pkgconfig:/home/agilex/autoware.ai/install/autoware_build_flags/lib/pkgconfig:${PKG_CONFIG_PATH} PYTHONPATH=/home/agilex/autoware.ai/install/vector_map_msgs/lib/python2.7/dist-packages:/home/agilex/autoware.ai/install/autoware_msgs/lib/python2.7/dist-packages:${PYTHONPATH} ROS_PACKAGE_PATH=/home/agilex/autoware.ai/install/vector_map/share:/home/agilex/autoware.ai/install/vector_map_msgs/share:/home/agilex/autoware.ai/install/autoware_msgs/share:/home/agilex/autoware.ai/install/autoware_build_flags/share:${ROS_PACKAGE_PATH} /usr/bin/cmake /home/agilex/autoware.ai/src/autoware/core_perception/lidar_imm_ukf_pda_track -DCMAKE_BUILD_TYPE=Release -DCATKIN_INSTALL_INTO_PREFIX_ROOT=0 -DCMAKE_INSTALL_PREFIX=/home/agilex/autoware.ai/install/imm_ukf_pda_track
[2.640s] Invoking command in '/home/agilex/autoware.ai/build/imm_ukf_pda_track': CMAKE_PREFIX_PATH=/home/agilex/autoware.ai/install/vector_map:/home/agilex/autoware.ai/install/vector_map_msgs:/home/agilex/autoware.ai/install/autoware_msgs:/home/agilex/autoware.ai/install/autoware_build_flags:${CMAKE_PREFIX_PATH} LD_LIBRARY_PATH=/home/agilex/autoware.ai/install/vector_map/lib:${LD_LIBRARY_PATH} PKG_CONFIG_PATH=/home/agilex/autoware.ai/install/vector_map/lib/x86_64-linux-gnu/pkgconfig:/home/agilex/autoware.ai/install/vector_map/lib/pkgconfig:/home/agilex/autoware.ai/install/vector_map_msgs/lib/x86_64-linux-gnu/pkgconfig:/home/agilex/autoware.ai/install/vector_map_msgs/lib/pkgconfig:/home/agilex/autoware.ai/install/autoware_msgs/lib/x86_64-linux-gnu/pkgconfig:/home/agilex/autoware.ai/install/autoware_msgs/lib/pkgconfig:/home/agilex/autoware.ai/install/autoware_build_flags/lib/x86_64-linux-gnu/pkgconfig:/home/agilex/autoware.ai/install/autoware_build_flags/lib/pkgconfig:${PKG_CONFIG_PATH} PYTHONPATH=/home/agilex/autoware.ai/install/vector_map_msgs/lib/python2.7/dist-packages:/home/agilex/autoware.ai/install/autoware_msgs/lib/python2.7/dist-packages:${PYTHONPATH} ROS_PACKAGE_PATH=/home/agilex/autoware.ai/install/vector_map/share:/home/agilex/autoware.ai/install/vector_map_msgs/share:/home/agilex/autoware.ai/install/autoware_msgs/share:/home/agilex/autoware.ai/install/autoware_build_flags/share:${ROS_PACKAGE_PATH} /usr/bin/cmake --build /home/agilex/autoware.ai/build/imm_ukf_pda_track -- -j8 -l8
[2.691s] [35m[1mScanning dependencies of target std_srvs_generate_messages_lisp[0m
[2.734s] [  0%] Built target std_srvs_generate_messages_lisp
[2.768s] [35m[1mScanning dependencies of target visualization_msgs_generate_messages_eus[0m
[2.792s] [  0%] Built target visualization_msgs_generate_messages_eus
[2.842s] [35m[1mScanning dependencies of target tf2_msgs_generate_messages_nodejs[0m
[2.885s] [  0%] Built target tf2_msgs_generate_messages_nodejs
[2.895s] [35m[1mScanning dependencies of target visualization_msgs_generate_messages_cpp[0m
[2.916s] [  0%] Built target visualization_msgs_generate_messages_cpp
[2.943s] [35m[1mScanning dependencies of target tf2_msgs_generate_messages_eus[0m
[2.957s] [  0%] Built target tf2_msgs_generate_messages_eus
[2.974s] [35m[1mScanning dependencies of target tf2_msgs_generate_messages_cpp[0m
[3.000s] [  0%] Built target tf2_msgs_generate_messages_cpp
[3.018s] [35m[1mScanning dependencies of target tf2_msgs_generate_messages_py[0m
[3.048s] [  0%] Built target tf2_msgs_generate_messages_py
[3.061s] [35m[1mScanning dependencies of target actionlib_generate_messages_py[0m
[3.070s] [  0%] Built target actionlib_generate_messages_py
[3.079s] [35m[1mScanning dependencies of target actionlib_generate_messages_cpp[0m
[3.102s] [  0%] Built target actionlib_generate_messages_cpp
[3.159s] [35m[1mScanning dependencies of target tf_generate_messages_nodejs[0m
[3.186s] [  0%] Built target tf_generate_messages_nodejs
[3.209s] [35m[1mScanning dependencies of target tf_generate_messages_lisp[0m
[3.223s] [  0%] Built target tf_generate_messages_lisp
[3.255s] [35m[1mScanning dependencies of target topic_tools_generate_messages_nodejs[0m
[3.265s] [  0%] Built target topic_tools_generate_messages_nodejs
[3.277s] [35m[1mScanning dependencies of target topic_tools_generate_messages_eus[0m
[3.286s] [  0%] Built target topic_tools_generate_messages_eus
[3.305s] [35m[1mScanning dependencies of target topic_tools_generate_messages_cpp[0m
[3.335s] [  0%] Built target topic_tools_generate_messages_cpp
[3.379s] [35m[1mScanning dependencies of target std_srvs_generate_messages_py[0m
[3.411s] [  0%] Built target std_srvs_generate_messages_py
[3.434s] [35m[1mScanning dependencies of target jsk_footstep_msgs_generate_messages_nodejs[0m
[3.443s] [  0%] Built target jsk_footstep_msgs_generate_messages_nodejs
[3.451s] [35m[1mScanning dependencies of target jsk_footstep_msgs_generate_messages_lisp[0m
[3.460s] [  0%] Built target jsk_footstep_msgs_generate_messages_lisp
[3.500s] [35m[1mScanning dependencies of target jsk_footstep_msgs_generate_messages_eus[0m
[3.524s] [  0%] Built target jsk_footstep_msgs_generate_messages_eus
[3.553s] [35m[1mScanning dependencies of target actionlib_msgs_generate_messages_py[0m
[3.563s] [  0%] Built target actionlib_msgs_generate_messages_py
[3.573s] [35m[1mScanning dependencies of target geometry_msgs_generate_messages_py[0m
[3.582s] [  0%] Built target geometry_msgs_generate_messages_py
[3.592s] [35m[1mScanning dependencies of target pcl_msgs_generate_messages_nodejs[0m
[3.602s] [  0%] Built target pcl_msgs_generate_messages_nodejs
[3.611s] [35m[1mScanning dependencies of target nodelet_generate_messages_nodejs[0m
[3.621s] [  0%] Built target nodelet_generate_messages_nodejs
[3.638s] [35m[1mScanning dependencies of target jsk_recognition_msgs_generate_messages_py[0m
[3.647s] [  0%] Built target jsk_recognition_msgs_generate_messages_py
[3.655s] [35m[1mScanning dependencies of target pcl_msgs_generate_messages_eus[0m
[3.665s] [  0%] Built target pcl_msgs_generate_messages_eus
[3.674s] [35m[1mScanning dependencies of target rosgraph_msgs_generate_messages_eus[0m
[3.682s] [  0%] Built target rosgraph_msgs_generate_messages_eus
[3.691s] [35m[1mScanning dependencies of target jsk_recognition_msgs_generate_messages_lisp[0m
[3.700s] [  0%] Built target jsk_recognition_msgs_generate_messages_lisp
[3.709s] [35m[1mScanning dependencies of target tf_generate_messages_eus[0m
[3.718s] [  0%] Built target tf_generate_messages_eus
[3.727s] [35m[1mScanning dependencies of target jsk_footstep_msgs_generate_messages_cpp[0m
[3.736s] [  0%] Built target jsk_footstep_msgs_generate_messages_cpp
[3.744s] [35m[1mScanning dependencies of target actionlib_msgs_generate_messages_cpp[0m
[3.753s] [  0%] Built target actionlib_msgs_generate_messages_cpp
[3.762s] [35m[1mScanning dependencies of target jsk_recognition_msgs_generate_messages_eus[0m
[3.772s] [  0%] Built target jsk_recognition_msgs_generate_messages_eus
[3.782s] [35m[1mScanning dependencies of target sensor_msgs_generate_messages_nodejs[0m
[3.791s] [  0%] Built target sensor_msgs_generate_messages_nodejs
[3.801s] [35m[1mScanning dependencies of target roscpp_generate_messages_cpp[0m
[3.811s] [  0%] Built target roscpp_generate_messages_cpp
[3.820s] [35m[1mScanning dependencies of target autoware_msgs_generate_messages_lisp[0m
[3.829s] [  0%] Built target autoware_msgs_generate_messages_lisp
[3.837s] [35m[1mScanning dependencies of target jsk_footstep_msgs_generate_messages_py[0m
[3.846s] [  0%] Built target jsk_footstep_msgs_generate_messages_py
[3.855s] [35m[1mScanning dependencies of target std_msgs_generate_messages_cpp[0m
[3.864s] [  0%] Built target std_msgs_generate_messages_cpp
[3.873s] [35m[1mScanning dependencies of target sensor_msgs_generate_messages_py[0m
[3.885s] [  0%] Built target sensor_msgs_generate_messages_py
[3.893s] [35m[1mScanning dependencies of target nodelet_generate_messages_py[0m
[3.901s] [  0%] Built target nodelet_generate_messages_py
[3.910s] [35m[1mScanning dependencies of target actionlib_generate_messages_lisp[0m
[3.918s] [  0%] Built target actionlib_generate_messages_lisp
[3.927s] [35m[1mScanning dependencies of target geometry_msgs_generate_messages_cpp[0m
[3.936s] [  0%] Built target geometry_msgs_generate_messages_cpp
[3.951s] [35m[1mScanning dependencies of target geometry_msgs_generate_messages_lisp[0m
[3.967s] [  0%] Built target geometry_msgs_generate_messages_lisp
[3.980s] [35m[1mScanning dependencies of target nodelet_generate_messages_lisp[0m
[3.990s] [  0%] Built target nodelet_generate_messages_lisp
[4.002s] [35m[1mScanning dependencies of target autoware_msgs_generate_messages_py[0m
[4.018s] [  0%] Built target autoware_msgs_generate_messages_py
[4.033s] [35m[1mScanning dependencies of target std_msgs_generate_messages_py[0m
[4.036s] [  0%] Built target std_msgs_generate_messages_py
[4.067s] [35m[1mScanning dependencies of target autoware_msgs_generate_messages_cpp[0m
[4.080s] [  0%] Built target autoware_msgs_generate_messages_cpp
[4.101s] [35m[1mScanning dependencies of target rosgraph_msgs_generate_messages_cpp[0m
[4.124s] [  0%] Built target rosgraph_msgs_generate_messages_cpp
[4.133s] [35m[1mScanning dependencies of target tf_generate_messages_py[0m
[4.143s] [  0%] Built target tf_generate_messages_py
[4.159s] [35m[1mScanning dependencies of target dynamic_reconfigure_generate_messages_cpp[0m
[4.176s] [  0%] Built target dynamic_reconfigure_generate_messages_cpp
[4.193s] [35m[1mScanning dependencies of target pcl_msgs_generate_messages_cpp[0m
[4.218s] [  0%] Built target pcl_msgs_generate_messages_cpp
[4.233s] [35m[1mScanning dependencies of target dynamic_reconfigure_generate_messages_lisp[0m
[4.246s] [  0%] Built target dynamic_reconfigure_generate_messages_lisp
[4.269s] [35m[1mScanning dependencies of target topic_tools_generate_messages_lisp[0m
[4.297s] [  0%] Built target topic_tools_generate_messages_lisp
[4.316s] [35m[1mScanning dependencies of target jsk_recognition_msgs_generate_messages_cpp[0m
[4.330s] [  0%] Built target jsk_recognition_msgs_generate_messages_cpp
[4.346s] [35m[1mScanning dependencies of target sensor_msgs_generate_messages_lisp[0m
[4.358s] [  0%] Built target sensor_msgs_generate_messages_lisp
[4.377s] [35m[1mScanning dependencies of target std_srvs_generate_messages_cpp[0m
[4.398s] [  0%] Built target std_srvs_generate_messages_cpp
[4.409s] [35m[1mScanning dependencies of target autoware_msgs_generate_messages_eus[0m
[4.431s] [  0%] Built target autoware_msgs_generate_messages_eus
[4.449s] [35m[1mScanning dependencies of target actionlib_generate_messages_nodejs[0m
[4.465s] [  0%] Built target actionlib_generate_messages_nodejs
[4.484s] [35m[1mScanning dependencies of target tf_generate_messages_cpp[0m
[4.494s] [  0%] Built target tf_generate_messages_cpp
[4.507s] [35m[1mScanning dependencies of target pcl_msgs_generate_messages_lisp[0m
[4.524s] [  0%] Built target pcl_msgs_generate_messages_lisp
[4.540s] [35m[1mScanning dependencies of target autoware_msgs_generate_messages_nodejs[0m
[4.549s] [  0%] Built target autoware_msgs_generate_messages_nodejs
[4.566s] [35m[1mScanning dependencies of target visualization_msgs_generate_messages_lisp[0m
[4.579s] [  0%] Built target visualization_msgs_generate_messages_lisp
[4.590s] [35m[1mScanning dependencies of target std_msgs_generate_messages_eus[0m
[4.611s] [  0%] Built target std_msgs_generate_messages_eus
[4.628s] [35m[1mScanning dependencies of target geometry_msgs_generate_messages_eus[0m
[4.643s] [  0%] Built target geometry_msgs_generate_messages_eus
[4.669s] [35m[1mScanning dependencies of target std_msgs_generate_messages_nodejs[0m
[4.684s] [  0%] Built target std_msgs_generate_messages_nodejs
[4.693s] [35m[1mScanning dependencies of target bond_generate_messages_lisp[0m
[4.715s] [  0%] Built target bond_generate_messages_lisp
[4.733s] [35m[1mScanning dependencies of target actionlib_generate_messages_eus[0m
[4.761s] [  0%] Built target actionlib_generate_messages_eus
[4.777s] [35m[1mScanning dependencies of target pcl_msgs_generate_messages_py[0m
[4.790s] [  0%] Built target pcl_msgs_generate_messages_py
[4.808s] [35m[1mScanning dependencies of target sensor_msgs_generate_messages_eus[0m
[4.826s] [  0%] Built target sensor_msgs_generate_messages_eus
[4.835s] [35m[1mScanning dependencies of target roscpp_generate_messages_nodejs[0m
[4.858s] [  0%] Built target roscpp_generate_messages_nodejs
[4.871s] [35m[1mScanning dependencies of target std_msgs_generate_messages_lisp[0m
[4.891s] [  0%] Built target std_msgs_generate_messages_lisp
[4.913s] [35m[1mScanning dependencies of target sensor_msgs_generate_messages_cpp[0m
[4.927s] [  0%] Built target sensor_msgs_generate_messages_cpp
[4.936s] [35m[1mScanning dependencies of target actionlib_msgs_generate_messages_lisp[0m
[4.951s] [  0%] Built target actionlib_msgs_generate_messages_lisp
[4.960s] [35m[1mScanning dependencies of target geometry_msgs_generate_messages_nodejs[0m
[4.970s] [  0%] Built target geometry_msgs_generate_messages_nodejs
[4.984s] [35m[1mScanning dependencies of target jsk_recognition_msgs_generate_messages_nodejs[0m
[4.994s] [  0%] Built target jsk_recognition_msgs_generate_messages_nodejs
[5.002s] [35m[1mScanning dependencies of target std_srvs_generate_messages_eus[0m
[5.012s] [  0%] Built target std_srvs_generate_messages_eus
[5.022s] [35m[1mScanning dependencies of target roscpp_generate_messages_lisp[0m
[5.032s] [  0%] Built target roscpp_generate_messages_lisp
[5.042s] [35m[1mScanning dependencies of target bond_generate_messages_eus[0m
[5.053s] [  0%] Built target bond_generate_messages_eus
[5.063s] [35m[1mScanning dependencies of target roscpp_generate_messages_py[0m
[5.076s] [  0%] Built target roscpp_generate_messages_py
[5.085s] [35m[1mScanning dependencies of target rosgraph_msgs_generate_messages_lisp[0m
[5.094s] [  0%] Built target rosgraph_msgs_generate_messages_lisp
[5.104s] [35m[1mScanning dependencies of target rosgraph_msgs_generate_messages_nodejs[0m
[5.118s] [  0%] Built target rosgraph_msgs_generate_messages_nodejs
[5.131s] [35m[1mScanning dependencies of target actionlib_msgs_generate_messages_eus[0m
[5.143s] [  0%] Built target actionlib_msgs_generate_messages_eus
[5.152s] [35m[1mScanning dependencies of target roscpp_generate_messages_eus[0m
[5.162s] [  0%] Built target roscpp_generate_messages_eus
[5.171s] [35m[1mScanning dependencies of target rosgraph_msgs_generate_messages_py[0m
[5.180s] [  0%] Built target rosgraph_msgs_generate_messages_py
[5.192s] [35m[1mScanning dependencies of target pcl_ros_gencfg[0m
[5.200s] [  0%] Built target pcl_ros_gencfg
[5.210s] [35m[1mScanning dependencies of target dynamic_reconfigure_generate_messages_eus[0m
[5.223s] [  0%] Built target dynamic_reconfigure_generate_messages_eus
[5.234s] [35m[1mScanning dependencies of target dynamic_reconfigure_generate_messages_nodejs[0m
[5.243s] [  0%] Built target dynamic_reconfigure_generate_messages_nodejs
[5.252s] [35m[1mScanning dependencies of target dynamic_reconfigure_generate_messages_py[0m
[5.262s] [  0%] Built target dynamic_reconfigure_generate_messages_py
[5.275s] [35m[1mScanning dependencies of target tf2_msgs_generate_messages_lisp[0m
[5.284s] [  0%] Built target tf2_msgs_generate_messages_lisp
[5.297s] [35m[1mScanning dependencies of target dynamic_reconfigure_gencfg[0m
[5.307s] [  0%] Built target dynamic_reconfigure_gencfg
[5.316s] [35m[1mScanning dependencies of target nodelet_generate_messages_cpp[0m
[5.326s] [  0%] Built target nodelet_generate_messages_cpp
[5.336s] [35m[1mScanning dependencies of target vector_map_msgs_generate_messages_nodejs[0m
[5.347s] [  0%] Built target vector_map_msgs_generate_messages_nodejs
[5.356s] [35m[1mScanning dependencies of target bond_generate_messages_py[0m
[5.364s] [  0%] Built target bond_generate_messages_py
[5.373s] [35m[1mScanning dependencies of target std_srvs_generate_messages_nodejs[0m
[5.382s] [  0%] Built target std_srvs_generate_messages_nodejs
[5.394s] [35m[1mScanning dependencies of target nodelet_generate_messages_eus[0m
[5.403s] [  0%] Built target nodelet_generate_messages_eus
[5.412s] [35m[1mScanning dependencies of target bond_generate_messages_cpp[0m
[5.421s] [  0%] Built target bond_generate_messages_cpp
[5.429s] [35m[1mScanning dependencies of target bond_generate_messages_nodejs[0m
[5.437s] [  0%] Built target bond_generate_messages_nodejs
[5.446s] [35m[1mScanning dependencies of target topic_tools_generate_messages_py[0m
[5.455s] [  0%] Built target topic_tools_generate_messages_py
[5.463s] [35m[1mScanning dependencies of target actionlib_msgs_generate_messages_nodejs[0m
[5.472s] [  0%] Built target actionlib_msgs_generate_messages_nodejs
[5.484s] [35m[1mScanning dependencies of target nodelet_topic_tools_gencfg[0m
[5.492s] [  0%] Built target nodelet_topic_tools_gencfg
[5.500s] [35m[1mScanning dependencies of target visualization_msgs_generate_messages_nodejs[0m
[5.509s] [  0%] Built target visualization_msgs_generate_messages_nodejs
[5.518s] [35m[1mScanning dependencies of target visualization_msgs_generate_messages_py[0m
[5.527s] [  0%] Built target visualization_msgs_generate_messages_py
[5.537s] [35m[1mScanning dependencies of target vector_map_msgs_generate_messages_cpp[0m
[5.548s] [  0%] Built target vector_map_msgs_generate_messages_cpp
[5.556s] [35m[1mScanning dependencies of target vector_map_msgs_generate_messages_eus[0m
[5.565s] [  0%] Built target vector_map_msgs_generate_messages_eus
[5.574s] [35m[1mScanning dependencies of target vector_map_msgs_generate_messages_lisp[0m
[5.583s] [  0%] Built target vector_map_msgs_generate_messages_lisp
[5.597s] [35m[1mScanning dependencies of target vector_map_msgs_generate_messages_py[0m
[5.606s] [  0%] Built target vector_map_msgs_generate_messages_py
[5.618s] [35m[1mScanning dependencies of target imm_ukf_pda[0m
[5.699s] [ 25%] [32mBuilding CXX object CMakeFiles/imm_ukf_pda.dir/nodes/imm_ukf_pda/imm_ukf_pda_main.cpp.o[0m
[12.487s] [ 50%] [32mBuilding CXX object CMakeFiles/imm_ukf_pda.dir/nodes/imm_ukf_pda/ukf.cpp.o[0m
[21.480s] [ 75%] [32mBuilding CXX object CMakeFiles/imm_ukf_pda.dir/nodes/imm_ukf_pda/imm_ukf_pda.cpp.o[0m
[32.843s] [100%] [32m[1mLinking CXX executable devel/lib/imm_ukf_pda_track/imm_ukf_pda[0m
[33.287s] [100%] Built target imm_ukf_pda
[33.299s] Invoked command in '/home/agilex/autoware.ai/build/imm_ukf_pda_track' returned '0': CMAKE_PREFIX_PATH=/home/agilex/autoware.ai/install/vector_map:/home/agilex/autoware.ai/install/vector_map_msgs:/home/agilex/autoware.ai/install/autoware_msgs:/home/agilex/autoware.ai/install/autoware_build_flags:${CMAKE_PREFIX_PATH} LD_LIBRARY_PATH=/home/agilex/autoware.ai/install/vector_map/lib:${LD_LIBRARY_PATH} PKG_CONFIG_PATH=/home/agilex/autoware.ai/install/vector_map/lib/x86_64-linux-gnu/pkgconfig:/home/agilex/autoware.ai/install/vector_map/lib/pkgconfig:/home/agilex/autoware.ai/install/vector_map_msgs/lib/x86_64-linux-gnu/pkgconfig:/home/agilex/autoware.ai/install/vector_map_msgs/lib/pkgconfig:/home/agilex/autoware.ai/install/autoware_msgs/lib/x86_64-linux-gnu/pkgconfig:/home/agilex/autoware.ai/install/autoware_msgs/lib/pkgconfig:/home/agilex/autoware.ai/install/autoware_build_flags/lib/x86_64-linux-gnu/pkgconfig:/home/agilex/autoware.ai/install/autoware_build_flags/lib/pkgconfig:${PKG_CONFIG_PATH} PYTHONPATH=/home/agilex/autoware.ai/install/vector_map_msgs/lib/python2.7/dist-packages:/home/agilex/autoware.ai/install/autoware_msgs/lib/python2.7/dist-packages:${PYTHONPATH} ROS_PACKAGE_PATH=/home/agilex/autoware.ai/install/vector_map/share:/home/agilex/autoware.ai/install/vector_map_msgs/share:/home/agilex/autoware.ai/install/autoware_msgs/share:/home/agilex/autoware.ai/install/autoware_build_flags/share:${ROS_PACKAGE_PATH} /usr/bin/cmake --build /home/agilex/autoware.ai/build/imm_ukf_pda_track -- -j8 -l8
[33.569s] Invoking command in '/home/agilex/autoware.ai/build/imm_ukf_pda_track': CMAKE_PREFIX_PATH=/home/agilex/autoware.ai/install/vector_map:/home/agilex/autoware.ai/install/vector_map_msgs:/home/agilex/autoware.ai/install/autoware_msgs:/home/agilex/autoware.ai/install/autoware_build_flags:${CMAKE_PREFIX_PATH} LD_LIBRARY_PATH=/home/agilex/autoware.ai/install/vector_map/lib:${LD_LIBRARY_PATH} PKG_CONFIG_PATH=/home/agilex/autoware.ai/install/vector_map/lib/x86_64-linux-gnu/pkgconfig:/home/agilex/autoware.ai/install/vector_map/lib/pkgconfig:/home/agilex/autoware.ai/install/vector_map_msgs/lib/x86_64-linux-gnu/pkgconfig:/home/agilex/autoware.ai/install/vector_map_msgs/lib/pkgconfig:/home/agilex/autoware.ai/install/autoware_msgs/lib/x86_64-linux-gnu/pkgconfig:/home/agilex/autoware.ai/install/autoware_msgs/lib/pkgconfig:/home/agilex/autoware.ai/install/autoware_build_flags/lib/x86_64-linux-gnu/pkgconfig:/home/agilex/autoware.ai/install/autoware_build_flags/lib/pkgconfig:${PKG_CONFIG_PATH} PYTHONPATH=/home/agilex/autoware.ai/install/vector_map_msgs/lib/python2.7/dist-packages:/home/agilex/autoware.ai/install/autoware_msgs/lib/python2.7/dist-packages:${PYTHONPATH} ROS_PACKAGE_PATH=/home/agilex/autoware.ai/install/vector_map/share:/home/agilex/autoware.ai/install/vector_map_msgs/share:/home/agilex/autoware.ai/install/autoware_msgs/share:/home/agilex/autoware.ai/install/autoware_build_flags/share:${ROS_PACKAGE_PATH} /usr/bin/cmake --build /home/agilex/autoware.ai/build/imm_ukf_pda_track --target tests -- -j8 -l8
[33.658s] [35m[1mScanning dependencies of target tests[0m
[33.671s] Built target tests
[33.689s] Invoked command in '/home/agilex/autoware.ai/build/imm_ukf_pda_track' returned '0': CMAKE_PREFIX_PATH=/home/agilex/autoware.ai/install/vector_map:/home/agilex/autoware.ai/install/vector_map_msgs:/home/agilex/autoware.ai/install/autoware_msgs:/home/agilex/autoware.ai/install/autoware_build_flags:${CMAKE_PREFIX_PATH} LD_LIBRARY_PATH=/home/agilex/autoware.ai/install/vector_map/lib:${LD_LIBRARY_PATH} PKG_CONFIG_PATH=/home/agilex/autoware.ai/install/vector_map/lib/x86_64-linux-gnu/pkgconfig:/home/agilex/autoware.ai/install/vector_map/lib/pkgconfig:/home/agilex/autoware.ai/install/vector_map_msgs/lib/x86_64-linux-gnu/pkgconfig:/home/agilex/autoware.ai/install/vector_map_msgs/lib/pkgconfig:/home/agilex/autoware.ai/install/autoware_msgs/lib/x86_64-linux-gnu/pkgconfig:/home/agilex/autoware.ai/install/autoware_msgs/lib/pkgconfig:/home/agilex/autoware.ai/install/autoware_build_flags/lib/x86_64-linux-gnu/pkgconfig:/home/agilex/autoware.ai/install/autoware_build_flags/lib/pkgconfig:${PKG_CONFIG_PATH} PYTHONPATH=/home/agilex/autoware.ai/install/vector_map_msgs/lib/python2.7/dist-packages:/home/agilex/autoware.ai/install/autoware_msgs/lib/python2.7/dist-packages:${PYTHONPATH} ROS_PACKAGE_PATH=/home/agilex/autoware.ai/install/vector_map/share:/home/agilex/autoware.ai/install/vector_map_msgs/share:/home/agilex/autoware.ai/install/autoware_msgs/share:/home/agilex/autoware.ai/install/autoware_build_flags/share:${ROS_PACKAGE_PATH} /usr/bin/cmake --build /home/agilex/autoware.ai/build/imm_ukf_pda_track --target tests -- -j8 -l8
[33.892s] Invoking command in '/home/agilex/autoware.ai/build/imm_ukf_pda_track': CMAKE_PREFIX_PATH=/home/agilex/autoware.ai/install/vector_map:/home/agilex/autoware.ai/install/vector_map_msgs:/home/agilex/autoware.ai/install/autoware_msgs:/home/agilex/autoware.ai/install/autoware_build_flags:${CMAKE_PREFIX_PATH} LD_LIBRARY_PATH=/home/agilex/autoware.ai/install/vector_map/lib:${LD_LIBRARY_PATH} PKG_CONFIG_PATH=/home/agilex/autoware.ai/install/vector_map/lib/x86_64-linux-gnu/pkgconfig:/home/agilex/autoware.ai/install/vector_map/lib/pkgconfig:/home/agilex/autoware.ai/install/vector_map_msgs/lib/x86_64-linux-gnu/pkgconfig:/home/agilex/autoware.ai/install/vector_map_msgs/lib/pkgconfig:/home/agilex/autoware.ai/install/autoware_msgs/lib/x86_64-linux-gnu/pkgconfig:/home/agilex/autoware.ai/install/autoware_msgs/lib/pkgconfig:/home/agilex/autoware.ai/install/autoware_build_flags/lib/x86_64-linux-gnu/pkgconfig:/home/agilex/autoware.ai/install/autoware_build_flags/lib/pkgconfig:${PKG_CONFIG_PATH} PYTHONPATH=/home/agilex/autoware.ai/install/vector_map_msgs/lib/python2.7/dist-packages:/home/agilex/autoware.ai/install/autoware_msgs/lib/python2.7/dist-packages:${PYTHONPATH} ROS_PACKAGE_PATH=/home/agilex/autoware.ai/install/vector_map/share:/home/agilex/autoware.ai/install/vector_map_msgs/share:/home/agilex/autoware.ai/install/autoware_msgs/share:/home/agilex/autoware.ai/install/autoware_build_flags/share:${ROS_PACKAGE_PATH} /usr/bin/cmake --build /home/agilex/autoware.ai/build/imm_ukf_pda_track --target install -- -j8 -l8
[33.950s] [  0%] Built target std_srvs_generate_messages_lisp
[33.968s] [  0%] Built target visualization_msgs_generate_messages_eus
[33.986s] [  0%] Built target tf2_msgs_generate_messages_nodejs
[34.006s] [  0%] Built target visualization_msgs_generate_messages_cpp
[34.022s] [  0%] Built target tf2_msgs_generate_messages_eus
[34.045s] [  0%] Built target tf2_msgs_generate_messages_cpp
[34.065s] [  0%] Built target tf2_msgs_generate_messages_py
[34.084s] [  0%] Built target actionlib_generate_messages_py
[34.105s] [  0%] Built target actionlib_generate_messages_cpp
[34.132s] [  0%] Built target tf_generate_messages_nodejs
[34.150s] [  0%] Built target tf_generate_messages_lisp
[34.170s] [  0%] Built target topic_tools_generate_messages_nodejs
[34.186s] [  0%] Built target topic_tools_generate_messages_eus
[34.205s] [  0%] Built target topic_tools_generate_messages_cpp
[34.223s] [  0%] Built target std_srvs_generate_messages_py
[34.242s] [  0%] Built target jsk_footstep_msgs_generate_messages_nodejs
[34.262s] [  0%] Built target jsk_footstep_msgs_generate_messages_lisp
[34.281s] [  0%] Built target jsk_footstep_msgs_generate_messages_eus
[34.299s] [  0%] Built target actionlib_msgs_generate_messages_py
[34.325s] [  0%] Built target geometry_msgs_generate_messages_py
[34.343s] [  0%] Built target pcl_msgs_generate_messages_nodejs
[34.366s] [  0%] Built target nodelet_generate_messages_nodejs
[34.385s] [  0%] Built target jsk_recognition_msgs_generate_messages_py
[34.409s] [  0%] Built target pcl_msgs_generate_messages_eus
[34.433s] [  0%] Built target rosgraph_msgs_generate_messages_eus
[34.453s] [  0%] Built target jsk_recognition_msgs_generate_messages_lisp
[34.470s] [  0%] Built target tf_generate_messages_eus
[34.490s] [  0%] Built target jsk_footstep_msgs_generate_messages_cpp
[34.515s] [  0%] Built target actionlib_msgs_generate_messages_cpp
[34.535s] [  0%] Built target jsk_recognition_msgs_generate_messages_eus
[34.557s] [  0%] Built target sensor_msgs_generate_messages_nodejs
[34.579s] [  0%] Built target roscpp_generate_messages_cpp
[34.601s] [  0%] Built target autoware_msgs_generate_messages_lisp
[34.623s] [  0%] Built target jsk_footstep_msgs_generate_messages_py
[34.644s] [  0%] Built target std_msgs_generate_messages_cpp
[34.668s] [  0%] Built target sensor_msgs_generate_messages_py
[34.688s] [  0%] Built target nodelet_generate_messages_py
[34.705s] [  0%] Built target actionlib_generate_messages_lisp
[34.722s] [  0%] Built target geometry_msgs_generate_messages_cpp
[34.738s] [  0%] Built target geometry_msgs_generate_messages_lisp
[34.756s] [  0%] Built target nodelet_generate_messages_lisp
[34.776s] [  0%] Built target autoware_msgs_generate_messages_py
[34.797s] [  0%] Built target std_msgs_generate_messages_py
[34.852s] [  0%] Built target autoware_msgs_generate_messages_cpp
[34.917s] [  0%] Built target rosgraph_msgs_generate_messages_cpp
[34.950s] [  0%] Built target tf_generate_messages_py
[34.969s] [  0%] Built target dynamic_reconfigure_generate_messages_cpp
[34.988s] [  0%] Built target pcl_msgs_generate_messages_cpp
[35.004s] [  0%] Built target dynamic_reconfigure_generate_messages_lisp
[35.024s] [  0%] Built target topic_tools_generate_messages_lisp
[35.044s] [  0%] Built target jsk_recognition_msgs_generate_messages_cpp
[35.061s] [  0%] Built target sensor_msgs_generate_messages_lisp
[35.078s] [  0%] Built target std_srvs_generate_messages_cpp
[35.096s] [  0%] Built target autoware_msgs_generate_messages_eus
[35.119s] [  0%] Built target actionlib_generate_messages_nodejs
[35.190s] [  0%] Built target tf_generate_messages_cpp
[35.242s] [  0%] Built target pcl_msgs_generate_messages_lisp
[35.262s] [  0%] Built target autoware_msgs_generate_messages_nodejs
[35.278s] [  0%] Built target visualization_msgs_generate_messages_lisp
[35.297s] [  0%] Built target std_msgs_generate_messages_eus
[35.314s] [  0%] Built target geometry_msgs_generate_messages_eus
[35.331s] [  0%] Built target std_msgs_generate_messages_nodejs
[35.349s] [  0%] Built target bond_generate_messages_lisp
[35.366s] [  0%] Built target actionlib_generate_messages_eus
[35.383s] [  0%] Built target pcl_msgs_generate_messages_py
[35.400s] [  0%] Built target sensor_msgs_generate_messages_eus
[35.418s] [  0%] Built target roscpp_generate_messages_nodejs
[35.437s] [  0%] Built target std_msgs_generate_messages_lisp
[35.454s] [  0%] Built target sensor_msgs_generate_messages_cpp
[35.471s] [  0%] Built target actionlib_msgs_generate_messages_lisp
[35.488s] [  0%] Built target geometry_msgs_generate_messages_nodejs
[35.506s] [  0%] Built target jsk_recognition_msgs_generate_messages_nodejs
[35.524s] [  0%] Built target std_srvs_generate_messages_eus
[35.541s] [  0%] Built target roscpp_generate_messages_lisp
[35.558s] [  0%] Built target bond_generate_messages_eus
[35.575s] [  0%] Built target roscpp_generate_messages_py
[35.594s] [  0%] Built target rosgraph_msgs_generate_messages_lisp
[35.612s] [  0%] Built target rosgraph_msgs_generate_messages_nodejs
[35.629s] [  0%] Built target actionlib_msgs_generate_messages_eus
[35.649s] [  0%] Built target roscpp_generate_messages_eus
[35.667s] [  0%] Built target rosgraph_msgs_generate_messages_py
[35.684s] [  0%] Built target pcl_ros_gencfg
[35.702s] [  0%] Built target dynamic_reconfigure_generate_messages_eus
[35.720s] [  0%] Built target dynamic_reconfigure_generate_messages_nodejs
[35.738s] [  0%] Built target dynamic_reconfigure_generate_messages_py
[35.757s] [  0%] Built target tf2_msgs_generate_messages_lisp
[35.775s] [  0%] Built target dynamic_reconfigure_gencfg
[35.792s] [  0%] Built target nodelet_generate_messages_cpp
[35.816s] [  0%] Built target vector_map_msgs_generate_messages_nodejs
[35.833s] [  0%] Built target bond_generate_messages_py
[35.855s] [  0%] Built target std_srvs_generate_messages_nodejs
[35.875s] [  0%] Built target nodelet_generate_messages_eus
[35.893s] [  0%] Built target bond_generate_messages_cpp
[35.912s] [  0%] Built target bond_generate_messages_nodejs
[35.938s] [  0%] Built target topic_tools_generate_messages_py
[35.957s] [  0%] Built target actionlib_msgs_generate_messages_nodejs
[35.978s] [  0%] Built target nodelet_topic_tools_gencfg
[35.999s] [  0%] Built target visualization_msgs_generate_messages_nodejs
[36.015s] [  0%] Built target visualization_msgs_generate_messages_py
[36.032s] [  0%] Built target vector_map_msgs_generate_messages_cpp
[36.060s] [  0%] Built target vector_map_msgs_generate_messages_eus
[36.081s] [  0%] Built target vector_map_msgs_generate_messages_lisp
[36.099s] [  0%] Built target vector_map_msgs_generate_messages_py
[36.138s] [100%] Built target imm_ukf_pda
[36.157s] [36mInstall the project...[0m
[36.164s] -- Install configuration: "Release"
[36.165s] -- Installing: /home/agilex/autoware.ai/install/imm_ukf_pda_track/lib/pkgconfig/imm_ukf_pda_track.pc
[36.165s] -- Installing: /home/agilex/autoware.ai/install/imm_ukf_pda_track/share/imm_ukf_pda_track/cmake/imm_ukf_pda_trackConfig.cmake
[36.165s] -- Installing: /home/agilex/autoware.ai/install/imm_ukf_pda_track/share/imm_ukf_pda_track/cmake/imm_ukf_pda_trackConfig-version.cmake
[36.165s] -- Installing: /home/agilex/autoware.ai/install/imm_ukf_pda_track/share/imm_ukf_pda_track/package.xml
[36.165s] -- Installing: /home/agilex/autoware.ai/install/imm_ukf_pda_track/lib/imm_ukf_pda_track/imm_ukf_pda
[36.166s] -- Set runtime path of "/home/agilex/autoware.ai/install/imm_ukf_pda_track/lib/imm_ukf_pda_track/imm_ukf_pda" to ""
[36.166s] -- Installing: /home/agilex/autoware.ai/install/imm_ukf_pda_track/share/imm_ukf_pda_track/launch
[36.166s] -- Installing: /home/agilex/autoware.ai/install/imm_ukf_pda_track/share/imm_ukf_pda_track/launch/imm_ukf_pda_track.launch
[36.178s] Invoked command in '/home/agilex/autoware.ai/build/imm_ukf_pda_track' returned '0': CMAKE_PREFIX_PATH=/home/agilex/autoware.ai/install/vector_map:/home/agilex/autoware.ai/install/vector_map_msgs:/home/agilex/autoware.ai/install/autoware_msgs:/home/agilex/autoware.ai/install/autoware_build_flags:${CMAKE_PREFIX_PATH} LD_LIBRARY_PATH=/home/agilex/autoware.ai/install/vector_map/lib:${LD_LIBRARY_PATH} PKG_CONFIG_PATH=/home/agilex/autoware.ai/install/vector_map/lib/x86_64-linux-gnu/pkgconfig:/home/agilex/autoware.ai/install/vector_map/lib/pkgconfig:/home/agilex/autoware.ai/install/vector_map_msgs/lib/x86_64-linux-gnu/pkgconfig:/home/agilex/autoware.ai/install/vector_map_msgs/lib/pkgconfig:/home/agilex/autoware.ai/install/autoware_msgs/lib/x86_64-linux-gnu/pkgconfig:/home/agilex/autoware.ai/install/autoware_msgs/lib/pkgconfig:/home/agilex/autoware.ai/install/autoware_build_flags/lib/x86_64-linux-gnu/pkgconfig:/home/agilex/autoware.ai/install/autoware_build_flags/lib/pkgconfig:${PKG_CONFIG_PATH} PYTHONPATH=/home/agilex/autoware.ai/install/vector_map_msgs/lib/python2.7/dist-packages:/home/agilex/autoware.ai/install/autoware_msgs/lib/python2.7/dist-packages:${PYTHONPATH} ROS_PACKAGE_PATH=/home/agilex/autoware.ai/install/vector_map/share:/home/agilex/autoware.ai/install/vector_map_msgs/share:/home/agilex/autoware.ai/install/autoware_msgs/share:/home/agilex/autoware.ai/install/autoware_build_flags/share:${ROS_PACKAGE_PATH} /usr/bin/cmake --build /home/agilex/autoware.ai/build/imm_ukf_pda_track --target install -- -j8 -l8
