[0.029s] Invoking command in '/home/agilex/autoware.ai/build/vehicle_gazebo_simulation_launcher': /usr/bin/cmake --build /home/agilex/autoware.ai/build/vehicle_gazebo_simulation_launcher -- -j8 -l8
[0.061s] Invoked command in '/home/agilex/autoware.ai/build/vehicle_gazebo_simulation_launcher' returned '0': /usr/bin/cmake --build /home/agilex/autoware.ai/build/vehicle_gazebo_simulation_launcher -- -j8 -l8
[0.362s] Invoking command in '/home/agilex/autoware.ai/build/vehicle_gazebo_simulation_launcher': /usr/bin/cmake --build /home/agilex/autoware.ai/build/vehicle_gazebo_simulation_launcher --target tests -- -j8 -l8
[0.484s] Built target tests
[0.499s] Invoked command in '/home/agilex/autoware.ai/build/vehicle_gazebo_simulation_launcher' returned '0': /usr/bin/cmake --build /home/agilex/autoware.ai/build/vehicle_gazebo_simulation_launcher --target tests -- -j8 -l8
[0.735s] Invoking command in '/home/agilex/autoware.ai/build/vehicle_gazebo_simulation_launcher': /usr/bin/cmake --build /home/agilex/autoware.ai/build/vehicle_gazebo_simulation_launcher --target install -- -j8 -l8
[0.823s] [36mInstall the project...[0m
[0.834s] -- Install configuration: "Release"
[0.834s] -- Up-to-date: /home/agilex/autoware.ai/install/vehicle_gazebo_simulation_launcher/lib/pkgconfig/vehicle_gazebo_simulation_launcher.pc
[0.834s] -- Up-to-date: /home/agilex/autoware.ai/install/vehicle_gazebo_simulation_launcher/share/vehicle_gazebo_simulation_launcher/cmake/vehicle_gazebo_simulation_launcherConfig.cmake
[0.834s] -- Up-to-date: /home/agilex/autoware.ai/install/vehicle_gazebo_simulation_launcher/share/vehicle_gazebo_simulation_launcher/cmake/vehicle_gazebo_simulation_launcherConfig-version.cmake
[0.834s] -- Up-to-date: /home/agilex/autoware.ai/install/vehicle_gazebo_simulation_launcher/share/vehicle_gazebo_simulation_launcher/package.xml
[0.834s] -- Up-to-date: /home/agilex/autoware.ai/install/vehicle_gazebo_simulation_launcher/share/vehicle_gazebo_simulation_launcher/launch
[0.834s] -- Up-to-date: /home/agilex/autoware.ai/install/vehicle_gazebo_simulation_launcher/share/vehicle_gazebo_simulation_launcher/launch/rviz_test.launch
[0.834s] -- Up-to-date: /home/agilex/autoware.ai/install/vehicle_gazebo_simulation_launcher/share/vehicle_gazebo_simulation_launcher/launch/gazebo_launcher.launch
[0.834s] -- Up-to-date: /home/agilex/autoware.ai/install/vehicle_gazebo_simulation_launcher/share/vehicle_gazebo_simulation_launcher/launch/world_test.launch
[0.834s] -- Up-to-date: /home/agilex/autoware.ai/install/vehicle_gazebo_simulation_launcher/share/vehicle_gazebo_simulation_launcher/scripts
[0.834s] -- Up-to-date: /home/agilex/autoware.ai/install/vehicle_gazebo_simulation_launcher/share/vehicle_gazebo_simulation_launcher/scripts/upgrade_gazebo_stable_version.sh
[0.835s] -- Up-to-date: /home/agilex/autoware.ai/install/vehicle_gazebo_simulation_launcher/share/vehicle_gazebo_simulation_launcher/scripts/setup.sh
[0.835s] -- Up-to-date: /home/agilex/autoware.ai/install/vehicle_gazebo_simulation_launcher/share/vehicle_gazebo_simulation_launcher/scripts/download_model.sh
[0.863s] Invoked command in '/home/agilex/autoware.ai/build/vehicle_gazebo_simulation_launcher' returned '0': /usr/bin/cmake --build /home/agilex/autoware.ai/build/vehicle_gazebo_simulation_launcher --target install -- -j8 -l8
