Determining if the pthread_create exist failed with the following output:
Change Dir: /home/agilex/autoware.ai/build/detected_objects_visualizer/CMakeFiles/CMakeTmp

Run Build Command:"/usr/bin/make" "cmTC_9f78a/fast"
/usr/bin/make -f CMakeFiles/cmTC_9f78a.dir/build.make CMakeFiles/cmTC_9f78a.dir/build
make[1]: Entering directory '/home/agilex/autoware.ai/build/detected_objects_visualizer/CMakeFiles/CMakeTmp'
Building C object CMakeFiles/cmTC_9f78a.dir/CheckSymbolExists.c.o
/usr/bin/cc    -o CMakeFiles/cmTC_9f78a.dir/CheckSymbolExists.c.o   -c /home/agilex/autoware.ai/build/detected_objects_visualizer/CMakeFiles/CMakeTmp/CheckSymbolExists.c
Linking C executable cmTC_9f78a
/usr/bin/cmake -E cmake_link_script CMakeFiles/cmTC_9f78a.dir/link.txt --verbose=1
/usr/bin/cc      -rdynamic CMakeFiles/cmTC_9f78a.dir/CheckSymbolExists.c.o  -o cmTC_9f78a 
CMakeFiles/cmTC_9f78a.dir/CheckSymbolExists.c.o: In function `main':
CheckSymbolExists.c:(.text+0x1b): undefined reference to `pthread_create'
collect2: error: ld returned 1 exit status
CMakeFiles/cmTC_9f78a.dir/build.make:97: recipe for target 'cmTC_9f78a' failed
make[1]: *** [cmTC_9f78a] Error 1
make[1]: Leaving directory '/home/agilex/autoware.ai/build/detected_objects_visualizer/CMakeFiles/CMakeTmp'
Makefile:126: recipe for target 'cmTC_9f78a/fast' failed
make: *** [cmTC_9f78a/fast] Error 2

File /home/agilex/autoware.ai/build/detected_objects_visualizer/CMakeFiles/CMakeTmp/CheckSymbolExists.c:
/* */
#include <pthread.h>

int main(int argc, char** argv)
{
  (void)argv;
#ifndef pthread_create
  return ((int*)(&pthread_create))[argc];
#else
  (void)argc;
  return 0;
#endif
}

Determining if the function pthread_create exists in the pthreads failed with the following output:
Change Dir: /home/agilex/autoware.ai/build/detected_objects_visualizer/CMakeFiles/CMakeTmp

Run Build Command:"/usr/bin/make" "cmTC_6fcc1/fast"
/usr/bin/make -f CMakeFiles/cmTC_6fcc1.dir/build.make CMakeFiles/cmTC_6fcc1.dir/build
make[1]: Entering directory '/home/agilex/autoware.ai/build/detected_objects_visualizer/CMakeFiles/CMakeTmp'
Building C object CMakeFiles/cmTC_6fcc1.dir/CheckFunctionExists.c.o
/usr/bin/cc   -DCHECK_FUNCTION_EXISTS=pthread_create   -o CMakeFiles/cmTC_6fcc1.dir/CheckFunctionExists.c.o   -c /usr/share/cmake-3.10/Modules/CheckFunctionExists.c
Linking C executable cmTC_6fcc1
/usr/bin/cmake -E cmake_link_script CMakeFiles/cmTC_6fcc1.dir/link.txt --verbose=1
/usr/bin/cc  -DCHECK_FUNCTION_EXISTS=pthread_create    -rdynamic CMakeFiles/cmTC_6fcc1.dir/CheckFunctionExists.c.o  -o cmTC_6fcc1 -lpthreads 
/usr/bin/ld: cannot find -lpthreads
collect2: error: ld returned 1 exit status
CMakeFiles/cmTC_6fcc1.dir/build.make:97: recipe for target 'cmTC_6fcc1' failed
make[1]: *** [cmTC_6fcc1] Error 1
make[1]: Leaving directory '/home/agilex/autoware.ai/build/detected_objects_visualizer/CMakeFiles/CMakeTmp'
Makefile:126: recipe for target 'cmTC_6fcc1/fast' failed
make: *** [cmTC_6fcc1/fast] Error 2


