Determining if the pthread_create exist failed with the following output:
Change Dir: /home/agilex/autoware.ai/build/adi_driver/CMakeFiles/CMakeTmp

Run Build Command:"/usr/bin/make" "cmTC_6e96f/fast"
/usr/bin/make -f CMakeFiles/cmTC_6e96f.dir/build.make CMakeFiles/cmTC_6e96f.dir/build
make[1]: Entering directory '/home/agilex/autoware.ai/build/adi_driver/CMakeFiles/CMakeTmp'
Building C object CMakeFiles/cmTC_6e96f.dir/CheckSymbolExists.c.o
/usr/bin/cc    -o CMakeFiles/cmTC_6e96f.dir/CheckSymbolExists.c.o   -c /home/agilex/autoware.ai/build/adi_driver/CMakeFiles/CMakeTmp/CheckSymbolExists.c
Linking C executable cmTC_6e96f
/usr/bin/cmake -E cmake_link_script CMakeFiles/cmTC_6e96f.dir/link.txt --verbose=1
/usr/bin/cc      -rdynamic CMakeFiles/cmTC_6e96f.dir/CheckSymbolExists.c.o  -o cmTC_6e96f 
CMakeFiles/cmTC_6e96f.dir/CheckSymbolExists.c.o: In function `main':
CheckSymbolExists.c:(.text+0x1b): undefined reference to `pthread_create'
collect2: error: ld returned 1 exit status
CMakeFiles/cmTC_6e96f.dir/build.make:97: recipe for target 'cmTC_6e96f' failed
make[1]: *** [cmTC_6e96f] Error 1
make[1]: Leaving directory '/home/agilex/autoware.ai/build/adi_driver/CMakeFiles/CMakeTmp'
Makefile:126: recipe for target 'cmTC_6e96f/fast' failed
make: *** [cmTC_6e96f/fast] Error 2

File /home/agilex/autoware.ai/build/adi_driver/CMakeFiles/CMakeTmp/CheckSymbolExists.c:
/* */
#include <pthread.h>

int main(int argc, char** argv)
{
  (void)argv;
#ifndef pthread_create
  return ((int*)(&pthread_create))[argc];
#else
  (void)argc;
  return 0;
#endif
}

Determining if the function pthread_create exists in the pthreads failed with the following output:
Change Dir: /home/agilex/autoware.ai/build/adi_driver/CMakeFiles/CMakeTmp

Run Build Command:"/usr/bin/make" "cmTC_38501/fast"
/usr/bin/make -f CMakeFiles/cmTC_38501.dir/build.make CMakeFiles/cmTC_38501.dir/build
make[1]: Entering directory '/home/agilex/autoware.ai/build/adi_driver/CMakeFiles/CMakeTmp'
Building C object CMakeFiles/cmTC_38501.dir/CheckFunctionExists.c.o
/usr/bin/cc   -DCHECK_FUNCTION_EXISTS=pthread_create   -o CMakeFiles/cmTC_38501.dir/CheckFunctionExists.c.o   -c /usr/share/cmake-3.10/Modules/CheckFunctionExists.c
Linking C executable cmTC_38501
/usr/bin/cmake -E cmake_link_script CMakeFiles/cmTC_38501.dir/link.txt --verbose=1
/usr/bin/cc  -DCHECK_FUNCTION_EXISTS=pthread_create    -rdynamic CMakeFiles/cmTC_38501.dir/CheckFunctionExists.c.o  -o cmTC_38501 -lpthreads 
/usr/bin/ld: cannot find -lpthreads
collect2: error: ld returned 1 exit status
CMakeFiles/cmTC_38501.dir/build.make:97: recipe for target 'cmTC_38501' failed
make[1]: *** [cmTC_38501] Error 1
make[1]: Leaving directory '/home/agilex/autoware.ai/build/adi_driver/CMakeFiles/CMakeTmp'
Makefile:126: recipe for target 'cmTC_38501/fast' failed
make: *** [cmTC_38501/fast] Error 2


