[0.010s] Invoking command in '/home/agilex/autoware.ai/build/memsic_imu': /usr/bin/cmake /home/agilex/autoware.ai/src/drivers/awf_drivers/memsic -DCMAKE_BUILD_TYPE=Release -DCATKIN_INSTALL_INTO_PREFIX_ROOT=0 -DCMAKE_INSTALL_PREFIX=/home/agilex/autoware.ai/install/memsic_imu
[0.074s] -- The C compiler identification is GNU 7.5.0
[0.129s] -- The CXX compiler identification is GNU 7.5.0
[0.134s] -- Check for working C compiler: /usr/bin/cc
[0.189s] -- Check for working C compiler: /usr/bin/cc -- works
[0.190s] -- Detecting C compiler ABI info
[0.252s] -- Detecting C compiler ABI info - done
[0.261s] -- Detecting C compile features
[0.451s] -- Detecting C compile features - done
[0.455s] -- Check for working CXX compiler: /usr/bin/c++
[0.535s] -- Check for working CXX compiler: /usr/bin/c++ -- works
[0.535s] -- Detecting CXX compiler ABI info
[0.612s] -- Detecting CXX compiler ABI info - done
[0.620s] -- Detecting CXX compile features
[0.931s] -- Detecting CXX compile features - done
[0.933s] -- Using CATKIN_DEVEL_PREFIX: /home/agilex/autoware.ai/build/memsic_imu/devel
[0.933s] -- Using CMAKE_PREFIX_PATH: /opt/ros/melodic
[0.933s] -- This workspace overlays: /opt/ros/melodic
[0.945s] -- Found PythonInterp: /usr/bin/python2 (found suitable version "2.7.17", minimum required is "2") 
[0.946s] -- Using PYTHON_EXECUTABLE: /usr/bin/python2
[0.946s] -- Using Debian Python package layout
[0.946s] -- Using empy: /usr/bin/empy
[1.099s] -- Using CATKIN_ENABLE_TESTING: ON
[1.099s] -- Call enable_testing()
[1.106s] -- Using CATKIN_TEST_RESULTS_DIR: /home/agilex/autoware.ai/build/memsic_imu/test_results
[1.130s] -- Found gtest sources under '/usr/src/googletest': gtests will be built
[1.131s] -- Found gmock sources under '/usr/src/googletest': gmock will be built
[1.144s] -- Found PythonInterp: /usr/bin/python2 (found version "2.7.17") 
[1.144s] -- Looking for pthread.h
[1.210s] -- Looking for pthread.h - found
[1.210s] -- Looking for pthread_create
[1.271s] -- Looking for pthread_create - not found
[1.271s] -- Looking for pthread_create in pthreads
[1.332s] -- Looking for pthread_create in pthreads - not found
[1.332s] -- Looking for pthread_create in pthread
[1.387s] -- Looking for pthread_create in pthread - found
[1.390s] -- Found Threads: TRUE  
[1.392s] -- Using Python nosetests: /usr/bin/nosetests-2.7
[1.436s] -- catkin 0.7.29
[1.437s] -- BUILD_SHARED_LIBS is on
[1.618s] -- Using these message generators: gencpp;geneus;genlisp;gennodejs;genpy
[1.834s] -- Configuring done
[1.856s] -- Generating done
[1.862s] -- Build files have been written to: /home/agilex/autoware.ai/build/memsic_imu
[1.867s] Invoked command in '/home/agilex/autoware.ai/build/memsic_imu' returned '0': /usr/bin/cmake /home/agilex/autoware.ai/src/drivers/awf_drivers/memsic -DCMAKE_BUILD_TYPE=Release -DCATKIN_INSTALL_INTO_PREFIX_ROOT=0 -DCMAKE_INSTALL_PREFIX=/home/agilex/autoware.ai/install/memsic_imu
[1.870s] Invoking command in '/home/agilex/autoware.ai/build/memsic_imu': /usr/bin/cmake --build /home/agilex/autoware.ai/build/memsic_imu -- -j8 -l8
[1.913s] [35m[1mScanning dependencies of target vg440_node[0m
[1.933s] [ 50%] [32mBuilding CXX object CMakeFiles/vg440_node.dir/nodes/vg440/vg440_node.cpp.o[0m
[6.731s] [100%] [32m[1mLinking CXX executable devel/lib/memsic_imu/vg440_node[0m
[6.872s] [100%] Built target vg440_node
[6.884s] Invoked command in '/home/agilex/autoware.ai/build/memsic_imu' returned '0': /usr/bin/cmake --build /home/agilex/autoware.ai/build/memsic_imu -- -j8 -l8
[6.944s] Invoking command in '/home/agilex/autoware.ai/build/memsic_imu': /usr/bin/cmake --build /home/agilex/autoware.ai/build/memsic_imu --target tests -- -j8 -l8
[6.993s] [35m[1mScanning dependencies of target tests[0m
[7.002s] Built target tests
[7.017s] Invoked command in '/home/agilex/autoware.ai/build/memsic_imu' returned '0': /usr/bin/cmake --build /home/agilex/autoware.ai/build/memsic_imu --target tests -- -j8 -l8
[7.072s] Invoking command in '/home/agilex/autoware.ai/build/memsic_imu': /usr/bin/cmake --build /home/agilex/autoware.ai/build/memsic_imu --target install -- -j8 -l8
[7.127s] [100%] Built target vg440_node
[7.144s] [36mInstall the project...[0m
[7.152s] -- Install configuration: "Release"
[7.152s] -- Installing: /home/agilex/autoware.ai/install/memsic_imu/lib/pkgconfig/memsic_imu.pc
[7.153s] -- Installing: /home/agilex/autoware.ai/install/memsic_imu/share/memsic_imu/cmake/memsic_imuConfig.cmake
[7.153s] -- Installing: /home/agilex/autoware.ai/install/memsic_imu/share/memsic_imu/cmake/memsic_imuConfig-version.cmake
[7.153s] -- Installing: /home/agilex/autoware.ai/install/memsic_imu/share/memsic_imu/package.xml
[7.154s] -- Installing: /home/agilex/autoware.ai/install/memsic_imu/lib/memsic_imu/vg440_node
[7.154s] -- Set runtime path of "/home/agilex/autoware.ai/install/memsic_imu/lib/memsic_imu/vg440_node" to ""
[7.154s] -- Installing: /home/agilex/autoware.ai/install/memsic_imu/share/memsic_imu/launch
[7.155s] -- Installing: /home/agilex/autoware.ai/install/memsic_imu/share/memsic_imu/launch/vg440.launch
[7.159s] Invoked command in '/home/agilex/autoware.ai/build/memsic_imu' returned '0': /usr/bin/cmake --build /home/agilex/autoware.ai/build/memsic_imu --target install -- -j8 -l8
