[0.047s] Invoking command in '/home/agilex/autoware.ai/build/data_preprocessor': CMAKE_PREFIX_PATH=/home/agilex/autoware.ai/install/autoware_build_flags:${CMAKE_PREFIX_PATH} PKG_CONFIG_PATH=/home/agilex/autoware.ai/install/autoware_build_flags/lib/x86_64-linux-gnu/pkgconfig:/home/agilex/autoware.ai/install/autoware_build_flags/lib/pkgconfig:${PKG_CONFIG_PATH} ROS_PACKAGE_PATH=/home/agilex/autoware.ai/install/autoware_build_flags/share:${ROS_PACKAGE_PATH} /usr/bin/cmake --build /home/agilex/autoware.ai/build/data_preprocessor -- -j8 -l8
[0.121s] [ 33%] Built target get_Image
[0.132s] [ 66%] Built target get_PCD
[0.132s] [100%] Built target get_Depth
[0.153s] Invoked command in '/home/agilex/autoware.ai/build/data_preprocessor' returned '0': CMAKE_PREFIX_PATH=/home/agilex/autoware.ai/install/autoware_build_flags:${CMAKE_PREFIX_PATH} PKG_CONFIG_PATH=/home/agilex/autoware.ai/install/autoware_build_flags/lib/x86_64-linux-gnu/pkgconfig:/home/agilex/autoware.ai/install/autoware_build_flags/lib/pkgconfig:${PKG_CONFIG_PATH} ROS_PACKAGE_PATH=/home/agilex/autoware.ai/install/autoware_build_flags/share:${ROS_PACKAGE_PATH} /usr/bin/cmake --build /home/agilex/autoware.ai/build/data_preprocessor -- -j8 -l8
[0.466s] Invoking command in '/home/agilex/autoware.ai/build/data_preprocessor': CMAKE_PREFIX_PATH=/home/agilex/autoware.ai/install/autoware_build_flags:${CMAKE_PREFIX_PATH} PKG_CONFIG_PATH=/home/agilex/autoware.ai/install/autoware_build_flags/lib/x86_64-linux-gnu/pkgconfig:/home/agilex/autoware.ai/install/autoware_build_flags/lib/pkgconfig:${PKG_CONFIG_PATH} ROS_PACKAGE_PATH=/home/agilex/autoware.ai/install/autoware_build_flags/share:${ROS_PACKAGE_PATH} /usr/bin/cmake --build /home/agilex/autoware.ai/build/data_preprocessor --target tests -- -j8 -l8
[0.524s] Built target tests
[0.532s] Invoked command in '/home/agilex/autoware.ai/build/data_preprocessor' returned '0': CMAKE_PREFIX_PATH=/home/agilex/autoware.ai/install/autoware_build_flags:${CMAKE_PREFIX_PATH} PKG_CONFIG_PATH=/home/agilex/autoware.ai/install/autoware_build_flags/lib/x86_64-linux-gnu/pkgconfig:/home/agilex/autoware.ai/install/autoware_build_flags/lib/pkgconfig:${PKG_CONFIG_PATH} ROS_PACKAGE_PATH=/home/agilex/autoware.ai/install/autoware_build_flags/share:${ROS_PACKAGE_PATH} /usr/bin/cmake --build /home/agilex/autoware.ai/build/data_preprocessor --target tests -- -j8 -l8
[0.660s] Invoking command in '/home/agilex/autoware.ai/build/data_preprocessor': CMAKE_PREFIX_PATH=/home/agilex/autoware.ai/install/autoware_build_flags:${CMAKE_PREFIX_PATH} PKG_CONFIG_PATH=/home/agilex/autoware.ai/install/autoware_build_flags/lib/x86_64-linux-gnu/pkgconfig:/home/agilex/autoware.ai/install/autoware_build_flags/lib/pkgconfig:${PKG_CONFIG_PATH} ROS_PACKAGE_PATH=/home/agilex/autoware.ai/install/autoware_build_flags/share:${ROS_PACKAGE_PATH} /usr/bin/cmake --build /home/agilex/autoware.ai/build/data_preprocessor --target install -- -j8 -l8
[0.711s] [ 33%] Built target get_Image
[0.718s] [ 66%] Built target get_PCD
[0.726s] [100%] Built target get_Depth
[0.743s] [36mInstall the project...[0m
[0.756s] -- Install configuration: "Release"
[0.756s] -- Up-to-date: /home/agilex/autoware.ai/install/data_preprocessor/lib/pkgconfig/data_preprocessor.pc
[0.757s] -- Up-to-date: /home/agilex/autoware.ai/install/data_preprocessor/share/data_preprocessor/cmake/data_preprocessorConfig.cmake
[0.757s] -- Up-to-date: /home/agilex/autoware.ai/install/data_preprocessor/share/data_preprocessor/cmake/data_preprocessorConfig-version.cmake
[0.757s] -- Up-to-date: /home/agilex/autoware.ai/install/data_preprocessor/share/data_preprocessor/package.xml
[0.757s] -- Up-to-date: /home/agilex/autoware.ai/install/data_preprocessor/lib/data_preprocessor/get_Image
[0.758s] -- Up-to-date: /home/agilex/autoware.ai/install/data_preprocessor/lib/data_preprocessor/get_PCD
[0.759s] -- Up-to-date: /home/agilex/autoware.ai/install/data_preprocessor/lib/data_preprocessor/get_Depth
[0.765s] Invoked command in '/home/agilex/autoware.ai/build/data_preprocessor' returned '0': CMAKE_PREFIX_PATH=/home/agilex/autoware.ai/install/autoware_build_flags:${CMAKE_PREFIX_PATH} PKG_CONFIG_PATH=/home/agilex/autoware.ai/install/autoware_build_flags/lib/x86_64-linux-gnu/pkgconfig:/home/agilex/autoware.ai/install/autoware_build_flags/lib/pkgconfig:${PKG_CONFIG_PATH} ROS_PACKAGE_PATH=/home/agilex/autoware.ai/install/autoware_build_flags/share:${ROS_PACKAGE_PATH} /usr/bin/cmake --build /home/agilex/autoware.ai/build/data_preprocessor --target install -- -j8 -l8
