[0.060s] Invoking command in '/home/agilex/autoware.ai/build/autoware_launcher_rviz': CMAKE_PREFIX_PATH=/home/agilex/autoware.ai/install/autoware_build_flags:${CMAKE_PREFIX_PATH} PKG_CONFIG_PATH=/home/agilex/autoware.ai/install/autoware_build_flags/lib/x86_64-linux-gnu/pkgconfig:/home/agilex/autoware.ai/install/autoware_build_flags/lib/pkgconfig:${PKG_CONFIG_PATH} ROS_PACKAGE_PATH=/home/agilex/autoware.ai/install/autoware_build_flags/share:${ROS_PACKAGE_PATH} /usr/bin/cmake --build /home/agilex/autoware.ai/build/autoware_launcher_rviz -- -j8 -l8
[0.201s] [100%] Built target autoware_launcher_rviz
[0.224s] Invoked command in '/home/agilex/autoware.ai/build/autoware_launcher_rviz' returned '0': CMAKE_PREFIX_PATH=/home/agilex/autoware.ai/install/autoware_build_flags:${CMAKE_PREFIX_PATH} PKG_CONFIG_PATH=/home/agilex/autoware.ai/install/autoware_build_flags/lib/x86_64-linux-gnu/pkgconfig:/home/agilex/autoware.ai/install/autoware_build_flags/lib/pkgconfig:${PKG_CONFIG_PATH} ROS_PACKAGE_PATH=/home/agilex/autoware.ai/install/autoware_build_flags/share:${ROS_PACKAGE_PATH} /usr/bin/cmake --build /home/agilex/autoware.ai/build/autoware_launcher_rviz -- -j8 -l8
[0.728s] Invoking command in '/home/agilex/autoware.ai/build/autoware_launcher_rviz': CMAKE_PREFIX_PATH=/home/agilex/autoware.ai/install/autoware_build_flags:${CMAKE_PREFIX_PATH} PKG_CONFIG_PATH=/home/agilex/autoware.ai/install/autoware_build_flags/lib/x86_64-linux-gnu/pkgconfig:/home/agilex/autoware.ai/install/autoware_build_flags/lib/pkgconfig:${PKG_CONFIG_PATH} ROS_PACKAGE_PATH=/home/agilex/autoware.ai/install/autoware_build_flags/share:${ROS_PACKAGE_PATH} /usr/bin/cmake --build /home/agilex/autoware.ai/build/autoware_launcher_rviz --target tests -- -j8 -l8
[0.889s] Built target tests
[0.904s] Invoked command in '/home/agilex/autoware.ai/build/autoware_launcher_rviz' returned '0': CMAKE_PREFIX_PATH=/home/agilex/autoware.ai/install/autoware_build_flags:${CMAKE_PREFIX_PATH} PKG_CONFIG_PATH=/home/agilex/autoware.ai/install/autoware_build_flags/lib/x86_64-linux-gnu/pkgconfig:/home/agilex/autoware.ai/install/autoware_build_flags/lib/pkgconfig:${PKG_CONFIG_PATH} ROS_PACKAGE_PATH=/home/agilex/autoware.ai/install/autoware_build_flags/share:${ROS_PACKAGE_PATH} /usr/bin/cmake --build /home/agilex/autoware.ai/build/autoware_launcher_rviz --target tests -- -j8 -l8
[1.157s] Invoking command in '/home/agilex/autoware.ai/build/autoware_launcher_rviz': CMAKE_PREFIX_PATH=/home/agilex/autoware.ai/install/autoware_build_flags:${CMAKE_PREFIX_PATH} PKG_CONFIG_PATH=/home/agilex/autoware.ai/install/autoware_build_flags/lib/x86_64-linux-gnu/pkgconfig:/home/agilex/autoware.ai/install/autoware_build_flags/lib/pkgconfig:${PKG_CONFIG_PATH} ROS_PACKAGE_PATH=/home/agilex/autoware.ai/install/autoware_build_flags/share:${ROS_PACKAGE_PATH} /usr/bin/cmake --build /home/agilex/autoware.ai/build/autoware_launcher_rviz --target install -- -j8 -l8
[1.243s] [100%] Built target autoware_launcher_rviz
[1.267s] [36mInstall the project...[0m
[1.278s] -- Install configuration: "Release"
[1.278s] -- Up-to-date: /home/agilex/autoware.ai/install/autoware_launcher_rviz/lib/pkgconfig/autoware_launcher_rviz.pc
[1.278s] -- Up-to-date: /home/agilex/autoware.ai/install/autoware_launcher_rviz/share/autoware_launcher_rviz/cmake/autoware_launcher_rvizConfig.cmake
[1.278s] -- Up-to-date: /home/agilex/autoware.ai/install/autoware_launcher_rviz/share/autoware_launcher_rviz/cmake/autoware_launcher_rvizConfig-version.cmake
[1.278s] -- Up-to-date: /home/agilex/autoware.ai/install/autoware_launcher_rviz/share/autoware_launcher_rviz/package.xml
[1.279s] -- Up-to-date: /home/agilex/autoware.ai/install/autoware_launcher_rviz/lib/libautoware_launcher_rviz.so
[1.279s] -- Up-to-date: /home/agilex/autoware.ai/install/autoware_launcher_rviz/share/autoware_launcher_rviz/plugin_description.xml
[1.279s] -- Up-to-date: /home/agilex/autoware.ai/install/autoware_launcher_rviz/share/autoware_launcher_rviz/icons/icons
[1.279s] -- Up-to-date: /home/agilex/autoware.ai/install/autoware_launcher_rviz/share/autoware_launcher_rviz/icons/icons/classes
[1.279s] -- Up-to-date: /home/agilex/autoware.ai/install/autoware_launcher_rviz/share/autoware_launcher_rviz/icons/icons/classes/ModulePanel.png
[1.283s] Invoked command in '/home/agilex/autoware.ai/build/autoware_launcher_rviz' returned '0': CMAKE_PREFIX_PATH=/home/agilex/autoware.ai/install/autoware_build_flags:${CMAKE_PREFIX_PATH} PKG_CONFIG_PATH=/home/agilex/autoware.ai/install/autoware_build_flags/lib/x86_64-linux-gnu/pkgconfig:/home/agilex/autoware.ai/install/autoware_build_flags/lib/pkgconfig:${PKG_CONFIG_PATH} ROS_PACKAGE_PATH=/home/agilex/autoware.ai/install/autoware_build_flags/share:${ROS_PACKAGE_PATH} /usr/bin/cmake --build /home/agilex/autoware.ai/build/autoware_launcher_rviz --target install -- -j8 -l8
