[0.033s] Invoking command in '/home/agilex/autoware.ai/build/autoware_system_msgs': /usr/bin/cmake --build /home/agilex/autoware.ai/build/autoware_system_msgs -- -j8 -l8
[0.223s] [  0%] Built target rosgraph_msgs_generate_messages_cpp
[0.227s] [  0%] Built target _autoware_system_msgs_generate_messages_check_deps_DiagnosticStatus
[0.238s] [  0%] Built target rosgraph_msgs_generate_messages_lisp
[0.238s] [  0%] Built target std_msgs_generate_messages_lisp
[0.253s] [  0%] Built target _autoware_system_msgs_generate_messages_check_deps_DiagnosticStatusArray
[0.298s] [  0%] Built target std_msgs_generate_messages_py
[0.304s] [  0%] Built target _autoware_system_msgs_generate_messages_check_deps_NodeStatus
[0.304s] [  0%] Built target _autoware_system_msgs_generate_messages_check_deps_SystemStatus
[0.308s] [  0%] Built target rosgraph_msgs_generate_messages_py
[0.318s] [  0%] Built target std_msgs_generate_messages_cpp
[0.338s] [  0%] Built target std_msgs_generate_messages_nodejs
[0.362s] [  0%] Built target rosgraph_msgs_generate_messages_nodejs
[0.369s] [  0%] Built target std_msgs_generate_messages_eus
[0.377s] [  0%] Built target _autoware_system_msgs_generate_messages_check_deps_HardwareStatus
[0.417s] [  0%] Built target rosgraph_msgs_generate_messages_eus
[0.423s] [ 22%] Built target autoware_system_msgs_generate_messages_py
[0.430s] [ 40%] Built target autoware_system_msgs_generate_messages_cpp
[0.442s] [ 59%] Built target autoware_system_msgs_generate_messages_lisp
[0.450s] [ 77%] Built target autoware_system_msgs_generate_messages_nodejs
[0.489s] [100%] Built target autoware_system_msgs_generate_messages_eus
[0.554s] [100%] Built target autoware_system_msgs_generate_messages
[0.578s] Invoked command in '/home/agilex/autoware.ai/build/autoware_system_msgs' returned '0': /usr/bin/cmake --build /home/agilex/autoware.ai/build/autoware_system_msgs -- -j8 -l8
[0.839s] Invoking command in '/home/agilex/autoware.ai/build/autoware_system_msgs': /usr/bin/cmake --build /home/agilex/autoware.ai/build/autoware_system_msgs --target tests -- -j8 -l8
[0.967s] Built target tests
[0.983s] Invoked command in '/home/agilex/autoware.ai/build/autoware_system_msgs' returned '0': /usr/bin/cmake --build /home/agilex/autoware.ai/build/autoware_system_msgs --target tests -- -j8 -l8
[1.077s] Invoking command in '/home/agilex/autoware.ai/build/autoware_system_msgs': /usr/bin/cmake --build /home/agilex/autoware.ai/build/autoware_system_msgs --target install -- -j8 -l8
[1.122s] [  0%] Built target std_msgs_generate_messages_lisp
[1.175s] [  0%] Built target _autoware_system_msgs_generate_messages_check_deps_NodeStatus
[1.187s] [  0%] Built target _autoware_system_msgs_generate_messages_check_deps_HardwareStatus
[1.195s] [  0%] Built target std_msgs_generate_messages_cpp
[1.198s] [  0%] Built target rosgraph_msgs_generate_messages_cpp
[1.203s] [  0%] Built target rosgraph_msgs_generate_messages_lisp
[1.209s] [  0%] Built target _autoware_system_msgs_generate_messages_check_deps_DiagnosticStatusArray
[1.212s] [  0%] Built target _autoware_system_msgs_generate_messages_check_deps_SystemStatus
[1.219s] [  0%] Built target _autoware_system_msgs_generate_messages_check_deps_DiagnosticStatus
[1.235s] [  0%] Built target std_msgs_generate_messages_py
[1.236s] [  0%] Built target std_msgs_generate_messages_nodejs
[1.243s] [  0%] Built target rosgraph_msgs_generate_messages_eus
[1.248s] [  0%] Built target rosgraph_msgs_generate_messages_nodejs
[1.249s] [  0%] Built target std_msgs_generate_messages_eus
[1.250s] [  0%] Built target rosgraph_msgs_generate_messages_py
[1.252s] [ 18%] Built target autoware_system_msgs_generate_messages_lisp
[1.252s] [ 37%] Built target autoware_system_msgs_generate_messages_cpp
[1.275s] [ 55%] Built target autoware_system_msgs_generate_messages_nodejs
[1.281s] [ 77%] Built target autoware_system_msgs_generate_messages_py
[1.289s] [100%] Built target autoware_system_msgs_generate_messages_eus
[1.304s] [100%] Built target autoware_system_msgs_generate_messages
[1.320s] [36mInstall the project...[0m
[1.325s] -- Install configuration: "Release"
[1.326s] -- Up-to-date: /home/agilex/autoware.ai/install/autoware_system_msgs/share/autoware_system_msgs/msg/DiagnosticStatus.msg
[1.326s] -- Up-to-date: /home/agilex/autoware.ai/install/autoware_system_msgs/share/autoware_system_msgs/msg/DiagnosticStatusArray.msg
[1.326s] -- Up-to-date: /home/agilex/autoware.ai/install/autoware_system_msgs/share/autoware_system_msgs/msg/SystemStatus.msg
[1.326s] -- Up-to-date: /home/agilex/autoware.ai/install/autoware_system_msgs/share/autoware_system_msgs/msg/NodeStatus.msg
[1.327s] -- Up-to-date: /home/agilex/autoware.ai/install/autoware_system_msgs/share/autoware_system_msgs/msg/HardwareStatus.msg
[1.327s] -- Up-to-date: /home/agilex/autoware.ai/install/autoware_system_msgs/share/autoware_system_msgs/cmake/autoware_system_msgs-msg-paths.cmake
[1.327s] -- Up-to-date: /home/agilex/autoware.ai/install/autoware_system_msgs/include/autoware_system_msgs
[1.327s] -- Up-to-date: /home/agilex/autoware.ai/install/autoware_system_msgs/include/autoware_system_msgs/HardwareStatus.h
[1.327s] -- Up-to-date: /home/agilex/autoware.ai/install/autoware_system_msgs/include/autoware_system_msgs/SystemStatus.h
[1.327s] -- Up-to-date: /home/agilex/autoware.ai/install/autoware_system_msgs/include/autoware_system_msgs/DiagnosticStatus.h
[1.327s] -- Up-to-date: /home/agilex/autoware.ai/install/autoware_system_msgs/include/autoware_system_msgs/DiagnosticStatusArray.h
[1.327s] -- Up-to-date: /home/agilex/autoware.ai/install/autoware_system_msgs/include/autoware_system_msgs/NodeStatus.h
[1.327s] -- Up-to-date: /home/agilex/autoware.ai/install/autoware_system_msgs/share/roseus/ros/autoware_system_msgs
[1.327s] -- Up-to-date: /home/agilex/autoware.ai/install/autoware_system_msgs/share/roseus/ros/autoware_system_msgs/manifest.l
[1.328s] -- Up-to-date: /home/agilex/autoware.ai/install/autoware_system_msgs/share/roseus/ros/autoware_system_msgs/msg
[1.328s] -- Up-to-date: /home/agilex/autoware.ai/install/autoware_system_msgs/share/roseus/ros/autoware_system_msgs/msg/SystemStatus.l
[1.328s] -- Up-to-date: /home/agilex/autoware.ai/install/autoware_system_msgs/share/roseus/ros/autoware_system_msgs/msg/DiagnosticStatusArray.l
[1.328s] -- Up-to-date: /home/agilex/autoware.ai/install/autoware_system_msgs/share/roseus/ros/autoware_system_msgs/msg/NodeStatus.l
[1.328s] -- Up-to-date: /home/agilex/autoware.ai/install/autoware_system_msgs/share/roseus/ros/autoware_system_msgs/msg/DiagnosticStatus.l
[1.328s] -- Up-to-date: /home/agilex/autoware.ai/install/autoware_system_msgs/share/roseus/ros/autoware_system_msgs/msg/HardwareStatus.l
[1.328s] -- Up-to-date: /home/agilex/autoware.ai/install/autoware_system_msgs/share/common-lisp/ros/autoware_system_msgs
[1.328s] -- Up-to-date: /home/agilex/autoware.ai/install/autoware_system_msgs/share/common-lisp/ros/autoware_system_msgs/msg
[1.328s] -- Up-to-date: /home/agilex/autoware.ai/install/autoware_system_msgs/share/common-lisp/ros/autoware_system_msgs/msg/autoware_system_msgs-msg.asd
[1.329s] -- Up-to-date: /home/agilex/autoware.ai/install/autoware_system_msgs/share/common-lisp/ros/autoware_system_msgs/msg/_package.lisp
[1.332s] -- Up-to-date: /home/agilex/autoware.ai/install/autoware_system_msgs/share/common-lisp/ros/autoware_system_msgs/msg/HardwareStatus.lisp
[1.332s] -- Up-to-date: /home/agilex/autoware.ai/install/autoware_system_msgs/share/common-lisp/ros/autoware_system_msgs/msg/_package_DiagnosticStatus.lisp
[1.332s] -- Up-to-date: /home/agilex/autoware.ai/install/autoware_system_msgs/share/common-lisp/ros/autoware_system_msgs/msg/NodeStatus.lisp
[1.332s] -- Up-to-date: /home/agilex/autoware.ai/install/autoware_system_msgs/share/common-lisp/ros/autoware_system_msgs/msg/DiagnosticStatus.lisp
[1.333s] -- Up-to-date: /home/agilex/autoware.ai/install/autoware_system_msgs/share/common-lisp/ros/autoware_system_msgs/msg/_package_HardwareStatus.lisp
[1.333s] -- Up-to-date: /home/agilex/autoware.ai/install/autoware_system_msgs/share/common-lisp/ros/autoware_system_msgs/msg/_package_SystemStatus.lisp
[1.333s] -- Up-to-date: /home/agilex/autoware.ai/install/autoware_system_msgs/share/common-lisp/ros/autoware_system_msgs/msg/_package_NodeStatus.lisp
[1.333s] -- Up-to-date: /home/agilex/autoware.ai/install/autoware_system_msgs/share/common-lisp/ros/autoware_system_msgs/msg/DiagnosticStatusArray.lisp
[1.333s] -- Up-to-date: /home/agilex/autoware.ai/install/autoware_system_msgs/share/common-lisp/ros/autoware_system_msgs/msg/SystemStatus.lisp
[1.333s] -- Up-to-date: /home/agilex/autoware.ai/install/autoware_system_msgs/share/common-lisp/ros/autoware_system_msgs/msg/_package_DiagnosticStatusArray.lisp
[1.333s] -- Up-to-date: /home/agilex/autoware.ai/install/autoware_system_msgs/share/gennodejs/ros/autoware_system_msgs
[1.333s] -- Up-to-date: /home/agilex/autoware.ai/install/autoware_system_msgs/share/gennodejs/ros/autoware_system_msgs/msg
[1.333s] -- Up-to-date: /home/agilex/autoware.ai/install/autoware_system_msgs/share/gennodejs/ros/autoware_system_msgs/msg/HardwareStatus.js
[1.333s] -- Up-to-date: /home/agilex/autoware.ai/install/autoware_system_msgs/share/gennodejs/ros/autoware_system_msgs/msg/DiagnosticStatusArray.js
[1.334s] -- Up-to-date: /home/agilex/autoware.ai/install/autoware_system_msgs/share/gennodejs/ros/autoware_system_msgs/msg/SystemStatus.js
[1.334s] -- Up-to-date: /home/agilex/autoware.ai/install/autoware_system_msgs/share/gennodejs/ros/autoware_system_msgs/msg/DiagnosticStatus.js
[1.334s] -- Up-to-date: /home/agilex/autoware.ai/install/autoware_system_msgs/share/gennodejs/ros/autoware_system_msgs/msg/_index.js
[1.334s] -- Up-to-date: /home/agilex/autoware.ai/install/autoware_system_msgs/share/gennodejs/ros/autoware_system_msgs/msg/NodeStatus.js
[1.334s] -- Up-to-date: /home/agilex/autoware.ai/install/autoware_system_msgs/share/gennodejs/ros/autoware_system_msgs/_index.js
[1.341s] Listing /home/agilex/autoware.ai/build/autoware_system_msgs/devel/lib/python2.7/dist-packages/autoware_system_msgs ...
[1.342s] Listing /home/agilex/autoware.ai/build/autoware_system_msgs/devel/lib/python2.7/dist-packages/autoware_system_msgs/msg ...
[1.346s] -- Up-to-date: /home/agilex/autoware.ai/install/autoware_system_msgs/lib/python2.7/dist-packages/autoware_system_msgs
[1.347s] -- Up-to-date: /home/agilex/autoware.ai/install/autoware_system_msgs/lib/python2.7/dist-packages/autoware_system_msgs/__init__.pyc
[1.347s] -- Up-to-date: /home/agilex/autoware.ai/install/autoware_system_msgs/lib/python2.7/dist-packages/autoware_system_msgs/msg
[1.347s] -- Up-to-date: /home/agilex/autoware.ai/install/autoware_system_msgs/lib/python2.7/dist-packages/autoware_system_msgs/msg/_NodeStatus.py
[1.347s] -- Up-to-date: /home/agilex/autoware.ai/install/autoware_system_msgs/lib/python2.7/dist-packages/autoware_system_msgs/msg/_DiagnosticStatus.py
[1.347s] -- Up-to-date: /home/agilex/autoware.ai/install/autoware_system_msgs/lib/python2.7/dist-packages/autoware_system_msgs/msg/_SystemStatus.pyc
[1.348s] -- Up-to-date: /home/agilex/autoware.ai/install/autoware_system_msgs/lib/python2.7/dist-packages/autoware_system_msgs/msg/_DiagnosticStatusArray.py
[1.348s] -- Up-to-date: /home/agilex/autoware.ai/install/autoware_system_msgs/lib/python2.7/dist-packages/autoware_system_msgs/msg/_HardwareStatus.py
[1.348s] -- Up-to-date: /home/agilex/autoware.ai/install/autoware_system_msgs/lib/python2.7/dist-packages/autoware_system_msgs/msg/_DiagnosticStatusArray.pyc
[1.348s] -- Up-to-date: /home/agilex/autoware.ai/install/autoware_system_msgs/lib/python2.7/dist-packages/autoware_system_msgs/msg/_NodeStatus.pyc
[1.348s] -- Up-to-date: /home/agilex/autoware.ai/install/autoware_system_msgs/lib/python2.7/dist-packages/autoware_system_msgs/msg/_SystemStatus.py
[1.348s] -- Up-to-date: /home/agilex/autoware.ai/install/autoware_system_msgs/lib/python2.7/dist-packages/autoware_system_msgs/msg/__init__.pyc
[1.348s] -- Up-to-date: /home/agilex/autoware.ai/install/autoware_system_msgs/lib/python2.7/dist-packages/autoware_system_msgs/msg/_HardwareStatus.pyc
[1.348s] -- Up-to-date: /home/agilex/autoware.ai/install/autoware_system_msgs/lib/python2.7/dist-packages/autoware_system_msgs/msg/__init__.py
[1.348s] -- Up-to-date: /home/agilex/autoware.ai/install/autoware_system_msgs/lib/python2.7/dist-packages/autoware_system_msgs/msg/_DiagnosticStatus.pyc
[1.348s] -- Up-to-date: /home/agilex/autoware.ai/install/autoware_system_msgs/lib/python2.7/dist-packages/autoware_system_msgs/__init__.py
[1.348s] -- Up-to-date: /home/agilex/autoware.ai/install/autoware_system_msgs/lib/pkgconfig/autoware_system_msgs.pc
[1.349s] -- Up-to-date: /home/agilex/autoware.ai/install/autoware_system_msgs/share/autoware_system_msgs/cmake/autoware_system_msgs-msg-extras.cmake
[1.349s] -- Up-to-date: /home/agilex/autoware.ai/install/autoware_system_msgs/share/autoware_system_msgs/cmake/autoware_system_msgsConfig.cmake
[1.349s] -- Up-to-date: /home/agilex/autoware.ai/install/autoware_system_msgs/share/autoware_system_msgs/cmake/autoware_system_msgsConfig-version.cmake
[1.349s] -- Up-to-date: /home/agilex/autoware.ai/install/autoware_system_msgs/share/autoware_system_msgs/package.xml
[1.349s] -- Up-to-date: /home/agilex/autoware.ai/install/autoware_system_msgs/share/autoware_system_msgs/msg
[1.349s] -- Up-to-date: /home/agilex/autoware.ai/install/autoware_system_msgs/share/autoware_system_msgs/msg/DiagnosticStatus.msg
[1.349s] -- Up-to-date: /home/agilex/autoware.ai/install/autoware_system_msgs/share/autoware_system_msgs/msg/DiagnosticStatusArray.msg
[1.349s] -- Up-to-date: /home/agilex/autoware.ai/install/autoware_system_msgs/share/autoware_system_msgs/msg/SystemStatus.msg
[1.349s] -- Up-to-date: /home/agilex/autoware.ai/install/autoware_system_msgs/share/autoware_system_msgs/msg/HardwareStatus.msg
[1.349s] -- Up-to-date: /home/agilex/autoware.ai/install/autoware_system_msgs/share/autoware_system_msgs/msg/NodeStatus.msg
[1.359s] Invoked command in '/home/agilex/autoware.ai/build/autoware_system_msgs' returned '0': /usr/bin/cmake --build /home/agilex/autoware.ai/build/autoware_system_msgs --target install -- -j8 -l8
