Determining if the pthread_create exist failed with the following output:
Change Dir: /home/agilex/autoware.ai/build/kvaser/CMakeFiles/CMakeTmp

Run Build Command:"/usr/bin/make" "cmTC_daf02/fast"
/usr/bin/make -f CMakeFiles/cmTC_daf02.dir/build.make CMakeFiles/cmTC_daf02.dir/build
make[1]: Entering directory '/home/agilex/autoware.ai/build/kvaser/CMakeFiles/CMakeTmp'
Building C object CMakeFiles/cmTC_daf02.dir/CheckSymbolExists.c.o
/usr/bin/cc    -o CMakeFiles/cmTC_daf02.dir/CheckSymbolExists.c.o   -c /home/agilex/autoware.ai/build/kvaser/CMakeFiles/CMakeTmp/CheckSymbolExists.c
Linking C executable cmTC_daf02
/usr/bin/cmake -E cmake_link_script CMakeFiles/cmTC_daf02.dir/link.txt --verbose=1
/usr/bin/cc      -rdynamic CMakeFiles/cmTC_daf02.dir/CheckSymbolExists.c.o  -o cmTC_daf02 
CMakeFiles/cmTC_daf02.dir/CheckSymbolExists.c.o: In function `main':
CheckSymbolExists.c:(.text+0x1b): undefined reference to `pthread_create'
collect2: error: ld returned 1 exit status
CMakeFiles/cmTC_daf02.dir/build.make:97: recipe for target 'cmTC_daf02' failed
make[1]: *** [cmTC_daf02] Error 1
make[1]: Leaving directory '/home/agilex/autoware.ai/build/kvaser/CMakeFiles/CMakeTmp'
Makefile:126: recipe for target 'cmTC_daf02/fast' failed
make: *** [cmTC_daf02/fast] Error 2

File /home/agilex/autoware.ai/build/kvaser/CMakeFiles/CMakeTmp/CheckSymbolExists.c:
/* */
#include <pthread.h>

int main(int argc, char** argv)
{
  (void)argv;
#ifndef pthread_create
  return ((int*)(&pthread_create))[argc];
#else
  (void)argc;
  return 0;
#endif
}

Determining if the function pthread_create exists in the pthreads failed with the following output:
Change Dir: /home/agilex/autoware.ai/build/kvaser/CMakeFiles/CMakeTmp

Run Build Command:"/usr/bin/make" "cmTC_71218/fast"
/usr/bin/make -f CMakeFiles/cmTC_71218.dir/build.make CMakeFiles/cmTC_71218.dir/build
make[1]: Entering directory '/home/agilex/autoware.ai/build/kvaser/CMakeFiles/CMakeTmp'
Building C object CMakeFiles/cmTC_71218.dir/CheckFunctionExists.c.o
/usr/bin/cc   -DCHECK_FUNCTION_EXISTS=pthread_create   -o CMakeFiles/cmTC_71218.dir/CheckFunctionExists.c.o   -c /usr/share/cmake-3.10/Modules/CheckFunctionExists.c
Linking C executable cmTC_71218
/usr/bin/cmake -E cmake_link_script CMakeFiles/cmTC_71218.dir/link.txt --verbose=1
/usr/bin/cc  -DCHECK_FUNCTION_EXISTS=pthread_create    -rdynamic CMakeFiles/cmTC_71218.dir/CheckFunctionExists.c.o  -o cmTC_71218 -lpthreads 
/usr/bin/ld: cannot find -lpthreads
collect2: error: ld returned 1 exit status
CMakeFiles/cmTC_71218.dir/build.make:97: recipe for target 'cmTC_71218' failed
make[1]: *** [cmTC_71218] Error 1
make[1]: Leaving directory '/home/agilex/autoware.ai/build/kvaser/CMakeFiles/CMakeTmp'
Makefile:126: recipe for target 'cmTC_71218/fast' failed
make: *** [cmTC_71218/fast] Error 2


