[0.045s] Invoking command in '/home/agilex/autoware.ai/build/ekf_localizer': CMAKE_PREFIX_PATH=/home/agilex/autoware.ai/install/amathutils_lib:/home/agilex/autoware.ai/install/autoware_msgs:/home/agilex/autoware.ai/install/autoware_build_flags:${CMAKE_PREFIX_PATH} LD_LIBRARY_PATH=/home/agilex/autoware.ai/install/amathutils_lib/lib:${LD_LIBRARY_PATH} PKG_CONFIG_PATH=/home/agilex/autoware.ai/install/amathutils_lib/lib/x86_64-linux-gnu/pkgconfig:/home/agilex/autoware.ai/install/amathutils_lib/lib/pkgconfig:/home/agilex/autoware.ai/install/autoware_msgs/lib/x86_64-linux-gnu/pkgconfig:/home/agilex/autoware.ai/install/autoware_msgs/lib/pkgconfig:/home/agilex/autoware.ai/install/autoware_build_flags/lib/x86_64-linux-gnu/pkgconfig:/home/agilex/autoware.ai/install/autoware_build_flags/lib/pkgconfig:${PKG_CONFIG_PATH} PYTHONPATH=/home/agilex/autoware.ai/install/autoware_msgs/lib/python2.7/dist-packages:${PYTHONPATH} ROS_PACKAGE_PATH=/home/agilex/autoware.ai/install/amathutils_lib/share:/home/agilex/autoware.ai/install/autoware_msgs/share:/home/agilex/autoware.ai/install/autoware_build_flags/share:${ROS_PACKAGE_PATH} /usr/bin/cmake --build /home/agilex/autoware.ai/build/ekf_localizer -- -j8 -l8
[0.178s] [  0%] Built target actionlib_msgs_generate_messages_py
[0.183s] [  0%] Built target tf_generate_messages_nodejs
[0.184s] [  0%] Built target jsk_footstep_msgs_generate_messages_eus
[0.186s] [  0%] Built target actionlib_msgs_generate_messages_lisp
[0.224s] [  0%] Built target jsk_recognition_msgs_generate_messages_eus
[0.224s] [  0%] Built target geometry_msgs_generate_messages_lisp
[0.233s] [  0%] Built target geometry_msgs_generate_messages_py
[0.245s] [  0%] Built target tf2_msgs_generate_messages_nodejs
[0.263s] [  0%] Built target std_msgs_generate_messages_cpp
[0.264s] [  0%] Built target sensor_msgs_generate_messages_lisp
[0.286s] [  0%] Built target jsk_footstep_msgs_generate_messages_py
[0.296s] [  0%] Built target actionlib_msgs_generate_messages_nodejs
[0.311s] [  0%] Built target roscpp_generate_messages_cpp
[0.315s] [  0%] Built target actionlib_generate_messages_cpp
[0.334s] [  0%] Built target geometry_msgs_generate_messages_nodejs
[0.338s] [  0%] Built target sensor_msgs_generate_messages_nodejs
[0.359s] [  0%] Built target std_msgs_generate_messages_lisp
[0.367s] [  0%] Built target tf2_msgs_generate_messages_eus
[0.370s] [  0%] Built target geometry_msgs_generate_messages_eus
[0.377s] [  0%] Built target roscpp_generate_messages_nodejs
[0.407s] [  0%] Built target roscpp_generate_messages_py
[0.409s] [  0%] Built target std_msgs_generate_messages_py
[0.415s] [  0%] Built target rosgraph_msgs_generate_messages_cpp
[0.417s] [  0%] Built target autoware_msgs_generate_messages_py
[0.445s] [  0%] Built target std_msgs_generate_messages_nodejs
[0.463s] [  0%] Built target autoware_msgs_generate_messages_cpp
[0.463s] [  0%] Built target roscpp_generate_messages_lisp
[0.468s] [  0%] Built target rosgraph_msgs_generate_messages_eus
[0.493s] [  0%] Built target jsk_recognition_msgs_generate_messages_nodejs
[0.502s] [  0%] Built target std_msgs_generate_messages_eus
[0.509s] [  0%] Built target rosgraph_msgs_generate_messages_lisp
[0.534s] [  0%] Built target actionlib_msgs_generate_messages_eus
[0.548s] [  0%] Built target rosgraph_msgs_generate_messages_nodejs
[0.549s] [  0%] Built target roscpp_generate_messages_eus
[0.562s] [  0%] Built target rosgraph_msgs_generate_messages_py
[0.583s] [  0%] Built target actionlib_generate_messages_lisp
[0.594s] [  0%] Built target geometry_msgs_generate_messages_cpp
[0.601s] [  0%] Built target tf2_msgs_generate_messages_py
[0.608s] [  0%] Built target actionlib_generate_messages_py
[0.658s] [  0%] Built target autoware_msgs_generate_messages_nodejs
[0.658s] [  0%] Built target autoware_msgs_generate_messages_eus
[0.658s] [  0%] Built target sensor_msgs_generate_messages_eus
[0.663s] [  0%] Built target sensor_msgs_generate_messages_cpp
[0.700s] [  0%] Built target jsk_recognition_msgs_generate_messages_lisp
[0.717s] [  0%] Built target jsk_recognition_msgs_generate_messages_cpp
[0.721s] [  0%] Built target tf_generate_messages_py
[0.733s] [  0%] Built target sensor_msgs_generate_messages_py
[0.753s] [  0%] Built target jsk_recognition_msgs_generate_messages_py
[0.776s] [  0%] Built target pcl_msgs_generate_messages_cpp
[0.784s] [  0%] Built target pcl_msgs_generate_messages_eus
[0.796s] [  0%] Built target actionlib_generate_messages_eus
[0.806s] [  0%] Built target pcl_msgs_generate_messages_nodejs
[0.818s] [  0%] Built target pcl_msgs_generate_messages_py
[0.830s] [  0%] Built target jsk_footstep_msgs_generate_messages_lisp
[0.847s] [  0%] Built target jsk_footstep_msgs_generate_messages_nodejs
[0.896s] [  0%] Built target actionlib_generate_messages_nodejs
[0.897s] [  0%] Built target tf_generate_messages_cpp
[0.907s] [  0%] Built target jsk_footstep_msgs_generate_messages_cpp
[0.928s] [  0%] Built target pcl_msgs_generate_messages_lisp
[0.954s] [  0%] Built target tf_generate_messages_eus
[0.965s] [  0%] Built target actionlib_msgs_generate_messages_cpp
[0.978s] [  0%] Built target tf_generate_messages_lisp
[1.043s] [  0%] Built target tf2_msgs_generate_messages_cpp
[1.044s] [  0%] Built target tf2_msgs_generate_messages_lisp
[1.054s] [  0%] Built target autoware_msgs_generate_messages_lisp
[1.113s] [100%] Built target ekf_localizer
[1.142s] Invoked command in '/home/agilex/autoware.ai/build/ekf_localizer' returned '0': CMAKE_PREFIX_PATH=/home/agilex/autoware.ai/install/amathutils_lib:/home/agilex/autoware.ai/install/autoware_msgs:/home/agilex/autoware.ai/install/autoware_build_flags:${CMAKE_PREFIX_PATH} LD_LIBRARY_PATH=/home/agilex/autoware.ai/install/amathutils_lib/lib:${LD_LIBRARY_PATH} PKG_CONFIG_PATH=/home/agilex/autoware.ai/install/amathutils_lib/lib/x86_64-linux-gnu/pkgconfig:/home/agilex/autoware.ai/install/amathutils_lib/lib/pkgconfig:/home/agilex/autoware.ai/install/autoware_msgs/lib/x86_64-linux-gnu/pkgconfig:/home/agilex/autoware.ai/install/autoware_msgs/lib/pkgconfig:/home/agilex/autoware.ai/install/autoware_build_flags/lib/x86_64-linux-gnu/pkgconfig:/home/agilex/autoware.ai/install/autoware_build_flags/lib/pkgconfig:${PKG_CONFIG_PATH} PYTHONPATH=/home/agilex/autoware.ai/install/autoware_msgs/lib/python2.7/dist-packages:${PYTHONPATH} ROS_PACKAGE_PATH=/home/agilex/autoware.ai/install/amathutils_lib/share:/home/agilex/autoware.ai/install/autoware_msgs/share:/home/agilex/autoware.ai/install/autoware_build_flags/share:${ROS_PACKAGE_PATH} /usr/bin/cmake --build /home/agilex/autoware.ai/build/ekf_localizer -- -j8 -l8
[1.609s] Invoking command in '/home/agilex/autoware.ai/build/ekf_localizer': CMAKE_PREFIX_PATH=/home/agilex/autoware.ai/install/amathutils_lib:/home/agilex/autoware.ai/install/autoware_msgs:/home/agilex/autoware.ai/install/autoware_build_flags:${CMAKE_PREFIX_PATH} LD_LIBRARY_PATH=/home/agilex/autoware.ai/install/amathutils_lib/lib:${LD_LIBRARY_PATH} PKG_CONFIG_PATH=/home/agilex/autoware.ai/install/amathutils_lib/lib/x86_64-linux-gnu/pkgconfig:/home/agilex/autoware.ai/install/amathutils_lib/lib/pkgconfig:/home/agilex/autoware.ai/install/autoware_msgs/lib/x86_64-linux-gnu/pkgconfig:/home/agilex/autoware.ai/install/autoware_msgs/lib/pkgconfig:/home/agilex/autoware.ai/install/autoware_build_flags/lib/x86_64-linux-gnu/pkgconfig:/home/agilex/autoware.ai/install/autoware_build_flags/lib/pkgconfig:${PKG_CONFIG_PATH} PYTHONPATH=/home/agilex/autoware.ai/install/autoware_msgs/lib/python2.7/dist-packages:${PYTHONPATH} ROS_PACKAGE_PATH=/home/agilex/autoware.ai/install/amathutils_lib/share:/home/agilex/autoware.ai/install/autoware_msgs/share:/home/agilex/autoware.ai/install/autoware_build_flags/share:${ROS_PACKAGE_PATH} /usr/bin/cmake --build /home/agilex/autoware.ai/build/ekf_localizer --target tests -- -j8 -l8
[1.679s] [ 40%] Built target gtest
[1.728s] [100%] Built target ekf_localizer-test
[1.760s] [100%] Built target tests
[1.768s] Invoked command in '/home/agilex/autoware.ai/build/ekf_localizer' returned '0': CMAKE_PREFIX_PATH=/home/agilex/autoware.ai/install/amathutils_lib:/home/agilex/autoware.ai/install/autoware_msgs:/home/agilex/autoware.ai/install/autoware_build_flags:${CMAKE_PREFIX_PATH} LD_LIBRARY_PATH=/home/agilex/autoware.ai/install/amathutils_lib/lib:${LD_LIBRARY_PATH} PKG_CONFIG_PATH=/home/agilex/autoware.ai/install/amathutils_lib/lib/x86_64-linux-gnu/pkgconfig:/home/agilex/autoware.ai/install/amathutils_lib/lib/pkgconfig:/home/agilex/autoware.ai/install/autoware_msgs/lib/x86_64-linux-gnu/pkgconfig:/home/agilex/autoware.ai/install/autoware_msgs/lib/pkgconfig:/home/agilex/autoware.ai/install/autoware_build_flags/lib/x86_64-linux-gnu/pkgconfig:/home/agilex/autoware.ai/install/autoware_build_flags/lib/pkgconfig:${PKG_CONFIG_PATH} PYTHONPATH=/home/agilex/autoware.ai/install/autoware_msgs/lib/python2.7/dist-packages:${PYTHONPATH} ROS_PACKAGE_PATH=/home/agilex/autoware.ai/install/amathutils_lib/share:/home/agilex/autoware.ai/install/autoware_msgs/share:/home/agilex/autoware.ai/install/autoware_build_flags/share:${ROS_PACKAGE_PATH} /usr/bin/cmake --build /home/agilex/autoware.ai/build/ekf_localizer --target tests -- -j8 -l8
[1.843s] Invoking command in '/home/agilex/autoware.ai/build/ekf_localizer': CMAKE_PREFIX_PATH=/home/agilex/autoware.ai/install/amathutils_lib:/home/agilex/autoware.ai/install/autoware_msgs:/home/agilex/autoware.ai/install/autoware_build_flags:${CMAKE_PREFIX_PATH} LD_LIBRARY_PATH=/home/agilex/autoware.ai/install/amathutils_lib/lib:${LD_LIBRARY_PATH} PKG_CONFIG_PATH=/home/agilex/autoware.ai/install/amathutils_lib/lib/x86_64-linux-gnu/pkgconfig:/home/agilex/autoware.ai/install/amathutils_lib/lib/pkgconfig:/home/agilex/autoware.ai/install/autoware_msgs/lib/x86_64-linux-gnu/pkgconfig:/home/agilex/autoware.ai/install/autoware_msgs/lib/pkgconfig:/home/agilex/autoware.ai/install/autoware_build_flags/lib/x86_64-linux-gnu/pkgconfig:/home/agilex/autoware.ai/install/autoware_build_flags/lib/pkgconfig:${PKG_CONFIG_PATH} PYTHONPATH=/home/agilex/autoware.ai/install/autoware_msgs/lib/python2.7/dist-packages:${PYTHONPATH} ROS_PACKAGE_PATH=/home/agilex/autoware.ai/install/amathutils_lib/share:/home/agilex/autoware.ai/install/autoware_msgs/share:/home/agilex/autoware.ai/install/autoware_build_flags/share:${ROS_PACKAGE_PATH} /usr/bin/cmake --build /home/agilex/autoware.ai/build/ekf_localizer --target install -- -j8 -l8
[1.883s] [  0%] Built target tf_generate_messages_nodejs
[1.898s] [  0%] Built target jsk_recognition_msgs_generate_messages_eus
[1.913s] [  0%] Built target geometry_msgs_generate_messages_py
[1.929s] [  0%] Built target geometry_msgs_generate_messages_lisp
[1.947s] [  0%] Built target tf2_msgs_generate_messages_nodejs
[1.963s] [  0%] Built target sensor_msgs_generate_messages_lisp
[1.978s] [  0%] Built target std_msgs_generate_messages_cpp
[1.995s] [  0%] Built target jsk_footstep_msgs_generate_messages_py
[2.011s] [  0%] Built target actionlib_msgs_generate_messages_nodejs
[2.030s] [  0%] Built target roscpp_generate_messages_cpp
[2.048s] [  0%] Built target actionlib_generate_messages_cpp
[2.064s] [  0%] Built target sensor_msgs_generate_messages_nodejs
[2.080s] [  0%] Built target geometry_msgs_generate_messages_nodejs
[2.097s] [  0%] Built target tf2_msgs_generate_messages_eus
[2.115s] [  0%] Built target std_msgs_generate_messages_lisp
[2.133s] [  0%] Built target roscpp_generate_messages_nodejs
[2.156s] [  0%] Built target geometry_msgs_generate_messages_eus
[2.175s] [  0%] Built target std_msgs_generate_messages_py
[2.194s] [  0%] Built target autoware_msgs_generate_messages_py
[2.210s] [  0%] Built target roscpp_generate_messages_py
[2.227s] [  0%] Built target rosgraph_msgs_generate_messages_cpp
[2.246s] [  0%] Built target autoware_msgs_generate_messages_cpp
[2.262s] [  0%] Built target std_msgs_generate_messages_nodejs
[2.277s] [  0%] Built target rosgraph_msgs_generate_messages_eus
[2.294s] [  0%] Built target roscpp_generate_messages_lisp
[2.310s] [  0%] Built target jsk_recognition_msgs_generate_messages_nodejs
[2.335s] [  0%] Built target rosgraph_msgs_generate_messages_lisp
[2.351s] [  0%] Built target std_msgs_generate_messages_eus
[2.370s] [  0%] Built target actionlib_msgs_generate_messages_eus
[2.389s] [  0%] Built target roscpp_generate_messages_eus
[2.407s] [  0%] Built target rosgraph_msgs_generate_messages_py
[2.428s] [  0%] Built target rosgraph_msgs_generate_messages_nodejs
[2.447s] [  0%] Built target geometry_msgs_generate_messages_cpp
[2.465s] [  0%] Built target actionlib_generate_messages_lisp
[2.489s] [  0%] Built target tf2_msgs_generate_messages_py
[2.512s] [  0%] Built target actionlib_generate_messages_py
[2.530s] [  0%] Built target autoware_msgs_generate_messages_eus
[2.547s] [  0%] Built target autoware_msgs_generate_messages_nodejs
[2.567s] [  0%] Built target sensor_msgs_generate_messages_cpp
[2.585s] [  0%] Built target sensor_msgs_generate_messages_eus
[2.609s] [  0%] Built target sensor_msgs_generate_messages_py
[2.627s] [  0%] Built target tf_generate_messages_py
[2.643s] [  0%] Built target jsk_recognition_msgs_generate_messages_cpp
[2.665s] [  0%] Built target jsk_recognition_msgs_generate_messages_lisp
[2.685s] [  0%] Built target jsk_recognition_msgs_generate_messages_py
[2.701s] [  0%] Built target pcl_msgs_generate_messages_cpp
[2.725s] [  0%] Built target pcl_msgs_generate_messages_eus
[2.741s] [  0%] Built target pcl_msgs_generate_messages_nodejs
[2.758s] [  0%] Built target actionlib_generate_messages_eus
[2.775s] [  0%] Built target pcl_msgs_generate_messages_py
[2.794s] [  0%] Built target jsk_footstep_msgs_generate_messages_lisp
[2.814s] [  0%] Built target jsk_footstep_msgs_generate_messages_nodejs
[2.832s] [  0%] Built target actionlib_generate_messages_nodejs
[2.856s] [  0%] Built target pcl_msgs_generate_messages_lisp
[2.879s] [  0%] Built target tf_generate_messages_cpp
[2.896s] [  0%] Built target jsk_footstep_msgs_generate_messages_cpp
[2.911s] [  0%] Built target actionlib_msgs_generate_messages_cpp
[2.931s] [  0%] Built target tf_generate_messages_eus
[2.947s] [  0%] Built target tf_generate_messages_lisp
[2.964s] [  0%] Built target tf2_msgs_generate_messages_cpp
[2.984s] [  0%] Built target tf2_msgs_generate_messages_lisp
[2.999s] [  0%] Built target autoware_msgs_generate_messages_lisp
[3.018s] [  0%] Built target actionlib_msgs_generate_messages_lisp
[3.037s] [  0%] Built target jsk_footstep_msgs_generate_messages_eus
[3.056s] [  0%] Built target actionlib_msgs_generate_messages_py
[3.082s] [100%] Built target ekf_localizer
[3.099s] [36mInstall the project...[0m
[3.106s] -- Install configuration: "Release"
[3.106s] -- Up-to-date: /home/agilex/autoware.ai/install/ekf_localizer/lib/pkgconfig/ekf_localizer.pc
[3.106s] -- Up-to-date: /home/agilex/autoware.ai/install/ekf_localizer/share/ekf_localizer/cmake/ekf_localizerConfig.cmake
[3.106s] -- Up-to-date: /home/agilex/autoware.ai/install/ekf_localizer/share/ekf_localizer/cmake/ekf_localizerConfig-version.cmake
[3.106s] -- Up-to-date: /home/agilex/autoware.ai/install/ekf_localizer/share/ekf_localizer/package.xml
[3.107s] -- Up-to-date: /home/agilex/autoware.ai/install/ekf_localizer/lib/ekf_localizer/ekf_localizer
[3.107s] -- Up-to-date: /home/agilex/autoware.ai/install/ekf_localizer/include/ekf_localizer
[3.107s] -- Up-to-date: /home/agilex/autoware.ai/install/ekf_localizer/include/ekf_localizer/ekf_localizer.h
[3.107s] -- Up-to-date: /home/agilex/autoware.ai/install/ekf_localizer/share/ekf_localizer/launch
[3.108s] -- Up-to-date: /home/agilex/autoware.ai/install/ekf_localizer/share/ekf_localizer/launch/ekf_localizer.launch
[3.111s] Invoked command in '/home/agilex/autoware.ai/build/ekf_localizer' returned '0': CMAKE_PREFIX_PATH=/home/agilex/autoware.ai/install/amathutils_lib:/home/agilex/autoware.ai/install/autoware_msgs:/home/agilex/autoware.ai/install/autoware_build_flags:${CMAKE_PREFIX_PATH} LD_LIBRARY_PATH=/home/agilex/autoware.ai/install/amathutils_lib/lib:${LD_LIBRARY_PATH} PKG_CONFIG_PATH=/home/agilex/autoware.ai/install/amathutils_lib/lib/x86_64-linux-gnu/pkgconfig:/home/agilex/autoware.ai/install/amathutils_lib/lib/pkgconfig:/home/agilex/autoware.ai/install/autoware_msgs/lib/x86_64-linux-gnu/pkgconfig:/home/agilex/autoware.ai/install/autoware_msgs/lib/pkgconfig:/home/agilex/autoware.ai/install/autoware_build_flags/lib/x86_64-linux-gnu/pkgconfig:/home/agilex/autoware.ai/install/autoware_build_flags/lib/pkgconfig:${PKG_CONFIG_PATH} PYTHONPATH=/home/agilex/autoware.ai/install/autoware_msgs/lib/python2.7/dist-packages:${PYTHONPATH} ROS_PACKAGE_PATH=/home/agilex/autoware.ai/install/amathutils_lib/share:/home/agilex/autoware.ai/install/autoware_msgs/share:/home/agilex/autoware.ai/install/autoware_build_flags/share:${ROS_PACKAGE_PATH} /usr/bin/cmake --build /home/agilex/autoware.ai/build/ekf_localizer --target install -- -j8 -l8
