[0.013s] Invoking command in '/home/agilex/autoware.ai/build/citysim': /usr/bin/cmake /home/agilex/autoware.ai/src/citysim -DCMAKE_BUILD_TYPE=Release -DCMAKE_INSTALL_PREFIX=/home/agilex/autoware.ai/install/citysim
[0.077s] -- The C compiler identification is GNU 7.5.0
[0.140s] -- The CXX compiler identification is GNU 7.5.0
[0.145s] -- Check for working C compiler: /usr/bin/cc
[0.213s] -- Check for working C compiler: /usr/bin/cc -- works
[0.214s] -- Detecting C compiler ABI info
[0.276s] -- Detecting C compiler ABI info - done
[0.285s] -- Detecting C compile features
[0.489s] -- Detecting C compile features - done
[0.492s] -- Check for working CXX compiler: /usr/bin/c++
[0.574s] -- Check for working CXX compiler: /usr/bin/c++ -- works
[0.575s] -- Detecting CXX compiler ABI info
[0.656s] -- Detecting CXX compiler ABI info - done
[0.665s] -- Detecting CXX compile features
[1.013s] -- Detecting CXX compile features - done
[1.026s] -- Found PkgConfig: /usr/bin/pkg-config (found version "0.29.1") 
[1.031s] -- Checking for module 'bullet>=2.82'
[1.046s] --   Found bullet, version 2.87
[1.089s] -- Found Simbody: /usr/include/simbody  
[1.127s] -- Looking for pthread.h
[1.192s] -- Looking for pthread.h - found
[1.193s] -- Looking for pthread_create
[1.260s] -- Looking for pthread_create - not found
[1.261s] -- Looking for pthread_create in pthreads
[1.309s] -- Looking for pthread_create in pthreads - not found
[1.309s] -- Looking for pthread_create in pthread
[1.369s] -- Looking for pthread_create in pthread - found
[1.371s] -- Found Threads: TRUE  
[1.415s] -- Boost version: 1.65.1
[1.415s] -- Found the following Boost libraries:
[1.416s] --   thread
[1.416s] --   signals
[1.416s] --   system
[1.416s] --   filesystem
[1.416s] --   program_options
[1.417s] --   regex
[1.417s] --   iostreams
[1.417s] --   date_time
[1.417s] --   chrono
[1.417s] --   atomic
[1.432s] -- Found Protobuf: /usr/lib/x86_64-linux-gnu/libprotobuf.so;-lpthread (found version "3.0.0") 
[1.454s] -- Boost version: 1.65.1
[1.456s] -- Looking for OGRE...
[1.458s] -- OGRE_PREFIX_WATCH changed.
[1.462s] -- Checking for module 'OGRE'
[1.477s] --   Found OGRE, version 1.9.0
[1.515s] -- Found Ogre Ghadamon (1.9.0)
[1.522s] -- Found OGRE: optimized;/usr/lib/x86_64-linux-gnu/libOgreMain.so;debug;/usr/lib/x86_64-linux-gnu/libOgreMain.so
[1.557s] CMake Warning (dev) at /usr/share/cmake-3.10/Modules/FindBoost.cmake:911 (if):
[1.557s]   Policy CMP0054 is not set: Only interpret if() arguments as variables or
[1.558s]   keywords when unquoted.  Run "cmake --help-policy CMP0054" for policy
[1.558s]   details.  Use the cmake_policy command to set the policy and suppress this
[1.558s]   warning.
[1.558s] 
[1.558s]   Quoted variables like "chrono" will no longer be dereferenced when the
[1.558s]   policy is set to NEW.  Since the policy is not set the OLD behavior will be
[1.559s]   used.
[1.559s] Call Stack (most recent call first):
[1.559s]   /usr/share/cmake-3.10/Modules/FindBoost.cmake:1558 (_Boost_MISSING_DEPENDENCIES)
[1.565s]   /usr/share/OGRE/cmake/modules/FindOGRE.cmake:318 (find_package)
[1.565s]   /usr/lib/x86_64-linux-gnu/cmake/gazebo/gazebo-config.cmake:175 (find_package)
[1.565s]   CMakeLists.txt:27 (find_package)
[1.565s] This warning is for project developers.  Use -Wno-dev to suppress it.
[1.565s] 
[1.570s] -- Looking for OGRE_Paging...
[1.575s] -- Found OGRE_Paging: optimized;/usr/lib/x86_64-linux-gnu/libOgrePaging.so;debug;/usr/lib/x86_64-linux-gnu/libOgrePaging.so
[1.576s] -- Looking for OGRE_Terrain...
[1.580s] -- Found OGRE_Terrain: optimized;/usr/lib/x86_64-linux-gnu/libOgreTerrain.so;debug;/usr/lib/x86_64-linux-gnu/libOgreTerrain.so
[1.580s] -- Looking for OGRE_Property...
[1.584s] -- Found OGRE_Property: optimized;/usr/lib/x86_64-linux-gnu/libOgreProperty.so;debug;/usr/lib/x86_64-linux-gnu/libOgreProperty.so
[1.584s] -- Looking for OGRE_RTShaderSystem...
[1.588s] -- Found OGRE_RTShaderSystem: optimized;/usr/lib/x86_64-linux-gnu/libOgreRTShaderSystem.so;debug;/usr/lib/x86_64-linux-gnu/libOgreRTShaderSystem.so
[1.589s] -- Looking for OGRE_Volume...
[1.593s] -- Found OGRE_Volume: optimized;/usr/lib/x86_64-linux-gnu/libOgreVolume.so;debug;/usr/lib/x86_64-linux-gnu/libOgreVolume.so
[1.593s] -- Looking for OGRE_Overlay...
[1.597s] -- Found OGRE_Overlay: optimized;/usr/lib/x86_64-linux-gnu/libOgreOverlay.so;debug;/usr/lib/x86_64-linux-gnu/libOgreOverlay.so
[1.692s] -- Found Protobuf: /usr/lib/x86_64-linux-gnu/libprotobuf.so;-lpthread;-lpthread (found suitable version "3.0.0", minimum required is "2.3.0") 
[1.706s] -- Config-file not installed for ZeroMQ -- checking for pkg-config
[1.706s] -- Checking for module 'libzmq >= 4'
[1.715s] --   Found libzmq , version 4.2.5
[1.757s] -- Found ZeroMQ: TRUE (Required is at least version "4") 
[1.764s] -- Checking for module 'uuid'
[1.777s] --   Found uuid, version 2.31.1
[1.815s] -- Found UUID: TRUE  
[1.826s] -- Checking for module 'tinyxml2'
[1.840s] --   Found tinyxml2, version 6.0.0
[1.886s] -- Looking for dlfcn.h - found
[1.887s] -- Looking for libdl - found
[1.889s] -- Found DL: TRUE  
[1.890s] -- FreeImage.pc not found, we will search for FreeImage_INCLUDE_DIRS and FreeImage_LIBRARIES
[1.976s] -- Checking for module 'gts'
[1.988s] --   Found gts, version 0.7.6
[2.027s] -- Found GTS: TRUE  
[2.031s] -- Checking for module 'libswscale'
[2.044s] --   Found libswscale, version 4.8.100
[2.079s] -- Found SWSCALE: TRUE  
[2.083s] -- Checking for module 'libavdevice >= 56.4.100'
[2.096s] --   Found libavdevice , version 57.10.100
[2.141s] -- Found AVDEVICE: TRUE (Required is at least version "56.4.100") 
[2.146s] -- Checking for module 'libavformat'
[2.159s] --   Found libavformat, version 57.83.100
[2.199s] -- Found AVFORMAT: TRUE  
[2.203s] -- Checking for module 'libavcodec'
[2.217s] --   Found libavcodec, version 57.107.100
[2.339s] -- Found AVCODEC: TRUE  
[2.356s] -- Checking for module 'libavutil'
[2.411s] --   Found libavutil, version 55.78.100
[2.558s] -- Found AVUTIL: TRUE  
[2.568s] -- Found CURL: /usr/lib/x86_64-linux-gnu/libcurl.so (found version "7.58.0") 
[2.589s] -- Checking for module 'jsoncpp'
[2.647s] --   Found jsoncpp, version 1.7.4
[2.821s] -- Found JSONCPP: TRUE  
[2.825s] -- Checking for module 'yaml-0.1'
[2.883s] --   Found yaml-0.1, version 0.1.7
[3.035s] -- Found YAML: TRUE  
[3.049s] -- Checking for module 'libzip'
[3.125s] --   Found libzip, version 1.1.2
[3.175s] -- Found ZIP: TRUE  
[3.197s] -- Configuring done
[3.232s] -- Generating done
[3.234s] -- Build files have been written to: /home/agilex/autoware.ai/build/citysim
[3.245s] Invoked command in '/home/agilex/autoware.ai/build/citysim' returned '0': /usr/bin/cmake /home/agilex/autoware.ai/src/citysim -DCMAKE_BUILD_TYPE=Release -DCMAKE_INSTALL_PREFIX=/home/agilex/autoware.ai/install/citysim
[3.245s] Invoking command in '/home/agilex/autoware.ai/build/citysim': /usr/bin/cmake --build /home/agilex/autoware.ai/build/citysim -- -j8 -l8
[3.286s] [35m[1mScanning dependencies of target BloomVisualPlugin_autogen[0m
[3.295s] [  8%] [34m[1mAutomatic MOC for target BloomVisualPlugin[0m
[3.317s] [  8%] Built target BloomVisualPlugin_autogen
[3.325s] [35m[1mScanning dependencies of target TrafficLightsGUIPlugin_autogen[0m
[3.335s] [ 16%] [34m[1mAutomatic MOC for target TrafficLightsGUIPlugin[0m
[3.616s] [ 16%] Built target TrafficLightsGUIPlugin_autogen
[3.628s] [35m[1mScanning dependencies of target BloomVisualPlugin[0m
[3.695s] [ 25%] [32mBuilding CXX object plugins/CMakeFiles/BloomVisualPlugin.dir/BloomVisualPlugin.cc.o[0m
[13.421s] [ 33%] [32mBuilding CXX object plugins/CMakeFiles/BloomVisualPlugin.dir/BloomVisualPlugin_autogen/mocs_compilation.cpp.o[0m
[13.438s] [ 41%] [32m[1mLinking CXX shared library libBloomVisualPlugin.so[0m
[13.747s] [ 41%] Built target BloomVisualPlugin
[13.756s] [35m[1mScanning dependencies of target TrafficLightsGUIPlugin[0m
[13.872s] [ 50%] [32mBuilding CXX object plugins/CMakeFiles/TrafficLightsGUIPlugin.dir/TrafficLightsGUIPlugin.cc.o[0m
[22.885s] [01m[K/home/agilex/autoware.ai/src/citysim/plugins/TrafficLightsGUIPlugin.cc:[m[K In member function '[01m[Kvoid gazebo::TrafficLightsGUIPlugin::OnKeyPress(ConstAnyPtr&)[m[K':
[22.885s] [01m[K/home/agilex/autoware.ai/src/citysim/plugins/TrafficLightsGUIPlugin.cc:83:39:[m[K [01;35m[Kwarning: [m[K'[01m[Kgazebo::common::Color::Color(const gazebo::common::Color&)[m[K' is deprecated [[01;35m[K-Wdeprecated-declarations[m[K]
[22.885s]    auto black = gazebo::common::Color::[01;35m[KBlack[m[K;
[22.885s]                                        [01;35m[K^~~~~[m[K
[22.885s] In file included from [01m[K/usr/include/gazebo-9/gazebo/msgs/msgs.hh:38:0[m[K,
[22.885s]                  from [01m[K/home/agilex/autoware.ai/src/citysim/plugins/TrafficLightsGUIPlugin.cc:18[m[K:
[22.885s] [01m[K/usr/include/gazebo-9/gazebo/common/Color.hh:95:15:[m[K [01;36m[Knote: [m[Kdeclared here
[22.886s]        public: [01;36m[KColor[m[K(const Color &_clr) GAZEBO_DEPRECATED(9.0);
[22.886s]                [01;36m[K^~~~~[m[K
[22.886s] [01m[K/home/agilex/autoware.ai/src/citysim/plugins/TrafficLightsGUIPlugin.cc:83:39:[m[K [01;35m[Kwarning: [m[K'[01m[Kvirtual gazebo::common::Color::~Color()[m[K' is deprecated [[01;35m[K-Wdeprecated-declarations[m[K]
[22.886s]    auto black = gazebo::common::Color::[01;35m[KBlack[m[K;
[22.886s]                                        [01;35m[K^~~~~[m[K
[22.886s] In file included from [01m[K/usr/include/gazebo-9/gazebo/msgs/msgs.hh:38:0[m[K,
[22.886s]                  from [01m[K/home/agilex/autoware.ai/src/citysim/plugins/TrafficLightsGUIPlugin.cc:18[m[K:
[22.886s] [01m[K/usr/include/gazebo-9/gazebo/common/Color.hh:98:23:[m[K [01;36m[Knote: [m[Kdeclared here
[22.886s]        public: virtual [01;36m[K~[m[KColor() GAZEBO_DEPRECATED(9.0);
[22.886s]                        [01;36m[K^[m[K
[22.886s] [01m[K/home/agilex/autoware.ai/src/citysim/plugins/TrafficLightsGUIPlugin.cc:83:39:[m[K [01;35m[Kwarning: [m[K'[01m[Kvirtual gazebo::common::Color::~Color()[m[K' is deprecated [[01;35m[K-Wdeprecated-declarations[m[K]
[22.886s]    auto black = gazebo::common::Color::[01;35m[KBlack[m[K;
[22.886s]                                        [01;35m[K^~~~~[m[K
[22.887s] In file included from [01m[K/usr/include/gazebo-9/gazebo/msgs/msgs.hh:38:0[m[K,
[22.887s]                  from [01m[K/home/agilex/autoware.ai/src/citysim/plugins/TrafficLightsGUIPlugin.cc:18[m[K:
[22.887s] [01m[K/usr/include/gazebo-9/gazebo/common/Color.hh:98:23:[m[K [01;36m[Knote: [m[Kdeclared here
[22.887s]        public: virtual [01;36m[K~[m[KColor() GAZEBO_DEPRECATED(9.0);
[22.887s]                        [01;36m[K^[m[K
[22.890s] [01m[K/home/agilex/autoware.ai/src/citysim/plugins/TrafficLightsGUIPlugin.cc:105:66:[m[K [01;35m[Kwarning: [m[K'[01m[Kvoid gazebo::msgs::Set(gazebo::msgs::Color*, const gazebo::common::Color&)[m[K' is deprecated [[01;35m[K-Wdeprecated-declarations[m[K]
[22.890s]              gazebo::msgs::Set(matMsg->mutable_emissive(), c.first[01;35m[K)[m[K;
[22.890s]                                                                   [01;35m[K^[m[K
[22.891s] In file included from [01m[K/home/agilex/autoware.ai/src/citysim/plugins/TrafficLightsGUIPlugin.cc:18:0[m[K:
[22.891s] [01m[K/usr/include/gazebo-9/gazebo/msgs/msgs.hh:328:10:[m[K [01;36m[Knote: [m[Kdeclared here
[22.891s]      void [01;36m[KSet[m[K(msgs::Color *_c, const common::Color &_v) GAZEBO_DEPRECATED(9.0);
[22.891s]           [01;36m[K^~~[m[K
[22.891s] [01m[K/home/agilex/autoware.ai/src/citysim/plugins/TrafficLightsGUIPlugin.cc:106:65:[m[K [01;35m[Kwarning: [m[K'[01m[Kvoid gazebo::msgs::Set(gazebo::msgs::Color*, const gazebo::common::Color&)[m[K' is deprecated [[01;35m[K-Wdeprecated-declarations[m[K]
[22.891s]              gazebo::msgs::Set(matMsg->mutable_ambient(), c.first[01;35m[K)[m[K;
[22.891s]                                                                  [01;35m[K^[m[K
[22.891s] In file included from [01m[K/home/agilex/autoware.ai/src/citysim/plugins/TrafficLightsGUIPlugin.cc:18:0[m[K:
[22.891s] [01m[K/usr/include/gazebo-9/gazebo/msgs/msgs.hh:328:10:[m[K [01;36m[Knote: [m[Kdeclared here
[22.892s]      void [01;36m[KSet[m[K(msgs::Color *_c, const common::Color &_v) GAZEBO_DEPRECATED(9.0);
[22.892s]           [01;36m[K^~~[m[K
[22.892s] [01m[K/home/agilex/autoware.ai/src/citysim/plugins/TrafficLightsGUIPlugin.cc:110:64:[m[K [01;35m[Kwarning: [m[K'[01m[Kvoid gazebo::msgs::Set(gazebo::msgs::Color*, const gazebo::common::Color&)[m[K' is deprecated [[01;35m[K-Wdeprecated-declarations[m[K]
[22.892s]              gazebo::msgs::Set(matMsg->mutable_emissive(), black[01;35m[K)[m[K;
[22.892s]                                                                 [01;35m[K^[m[K
[22.892s] In file included from [01m[K/home/agilex/autoware.ai/src/citysim/plugins/TrafficLightsGUIPlugin.cc:18:0[m[K:
[22.892s] [01m[K/usr/include/gazebo-9/gazebo/msgs/msgs.hh:328:10:[m[K [01;36m[Knote: [m[Kdeclared here
[22.892s]      void [01;36m[KSet[m[K(msgs::Color *_c, const common::Color &_v) GAZEBO_DEPRECATED(9.0);
[22.892s]           [01;36m[K^~~[m[K
[22.892s] [01m[K/home/agilex/autoware.ai/src/citysim/plugins/TrafficLightsGUIPlugin.cc:111:63:[m[K [01;35m[Kwarning: [m[K'[01m[Kvoid gazebo::msgs::Set(gazebo::msgs::Color*, const gazebo::common::Color&)[m[K' is deprecated [[01;35m[K-Wdeprecated-declarations[m[K]
[22.892s]              gazebo::msgs::Set(matMsg->mutable_ambient(), black[01;35m[K)[m[K;
[22.892s]                                                                [01;35m[K^[m[K
[22.892s] In file included from [01m[K/home/agilex/autoware.ai/src/citysim/plugins/TrafficLightsGUIPlugin.cc:18:0[m[K:
[22.892s] [01m[K/usr/include/gazebo-9/gazebo/msgs/msgs.hh:328:10:[m[K [01;36m[Knote: [m[Kdeclared here
[22.893s]      void [01;36m[KSet[m[K(msgs::Color *_c, const common::Color &_v) GAZEBO_DEPRECATED(9.0);
[22.893s]           [01;36m[K^~~[m[K
[26.354s] [ 58%] [32mBuilding CXX object plugins/CMakeFiles/TrafficLightsGUIPlugin.dir/TrafficLightsGUIPlugin_autogen/mocs_compilation.cpp.o[0m
[33.475s] [ 66%] [32m[1mLinking CXX shared library libTrafficLightsGUIPlugin.so[0m
[34.449s] [ 66%] Built target TrafficLightsGUIPlugin
[34.457s] [35m[1mScanning dependencies of target LensFlareVisualPlugin_autogen[0m
[34.466s] [ 75%] [34m[1mAutomatic MOC for target LensFlareVisualPlugin[0m
[34.494s] [ 75%] Built target LensFlareVisualPlugin_autogen
[34.504s] [35m[1mScanning dependencies of target LensFlareVisualPlugin[0m
[34.590s] [ 83%] [32mBuilding CXX object plugins/CMakeFiles/LensFlareVisualPlugin.dir/LensFlareVisualPlugin.cc.o[0m
[44.122s] [ 91%] [32mBuilding CXX object plugins/CMakeFiles/LensFlareVisualPlugin.dir/LensFlareVisualPlugin_autogen/mocs_compilation.cpp.o[0m
[44.139s] [100%] [32m[1mLinking CXX shared library libLensFlareVisualPlugin.so[0m
[44.372s] [100%] Built target LensFlareVisualPlugin
[44.383s] Invoked command in '/home/agilex/autoware.ai/build/citysim' returned '0': /usr/bin/cmake --build /home/agilex/autoware.ai/build/citysim -- -j8 -l8
[44.413s] Invoking command in '/home/agilex/autoware.ai/build/citysim': /usr/bin/cmake --build /home/agilex/autoware.ai/build/citysim --target install -- -j8 -l8
[44.462s] [  8%] [34m[1mAutomatic MOC for target BloomVisualPlugin[0m
[44.479s] [  8%] Built target BloomVisualPlugin_autogen
[44.497s] [ 16%] [34m[1mAutomatic MOC for target TrafficLightsGUIPlugin[0m
[44.517s] [ 16%] Built target TrafficLightsGUIPlugin_autogen
[44.548s] [ 41%] Built target BloomVisualPlugin
[44.600s] [ 66%] Built target TrafficLightsGUIPlugin
[44.620s] [ 75%] [34m[1mAutomatic MOC for target LensFlareVisualPlugin[0m
[44.636s] [ 75%] Built target LensFlareVisualPlugin_autogen
[44.669s] [100%] Built target LensFlareVisualPlugin
[44.686s] [36mInstall the project...[0m
[44.695s] -- Install configuration: "Release"
[44.695s] -- Installing: /home/agilex/autoware.ai/install/citysim/share/citysim-0/setup.sh
[44.695s] -- Installing: /home/agilex/autoware.ai/install/citysim/share/citysim/setup.sh
[44.696s] -- Installing: /home/agilex/autoware.ai/install/citysim/lib/citysim-0/plugins/libLensFlareVisualPlugin.so
[44.697s] -- Set runtime path of "/home/agilex/autoware.ai/install/citysim/lib/citysim-0/plugins/libLensFlareVisualPlugin.so" to ""
[44.697s] -- Installing: /home/agilex/autoware.ai/install/citysim/lib/citysim-0/plugins/libBloomVisualPlugin.so
[44.700s] -- Set runtime path of "/home/agilex/autoware.ai/install/citysim/lib/citysim-0/plugins/libBloomVisualPlugin.so" to ""
[44.700s] -- Installing: /home/agilex/autoware.ai/install/citysim/lib/citysim-0/plugins/libTrafficLightsGUIPlugin.so
[44.701s] -- Set runtime path of "/home/agilex/autoware.ai/install/citysim/lib/citysim-0/plugins/libTrafficLightsGUIPlugin.so" to ""
[44.701s] -- Installing: /home/agilex/autoware.ai/install/citysim/share/citysim-0/models/actor
[44.701s] -- Installing: /home/agilex/autoware.ai/install/citysim/share/citysim-0/models/actor/model.sdf
[44.701s] -- Installing: /home/agilex/autoware.ai/install/citysim/share/citysim-0/models/actor/model.config
[44.701s] -- Installing: /home/agilex/autoware.ai/install/citysim/share/citysim-0/models/actor/meshes
[44.701s] -- Installing: /home/agilex/autoware.ai/install/citysim/share/citysim-0/models/actor/meshes/SKIN_man_red_shirt.dae
[44.703s] -- Installing: /home/agilex/autoware.ai/install/citysim/share/citysim-0/models/actor/meshes/ANIMATION_walking.dae
[44.704s] -- Installing: /home/agilex/autoware.ai/install/citysim/share/citysim-0/models/actor/meshes/ANIMATION_running.dae
[44.706s] -- Installing: /home/agilex/autoware.ai/install/citysim/share/citysim-0/models/actor/meshes/ANIMATION_talking_b.dae
[44.713s] -- Installing: /home/agilex/autoware.ai/install/citysim/share/citysim-0/models/actor/meshes/ANIMATION_talking_a.dae
[44.720s] -- Installing: /home/agilex/autoware.ai/install/citysim/share/citysim-0/models/actor/meshes/SKIN_man_green_shirt.dae
[44.721s] -- Installing: /home/agilex/autoware.ai/install/citysim/share/citysim-0/models/actor/meshes/SKIN_man_blue_shirt.dae
[44.723s] -- Installing: /home/agilex/autoware.ai/install/citysim/share/citysim-0/models/city_terrain
[44.723s] -- Installing: /home/agilex/autoware.ai/install/citysim/share/citysim-0/models/city_terrain/model.sdf
[44.723s] -- Installing: /home/agilex/autoware.ai/install/citysim/share/citysim-0/models/city_terrain/model.config
[44.723s] -- Installing: /home/agilex/autoware.ai/install/citysim/share/citysim-0/models/city_terrain/materials
[44.723s] -- Installing: /home/agilex/autoware.ai/install/citysim/share/citysim-0/models/city_terrain/materials/textures
[44.723s] -- Installing: /home/agilex/autoware.ai/install/citysim/share/citysim-0/models/city_terrain/materials/textures/city_terrain.jpg
[44.723s] -- Installing: /home/agilex/autoware.ai/install/citysim/share/citysim-0/models/city_terrain/materials/textures/city_terrain (original).jpg
[44.723s] -- Installing: /home/agilex/autoware.ai/install/citysim/share/citysim-0/models/city_terrain/materials/textures/forest.jpg
[44.726s] -- Installing: /home/agilex/autoware.ai/install/citysim/share/citysim-0/models/ocean
[44.726s] -- Installing: /home/agilex/autoware.ai/install/citysim/share/citysim-0/models/ocean/mesh-simple.dae
[44.727s] -- Installing: /home/agilex/autoware.ai/install/citysim/share/citysim-0/models/ocean/model.sdf
[44.727s] -- Installing: /home/agilex/autoware.ai/install/citysim/share/citysim-0/models/ocean/model.config
[44.727s] -- Installing: /home/agilex/autoware.ai/install/citysim/share/citysim-0/models/ocean/mesh.dae
[44.727s] -- Installing: /home/agilex/autoware.ai/install/citysim/share/citysim-0/models/ocean/materials
[44.727s] -- Installing: /home/agilex/autoware.ai/install/citysim/share/citysim-0/models/ocean/materials/textures
[44.728s] -- Installing: /home/agilex/autoware.ai/install/citysim/share/citysim-0/models/ocean/materials/textures/clouds_rt.jpg
[44.728s] -- Installing: /home/agilex/autoware.ai/install/citysim/share/citysim-0/models/ocean/materials/textures/clouds_bk.jpg
[44.728s] -- Installing: /home/agilex/autoware.ai/install/citysim/share/citysim-0/models/ocean/materials/textures/normals.dds
[44.728s] -- Installing: /home/agilex/autoware.ai/install/citysim/share/citysim-0/models/ocean/materials/textures/soil_sand_0045_01.jpg
[44.731s] -- Installing: /home/agilex/autoware.ai/install/citysim/share/citysim-0/models/ocean/materials/textures/clouds_dn.jpg
[44.731s] -- Installing: /home/agilex/autoware.ai/install/citysim/share/citysim-0/models/ocean/materials/textures/clouds_up.jpg
[44.731s] -- Installing: /home/agilex/autoware.ai/install/citysim/share/citysim-0/models/ocean/materials/textures/clouds_fr.jpg
[44.732s] -- Installing: /home/agilex/autoware.ai/install/citysim/share/citysim-0/models/ocean/materials/textures/clouds.jpg
[44.732s] -- Installing: /home/agilex/autoware.ai/install/citysim/share/citysim-0/models/ocean/materials/textures/License and source soil_sand_0045_01.txt
[44.732s] -- Installing: /home/agilex/autoware.ai/install/citysim/share/citysim-0/models/ocean/materials/textures/clouds_lf.jpg
[44.732s] -- Installing: /home/agilex/autoware.ai/install/citysim/share/citysim-0/models/ocean/materials/programs
[44.732s] -- Installing: /home/agilex/autoware.ai/install/citysim/share/citysim-0/models/ocean/materials/programs/GLSL
[44.733s] -- Installing: /home/agilex/autoware.ai/install/citysim/share/citysim-0/models/ocean/materials/programs/GLSL/Waves.vert
[44.733s] -- Installing: /home/agilex/autoware.ai/install/citysim/share/citysim-0/models/ocean/materials/programs/GLSL/Waves.frag
[44.733s] -- Installing: /home/agilex/autoware.ai/install/citysim/share/citysim-0/models/ocean/materials/scripts
[44.733s] -- Installing: /home/agilex/autoware.ai/install/citysim/share/citysim-0/models/ocean/materials/scripts/ocean.material
[44.733s] -- Installing: /home/agilex/autoware.ai/install/citysim/share/citysim-0/models/ocean/mesh.blend
[44.733s] -- Installing: /home/agilex/autoware.ai/install/citysim/share/citysim-0/models/ocean/mesh_below.dae
[44.734s] -- Installing: /home/agilex/autoware.ai/install/citysim/share/citysim-0/worlds/citysim_gazebo7.world
[44.734s] -- Installing: /home/agilex/autoware.ai/install/citysim/share/citysim-0/worlds/citysim_gazebo9.world
[44.735s] -- Installing: /home/agilex/autoware.ai/install/citysim/share/citysim-0/worlds/rendering.world
[44.735s] -- Installing: /home/agilex/autoware.ai/install/citysim/share/citysim-0/worlds/simple_city.world
[44.736s] -- Installing: /home/agilex/autoware.ai/install/citysim/share/citysim-0/media/materials/scripts/Bloom2.material
[44.736s] -- Installing: /home/agilex/autoware.ai/install/citysim/share/citysim-0/media/materials/scripts/citysim.material
[44.736s] -- Installing: /home/agilex/autoware.ai/install/citysim/share/citysim-0/media/materials/scripts/Bloom2.compositor
[44.736s] -- Installing: /home/agilex/autoware.ai/install/citysim/share/citysim-0/media/materials/scripts/StdQuad_vp.program
[44.736s] -- Installing: /home/agilex/autoware.ai/install/citysim/share/citysim-0/media/materials/programs/Bloom2_ps20.glsl
[44.736s] -- Installing: /home/agilex/autoware.ai/install/citysim/share/citysim-0/media/materials/programs/BlurH_ps20.glsl
[44.736s] -- Installing: /home/agilex/autoware.ai/install/citysim/share/citysim-0/media/materials/programs/BlurV_ps20.glsl
[44.737s] -- Installing: /home/agilex/autoware.ai/install/citysim/share/citysim-0/media/materials/programs/Blur_vs.glsl
[44.737s] -- Installing: /home/agilex/autoware.ai/install/citysim/share/citysim-0/media/materials/programs/BrightBloom2_ps20.glsl
[44.737s] -- Installing: /home/agilex/autoware.ai/install/citysim/share/citysim-0/media/materials/programs/StdQuad_Tex2a_vp.glsl
[44.737s] -- Installing: /home/agilex/autoware.ai/install/citysim/share/citysim-0/media/materials/programs/StdQuad_vp.glsl
[44.742s] Invoked command in '/home/agilex/autoware.ai/build/citysim' returned '0': /usr/bin/cmake --build /home/agilex/autoware.ai/build/citysim --target install -- -j8 -l8
