[0.030s] Invoking command in '/home/agilex/autoware.ai/build/naive_motion_predict': CMAKE_PREFIX_PATH=/home/agilex/autoware.ai/install/imm_ukf_pda_track:/home/agilex/autoware.ai/install/vector_map:/home/agilex/autoware.ai/install/vector_map_msgs:/home/agilex/autoware.ai/install/autoware_msgs:/home/agilex/autoware.ai/install/autoware_build_flags:${CMAKE_PREFIX_PATH} LD_LIBRARY_PATH=/home/agilex/autoware.ai/install/vector_map/lib:${LD_LIBRARY_PATH} PKG_CONFIG_PATH=/home/agilex/autoware.ai/install/imm_ukf_pda_track/lib/x86_64-linux-gnu/pkgconfig:/home/agilex/autoware.ai/install/imm_ukf_pda_track/lib/pkgconfig:/home/agilex/autoware.ai/install/vector_map/lib/x86_64-linux-gnu/pkgconfig:/home/agilex/autoware.ai/install/vector_map/lib/pkgconfig:/home/agilex/autoware.ai/install/vector_map_msgs/lib/x86_64-linux-gnu/pkgconfig:/home/agilex/autoware.ai/install/vector_map_msgs/lib/pkgconfig:/home/agilex/autoware.ai/install/autoware_msgs/lib/x86_64-linux-gnu/pkgconfig:/home/agilex/autoware.ai/install/autoware_msgs/lib/pkgconfig:/home/agilex/autoware.ai/install/autoware_build_flags/lib/x86_64-linux-gnu/pkgconfig:/home/agilex/autoware.ai/install/autoware_build_flags/lib/pkgconfig:${PKG_CONFIG_PATH} PYTHONPATH=/home/agilex/autoware.ai/install/vector_map_msgs/lib/python2.7/dist-packages:/home/agilex/autoware.ai/install/autoware_msgs/lib/python2.7/dist-packages:${PYTHONPATH} ROS_PACKAGE_PATH=/home/agilex/autoware.ai/install/imm_ukf_pda_track/share:/home/agilex/autoware.ai/install/vector_map/share:/home/agilex/autoware.ai/install/vector_map_msgs/share:/home/agilex/autoware.ai/install/autoware_msgs/share:/home/agilex/autoware.ai/install/autoware_build_flags/share:${ROS_PACKAGE_PATH} /usr/bin/cmake --build /home/agilex/autoware.ai/build/naive_motion_predict -- -j8 -l8
[0.079s] [  0%] Built target dynamic_reconfigure_gencfg
[0.096s] [  0%] Built target visualization_msgs_generate_messages_eus
[0.119s] [  0%] Built target topic_tools_generate_messages_nodejs
[0.140s] [  0%] Built target topic_tools_generate_messages_eus
[0.166s] [  0%] Built target topic_tools_generate_messages_cpp
[0.185s] [  0%] Built target std_srvs_generate_messages_py
[0.202s] [  0%] Built target std_srvs_generate_messages_nodejs
[0.222s] [  0%] Built target vector_map_msgs_generate_messages_nodejs
[0.244s] [  0%] Built target bond_generate_messages_py
[0.265s] [  0%] Built target bond_generate_messages_nodejs
[0.285s] [  0%] Built target bond_generate_messages_lisp
[0.306s] [  0%] Built target bond_generate_messages_eus
[0.322s] [  0%] Built target bond_generate_messages_cpp
[0.344s] [  0%] Built target nodelet_generate_messages_nodejs
[0.363s] [  0%] Built target nodelet_generate_messages_eus
[0.385s] [  0%] Built target nodelet_generate_messages_cpp
[0.409s] [  0%] Built target jsk_footstep_msgs_generate_messages_nodejs
[0.426s] [  0%] Built target jsk_footstep_msgs_generate_messages_lisp
[0.453s] [  0%] Built target jsk_footstep_msgs_generate_messages_eus
[0.470s] [  0%] Built target actionlib_msgs_generate_messages_py
[0.489s] [  0%] Built target geometry_msgs_generate_messages_py
[0.509s] [  0%] Built target pcl_msgs_generate_messages_nodejs
[0.527s] [  0%] Built target jsk_recognition_msgs_generate_messages_py
[0.553s] [  0%] Built target pcl_msgs_generate_messages_eus
[0.571s] [  0%] Built target rosgraph_msgs_generate_messages_eus
[0.589s] [  0%] Built target jsk_recognition_msgs_generate_messages_lisp
[0.609s] [  0%] Built target jsk_recognition_msgs_generate_messages_eus
[0.631s] [  0%] Built target tf2_msgs_generate_messages_cpp
[0.648s] [  0%] Built target nodelet_generate_messages_py
[0.667s] [  0%] Built target sensor_msgs_generate_messages_py
[0.685s] [  0%] Built target sensor_msgs_generate_messages_nodejs
[0.706s] [  0%] Built target roscpp_generate_messages_cpp
[0.727s] [  0%] Built target actionlib_generate_messages_cpp
[0.745s] [  0%] Built target autoware_msgs_generate_messages_lisp
[0.762s] [  0%] Built target jsk_footstep_msgs_generate_messages_py
[0.779s] [  0%] Built target std_msgs_generate_messages_cpp
[0.802s] [  0%] Built target geometry_msgs_generate_messages_lisp
[0.823s] [  0%] Built target nodelet_generate_messages_lisp
[0.842s] [  0%] Built target autoware_msgs_generate_messages_py
[0.860s] [  0%] Built target std_msgs_generate_messages_py
[0.878s] [  0%] Built target autoware_msgs_generate_messages_cpp
[0.896s] [  0%] Built target rosgraph_msgs_generate_messages_cpp
[0.922s] [  0%] Built target tf_generate_messages_py
[0.938s] [  0%] Built target dynamic_reconfigure_generate_messages_cpp
[0.959s] [  0%] Built target pcl_msgs_generate_messages_cpp
[0.977s] [  0%] Built target dynamic_reconfigure_generate_messages_lisp
[0.999s] [  0%] Built target topic_tools_generate_messages_lisp
[1.017s] [  0%] Built target jsk_recognition_msgs_generate_messages_cpp
[1.035s] [  0%] Built target sensor_msgs_generate_messages_lisp
[1.054s] [  0%] Built target std_srvs_generate_messages_cpp
[1.072s] [  0%] Built target autoware_msgs_generate_messages_eus
[1.093s] [  0%] Built target autoware_msgs_generate_messages_nodejs
[1.111s] [  0%] Built target visualization_msgs_generate_messages_lisp
[1.132s] [  0%] Built target std_msgs_generate_messages_eus
[1.157s] [  0%] Built target geometry_msgs_generate_messages_eus
[1.176s] [  0%] Built target std_msgs_generate_messages_nodejs
[1.206s] [  0%] Built target sensor_msgs_generate_messages_eus
[1.225s] [  0%] Built target std_srvs_generate_messages_lisp
[1.252s] [  0%] Built target roscpp_generate_messages_nodejs
[1.280s] [  0%] Built target std_msgs_generate_messages_lisp
[1.303s] [  0%] Built target sensor_msgs_generate_messages_cpp
[1.322s] [  0%] Built target actionlib_msgs_generate_messages_lisp
[1.343s] [  0%] Built target topic_tools_generate_messages_py
[1.361s] [  0%] Built target nodelet_topic_tools_gencfg
[1.390s] [  0%] Built target actionlib_msgs_generate_messages_nodejs
[1.406s] [  0%] Built target geometry_msgs_generate_messages_nodejs
[1.423s] [  0%] Built target std_srvs_generate_messages_eus
[1.440s] [  0%] Built target jsk_recognition_msgs_generate_messages_nodejs
[1.459s] [  0%] Built target roscpp_generate_messages_lisp
[1.482s] [  0%] Built target roscpp_generate_messages_py
[1.506s] [  0%] Built target rosgraph_msgs_generate_messages_lisp
[1.522s] [  0%] Built target rosgraph_msgs_generate_messages_nodejs
[1.542s] [  0%] Built target actionlib_msgs_generate_messages_eus
[1.559s] [  0%] Built target roscpp_generate_messages_eus
[1.580s] [  0%] Built target rosgraph_msgs_generate_messages_py
[1.598s] [  0%] Built target jsk_footstep_msgs_generate_messages_cpp
[1.615s] [  0%] Built target actionlib_msgs_generate_messages_cpp
[1.631s] [  0%] Built target tf_generate_messages_eus
[1.647s] [  0%] Built target tf_generate_messages_lisp
[1.667s] [  0%] Built target tf_generate_messages_nodejs
[1.687s] [  0%] Built target pcl_msgs_generate_messages_py
[1.707s] [  0%] Built target actionlib_generate_messages_eus
[1.725s] [  0%] Built target geometry_msgs_generate_messages_cpp
[1.752s] [  0%] Built target actionlib_generate_messages_lisp
[1.770s] [  0%] Built target pcl_msgs_generate_messages_lisp
[1.794s] [  0%] Built target tf_generate_messages_cpp
[1.813s] [  0%] Built target actionlib_generate_messages_nodejs
[1.830s] [  0%] Built target pcl_ros_gencfg
[1.852s] [  0%] Built target visualization_msgs_generate_messages_cpp
[1.868s] [  0%] Built target tf2_msgs_generate_messages_eus
[1.890s] [  0%] Built target actionlib_generate_messages_py
[1.909s] [  0%] Built target tf2_msgs_generate_messages_py
[1.930s] [  0%] Built target tf2_msgs_generate_messages_nodejs
[1.950s] [  0%] Built target dynamic_reconfigure_generate_messages_eus
[1.972s] [  0%] Built target dynamic_reconfigure_generate_messages_nodejs
[1.989s] [  0%] Built target dynamic_reconfigure_generate_messages_py
[2.011s] [  0%] Built target tf2_msgs_generate_messages_lisp
[2.032s] [  0%] Built target visualization_msgs_generate_messages_nodejs
[2.052s] [  0%] Built target visualization_msgs_generate_messages_py
[2.070s] [  0%] Built target vector_map_msgs_generate_messages_cpp
[2.087s] [  0%] Built target vector_map_msgs_generate_messages_eus
[2.103s] [  0%] Built target vector_map_msgs_generate_messages_lisp
[2.125s] [  0%] Built target vector_map_msgs_generate_messages_py
[2.154s] [100%] Built target naive_motion_predict
[2.163s] Invoked command in '/home/agilex/autoware.ai/build/naive_motion_predict' returned '0': CMAKE_PREFIX_PATH=/home/agilex/autoware.ai/install/imm_ukf_pda_track:/home/agilex/autoware.ai/install/vector_map:/home/agilex/autoware.ai/install/vector_map_msgs:/home/agilex/autoware.ai/install/autoware_msgs:/home/agilex/autoware.ai/install/autoware_build_flags:${CMAKE_PREFIX_PATH} LD_LIBRARY_PATH=/home/agilex/autoware.ai/install/vector_map/lib:${LD_LIBRARY_PATH} PKG_CONFIG_PATH=/home/agilex/autoware.ai/install/imm_ukf_pda_track/lib/x86_64-linux-gnu/pkgconfig:/home/agilex/autoware.ai/install/imm_ukf_pda_track/lib/pkgconfig:/home/agilex/autoware.ai/install/vector_map/lib/x86_64-linux-gnu/pkgconfig:/home/agilex/autoware.ai/install/vector_map/lib/pkgconfig:/home/agilex/autoware.ai/install/vector_map_msgs/lib/x86_64-linux-gnu/pkgconfig:/home/agilex/autoware.ai/install/vector_map_msgs/lib/pkgconfig:/home/agilex/autoware.ai/install/autoware_msgs/lib/x86_64-linux-gnu/pkgconfig:/home/agilex/autoware.ai/install/autoware_msgs/lib/pkgconfig:/home/agilex/autoware.ai/install/autoware_build_flags/lib/x86_64-linux-gnu/pkgconfig:/home/agilex/autoware.ai/install/autoware_build_flags/lib/pkgconfig:${PKG_CONFIG_PATH} PYTHONPATH=/home/agilex/autoware.ai/install/vector_map_msgs/lib/python2.7/dist-packages:/home/agilex/autoware.ai/install/autoware_msgs/lib/python2.7/dist-packages:${PYTHONPATH} ROS_PACKAGE_PATH=/home/agilex/autoware.ai/install/imm_ukf_pda_track/share:/home/agilex/autoware.ai/install/vector_map/share:/home/agilex/autoware.ai/install/vector_map_msgs/share:/home/agilex/autoware.ai/install/autoware_msgs/share:/home/agilex/autoware.ai/install/autoware_build_flags/share:${ROS_PACKAGE_PATH} /usr/bin/cmake --build /home/agilex/autoware.ai/build/naive_motion_predict -- -j8 -l8
[2.321s] Invoking command in '/home/agilex/autoware.ai/build/naive_motion_predict': CMAKE_PREFIX_PATH=/home/agilex/autoware.ai/install/imm_ukf_pda_track:/home/agilex/autoware.ai/install/vector_map:/home/agilex/autoware.ai/install/vector_map_msgs:/home/agilex/autoware.ai/install/autoware_msgs:/home/agilex/autoware.ai/install/autoware_build_flags:${CMAKE_PREFIX_PATH} LD_LIBRARY_PATH=/home/agilex/autoware.ai/install/vector_map/lib:${LD_LIBRARY_PATH} PKG_CONFIG_PATH=/home/agilex/autoware.ai/install/imm_ukf_pda_track/lib/x86_64-linux-gnu/pkgconfig:/home/agilex/autoware.ai/install/imm_ukf_pda_track/lib/pkgconfig:/home/agilex/autoware.ai/install/vector_map/lib/x86_64-linux-gnu/pkgconfig:/home/agilex/autoware.ai/install/vector_map/lib/pkgconfig:/home/agilex/autoware.ai/install/vector_map_msgs/lib/x86_64-linux-gnu/pkgconfig:/home/agilex/autoware.ai/install/vector_map_msgs/lib/pkgconfig:/home/agilex/autoware.ai/install/autoware_msgs/lib/x86_64-linux-gnu/pkgconfig:/home/agilex/autoware.ai/install/autoware_msgs/lib/pkgconfig:/home/agilex/autoware.ai/install/autoware_build_flags/lib/x86_64-linux-gnu/pkgconfig:/home/agilex/autoware.ai/install/autoware_build_flags/lib/pkgconfig:${PKG_CONFIG_PATH} PYTHONPATH=/home/agilex/autoware.ai/install/vector_map_msgs/lib/python2.7/dist-packages:/home/agilex/autoware.ai/install/autoware_msgs/lib/python2.7/dist-packages:${PYTHONPATH} ROS_PACKAGE_PATH=/home/agilex/autoware.ai/install/imm_ukf_pda_track/share:/home/agilex/autoware.ai/install/vector_map/share:/home/agilex/autoware.ai/install/vector_map_msgs/share:/home/agilex/autoware.ai/install/autoware_msgs/share:/home/agilex/autoware.ai/install/autoware_build_flags/share:${ROS_PACKAGE_PATH} /usr/bin/cmake --build /home/agilex/autoware.ai/build/naive_motion_predict --target tests -- -j8 -l8
[2.383s] Built target tests
[2.391s] Invoked command in '/home/agilex/autoware.ai/build/naive_motion_predict' returned '0': CMAKE_PREFIX_PATH=/home/agilex/autoware.ai/install/imm_ukf_pda_track:/home/agilex/autoware.ai/install/vector_map:/home/agilex/autoware.ai/install/vector_map_msgs:/home/agilex/autoware.ai/install/autoware_msgs:/home/agilex/autoware.ai/install/autoware_build_flags:${CMAKE_PREFIX_PATH} LD_LIBRARY_PATH=/home/agilex/autoware.ai/install/vector_map/lib:${LD_LIBRARY_PATH} PKG_CONFIG_PATH=/home/agilex/autoware.ai/install/imm_ukf_pda_track/lib/x86_64-linux-gnu/pkgconfig:/home/agilex/autoware.ai/install/imm_ukf_pda_track/lib/pkgconfig:/home/agilex/autoware.ai/install/vector_map/lib/x86_64-linux-gnu/pkgconfig:/home/agilex/autoware.ai/install/vector_map/lib/pkgconfig:/home/agilex/autoware.ai/install/vector_map_msgs/lib/x86_64-linux-gnu/pkgconfig:/home/agilex/autoware.ai/install/vector_map_msgs/lib/pkgconfig:/home/agilex/autoware.ai/install/autoware_msgs/lib/x86_64-linux-gnu/pkgconfig:/home/agilex/autoware.ai/install/autoware_msgs/lib/pkgconfig:/home/agilex/autoware.ai/install/autoware_build_flags/lib/x86_64-linux-gnu/pkgconfig:/home/agilex/autoware.ai/install/autoware_build_flags/lib/pkgconfig:${PKG_CONFIG_PATH} PYTHONPATH=/home/agilex/autoware.ai/install/vector_map_msgs/lib/python2.7/dist-packages:/home/agilex/autoware.ai/install/autoware_msgs/lib/python2.7/dist-packages:${PYTHONPATH} ROS_PACKAGE_PATH=/home/agilex/autoware.ai/install/imm_ukf_pda_track/share:/home/agilex/autoware.ai/install/vector_map/share:/home/agilex/autoware.ai/install/vector_map_msgs/share:/home/agilex/autoware.ai/install/autoware_msgs/share:/home/agilex/autoware.ai/install/autoware_build_flags/share:${ROS_PACKAGE_PATH} /usr/bin/cmake --build /home/agilex/autoware.ai/build/naive_motion_predict --target tests -- -j8 -l8
[2.527s] Invoking command in '/home/agilex/autoware.ai/build/naive_motion_predict': CMAKE_PREFIX_PATH=/home/agilex/autoware.ai/install/imm_ukf_pda_track:/home/agilex/autoware.ai/install/vector_map:/home/agilex/autoware.ai/install/vector_map_msgs:/home/agilex/autoware.ai/install/autoware_msgs:/home/agilex/autoware.ai/install/autoware_build_flags:${CMAKE_PREFIX_PATH} LD_LIBRARY_PATH=/home/agilex/autoware.ai/install/vector_map/lib:${LD_LIBRARY_PATH} PKG_CONFIG_PATH=/home/agilex/autoware.ai/install/imm_ukf_pda_track/lib/x86_64-linux-gnu/pkgconfig:/home/agilex/autoware.ai/install/imm_ukf_pda_track/lib/pkgconfig:/home/agilex/autoware.ai/install/vector_map/lib/x86_64-linux-gnu/pkgconfig:/home/agilex/autoware.ai/install/vector_map/lib/pkgconfig:/home/agilex/autoware.ai/install/vector_map_msgs/lib/x86_64-linux-gnu/pkgconfig:/home/agilex/autoware.ai/install/vector_map_msgs/lib/pkgconfig:/home/agilex/autoware.ai/install/autoware_msgs/lib/x86_64-linux-gnu/pkgconfig:/home/agilex/autoware.ai/install/autoware_msgs/lib/pkgconfig:/home/agilex/autoware.ai/install/autoware_build_flags/lib/x86_64-linux-gnu/pkgconfig:/home/agilex/autoware.ai/install/autoware_build_flags/lib/pkgconfig:${PKG_CONFIG_PATH} PYTHONPATH=/home/agilex/autoware.ai/install/vector_map_msgs/lib/python2.7/dist-packages:/home/agilex/autoware.ai/install/autoware_msgs/lib/python2.7/dist-packages:${PYTHONPATH} ROS_PACKAGE_PATH=/home/agilex/autoware.ai/install/imm_ukf_pda_track/share:/home/agilex/autoware.ai/install/vector_map/share:/home/agilex/autoware.ai/install/vector_map_msgs/share:/home/agilex/autoware.ai/install/autoware_msgs/share:/home/agilex/autoware.ai/install/autoware_build_flags/share:${ROS_PACKAGE_PATH} /usr/bin/cmake --build /home/agilex/autoware.ai/build/naive_motion_predict --target install -- -j8 -l8
[2.578s] [  0%] Built target dynamic_reconfigure_gencfg
[2.597s] [  0%] Built target visualization_msgs_generate_messages_eus
[2.614s] [  0%] Built target topic_tools_generate_messages_nodejs
[2.635s] [  0%] Built target topic_tools_generate_messages_eus
[2.658s] [  0%] Built target topic_tools_generate_messages_cpp
[2.674s] [  0%] Built target std_srvs_generate_messages_py
[2.693s] [  0%] Built target std_srvs_generate_messages_nodejs
[2.714s] [  0%] Built target vector_map_msgs_generate_messages_nodejs
[2.735s] [  0%] Built target bond_generate_messages_py
[2.752s] [  0%] Built target bond_generate_messages_nodejs
[2.769s] [  0%] Built target bond_generate_messages_lisp
[2.785s] [  0%] Built target bond_generate_messages_eus
[2.803s] [  0%] Built target bond_generate_messages_cpp
[2.828s] [  0%] Built target nodelet_generate_messages_nodejs
[2.845s] [  0%] Built target nodelet_generate_messages_eus
[2.863s] [  0%] Built target nodelet_generate_messages_cpp
[2.885s] [  0%] Built target jsk_footstep_msgs_generate_messages_nodejs
[2.910s] [  0%] Built target jsk_footstep_msgs_generate_messages_lisp
[2.935s] [  0%] Built target jsk_footstep_msgs_generate_messages_eus
[2.952s] [  0%] Built target actionlib_msgs_generate_messages_py
[2.969s] [  0%] Built target geometry_msgs_generate_messages_py
[2.989s] [  0%] Built target pcl_msgs_generate_messages_nodejs
[3.015s] [  0%] Built target jsk_recognition_msgs_generate_messages_py
[3.036s] [  0%] Built target pcl_msgs_generate_messages_eus
[3.056s] [  0%] Built target rosgraph_msgs_generate_messages_eus
[3.084s] [  0%] Built target jsk_recognition_msgs_generate_messages_lisp
[3.102s] [  0%] Built target jsk_recognition_msgs_generate_messages_eus
[3.122s] [  0%] Built target tf2_msgs_generate_messages_cpp
[3.145s] [  0%] Built target nodelet_generate_messages_py
[3.162s] [  0%] Built target sensor_msgs_generate_messages_py
[3.179s] [  0%] Built target sensor_msgs_generate_messages_nodejs
[3.196s] [  0%] Built target roscpp_generate_messages_cpp
[3.216s] [  0%] Built target actionlib_generate_messages_cpp
[3.232s] [  0%] Built target autoware_msgs_generate_messages_lisp
[3.255s] [  0%] Built target jsk_footstep_msgs_generate_messages_py
[3.266s] [  0%] Built target std_msgs_generate_messages_cpp
[3.286s] [  0%] Built target geometry_msgs_generate_messages_lisp
[3.305s] [  0%] Built target nodelet_generate_messages_lisp
[3.320s] [  0%] Built target autoware_msgs_generate_messages_py
[3.336s] [  0%] Built target std_msgs_generate_messages_py
[3.353s] [  0%] Built target autoware_msgs_generate_messages_cpp
[3.368s] [  0%] Built target rosgraph_msgs_generate_messages_cpp
[3.385s] [  0%] Built target tf_generate_messages_py
[3.404s] [  0%] Built target dynamic_reconfigure_generate_messages_cpp
[3.423s] [  0%] Built target pcl_msgs_generate_messages_cpp
[3.441s] [  0%] Built target dynamic_reconfigure_generate_messages_lisp
[3.458s] [  0%] Built target topic_tools_generate_messages_lisp
[3.476s] [  0%] Built target jsk_recognition_msgs_generate_messages_cpp
[3.495s] [  0%] Built target sensor_msgs_generate_messages_lisp
[3.519s] [  0%] Built target std_srvs_generate_messages_cpp
[3.535s] [  0%] Built target autoware_msgs_generate_messages_eus
[3.552s] [  0%] Built target autoware_msgs_generate_messages_nodejs
[3.573s] [  0%] Built target visualization_msgs_generate_messages_lisp
[3.590s] [  0%] Built target std_msgs_generate_messages_eus
[3.607s] [  0%] Built target geometry_msgs_generate_messages_eus
[3.626s] [  0%] Built target std_msgs_generate_messages_nodejs
[3.646s] [  0%] Built target sensor_msgs_generate_messages_eus
[3.664s] [  0%] Built target std_srvs_generate_messages_lisp
[3.683s] [  0%] Built target roscpp_generate_messages_nodejs
[3.704s] [  0%] Built target std_msgs_generate_messages_lisp
[3.721s] [  0%] Built target sensor_msgs_generate_messages_cpp
[3.738s] [  0%] Built target actionlib_msgs_generate_messages_lisp
[3.762s] [  0%] Built target topic_tools_generate_messages_py
[3.782s] [  0%] Built target nodelet_topic_tools_gencfg
[3.804s] [  0%] Built target actionlib_msgs_generate_messages_nodejs
[3.824s] [  0%] Built target geometry_msgs_generate_messages_nodejs
[3.846s] [  0%] Built target std_srvs_generate_messages_eus
[3.864s] [  0%] Built target jsk_recognition_msgs_generate_messages_nodejs
[3.882s] [  0%] Built target roscpp_generate_messages_lisp
[3.901s] [  0%] Built target roscpp_generate_messages_py
[3.919s] [  0%] Built target rosgraph_msgs_generate_messages_lisp
[3.937s] [  0%] Built target rosgraph_msgs_generate_messages_nodejs
[3.954s] [  0%] Built target actionlib_msgs_generate_messages_eus
[3.969s] [  0%] Built target roscpp_generate_messages_eus
[3.986s] [  0%] Built target rosgraph_msgs_generate_messages_py
[4.009s] [  0%] Built target jsk_footstep_msgs_generate_messages_cpp
[4.028s] [  0%] Built target actionlib_msgs_generate_messages_cpp
[4.046s] [  0%] Built target tf_generate_messages_eus
[4.066s] [  0%] Built target tf_generate_messages_lisp
[4.086s] [  0%] Built target tf_generate_messages_nodejs
[4.104s] [  0%] Built target pcl_msgs_generate_messages_py
[4.122s] [  0%] Built target actionlib_generate_messages_eus
[4.145s] [  0%] Built target geometry_msgs_generate_messages_cpp
[4.162s] [  0%] Built target actionlib_generate_messages_lisp
[4.183s] [  0%] Built target pcl_msgs_generate_messages_lisp
[4.199s] [  0%] Built target tf_generate_messages_cpp
[4.216s] [  0%] Built target actionlib_generate_messages_nodejs
[4.239s] [  0%] Built target pcl_ros_gencfg
[4.260s] [  0%] Built target visualization_msgs_generate_messages_cpp
[4.277s] [  0%] Built target tf2_msgs_generate_messages_eus
[4.293s] [  0%] Built target actionlib_generate_messages_py
[4.313s] [  0%] Built target tf2_msgs_generate_messages_py
[4.333s] [  0%] Built target tf2_msgs_generate_messages_nodejs
[4.353s] [  0%] Built target dynamic_reconfigure_generate_messages_eus
[4.369s] [  0%] Built target dynamic_reconfigure_generate_messages_nodejs
[4.391s] [  0%] Built target dynamic_reconfigure_generate_messages_py
[4.414s] [  0%] Built target tf2_msgs_generate_messages_lisp
[4.429s] [  0%] Built target visualization_msgs_generate_messages_nodejs
[4.448s] [  0%] Built target visualization_msgs_generate_messages_py
[4.464s] [  0%] Built target vector_map_msgs_generate_messages_cpp
[4.482s] [  0%] Built target vector_map_msgs_generate_messages_eus
[4.505s] [  0%] Built target vector_map_msgs_generate_messages_lisp
[4.522s] [  0%] Built target vector_map_msgs_generate_messages_py
[4.551s] [100%] Built target naive_motion_predict
[4.576s] [36mInstall the project...[0m
[4.585s] -- Install configuration: "Release"
[4.585s] -- Up-to-date: /home/agilex/autoware.ai/install/naive_motion_predict/lib/pkgconfig/naive_motion_predict.pc
[4.585s] -- Up-to-date: /home/agilex/autoware.ai/install/naive_motion_predict/share/naive_motion_predict/cmake/naive_motion_predictConfig.cmake
[4.585s] -- Up-to-date: /home/agilex/autoware.ai/install/naive_motion_predict/share/naive_motion_predict/cmake/naive_motion_predictConfig-version.cmake
[4.585s] -- Up-to-date: /home/agilex/autoware.ai/install/naive_motion_predict/share/naive_motion_predict/package.xml
[4.586s] -- Up-to-date: /home/agilex/autoware.ai/install/naive_motion_predict/lib/naive_motion_predict/naive_motion_predict
[4.586s] -- Up-to-date: /home/agilex/autoware.ai/install/naive_motion_predict/share/naive_motion_predict/launch
[4.586s] -- Up-to-date: /home/agilex/autoware.ai/install/naive_motion_predict/share/naive_motion_predict/launch/naive_motion_predict.launch
[4.592s] Invoked command in '/home/agilex/autoware.ai/build/naive_motion_predict' returned '0': CMAKE_PREFIX_PATH=/home/agilex/autoware.ai/install/imm_ukf_pda_track:/home/agilex/autoware.ai/install/vector_map:/home/agilex/autoware.ai/install/vector_map_msgs:/home/agilex/autoware.ai/install/autoware_msgs:/home/agilex/autoware.ai/install/autoware_build_flags:${CMAKE_PREFIX_PATH} LD_LIBRARY_PATH=/home/agilex/autoware.ai/install/vector_map/lib:${LD_LIBRARY_PATH} PKG_CONFIG_PATH=/home/agilex/autoware.ai/install/imm_ukf_pda_track/lib/x86_64-linux-gnu/pkgconfig:/home/agilex/autoware.ai/install/imm_ukf_pda_track/lib/pkgconfig:/home/agilex/autoware.ai/install/vector_map/lib/x86_64-linux-gnu/pkgconfig:/home/agilex/autoware.ai/install/vector_map/lib/pkgconfig:/home/agilex/autoware.ai/install/vector_map_msgs/lib/x86_64-linux-gnu/pkgconfig:/home/agilex/autoware.ai/install/vector_map_msgs/lib/pkgconfig:/home/agilex/autoware.ai/install/autoware_msgs/lib/x86_64-linux-gnu/pkgconfig:/home/agilex/autoware.ai/install/autoware_msgs/lib/pkgconfig:/home/agilex/autoware.ai/install/autoware_build_flags/lib/x86_64-linux-gnu/pkgconfig:/home/agilex/autoware.ai/install/autoware_build_flags/lib/pkgconfig:${PKG_CONFIG_PATH} PYTHONPATH=/home/agilex/autoware.ai/install/vector_map_msgs/lib/python2.7/dist-packages:/home/agilex/autoware.ai/install/autoware_msgs/lib/python2.7/dist-packages:${PYTHONPATH} ROS_PACKAGE_PATH=/home/agilex/autoware.ai/install/imm_ukf_pda_track/share:/home/agilex/autoware.ai/install/vector_map/share:/home/agilex/autoware.ai/install/vector_map_msgs/share:/home/agilex/autoware.ai/install/autoware_msgs/share:/home/agilex/autoware.ai/install/autoware_build_flags/share:${ROS_PACKAGE_PATH} /usr/bin/cmake --build /home/agilex/autoware.ai/build/naive_motion_predict --target install -- -j8 -l8
