[0.025s] Invoking command in '/home/agilex/autoware.ai/build/vehicle_model': CMAKE_PREFIX_PATH=/home/agilex/autoware.ai/install/gazebo_imu_description:/home/agilex/autoware.ai/install/gazebo_camera_description:/home/agilex/autoware.ai/install/autoware_build_flags:${CMAKE_PREFIX_PATH} PKG_CONFIG_PATH=/home/agilex/autoware.ai/install/gazebo_imu_description/lib/x86_64-linux-gnu/pkgconfig:/home/agilex/autoware.ai/install/gazebo_imu_description/lib/pkgconfig:/home/agilex/autoware.ai/install/gazebo_camera_description/lib/x86_64-linux-gnu/pkgconfig:/home/agilex/autoware.ai/install/gazebo_camera_description/lib/pkgconfig:/home/agilex/autoware.ai/install/autoware_build_flags/lib/x86_64-linux-gnu/pkgconfig:/home/agilex/autoware.ai/install/autoware_build_flags/lib/pkgconfig:${PKG_CONFIG_PATH} ROS_PACKAGE_PATH=/home/agilex/autoware.ai/install/gazebo_imu_description/share:/home/agilex/autoware.ai/install/gazebo_camera_description/share:/home/agilex/autoware.ai/install/autoware_build_flags/share:${ROS_PACKAGE_PATH} /usr/bin/cmake /home/agilex/autoware.ai/src/autoware/visualization/vehicle_model -DCMAKE_BUILD_TYPE=Release -DCATKIN_INSTALL_INTO_PREFIX_ROOT=0 -DCMAKE_INSTALL_PREFIX=/home/agilex/autoware.ai/install/vehicle_model
[0.086s] -- The C compiler identification is GNU 7.5.0
[0.139s] -- The CXX compiler identification is GNU 7.5.0
[0.146s] -- Check for working C compiler: /usr/bin/cc
[0.209s] -- Check for working C compiler: /usr/bin/cc -- works
[0.210s] -- Detecting C compiler ABI info
[0.269s] -- Detecting C compiler ABI info - done
[0.278s] -- Detecting C compile features
[0.511s] -- Detecting C compile features - done
[0.514s] -- Check for working CXX compiler: /usr/bin/c++
[0.587s] -- Check for working CXX compiler: /usr/bin/c++ -- works
[0.588s] -- Detecting CXX compiler ABI info
[0.657s] -- Detecting CXX compiler ABI info - done
[0.665s] -- Detecting CXX compile features
[0.988s] -- Detecting CXX compile features - done
[0.990s] -- Using CATKIN_DEVEL_PREFIX: /home/agilex/autoware.ai/build/vehicle_model/devel
[0.990s] -- Using CMAKE_PREFIX_PATH: /home/agilex/autoware.ai/install/gazebo_imu_description;/home/agilex/autoware.ai/install/gazebo_camera_description;/home/agilex/autoware.ai/install/autoware_build_flags;/opt/ros/melodic
[0.991s] -- This workspace overlays: /home/agilex/autoware.ai/install/gazebo_imu_description;/home/agilex/autoware.ai/install/gazebo_camera_description;/home/agilex/autoware.ai/install/autoware_build_flags;/opt/ros/melodic
[1.004s] -- Found PythonInterp: /usr/bin/python2 (found suitable version "2.7.17", minimum required is "2") 
[1.004s] -- Using PYTHON_EXECUTABLE: /usr/bin/python2
[1.005s] -- Using Debian Python package layout
[1.005s] -- Using empy: /usr/bin/empy
[1.163s] -- Using CATKIN_ENABLE_TESTING: ON
[1.163s] -- Call enable_testing()
[1.165s] -- Using CATKIN_TEST_RESULTS_DIR: /home/agilex/autoware.ai/build/vehicle_model/test_results
[1.184s] -- Found gtest sources under '/usr/src/googletest': gtests will be built
[1.184s] -- Found gmock sources under '/usr/src/googletest': gmock will be built
[1.197s] -- Found PythonInterp: /usr/bin/python2 (found version "2.7.17") 
[1.197s] -- Looking for pthread.h
[1.266s] -- Looking for pthread.h - found
[1.267s] -- Looking for pthread_create
[1.325s] -- Looking for pthread_create - not found
[1.326s] -- Looking for pthread_create in pthreads
[1.379s] -- Looking for pthread_create in pthreads - not found
[1.380s] -- Looking for pthread_create in pthread
[1.446s] -- Looking for pthread_create in pthread - found
[1.447s] -- Found Threads: TRUE  
[1.451s] -- Using Python nosetests: /usr/bin/nosetests-2.7
[1.496s] -- catkin 0.7.29
[1.496s] -- BUILD_SHARED_LIBS is on
[1.576s] -- CUDA compilation status: .
[1.705s] -- Configuring done
[1.714s] -- Generating done
[1.716s] -- Build files have been written to: /home/agilex/autoware.ai/build/vehicle_model
[1.723s] Invoked command in '/home/agilex/autoware.ai/build/vehicle_model' returned '0': CMAKE_PREFIX_PATH=/home/agilex/autoware.ai/install/gazebo_imu_description:/home/agilex/autoware.ai/install/gazebo_camera_description:/home/agilex/autoware.ai/install/autoware_build_flags:${CMAKE_PREFIX_PATH} PKG_CONFIG_PATH=/home/agilex/autoware.ai/install/gazebo_imu_description/lib/x86_64-linux-gnu/pkgconfig:/home/agilex/autoware.ai/install/gazebo_imu_description/lib/pkgconfig:/home/agilex/autoware.ai/install/gazebo_camera_description/lib/x86_64-linux-gnu/pkgconfig:/home/agilex/autoware.ai/install/gazebo_camera_description/lib/pkgconfig:/home/agilex/autoware.ai/install/autoware_build_flags/lib/x86_64-linux-gnu/pkgconfig:/home/agilex/autoware.ai/install/autoware_build_flags/lib/pkgconfig:${PKG_CONFIG_PATH} ROS_PACKAGE_PATH=/home/agilex/autoware.ai/install/gazebo_imu_description/share:/home/agilex/autoware.ai/install/gazebo_camera_description/share:/home/agilex/autoware.ai/install/autoware_build_flags/share:${ROS_PACKAGE_PATH} /usr/bin/cmake /home/agilex/autoware.ai/src/autoware/visualization/vehicle_model -DCMAKE_BUILD_TYPE=Release -DCATKIN_INSTALL_INTO_PREFIX_ROOT=0 -DCMAKE_INSTALL_PREFIX=/home/agilex/autoware.ai/install/vehicle_model
[1.724s] Invoking command in '/home/agilex/autoware.ai/build/vehicle_model': CMAKE_PREFIX_PATH=/home/agilex/autoware.ai/install/gazebo_imu_description:/home/agilex/autoware.ai/install/gazebo_camera_description:/home/agilex/autoware.ai/install/autoware_build_flags:${CMAKE_PREFIX_PATH} PKG_CONFIG_PATH=/home/agilex/autoware.ai/install/gazebo_imu_description/lib/x86_64-linux-gnu/pkgconfig:/home/agilex/autoware.ai/install/gazebo_imu_description/lib/pkgconfig:/home/agilex/autoware.ai/install/gazebo_camera_description/lib/x86_64-linux-gnu/pkgconfig:/home/agilex/autoware.ai/install/gazebo_camera_description/lib/pkgconfig:/home/agilex/autoware.ai/install/autoware_build_flags/lib/x86_64-linux-gnu/pkgconfig:/home/agilex/autoware.ai/install/autoware_build_flags/lib/pkgconfig:${PKG_CONFIG_PATH} ROS_PACKAGE_PATH=/home/agilex/autoware.ai/install/gazebo_imu_description/share:/home/agilex/autoware.ai/install/gazebo_camera_description/share:/home/agilex/autoware.ai/install/autoware_build_flags/share:${ROS_PACKAGE_PATH} /usr/bin/cmake --build /home/agilex/autoware.ai/build/vehicle_model -- -j8 -l8
[1.762s] Invoked command in '/home/agilex/autoware.ai/build/vehicle_model' returned '0': CMAKE_PREFIX_PATH=/home/agilex/autoware.ai/install/gazebo_imu_description:/home/agilex/autoware.ai/install/gazebo_camera_description:/home/agilex/autoware.ai/install/autoware_build_flags:${CMAKE_PREFIX_PATH} PKG_CONFIG_PATH=/home/agilex/autoware.ai/install/gazebo_imu_description/lib/x86_64-linux-gnu/pkgconfig:/home/agilex/autoware.ai/install/gazebo_imu_description/lib/pkgconfig:/home/agilex/autoware.ai/install/gazebo_camera_description/lib/x86_64-linux-gnu/pkgconfig:/home/agilex/autoware.ai/install/gazebo_camera_description/lib/pkgconfig:/home/agilex/autoware.ai/install/autoware_build_flags/lib/x86_64-linux-gnu/pkgconfig:/home/agilex/autoware.ai/install/autoware_build_flags/lib/pkgconfig:${PKG_CONFIG_PATH} ROS_PACKAGE_PATH=/home/agilex/autoware.ai/install/gazebo_imu_description/share:/home/agilex/autoware.ai/install/gazebo_camera_description/share:/home/agilex/autoware.ai/install/autoware_build_flags/share:${ROS_PACKAGE_PATH} /usr/bin/cmake --build /home/agilex/autoware.ai/build/vehicle_model -- -j8 -l8
[1.789s] Invoking command in '/home/agilex/autoware.ai/build/vehicle_model': CMAKE_PREFIX_PATH=/home/agilex/autoware.ai/install/gazebo_imu_description:/home/agilex/autoware.ai/install/gazebo_camera_description:/home/agilex/autoware.ai/install/autoware_build_flags:${CMAKE_PREFIX_PATH} PKG_CONFIG_PATH=/home/agilex/autoware.ai/install/gazebo_imu_description/lib/x86_64-linux-gnu/pkgconfig:/home/agilex/autoware.ai/install/gazebo_imu_description/lib/pkgconfig:/home/agilex/autoware.ai/install/gazebo_camera_description/lib/x86_64-linux-gnu/pkgconfig:/home/agilex/autoware.ai/install/gazebo_camera_description/lib/pkgconfig:/home/agilex/autoware.ai/install/autoware_build_flags/lib/x86_64-linux-gnu/pkgconfig:/home/agilex/autoware.ai/install/autoware_build_flags/lib/pkgconfig:${PKG_CONFIG_PATH} ROS_PACKAGE_PATH=/home/agilex/autoware.ai/install/gazebo_imu_description/share:/home/agilex/autoware.ai/install/gazebo_camera_description/share:/home/agilex/autoware.ai/install/autoware_build_flags/share:${ROS_PACKAGE_PATH} /usr/bin/cmake --build /home/agilex/autoware.ai/build/vehicle_model --target tests -- -j8 -l8
[1.837s] [35m[1mScanning dependencies of target tests[0m
[1.846s] Built target tests
[1.859s] Invoked command in '/home/agilex/autoware.ai/build/vehicle_model' returned '0': CMAKE_PREFIX_PATH=/home/agilex/autoware.ai/install/gazebo_imu_description:/home/agilex/autoware.ai/install/gazebo_camera_description:/home/agilex/autoware.ai/install/autoware_build_flags:${CMAKE_PREFIX_PATH} PKG_CONFIG_PATH=/home/agilex/autoware.ai/install/gazebo_imu_description/lib/x86_64-linux-gnu/pkgconfig:/home/agilex/autoware.ai/install/gazebo_imu_description/lib/pkgconfig:/home/agilex/autoware.ai/install/gazebo_camera_description/lib/x86_64-linux-gnu/pkgconfig:/home/agilex/autoware.ai/install/gazebo_camera_description/lib/pkgconfig:/home/agilex/autoware.ai/install/autoware_build_flags/lib/x86_64-linux-gnu/pkgconfig:/home/agilex/autoware.ai/install/autoware_build_flags/lib/pkgconfig:${PKG_CONFIG_PATH} ROS_PACKAGE_PATH=/home/agilex/autoware.ai/install/gazebo_imu_description/share:/home/agilex/autoware.ai/install/gazebo_camera_description/share:/home/agilex/autoware.ai/install/autoware_build_flags/share:${ROS_PACKAGE_PATH} /usr/bin/cmake --build /home/agilex/autoware.ai/build/vehicle_model --target tests -- -j8 -l8
[1.887s] Invoking command in '/home/agilex/autoware.ai/build/vehicle_model': CMAKE_PREFIX_PATH=/home/agilex/autoware.ai/install/gazebo_imu_description:/home/agilex/autoware.ai/install/gazebo_camera_description:/home/agilex/autoware.ai/install/autoware_build_flags:${CMAKE_PREFIX_PATH} PKG_CONFIG_PATH=/home/agilex/autoware.ai/install/gazebo_imu_description/lib/x86_64-linux-gnu/pkgconfig:/home/agilex/autoware.ai/install/gazebo_imu_description/lib/pkgconfig:/home/agilex/autoware.ai/install/gazebo_camera_description/lib/x86_64-linux-gnu/pkgconfig:/home/agilex/autoware.ai/install/gazebo_camera_description/lib/pkgconfig:/home/agilex/autoware.ai/install/autoware_build_flags/lib/x86_64-linux-gnu/pkgconfig:/home/agilex/autoware.ai/install/autoware_build_flags/lib/pkgconfig:${PKG_CONFIG_PATH} ROS_PACKAGE_PATH=/home/agilex/autoware.ai/install/gazebo_imu_description/share:/home/agilex/autoware.ai/install/gazebo_camera_description/share:/home/agilex/autoware.ai/install/autoware_build_flags/share:${ROS_PACKAGE_PATH} /usr/bin/cmake --build /home/agilex/autoware.ai/build/vehicle_model --target install -- -j8 -l8
[1.931s] [36mInstall the project...[0m
[1.942s] -- Install configuration: "Release"
[1.942s] -- Installing: /home/agilex/autoware.ai/install/vehicle_model/lib/pkgconfig/vehicle_model.pc
[1.942s] -- Installing: /home/agilex/autoware.ai/install/vehicle_model/share/vehicle_model/cmake/vehicle_modelConfig.cmake
[1.943s] -- Installing: /home/agilex/autoware.ai/install/vehicle_model/share/vehicle_model/cmake/vehicle_modelConfig-version.cmake
[1.943s] -- Installing: /home/agilex/autoware.ai/install/vehicle_model/share/vehicle_model/package.xml
[1.943s] -- Installing: /home/agilex/autoware.ai/install/vehicle_model/share/vehicle_model/mesh
[1.943s] -- Installing: /home/agilex/autoware.ai/install/vehicle_model/share/vehicle_model/mesh/body.dae
[1.945s] -- Installing: /home/agilex/autoware.ai/install/vehicle_model/share/vehicle_model/mesh/README.md
[1.945s] -- Installing: /home/agilex/autoware.ai/install/vehicle_model/share/vehicle_model/mesh/wheel.dae
[1.945s] -- Installing: /home/agilex/autoware.ai/install/vehicle_model/share/vehicle_model/mesh/_51225ex1diffuse.jpeg
[1.946s] -- Installing: /home/agilex/autoware.ai/install/vehicle_model/share/vehicle_model/mesh/_51225ex2diffuse.jpeg
[1.947s] -- Installing: /home/agilex/autoware.ai/install/vehicle_model/share/vehicle_model/urdf
[1.947s] -- Installing: /home/agilex/autoware.ai/install/vehicle_model/share/vehicle_model/urdf/steering.xacro
[1.947s] -- Installing: /home/agilex/autoware.ai/install/vehicle_model/share/vehicle_model/urdf/steering.gazebo
[1.947s] -- Installing: /home/agilex/autoware.ai/install/vehicle_model/share/vehicle_model/urdf/body.xacro
[1.947s] -- Installing: /home/agilex/autoware.ai/install/vehicle_model/share/vehicle_model/urdf/vehicle.xacro
[1.947s] -- Installing: /home/agilex/autoware.ai/install/vehicle_model/share/vehicle_model/urdf/wheel.gazebo
[1.948s] -- Installing: /home/agilex/autoware.ai/install/vehicle_model/share/vehicle_model/urdf/actuator.xacro
[1.948s] -- Installing: /home/agilex/autoware.ai/install/vehicle_model/share/vehicle_model/urdf/vehicle.gazebo
[1.948s] -- Installing: /home/agilex/autoware.ai/install/vehicle_model/share/vehicle_model/urdf/wheel.xacro
[1.948s] -- Installing: /home/agilex/autoware.ai/install/vehicle_model/share/vehicle_model/config
[1.948s] -- Installing: /home/agilex/autoware.ai/install/vehicle_model/share/vehicle_model/config/calibration.yaml
[1.948s] -- Installing: /home/agilex/autoware.ai/install/vehicle_model/share/vehicle_model/config/vehicle_info.yaml
[1.948s] -- Installing: /home/agilex/autoware.ai/install/vehicle_model/share/vehicle_model/config/controller.yaml
[1.954s] Invoked command in '/home/agilex/autoware.ai/build/vehicle_model' returned '0': CMAKE_PREFIX_PATH=/home/agilex/autoware.ai/install/gazebo_imu_description:/home/agilex/autoware.ai/install/gazebo_camera_description:/home/agilex/autoware.ai/install/autoware_build_flags:${CMAKE_PREFIX_PATH} PKG_CONFIG_PATH=/home/agilex/autoware.ai/install/gazebo_imu_description/lib/x86_64-linux-gnu/pkgconfig:/home/agilex/autoware.ai/install/gazebo_imu_description/lib/pkgconfig:/home/agilex/autoware.ai/install/gazebo_camera_description/lib/x86_64-linux-gnu/pkgconfig:/home/agilex/autoware.ai/install/gazebo_camera_description/lib/pkgconfig:/home/agilex/autoware.ai/install/autoware_build_flags/lib/x86_64-linux-gnu/pkgconfig:/home/agilex/autoware.ai/install/autoware_build_flags/lib/pkgconfig:${PKG_CONFIG_PATH} ROS_PACKAGE_PATH=/home/agilex/autoware.ai/install/gazebo_imu_description/share:/home/agilex/autoware.ai/install/gazebo_camera_description/share:/home/agilex/autoware.ai/install/autoware_build_flags/share:${ROS_PACKAGE_PATH} /usr/bin/cmake --build /home/agilex/autoware.ai/build/vehicle_model --target install -- -j8 -l8
