[0.058s] Invoking command in '/home/agilex/autoware.ai/build/vision_beyond_track': CMAKE_PREFIX_PATH=/home/agilex/autoware.ai/install/autoware_msgs:/home/agilex/autoware.ai/install/autoware_build_flags:${CMAKE_PREFIX_PATH} PKG_CONFIG_PATH=/home/agilex/autoware.ai/install/autoware_msgs/lib/x86_64-linux-gnu/pkgconfig:/home/agilex/autoware.ai/install/autoware_msgs/lib/pkgconfig:/home/agilex/autoware.ai/install/autoware_build_flags/lib/x86_64-linux-gnu/pkgconfig:/home/agilex/autoware.ai/install/autoware_build_flags/lib/pkgconfig:${PKG_CONFIG_PATH} PYTHONPATH=/home/agilex/autoware.ai/install/autoware_msgs/lib/python2.7/dist-packages:${PYTHONPATH} ROS_PACKAGE_PATH=/home/agilex/autoware.ai/install/autoware_msgs/share:/home/agilex/autoware.ai/install/autoware_build_flags/share:${ROS_PACKAGE_PATH} /usr/bin/cmake --build /home/agilex/autoware.ai/build/vision_beyond_track -- -j8 -l8
[0.165s] [  0%] Built target jsk_footstep_msgs_generate_messages_lisp
[0.172s] [  0%] Built target autoware_msgs_generate_messages_cpp
[0.176s] [  0%] Built target jsk_footstep_msgs_generate_messages_nodejs
[0.178s] [  0%] Built target jsk_footstep_msgs_generate_messages_eus
[0.214s] [  0%] Built target jsk_recognition_msgs_generate_messages_lisp
[0.220s] [  0%] Built target pcl_msgs_generate_messages_eus
[0.221s] [  0%] Built target rosgraph_msgs_generate_messages_eus
[0.239s] [  0%] Built target jsk_recognition_msgs_generate_messages_py
[0.261s] [  0%] Built target sensor_msgs_generate_messages_py
[0.270s] [  0%] Built target tf2_msgs_generate_messages_cpp
[0.272s] [  0%] Built target jsk_recognition_msgs_generate_messages_eus
[0.320s] [  0%] Built target tf_generate_messages_py
[0.325s] [  0%] Built target sensor_msgs_generate_messages_nodejs
[0.330s] [  0%] Built target actionlib_generate_messages_cpp
[0.351s] [  0%] Built target roscpp_generate_messages_cpp
[0.370s] [  0%] Built target autoware_msgs_generate_messages_lisp
[0.382s] [  0%] Built target jsk_footstep_msgs_generate_messages_py
[0.388s] [  0%] Built target std_msgs_generate_messages_cpp
[0.405s] [  0%] Built target autoware_msgs_generate_messages_py
[0.417s] [  0%] Built target geometry_msgs_generate_messages_lisp
[0.439s] [  0%] Built target rosgraph_msgs_generate_messages_cpp
[0.453s] [  0%] Built target pcl_msgs_generate_messages_cpp
[0.462s] [  0%] Built target std_msgs_generate_messages_py
[0.477s] [  0%] Built target jsk_recognition_msgs_generate_messages_cpp
[0.484s] [  0%] Built target sensor_msgs_generate_messages_lisp
[0.499s] [  0%] Built target autoware_msgs_generate_messages_eus
[0.520s] [  0%] Built target geometry_msgs_generate_messages_eus
[0.521s] [  0%] Built target autoware_msgs_generate_messages_nodejs
[0.534s] [  0%] Built target std_msgs_generate_messages_nodejs
[0.547s] [  0%] Built target std_msgs_generate_messages_lisp
[0.556s] [  0%] Built target sensor_msgs_generate_messages_eus
[0.564s] [  0%] Built target roscpp_generate_messages_nodejs
[0.575s] [  0%] Built target actionlib_msgs_generate_messages_lisp
[0.585s] [  0%] Built target geometry_msgs_generate_messages_nodejs
[0.585s] [  0%] Built target sensor_msgs_generate_messages_cpp
[0.600s] [  0%] Built target jsk_recognition_msgs_generate_messages_nodejs
[0.605s] [  0%] Built target roscpp_generate_messages_lisp
[0.636s] [  0%] Built target rosgraph_msgs_generate_messages_lisp
[0.642s] [  0%] Built target roscpp_generate_messages_py
[0.650s] [  0%] Built target rosgraph_msgs_generate_messages_nodejs
[0.656s] [  0%] Built target actionlib_msgs_generate_messages_eus
[0.672s] [  0%] Built target roscpp_generate_messages_eus
[0.683s] [  0%] Built target jsk_footstep_msgs_generate_messages_cpp
[0.686s] [  0%] Built target actionlib_msgs_generate_messages_cpp
[0.692s] [  0%] Built target rosgraph_msgs_generate_messages_py
[0.719s] [  0%] Built target tf_generate_messages_nodejs
[0.726s] [  0%] Built target tf_generate_messages_lisp
[0.726s] [  0%] Built target tf_generate_messages_eus
[0.736s] [  0%] Built target pcl_msgs_generate_messages_py
[0.758s] [  0%] Built target actionlib_generate_messages_eus
[0.770s] [  0%] Built target geometry_msgs_generate_messages_py
[0.770s] [  0%] Built target geometry_msgs_generate_messages_cpp
[0.777s] [  0%] Built target pcl_msgs_generate_messages_nodejs
[0.788s] [  0%] Built target actionlib_generate_messages_lisp
[0.798s] [  0%] Built target pcl_msgs_generate_messages_lisp
[0.810s] [  0%] Built target tf_generate_messages_cpp
[0.810s] [  0%] Built target actionlib_msgs_generate_messages_py
[0.812s] [  0%] Built target actionlib_generate_messages_nodejs
[0.815s] [  0%] Built target tf2_msgs_generate_messages_lisp
[0.819s] [  0%] Built target actionlib_generate_messages_py
[0.829s] [  0%] Built target tf2_msgs_generate_messages_py
[0.837s] [  0%] Built target tf2_msgs_generate_messages_nodejs
[0.846s] [  0%] Built target actionlib_msgs_generate_messages_nodejs
[0.848s] [ 50%] Built target beyond_track_lib
[0.850s] [ 50%] Built target std_msgs_generate_messages_eus
[0.853s] [ 50%] Built target tf2_msgs_generate_messages_eus
[0.897s] [100%] Built target vision_beyond_track
[0.907s] Invoked command in '/home/agilex/autoware.ai/build/vision_beyond_track' returned '0': CMAKE_PREFIX_PATH=/home/agilex/autoware.ai/install/autoware_msgs:/home/agilex/autoware.ai/install/autoware_build_flags:${CMAKE_PREFIX_PATH} PKG_CONFIG_PATH=/home/agilex/autoware.ai/install/autoware_msgs/lib/x86_64-linux-gnu/pkgconfig:/home/agilex/autoware.ai/install/autoware_msgs/lib/pkgconfig:/home/agilex/autoware.ai/install/autoware_build_flags/lib/x86_64-linux-gnu/pkgconfig:/home/agilex/autoware.ai/install/autoware_build_flags/lib/pkgconfig:${PKG_CONFIG_PATH} PYTHONPATH=/home/agilex/autoware.ai/install/autoware_msgs/lib/python2.7/dist-packages:${PYTHONPATH} ROS_PACKAGE_PATH=/home/agilex/autoware.ai/install/autoware_msgs/share:/home/agilex/autoware.ai/install/autoware_build_flags/share:${ROS_PACKAGE_PATH} /usr/bin/cmake --build /home/agilex/autoware.ai/build/vision_beyond_track -- -j8 -l8
[1.066s] Invoking command in '/home/agilex/autoware.ai/build/vision_beyond_track': CMAKE_PREFIX_PATH=/home/agilex/autoware.ai/install/autoware_msgs:/home/agilex/autoware.ai/install/autoware_build_flags:${CMAKE_PREFIX_PATH} PKG_CONFIG_PATH=/home/agilex/autoware.ai/install/autoware_msgs/lib/x86_64-linux-gnu/pkgconfig:/home/agilex/autoware.ai/install/autoware_msgs/lib/pkgconfig:/home/agilex/autoware.ai/install/autoware_build_flags/lib/x86_64-linux-gnu/pkgconfig:/home/agilex/autoware.ai/install/autoware_build_flags/lib/pkgconfig:${PKG_CONFIG_PATH} PYTHONPATH=/home/agilex/autoware.ai/install/autoware_msgs/lib/python2.7/dist-packages:${PYTHONPATH} ROS_PACKAGE_PATH=/home/agilex/autoware.ai/install/autoware_msgs/share:/home/agilex/autoware.ai/install/autoware_build_flags/share:${ROS_PACKAGE_PATH} /usr/bin/cmake --build /home/agilex/autoware.ai/build/vision_beyond_track --target tests -- -j8 -l8
[1.133s] Built target tests
[1.142s] Invoked command in '/home/agilex/autoware.ai/build/vision_beyond_track' returned '0': CMAKE_PREFIX_PATH=/home/agilex/autoware.ai/install/autoware_msgs:/home/agilex/autoware.ai/install/autoware_build_flags:${CMAKE_PREFIX_PATH} PKG_CONFIG_PATH=/home/agilex/autoware.ai/install/autoware_msgs/lib/x86_64-linux-gnu/pkgconfig:/home/agilex/autoware.ai/install/autoware_msgs/lib/pkgconfig:/home/agilex/autoware.ai/install/autoware_build_flags/lib/x86_64-linux-gnu/pkgconfig:/home/agilex/autoware.ai/install/autoware_build_flags/lib/pkgconfig:${PKG_CONFIG_PATH} PYTHONPATH=/home/agilex/autoware.ai/install/autoware_msgs/lib/python2.7/dist-packages:${PYTHONPATH} ROS_PACKAGE_PATH=/home/agilex/autoware.ai/install/autoware_msgs/share:/home/agilex/autoware.ai/install/autoware_build_flags/share:${ROS_PACKAGE_PATH} /usr/bin/cmake --build /home/agilex/autoware.ai/build/vision_beyond_track --target tests -- -j8 -l8
[1.256s] Invoking command in '/home/agilex/autoware.ai/build/vision_beyond_track': CMAKE_PREFIX_PATH=/home/agilex/autoware.ai/install/autoware_msgs:/home/agilex/autoware.ai/install/autoware_build_flags:${CMAKE_PREFIX_PATH} PKG_CONFIG_PATH=/home/agilex/autoware.ai/install/autoware_msgs/lib/x86_64-linux-gnu/pkgconfig:/home/agilex/autoware.ai/install/autoware_msgs/lib/pkgconfig:/home/agilex/autoware.ai/install/autoware_build_flags/lib/x86_64-linux-gnu/pkgconfig:/home/agilex/autoware.ai/install/autoware_build_flags/lib/pkgconfig:${PKG_CONFIG_PATH} PYTHONPATH=/home/agilex/autoware.ai/install/autoware_msgs/lib/python2.7/dist-packages:${PYTHONPATH} ROS_PACKAGE_PATH=/home/agilex/autoware.ai/install/autoware_msgs/share:/home/agilex/autoware.ai/install/autoware_build_flags/share:${ROS_PACKAGE_PATH} /usr/bin/cmake --build /home/agilex/autoware.ai/build/vision_beyond_track --target install -- -j8 -l8
[1.323s] [  0%] Built target autoware_msgs_generate_messages_cpp
[1.330s] [  0%] Built target jsk_footstep_msgs_generate_messages_eus
[1.335s] [  0%] Built target jsk_footstep_msgs_generate_messages_nodejs
[1.335s] [  0%] Built target jsk_footstep_msgs_generate_messages_lisp
[1.351s] [  0%] Built target jsk_recognition_msgs_generate_messages_py
[1.371s] [  0%] Built target pcl_msgs_generate_messages_eus
[1.379s] [  0%] Built target rosgraph_msgs_generate_messages_eus
[1.387s] [  0%] Built target jsk_recognition_msgs_generate_messages_lisp
[1.389s] [  0%] Built target jsk_recognition_msgs_generate_messages_eus
[1.397s] [  0%] Built target tf2_msgs_generate_messages_cpp
[1.408s] [  0%] Built target sensor_msgs_generate_messages_py
[1.424s] [  0%] Built target sensor_msgs_generate_messages_nodejs
[1.442s] [  0%] Built target roscpp_generate_messages_cpp
[1.445s] [  0%] Built target actionlib_generate_messages_cpp
[1.447s] [  0%] Built target autoware_msgs_generate_messages_lisp
[1.450s] [  0%] Built target tf_generate_messages_py
[1.472s] [  0%] Built target geometry_msgs_generate_messages_lisp
[1.480s] [  0%] Built target autoware_msgs_generate_messages_py
[1.492s] [  0%] Built target std_msgs_generate_messages_cpp
[1.507s] [  0%] Built target std_msgs_generate_messages_py
[1.507s] [  0%] Built target rosgraph_msgs_generate_messages_cpp
[1.507s] [  0%] Built target jsk_footstep_msgs_generate_messages_py
[1.518s] [  0%] Built target pcl_msgs_generate_messages_cpp
[1.535s] [  0%] Built target jsk_recognition_msgs_generate_messages_cpp
[1.537s] [  0%] Built target sensor_msgs_generate_messages_lisp
[1.544s] [  0%] Built target autoware_msgs_generate_messages_eus
[1.568s] [  0%] Built target geometry_msgs_generate_messages_eus
[1.574s] [  0%] Built target std_msgs_generate_messages_nodejs
[1.575s] [  0%] Built target sensor_msgs_generate_messages_eus
[1.582s] [  0%] Built target autoware_msgs_generate_messages_nodejs
[1.611s] [  0%] Built target sensor_msgs_generate_messages_cpp
[1.620s] [  0%] Built target roscpp_generate_messages_nodejs
[1.624s] [  0%] Built target actionlib_msgs_generate_messages_lisp
[1.632s] [  0%] Built target std_msgs_generate_messages_lisp
[1.650s] [  0%] Built target roscpp_generate_messages_py
[1.652s] [  0%] Built target geometry_msgs_generate_messages_nodejs
[1.660s] [  0%] Built target roscpp_generate_messages_lisp
[1.667s] [  0%] Built target jsk_recognition_msgs_generate_messages_nodejs
[1.685s] [  0%] Built target rosgraph_msgs_generate_messages_nodejs
[1.698s] [  0%] Built target rosgraph_msgs_generate_messages_lisp
[1.703s] [  0%] Built target actionlib_msgs_generate_messages_eus
[1.706s] [  0%] Built target roscpp_generate_messages_eus
[1.707s] [  0%] Built target rosgraph_msgs_generate_messages_py
[1.733s] [  0%] Built target actionlib_msgs_generate_messages_cpp
[1.737s] [  0%] Built target tf_generate_messages_lisp
[1.745s] [  0%] Built target tf_generate_messages_eus
[1.762s] [  0%] Built target jsk_footstep_msgs_generate_messages_cpp
[1.778s] [  0%] Built target pcl_msgs_generate_messages_nodejs
[1.779s] [  0%] Built target actionlib_generate_messages_eus
[1.782s] [  0%] Built target tf_generate_messages_nodejs
[1.783s] [  0%] Built target pcl_msgs_generate_messages_py
[1.784s] [  0%] Built target geometry_msgs_generate_messages_py
[1.793s] [  0%] Built target geometry_msgs_generate_messages_cpp
[1.811s] [  0%] Built target pcl_msgs_generate_messages_lisp
[1.817s] [  0%] Built target tf_generate_messages_cpp
[1.818s] [  0%] Built target actionlib_generate_messages_nodejs
[1.823s] [  0%] Built target actionlib_generate_messages_lisp
[1.829s] [  0%] Built target tf2_msgs_generate_messages_lisp
[1.838s] [  0%] Built target actionlib_generate_messages_py
[1.856s] [  0%] Built target actionlib_msgs_generate_messages_py
[1.857s] [  0%] Built target tf2_msgs_generate_messages_nodejs
[1.862s] [  0%] Built target actionlib_msgs_generate_messages_nodejs
[1.868s] [  0%] Built target tf2_msgs_generate_messages_py
[1.869s] [ 50%] Built target beyond_track_lib
[1.872s] [ 50%] Built target std_msgs_generate_messages_eus
[1.893s] [ 50%] Built target tf2_msgs_generate_messages_eus
[1.924s] [100%] Built target vision_beyond_track
[1.948s] [36mInstall the project...[0m
[1.969s] -- Install configuration: "Release"
[1.969s] -- Up-to-date: /home/agilex/autoware.ai/install/vision_beyond_track/lib/pkgconfig/vision_beyond_track.pc
[1.970s] -- Up-to-date: /home/agilex/autoware.ai/install/vision_beyond_track/share/vision_beyond_track/cmake/vision_beyond_trackConfig.cmake
[1.970s] -- Up-to-date: /home/agilex/autoware.ai/install/vision_beyond_track/share/vision_beyond_track/cmake/vision_beyond_trackConfig-version.cmake
[1.970s] -- Up-to-date: /home/agilex/autoware.ai/install/vision_beyond_track/share/vision_beyond_track/package.xml
[1.970s] -- Up-to-date: /home/agilex/autoware.ai/install/vision_beyond_track/lib/libbeyond_track_lib.a
[1.986s] -- Up-to-date: /home/agilex/autoware.ai/install/vision_beyond_track/lib/vision_beyond_track/vision_beyond_track
[1.988s] -- Up-to-date: /home/agilex/autoware.ai/install/vision_beyond_track/share/vision_beyond_track/launch
[1.989s] -- Up-to-date: /home/agilex/autoware.ai/install/vision_beyond_track/share/vision_beyond_track/launch/vision_beyond_track.launch
[2.005s] Invoked command in '/home/agilex/autoware.ai/build/vision_beyond_track' returned '0': CMAKE_PREFIX_PATH=/home/agilex/autoware.ai/install/autoware_msgs:/home/agilex/autoware.ai/install/autoware_build_flags:${CMAKE_PREFIX_PATH} PKG_CONFIG_PATH=/home/agilex/autoware.ai/install/autoware_msgs/lib/x86_64-linux-gnu/pkgconfig:/home/agilex/autoware.ai/install/autoware_msgs/lib/pkgconfig:/home/agilex/autoware.ai/install/autoware_build_flags/lib/x86_64-linux-gnu/pkgconfig:/home/agilex/autoware.ai/install/autoware_build_flags/lib/pkgconfig:${PKG_CONFIG_PATH} PYTHONPATH=/home/agilex/autoware.ai/install/autoware_msgs/lib/python2.7/dist-packages:${PYTHONPATH} ROS_PACKAGE_PATH=/home/agilex/autoware.ai/install/autoware_msgs/share:/home/agilex/autoware.ai/install/autoware_build_flags/share:${ROS_PACKAGE_PATH} /usr/bin/cmake --build /home/agilex/autoware.ai/build/vision_beyond_track --target install -- -j8 -l8
