[0.018s] Invoking command in '/home/agilex/autoware.ai/build/lidar_euclidean_cluster_detect': CMAKE_PREFIX_PATH=/home/agilex/autoware.ai/install/vector_map_server:/home/agilex/autoware.ai/install/vector_map:/home/agilex/autoware.ai/install/vector_map_msgs:/home/agilex/autoware.ai/install/autoware_msgs:/home/agilex/autoware.ai/install/autoware_build_flags:${CMAKE_PREFIX_PATH} LD_LIBRARY_PATH=/home/agilex/autoware.ai/install/vector_map/lib:${LD_LIBRARY_PATH} PKG_CONFIG_PATH=/home/agilex/autoware.ai/install/vector_map_server/lib/x86_64-linux-gnu/pkgconfig:/home/agilex/autoware.ai/install/vector_map_server/lib/pkgconfig:/home/agilex/autoware.ai/install/vector_map/lib/x86_64-linux-gnu/pkgconfig:/home/agilex/autoware.ai/install/vector_map/lib/pkgconfig:/home/agilex/autoware.ai/install/vector_map_msgs/lib/x86_64-linux-gnu/pkgconfig:/home/agilex/autoware.ai/install/vector_map_msgs/lib/pkgconfig:/home/agilex/autoware.ai/install/autoware_msgs/lib/x86_64-linux-gnu/pkgconfig:/home/agilex/autoware.ai/install/autoware_msgs/lib/pkgconfig:/home/agilex/autoware.ai/install/autoware_build_flags/lib/x86_64-linux-gnu/pkgconfig:/home/agilex/autoware.ai/install/autoware_build_flags/lib/pkgconfig:${PKG_CONFIG_PATH} PYTHONPATH=/home/agilex/autoware.ai/install/vector_map_server/lib/python2.7/dist-packages:/home/agilex/autoware.ai/install/vector_map_msgs/lib/python2.7/dist-packages:/home/agilex/autoware.ai/install/autoware_msgs/lib/python2.7/dist-packages:${PYTHONPATH} ROS_PACKAGE_PATH=/home/agilex/autoware.ai/install/vector_map_server/share:/home/agilex/autoware.ai/install/vector_map/share:/home/agilex/autoware.ai/install/vector_map_msgs/share:/home/agilex/autoware.ai/install/autoware_msgs/share:/home/agilex/autoware.ai/install/autoware_build_flags/share:${ROS_PACKAGE_PATH} /usr/bin/cmake /home/agilex/autoware.ai/src/autoware/core_perception/lidar_euclidean_cluster_detect -DCMAKE_BUILD_TYPE=Release -DCATKIN_INSTALL_INTO_PREFIX_ROOT=0 -DCMAKE_INSTALL_PREFIX=/home/agilex/autoware.ai/install/lidar_euclidean_cluster_detect
[0.094s] -- The C compiler identification is GNU 7.5.0
[0.152s] -- The CXX compiler identification is GNU 7.5.0
[0.156s] -- Check for working C compiler: /usr/bin/cc
[0.225s] -- Check for working C compiler: /usr/bin/cc -- works
[0.226s] -- Detecting C compiler ABI info
[0.292s] -- Detecting C compiler ABI info - done
[0.302s] -- Detecting C compile features
[0.494s] -- Detecting C compile features - done
[0.498s] -- Check for working CXX compiler: /usr/bin/c++
[0.596s] -- Check for working CXX compiler: /usr/bin/c++ -- works
[0.596s] -- Detecting CXX compiler ABI info
[0.678s] -- Detecting CXX compiler ABI info - done
[0.691s] -- Detecting CXX compile features
[1.127s] -- Detecting CXX compile features - done
[1.129s] -- CUDA compilation status: .
[1.186s] -- Using CATKIN_DEVEL_PREFIX: /home/agilex/autoware.ai/build/lidar_euclidean_cluster_detect/devel
[1.187s] -- Using CMAKE_PREFIX_PATH: /home/agilex/autoware.ai/install/vector_map_server;/home/agilex/autoware.ai/install/vector_map;/home/agilex/autoware.ai/install/vector_map_msgs;/home/agilex/autoware.ai/install/autoware_msgs;/home/agilex/autoware.ai/install/autoware_build_flags;/opt/ros/melodic
[1.187s] -- This workspace overlays: /home/agilex/autoware.ai/install/vector_map_server;/home/agilex/autoware.ai/install/vector_map;/home/agilex/autoware.ai/install/vector_map_msgs;/home/agilex/autoware.ai/install/autoware_msgs;/home/agilex/autoware.ai/install/autoware_build_flags;/opt/ros/melodic
[1.207s] -- Found PythonInterp: /usr/bin/python2 (found suitable version "2.7.17", minimum required is "2") 
[1.207s] -- Using PYTHON_EXECUTABLE: /usr/bin/python2
[1.207s] -- Using Debian Python package layout
[1.207s] -- Using empy: /usr/bin/empy
[1.368s] -- Using CATKIN_ENABLE_TESTING: ON
[1.368s] -- Call enable_testing()
[1.370s] -- Using CATKIN_TEST_RESULTS_DIR: /home/agilex/autoware.ai/build/lidar_euclidean_cluster_detect/test_results
[1.388s] -- Found gtest sources under '/usr/src/googletest': gtests will be built
[1.388s] -- Found gmock sources under '/usr/src/googletest': gmock will be built
[1.404s] -- Found PythonInterp: /usr/bin/python2 (found version "2.7.17") 
[1.405s] -- Looking for pthread.h
[1.467s] -- Looking for pthread.h - found
[1.467s] -- Looking for pthread_create
[1.532s] -- Looking for pthread_create - not found
[1.532s] -- Looking for pthread_create in pthreads
[1.583s] -- Looking for pthread_create in pthreads - not found
[1.584s] -- Looking for pthread_create in pthread
[1.648s] -- Looking for pthread_create in pthread - found
[1.649s] -- Found Threads: TRUE  
[1.654s] -- Using Python nosetests: /usr/bin/nosetests-2.7
[1.704s] -- catkin 0.7.29
[1.704s] -- BUILD_SHARED_LIBS is on
[1.813s] -- Using these message generators: gencpp;geneus;genlisp;gennodejs;genpy
[3.846s] -- Found OpenMP_C: -fopenmp (found version "4.5") 
[3.935s] -- Found OpenMP_CXX: -fopenmp (found version "4.5") 
[3.936s] -- Found OpenMP: TRUE (found version "4.5")  
[3.954s] -- Found OpenCV: /usr (found version "3.2.0") 
[4.099s] -- Found PkgConfig: /usr/bin/pkg-config (found version "0.29.1") 
[4.100s] -- Checking for module 'yaml-cpp'
[4.115s] --   Found yaml-cpp, version 0.5.2
[4.160s] CUDA_TOOLKIT_ROOT_DIR not found or specified
[4.167s] -- Could NOT find CUDA (missing: CUDA_TOOLKIT_ROOT_DIR CUDA_NVCC_EXECUTABLE CUDA_INCLUDE_DIRS CUDA_CUDART_LIBRARY) 
[4.170s] CMake Warning at /home/agilex/autoware.ai/install/autoware_build_flags/share/autoware_build_flags/cmake/autoware_build_flags-extras.cmake:36 (message):
[4.170s]   CUDA support is disabled.  Set the AUTOWARE_COMPILE_WITH_CUDA environment
[4.170s]   variable and recompile to enable it
[4.170s] Call Stack (most recent call first):
[4.171s]   CMakeLists.txt:69 (AW_CHECK_CUDA)
[4.171s] 
[4.171s] 
[4.176s] -- Configuring done
[4.266s] -- Generating done
[4.283s] -- Build files have been written to: /home/agilex/autoware.ai/build/lidar_euclidean_cluster_detect
[4.292s] Invoked command in '/home/agilex/autoware.ai/build/lidar_euclidean_cluster_detect' returned '0': CMAKE_PREFIX_PATH=/home/agilex/autoware.ai/install/vector_map_server:/home/agilex/autoware.ai/install/vector_map:/home/agilex/autoware.ai/install/vector_map_msgs:/home/agilex/autoware.ai/install/autoware_msgs:/home/agilex/autoware.ai/install/autoware_build_flags:${CMAKE_PREFIX_PATH} LD_LIBRARY_PATH=/home/agilex/autoware.ai/install/vector_map/lib:${LD_LIBRARY_PATH} PKG_CONFIG_PATH=/home/agilex/autoware.ai/install/vector_map_server/lib/x86_64-linux-gnu/pkgconfig:/home/agilex/autoware.ai/install/vector_map_server/lib/pkgconfig:/home/agilex/autoware.ai/install/vector_map/lib/x86_64-linux-gnu/pkgconfig:/home/agilex/autoware.ai/install/vector_map/lib/pkgconfig:/home/agilex/autoware.ai/install/vector_map_msgs/lib/x86_64-linux-gnu/pkgconfig:/home/agilex/autoware.ai/install/vector_map_msgs/lib/pkgconfig:/home/agilex/autoware.ai/install/autoware_msgs/lib/x86_64-linux-gnu/pkgconfig:/home/agilex/autoware.ai/install/autoware_msgs/lib/pkgconfig:/home/agilex/autoware.ai/install/autoware_build_flags/lib/x86_64-linux-gnu/pkgconfig:/home/agilex/autoware.ai/install/autoware_build_flags/lib/pkgconfig:${PKG_CONFIG_PATH} PYTHONPATH=/home/agilex/autoware.ai/install/vector_map_server/lib/python2.7/dist-packages:/home/agilex/autoware.ai/install/vector_map_msgs/lib/python2.7/dist-packages:/home/agilex/autoware.ai/install/autoware_msgs/lib/python2.7/dist-packages:${PYTHONPATH} ROS_PACKAGE_PATH=/home/agilex/autoware.ai/install/vector_map_server/share:/home/agilex/autoware.ai/install/vector_map/share:/home/agilex/autoware.ai/install/vector_map_msgs/share:/home/agilex/autoware.ai/install/autoware_msgs/share:/home/agilex/autoware.ai/install/autoware_build_flags/share:${ROS_PACKAGE_PATH} /usr/bin/cmake /home/agilex/autoware.ai/src/autoware/core_perception/lidar_euclidean_cluster_detect -DCMAKE_BUILD_TYPE=Release -DCATKIN_INSTALL_INTO_PREFIX_ROOT=0 -DCMAKE_INSTALL_PREFIX=/home/agilex/autoware.ai/install/lidar_euclidean_cluster_detect
[4.293s] Invoking command in '/home/agilex/autoware.ai/build/lidar_euclidean_cluster_detect': CMAKE_PREFIX_PATH=/home/agilex/autoware.ai/install/vector_map_server:/home/agilex/autoware.ai/install/vector_map:/home/agilex/autoware.ai/install/vector_map_msgs:/home/agilex/autoware.ai/install/autoware_msgs:/home/agilex/autoware.ai/install/autoware_build_flags:${CMAKE_PREFIX_PATH} LD_LIBRARY_PATH=/home/agilex/autoware.ai/install/vector_map/lib:${LD_LIBRARY_PATH} PKG_CONFIG_PATH=/home/agilex/autoware.ai/install/vector_map_server/lib/x86_64-linux-gnu/pkgconfig:/home/agilex/autoware.ai/install/vector_map_server/lib/pkgconfig:/home/agilex/autoware.ai/install/vector_map/lib/x86_64-linux-gnu/pkgconfig:/home/agilex/autoware.ai/install/vector_map/lib/pkgconfig:/home/agilex/autoware.ai/install/vector_map_msgs/lib/x86_64-linux-gnu/pkgconfig:/home/agilex/autoware.ai/install/vector_map_msgs/lib/pkgconfig:/home/agilex/autoware.ai/install/autoware_msgs/lib/x86_64-linux-gnu/pkgconfig:/home/agilex/autoware.ai/install/autoware_msgs/lib/pkgconfig:/home/agilex/autoware.ai/install/autoware_build_flags/lib/x86_64-linux-gnu/pkgconfig:/home/agilex/autoware.ai/install/autoware_build_flags/lib/pkgconfig:${PKG_CONFIG_PATH} PYTHONPATH=/home/agilex/autoware.ai/install/vector_map_server/lib/python2.7/dist-packages:/home/agilex/autoware.ai/install/vector_map_msgs/lib/python2.7/dist-packages:/home/agilex/autoware.ai/install/autoware_msgs/lib/python2.7/dist-packages:${PYTHONPATH} ROS_PACKAGE_PATH=/home/agilex/autoware.ai/install/vector_map_server/share:/home/agilex/autoware.ai/install/vector_map/share:/home/agilex/autoware.ai/install/vector_map_msgs/share:/home/agilex/autoware.ai/install/autoware_msgs/share:/home/agilex/autoware.ai/install/autoware_build_flags/share:${ROS_PACKAGE_PATH} /usr/bin/cmake --build /home/agilex/autoware.ai/build/lidar_euclidean_cluster_detect -- -j8 -l8
[4.340s] [35m[1mScanning dependencies of target std_srvs_generate_messages_lisp[0m
[4.349s] [  0%] Built target std_srvs_generate_messages_lisp
[4.359s] [35m[1mScanning dependencies of target people_msgs_generate_messages_eus[0m
[4.368s] [  0%] Built target people_msgs_generate_messages_eus
[4.377s] [35m[1mScanning dependencies of target people_msgs_generate_messages_cpp[0m
[4.388s] [  0%] Built target people_msgs_generate_messages_cpp
[4.397s] [35m[1mScanning dependencies of target jsk_hark_msgs_generate_messages_py[0m
[4.406s] [  0%] Built target jsk_hark_msgs_generate_messages_py
[4.416s] [35m[1mScanning dependencies of target rviz_generate_messages_nodejs[0m
[4.424s] [  0%] Built target rviz_generate_messages_nodejs
[4.433s] [35m[1mScanning dependencies of target jsk_hark_msgs_generate_messages_nodejs[0m
[4.442s] [  0%] Built target jsk_hark_msgs_generate_messages_nodejs
[4.450s] [35m[1mScanning dependencies of target jsk_hark_msgs_generate_messages_eus[0m
[4.459s] [  0%] Built target jsk_hark_msgs_generate_messages_eus
[4.470s] [35m[1mScanning dependencies of target jsk_rviz_plugins_generate_messages_py[0m
[4.483s] [  0%] Built target jsk_rviz_plugins_generate_messages_py
[4.493s] [35m[1mScanning dependencies of target jsk_rviz_plugins_generate_messages_nodejs[0m
[4.504s] [  0%] Built target jsk_rviz_plugins_generate_messages_nodejs
[4.512s] [35m[1mScanning dependencies of target jsk_recognition_utils_gencfg[0m
[4.521s] [  0%] Built target jsk_recognition_utils_gencfg
[4.529s] [35m[1mScanning dependencies of target jsk_rviz_plugins_generate_messages_lisp[0m
[4.538s] [  0%] Built target jsk_rviz_plugins_generate_messages_lisp
[4.547s] [35m[1mScanning dependencies of target rviz_generate_messages_lisp[0m
[4.557s] [  0%] Built target rviz_generate_messages_lisp
[4.565s] [35m[1mScanning dependencies of target jsk_rviz_plugins_gencfg[0m
[4.575s] [  0%] Built target jsk_rviz_plugins_gencfg
[4.584s] [35m[1mScanning dependencies of target nav_msgs_generate_messages_nodejs[0m
[4.592s] [  0%] Built target nav_msgs_generate_messages_nodejs
[4.602s] [35m[1mScanning dependencies of target jsk_hark_msgs_generate_messages_cpp[0m
[4.612s] [  0%] Built target jsk_hark_msgs_generate_messages_cpp
[4.619s] [35m[1mScanning dependencies of target grid_map_msgs_generate_messages_py[0m
[4.628s] [  0%] Built target grid_map_msgs_generate_messages_py
[4.637s] [35m[1mScanning dependencies of target grid_map_msgs_generate_messages_nodejs[0m
[4.646s] [  0%] Built target grid_map_msgs_generate_messages_nodejs
[4.655s] [35m[1mScanning dependencies of target grid_map_msgs_generate_messages_eus[0m
[4.664s] [  0%] Built target grid_map_msgs_generate_messages_eus
[4.673s] [35m[1mScanning dependencies of target visualization_msgs_generate_messages_py[0m
[4.682s] [  0%] Built target visualization_msgs_generate_messages_py
[4.691s] [35m[1mScanning dependencies of target visualization_msgs_generate_messages_nodejs[0m
[4.700s] [  0%] Built target visualization_msgs_generate_messages_nodejs
[4.710s] [35m[1mScanning dependencies of target vector_map_msgs_generate_messages_py[0m
[4.723s] [  0%] Built target vector_map_msgs_generate_messages_py
[4.733s] [35m[1mScanning dependencies of target vector_map_msgs_generate_messages_lisp[0m
[4.743s] [  0%] Built target vector_map_msgs_generate_messages_lisp
[4.753s] [35m[1mScanning dependencies of target vector_map_msgs_generate_messages_eus[0m
[4.763s] [  0%] Built target vector_map_msgs_generate_messages_eus
[4.773s] [35m[1mScanning dependencies of target vector_map_msgs_generate_messages_cpp[0m
[4.782s] [  0%] Built target vector_map_msgs_generate_messages_cpp
[4.792s] [35m[1mScanning dependencies of target vector_map_server_generate_messages_nodejs[0m
[4.809s] [  0%] Built target vector_map_server_generate_messages_nodejs
[4.821s] [35m[1mScanning dependencies of target visualization_msgs_generate_messages_eus[0m
[4.832s] [  0%] Built target visualization_msgs_generate_messages_eus
[4.841s] [35m[1mScanning dependencies of target vector_map_server_generate_messages_cpp[0m
[4.850s] [  0%] Built target vector_map_server_generate_messages_cpp
[4.866s] [35m[1mScanning dependencies of target tf2_msgs_generate_messages_nodejs[0m
[4.877s] [  0%] Built target tf2_msgs_generate_messages_nodejs
[4.889s] [35m[1mScanning dependencies of target nav_msgs_generate_messages_eus[0m
[4.899s] [  0%] Built target nav_msgs_generate_messages_eus
[4.912s] [35m[1mScanning dependencies of target visualization_msgs_generate_messages_cpp[0m
[4.922s] [  0%] Built target visualization_msgs_generate_messages_cpp
[4.932s] [35m[1mScanning dependencies of target tf2_msgs_generate_messages_eus[0m
[4.942s] [  0%] Built target tf2_msgs_generate_messages_eus
[4.952s] [35m[1mScanning dependencies of target tf2_msgs_generate_messages_cpp[0m
[4.962s] [  0%] Built target tf2_msgs_generate_messages_cpp
[4.972s] [35m[1mScanning dependencies of target map_msgs_generate_messages_cpp[0m
[4.982s] [  0%] Built target map_msgs_generate_messages_cpp
[4.992s] [35m[1mScanning dependencies of target tf2_msgs_generate_messages_py[0m
[5.001s] [  0%] Built target tf2_msgs_generate_messages_py
[5.013s] [35m[1mScanning dependencies of target actionlib_generate_messages_py[0m
[5.023s] [  0%] Built target actionlib_generate_messages_py
[5.032s] [35m[1mScanning dependencies of target actionlib_generate_messages_cpp[0m
[5.041s] [  0%] Built target actionlib_generate_messages_cpp
[5.051s] [35m[1mScanning dependencies of target tf_generate_messages_nodejs[0m
[5.061s] [  0%] Built target tf_generate_messages_nodejs
[5.070s] [35m[1mScanning dependencies of target tf_generate_messages_lisp[0m
[5.080s] [  0%] Built target tf_generate_messages_lisp
[5.090s] [35m[1mScanning dependencies of target topic_tools_generate_messages_nodejs[0m
[5.099s] [  0%] Built target topic_tools_generate_messages_nodejs
[5.108s] [35m[1mScanning dependencies of target topic_tools_generate_messages_eus[0m
[5.121s] [  0%] Built target topic_tools_generate_messages_eus
[5.130s] [35m[1mScanning dependencies of target topic_tools_generate_messages_cpp[0m
[5.139s] [  0%] Built target topic_tools_generate_messages_cpp
[5.147s] [35m[1mScanning dependencies of target std_srvs_generate_messages_py[0m
[5.156s] [  0%] Built target std_srvs_generate_messages_py
[5.165s] [35m[1mScanning dependencies of target vector_map_server_generate_messages_lisp[0m
[5.173s] [  0%] Built target vector_map_server_generate_messages_lisp
[5.183s] [35m[1mScanning dependencies of target jsk_footstep_msgs_generate_messages_nodejs[0m
[5.191s] [  0%] Built target jsk_footstep_msgs_generate_messages_nodejs
[5.202s] [35m[1mScanning dependencies of target jsk_footstep_msgs_generate_messages_lisp[0m
[5.217s] [  0%] Built target jsk_footstep_msgs_generate_messages_lisp
[5.226s] [35m[1mScanning dependencies of target jsk_footstep_msgs_generate_messages_eus[0m
[5.240s] [  0%] Built target jsk_footstep_msgs_generate_messages_eus
[5.249s] [35m[1mScanning dependencies of target actionlib_msgs_generate_messages_py[0m
[5.259s] [  0%] Built target actionlib_msgs_generate_messages_py
[5.273s] [35m[1mScanning dependencies of target geometry_msgs_generate_messages_py[0m
[5.282s] [  0%] Built target geometry_msgs_generate_messages_py
[5.291s] [35m[1mScanning dependencies of target nav_msgs_generate_messages_lisp[0m
[5.301s] [  0%] Built target nav_msgs_generate_messages_lisp
[5.310s] [35m[1mScanning dependencies of target pcl_msgs_generate_messages_nodejs[0m
[5.320s] [  0%] Built target pcl_msgs_generate_messages_nodejs
[5.329s] [35m[1mScanning dependencies of target nodelet_generate_messages_nodejs[0m
[5.337s] [  0%] Built target nodelet_generate_messages_nodejs
[5.346s] [35m[1mScanning dependencies of target jsk_recognition_msgs_generate_messages_py[0m
[5.354s] [  0%] Built target jsk_recognition_msgs_generate_messages_py
[5.363s] [35m[1mScanning dependencies of target pcl_msgs_generate_messages_eus[0m
[5.372s] [  0%] Built target pcl_msgs_generate_messages_eus
[5.380s] [35m[1mScanning dependencies of target rosgraph_msgs_generate_messages_eus[0m
[5.391s] [  0%] Built target rosgraph_msgs_generate_messages_eus
[5.404s] [35m[1mScanning dependencies of target jsk_recognition_msgs_generate_messages_lisp[0m
[5.416s] [  0%] Built target jsk_recognition_msgs_generate_messages_lisp
[5.425s] [35m[1mScanning dependencies of target tf_generate_messages_eus[0m
[5.435s] [  0%] Built target tf_generate_messages_eus
[5.444s] [35m[1mScanning dependencies of target jsk_footstep_msgs_generate_messages_cpp[0m
[5.454s] [  0%] Built target jsk_footstep_msgs_generate_messages_cpp
[5.463s] [35m[1mScanning dependencies of target actionlib_msgs_generate_messages_cpp[0m
[5.472s] [  0%] Built target actionlib_msgs_generate_messages_cpp
[5.481s] [35m[1mScanning dependencies of target jsk_recognition_msgs_generate_messages_eus[0m
[5.491s] [  0%] Built target jsk_recognition_msgs_generate_messages_eus
[5.500s] [35m[1mScanning dependencies of target sensor_msgs_generate_messages_nodejs[0m
[5.509s] [  0%] Built target sensor_msgs_generate_messages_nodejs
[5.519s] [35m[1mScanning dependencies of target vector_map_server_generate_messages_eus[0m
[5.529s] [  0%] Built target vector_map_server_generate_messages_eus
[5.539s] [35m[1mScanning dependencies of target roscpp_generate_messages_cpp[0m
[5.548s] [  0%] Built target roscpp_generate_messages_cpp
[5.558s] [35m[1mScanning dependencies of target autoware_msgs_generate_messages_lisp[0m
[5.569s] [  0%] Built target autoware_msgs_generate_messages_lisp
[5.579s] [35m[1mScanning dependencies of target jsk_footstep_msgs_generate_messages_py[0m
[5.589s] [  0%] Built target jsk_footstep_msgs_generate_messages_py
[5.599s] [35m[1mScanning dependencies of target std_msgs_generate_messages_cpp[0m
[5.609s] [  0%] Built target std_msgs_generate_messages_cpp
[5.618s] [35m[1mScanning dependencies of target sensor_msgs_generate_messages_py[0m
[5.628s] [  0%] Built target sensor_msgs_generate_messages_py
[5.636s] [35m[1mScanning dependencies of target nodelet_generate_messages_py[0m
[5.646s] [  0%] Built target nodelet_generate_messages_py
[5.655s] [35m[1mScanning dependencies of target actionlib_generate_messages_lisp[0m
[5.664s] [  0%] Built target actionlib_generate_messages_lisp
[5.674s] [35m[1mScanning dependencies of target geometry_msgs_generate_messages_cpp[0m
[5.684s] [  0%] Built target geometry_msgs_generate_messages_cpp
[5.693s] [35m[1mScanning dependencies of target geometry_msgs_generate_messages_lisp[0m
[5.703s] [  0%] Built target geometry_msgs_generate_messages_lisp
[5.712s] [35m[1mScanning dependencies of target nodelet_generate_messages_lisp[0m
[5.721s] [  0%] Built target nodelet_generate_messages_lisp
[5.731s] [35m[1mScanning dependencies of target autoware_msgs_generate_messages_py[0m
[5.740s] [  0%] Built target autoware_msgs_generate_messages_py
[5.750s] [35m[1mScanning dependencies of target std_msgs_generate_messages_py[0m
[5.759s] [  0%] Built target std_msgs_generate_messages_py
[5.769s] [35m[1mScanning dependencies of target autoware_msgs_generate_messages_cpp[0m
[5.779s] [  0%] Built target autoware_msgs_generate_messages_cpp
[5.789s] [35m[1mScanning dependencies of target tf_generate_messages_py[0m
[5.798s] [  0%] Built target tf_generate_messages_py
[5.808s] [35m[1mScanning dependencies of target dynamic_reconfigure_generate_messages_cpp[0m
[5.818s] [  0%] Built target dynamic_reconfigure_generate_messages_cpp
[5.827s] [35m[1mScanning dependencies of target rosgraph_msgs_generate_messages_cpp[0m
[5.837s] [  0%] Built target rosgraph_msgs_generate_messages_cpp
[5.847s] [35m[1mScanning dependencies of target pcl_msgs_generate_messages_cpp[0m
[5.856s] [  0%] Built target pcl_msgs_generate_messages_cpp
[5.866s] [35m[1mScanning dependencies of target people_msgs_generate_messages_nodejs[0m
[5.875s] [  0%] Built target people_msgs_generate_messages_nodejs
[5.885s] [35m[1mScanning dependencies of target dynamic_reconfigure_generate_messages_lisp[0m
[5.895s] [  0%] Built target dynamic_reconfigure_generate_messages_lisp
[5.904s] [35m[1mScanning dependencies of target topic_tools_generate_messages_lisp[0m
[5.914s] [  0%] Built target topic_tools_generate_messages_lisp
[5.923s] [35m[1mScanning dependencies of target jsk_recognition_msgs_generate_messages_cpp[0m
[5.933s] [  0%] Built target jsk_recognition_msgs_generate_messages_cpp
[5.942s] [35m[1mScanning dependencies of target nav_msgs_generate_messages_cpp[0m
[5.951s] [  0%] Built target nav_msgs_generate_messages_cpp
[5.961s] [35m[1mScanning dependencies of target sensor_msgs_generate_messages_lisp[0m
[5.970s] [  0%] Built target sensor_msgs_generate_messages_lisp
[5.980s] [35m[1mScanning dependencies of target std_srvs_generate_messages_cpp[0m
[5.990s] [  0%] Built target std_srvs_generate_messages_cpp
[5.999s] [35m[1mScanning dependencies of target autoware_msgs_generate_messages_eus[0m
[6.008s] [  0%] Built target autoware_msgs_generate_messages_eus
[6.017s] [35m[1mScanning dependencies of target actionlib_generate_messages_nodejs[0m
[6.027s] [  0%] Built target actionlib_generate_messages_nodejs
[6.036s] [35m[1mScanning dependencies of target tf_generate_messages_cpp[0m
[6.045s] [  0%] Built target tf_generate_messages_cpp
[6.054s] [35m[1mScanning dependencies of target pcl_msgs_generate_messages_lisp[0m
[6.064s] [  0%] Built target pcl_msgs_generate_messages_lisp
[6.073s] [35m[1mScanning dependencies of target autoware_msgs_generate_messages_nodejs[0m
[6.082s] [  0%] Built target autoware_msgs_generate_messages_nodejs
[6.092s] [35m[1mScanning dependencies of target visualization_msgs_generate_messages_lisp[0m
[6.101s] [  0%] Built target visualization_msgs_generate_messages_lisp
[6.111s] [35m[1mScanning dependencies of target std_msgs_generate_messages_eus[0m
[6.123s] [  0%] Built target std_msgs_generate_messages_eus
[6.132s] [35m[1mScanning dependencies of target geometry_msgs_generate_messages_eus[0m
[6.142s] [  0%] Built target geometry_msgs_generate_messages_eus
[6.151s] [35m[1mScanning dependencies of target jsk_hark_msgs_generate_messages_lisp[0m
[6.160s] [  0%] Built target jsk_hark_msgs_generate_messages_lisp
[6.169s] [35m[1mScanning dependencies of target std_msgs_generate_messages_nodejs[0m
[6.179s] [  0%] Built target std_msgs_generate_messages_nodejs
[6.188s] [35m[1mScanning dependencies of target bond_generate_messages_lisp[0m
[6.198s] [  0%] Built target bond_generate_messages_lisp
[6.207s] [35m[1mScanning dependencies of target jsk_rviz_plugins_generate_messages_eus[0m
[6.217s] [  0%] Built target jsk_rviz_plugins_generate_messages_eus
[6.228s] [35m[1mScanning dependencies of target actionlib_generate_messages_eus[0m
[6.238s] [  0%] Built target actionlib_generate_messages_eus
[6.249s] [35m[1mScanning dependencies of target pcl_msgs_generate_messages_py[0m
[6.258s] [  0%] Built target pcl_msgs_generate_messages_py
[6.268s] [35m[1mScanning dependencies of target sensor_msgs_generate_messages_eus[0m
[6.278s] [  0%] Built target sensor_msgs_generate_messages_eus
[6.287s] [35m[1mScanning dependencies of target jsk_rviz_plugins_generate_messages_cpp[0m
[6.296s] [  0%] Built target jsk_rviz_plugins_generate_messages_cpp
[6.306s] [35m[1mScanning dependencies of target roscpp_generate_messages_nodejs[0m
[6.318s] [  0%] Built target roscpp_generate_messages_nodejs
[6.327s] [35m[1mScanning dependencies of target std_msgs_generate_messages_lisp[0m
[6.336s] [  0%] Built target std_msgs_generate_messages_lisp
[6.345s] [35m[1mScanning dependencies of target sensor_msgs_generate_messages_cpp[0m
[6.355s] [  0%] Built target sensor_msgs_generate_messages_cpp
[6.364s] [35m[1mScanning dependencies of target grid_map_msgs_generate_messages_lisp[0m
[6.373s] [  0%] Built target grid_map_msgs_generate_messages_lisp
[6.383s] [35m[1mScanning dependencies of target actionlib_msgs_generate_messages_lisp[0m
[6.393s] [  0%] Built target actionlib_msgs_generate_messages_lisp
[6.402s] [35m[1mScanning dependencies of target geometry_msgs_generate_messages_nodejs[0m
[6.411s] [  0%] Built target geometry_msgs_generate_messages_nodejs
[6.423s] [35m[1mScanning dependencies of target map_msgs_generate_messages_py[0m
[6.432s] [  0%] Built target map_msgs_generate_messages_py
[6.441s] [35m[1mScanning dependencies of target pcl_ros_gencfg[0m
[6.450s] [  0%] Built target pcl_ros_gencfg
[6.460s] [35m[1mScanning dependencies of target dynamic_reconfigure_generate_messages_eus[0m
[6.469s] [  0%] Built target dynamic_reconfigure_generate_messages_eus
[6.478s] [35m[1mScanning dependencies of target dynamic_reconfigure_generate_messages_nodejs[0m
[6.487s] [  0%] Built target dynamic_reconfigure_generate_messages_nodejs
[6.500s] [35m[1mScanning dependencies of target dynamic_reconfigure_generate_messages_py[0m
[6.509s] [  0%] Built target dynamic_reconfigure_generate_messages_py
[6.519s] [35m[1mScanning dependencies of target nav_msgs_generate_messages_py[0m
[6.529s] [  0%] Built target nav_msgs_generate_messages_py
[6.538s] [35m[1mScanning dependencies of target tf2_msgs_generate_messages_lisp[0m
[6.547s] [  0%] Built target tf2_msgs_generate_messages_lisp
[6.556s] [35m[1mScanning dependencies of target dynamic_reconfigure_gencfg[0m
[6.565s] [  0%] Built target dynamic_reconfigure_gencfg
[6.575s] [35m[1mScanning dependencies of target jsk_recognition_msgs_generate_messages_nodejs[0m
[6.584s] [  0%] Built target jsk_recognition_msgs_generate_messages_nodejs
[6.593s] [35m[1mScanning dependencies of target std_srvs_generate_messages_eus[0m
[6.602s] [  0%] Built target std_srvs_generate_messages_eus
[6.613s] [35m[1mScanning dependencies of target roscpp_generate_messages_lisp[0m
[6.622s] [  0%] Built target roscpp_generate_messages_lisp
[6.632s] [35m[1mScanning dependencies of target bond_generate_messages_eus[0m
[6.641s] [  0%] Built target bond_generate_messages_eus
[6.652s] [35m[1mScanning dependencies of target grid_map_msgs_generate_messages_cpp[0m
[6.661s] [  0%] Built target grid_map_msgs_generate_messages_cpp
[6.670s] [35m[1mScanning dependencies of target roscpp_generate_messages_py[0m
[6.680s] [  0%] Built target roscpp_generate_messages_py
[6.689s] [35m[1mScanning dependencies of target rosgraph_msgs_generate_messages_lisp[0m
[6.698s] [  0%] Built target rosgraph_msgs_generate_messages_lisp
[6.707s] [35m[1mScanning dependencies of target rosgraph_msgs_generate_messages_nodejs[0m
[6.717s] [  0%] Built target rosgraph_msgs_generate_messages_nodejs
[6.726s] [35m[1mScanning dependencies of target vector_map_server_generate_messages_py[0m
[6.736s] [  0%] Built target vector_map_server_generate_messages_py
[6.745s] [35m[1mScanning dependencies of target actionlib_msgs_generate_messages_eus[0m
[6.754s] [  0%] Built target actionlib_msgs_generate_messages_eus
[6.763s] [35m[1mScanning dependencies of target roscpp_generate_messages_eus[0m
[6.773s] [  0%] Built target roscpp_generate_messages_eus
[6.782s] [35m[1mScanning dependencies of target rosgraph_msgs_generate_messages_py[0m
[6.791s] [  0%] Built target rosgraph_msgs_generate_messages_py
[6.800s] [35m[1mScanning dependencies of target nodelet_generate_messages_cpp[0m
[6.809s] [  0%] Built target nodelet_generate_messages_cpp
[6.818s] [35m[1mScanning dependencies of target vector_map_msgs_generate_messages_nodejs[0m
[6.829s] [  0%] Built target vector_map_msgs_generate_messages_nodejs
[6.838s] [35m[1mScanning dependencies of target bond_generate_messages_py[0m
[6.847s] [  0%] Built target bond_generate_messages_py
[6.856s] [35m[1mScanning dependencies of target std_srvs_generate_messages_nodejs[0m
[6.866s] [  0%] Built target std_srvs_generate_messages_nodejs
[6.875s] [35m[1mScanning dependencies of target map_msgs_generate_messages_eus[0m
[6.884s] [  0%] Built target map_msgs_generate_messages_eus
[6.895s] [35m[1mScanning dependencies of target nodelet_generate_messages_eus[0m
[6.904s] [  0%] Built target nodelet_generate_messages_eus
[6.914s] [35m[1mScanning dependencies of target bond_generate_messages_cpp[0m
[6.923s] [  0%] Built target bond_generate_messages_cpp
[6.932s] [35m[1mScanning dependencies of target bond_generate_messages_nodejs[0m
[6.941s] [  0%] Built target bond_generate_messages_nodejs
[6.950s] [35m[1mScanning dependencies of target map_msgs_generate_messages_nodejs[0m
[6.959s] [  0%] Built target map_msgs_generate_messages_nodejs
[6.968s] [35m[1mScanning dependencies of target topic_tools_generate_messages_py[0m
[6.978s] [  0%] Built target topic_tools_generate_messages_py
[6.986s] [35m[1mScanning dependencies of target actionlib_msgs_generate_messages_nodejs[0m
[6.995s] [  0%] Built target actionlib_msgs_generate_messages_nodejs
[7.004s] [35m[1mScanning dependencies of target nodelet_topic_tools_gencfg[0m
[7.014s] [  0%] Built target nodelet_topic_tools_gencfg
[7.023s] [35m[1mScanning dependencies of target rviz_generate_messages_eus[0m
[7.033s] [  0%] Built target rviz_generate_messages_eus
[7.042s] [35m[1mScanning dependencies of target people_msgs_generate_messages_lisp[0m
[7.052s] [  0%] Built target people_msgs_generate_messages_lisp
[7.061s] [35m[1mScanning dependencies of target people_msgs_generate_messages_py[0m
[7.070s] [  0%] Built target people_msgs_generate_messages_py
[7.080s] [35m[1mScanning dependencies of target rviz_generate_messages_cpp[0m
[7.089s] [  0%] Built target rviz_generate_messages_cpp
[7.098s] [35m[1mScanning dependencies of target rviz_generate_messages_py[0m
[7.107s] [  0%] Built target rviz_generate_messages_py
[7.117s] [35m[1mScanning dependencies of target map_msgs_generate_messages_lisp[0m
[7.127s] [  0%] Built target map_msgs_generate_messages_lisp
[7.137s] [35m[1mScanning dependencies of target lidar_euclidean_cluster_detect[0m
[7.238s] [ 33%] [32mBuilding CXX object CMakeFiles/lidar_euclidean_cluster_detect.dir/nodes/lidar_euclidean_cluster_detect/lidar_euclidean_cluster_detect.cpp.o[0m
[11.605s] In file included from [01m[K/home/agilex/autoware.ai/src/autoware/core_perception/lidar_euclidean_cluster_detect/nodes/lidar_euclidean_cluster_detect/lidar_euclidean_cluster_detect.cpp:14:0[m[K:
[11.605s] [01m[K/opt/ros/melodic/include/pcl_ros/point_cloud.h:303:27:[m[K [01;35m[Kwarning: [m[Kvariable templates only available with -std=c++14 or -std=gnu++14
[11.605s]      constexpr static bool [01;35m[Kpcl_uses_boost[m[K = true;
[11.605s]                            [01;35m[K^~~~~~~~~~~~~~[m[K
[13.585s] [01m[K/home/agilex/autoware.ai/src/autoware/core_perception/lidar_euclidean_cluster_detect/nodes/lidar_euclidean_cluster_detect/lidar_euclidean_cluster_detect.cpp:[m[K In function '[01m[Kvoid segmentByDistance(pcl::PointCloud<pcl::PointXYZ>::Ptr, pcl::PointCloud<pcl::PointXYZRGB>::Ptr, autoware_msgs::Centroids&, autoware_msgs::CloudClusterArray&)[m[K':
[13.585s] [01m[K/home/agilex/autoware.ai/src/autoware/core_perception/lidar_euclidean_cluster_detect/nodes/lidar_euclidean_cluster_detect/lidar_euclidean_cluster_detect.cpp:680:3:[m[K [01;35m[Kwarning: [m[Kthis '[01m[Kelse[m[K' clause does not guard... [[01;35m[K-Wmisleading-indentation[m[K]
[13.585s]    [01;35m[Kelse[m[K
[13.585s]    [01;35m[K^~~~[m[K
[13.585s] [01m[K/home/agilex/autoware.ai/src/autoware/core_perception/lidar_euclidean_cluster_detect/nodes/lidar_euclidean_cluster_detect/lidar_euclidean_cluster_detect.cpp:684:5:[m[K [01;36m[Knote: [m[K...this statement, but the latter is misleadingly indented as if it were guarded by the '[01m[Kelse[m[K'
[13.585s]      [01;36m[Kfor[m[K (unsigned int i = 0; i < final_clusters.size(); i++)
[13.586s]      [01;36m[K^~~[m[K
[19.456s] In file included from [01m[K/home/agilex/autoware.ai/src/autoware/core_perception/lidar_euclidean_cluster_detect/nodes/lidar_euclidean_cluster_detect/lidar_euclidean_cluster_detect.cpp:31:0[m[K:
[19.456s] [01m[K/usr/include/pcl-1.8/pcl/sample_consensus/model_types.h:[m[K In function '[01m[Kvoid __static_initialization_and_destruction_0(int, int)[m[K':
[19.456s] [01m[K/usr/include/pcl-1.8/pcl/sample_consensus/model_types.h:99:3:[m[K [01;35m[Kwarning: [m[K'[01m[Kpcl::SAC_SAMPLE_SIZE[m[K' is deprecated: This map is deprecated and is kept only to prevent breaking existing user code. Starting from PCL 1.8.0 model sample size is a protected member of the SampleConsensusModel class [[01;35m[K-Wdeprecated-declarations[m[K]
[19.456s]    [01;35m[KSAC_SAMPLE_SIZE[m[K (sample_size_pairs, sample_size_pairs + sizeof (sample_size_pairs) / sizeof (SampleSizeModel));
[19.456s]    [01;35m[K^~~~~~~~~~~~~~~[m[K
[19.456s] [01m[K/usr/include/pcl-1.8/pcl/sample_consensus/model_types.h:99:3:[m[K [01;36m[Knote: [m[Kdeclared here
[25.258s] [ 66%] [32mBuilding CXX object CMakeFiles/lidar_euclidean_cluster_detect.dir/nodes/lidar_euclidean_cluster_detect/cluster.cpp.o[0m
[29.998s] In file included from [01m[K/home/agilex/autoware.ai/src/autoware/core_perception/lidar_euclidean_cluster_detect/include/cluster.h:14:0[m[K,
[29.998s]                  from [01m[K/home/agilex/autoware.ai/src/autoware/core_perception/lidar_euclidean_cluster_detect/nodes/lidar_euclidean_cluster_detect/cluster.cpp:8[m[K:
[29.998s] [01m[K/opt/ros/melodic/include/pcl_ros/point_cloud.h:303:27:[m[K [01;35m[Kwarning: [m[Kvariable templates only available with -std=c++14 or -std=gnu++14
[29.999s]      constexpr static bool [01;35m[Kpcl_uses_boost[m[K = true;
[29.999s]                            [01;35m[K^~~~~~~~~~~~~~[m[K
[36.106s] In file included from [01m[K/home/agilex/autoware.ai/src/autoware/core_perception/lidar_euclidean_cluster_detect/include/cluster.h:30:0[m[K,
[36.106s]                  from [01m[K/home/agilex/autoware.ai/src/autoware/core_perception/lidar_euclidean_cluster_detect/nodes/lidar_euclidean_cluster_detect/cluster.cpp:8[m[K:
[36.106s] [01m[K/usr/include/pcl-1.8/pcl/sample_consensus/model_types.h:[m[K In function '[01m[Kvoid __static_initialization_and_destruction_0(int, int)[m[K':
[36.106s] [01m[K/usr/include/pcl-1.8/pcl/sample_consensus/model_types.h:99:3:[m[K [01;35m[Kwarning: [m[K'[01m[Kpcl::SAC_SAMPLE_SIZE[m[K' is deprecated: This map is deprecated and is kept only to prevent breaking existing user code. Starting from PCL 1.8.0 model sample size is a protected member of the SampleConsensusModel class [[01;35m[K-Wdeprecated-declarations[m[K]
[36.106s]    [01;35m[KSAC_SAMPLE_SIZE[m[K (sample_size_pairs, sample_size_pairs + sizeof (sample_size_pairs) / sizeof (SampleSizeModel));
[36.106s]    [01;35m[K^~~~~~~~~~~~~~~[m[K
[36.106s] [01m[K/usr/include/pcl-1.8/pcl/sample_consensus/model_types.h:99:3:[m[K [01;36m[Knote: [m[Kdeclared here
[38.871s] [100%] [32m[1mLinking CXX executable devel/lib/lidar_euclidean_cluster_detect/lidar_euclidean_cluster_detect[0m
[45.076s] [100%] Built target lidar_euclidean_cluster_detect
[45.088s] Invoked command in '/home/agilex/autoware.ai/build/lidar_euclidean_cluster_detect' returned '0': CMAKE_PREFIX_PATH=/home/agilex/autoware.ai/install/vector_map_server:/home/agilex/autoware.ai/install/vector_map:/home/agilex/autoware.ai/install/vector_map_msgs:/home/agilex/autoware.ai/install/autoware_msgs:/home/agilex/autoware.ai/install/autoware_build_flags:${CMAKE_PREFIX_PATH} LD_LIBRARY_PATH=/home/agilex/autoware.ai/install/vector_map/lib:${LD_LIBRARY_PATH} PKG_CONFIG_PATH=/home/agilex/autoware.ai/install/vector_map_server/lib/x86_64-linux-gnu/pkgconfig:/home/agilex/autoware.ai/install/vector_map_server/lib/pkgconfig:/home/agilex/autoware.ai/install/vector_map/lib/x86_64-linux-gnu/pkgconfig:/home/agilex/autoware.ai/install/vector_map/lib/pkgconfig:/home/agilex/autoware.ai/install/vector_map_msgs/lib/x86_64-linux-gnu/pkgconfig:/home/agilex/autoware.ai/install/vector_map_msgs/lib/pkgconfig:/home/agilex/autoware.ai/install/autoware_msgs/lib/x86_64-linux-gnu/pkgconfig:/home/agilex/autoware.ai/install/autoware_msgs/lib/pkgconfig:/home/agilex/autoware.ai/install/autoware_build_flags/lib/x86_64-linux-gnu/pkgconfig:/home/agilex/autoware.ai/install/autoware_build_flags/lib/pkgconfig:${PKG_CONFIG_PATH} PYTHONPATH=/home/agilex/autoware.ai/install/vector_map_server/lib/python2.7/dist-packages:/home/agilex/autoware.ai/install/vector_map_msgs/lib/python2.7/dist-packages:/home/agilex/autoware.ai/install/autoware_msgs/lib/python2.7/dist-packages:${PYTHONPATH} ROS_PACKAGE_PATH=/home/agilex/autoware.ai/install/vector_map_server/share:/home/agilex/autoware.ai/install/vector_map/share:/home/agilex/autoware.ai/install/vector_map_msgs/share:/home/agilex/autoware.ai/install/autoware_msgs/share:/home/agilex/autoware.ai/install/autoware_build_flags/share:${ROS_PACKAGE_PATH} /usr/bin/cmake --build /home/agilex/autoware.ai/build/lidar_euclidean_cluster_detect -- -j8 -l8
[45.191s] Invoking command in '/home/agilex/autoware.ai/build/lidar_euclidean_cluster_detect': CMAKE_PREFIX_PATH=/home/agilex/autoware.ai/install/vector_map_server:/home/agilex/autoware.ai/install/vector_map:/home/agilex/autoware.ai/install/vector_map_msgs:/home/agilex/autoware.ai/install/autoware_msgs:/home/agilex/autoware.ai/install/autoware_build_flags:${CMAKE_PREFIX_PATH} LD_LIBRARY_PATH=/home/agilex/autoware.ai/install/vector_map/lib:${LD_LIBRARY_PATH} PKG_CONFIG_PATH=/home/agilex/autoware.ai/install/vector_map_server/lib/x86_64-linux-gnu/pkgconfig:/home/agilex/autoware.ai/install/vector_map_server/lib/pkgconfig:/home/agilex/autoware.ai/install/vector_map/lib/x86_64-linux-gnu/pkgconfig:/home/agilex/autoware.ai/install/vector_map/lib/pkgconfig:/home/agilex/autoware.ai/install/vector_map_msgs/lib/x86_64-linux-gnu/pkgconfig:/home/agilex/autoware.ai/install/vector_map_msgs/lib/pkgconfig:/home/agilex/autoware.ai/install/autoware_msgs/lib/x86_64-linux-gnu/pkgconfig:/home/agilex/autoware.ai/install/autoware_msgs/lib/pkgconfig:/home/agilex/autoware.ai/install/autoware_build_flags/lib/x86_64-linux-gnu/pkgconfig:/home/agilex/autoware.ai/install/autoware_build_flags/lib/pkgconfig:${PKG_CONFIG_PATH} PYTHONPATH=/home/agilex/autoware.ai/install/vector_map_server/lib/python2.7/dist-packages:/home/agilex/autoware.ai/install/vector_map_msgs/lib/python2.7/dist-packages:/home/agilex/autoware.ai/install/autoware_msgs/lib/python2.7/dist-packages:${PYTHONPATH} ROS_PACKAGE_PATH=/home/agilex/autoware.ai/install/vector_map_server/share:/home/agilex/autoware.ai/install/vector_map/share:/home/agilex/autoware.ai/install/vector_map_msgs/share:/home/agilex/autoware.ai/install/autoware_msgs/share:/home/agilex/autoware.ai/install/autoware_build_flags/share:${ROS_PACKAGE_PATH} /usr/bin/cmake --build /home/agilex/autoware.ai/build/lidar_euclidean_cluster_detect --target tests -- -j8 -l8
[45.250s] [35m[1mScanning dependencies of target tests[0m
[45.260s] Built target tests
[45.272s] Invoked command in '/home/agilex/autoware.ai/build/lidar_euclidean_cluster_detect' returned '0': CMAKE_PREFIX_PATH=/home/agilex/autoware.ai/install/vector_map_server:/home/agilex/autoware.ai/install/vector_map:/home/agilex/autoware.ai/install/vector_map_msgs:/home/agilex/autoware.ai/install/autoware_msgs:/home/agilex/autoware.ai/install/autoware_build_flags:${CMAKE_PREFIX_PATH} LD_LIBRARY_PATH=/home/agilex/autoware.ai/install/vector_map/lib:${LD_LIBRARY_PATH} PKG_CONFIG_PATH=/home/agilex/autoware.ai/install/vector_map_server/lib/x86_64-linux-gnu/pkgconfig:/home/agilex/autoware.ai/install/vector_map_server/lib/pkgconfig:/home/agilex/autoware.ai/install/vector_map/lib/x86_64-linux-gnu/pkgconfig:/home/agilex/autoware.ai/install/vector_map/lib/pkgconfig:/home/agilex/autoware.ai/install/vector_map_msgs/lib/x86_64-linux-gnu/pkgconfig:/home/agilex/autoware.ai/install/vector_map_msgs/lib/pkgconfig:/home/agilex/autoware.ai/install/autoware_msgs/lib/x86_64-linux-gnu/pkgconfig:/home/agilex/autoware.ai/install/autoware_msgs/lib/pkgconfig:/home/agilex/autoware.ai/install/autoware_build_flags/lib/x86_64-linux-gnu/pkgconfig:/home/agilex/autoware.ai/install/autoware_build_flags/lib/pkgconfig:${PKG_CONFIG_PATH} PYTHONPATH=/home/agilex/autoware.ai/install/vector_map_server/lib/python2.7/dist-packages:/home/agilex/autoware.ai/install/vector_map_msgs/lib/python2.7/dist-packages:/home/agilex/autoware.ai/install/autoware_msgs/lib/python2.7/dist-packages:${PYTHONPATH} ROS_PACKAGE_PATH=/home/agilex/autoware.ai/install/vector_map_server/share:/home/agilex/autoware.ai/install/vector_map/share:/home/agilex/autoware.ai/install/vector_map_msgs/share:/home/agilex/autoware.ai/install/autoware_msgs/share:/home/agilex/autoware.ai/install/autoware_build_flags/share:${ROS_PACKAGE_PATH} /usr/bin/cmake --build /home/agilex/autoware.ai/build/lidar_euclidean_cluster_detect --target tests -- -j8 -l8
[45.370s] Invoking command in '/home/agilex/autoware.ai/build/lidar_euclidean_cluster_detect': CMAKE_PREFIX_PATH=/home/agilex/autoware.ai/install/vector_map_server:/home/agilex/autoware.ai/install/vector_map:/home/agilex/autoware.ai/install/vector_map_msgs:/home/agilex/autoware.ai/install/autoware_msgs:/home/agilex/autoware.ai/install/autoware_build_flags:${CMAKE_PREFIX_PATH} LD_LIBRARY_PATH=/home/agilex/autoware.ai/install/vector_map/lib:${LD_LIBRARY_PATH} PKG_CONFIG_PATH=/home/agilex/autoware.ai/install/vector_map_server/lib/x86_64-linux-gnu/pkgconfig:/home/agilex/autoware.ai/install/vector_map_server/lib/pkgconfig:/home/agilex/autoware.ai/install/vector_map/lib/x86_64-linux-gnu/pkgconfig:/home/agilex/autoware.ai/install/vector_map/lib/pkgconfig:/home/agilex/autoware.ai/install/vector_map_msgs/lib/x86_64-linux-gnu/pkgconfig:/home/agilex/autoware.ai/install/vector_map_msgs/lib/pkgconfig:/home/agilex/autoware.ai/install/autoware_msgs/lib/x86_64-linux-gnu/pkgconfig:/home/agilex/autoware.ai/install/autoware_msgs/lib/pkgconfig:/home/agilex/autoware.ai/install/autoware_build_flags/lib/x86_64-linux-gnu/pkgconfig:/home/agilex/autoware.ai/install/autoware_build_flags/lib/pkgconfig:${PKG_CONFIG_PATH} PYTHONPATH=/home/agilex/autoware.ai/install/vector_map_server/lib/python2.7/dist-packages:/home/agilex/autoware.ai/install/vector_map_msgs/lib/python2.7/dist-packages:/home/agilex/autoware.ai/install/autoware_msgs/lib/python2.7/dist-packages:${PYTHONPATH} ROS_PACKAGE_PATH=/home/agilex/autoware.ai/install/vector_map_server/share:/home/agilex/autoware.ai/install/vector_map/share:/home/agilex/autoware.ai/install/vector_map_msgs/share:/home/agilex/autoware.ai/install/autoware_msgs/share:/home/agilex/autoware.ai/install/autoware_build_flags/share:${ROS_PACKAGE_PATH} /usr/bin/cmake --build /home/agilex/autoware.ai/build/lidar_euclidean_cluster_detect --target install -- -j8 -l8
[45.423s] [  0%] Built target std_srvs_generate_messages_lisp
[45.440s] [  0%] Built target people_msgs_generate_messages_eus
[45.458s] [  0%] Built target people_msgs_generate_messages_cpp
[45.476s] [  0%] Built target jsk_hark_msgs_generate_messages_py
[45.493s] [  0%] Built target rviz_generate_messages_nodejs
[45.512s] [  0%] Built target jsk_hark_msgs_generate_messages_nodejs
[45.530s] [  0%] Built target jsk_hark_msgs_generate_messages_eus
[45.547s] [  0%] Built target jsk_rviz_plugins_generate_messages_py
[45.565s] [  0%] Built target jsk_rviz_plugins_generate_messages_nodejs
[45.583s] [  0%] Built target jsk_recognition_utils_gencfg
[45.601s] [  0%] Built target jsk_rviz_plugins_generate_messages_lisp
[45.618s] [  0%] Built target rviz_generate_messages_lisp
[45.636s] [  0%] Built target jsk_rviz_plugins_gencfg
[45.654s] [  0%] Built target nav_msgs_generate_messages_nodejs
[45.671s] [  0%] Built target jsk_hark_msgs_generate_messages_cpp
[45.689s] [  0%] Built target grid_map_msgs_generate_messages_py
[45.707s] [  0%] Built target grid_map_msgs_generate_messages_nodejs
[45.725s] [  0%] Built target grid_map_msgs_generate_messages_eus
[45.742s] [  0%] Built target visualization_msgs_generate_messages_py
[45.760s] [  0%] Built target visualization_msgs_generate_messages_nodejs
[45.778s] [  0%] Built target vector_map_msgs_generate_messages_py
[45.796s] [  0%] Built target vector_map_msgs_generate_messages_lisp
[45.814s] [  0%] Built target vector_map_msgs_generate_messages_eus
[45.831s] [  0%] Built target vector_map_msgs_generate_messages_cpp
[45.849s] [  0%] Built target vector_map_server_generate_messages_nodejs
[45.867s] [  0%] Built target visualization_msgs_generate_messages_eus
[45.886s] [  0%] Built target vector_map_server_generate_messages_cpp
[45.902s] [  0%] Built target tf2_msgs_generate_messages_nodejs
[45.921s] [  0%] Built target nav_msgs_generate_messages_eus
[45.939s] [  0%] Built target visualization_msgs_generate_messages_cpp
[45.957s] [  0%] Built target tf2_msgs_generate_messages_eus
[45.975s] [  0%] Built target tf2_msgs_generate_messages_cpp
[45.992s] [  0%] Built target map_msgs_generate_messages_cpp
[46.010s] [  0%] Built target tf2_msgs_generate_messages_py
[46.029s] [  0%] Built target actionlib_generate_messages_py
[46.047s] [  0%] Built target actionlib_generate_messages_cpp
[46.065s] [  0%] Built target tf_generate_messages_nodejs
[46.083s] [  0%] Built target tf_generate_messages_lisp
[46.101s] [  0%] Built target topic_tools_generate_messages_nodejs
[46.120s] [  0%] Built target topic_tools_generate_messages_eus
[46.138s] [  0%] Built target topic_tools_generate_messages_cpp
[46.157s] [  0%] Built target std_srvs_generate_messages_py
[46.175s] [  0%] Built target vector_map_server_generate_messages_lisp
[46.193s] [  0%] Built target jsk_footstep_msgs_generate_messages_nodejs
[46.211s] [  0%] Built target jsk_footstep_msgs_generate_messages_lisp
[46.230s] [  0%] Built target jsk_footstep_msgs_generate_messages_eus
[46.276s] [  0%] Built target actionlib_msgs_generate_messages_py
[46.313s] [  0%] Built target geometry_msgs_generate_messages_py
[46.333s] [  0%] Built target nav_msgs_generate_messages_lisp
[46.353s] [  0%] Built target pcl_msgs_generate_messages_nodejs
[46.371s] [  0%] Built target nodelet_generate_messages_nodejs
[46.389s] [  0%] Built target jsk_recognition_msgs_generate_messages_py
[46.407s] [  0%] Built target pcl_msgs_generate_messages_eus
[46.426s] [  0%] Built target rosgraph_msgs_generate_messages_eus
[46.444s] [  0%] Built target jsk_recognition_msgs_generate_messages_lisp
[46.464s] [  0%] Built target tf_generate_messages_eus
[46.482s] [  0%] Built target jsk_footstep_msgs_generate_messages_cpp
[46.500s] [  0%] Built target actionlib_msgs_generate_messages_cpp
[46.518s] [  0%] Built target jsk_recognition_msgs_generate_messages_eus
[46.536s] [  0%] Built target sensor_msgs_generate_messages_nodejs
[46.554s] [  0%] Built target vector_map_server_generate_messages_eus
[46.573s] [  0%] Built target roscpp_generate_messages_cpp
[46.591s] [  0%] Built target autoware_msgs_generate_messages_lisp
[46.610s] [  0%] Built target jsk_footstep_msgs_generate_messages_py
[46.628s] [  0%] Built target std_msgs_generate_messages_cpp
[46.647s] [  0%] Built target sensor_msgs_generate_messages_py
[46.665s] [  0%] Built target nodelet_generate_messages_py
[46.683s] [  0%] Built target actionlib_generate_messages_lisp
[46.701s] [  0%] Built target geometry_msgs_generate_messages_cpp
[46.719s] [  0%] Built target geometry_msgs_generate_messages_lisp
[46.740s] [  0%] Built target nodelet_generate_messages_lisp
[46.761s] [  0%] Built target autoware_msgs_generate_messages_py
[46.779s] [  0%] Built target std_msgs_generate_messages_py
[46.798s] [  0%] Built target autoware_msgs_generate_messages_cpp
[46.817s] [  0%] Built target tf_generate_messages_py
[46.836s] [  0%] Built target dynamic_reconfigure_generate_messages_cpp
[46.873s] [  0%] Built target rosgraph_msgs_generate_messages_cpp
[46.895s] [  0%] Built target pcl_msgs_generate_messages_cpp
[46.919s] [  0%] Built target people_msgs_generate_messages_nodejs
[46.937s] [  0%] Built target dynamic_reconfigure_generate_messages_lisp
[46.955s] [  0%] Built target topic_tools_generate_messages_lisp
[46.974s] [  0%] Built target jsk_recognition_msgs_generate_messages_cpp
[46.992s] [  0%] Built target nav_msgs_generate_messages_cpp
[47.011s] [  0%] Built target sensor_msgs_generate_messages_lisp
[47.031s] [  0%] Built target std_srvs_generate_messages_cpp
[47.048s] [  0%] Built target autoware_msgs_generate_messages_eus
[47.067s] [  0%] Built target actionlib_generate_messages_nodejs
[47.085s] [  0%] Built target tf_generate_messages_cpp
[47.103s] [  0%] Built target pcl_msgs_generate_messages_lisp
[47.121s] [  0%] Built target autoware_msgs_generate_messages_nodejs
[47.139s] [  0%] Built target visualization_msgs_generate_messages_lisp
[47.157s] [  0%] Built target std_msgs_generate_messages_eus
[47.176s] [  0%] Built target geometry_msgs_generate_messages_eus
[47.194s] [  0%] Built target jsk_hark_msgs_generate_messages_lisp
[47.212s] [  0%] Built target std_msgs_generate_messages_nodejs
[47.229s] [  0%] Built target bond_generate_messages_lisp
[47.250s] [  0%] Built target jsk_rviz_plugins_generate_messages_eus
[47.268s] [  0%] Built target actionlib_generate_messages_eus
[47.286s] [  0%] Built target pcl_msgs_generate_messages_py
[47.304s] [  0%] Built target sensor_msgs_generate_messages_eus
[47.324s] [  0%] Built target jsk_rviz_plugins_generate_messages_cpp
[47.343s] [  0%] Built target roscpp_generate_messages_nodejs
[47.365s] [  0%] Built target std_msgs_generate_messages_lisp
[47.383s] [  0%] Built target sensor_msgs_generate_messages_cpp
[47.402s] [  0%] Built target grid_map_msgs_generate_messages_lisp
[47.420s] [  0%] Built target actionlib_msgs_generate_messages_lisp
[47.438s] [  0%] Built target geometry_msgs_generate_messages_nodejs
[47.458s] [  0%] Built target map_msgs_generate_messages_py
[47.479s] [  0%] Built target pcl_ros_gencfg
[47.560s] [  0%] Built target dynamic_reconfigure_generate_messages_eus
[47.701s] [  0%] Built target dynamic_reconfigure_generate_messages_nodejs
[47.780s] [  0%] Built target dynamic_reconfigure_generate_messages_py
[47.850s] [  0%] Built target nav_msgs_generate_messages_py
[47.901s] [  0%] Built target tf2_msgs_generate_messages_lisp
[48.009s] [  0%] Built target dynamic_reconfigure_gencfg
[48.180s] [  0%] Built target jsk_recognition_msgs_generate_messages_nodejs
[48.223s] [  0%] Built target std_srvs_generate_messages_eus
[48.245s] [  0%] Built target roscpp_generate_messages_lisp
[48.265s] [  0%] Built target bond_generate_messages_eus
[48.283s] [  0%] Built target grid_map_msgs_generate_messages_cpp
[48.301s] [  0%] Built target roscpp_generate_messages_py
[48.318s] [  0%] Built target rosgraph_msgs_generate_messages_lisp
[48.335s] [  0%] Built target rosgraph_msgs_generate_messages_nodejs
[48.353s] [  0%] Built target vector_map_server_generate_messages_py
[48.374s] [  0%] Built target actionlib_msgs_generate_messages_eus
[48.392s] [  0%] Built target roscpp_generate_messages_eus
[48.410s] [  0%] Built target rosgraph_msgs_generate_messages_py
[48.429s] [  0%] Built target nodelet_generate_messages_cpp
[48.447s] [  0%] Built target vector_map_msgs_generate_messages_nodejs
[48.468s] [  0%] Built target bond_generate_messages_py
[48.486s] [  0%] Built target std_srvs_generate_messages_nodejs
[48.504s] [  0%] Built target map_msgs_generate_messages_eus
[48.522s] [  0%] Built target nodelet_generate_messages_eus
[48.541s] [  0%] Built target bond_generate_messages_cpp
[48.561s] [  0%] Built target bond_generate_messages_nodejs
[48.579s] [  0%] Built target map_msgs_generate_messages_nodejs
[48.598s] [  0%] Built target topic_tools_generate_messages_py
[48.616s] [  0%] Built target actionlib_msgs_generate_messages_nodejs
[48.634s] [  0%] Built target nodelet_topic_tools_gencfg
[48.652s] [  0%] Built target rviz_generate_messages_eus
[48.673s] [  0%] Built target people_msgs_generate_messages_lisp
[48.691s] [  0%] Built target people_msgs_generate_messages_py
[48.709s] [  0%] Built target rviz_generate_messages_cpp
[48.727s] [  0%] Built target rviz_generate_messages_py
[48.744s] [  0%] Built target map_msgs_generate_messages_lisp
[48.790s] [100%] Built target lidar_euclidean_cluster_detect
[48.812s] [36mInstall the project...[0m
[48.823s] -- Install configuration: "Release"
[48.823s] -- Installing: /home/agilex/autoware.ai/install/lidar_euclidean_cluster_detect/lib/pkgconfig/lidar_euclidean_cluster_detect.pc
[48.823s] -- Installing: /home/agilex/autoware.ai/install/lidar_euclidean_cluster_detect/share/lidar_euclidean_cluster_detect/cmake/lidar_euclidean_cluster_detectConfig.cmake
[48.823s] -- Installing: /home/agilex/autoware.ai/install/lidar_euclidean_cluster_detect/share/lidar_euclidean_cluster_detect/cmake/lidar_euclidean_cluster_detectConfig-version.cmake
[48.823s] -- Installing: /home/agilex/autoware.ai/install/lidar_euclidean_cluster_detect/share/lidar_euclidean_cluster_detect/package.xml
[48.823s] -- Installing: /home/agilex/autoware.ai/install/lidar_euclidean_cluster_detect/include/lidar_euclidean_cluster_detect
[48.824s] -- Installing: /home/agilex/autoware.ai/install/lidar_euclidean_cluster_detect/include/lidar_euclidean_cluster_detect/gencolors.cpp
[48.824s] -- Installing: /home/agilex/autoware.ai/install/lidar_euclidean_cluster_detect/include/lidar_euclidean_cluster_detect/cluster.h
[48.824s] -- Installing: /home/agilex/autoware.ai/install/lidar_euclidean_cluster_detect/include/lidar_euclidean_cluster_detect/gpu_euclidean_clustering.h
[48.824s] -- Installing: /home/agilex/autoware.ai/install/lidar_euclidean_cluster_detect/lib/lidar_euclidean_cluster_detect/lidar_euclidean_cluster_detect
[48.825s] -- Set runtime path of "/home/agilex/autoware.ai/install/lidar_euclidean_cluster_detect/lib/lidar_euclidean_cluster_detect/lidar_euclidean_cluster_detect" to ""
[48.825s] -- Installing: /home/agilex/autoware.ai/install/lidar_euclidean_cluster_detect/share/lidar_euclidean_cluster_detect/launch
[48.825s] -- Installing: /home/agilex/autoware.ai/install/lidar_euclidean_cluster_detect/share/lidar_euclidean_cluster_detect/launch/lidar_euclidean_cluster_detect.launch
[48.826s] -- Installing: /home/agilex/autoware.ai/install/lidar_euclidean_cluster_detect/share/lidar_euclidean_cluster_detect/launch/euclidean_clustering_Exp.launch
[48.829s] Invoked command in '/home/agilex/autoware.ai/build/lidar_euclidean_cluster_detect' returned '0': CMAKE_PREFIX_PATH=/home/agilex/autoware.ai/install/vector_map_server:/home/agilex/autoware.ai/install/vector_map:/home/agilex/autoware.ai/install/vector_map_msgs:/home/agilex/autoware.ai/install/autoware_msgs:/home/agilex/autoware.ai/install/autoware_build_flags:${CMAKE_PREFIX_PATH} LD_LIBRARY_PATH=/home/agilex/autoware.ai/install/vector_map/lib:${LD_LIBRARY_PATH} PKG_CONFIG_PATH=/home/agilex/autoware.ai/install/vector_map_server/lib/x86_64-linux-gnu/pkgconfig:/home/agilex/autoware.ai/install/vector_map_server/lib/pkgconfig:/home/agilex/autoware.ai/install/vector_map/lib/x86_64-linux-gnu/pkgconfig:/home/agilex/autoware.ai/install/vector_map/lib/pkgconfig:/home/agilex/autoware.ai/install/vector_map_msgs/lib/x86_64-linux-gnu/pkgconfig:/home/agilex/autoware.ai/install/vector_map_msgs/lib/pkgconfig:/home/agilex/autoware.ai/install/autoware_msgs/lib/x86_64-linux-gnu/pkgconfig:/home/agilex/autoware.ai/install/autoware_msgs/lib/pkgconfig:/home/agilex/autoware.ai/install/autoware_build_flags/lib/x86_64-linux-gnu/pkgconfig:/home/agilex/autoware.ai/install/autoware_build_flags/lib/pkgconfig:${PKG_CONFIG_PATH} PYTHONPATH=/home/agilex/autoware.ai/install/vector_map_server/lib/python2.7/dist-packages:/home/agilex/autoware.ai/install/vector_map_msgs/lib/python2.7/dist-packages:/home/agilex/autoware.ai/install/autoware_msgs/lib/python2.7/dist-packages:${PYTHONPATH} ROS_PACKAGE_PATH=/home/agilex/autoware.ai/install/vector_map_server/share:/home/agilex/autoware.ai/install/vector_map/share:/home/agilex/autoware.ai/install/vector_map_msgs/share:/home/agilex/autoware.ai/install/autoware_msgs/share:/home/agilex/autoware.ai/install/autoware_build_flags/share:${ROS_PACKAGE_PATH} /usr/bin/cmake --build /home/agilex/autoware.ai/build/lidar_euclidean_cluster_detect --target install -- -j8 -l8
