Determining if the pthread_create exist failed with the following output:
Change Dir: /home/agilex/autoware.ai/build/xsens_driver/CMakeFiles/CMakeTmp

Run Build Command:"/usr/bin/make" "cmTC_36355/fast"
/usr/bin/make -f CMakeFiles/cmTC_36355.dir/build.make CMakeFiles/cmTC_36355.dir/build
make[1]: Entering directory '/home/agilex/autoware.ai/build/xsens_driver/CMakeFiles/CMakeTmp'
Building C object CMakeFiles/cmTC_36355.dir/CheckSymbolExists.c.o
/usr/bin/cc    -o CMakeFiles/cmTC_36355.dir/CheckSymbolExists.c.o   -c /home/agilex/autoware.ai/build/xsens_driver/CMakeFiles/CMakeTmp/CheckSymbolExists.c
Linking C executable cmTC_36355
/usr/bin/cmake -E cmake_link_script CMakeFiles/cmTC_36355.dir/link.txt --verbose=1
/usr/bin/cc      -rdynamic CMakeFiles/cmTC_36355.dir/CheckSymbolExists.c.o  -o cmTC_36355 
CMakeFiles/cmTC_36355.dir/CheckSymbolExists.c.o: In function `main':
CheckSymbolExists.c:(.text+0x1b): undefined reference to `pthread_create'
collect2: error: ld returned 1 exit status
CMakeFiles/cmTC_36355.dir/build.make:97: recipe for target 'cmTC_36355' failed
make[1]: *** [cmTC_36355] Error 1
make[1]: Leaving directory '/home/agilex/autoware.ai/build/xsens_driver/CMakeFiles/CMakeTmp'
Makefile:126: recipe for target 'cmTC_36355/fast' failed
make: *** [cmTC_36355/fast] Error 2

File /home/agilex/autoware.ai/build/xsens_driver/CMakeFiles/CMakeTmp/CheckSymbolExists.c:
/* */
#include <pthread.h>

int main(int argc, char** argv)
{
  (void)argv;
#ifndef pthread_create
  return ((int*)(&pthread_create))[argc];
#else
  (void)argc;
  return 0;
#endif
}

Determining if the function pthread_create exists in the pthreads failed with the following output:
Change Dir: /home/agilex/autoware.ai/build/xsens_driver/CMakeFiles/CMakeTmp

Run Build Command:"/usr/bin/make" "cmTC_6537e/fast"
/usr/bin/make -f CMakeFiles/cmTC_6537e.dir/build.make CMakeFiles/cmTC_6537e.dir/build
make[1]: Entering directory '/home/agilex/autoware.ai/build/xsens_driver/CMakeFiles/CMakeTmp'
Building C object CMakeFiles/cmTC_6537e.dir/CheckFunctionExists.c.o
/usr/bin/cc   -DCHECK_FUNCTION_EXISTS=pthread_create   -o CMakeFiles/cmTC_6537e.dir/CheckFunctionExists.c.o   -c /usr/share/cmake-3.10/Modules/CheckFunctionExists.c
Linking C executable cmTC_6537e
/usr/bin/cmake -E cmake_link_script CMakeFiles/cmTC_6537e.dir/link.txt --verbose=1
/usr/bin/cc  -DCHECK_FUNCTION_EXISTS=pthread_create    -rdynamic CMakeFiles/cmTC_6537e.dir/CheckFunctionExists.c.o  -o cmTC_6537e -lpthreads 
/usr/bin/ld: cannot find -lpthreads
collect2: error: ld returned 1 exit status
CMakeFiles/cmTC_6537e.dir/build.make:97: recipe for target 'cmTC_6537e' failed
make[1]: *** [cmTC_6537e] Error 1
make[1]: Leaving directory '/home/agilex/autoware.ai/build/xsens_driver/CMakeFiles/CMakeTmp'
Makefile:126: recipe for target 'cmTC_6537e/fast' failed
make: *** [cmTC_6537e/fast] Error 2


