Determining if the pthread_create exist failed with the following output:
Change Dir: /home/agilex/autoware.ai/build/lidar_naive_l_shape_detect/CMakeFiles/CMakeTmp

Run Build Command:"/usr/bin/make" "cmTC_655cc/fast"
/usr/bin/make -f CMakeFiles/cmTC_655cc.dir/build.make CMakeFiles/cmTC_655cc.dir/build
make[1]: Entering directory '/home/agilex/autoware.ai/build/lidar_naive_l_shape_detect/CMakeFiles/CMakeTmp'
Building C object CMakeFiles/cmTC_655cc.dir/CheckSymbolExists.c.o
/usr/bin/cc    -o CMakeFiles/cmTC_655cc.dir/CheckSymbolExists.c.o   -c /home/agilex/autoware.ai/build/lidar_naive_l_shape_detect/CMakeFiles/CMakeTmp/CheckSymbolExists.c
Linking C executable cmTC_655cc
/usr/bin/cmake -E cmake_link_script CMakeFiles/cmTC_655cc.dir/link.txt --verbose=1
/usr/bin/cc      -rdynamic CMakeFiles/cmTC_655cc.dir/CheckSymbolExists.c.o  -o cmTC_655cc 
CMakeFiles/cmTC_655cc.dir/CheckSymbolExists.c.o: In function `main':
CheckSymbolExists.c:(.text+0x1b): undefined reference to `pthread_create'
collect2: error: ld returned 1 exit status
CMakeFiles/cmTC_655cc.dir/build.make:97: recipe for target 'cmTC_655cc' failed
make[1]: *** [cmTC_655cc] Error 1
make[1]: Leaving directory '/home/agilex/autoware.ai/build/lidar_naive_l_shape_detect/CMakeFiles/CMakeTmp'
Makefile:126: recipe for target 'cmTC_655cc/fast' failed
make: *** [cmTC_655cc/fast] Error 2

File /home/agilex/autoware.ai/build/lidar_naive_l_shape_detect/CMakeFiles/CMakeTmp/CheckSymbolExists.c:
/* */
#include <pthread.h>

int main(int argc, char** argv)
{
  (void)argv;
#ifndef pthread_create
  return ((int*)(&pthread_create))[argc];
#else
  (void)argc;
  return 0;
#endif
}

Determining if the function pthread_create exists in the pthreads failed with the following output:
Change Dir: /home/agilex/autoware.ai/build/lidar_naive_l_shape_detect/CMakeFiles/CMakeTmp

Run Build Command:"/usr/bin/make" "cmTC_d20dd/fast"
/usr/bin/make -f CMakeFiles/cmTC_d20dd.dir/build.make CMakeFiles/cmTC_d20dd.dir/build
make[1]: Entering directory '/home/agilex/autoware.ai/build/lidar_naive_l_shape_detect/CMakeFiles/CMakeTmp'
Building C object CMakeFiles/cmTC_d20dd.dir/CheckFunctionExists.c.o
/usr/bin/cc   -DCHECK_FUNCTION_EXISTS=pthread_create   -o CMakeFiles/cmTC_d20dd.dir/CheckFunctionExists.c.o   -c /usr/share/cmake-3.10/Modules/CheckFunctionExists.c
Linking C executable cmTC_d20dd
/usr/bin/cmake -E cmake_link_script CMakeFiles/cmTC_d20dd.dir/link.txt --verbose=1
/usr/bin/cc  -DCHECK_FUNCTION_EXISTS=pthread_create    -rdynamic CMakeFiles/cmTC_d20dd.dir/CheckFunctionExists.c.o  -o cmTC_d20dd -lpthreads 
/usr/bin/ld: cannot find -lpthreads
collect2: error: ld returned 1 exit status
CMakeFiles/cmTC_d20dd.dir/build.make:97: recipe for target 'cmTC_d20dd' failed
make[1]: *** [cmTC_d20dd] Error 1
make[1]: Leaving directory '/home/agilex/autoware.ai/build/lidar_naive_l_shape_detect/CMakeFiles/CMakeTmp'
Makefile:126: recipe for target 'cmTC_d20dd/fast' failed
make: *** [cmTC_d20dd/fast] Error 2


