[0.020s] Invoking command in '/home/agilex/autoware.ai/build/pixel_cloud_fusion': CMAKE_PREFIX_PATH=/home/agilex/autoware.ai/install/autoware_build_flags:${CMAKE_PREFIX_PATH} PKG_CONFIG_PATH=/home/agilex/autoware.ai/install/autoware_build_flags/lib/x86_64-linux-gnu/pkgconfig:/home/agilex/autoware.ai/install/autoware_build_flags/lib/pkgconfig:${PKG_CONFIG_PATH} ROS_PACKAGE_PATH=/home/agilex/autoware.ai/install/autoware_build_flags/share:${ROS_PACKAGE_PATH} /usr/bin/cmake --build /home/agilex/autoware.ai/build/pixel_cloud_fusion -- -j8 -l8
[0.108s] [  0%] Built target tf2_msgs_generate_messages_eus
[0.112s] [  0%] Built target actionlib_msgs_generate_messages_py
[0.118s] [  0%] Built target tf2_msgs_generate_messages_cpp
[0.119s] [  0%] Built target pcl_msgs_generate_messages_eus
[0.121s] [  0%] Built target tf2_msgs_generate_messages_nodejs
[0.139s] [  0%] Built target rosgraph_msgs_generate_messages_cpp
[0.145s] [  0%] Built target topic_tools_generate_messages_cpp
[0.151s] [  0%] Built target geometry_msgs_generate_messages_eus
[0.153s] [  0%] Built target std_msgs_generate_messages_nodejs
[0.158s] [  0%] Built target bond_generate_messages_lisp
[0.172s] [  0%] Built target std_msgs_generate_messages_py
[0.173s] [  0%] Built target rosgraph_msgs_generate_messages_nodejs
[0.173s] [  0%] Built target rosgraph_msgs_generate_messages_eus
[0.173s] [  0%] Built target rosgraph_msgs_generate_messages_lisp
[0.177s] [  0%] Built target std_msgs_generate_messages_eus
[0.178s] [  0%] Built target topic_tools_generate_messages_eus
[0.194s] [  0%] Built target pcl_msgs_generate_messages_nodejs
[0.209s] [  0%] Built target sensor_msgs_generate_messages_lisp
[0.209s] [  0%] Built target pcl_msgs_generate_messages_cpp
[0.212s] [  0%] Built target nodelet_generate_messages_nodejs
[0.217s] [  0%] Built target bond_generate_messages_eus
[0.217s] [  0%] Built target std_srvs_generate_messages_eus
[0.217s] [  0%] Built target dynamic_reconfigure_generate_messages_lisp
[0.224s] [  0%] Built target std_msgs_generate_messages_cpp
[0.230s] [  0%] Built target roscpp_generate_messages_lisp
[0.234s] [  0%] Built target sensor_msgs_generate_messages_nodejs
[0.239s] [  0%] Built target roscpp_generate_messages_cpp
[0.248s] [  0%] Built target actionlib_generate_messages_cpp
[0.252s] [  0%] Built target geometry_msgs_generate_messages_nodejs
[0.253s] [  0%] Built target roscpp_generate_messages_py
[0.256s] [  0%] Built target tf_generate_messages_py
[0.260s] [  0%] Built target nodelet_generate_messages_py
[0.260s] [  0%] Built target sensor_msgs_generate_messages_py
[0.260s] [  0%] Built target dynamic_reconfigure_generate_messages_cpp
[0.272s] [  0%] Built target geometry_msgs_generate_messages_lisp
[0.281s] [  0%] Built target sensor_msgs_generate_messages_eus
[0.282s] [  0%] Built target tf2_msgs_generate_messages_py
[0.282s] [  0%] Built target topic_tools_generate_messages_nodejs
[0.286s] [  0%] Built target sensor_msgs_generate_messages_cpp
[0.288s] [  0%] Built target roscpp_generate_messages_nodejs
[0.291s] [  0%] Built target std_msgs_generate_messages_lisp
[0.297s] [  0%] Built target pcl_ros_gencfg
[0.304s] [  0%] Built target actionlib_generate_messages_py
[0.308s] [  0%] Built target dynamic_reconfigure_generate_messages_py
[0.309s] [  0%] Built target dynamic_reconfigure_generate_messages_nodejs
[0.310s] [  0%] Built target dynamic_reconfigure_gencfg
[0.314s] [  0%] Built target geometry_msgs_generate_messages_py
[0.315s] [  0%] Built target tf2_msgs_generate_messages_lisp
[0.328s] [  0%] Built target dynamic_reconfigure_generate_messages_eus
[0.330s] [  0%] Built target nodelet_generate_messages_cpp
[0.331s] [  0%] Built target bond_generate_messages_py
[0.332s] [  0%] Built target std_srvs_generate_messages_nodejs
[0.335s] [  0%] Built target geometry_msgs_generate_messages_cpp
[0.339s] [  0%] Built target actionlib_generate_messages_lisp
[0.346s] [  0%] Built target nodelet_generate_messages_eus
[0.348s] [  0%] Built target roscpp_generate_messages_eus
[0.360s] [  0%] Built target rosgraph_msgs_generate_messages_py
[0.361s] [  0%] Built target bond_generate_messages_cpp
[0.370s] [  0%] Built target topic_tools_generate_messages_py
[0.370s] [  0%] Built target actionlib_msgs_generate_messages_eus
[0.371s] [  0%] Built target actionlib_msgs_generate_messages_nodejs
[0.374s] [  0%] Built target nodelet_generate_messages_lisp
[0.375s] [  0%] Built target bond_generate_messages_nodejs
[0.381s] [  0%] Built target nodelet_topic_tools_gencfg
[0.389s] [  0%] Built target topic_tools_generate_messages_lisp
[0.391s] [  0%] Built target tf_generate_messages_eus
[0.391s] [  0%] Built target std_srvs_generate_messages_cpp
[0.398s] [  0%] Built target tf_generate_messages_lisp
[0.404s] [  0%] Built target std_srvs_generate_messages_lisp
[0.406s] [  0%] Built target std_srvs_generate_messages_py
[0.411s] [  0%] Built target tf_generate_messages_nodejs
[0.418s] [  0%] Built target actionlib_msgs_generate_messages_cpp
[0.440s] [  0%] Built target pcl_msgs_generate_messages_lisp
[0.443s] [  0%] Built target tf_generate_messages_cpp
[0.455s] [  0%] Built target pcl_msgs_generate_messages_py
[0.456s] [  0%] Built target actionlib_msgs_generate_messages_lisp
[0.460s] [  0%] Built target actionlib_generate_messages_eus
[0.463s] [  0%] Built target actionlib_generate_messages_nodejs
[0.519s] [ 50%] Built target pixel_cloud_fusion_lib
[0.590s] [100%] Built target pixel_cloud_fusion
[0.619s] Invoked command in '/home/agilex/autoware.ai/build/pixel_cloud_fusion' returned '0': CMAKE_PREFIX_PATH=/home/agilex/autoware.ai/install/autoware_build_flags:${CMAKE_PREFIX_PATH} PKG_CONFIG_PATH=/home/agilex/autoware.ai/install/autoware_build_flags/lib/x86_64-linux-gnu/pkgconfig:/home/agilex/autoware.ai/install/autoware_build_flags/lib/pkgconfig:${PKG_CONFIG_PATH} ROS_PACKAGE_PATH=/home/agilex/autoware.ai/install/autoware_build_flags/share:${ROS_PACKAGE_PATH} /usr/bin/cmake --build /home/agilex/autoware.ai/build/pixel_cloud_fusion -- -j8 -l8
[1.194s] Invoking command in '/home/agilex/autoware.ai/build/pixel_cloud_fusion': CMAKE_PREFIX_PATH=/home/agilex/autoware.ai/install/autoware_build_flags:${CMAKE_PREFIX_PATH} PKG_CONFIG_PATH=/home/agilex/autoware.ai/install/autoware_build_flags/lib/x86_64-linux-gnu/pkgconfig:/home/agilex/autoware.ai/install/autoware_build_flags/lib/pkgconfig:${PKG_CONFIG_PATH} ROS_PACKAGE_PATH=/home/agilex/autoware.ai/install/autoware_build_flags/share:${ROS_PACKAGE_PATH} /usr/bin/cmake --build /home/agilex/autoware.ai/build/pixel_cloud_fusion --target tests -- -j8 -l8
[1.392s] Built target tests
[1.419s] Invoked command in '/home/agilex/autoware.ai/build/pixel_cloud_fusion' returned '0': CMAKE_PREFIX_PATH=/home/agilex/autoware.ai/install/autoware_build_flags:${CMAKE_PREFIX_PATH} PKG_CONFIG_PATH=/home/agilex/autoware.ai/install/autoware_build_flags/lib/x86_64-linux-gnu/pkgconfig:/home/agilex/autoware.ai/install/autoware_build_flags/lib/pkgconfig:${PKG_CONFIG_PATH} ROS_PACKAGE_PATH=/home/agilex/autoware.ai/install/autoware_build_flags/share:${ROS_PACKAGE_PATH} /usr/bin/cmake --build /home/agilex/autoware.ai/build/pixel_cloud_fusion --target tests -- -j8 -l8
[1.965s] Invoking command in '/home/agilex/autoware.ai/build/pixel_cloud_fusion': CMAKE_PREFIX_PATH=/home/agilex/autoware.ai/install/autoware_build_flags:${CMAKE_PREFIX_PATH} PKG_CONFIG_PATH=/home/agilex/autoware.ai/install/autoware_build_flags/lib/x86_64-linux-gnu/pkgconfig:/home/agilex/autoware.ai/install/autoware_build_flags/lib/pkgconfig:${PKG_CONFIG_PATH} ROS_PACKAGE_PATH=/home/agilex/autoware.ai/install/autoware_build_flags/share:${ROS_PACKAGE_PATH} /usr/bin/cmake --build /home/agilex/autoware.ai/build/pixel_cloud_fusion --target install -- -j8 -l8
[2.036s] [  0%] Built target tf2_msgs_generate_messages_nodejs
[2.036s] [  0%] Built target tf2_msgs_generate_messages_cpp
[2.055s] [  0%] Built target tf2_msgs_generate_messages_eus
[2.057s] [  0%] Built target actionlib_msgs_generate_messages_py
[2.058s] [  0%] Built target pcl_msgs_generate_messages_eus
[2.065s] [  0%] Built target topic_tools_generate_messages_cpp
[2.070s] [  0%] Built target rosgraph_msgs_generate_messages_cpp
[2.086s] [  0%] Built target std_msgs_generate_messages_nodejs
[2.089s] [  0%] Built target std_msgs_generate_messages_py
[2.092s] [  0%] Built target geometry_msgs_generate_messages_eus
[2.101s] [  0%] Built target bond_generate_messages_lisp
[2.116s] [  0%] Built target topic_tools_generate_messages_eus
[2.117s] [  0%] Built target rosgraph_msgs_generate_messages_nodejs
[2.122s] [  0%] Built target std_msgs_generate_messages_eus
[2.129s] [  0%] Built target pcl_msgs_generate_messages_nodejs
[2.157s] [  0%] Built target std_srvs_generate_messages_eus
[2.163s] [  0%] Built target rosgraph_msgs_generate_messages_lisp
[2.168s] [  0%] Built target nodelet_generate_messages_nodejs
[2.169s] [  0%] Built target dynamic_reconfigure_generate_messages_lisp
[2.171s] [  0%] Built target pcl_msgs_generate_messages_cpp
[2.184s] [  0%] Built target sensor_msgs_generate_messages_lisp
[2.196s] [  0%] Built target rosgraph_msgs_generate_messages_eus
[2.213s] [  0%] Built target std_msgs_generate_messages_cpp
[2.213s] [  0%] Built target roscpp_generate_messages_lisp
[2.213s] [  0%] Built target roscpp_generate_messages_py
[2.217s] [  0%] Built target roscpp_generate_messages_cpp
[2.242s] [  0%] Built target sensor_msgs_generate_messages_nodejs
[2.248s] [  0%] Built target actionlib_generate_messages_cpp
[2.261s] [  0%] Built target bond_generate_messages_eus
[2.263s] [  0%] Built target dynamic_reconfigure_generate_messages_cpp
[2.269s] [  0%] Built target geometry_msgs_generate_messages_nodejs
[2.270s] [  0%] Built target nodelet_generate_messages_py
[2.293s] [  0%] Built target geometry_msgs_generate_messages_lisp
[2.296s] [  0%] Built target tf_generate_messages_py
[2.306s] [  0%] Built target sensor_msgs_generate_messages_cpp
[2.317s] [  0%] Built target roscpp_generate_messages_nodejs
[2.323s] [  0%] Built target sensor_msgs_generate_messages_py
[2.335s] [  0%] Built target topic_tools_generate_messages_nodejs
[2.337s] [  0%] Built target sensor_msgs_generate_messages_eus
[2.347s] [  0%] Built target tf2_msgs_generate_messages_py
[2.352s] [  0%] Built target pcl_ros_gencfg
[2.355s] [  0%] Built target std_msgs_generate_messages_lisp
[2.374s] [  0%] Built target dynamic_reconfigure_generate_messages_py
[2.378s] [  0%] Built target geometry_msgs_generate_messages_py
[2.382s] [  0%] Built target actionlib_generate_messages_py
[2.389s] [  0%] Built target dynamic_reconfigure_generate_messages_nodejs
[2.391s] [  0%] Built target dynamic_reconfigure_generate_messages_eus
[2.409s] [  0%] Built target tf2_msgs_generate_messages_lisp
[2.421s] [  0%] Built target dynamic_reconfigure_gencfg
[2.422s] [  0%] Built target bond_generate_messages_py
[2.434s] [  0%] Built target std_srvs_generate_messages_nodejs
[2.435s] [  0%] Built target nodelet_generate_messages_cpp
[2.442s] [  0%] Built target roscpp_generate_messages_eus
[2.443s] [  0%] Built target actionlib_generate_messages_lisp
[2.450s] [  0%] Built target geometry_msgs_generate_messages_cpp
[2.453s] [  0%] Built target nodelet_generate_messages_lisp
[2.459s] [  0%] Built target actionlib_msgs_generate_messages_eus
[2.460s] [  0%] Built target rosgraph_msgs_generate_messages_py
[2.465s] [  0%] Built target bond_generate_messages_cpp
[2.472s] [  0%] Built target bond_generate_messages_nodejs
[2.482s] [  0%] Built target std_srvs_generate_messages_lisp
[2.487s] [  0%] Built target topic_tools_generate_messages_lisp
[2.487s] [  0%] Built target actionlib_msgs_generate_messages_nodejs
[2.488s] [  0%] Built target topic_tools_generate_messages_py
[2.488s] [  0%] Built target nodelet_generate_messages_eus
[2.497s] [  0%] Built target std_srvs_generate_messages_cpp
[2.503s] [  0%] Built target nodelet_topic_tools_gencfg
[2.506s] [  0%] Built target tf_generate_messages_eus
[2.506s] [  0%] Built target std_srvs_generate_messages_py
[2.507s] [  0%] Built target tf_generate_messages_nodejs
[2.510s] [  0%] Built target actionlib_msgs_generate_messages_cpp
[2.519s] [  0%] Built target tf_generate_messages_lisp
[2.522s] [  0%] Built target actionlib_generate_messages_eus
[2.524s] [  0%] Built target pcl_msgs_generate_messages_py
[2.529s] [  0%] Built target actionlib_generate_messages_nodejs
[2.530s] [  0%] Built target pcl_msgs_generate_messages_lisp
[2.533s] [  0%] Built target tf_generate_messages_cpp
[2.537s] [  0%] Built target actionlib_msgs_generate_messages_lisp
[2.573s] [ 50%] Built target pixel_cloud_fusion_lib
[2.620s] [100%] Built target pixel_cloud_fusion
[2.641s] [36mInstall the project...[0m
[2.649s] -- Install configuration: "Release"
[2.650s] -- Up-to-date: /home/agilex/autoware.ai/install/pixel_cloud_fusion/lib/pkgconfig/pixel_cloud_fusion.pc
[2.650s] -- Up-to-date: /home/agilex/autoware.ai/install/pixel_cloud_fusion/share/pixel_cloud_fusion/cmake/pixel_cloud_fusionConfig.cmake
[2.650s] -- Up-to-date: /home/agilex/autoware.ai/install/pixel_cloud_fusion/share/pixel_cloud_fusion/cmake/pixel_cloud_fusionConfig-version.cmake
[2.650s] -- Up-to-date: /home/agilex/autoware.ai/install/pixel_cloud_fusion/share/pixel_cloud_fusion/package.xml
[2.650s] -- Up-to-date: /home/agilex/autoware.ai/install/pixel_cloud_fusion/lib/pixel_cloud_fusion/pixel_cloud_fusion
[2.652s] -- Up-to-date: /home/agilex/autoware.ai/install/pixel_cloud_fusion/lib/libpixel_cloud_fusion_lib.so
[2.652s] -- Up-to-date: /home/agilex/autoware.ai/install/pixel_cloud_fusion/include/pixel_cloud_fusion
[2.652s] -- Up-to-date: /home/agilex/autoware.ai/install/pixel_cloud_fusion/include/pixel_cloud_fusion/pixel_cloud_fusion.h
[2.652s] -- Up-to-date: /home/agilex/autoware.ai/install/pixel_cloud_fusion/share/pixel_cloud_fusion/launch
[2.652s] -- Up-to-date: /home/agilex/autoware.ai/install/pixel_cloud_fusion/share/pixel_cloud_fusion/launch/pixel_cloud_fusion.launch
[2.656s] Invoked command in '/home/agilex/autoware.ai/build/pixel_cloud_fusion' returned '0': CMAKE_PREFIX_PATH=/home/agilex/autoware.ai/install/autoware_build_flags:${CMAKE_PREFIX_PATH} PKG_CONFIG_PATH=/home/agilex/autoware.ai/install/autoware_build_flags/lib/x86_64-linux-gnu/pkgconfig:/home/agilex/autoware.ai/install/autoware_build_flags/lib/pkgconfig:${PKG_CONFIG_PATH} ROS_PACKAGE_PATH=/home/agilex/autoware.ai/install/autoware_build_flags/share:${ROS_PACKAGE_PATH} /usr/bin/cmake --build /home/agilex/autoware.ai/build/pixel_cloud_fusion --target install -- -j8 -l8
