[0.043s] Invoking command in '/home/agilex/autoware.ai/build/points_preprocessor': CMAKE_PREFIX_PATH=/home/agilex/autoware.ai/install/autoware_health_checker:/home/agilex/autoware.ai/install/autoware_system_msgs:/home/agilex/autoware.ai/install/autoware_config_msgs:/home/agilex/autoware.ai/install/autoware_build_flags:${CMAKE_PREFIX_PATH} LD_LIBRARY_PATH=/home/agilex/autoware.ai/install/autoware_health_checker/lib:${LD_LIBRARY_PATH} PKG_CONFIG_PATH=/home/agilex/autoware.ai/install/autoware_health_checker/lib/x86_64-linux-gnu/pkgconfig:/home/agilex/autoware.ai/install/autoware_health_checker/lib/pkgconfig:/home/agilex/autoware.ai/install/autoware_system_msgs/lib/x86_64-linux-gnu/pkgconfig:/home/agilex/autoware.ai/install/autoware_system_msgs/lib/pkgconfig:/home/agilex/autoware.ai/install/autoware_config_msgs/lib/x86_64-linux-gnu/pkgconfig:/home/agilex/autoware.ai/install/autoware_config_msgs/lib/pkgconfig:/home/agilex/autoware.ai/install/autoware_build_flags/lib/x86_64-linux-gnu/pkgconfig:/home/agilex/autoware.ai/install/autoware_build_flags/lib/pkgconfig:${PKG_CONFIG_PATH} PYTHONPATH=/home/agilex/autoware.ai/install/autoware_system_msgs/lib/python2.7/dist-packages:/home/agilex/autoware.ai/install/autoware_config_msgs/lib/python2.7/dist-packages:${PYTHONPATH} ROS_PACKAGE_PATH=/home/agilex/autoware.ai/install/autoware_health_checker/share:/home/agilex/autoware.ai/install/autoware_system_msgs/share:/home/agilex/autoware.ai/install/autoware_config_msgs/share:/home/agilex/autoware.ai/install/autoware_build_flags/share:${ROS_PACKAGE_PATH} /usr/bin/cmake /home/agilex/autoware.ai/src/autoware/core_perception/points_preprocessor -DCMAKE_BUILD_TYPE=Release -DCATKIN_INSTALL_INTO_PREFIX_ROOT=0 -DCMAKE_INSTALL_PREFIX=/home/agilex/autoware.ai/install/points_preprocessor
[0.115s] -- The C compiler identification is GNU 7.5.0
[0.170s] -- The CXX compiler identification is GNU 7.5.0
[0.175s] -- Check for working C compiler: /usr/bin/cc
[0.236s] -- Check for working C compiler: /usr/bin/cc -- works
[0.236s] -- Detecting C compiler ABI info
[0.291s] -- Detecting C compiler ABI info - done
[0.297s] -- Detecting C compile features
[0.484s] -- Detecting C compile features - done
[0.484s] -- Check for working CXX compiler: /usr/bin/c++
[0.560s] -- Check for working CXX compiler: /usr/bin/c++ -- works
[0.561s] -- Detecting CXX compiler ABI info
[0.630s] -- Detecting CXX compiler ABI info - done
[0.638s] -- Detecting CXX compile features
[0.943s] -- Detecting CXX compile features - done
[0.945s] -- CUDA compilation status: .
[0.972s] -- Using CATKIN_DEVEL_PREFIX: /home/agilex/autoware.ai/build/points_preprocessor/devel
[0.972s] -- Using CMAKE_PREFIX_PATH: /home/agilex/autoware.ai/install/autoware_health_checker;/home/agilex/autoware.ai/install/autoware_system_msgs;/home/agilex/autoware.ai/install/autoware_config_msgs;/home/agilex/autoware.ai/install/autoware_build_flags;/opt/ros/melodic
[0.972s] -- This workspace overlays: /home/agilex/autoware.ai/install/autoware_health_checker;/home/agilex/autoware.ai/install/autoware_system_msgs;/home/agilex/autoware.ai/install/autoware_config_msgs;/home/agilex/autoware.ai/install/autoware_build_flags;/opt/ros/melodic
[0.992s] -- Found PythonInterp: /usr/bin/python2 (found suitable version "2.7.17", minimum required is "2") 
[0.992s] -- Using PYTHON_EXECUTABLE: /usr/bin/python2
[0.993s] -- Using Debian Python package layout
[0.993s] -- Using empy: /usr/bin/empy
[1.154s] -- Using CATKIN_ENABLE_TESTING: ON
[1.154s] -- Call enable_testing()
[1.156s] -- Using CATKIN_TEST_RESULTS_DIR: /home/agilex/autoware.ai/build/points_preprocessor/test_results
[1.175s] -- Found gtest sources under '/usr/src/googletest': gtests will be built
[1.176s] -- Found gmock sources under '/usr/src/googletest': gmock will be built
[1.189s] -- Found PythonInterp: /usr/bin/python2 (found version "2.7.17") 
[1.190s] -- Looking for pthread.h
[1.251s] -- Looking for pthread.h - found
[1.252s] -- Looking for pthread_create
[1.310s] -- Looking for pthread_create - not found
[1.311s] -- Looking for pthread_create in pthreads
[1.370s] -- Looking for pthread_create in pthreads - not found
[1.371s] -- Looking for pthread_create in pthread
[1.429s] -- Looking for pthread_create in pthread - found
[1.430s] -- Found Threads: TRUE  
[1.435s] -- Using Python nosetests: /usr/bin/nosetests-2.7
[1.483s] -- catkin 0.7.29
[1.483s] -- BUILD_SHARED_LIBS is on
[2.154s] -- Using these message generators: gencpp;geneus;genlisp;gennodejs;genpy
[3.002s] -- Found OpenCV: /usr (found version "3.2.0") 
[3.009s] -- Checking for module 'eigen3'
[3.034s] --   Found eigen3, version 3.3.4
[3.124s] -- Found eigen: /usr/include/eigen3  
[3.220s] -- Boost version: 1.65.1
[3.220s] -- Found the following Boost libraries:
[3.220s] --   system
[3.220s] --   filesystem
[3.220s] --   thread
[3.220s] --   date_time
[3.220s] --   iostreams
[3.220s] --   serialization
[3.220s] --   chrono
[3.220s] --   atomic
[3.221s] --   regex
[3.222s] -- Checking for module 'libopenni'
[3.252s] --   Found libopenni, version 1.5.4.0
[3.323s] -- Found openni: /usr/lib/libOpenNI.so  
[3.324s] -- Checking for module 'libopenni2'
[3.341s] --   Found libopenni2, version 2.2.0.3
[3.387s] -- Found OpenNI2: /usr/lib/libOpenNI2.so  
[3.392s] -- Could NOT find ensenso (missing: ENSENSO_LIBRARY ENSENSO_INCLUDE_DIR) 
[3.393s] ** WARNING ** io features related to ensenso will be disabled
[3.396s] -- Could NOT find DAVIDSDK (missing: DAVIDSDK_LIBRARY DAVIDSDK_INCLUDE_DIR) 
[3.396s] ** WARNING ** io features related to davidSDK will be disabled
[3.397s] -- Could NOT find DSSDK (missing: _DSSDK_LIBRARIES) 
[3.398s] ** WARNING ** io features related to dssdk will be disabled
[3.398s] ** WARNING ** io features related to pcap will be disabled
[3.398s] ** WARNING ** io features related to png will be disabled
[3.462s] -- The imported target "vtkRenderingPythonTkWidgets" references the file
[3.462s]    "/usr/lib/x86_64-linux-gnu/libvtkRenderingPythonTkWidgets.so"
[3.462s] but this file does not exist.  Possible reasons include:
[3.462s] * The file was deleted, renamed, or moved to another location.
[3.462s] * An install or uninstall procedure did not complete successfully.
[3.463s] * The installation package was faulty and contained
[3.463s]    "/usr/lib/cmake/vtk-6.3/VTKTargets.cmake"
[3.463s] but not all the files it references.
[3.463s] 
[3.463s] -- The imported target "vtk" references the file
[3.463s]    "/usr/bin/vtk"
[3.463s] but this file does not exist.  Possible reasons include:
[3.463s] * The file was deleted, renamed, or moved to another location.
[3.463s] * An install or uninstall procedure did not complete successfully.
[3.463s] * The installation package was faulty and contained
[3.463s]    "/usr/lib/cmake/vtk-6.3/VTKTargets.cmake"
[3.464s] but not all the files it references.
[3.464s] 
[3.524s] -- Found libusb-1.0: /usr/include  
[3.524s] ** WARNING ** io features related to libusb-1.0 will be disabled
[3.524s] -- Checking for module 'flann'
[3.539s] --   Found flann, version 1.9.1
[3.585s] -- Found Flann: /usr/lib/x86_64-linux-gnu/libflann_cpp_s.a  
[3.628s] -- Could NOT find ensenso (missing: ENSENSO_LIBRARY ENSENSO_INCLUDE_DIR) 
[3.629s] ** WARNING ** visualization features related to ensenso will be disabled
[3.632s] -- Could NOT find DAVIDSDK (missing: DAVIDSDK_LIBRARY DAVIDSDK_INCLUDE_DIR) 
[3.634s] ** WARNING ** visualization features related to davidSDK will be disabled
[3.636s] -- Could NOT find DSSDK (missing: _DSSDK_LIBRARIES) 
[3.636s] ** WARNING ** visualization features related to dssdk will be disabled
[3.637s] -- Could NOT find RSSDK (missing: _RSSDK_LIBRARIES) 
[3.637s] ** WARNING ** visualization features related to rssdk will be disabled
[3.673s] -- Found qhull: /usr/lib/x86_64-linux-gnu/libqhull.so  
[3.708s] -- looking for PCL_COMMON
[3.710s] -- Found PCL_COMMON: /usr/lib/x86_64-linux-gnu/libpcl_common.so  
[3.710s] -- looking for PCL_OCTREE
[3.712s] -- Found PCL_OCTREE: /usr/lib/x86_64-linux-gnu/libpcl_octree.so  
[3.713s] -- looking for PCL_IO
[3.714s] -- Found PCL_IO: /usr/lib/x86_64-linux-gnu/libpcl_io.so  
[3.715s] -- looking for PCL_KDTREE
[3.716s] -- Found PCL_KDTREE: /usr/lib/x86_64-linux-gnu/libpcl_kdtree.so  
[3.717s] -- looking for PCL_SEARCH
[3.719s] -- Found PCL_SEARCH: /usr/lib/x86_64-linux-gnu/libpcl_search.so  
[3.719s] -- looking for PCL_SAMPLE_CONSENSUS
[3.721s] -- Found PCL_SAMPLE_CONSENSUS: /usr/lib/x86_64-linux-gnu/libpcl_sample_consensus.so  
[3.722s] -- looking for PCL_FILTERS
[3.723s] -- Found PCL_FILTERS: /usr/lib/x86_64-linux-gnu/libpcl_filters.so  
[3.724s] -- looking for PCL_2D
[3.725s] -- Found PCL_2D: /usr/include/pcl-1.8  
[3.726s] -- looking for PCL_GEOMETRY
[3.726s] -- Found PCL_GEOMETRY: /usr/include/pcl-1.8  
[3.727s] -- looking for PCL_FEATURES
[3.729s] -- Found PCL_FEATURES: /usr/lib/x86_64-linux-gnu/libpcl_features.so  
[3.730s] -- looking for PCL_ML
[3.731s] -- Found PCL_ML: /usr/lib/x86_64-linux-gnu/libpcl_ml.so  
[3.732s] -- looking for PCL_SEGMENTATION
[3.733s] -- Found PCL_SEGMENTATION: /usr/lib/x86_64-linux-gnu/libpcl_segmentation.so  
[3.735s] -- looking for PCL_VISUALIZATION
[3.739s] -- Found PCL_VISUALIZATION: /usr/lib/x86_64-linux-gnu/libpcl_visualization.so  
[3.739s] -- looking for PCL_SURFACE
[3.741s] -- Found PCL_SURFACE: /usr/lib/x86_64-linux-gnu/libpcl_surface.so  
[3.742s] -- looking for PCL_REGISTRATION
[3.744s] -- Found PCL_REGISTRATION: /usr/lib/x86_64-linux-gnu/libpcl_registration.so  
[3.744s] -- looking for PCL_KEYPOINTS
[3.746s] -- Found PCL_KEYPOINTS: /usr/lib/x86_64-linux-gnu/libpcl_keypoints.so  
[3.747s] -- looking for PCL_TRACKING
[3.749s] -- Found PCL_TRACKING: /usr/lib/x86_64-linux-gnu/libpcl_tracking.so  
[3.750s] -- looking for PCL_RECOGNITION
[3.752s] -- Found PCL_RECOGNITION: /usr/lib/x86_64-linux-gnu/libpcl_recognition.so  
[3.753s] -- looking for PCL_STEREO
[3.755s] -- Found PCL_STEREO: /usr/lib/x86_64-linux-gnu/libpcl_stereo.so  
[3.755s] -- looking for PCL_APPS
[3.756s] -- Found PCL_APPS: /usr/lib/x86_64-linux-gnu/libpcl_apps.so  
[3.759s] -- looking for PCL_IN_HAND_SCANNER
[3.760s] -- Found PCL_IN_HAND_SCANNER: /usr/include/pcl-1.8  
[3.760s] -- looking for PCL_MODELER
[3.761s] -- Found PCL_MODELER: /usr/include/pcl-1.8  
[3.761s] -- looking for PCL_POINT_CLOUD_EDITOR
[3.761s] -- Found PCL_POINT_CLOUD_EDITOR: /usr/include/pcl-1.8  
[3.762s] -- looking for PCL_OUTOFCORE
[3.763s] -- Found PCL_OUTOFCORE: /usr/lib/x86_64-linux-gnu/libpcl_outofcore.so  
[3.764s] -- looking for PCL_PEOPLE
[3.765s] -- Found PCL_PEOPLE: /usr/lib/x86_64-linux-gnu/libpcl_people.so  
[3.792s] -- Found PCL: /usr/lib/x86_64-linux-gnu/libboost_system.so;/usr/lib/x86_64-linux-gnu/libboost_filesystem.so;/usr/lib/x86_64-linux-gnu/libboost_thread.so;/usr/lib/x86_64-linux-gnu/libboost_date_time.so;/usr/lib/x86_64-linux-gnu/libboost_iostreams.so;/usr/lib/x86_64-linux-gnu/libboost_serialization.so;/usr/lib/x86_64-linux-gnu/libboost_chrono.so;/usr/lib/x86_64-linux-gnu/libboost_atomic.so;/usr/lib/x86_64-linux-gnu/libboost_regex.so;/usr/lib/x86_64-linux-gnu/libpthread.so;optimized;/usr/lib/x86_64-linux-gnu/libpcl_common.so;debug;/usr/lib/x86_64-linux-gnu/libpcl_common.so;optimized;/usr/lib/x86_64-linux-gnu/libpcl_octree.so;debug;/usr/lib/x86_64-linux-gnu/libpcl_octree.so;/usr/lib/libOpenNI.so;/usr/lib/libOpenNI2.so;vtkChartsCore;vtkCommonColor;vtkCommonDataModel;vtkCommonMath;vtkCommonCore;vtksys;vtkCommonMisc;vtkCommonSystem;vtkCommonTransforms;vtkInfovisCore;vtkFiltersExtraction;vtkCommonExecutionModel;vtkFiltersCore;vtkFiltersGeneral;vtkCommonComputationalGeometry;vtkFiltersStatistics;vtkImagingFourier;vtkImagingCore;vtkalglib;vtkRenderingContext2D;vtkRenderingCore;vtkFiltersGeometry;vtkFiltersSources;vtkRenderingFreeType;/usr/lib/x86_64-linux-gnu/libfreetype.so;/usr/lib/x86_64-linux-gnu/libz.so;vtkftgl;vtkDICOMParser;vtkDomainsChemistry;vtkIOXML;vtkIOGeometry;vtkIOCore;vtkIOXMLParser;/usr/lib/x86_64-linux-gnu/libexpat.so;vtkFiltersAMR;vtkParallelCore;vtkIOLegacy;vtkFiltersFlowPaths;vtkFiltersGeneric;vtkFiltersHybrid;vtkImagingSources;vtkFiltersHyperTree;vtkFiltersImaging;vtkImagingGeneral;vtkFiltersModeling;vtkFiltersParallel;vtkFiltersParallelFlowPaths;vtkParallelMPI;vtkFiltersParallelGeometry;vtkFiltersParallelImaging;vtkFiltersParallelMPI;vtkFiltersParallelStatistics;vtkFiltersProgrammable;vtkFiltersPython;/usr/lib/x86_64-linux-gnu/libpython2.7.so;vtkWrappingPythonCore;vtkWrappingTools;vtkFiltersReebGraph;vtkFiltersSMP;vtkFiltersSelection;vtkFiltersTexture;vtkFiltersVerdict;verdict;vtkGUISupportQt;vtkInteractionStyle;vtkRenderingOpenGL;vtkImagingHybrid;vtkIOImage;vtkmetaio;/usr/lib/x86_64-linux-gnu/libjpeg.so;/usr/lib/x86_64-linux-gnu/libpng.so;/usr/lib/x86_64-linux-gnu/libtiff.so;vtkGUISupportQtOpenGL;vtkGUISupportQtSQL;vtkIOSQL;sqlite3;vtkGUISupportQtWebkit;vtkViewsQt;vtkViewsInfovis;vtkInfovisLayout;vtkInfovisBoostGraphAlgorithms;vtkRenderingLabel;vtkViewsCore;vtkInteractionWidgets;vtkRenderingAnnotation;vtkImagingColor;vtkRenderingVolume;vtkGeovisCore;/usr/lib/x86_64-linux-gnu/libproj.so;vtkIOAMR;/usr/lib/x86_64-linux-gnu/hdf5/openmpi/libhdf5.so;/usr/lib/x86_64-linux-gnu/libsz.so;/usr/lib/x86_64-linux-gnu/libdl.so;/usr/lib/x86_64-linux-gnu/libm.so;/usr/lib/x86_64-linux-gnu/openmpi/lib/libmpi.so;vtkIOEnSight;vtkIOExodus;vtkexoIIc;/usr/lib/x86_64-linux-gnu/libnetcdf_c++.so;/usr/lib/x86_64-linux-gnu/libnetcdf.so;vtkIOExport;vtkRenderingGL2PS;vtkRenderingContextOpenGL;/usr/lib/x86_64-linux-gnu/libgl2ps.so;vtkIOFFMPEG;vtkIOMovie;/usr/lib/x86_64-linux-gnu/libtheoraenc.so;/usr/lib/x86_64-linux-gnu/libtheoradec.so;/usr/lib/x86_64-linux-gnu/libogg.so;vtkIOGDAL;vtkIOGeoJSON;vtkIOImport;vtkIOInfovis;/usr/lib/x86_64-linux-gnu/libxml2.so;vtkIOLSDyna;vtkIOMINC;vtkIOMPIImage;vtkIOMPIParallel;vtkIOParallel;vtkIONetCDF;/usr/lib/x86_64-linux-gnu/libjsoncpp.so;vtkIOMySQL;vtkIOODBC;vtkIOPLY;vtkIOParallelExodus;vtkIOParallelLSDyna;vtkIOParallelNetCDF;vtkIOParallelXML;vtkIOPostgreSQL;vtkIOVPIC;VPIC;vtkIOVideo;vtkIOXdmf2;vtkxdmf2;vtkImagingMath;vtkImagingMorphological;vtkImagingStatistics;vtkImagingStencil;vtkInteractionImage;vtkLocalExample;vtkParallelMPI4Py;vtkPythonInterpreter;vtkRenderingExternal;vtkRenderingFreeTypeFontConfig;vtkRenderingImage;vtkRenderingLIC;vtkRenderingLOD;vtkRenderingMatplotlib;vtkRenderingParallel;vtkRenderingParallelLIC;vtkRenderingQt;vtkRenderingVolumeAMR;vtkRenderingVolumeOpenGL;vtkTestingGenericBridge;vtkTestingIOSQL;vtkTestingRendering;vtkViewsContext2D;vtkViewsGeovis;vtkWrappingJava;optimized;/usr/lib/x86_64-linux-gnu/libpcl_io.so;debug;/usr/lib/x86_64-linux-gnu/libpcl_io.so;optimized;/usr/lib/x86_64-linux-gnu/libflann_cpp_s.a;debug;/usr/lib/x86_64-linux-gnu/libflann_cpp_s.a;optimized;/usr/lib/x86_64-linux-gnu/libpcl_kdtree.so;debug;/usr/lib/x86_64-linux-gnu/libpcl_kdtree.so;optimized;/usr/lib/x86_64-linux-gnu/libpcl_search.so;debug;/usr/lib/x86_64-linux-gnu/libpcl_search.so;optimized;/usr/lib/x86_64-linux-gnu/libpcl_sample_consensus.so;debug;/usr/lib/x86_64-linux-gnu/libpcl_sample_consensus.so;optimized;/usr/lib/x86_64-linux-gnu/libpcl_filters.so;debug;/usr/lib/x86_64-linux-gnu/libpcl_filters.so;optimized;/usr/lib/x86_64-linux-gnu/libpcl_features.so;debug;/usr/lib/x86_64-linux-gnu/libpcl_features.so;optimized;/usr/lib/x86_64-linux-gnu/libpcl_ml.so;debug;/usr/lib/x86_64-linux-gnu/libpcl_ml.so;optimized;/usr/lib/x86_64-linux-gnu/libpcl_segmentation.so;debug;/usr/lib/x86_64-linux-gnu/libpcl_segmentation.so;optimized;/usr/lib/x86_64-linux-gnu/libpcl_visualization.so;debug;/usr/lib/x86_64-linux-gnu/libpcl_visualization.so;optimized;/usr/lib/x86_64-linux-gnu/libqhull.so;debug;/usr/lib/x86_64-linux-gnu/libqhull.so;optimized;/usr/lib/x86_64-linux-gnu/libpcl_surface.so;debug;/usr/lib/x86_64-linux-gnu/libpcl_surface.so;optimized;/usr/lib/x86_64-linux-gnu/libpcl_registration.so;debug;/usr/lib/x86_64-linux-gnu/libpcl_registration.so;optimized;/usr/lib/x86_64-linux-gnu/libpcl_keypoints.so;debug;/usr/lib/x86_64-linux-gnu/libpcl_keypoints.so;optimized;/usr/lib/x86_64-linux-gnu/libpcl_tracking.so;debug;/usr/lib/x86_64-linux-gnu/libpcl_tracking.so;optimized;/usr/lib/x86_64-linux-gnu/libpcl_recognition.so;debug;/usr/lib/x86_64-linux-gnu/libpcl_recognition.so;optimized;/usr/lib/x86_64-linux-gnu/libpcl_stereo.so;debug;/usr/lib/x86_64-linux-gnu/libpcl_stereo.so;optimized;/usr/lib/x86_64-linux-gnu/libpcl_apps.so;debug;/usr/lib/x86_64-linux-gnu/libpcl_apps.so;optimized;/usr/lib/x86_64-linux-gnu/libpcl_outofcore.so;debug;/usr/lib/x86_64-linux-gnu/libpcl_outofcore.so;optimized;/usr/lib/x86_64-linux-gnu/libpcl_people.so;debug;/usr/lib/x86_64-linux-gnu/libpcl_people.so;/usr/lib/x86_64-linux-gnu/libboost_system.so;/usr/lib/x86_64-linux-gnu/libboost_filesystem.so;/usr/lib/x86_64-linux-gnu/libboost_thread.so;/usr/lib/x86_64-linux-gnu/libboost_date_time.so;/usr/lib/x86_64-linux-gnu/libboost_iostreams.so;/usr/lib/x86_64-linux-gnu/libboost_serialization.so;/usr/lib/x86_64-linux-gnu/libboost_chrono.so;/usr/lib/x86_64-linux-gnu/libboost_atomic.so;/usr/lib/x86_64-linux-gnu/libboost_regex.so;/usr/lib/x86_64-linux-gnu/libpthread.so;optimized;/usr/lib/x86_64-linux-gnu/libqhull.so;debug;/usr/lib/x86_64-linux-gnu/libqhull.so;/usr/lib/libOpenNI.so;/usr/lib/libOpenNI2.so;optimized;/usr/lib/x86_64-linux-gnu/libflann_cpp_s.a;debug;/usr/lib/x86_64-linux-gnu/libflann_cpp_s.a;vtkChartsCore;vtkCommonColor;vtkCommonDataModel;vtkCommonMath;vtkCommonCore;vtksys;vtkCommonMisc;vtkCommonSystem;vtkCommonTransforms;vtkInfovisCore;vtkFiltersExtraction;vtkCommonExecutionModel;vtkFiltersCore;vtkFiltersGeneral;vtkCommonComputationalGeometry;vtkFiltersStatistics;vtkImagingFourier;vtkImagingCore;vtkalglib;vtkRenderingContext2D;vtkRenderingCore;vtkFiltersGeometry;vtkFiltersSources;vtkRenderingFreeType;/usr/lib/x86_64-linux-gnu/libfreetype.so;/usr/lib/x86_64-linux-gnu/libz.so;vtkftgl;vtkDICOMParser;vtkDomainsChemistry;vtkIOXML;vtkIOGeometry;vtkIOCore;vtkIOXMLParser;/usr/lib/x86_64-linux-gnu/libexpat.so;vtkFiltersAMR;vtkParallelCore;vtkIOLegacy;vtkFiltersFlowPaths;vtkFiltersGeneric;vtkFiltersHybrid;vtkImagingSources;vtkFiltersHyperTree;vtkFiltersImaging;vtkImagingGeneral;vtkFiltersModeling;vtkFiltersParallel;vtkFiltersParallelFlowPaths;vtkParallelMPI;vtkFiltersParallelGeometry;vtkFiltersParallelImaging;vtkFiltersParallelMPI;vtkFiltersParallelStatistics;vtkFiltersProgrammable;vtkFiltersPython;/usr/lib/x86_64-linux-gnu/libpython2.7.so;vtkWrappingPythonCore;vtkWrappingTools;vtkFiltersReebGraph;vtkFiltersSMP;vtkFiltersSelection;vtkFiltersTexture;vtkFiltersVerdict;verdict;vtkGUISupportQt;vtkInteractionStyle;vtkRenderingOpenGL;vtkImagingHybrid;vtkIOImage;vtkmetaio;/usr/lib/x86_64-linux-gnu/libjpeg.so;/usr/lib/x86_64-linux-gnu/libpng.so;/usr/lib/x86_64-linux-gnu/libtiff.so;vtkGUISupportQtOpenGL;vtkGUISupportQtSQL;vtkIOSQL;sqlite3;vtkGUISupportQtWebkit;vtkViewsQt;vtkViewsInfovis;vtkInfovisLayout;vtkInfovisBoostGraphAlgorithms;vtkRenderingLabel;vtkViewsCore;vtkInteractionWidgets;vtkRenderingAnnotation;vtkImagingColor;vtkRenderingVolume;vtkGeovisCore;/usr/lib/x86_64-linux-gnu/libproj.so;vtkIOAMR;/usr/lib/x86_64-linux-gnu/hdf5/openmpi/libhdf5.so;/usr/lib/x86_64-linux-gnu/libsz.so;/usr/lib/x86_64-linux-gnu/libdl.so;/usr/lib/x86_64-linux-gnu/libm.so;/usr/lib/x86_64-linux-gnu/openmpi/lib/libmpi.so;vtkIOEnSight;vtkIOExodus;vtkexoIIc;/usr/lib/x86_64-linux-gnu/libnetcdf_c++.so;/usr/lib/x86_64-linux-gnu/libnetcdf.so;vtkIOExport;vtkRenderingGL2PS;vtkRenderingContextOpenGL;/usr/lib/x86_64-linux-gnu/libgl2ps.so;vtkIOFFMPEG;vtkIOMovie;/usr/lib/x86_64-linux-gnu/libtheoraenc.so;/usr/lib/x86_64-linux-gnu/libtheoradec.so;/usr/lib/x86_64-linux-gnu/libogg.so;vtkIOGDAL;vtkIOGeoJSON;vtkIOImport;vtkIOInfovis;/usr/lib/x86_64-linux-gnu/libxml2.so;vtkIOLSDyna;vtkIOMINC;vtkIOMPIImage;vtkIOMPIParallel;vtkIOParallel;vtkIONetCDF;/usr/lib/x86_64-linux-gnu/libjsoncpp.so;vtkIOMySQL;vtkIOODBC;vtkIOPLY;vtkIOParallelExodus;vtkIOParallelLSDyna;vtkIOParallelNetCDF;vtkIOParallelXML;vtkIOPostgreSQL;vtkIOVPIC;VPIC;vtkIOVideo;vtkIOXdmf2;vtkxdmf2;vtkImagingMath;vtkImagingMorphological;vtkImagingStatistics;vtkImagingStencil;vtkInteractionImage;vtkLocalExample;vtkParallelMPI4Py;vtkPythonInterpreter;vtkRenderingExternal;vtkRenderingFreeTypeFontConfig;vtkRenderingImage;vtkRenderingLIC;vtkRenderingLOD;vtkRenderingMatplotlib;vtkRenderingParallel;vtkRenderingParallelLIC;vtkRenderingQt;vtkRenderingVolumeAMR;vtkRenderingVolumeOpenGL;vtkTestingGenericBridge;vtkTestingIOSQL;vtkTestingRendering;vtkViewsContext2D;vtkViewsGeovis;vtkWrappingJava (Required is at least version "1.7") 
[4.030s] -- Found OpenMP_C: -fopenmp (found version "4.5") 
[4.111s] -- Found OpenMP_CXX: -fopenmp (found version "4.5") 
[4.112s] -- Found OpenMP: TRUE (found version "4.5")  
[4.116s] -- Found PkgConfig: /usr/bin/pkg-config (found version "0.29.1") 
[4.119s] -- Checking for module 'yaml-cpp'
[4.133s] --   Found yaml-cpp, version 0.5.2
[4.193s] -- Configuring done
[4.703s] -- Generating done
[4.717s] -- Build files have been written to: /home/agilex/autoware.ai/build/points_preprocessor
[4.733s] Invoked command in '/home/agilex/autoware.ai/build/points_preprocessor' returned '0': CMAKE_PREFIX_PATH=/home/agilex/autoware.ai/install/autoware_health_checker:/home/agilex/autoware.ai/install/autoware_system_msgs:/home/agilex/autoware.ai/install/autoware_config_msgs:/home/agilex/autoware.ai/install/autoware_build_flags:${CMAKE_PREFIX_PATH} LD_LIBRARY_PATH=/home/agilex/autoware.ai/install/autoware_health_checker/lib:${LD_LIBRARY_PATH} PKG_CONFIG_PATH=/home/agilex/autoware.ai/install/autoware_health_checker/lib/x86_64-linux-gnu/pkgconfig:/home/agilex/autoware.ai/install/autoware_health_checker/lib/pkgconfig:/home/agilex/autoware.ai/install/autoware_system_msgs/lib/x86_64-linux-gnu/pkgconfig:/home/agilex/autoware.ai/install/autoware_system_msgs/lib/pkgconfig:/home/agilex/autoware.ai/install/autoware_config_msgs/lib/x86_64-linux-gnu/pkgconfig:/home/agilex/autoware.ai/install/autoware_config_msgs/lib/pkgconfig:/home/agilex/autoware.ai/install/autoware_build_flags/lib/x86_64-linux-gnu/pkgconfig:/home/agilex/autoware.ai/install/autoware_build_flags/lib/pkgconfig:${PKG_CONFIG_PATH} PYTHONPATH=/home/agilex/autoware.ai/install/autoware_system_msgs/lib/python2.7/dist-packages:/home/agilex/autoware.ai/install/autoware_config_msgs/lib/python2.7/dist-packages:${PYTHONPATH} ROS_PACKAGE_PATH=/home/agilex/autoware.ai/install/autoware_health_checker/share:/home/agilex/autoware.ai/install/autoware_system_msgs/share:/home/agilex/autoware.ai/install/autoware_config_msgs/share:/home/agilex/autoware.ai/install/autoware_build_flags/share:${ROS_PACKAGE_PATH} /usr/bin/cmake /home/agilex/autoware.ai/src/autoware/core_perception/points_preprocessor -DCMAKE_BUILD_TYPE=Release -DCATKIN_INSTALL_INTO_PREFIX_ROOT=0 -DCMAKE_INSTALL_PREFIX=/home/agilex/autoware.ai/install/points_preprocessor
[4.733s] Invoking command in '/home/agilex/autoware.ai/build/points_preprocessor': CMAKE_PREFIX_PATH=/home/agilex/autoware.ai/install/autoware_health_checker:/home/agilex/autoware.ai/install/autoware_system_msgs:/home/agilex/autoware.ai/install/autoware_config_msgs:/home/agilex/autoware.ai/install/autoware_build_flags:${CMAKE_PREFIX_PATH} LD_LIBRARY_PATH=/home/agilex/autoware.ai/install/autoware_health_checker/lib:${LD_LIBRARY_PATH} PKG_CONFIG_PATH=/home/agilex/autoware.ai/install/autoware_health_checker/lib/x86_64-linux-gnu/pkgconfig:/home/agilex/autoware.ai/install/autoware_health_checker/lib/pkgconfig:/home/agilex/autoware.ai/install/autoware_system_msgs/lib/x86_64-linux-gnu/pkgconfig:/home/agilex/autoware.ai/install/autoware_system_msgs/lib/pkgconfig:/home/agilex/autoware.ai/install/autoware_config_msgs/lib/x86_64-linux-gnu/pkgconfig:/home/agilex/autoware.ai/install/autoware_config_msgs/lib/pkgconfig:/home/agilex/autoware.ai/install/autoware_build_flags/lib/x86_64-linux-gnu/pkgconfig:/home/agilex/autoware.ai/install/autoware_build_flags/lib/pkgconfig:${PKG_CONFIG_PATH} PYTHONPATH=/home/agilex/autoware.ai/install/autoware_system_msgs/lib/python2.7/dist-packages:/home/agilex/autoware.ai/install/autoware_config_msgs/lib/python2.7/dist-packages:${PYTHONPATH} ROS_PACKAGE_PATH=/home/agilex/autoware.ai/install/autoware_health_checker/share:/home/agilex/autoware.ai/install/autoware_system_msgs/share:/home/agilex/autoware.ai/install/autoware_config_msgs/share:/home/agilex/autoware.ai/install/autoware_build_flags/share:${ROS_PACKAGE_PATH} /usr/bin/cmake --build /home/agilex/autoware.ai/build/points_preprocessor -- -j8 -l8
[4.778s] [35m[1mScanning dependencies of target actionlib_generate_messages_nodejs[0m
[4.790s] [  0%] Built target actionlib_generate_messages_nodejs
[4.798s] [35m[1mScanning dependencies of target velodyne_msgs_generate_messages_cpp[0m
[4.808s] [  0%] Built target velodyne_msgs_generate_messages_cpp
[4.818s] [35m[1mScanning dependencies of target autoware_system_msgs_generate_messages_eus[0m
[4.830s] [  0%] Built target autoware_system_msgs_generate_messages_eus
[4.839s] [35m[1mScanning dependencies of target diagnostic_msgs_generate_messages_py[0m
[4.849s] [  0%] Built target diagnostic_msgs_generate_messages_py
[4.858s] [35m[1mScanning dependencies of target diagnostic_msgs_generate_messages_nodejs[0m
[4.868s] [  0%] Built target diagnostic_msgs_generate_messages_nodejs
[4.877s] [35m[1mScanning dependencies of target diagnostic_msgs_generate_messages_lisp[0m
[4.886s] [  0%] Built target diagnostic_msgs_generate_messages_lisp
[4.895s] [35m[1mScanning dependencies of target diagnostic_msgs_generate_messages_eus[0m
[4.905s] [  0%] Built target diagnostic_msgs_generate_messages_eus
[4.914s] [35m[1mScanning dependencies of target velodyne_driver_gencfg[0m
[4.924s] [  0%] Built target velodyne_driver_gencfg
[4.935s] [35m[1mScanning dependencies of target velodyne_pointcloud_gencfg[0m
[4.944s] [  0%] Built target velodyne_pointcloud_gencfg
[4.953s] [35m[1mScanning dependencies of target tf2_msgs_generate_messages_nodejs[0m
[4.962s] [  0%] Built target tf2_msgs_generate_messages_nodejs
[4.974s] [35m[1mScanning dependencies of target tf2_msgs_generate_messages_eus[0m
[4.983s] [  0%] Built target tf2_msgs_generate_messages_eus
[4.994s] [35m[1mScanning dependencies of target tf2_msgs_generate_messages_cpp[0m
[5.003s] [  0%] Built target tf2_msgs_generate_messages_cpp
[5.012s] [35m[1mScanning dependencies of target actionlib_msgs_generate_messages_py[0m
[5.022s] [  0%] Built target actionlib_msgs_generate_messages_py
[5.030s] [35m[1mScanning dependencies of target autoware_system_msgs_generate_messages_nodejs[0m
[5.041s] [  0%] Built target autoware_system_msgs_generate_messages_nodejs
[5.048s] [35m[1mScanning dependencies of target actionlib_msgs_generate_messages_lisp[0m
[5.057s] [  0%] Built target actionlib_msgs_generate_messages_lisp
[5.066s] [35m[1mScanning dependencies of target geometry_msgs_generate_messages_py[0m
[5.075s] [  0%] Built target geometry_msgs_generate_messages_py
[5.084s] [35m[1mScanning dependencies of target geometry_msgs_generate_messages_lisp[0m
[5.094s] [  0%] Built target geometry_msgs_generate_messages_lisp
[5.104s] [35m[1mScanning dependencies of target autoware_system_msgs_generate_messages_py[0m
[5.114s] [  0%] Built target autoware_system_msgs_generate_messages_py
[5.123s] [35m[1mScanning dependencies of target sensor_msgs_generate_messages_nodejs[0m
[5.133s] [  0%] Built target sensor_msgs_generate_messages_nodejs
[5.142s] [35m[1mScanning dependencies of target roscpp_generate_messages_cpp[0m
[5.152s] [  0%] Built target roscpp_generate_messages_cpp
[5.162s] [35m[1mScanning dependencies of target actionlib_generate_messages_cpp[0m
[5.171s] [  0%] Built target actionlib_generate_messages_cpp
[5.180s] [35m[1mScanning dependencies of target sensor_msgs_generate_messages_lisp[0m
[5.190s] [  0%] Built target sensor_msgs_generate_messages_lisp
[5.199s] [35m[1mScanning dependencies of target rosgraph_msgs_generate_messages_lisp[0m
[5.209s] [  0%] Built target rosgraph_msgs_generate_messages_lisp
[5.222s] [35m[1mScanning dependencies of target rosgraph_msgs_generate_messages_eus[0m
[5.231s] [  0%] Built target rosgraph_msgs_generate_messages_eus
[5.240s] [35m[1mScanning dependencies of target rosgraph_msgs_generate_messages_cpp[0m
[5.249s] [  0%] Built target rosgraph_msgs_generate_messages_cpp
[5.257s] [35m[1mScanning dependencies of target topic_tools_generate_messages_cpp[0m
[5.266s] [  0%] Built target topic_tools_generate_messages_cpp
[5.278s] [35m[1mScanning dependencies of target geometry_msgs_generate_messages_eus[0m
[5.287s] [  0%] Built target geometry_msgs_generate_messages_eus
[5.296s] [35m[1mScanning dependencies of target roscpp_generate_messages_py[0m
[5.305s] [  0%] Built target roscpp_generate_messages_py
[5.314s] [35m[1mScanning dependencies of target std_srvs_generate_messages_eus[0m
[5.323s] [  0%] Built target std_srvs_generate_messages_eus
[5.331s] [35m[1mScanning dependencies of target roscpp_generate_messages_lisp[0m
[5.340s] [  0%] Built target roscpp_generate_messages_lisp
[5.349s] [35m[1mScanning dependencies of target bond_generate_messages_eus[0m
[5.358s] [  0%] Built target bond_generate_messages_eus
[5.370s] [35m[1mScanning dependencies of target dynamic_reconfigure_generate_messages_cpp[0m
[5.380s] [  0%] Built target dynamic_reconfigure_generate_messages_cpp
[5.389s] [35m[1mScanning dependencies of target tf_generate_messages_py[0m
[5.398s] [  0%] Built target tf_generate_messages_py
[5.408s] [35m[1mScanning dependencies of target actionlib_msgs_generate_messages_eus[0m
[5.416s] [  0%] Built target actionlib_msgs_generate_messages_eus
[5.425s] [35m[1mScanning dependencies of target roscpp_generate_messages_eus[0m
[5.434s] [  0%] Built target roscpp_generate_messages_eus
[5.443s] [35m[1mScanning dependencies of target rosgraph_msgs_generate_messages_py[0m
[5.452s] [  0%] Built target rosgraph_msgs_generate_messages_py
[5.460s] [35m[1mScanning dependencies of target std_msgs_generate_messages_eus[0m
[5.469s] [  0%] Built target std_msgs_generate_messages_eus
[5.478s] [35m[1mScanning dependencies of target pcl_ros_gencfg[0m
[5.487s] [  0%] Built target pcl_ros_gencfg
[5.496s] [35m[1mScanning dependencies of target topic_tools_generate_messages_nodejs[0m
[5.505s] [  0%] Built target topic_tools_generate_messages_nodejs
[5.513s] [35m[1mScanning dependencies of target tf2_msgs_generate_messages_py[0m
[5.522s] [  0%] Built target tf2_msgs_generate_messages_py
[5.530s] [35m[1mScanning dependencies of target actionlib_generate_messages_py[0m
[5.539s] [  0%] Built target actionlib_generate_messages_py
[5.554s] [35m[1mScanning dependencies of target rosgraph_msgs_generate_messages_nodejs[0m
[5.564s] [  0%] Built target rosgraph_msgs_generate_messages_nodejs
[5.572s] [35m[1mScanning dependencies of target std_msgs_generate_messages_cpp[0m
[5.582s] [  0%] Built target std_msgs_generate_messages_cpp
[5.591s] [35m[1mScanning dependencies of target sensor_msgs_generate_messages_py[0m
[5.599s] [  0%] Built target sensor_msgs_generate_messages_py
[5.608s] [35m[1mScanning dependencies of target nodelet_generate_messages_py[0m
[5.617s] [  0%] Built target nodelet_generate_messages_py
[5.627s] [35m[1mScanning dependencies of target sensor_msgs_generate_messages_eus[0m
[5.636s] [  0%] Built target sensor_msgs_generate_messages_eus
[5.646s] [35m[1mScanning dependencies of target sensor_msgs_generate_messages_cpp[0m
[5.655s] [  0%] Built target sensor_msgs_generate_messages_cpp
[5.664s] [35m[1mScanning dependencies of target roscpp_generate_messages_nodejs[0m
[5.672s] [  0%] Built target roscpp_generate_messages_nodejs
[5.682s] [35m[1mScanning dependencies of target std_msgs_generate_messages_lisp[0m
[5.691s] [  0%] Built target std_msgs_generate_messages_lisp
[5.700s] [35m[1mScanning dependencies of target std_msgs_generate_messages_nodejs[0m
[5.710s] [  0%] Built target std_msgs_generate_messages_nodejs
[5.719s] [35m[1mScanning dependencies of target bond_generate_messages_lisp[0m
[5.729s] [  0%] Built target bond_generate_messages_lisp
[5.738s] [35m[1mScanning dependencies of target std_msgs_generate_messages_py[0m
[5.748s] [  0%] Built target std_msgs_generate_messages_py
[5.757s] [35m[1mScanning dependencies of target geometry_msgs_generate_messages_nodejs[0m
[5.766s] [  0%] Built target geometry_msgs_generate_messages_nodejs
[5.775s] [35m[1mScanning dependencies of target dynamic_reconfigure_generate_messages_eus[0m
[5.790s] [  0%] Built target dynamic_reconfigure_generate_messages_eus
[5.799s] [35m[1mScanning dependencies of target dynamic_reconfigure_generate_messages_lisp[0m
[5.807s] [  0%] Built target dynamic_reconfigure_generate_messages_lisp
[5.817s] [35m[1mScanning dependencies of target pcl_msgs_generate_messages_cpp[0m
[5.825s] [  0%] Built target pcl_msgs_generate_messages_cpp
[5.837s] [35m[1mScanning dependencies of target dynamic_reconfigure_generate_messages_nodejs[0m
[5.844s] [  0%] Built target dynamic_reconfigure_generate_messages_nodejs
[5.853s] [35m[1mScanning dependencies of target dynamic_reconfigure_generate_messages_py[0m
[5.864s] [  0%] Built target dynamic_reconfigure_generate_messages_py
[5.874s] [35m[1mScanning dependencies of target tf2_msgs_generate_messages_lisp[0m
[5.882s] [  0%] Built target tf2_msgs_generate_messages_lisp
[5.892s] [35m[1mScanning dependencies of target dynamic_reconfigure_gencfg[0m
[5.902s] [  0%] Built target dynamic_reconfigure_gencfg
[5.911s] [35m[1mScanning dependencies of target nodelet_generate_messages_cpp[0m
[5.919s] [  0%] Built target nodelet_generate_messages_cpp
[5.928s] [35m[1mScanning dependencies of target bond_generate_messages_py[0m
[5.937s] [  0%] Built target bond_generate_messages_py
[5.952s] [35m[1mScanning dependencies of target std_srvs_generate_messages_nodejs[0m
[5.961s] [  0%] Built target std_srvs_generate_messages_nodejs
[5.974s] [35m[1mScanning dependencies of target geometry_msgs_generate_messages_cpp[0m
[5.981s] [  0%] Built target geometry_msgs_generate_messages_cpp
[5.990s] [35m[1mScanning dependencies of target actionlib_generate_messages_lisp[0m
[5.998s] [  0%] Built target actionlib_generate_messages_lisp
[6.007s] [35m[1mScanning dependencies of target nodelet_generate_messages_eus[0m
[6.017s] [  0%] Built target nodelet_generate_messages_eus
[6.025s] [35m[1mScanning dependencies of target nodelet_generate_messages_lisp[0m
[6.034s] [  0%] Built target nodelet_generate_messages_lisp
[6.044s] [35m[1mScanning dependencies of target nodelet_generate_messages_nodejs[0m
[6.053s] [  0%] Built target nodelet_generate_messages_nodejs
[6.063s] [35m[1mScanning dependencies of target pcl_msgs_generate_messages_nodejs[0m
[6.073s] [  0%] Built target pcl_msgs_generate_messages_nodejs
[6.082s] [35m[1mScanning dependencies of target bond_generate_messages_cpp[0m
[6.093s] [  0%] Built target bond_generate_messages_cpp
[6.103s] [35m[1mScanning dependencies of target actionlib_msgs_generate_messages_cpp[0m
[6.113s] [  0%] Built target actionlib_msgs_generate_messages_cpp
[6.122s] [35m[1mScanning dependencies of target tf_generate_messages_eus[0m
[6.133s] [  0%] Built target tf_generate_messages_eus
[6.143s] [35m[1mScanning dependencies of target bond_generate_messages_nodejs[0m
[6.152s] [  0%] Built target bond_generate_messages_nodejs
[6.162s] [35m[1mScanning dependencies of target actionlib_msgs_generate_messages_nodejs[0m
[6.171s] [  0%] Built target actionlib_msgs_generate_messages_nodejs
[6.180s] [35m[1mScanning dependencies of target topic_tools_generate_messages_py[0m
[6.193s] [  0%] Built target topic_tools_generate_messages_py
[6.201s] [35m[1mScanning dependencies of target nodelet_topic_tools_gencfg[0m
[6.210s] [  0%] Built target nodelet_topic_tools_gencfg
[6.219s] [35m[1mScanning dependencies of target std_srvs_generate_messages_lisp[0m
[6.228s] [  0%] Built target std_srvs_generate_messages_lisp
[6.240s] [35m[1mScanning dependencies of target topic_tools_generate_messages_lisp[0m
[6.249s] [  0%] Built target topic_tools_generate_messages_lisp
[6.257s] [35m[1mScanning dependencies of target pcl_msgs_generate_messages_eus[0m
[6.268s] [  0%] Built target pcl_msgs_generate_messages_eus
[6.282s] [35m[1mScanning dependencies of target topic_tools_generate_messages_eus[0m
[6.291s] [  0%] Built target topic_tools_generate_messages_eus
[6.300s] [35m[1mScanning dependencies of target std_srvs_generate_messages_cpp[0m
[6.310s] [  0%] Built target std_srvs_generate_messages_cpp
[6.319s] [35m[1mScanning dependencies of target std_srvs_generate_messages_py[0m
[6.329s] [  0%] Built target std_srvs_generate_messages_py
[6.338s] [35m[1mScanning dependencies of target tf_generate_messages_lisp[0m
[6.349s] [  0%] Built target tf_generate_messages_lisp
[6.358s] [35m[1mScanning dependencies of target tf_generate_messages_nodejs[0m
[6.374s] [  0%] Built target tf_generate_messages_nodejs
[6.383s] [35m[1mScanning dependencies of target diagnostic_msgs_generate_messages_cpp[0m
[6.392s] [  0%] Built target diagnostic_msgs_generate_messages_cpp
[6.401s] [35m[1mScanning dependencies of target pcl_msgs_generate_messages_py[0m
[6.410s] [  0%] Built target pcl_msgs_generate_messages_py
[6.419s] [35m[1mScanning dependencies of target actionlib_generate_messages_eus[0m
[6.428s] [  0%] Built target actionlib_generate_messages_eus
[6.439s] [35m[1mScanning dependencies of target pcl_msgs_generate_messages_lisp[0m
[6.447s] [  0%] Built target pcl_msgs_generate_messages_lisp
[6.458s] [35m[1mScanning dependencies of target tf_generate_messages_cpp[0m
[6.466s] [  0%] Built target tf_generate_messages_cpp
[6.477s] [35m[1mScanning dependencies of target ray_ground_filter_lib[0m
[6.576s] [  7%] [32mBuilding CXX object CMakeFiles/ray_ground_filter_lib.dir/nodes/ray_ground_filter/ray_ground_filter.cpp.o[0m
[8.507s] In file included from [01m[K/usr/include/pcl-1.8/pcl/visualization/impl/pcl_visualizer.hpp:48:0[m[K,
[8.507s]                  from [01m[K/usr/include/pcl-1.8/pcl/visualization/pcl_visualizer.h:2262[m[K,
[8.507s]                  from [01m[K/usr/include/pcl-1.8/pcl/visualization/cloud_viewer.h:39[m[K,
[8.507s]                  from [01m[K/home/agilex/autoware.ai/src/autoware/core_perception/points_preprocessor/nodes/ray_ground_filter/ray_ground_filter.cpp:35[m[K:
[8.507s] [01m[K/usr/include/vtk-6.3/vtkMath.h:664:3:[m[K [01;35m[Kwarning: [m[Kmulti-line comment [[01;35m[K-Wcomment[m[K]
[8.507s]    [01;35m[K/[m[K/ a & b \\
[8.507s]    [01;35m[K^[m[K
[8.508s] [01m[K/usr/include/vtk-6.3/vtkMath.h:668:3:[m[K [01;35m[Kwarning: [m[Kmulti-line comment [[01;35m[K-Wcomment[m[K]
[8.508s]    [01;35m[K/[m[K/ 1 & 0 \\
[8.508s]    [01;35m[K^[m[K
[8.508s] [01m[K/usr/include/vtk-6.3/vtkMath.h:671:3:[m[K [01;35m[Kwarning: [m[Kmulti-line comment [[01;35m[K-Wcomment[m[K]
[8.508s]    [01;35m[K/[m[K/ a & b \\
[8.508s]    [01;35m[K^[m[K
[10.909s] In file included from [01m[K/home/agilex/autoware.ai/src/autoware/core_perception/points_preprocessor/nodes/ray_ground_filter/ray_ground_filter.cpp:23:0[m[K:
[10.909s] [01m[K/opt/ros/melodic/include/pcl_ros/point_cloud.h:303:27:[m[K [01;35m[Kwarning: [m[Kvariable templates only available with -std=c++14 or -std=gnu++14
[10.910s]      constexpr static bool [01;35m[Kpcl_uses_boost[m[K = true;
[10.910s]                            [01;35m[K^~~~~~~~~~~~~~[m[K
[12.066s] In file included from [01m[K/home/agilex/autoware.ai/src/autoware/core_perception/points_preprocessor/nodes/ray_ground_filter/ray_ground_filter.cpp:35:0[m[K:
[12.066s] [01m[K/usr/include/pcl-1.8/pcl/visualization/cloud_viewer.h:202:14:[m[K [01;35m[Kwarning: [m[K'[01m[Ktemplate<class> class std::auto_ptr[m[K' is deprecated [[01;35m[K-Wdeprecated-declarations[m[K]
[12.066s]          std::[01;35m[Kauto_ptr[m[K<CloudViewer_impl> impl_;
[12.066s]               [01;35m[K^~~~~~~~[m[K
[12.066s] In file included from [01m[K/usr/include/c++/7/bits/locale_conv.h:41:0[m[K,
[12.066s]                  from [01m[K/usr/include/c++/7/locale:43[m[K,
[12.066s]                  from [01m[K/usr/include/c++/7/iomanip:43[m[K,
[12.066s]                  from [01m[K/usr/include/boost/math/policies/error_handling.hpp:12[m[K,
[12.066s]                  from [01m[K/usr/include/boost/math/special_functions/round.hpp:14[m[K,
[12.067s]                  from [01m[K/opt/ros/melodic/include/ros/time.h:58[m[K,
[12.067s]                  from [01m[K/opt/ros/melodic/include/ros/ros.h:38[m[K,
[12.067s]                  from [01m[K/home/agilex/autoware.ai/src/autoware/core_perception/points_preprocessor/nodes/ray_ground_filter/ray_ground_filter.cpp:21[m[K:
[12.067s] [01m[K/usr/include/c++/7/bits/unique_ptr.h:51:28:[m[K [01;36m[Knote: [m[Kdeclared here
[12.067s]    template<typename> class [01;36m[Kauto_ptr[m[K;
[12.067s]                             [01;36m[K^~~~~~~~[m[K
[24.880s] [ 14%] [32m[1mLinking CXX shared library devel/lib/libray_ground_filter_lib.so[0m
[32.978s] [ 14%] Built target ray_ground_filter_lib
[32.986s] [35m[1mScanning dependencies of target velodyne_msgs_generate_messages_eus[0m
[32.994s] [ 14%] Built target velodyne_msgs_generate_messages_eus
[33.003s] [35m[1mScanning dependencies of target velodyne_msgs_generate_messages_lisp[0m
[33.011s] [ 14%] Built target velodyne_msgs_generate_messages_lisp
[33.019s] [35m[1mScanning dependencies of target velodyne_msgs_generate_messages_nodejs[0m
[33.028s] [ 14%] Built target velodyne_msgs_generate_messages_nodejs
[33.037s] [35m[1mScanning dependencies of target velodyne_msgs_generate_messages_py[0m
[33.045s] [ 14%] Built target velodyne_msgs_generate_messages_py
[33.055s] [35m[1mScanning dependencies of target autoware_system_msgs_generate_messages_cpp[0m
[33.064s] [ 14%] Built target autoware_system_msgs_generate_messages_cpp
[33.073s] [35m[1mScanning dependencies of target autoware_system_msgs_generate_messages_lisp[0m
[33.081s] [ 14%] Built target autoware_system_msgs_generate_messages_lisp
[33.092s] [35m[1mScanning dependencies of target compare_map_filter[0m
[33.156s] [ 21%] [32mBuilding CXX object CMakeFiles/compare_map_filter.dir/nodes/compare_map_filter/compare_map_filter.cpp.o[0m
[46.893s] [ 28%] [32m[1mLinking CXX executable devel/lib/points_preprocessor/compare_map_filter[0m
[48.454s] [ 28%] Built target compare_map_filter
[48.465s] [35m[1mScanning dependencies of target space_filter[0m
[48.522s] [ 35%] [32mBuilding CXX object CMakeFiles/space_filter.dir/nodes/space_filter/space_filter.cpp.o[0m
[56.980s] [ 42%] [32m[1mLinking CXX executable devel/lib/points_preprocessor/space_filter[0m
[63.919s] [ 42%] Built target space_filter
[63.930s] [35m[1mScanning dependencies of target points_concat_filter[0m
[63.995s] [ 50%] [32mBuilding CXX object CMakeFiles/points_concat_filter.dir/nodes/points_concat_filter/points_concat_filter.cpp.o[0m
[68.289s] In file included from [01m[K/home/agilex/autoware.ai/src/autoware/core_perception/points_preprocessor/nodes/points_concat_filter/points_concat_filter.cpp:22:0[m[K:
[68.289s] [01m[K/opt/ros/melodic/include/pcl_ros/point_cloud.h:303:27:[m[K [01;35m[Kwarning: [m[Kvariable templates only available with -std=c++14 or -std=gnu++14
[68.289s]      constexpr static bool [01;35m[Kpcl_uses_boost[m[K = true;
[68.289s]                            [01;35m[K^~~~~~~~~~~~~~[m[K
[81.672s] [ 57%] [32m[1mLinking CXX executable devel/lib/points_preprocessor/points_concat_filter[0m
[83.084s] [ 57%] Built target points_concat_filter
[83.095s] [35m[1mScanning dependencies of target cloud_transformer[0m
[83.162s] [ 64%] [32mBuilding CXX object CMakeFiles/cloud_transformer.dir/nodes/cloud_transformer/cloud_transformer_node.cpp.o[0m
[87.663s] In file included from [01m[K/home/agilex/autoware.ai/src/autoware/core_perception/points_preprocessor/nodes/cloud_transformer/cloud_transformer_node.cpp:21:0[m[K:
[87.663s] [01m[K/opt/ros/melodic/include/pcl_ros/point_cloud.h:303:27:[m[K [01;35m[Kwarning: [m[Kvariable templates only available with -std=c++14 or -std=gnu++14
[87.663s]      constexpr static bool [01;35m[Kpcl_uses_boost[m[K = true;
[87.663s]                            [01;35m[K^~~~~~~~~~~~~~[m[K
[96.586s] [ 71%] [32m[1mLinking CXX executable devel/lib/points_preprocessor/cloud_transformer[0m
[97.942s] [ 71%] Built target cloud_transformer
[97.954s] [35m[1mScanning dependencies of target ring_ground_filter[0m
[98.010s] [ 78%] [32mBuilding CXX object CMakeFiles/ring_ground_filter.dir/nodes/ring_ground_filter/ring_ground_filter.cpp.o[0m
[102.169s] In file included from [01m[K/home/agilex/autoware.ai/src/autoware/core_perception/points_preprocessor/nodes/ring_ground_filter/ring_ground_filter.cpp:10:0[m[K:
[102.169s] [01m[K/opt/ros/melodic/include/pcl_ros/point_cloud.h:303:27:[m[K [01;35m[Kwarning: [m[Kvariable templates only available with -std=c++14 or -std=gnu++14
[102.169s]      constexpr static bool [01;35m[Kpcl_uses_boost[m[K = true;
[102.169s]                            [01;35m[K^~~~~~~~~~~~~~[m[K
[106.279s] [ 85%] [32m[1mLinking CXX executable devel/lib/points_preprocessor/ring_ground_filter[0m
[107.857s] [ 85%] Built target ring_ground_filter
[107.868s] [35m[1mScanning dependencies of target ray_ground_filter[0m
[107.934s] [ 92%] [32mBuilding CXX object CMakeFiles/ray_ground_filter.dir/nodes/ray_ground_filter/ray_ground_filter_main.cpp.o[0m
[112.196s] In file included from [01m[K/home/agilex/autoware.ai/src/autoware/core_perception/points_preprocessor/nodes/ray_ground_filter/include/ray_ground_filter.h:27:0[m[K,
[112.196s]                  from [01m[K/home/agilex/autoware.ai/src/autoware/core_perception/points_preprocessor/nodes/ray_ground_filter/ray_ground_filter_main.cpp:3[m[K:
[112.197s] [01m[K/opt/ros/melodic/include/pcl_ros/point_cloud.h:303:27:[m[K [01;35m[Kwarning: [m[Kvariable templates only available with -std=c++14 or -std=gnu++14
[112.197s]      constexpr static bool [01;35m[Kpcl_uses_boost[m[K = true;
[112.197s]                            [01;35m[K^~~~~~~~~~~~~~[m[K
[122.613s] [100%] [32m[1mLinking CXX executable devel/lib/points_preprocessor/ray_ground_filter[0m
[124.193s] [100%] Built target ray_ground_filter
[124.206s] Invoked command in '/home/agilex/autoware.ai/build/points_preprocessor' returned '0': CMAKE_PREFIX_PATH=/home/agilex/autoware.ai/install/autoware_health_checker:/home/agilex/autoware.ai/install/autoware_system_msgs:/home/agilex/autoware.ai/install/autoware_config_msgs:/home/agilex/autoware.ai/install/autoware_build_flags:${CMAKE_PREFIX_PATH} LD_LIBRARY_PATH=/home/agilex/autoware.ai/install/autoware_health_checker/lib:${LD_LIBRARY_PATH} PKG_CONFIG_PATH=/home/agilex/autoware.ai/install/autoware_health_checker/lib/x86_64-linux-gnu/pkgconfig:/home/agilex/autoware.ai/install/autoware_health_checker/lib/pkgconfig:/home/agilex/autoware.ai/install/autoware_system_msgs/lib/x86_64-linux-gnu/pkgconfig:/home/agilex/autoware.ai/install/autoware_system_msgs/lib/pkgconfig:/home/agilex/autoware.ai/install/autoware_config_msgs/lib/x86_64-linux-gnu/pkgconfig:/home/agilex/autoware.ai/install/autoware_config_msgs/lib/pkgconfig:/home/agilex/autoware.ai/install/autoware_build_flags/lib/x86_64-linux-gnu/pkgconfig:/home/agilex/autoware.ai/install/autoware_build_flags/lib/pkgconfig:${PKG_CONFIG_PATH} PYTHONPATH=/home/agilex/autoware.ai/install/autoware_system_msgs/lib/python2.7/dist-packages:/home/agilex/autoware.ai/install/autoware_config_msgs/lib/python2.7/dist-packages:${PYTHONPATH} ROS_PACKAGE_PATH=/home/agilex/autoware.ai/install/autoware_health_checker/share:/home/agilex/autoware.ai/install/autoware_system_msgs/share:/home/agilex/autoware.ai/install/autoware_config_msgs/share:/home/agilex/autoware.ai/install/autoware_build_flags/share:${ROS_PACKAGE_PATH} /usr/bin/cmake --build /home/agilex/autoware.ai/build/points_preprocessor -- -j8 -l8
[124.361s] Invoking command in '/home/agilex/autoware.ai/build/points_preprocessor': CMAKE_PREFIX_PATH=/home/agilex/autoware.ai/install/autoware_health_checker:/home/agilex/autoware.ai/install/autoware_system_msgs:/home/agilex/autoware.ai/install/autoware_config_msgs:/home/agilex/autoware.ai/install/autoware_build_flags:${CMAKE_PREFIX_PATH} LD_LIBRARY_PATH=/home/agilex/autoware.ai/install/autoware_health_checker/lib:${LD_LIBRARY_PATH} PKG_CONFIG_PATH=/home/agilex/autoware.ai/install/autoware_health_checker/lib/x86_64-linux-gnu/pkgconfig:/home/agilex/autoware.ai/install/autoware_health_checker/lib/pkgconfig:/home/agilex/autoware.ai/install/autoware_system_msgs/lib/x86_64-linux-gnu/pkgconfig:/home/agilex/autoware.ai/install/autoware_system_msgs/lib/pkgconfig:/home/agilex/autoware.ai/install/autoware_config_msgs/lib/x86_64-linux-gnu/pkgconfig:/home/agilex/autoware.ai/install/autoware_config_msgs/lib/pkgconfig:/home/agilex/autoware.ai/install/autoware_build_flags/lib/x86_64-linux-gnu/pkgconfig:/home/agilex/autoware.ai/install/autoware_build_flags/lib/pkgconfig:${PKG_CONFIG_PATH} PYTHONPATH=/home/agilex/autoware.ai/install/autoware_system_msgs/lib/python2.7/dist-packages:/home/agilex/autoware.ai/install/autoware_config_msgs/lib/python2.7/dist-packages:${PYTHONPATH} ROS_PACKAGE_PATH=/home/agilex/autoware.ai/install/autoware_health_checker/share:/home/agilex/autoware.ai/install/autoware_system_msgs/share:/home/agilex/autoware.ai/install/autoware_config_msgs/share:/home/agilex/autoware.ai/install/autoware_build_flags/share:${ROS_PACKAGE_PATH} /usr/bin/cmake --build /home/agilex/autoware.ai/build/points_preprocessor --target tests -- -j8 -l8
[124.420s] [35m[1mScanning dependencies of target tests[0m
[124.429s] Built target tests
[124.443s] Invoked command in '/home/agilex/autoware.ai/build/points_preprocessor' returned '0': CMAKE_PREFIX_PATH=/home/agilex/autoware.ai/install/autoware_health_checker:/home/agilex/autoware.ai/install/autoware_system_msgs:/home/agilex/autoware.ai/install/autoware_config_msgs:/home/agilex/autoware.ai/install/autoware_build_flags:${CMAKE_PREFIX_PATH} LD_LIBRARY_PATH=/home/agilex/autoware.ai/install/autoware_health_checker/lib:${LD_LIBRARY_PATH} PKG_CONFIG_PATH=/home/agilex/autoware.ai/install/autoware_health_checker/lib/x86_64-linux-gnu/pkgconfig:/home/agilex/autoware.ai/install/autoware_health_checker/lib/pkgconfig:/home/agilex/autoware.ai/install/autoware_system_msgs/lib/x86_64-linux-gnu/pkgconfig:/home/agilex/autoware.ai/install/autoware_system_msgs/lib/pkgconfig:/home/agilex/autoware.ai/install/autoware_config_msgs/lib/x86_64-linux-gnu/pkgconfig:/home/agilex/autoware.ai/install/autoware_config_msgs/lib/pkgconfig:/home/agilex/autoware.ai/install/autoware_build_flags/lib/x86_64-linux-gnu/pkgconfig:/home/agilex/autoware.ai/install/autoware_build_flags/lib/pkgconfig:${PKG_CONFIG_PATH} PYTHONPATH=/home/agilex/autoware.ai/install/autoware_system_msgs/lib/python2.7/dist-packages:/home/agilex/autoware.ai/install/autoware_config_msgs/lib/python2.7/dist-packages:${PYTHONPATH} ROS_PACKAGE_PATH=/home/agilex/autoware.ai/install/autoware_health_checker/share:/home/agilex/autoware.ai/install/autoware_system_msgs/share:/home/agilex/autoware.ai/install/autoware_config_msgs/share:/home/agilex/autoware.ai/install/autoware_build_flags/share:${ROS_PACKAGE_PATH} /usr/bin/cmake --build /home/agilex/autoware.ai/build/points_preprocessor --target tests -- -j8 -l8
[124.734s] Invoking command in '/home/agilex/autoware.ai/build/points_preprocessor': CMAKE_PREFIX_PATH=/home/agilex/autoware.ai/install/autoware_health_checker:/home/agilex/autoware.ai/install/autoware_system_msgs:/home/agilex/autoware.ai/install/autoware_config_msgs:/home/agilex/autoware.ai/install/autoware_build_flags:${CMAKE_PREFIX_PATH} LD_LIBRARY_PATH=/home/agilex/autoware.ai/install/autoware_health_checker/lib:${LD_LIBRARY_PATH} PKG_CONFIG_PATH=/home/agilex/autoware.ai/install/autoware_health_checker/lib/x86_64-linux-gnu/pkgconfig:/home/agilex/autoware.ai/install/autoware_health_checker/lib/pkgconfig:/home/agilex/autoware.ai/install/autoware_system_msgs/lib/x86_64-linux-gnu/pkgconfig:/home/agilex/autoware.ai/install/autoware_system_msgs/lib/pkgconfig:/home/agilex/autoware.ai/install/autoware_config_msgs/lib/x86_64-linux-gnu/pkgconfig:/home/agilex/autoware.ai/install/autoware_config_msgs/lib/pkgconfig:/home/agilex/autoware.ai/install/autoware_build_flags/lib/x86_64-linux-gnu/pkgconfig:/home/agilex/autoware.ai/install/autoware_build_flags/lib/pkgconfig:${PKG_CONFIG_PATH} PYTHONPATH=/home/agilex/autoware.ai/install/autoware_system_msgs/lib/python2.7/dist-packages:/home/agilex/autoware.ai/install/autoware_config_msgs/lib/python2.7/dist-packages:${PYTHONPATH} ROS_PACKAGE_PATH=/home/agilex/autoware.ai/install/autoware_health_checker/share:/home/agilex/autoware.ai/install/autoware_system_msgs/share:/home/agilex/autoware.ai/install/autoware_config_msgs/share:/home/agilex/autoware.ai/install/autoware_build_flags/share:${ROS_PACKAGE_PATH} /usr/bin/cmake --build /home/agilex/autoware.ai/build/points_preprocessor --target install -- -j8 -l8
[124.836s] [  0%] Built target actionlib_generate_messages_nodejs
[124.870s] [  0%] Built target velodyne_msgs_generate_messages_cpp
[124.902s] [  0%] Built target autoware_system_msgs_generate_messages_eus
[124.921s] [  0%] Built target diagnostic_msgs_generate_messages_py
[124.956s] [  0%] Built target diagnostic_msgs_generate_messages_nodejs
[124.987s] [  0%] Built target diagnostic_msgs_generate_messages_lisp
[125.022s] [  0%] Built target diagnostic_msgs_generate_messages_eus
[125.051s] [  0%] Built target velodyne_driver_gencfg
[125.083s] [  0%] Built target velodyne_pointcloud_gencfg
[125.106s] [  0%] Built target tf2_msgs_generate_messages_nodejs
[125.131s] [  0%] Built target tf2_msgs_generate_messages_eus
[125.162s] [  0%] Built target tf2_msgs_generate_messages_cpp
[125.204s] [  0%] Built target actionlib_msgs_generate_messages_py
[125.238s] [  0%] Built target autoware_system_msgs_generate_messages_nodejs
[125.265s] [  0%] Built target actionlib_msgs_generate_messages_lisp
[125.323s] [  0%] Built target geometry_msgs_generate_messages_py
[125.348s] [  0%] Built target geometry_msgs_generate_messages_lisp
[125.381s] [  0%] Built target autoware_system_msgs_generate_messages_py
[125.410s] [  0%] Built target sensor_msgs_generate_messages_nodejs
[125.442s] [  0%] Built target roscpp_generate_messages_cpp
[125.460s] [  0%] Built target actionlib_generate_messages_cpp
[125.478s] [  0%] Built target sensor_msgs_generate_messages_lisp
[125.499s] [  0%] Built target rosgraph_msgs_generate_messages_lisp
[125.518s] [  0%] Built target rosgraph_msgs_generate_messages_eus
[125.539s] [  0%] Built target rosgraph_msgs_generate_messages_cpp
[125.557s] [  0%] Built target topic_tools_generate_messages_cpp
[125.575s] [  0%] Built target geometry_msgs_generate_messages_eus
[125.593s] [  0%] Built target roscpp_generate_messages_py
[125.614s] [  0%] Built target std_srvs_generate_messages_eus
[125.636s] [  0%] Built target roscpp_generate_messages_lisp
[125.655s] [  0%] Built target bond_generate_messages_eus
[125.673s] [  0%] Built target dynamic_reconfigure_generate_messages_cpp
[125.691s] [  0%] Built target tf_generate_messages_py
[125.708s] [  0%] Built target actionlib_msgs_generate_messages_eus
[125.727s] [  0%] Built target roscpp_generate_messages_eus
[125.750s] [  0%] Built target rosgraph_msgs_generate_messages_py
[125.773s] [  0%] Built target std_msgs_generate_messages_eus
[125.791s] [  0%] Built target pcl_ros_gencfg
[125.810s] [  0%] Built target topic_tools_generate_messages_nodejs
[125.829s] [  0%] Built target tf2_msgs_generate_messages_py
[125.850s] [  0%] Built target actionlib_generate_messages_py
[125.868s] [  0%] Built target rosgraph_msgs_generate_messages_nodejs
[125.886s] [  0%] Built target std_msgs_generate_messages_cpp
[125.907s] [  0%] Built target sensor_msgs_generate_messages_py
[125.925s] [  0%] Built target nodelet_generate_messages_py
[125.945s] [  0%] Built target sensor_msgs_generate_messages_eus
[125.964s] [  0%] Built target sensor_msgs_generate_messages_cpp
[125.982s] [  0%] Built target roscpp_generate_messages_nodejs
[126.008s] [  0%] Built target std_msgs_generate_messages_lisp
[126.025s] [  0%] Built target std_msgs_generate_messages_nodejs
[126.044s] [  0%] Built target bond_generate_messages_lisp
[126.061s] [  0%] Built target std_msgs_generate_messages_py
[126.082s] [  0%] Built target geometry_msgs_generate_messages_nodejs
[126.103s] [  0%] Built target dynamic_reconfigure_generate_messages_eus
[126.121s] [  0%] Built target dynamic_reconfigure_generate_messages_lisp
[126.139s] [  0%] Built target pcl_msgs_generate_messages_cpp
[126.159s] [  0%] Built target dynamic_reconfigure_generate_messages_nodejs
[126.176s] [  0%] Built target dynamic_reconfigure_generate_messages_py
[126.195s] [  0%] Built target tf2_msgs_generate_messages_lisp
[126.213s] [  0%] Built target dynamic_reconfigure_gencfg
[126.232s] [  0%] Built target nodelet_generate_messages_cpp
[126.251s] [  0%] Built target bond_generate_messages_py
[126.269s] [  0%] Built target std_srvs_generate_messages_nodejs
[126.288s] [  0%] Built target geometry_msgs_generate_messages_cpp
[126.307s] [  0%] Built target actionlib_generate_messages_lisp
[126.326s] [  0%] Built target nodelet_generate_messages_eus
[126.344s] [  0%] Built target nodelet_generate_messages_lisp
[126.364s] [  0%] Built target nodelet_generate_messages_nodejs
[126.382s] [  0%] Built target pcl_msgs_generate_messages_nodejs
[126.400s] [  0%] Built target bond_generate_messages_cpp
[126.419s] [  0%] Built target actionlib_msgs_generate_messages_cpp
[126.437s] [  0%] Built target tf_generate_messages_eus
[126.455s] [  0%] Built target bond_generate_messages_nodejs
[126.477s] [  0%] Built target actionlib_msgs_generate_messages_nodejs
[126.497s] [  0%] Built target topic_tools_generate_messages_py
[126.516s] [  0%] Built target nodelet_topic_tools_gencfg
[126.535s] [  0%] Built target std_srvs_generate_messages_lisp
[126.554s] [  0%] Built target topic_tools_generate_messages_lisp
[126.575s] [  0%] Built target pcl_msgs_generate_messages_eus
[126.595s] [  0%] Built target topic_tools_generate_messages_eus
[126.619s] [  0%] Built target std_srvs_generate_messages_cpp
[126.641s] [  0%] Built target std_srvs_generate_messages_py
[126.664s] [  0%] Built target tf_generate_messages_lisp
[126.685s] [  0%] Built target tf_generate_messages_nodejs
[126.711s] [  0%] Built target diagnostic_msgs_generate_messages_cpp
[126.732s] [  0%] Built target pcl_msgs_generate_messages_py
[126.753s] [  0%] Built target actionlib_generate_messages_eus
[126.774s] [  0%] Built target pcl_msgs_generate_messages_lisp
[126.795s] [  0%] Built target tf_generate_messages_cpp
[126.841s] [ 14%] Built target ray_ground_filter_lib
[126.861s] [ 14%] Built target velodyne_msgs_generate_messages_eus
[126.883s] [ 14%] Built target velodyne_msgs_generate_messages_lisp
[126.906s] [ 14%] Built target velodyne_msgs_generate_messages_nodejs
[126.927s] [ 14%] Built target velodyne_msgs_generate_messages_py
[126.952s] [ 14%] Built target autoware_system_msgs_generate_messages_cpp
[126.974s] [ 14%] Built target autoware_system_msgs_generate_messages_lisp
[127.016s] [ 28%] Built target compare_map_filter
[127.052s] [ 42%] Built target space_filter
[127.104s] [ 57%] Built target points_concat_filter
[127.160s] [ 71%] Built target cloud_transformer
[127.208s] [ 85%] Built target ring_ground_filter
[127.254s] [100%] Built target ray_ground_filter
[127.293s] [36mInstall the project...[0m
[127.302s] -- Install configuration: "Release"
[127.302s] -- Installing: /home/agilex/autoware.ai/install/points_preprocessor/lib/pkgconfig/points_preprocessor.pc
[127.303s] -- Installing: /home/agilex/autoware.ai/install/points_preprocessor/share/points_preprocessor/cmake/points_preprocessorConfig.cmake
[127.303s] -- Installing: /home/agilex/autoware.ai/install/points_preprocessor/share/points_preprocessor/cmake/points_preprocessorConfig-version.cmake
[127.303s] -- Installing: /home/agilex/autoware.ai/install/points_preprocessor/share/points_preprocessor/package.xml
[127.304s] -- Installing: /home/agilex/autoware.ai/install/points_preprocessor/lib/points_preprocessor/cloud_transformer
[127.313s] -- Set runtime path of "/home/agilex/autoware.ai/install/points_preprocessor/lib/points_preprocessor/cloud_transformer" to ""
[127.313s] -- Installing: /home/agilex/autoware.ai/install/points_preprocessor/lib/points_preprocessor/points_concat_filter
[127.325s] -- Set runtime path of "/home/agilex/autoware.ai/install/points_preprocessor/lib/points_preprocessor/points_concat_filter" to ""
[127.325s] -- Installing: /home/agilex/autoware.ai/install/points_preprocessor/lib/libray_ground_filter_lib.so
[127.336s] -- Set runtime path of "/home/agilex/autoware.ai/install/points_preprocessor/lib/libray_ground_filter_lib.so" to ""
[127.336s] -- Installing: /home/agilex/autoware.ai/install/points_preprocessor/lib/points_preprocessor/ray_ground_filter
[127.343s] -- Set runtime path of "/home/agilex/autoware.ai/install/points_preprocessor/lib/points_preprocessor/ray_ground_filter" to ""
[127.343s] -- Installing: /home/agilex/autoware.ai/install/points_preprocessor/lib/points_preprocessor/ring_ground_filter
[127.347s] -- Set runtime path of "/home/agilex/autoware.ai/install/points_preprocessor/lib/points_preprocessor/ring_ground_filter" to ""
[127.347s] -- Installing: /home/agilex/autoware.ai/install/points_preprocessor/lib/points_preprocessor/space_filter
[127.351s] -- Set runtime path of "/home/agilex/autoware.ai/install/points_preprocessor/lib/points_preprocessor/space_filter" to ""
[127.352s] -- Installing: /home/agilex/autoware.ai/install/points_preprocessor/lib/points_preprocessor/compare_map_filter
[127.360s] -- Set runtime path of "/home/agilex/autoware.ai/install/points_preprocessor/lib/points_preprocessor/compare_map_filter" to ""
[127.361s] -- Installing: /home/agilex/autoware.ai/install/points_preprocessor/include
[127.361s] -- Installing: /home/agilex/autoware.ai/install/points_preprocessor/include/gencolors.cpp
[127.361s] -- Installing: /home/agilex/autoware.ai/install/points_preprocessor/share/points_preprocessor/launch
[127.361s] -- Installing: /home/agilex/autoware.ai/install/points_preprocessor/share/points_preprocessor/launch/ring_ground_filter.launch
[127.362s] -- Installing: /home/agilex/autoware.ai/install/points_preprocessor/share/points_preprocessor/launch/cloud_transformer.launch
[127.362s] -- Installing: /home/agilex/autoware.ai/install/points_preprocessor/share/points_preprocessor/launch/compare_map_filter.launch
[127.362s] -- Installing: /home/agilex/autoware.ai/install/points_preprocessor/share/points_preprocessor/launch/points_concat_filter.launch
[127.362s] -- Installing: /home/agilex/autoware.ai/install/points_preprocessor/share/points_preprocessor/launch/ray_ground_filter.launch
[127.362s] -- Installing: /home/agilex/autoware.ai/install/points_preprocessor/share/points_preprocessor/launch/space_filter.launch
[127.374s] Invoked command in '/home/agilex/autoware.ai/build/points_preprocessor' returned '0': CMAKE_PREFIX_PATH=/home/agilex/autoware.ai/install/autoware_health_checker:/home/agilex/autoware.ai/install/autoware_system_msgs:/home/agilex/autoware.ai/install/autoware_config_msgs:/home/agilex/autoware.ai/install/autoware_build_flags:${CMAKE_PREFIX_PATH} LD_LIBRARY_PATH=/home/agilex/autoware.ai/install/autoware_health_checker/lib:${LD_LIBRARY_PATH} PKG_CONFIG_PATH=/home/agilex/autoware.ai/install/autoware_health_checker/lib/x86_64-linux-gnu/pkgconfig:/home/agilex/autoware.ai/install/autoware_health_checker/lib/pkgconfig:/home/agilex/autoware.ai/install/autoware_system_msgs/lib/x86_64-linux-gnu/pkgconfig:/home/agilex/autoware.ai/install/autoware_system_msgs/lib/pkgconfig:/home/agilex/autoware.ai/install/autoware_config_msgs/lib/x86_64-linux-gnu/pkgconfig:/home/agilex/autoware.ai/install/autoware_config_msgs/lib/pkgconfig:/home/agilex/autoware.ai/install/autoware_build_flags/lib/x86_64-linux-gnu/pkgconfig:/home/agilex/autoware.ai/install/autoware_build_flags/lib/pkgconfig:${PKG_CONFIG_PATH} PYTHONPATH=/home/agilex/autoware.ai/install/autoware_system_msgs/lib/python2.7/dist-packages:/home/agilex/autoware.ai/install/autoware_config_msgs/lib/python2.7/dist-packages:${PYTHONPATH} ROS_PACKAGE_PATH=/home/agilex/autoware.ai/install/autoware_health_checker/share:/home/agilex/autoware.ai/install/autoware_system_msgs/share:/home/agilex/autoware.ai/install/autoware_config_msgs/share:/home/agilex/autoware.ai/install/autoware_build_flags/share:${ROS_PACKAGE_PATH} /usr/bin/cmake --build /home/agilex/autoware.ai/build/points_preprocessor --target install -- -j8 -l8
