[0.053s] Invoking command in '/home/agilex/autoware.ai/build/lidar_kf_contour_track': CMAKE_PREFIX_PATH=/home/agilex/autoware.ai/install/op_ros_helpers:/home/agilex/autoware.ai/install/op_simu:/home/agilex/autoware.ai/install/op_planner:/home/agilex/autoware.ai/install/op_utility:/home/agilex/autoware.ai/install/waypoint_follower:/home/agilex/autoware.ai/install/vector_map_server:/home/agilex/autoware.ai/install/map_file:/home/agilex/autoware.ai/install/vector_map:/home/agilex/autoware.ai/install/autoware_health_checker:/home/agilex/autoware.ai/install/amathutils_lib:/home/agilex/autoware.ai/install/vector_map_msgs:/home/agilex/autoware.ai/install/tablet_socket_msgs:/home/agilex/autoware.ai/install/autoware_system_msgs:/home/agilex/autoware.ai/install/autoware_msgs:/home/agilex/autoware.ai/install/autoware_config_msgs:/home/agilex/autoware.ai/install/autoware_build_flags:${CMAKE_PREFIX_PATH} LD_LIBRARY_PATH=/home/agilex/autoware.ai/install/op_ros_helpers/lib:/home/agilex/autoware.ai/install/op_simu/lib:/home/agilex/autoware.ai/install/op_planner/lib:/home/agilex/autoware.ai/install/op_utility/lib:/home/agilex/autoware.ai/install/waypoint_follower/lib:/home/agilex/autoware.ai/install/map_file/lib:/home/agilex/autoware.ai/install/vector_map/lib:/home/agilex/autoware.ai/install/autoware_health_checker/lib:/home/agilex/autoware.ai/install/amathutils_lib/lib:${LD_LIBRARY_PATH} PKG_CONFIG_PATH=/home/agilex/autoware.ai/install/op_ros_helpers/lib/x86_64-linux-gnu/pkgconfig:/home/agilex/autoware.ai/install/op_ros_helpers/lib/pkgconfig:/home/agilex/autoware.ai/install/op_simu/lib/x86_64-linux-gnu/pkgconfig:/home/agilex/autoware.ai/install/op_simu/lib/pkgconfig:/home/agilex/autoware.ai/install/op_planner/lib/x86_64-linux-gnu/pkgconfig:/home/agilex/autoware.ai/install/op_planner/lib/pkgconfig:/home/agilex/autoware.ai/install/op_utility/lib/x86_64-linux-gnu/pkgconfig:/home/agilex/autoware.ai/install/op_utility/lib/pkgconfig:/home/agilex/autoware.ai/install/waypoint_follower/lib/x86_64-linux-gnu/pkgconfig:/home/agilex/autoware.ai/install/waypoint_follower/lib/pkgconfig:/home/agilex/autoware.ai/install/vector_map_server/lib/x86_64-linux-gnu/pkgconfig:/home/agilex/autoware.ai/install/vector_map_server/lib/pkgconfig:/home/agilex/autoware.ai/install/map_file/lib/x86_64-linux-gnu/pkgconfig:/home/agilex/autoware.ai/install/map_file/lib/pkgconfig:/home/agilex/autoware.ai/install/vector_map/lib/x86_64-linux-gnu/pkgconfig:/home/agilex/autoware.ai/install/vector_map/lib/pkgconfig:/home/agilex/autoware.ai/install/autoware_health_checker/lib/x86_64-linux-gnu/pkgconfig:/home/agilex/autoware.ai/install/autoware_health_checker/lib/pkgconfig:/home/agilex/autoware.ai/install/amathutils_lib/lib/x86_64-linux-gnu/pkgconfig:/home/agilex/autoware.ai/install/amathutils_lib/lib/pkgconfig:/home/agilex/autoware.ai/install/vector_map_msgs/lib/x86_64-linux-gnu/pkgconfig:/home/agilex/autoware.ai/install/vector_map_msgs/lib/pkgconfig:/home/agilex/autoware.ai/install/tablet_socket_msgs/lib/x86_64-linux-gnu/pkgconfig:/home/agilex/autoware.ai/install/tablet_socket_msgs/lib/pkgconfig:/home/agilex/autoware.ai/install/autoware_system_msgs/lib/x86_64-linux-gnu/pkgconfig:/home/agilex/autoware.ai/install/autoware_system_msgs/lib/pkgconfig:/home/agilex/autoware.ai/install/autoware_msgs/lib/x86_64-linux-gnu/pkgconfig:/home/agilex/autoware.ai/install/autoware_msgs/lib/pkgconfig:/home/agilex/autoware.ai/install/autoware_config_msgs/lib/x86_64-linux-gnu/pkgconfig:/home/agilex/autoware.ai/install/autoware_config_msgs/lib/pkgconfig:/home/agilex/autoware.ai/install/autoware_build_flags/lib/x86_64-linux-gnu/pkgconfig:/home/agilex/autoware.ai/install/autoware_build_flags/lib/pkgconfig:${PKG_CONFIG_PATH} PYTHONPATH=/home/agilex/autoware.ai/install/vector_map_server/lib/python2.7/dist-packages:/home/agilex/autoware.ai/install/vector_map_msgs/lib/python2.7/dist-packages:/home/agilex/autoware.ai/install/tablet_socket_msgs/lib/python2.7/dist-packages:/home/agilex/autoware.ai/install/autoware_system_msgs/lib/python2.7/dist-packages:/home/agilex/autoware.ai/install/autoware_msgs/lib/python2.7/dist-packages:/home/agilex/autoware.ai/install/autoware_config_msgs/lib/python2.7/dist-packages:${PYTHONPATH} ROS_PACKAGE_PATH=/home/agilex/autoware.ai/install/op_ros_helpers/share:/home/agilex/autoware.ai/install/op_simu/share:/home/agilex/autoware.ai/install/op_planner/share:/home/agilex/autoware.ai/install/op_utility/share:/home/agilex/autoware.ai/install/waypoint_follower/share:/home/agilex/autoware.ai/install/vector_map_server/share:/home/agilex/autoware.ai/install/map_file/share:/home/agilex/autoware.ai/install/vector_map/share:/home/agilex/autoware.ai/install/autoware_health_checker/share:/home/agilex/autoware.ai/install/amathutils_lib/share:/home/agilex/autoware.ai/install/vector_map_msgs/share:/home/agilex/autoware.ai/install/tablet_socket_msgs/share:/home/agilex/autoware.ai/install/autoware_system_msgs/share:/home/agilex/autoware.ai/install/autoware_msgs/share:/home/agilex/autoware.ai/install/autoware_config_msgs/share:/home/agilex/autoware.ai/install/autoware_build_flags/share:${ROS_PACKAGE_PATH} /usr/bin/cmake /home/agilex/autoware.ai/src/autoware/core_perception/lidar_kf_contour_track -DCMAKE_BUILD_TYPE=Release -DCATKIN_INSTALL_INTO_PREFIX_ROOT=0 -DCMAKE_INSTALL_PREFIX=/home/agilex/autoware.ai/install/lidar_kf_contour_track
[0.120s] -- The C compiler identification is GNU 7.5.0
[0.181s] -- The CXX compiler identification is GNU 7.5.0
[0.186s] -- Check for working C compiler: /usr/bin/cc
[0.265s] -- Check for working C compiler: /usr/bin/cc -- works
[0.265s] -- Detecting C compiler ABI info
[0.351s] -- Detecting C compiler ABI info - done
[0.362s] -- Detecting C compile features
[0.664s] -- Detecting C compile features - done
[0.666s] -- Check for working CXX compiler: /usr/bin/c++
[0.784s] -- Check for working CXX compiler: /usr/bin/c++ -- works
[0.785s] -- Detecting CXX compiler ABI info
[0.909s] -- Detecting CXX compiler ABI info - done
[0.917s] -- Detecting CXX compile features
[1.282s] -- Detecting CXX compile features - done
[1.285s] -- CUDA compilation status: .
[1.354s] -- Using CATKIN_DEVEL_PREFIX: /home/agilex/autoware.ai/build/lidar_kf_contour_track/devel
[1.354s] -- Using CMAKE_PREFIX_PATH: /home/agilex/autoware.ai/install/op_ros_helpers;/home/agilex/autoware.ai/install/op_simu;/home/agilex/autoware.ai/install/op_planner;/home/agilex/autoware.ai/install/op_utility;/home/agilex/autoware.ai/install/waypoint_follower;/home/agilex/autoware.ai/install/vector_map_server;/home/agilex/autoware.ai/install/map_file;/home/agilex/autoware.ai/install/vector_map;/home/agilex/autoware.ai/install/autoware_health_checker;/home/agilex/autoware.ai/install/amathutils_lib;/home/agilex/autoware.ai/install/vector_map_msgs;/home/agilex/autoware.ai/install/tablet_socket_msgs;/home/agilex/autoware.ai/install/autoware_system_msgs;/home/agilex/autoware.ai/install/autoware_msgs;/home/agilex/autoware.ai/install/autoware_config_msgs;/home/agilex/autoware.ai/install/autoware_build_flags;/opt/ros/melodic
[1.354s] -- This workspace overlays: /home/agilex/autoware.ai/install/op_ros_helpers;/home/agilex/autoware.ai/install/op_simu;/home/agilex/autoware.ai/install/op_planner;/home/agilex/autoware.ai/install/op_utility;/home/agilex/autoware.ai/install/waypoint_follower;/home/agilex/autoware.ai/install/vector_map_server;/home/agilex/autoware.ai/install/map_file;/home/agilex/autoware.ai/install/vector_map;/home/agilex/autoware.ai/install/autoware_health_checker;/home/agilex/autoware.ai/install/amathutils_lib;/home/agilex/autoware.ai/install/vector_map_msgs;/home/agilex/autoware.ai/install/tablet_socket_msgs;/home/agilex/autoware.ai/install/autoware_system_msgs;/home/agilex/autoware.ai/install/autoware_msgs;/home/agilex/autoware.ai/install/autoware_config_msgs;/home/agilex/autoware.ai/install/autoware_build_flags;/opt/ros/melodic
[1.369s] -- Found PythonInterp: /usr/bin/python2 (found suitable version "2.7.17", minimum required is "2") 
[1.369s] -- Using PYTHON_EXECUTABLE: /usr/bin/python2
[1.369s] -- Using Debian Python package layout
[1.370s] -- Using empy: /usr/bin/empy
[1.535s] -- Using CATKIN_ENABLE_TESTING: ON
[1.535s] -- Call enable_testing()
[1.537s] -- Using CATKIN_TEST_RESULTS_DIR: /home/agilex/autoware.ai/build/lidar_kf_contour_track/test_results
[1.558s] -- Found gtest sources under '/usr/src/googletest': gtests will be built
[1.558s] -- Found gmock sources under '/usr/src/googletest': gmock will be built
[1.574s] -- Found PythonInterp: /usr/bin/python2 (found version "2.7.17") 
[1.575s] -- Looking for pthread.h
[1.642s] -- Looking for pthread.h - found
[1.643s] -- Looking for pthread_create
[1.710s] -- Looking for pthread_create - not found
[1.711s] -- Looking for pthread_create in pthreads
[1.778s] -- Looking for pthread_create in pthreads - not found
[1.778s] -- Looking for pthread_create in pthread
[1.841s] -- Looking for pthread_create in pthread - found
[1.843s] -- Found Threads: TRUE  
[1.847s] -- Using Python nosetests: /usr/bin/nosetests-2.7
[1.893s] -- catkin 0.7.29
[1.893s] -- BUILD_SHARED_LIBS is on
[2.001s] -- Using these message generators: gencpp;geneus;genlisp;gennodejs;genpy
[3.520s] -- Found OpenCV: /usr (found version "3.2.0") 
[3.667s] -- Configuring done
[3.751s] -- Generating done
[3.766s] -- Build files have been written to: /home/agilex/autoware.ai/build/lidar_kf_contour_track
[3.775s] Invoked command in '/home/agilex/autoware.ai/build/lidar_kf_contour_track' returned '0': CMAKE_PREFIX_PATH=/home/agilex/autoware.ai/install/op_ros_helpers:/home/agilex/autoware.ai/install/op_simu:/home/agilex/autoware.ai/install/op_planner:/home/agilex/autoware.ai/install/op_utility:/home/agilex/autoware.ai/install/waypoint_follower:/home/agilex/autoware.ai/install/vector_map_server:/home/agilex/autoware.ai/install/map_file:/home/agilex/autoware.ai/install/vector_map:/home/agilex/autoware.ai/install/autoware_health_checker:/home/agilex/autoware.ai/install/amathutils_lib:/home/agilex/autoware.ai/install/vector_map_msgs:/home/agilex/autoware.ai/install/tablet_socket_msgs:/home/agilex/autoware.ai/install/autoware_system_msgs:/home/agilex/autoware.ai/install/autoware_msgs:/home/agilex/autoware.ai/install/autoware_config_msgs:/home/agilex/autoware.ai/install/autoware_build_flags:${CMAKE_PREFIX_PATH} LD_LIBRARY_PATH=/home/agilex/autoware.ai/install/op_ros_helpers/lib:/home/agilex/autoware.ai/install/op_simu/lib:/home/agilex/autoware.ai/install/op_planner/lib:/home/agilex/autoware.ai/install/op_utility/lib:/home/agilex/autoware.ai/install/waypoint_follower/lib:/home/agilex/autoware.ai/install/map_file/lib:/home/agilex/autoware.ai/install/vector_map/lib:/home/agilex/autoware.ai/install/autoware_health_checker/lib:/home/agilex/autoware.ai/install/amathutils_lib/lib:${LD_LIBRARY_PATH} PKG_CONFIG_PATH=/home/agilex/autoware.ai/install/op_ros_helpers/lib/x86_64-linux-gnu/pkgconfig:/home/agilex/autoware.ai/install/op_ros_helpers/lib/pkgconfig:/home/agilex/autoware.ai/install/op_simu/lib/x86_64-linux-gnu/pkgconfig:/home/agilex/autoware.ai/install/op_simu/lib/pkgconfig:/home/agilex/autoware.ai/install/op_planner/lib/x86_64-linux-gnu/pkgconfig:/home/agilex/autoware.ai/install/op_planner/lib/pkgconfig:/home/agilex/autoware.ai/install/op_utility/lib/x86_64-linux-gnu/pkgconfig:/home/agilex/autoware.ai/install/op_utility/lib/pkgconfig:/home/agilex/autoware.ai/install/waypoint_follower/lib/x86_64-linux-gnu/pkgconfig:/home/agilex/autoware.ai/install/waypoint_follower/lib/pkgconfig:/home/agilex/autoware.ai/install/vector_map_server/lib/x86_64-linux-gnu/pkgconfig:/home/agilex/autoware.ai/install/vector_map_server/lib/pkgconfig:/home/agilex/autoware.ai/install/map_file/lib/x86_64-linux-gnu/pkgconfig:/home/agilex/autoware.ai/install/map_file/lib/pkgconfig:/home/agilex/autoware.ai/install/vector_map/lib/x86_64-linux-gnu/pkgconfig:/home/agilex/autoware.ai/install/vector_map/lib/pkgconfig:/home/agilex/autoware.ai/install/autoware_health_checker/lib/x86_64-linux-gnu/pkgconfig:/home/agilex/autoware.ai/install/autoware_health_checker/lib/pkgconfig:/home/agilex/autoware.ai/install/amathutils_lib/lib/x86_64-linux-gnu/pkgconfig:/home/agilex/autoware.ai/install/amathutils_lib/lib/pkgconfig:/home/agilex/autoware.ai/install/vector_map_msgs/lib/x86_64-linux-gnu/pkgconfig:/home/agilex/autoware.ai/install/vector_map_msgs/lib/pkgconfig:/home/agilex/autoware.ai/install/tablet_socket_msgs/lib/x86_64-linux-gnu/pkgconfig:/home/agilex/autoware.ai/install/tablet_socket_msgs/lib/pkgconfig:/home/agilex/autoware.ai/install/autoware_system_msgs/lib/x86_64-linux-gnu/pkgconfig:/home/agilex/autoware.ai/install/autoware_system_msgs/lib/pkgconfig:/home/agilex/autoware.ai/install/autoware_msgs/lib/x86_64-linux-gnu/pkgconfig:/home/agilex/autoware.ai/install/autoware_msgs/lib/pkgconfig:/home/agilex/autoware.ai/install/autoware_config_msgs/lib/x86_64-linux-gnu/pkgconfig:/home/agilex/autoware.ai/install/autoware_config_msgs/lib/pkgconfig:/home/agilex/autoware.ai/install/autoware_build_flags/lib/x86_64-linux-gnu/pkgconfig:/home/agilex/autoware.ai/install/autoware_build_flags/lib/pkgconfig:${PKG_CONFIG_PATH} PYTHONPATH=/home/agilex/autoware.ai/install/vector_map_server/lib/python2.7/dist-packages:/home/agilex/autoware.ai/install/vector_map_msgs/lib/python2.7/dist-packages:/home/agilex/autoware.ai/install/tablet_socket_msgs/lib/python2.7/dist-packages:/home/agilex/autoware.ai/install/autoware_system_msgs/lib/python2.7/dist-packages:/home/agilex/autoware.ai/install/autoware_msgs/lib/python2.7/dist-packages:/home/agilex/autoware.ai/install/autoware_config_msgs/lib/python2.7/dist-packages:${PYTHONPATH} ROS_PACKAGE_PATH=/home/agilex/autoware.ai/install/op_ros_helpers/share:/home/agilex/autoware.ai/install/op_simu/share:/home/agilex/autoware.ai/install/op_planner/share:/home/agilex/autoware.ai/install/op_utility/share:/home/agilex/autoware.ai/install/waypoint_follower/share:/home/agilex/autoware.ai/install/vector_map_server/share:/home/agilex/autoware.ai/install/map_file/share:/home/agilex/autoware.ai/install/vector_map/share:/home/agilex/autoware.ai/install/autoware_health_checker/share:/home/agilex/autoware.ai/install/amathutils_lib/share:/home/agilex/autoware.ai/install/vector_map_msgs/share:/home/agilex/autoware.ai/install/tablet_socket_msgs/share:/home/agilex/autoware.ai/install/autoware_system_msgs/share:/home/agilex/autoware.ai/install/autoware_msgs/share:/home/agilex/autoware.ai/install/autoware_config_msgs/share:/home/agilex/autoware.ai/install/autoware_build_flags/share:${ROS_PACKAGE_PATH} /usr/bin/cmake /home/agilex/autoware.ai/src/autoware/core_perception/lidar_kf_contour_track -DCMAKE_BUILD_TYPE=Release -DCATKIN_INSTALL_INTO_PREFIX_ROOT=0 -DCMAKE_INSTALL_PREFIX=/home/agilex/autoware.ai/install/lidar_kf_contour_track
[3.776s] Invoking command in '/home/agilex/autoware.ai/build/lidar_kf_contour_track': CMAKE_PREFIX_PATH=/home/agilex/autoware.ai/install/op_ros_helpers:/home/agilex/autoware.ai/install/op_simu:/home/agilex/autoware.ai/install/op_planner:/home/agilex/autoware.ai/install/op_utility:/home/agilex/autoware.ai/install/waypoint_follower:/home/agilex/autoware.ai/install/vector_map_server:/home/agilex/autoware.ai/install/map_file:/home/agilex/autoware.ai/install/vector_map:/home/agilex/autoware.ai/install/autoware_health_checker:/home/agilex/autoware.ai/install/amathutils_lib:/home/agilex/autoware.ai/install/vector_map_msgs:/home/agilex/autoware.ai/install/tablet_socket_msgs:/home/agilex/autoware.ai/install/autoware_system_msgs:/home/agilex/autoware.ai/install/autoware_msgs:/home/agilex/autoware.ai/install/autoware_config_msgs:/home/agilex/autoware.ai/install/autoware_build_flags:${CMAKE_PREFIX_PATH} LD_LIBRARY_PATH=/home/agilex/autoware.ai/install/op_ros_helpers/lib:/home/agilex/autoware.ai/install/op_simu/lib:/home/agilex/autoware.ai/install/op_planner/lib:/home/agilex/autoware.ai/install/op_utility/lib:/home/agilex/autoware.ai/install/waypoint_follower/lib:/home/agilex/autoware.ai/install/map_file/lib:/home/agilex/autoware.ai/install/vector_map/lib:/home/agilex/autoware.ai/install/autoware_health_checker/lib:/home/agilex/autoware.ai/install/amathutils_lib/lib:${LD_LIBRARY_PATH} PKG_CONFIG_PATH=/home/agilex/autoware.ai/install/op_ros_helpers/lib/x86_64-linux-gnu/pkgconfig:/home/agilex/autoware.ai/install/op_ros_helpers/lib/pkgconfig:/home/agilex/autoware.ai/install/op_simu/lib/x86_64-linux-gnu/pkgconfig:/home/agilex/autoware.ai/install/op_simu/lib/pkgconfig:/home/agilex/autoware.ai/install/op_planner/lib/x86_64-linux-gnu/pkgconfig:/home/agilex/autoware.ai/install/op_planner/lib/pkgconfig:/home/agilex/autoware.ai/install/op_utility/lib/x86_64-linux-gnu/pkgconfig:/home/agilex/autoware.ai/install/op_utility/lib/pkgconfig:/home/agilex/autoware.ai/install/waypoint_follower/lib/x86_64-linux-gnu/pkgconfig:/home/agilex/autoware.ai/install/waypoint_follower/lib/pkgconfig:/home/agilex/autoware.ai/install/vector_map_server/lib/x86_64-linux-gnu/pkgconfig:/home/agilex/autoware.ai/install/vector_map_server/lib/pkgconfig:/home/agilex/autoware.ai/install/map_file/lib/x86_64-linux-gnu/pkgconfig:/home/agilex/autoware.ai/install/map_file/lib/pkgconfig:/home/agilex/autoware.ai/install/vector_map/lib/x86_64-linux-gnu/pkgconfig:/home/agilex/autoware.ai/install/vector_map/lib/pkgconfig:/home/agilex/autoware.ai/install/autoware_health_checker/lib/x86_64-linux-gnu/pkgconfig:/home/agilex/autoware.ai/install/autoware_health_checker/lib/pkgconfig:/home/agilex/autoware.ai/install/amathutils_lib/lib/x86_64-linux-gnu/pkgconfig:/home/agilex/autoware.ai/install/amathutils_lib/lib/pkgconfig:/home/agilex/autoware.ai/install/vector_map_msgs/lib/x86_64-linux-gnu/pkgconfig:/home/agilex/autoware.ai/install/vector_map_msgs/lib/pkgconfig:/home/agilex/autoware.ai/install/tablet_socket_msgs/lib/x86_64-linux-gnu/pkgconfig:/home/agilex/autoware.ai/install/tablet_socket_msgs/lib/pkgconfig:/home/agilex/autoware.ai/install/autoware_system_msgs/lib/x86_64-linux-gnu/pkgconfig:/home/agilex/autoware.ai/install/autoware_system_msgs/lib/pkgconfig:/home/agilex/autoware.ai/install/autoware_msgs/lib/x86_64-linux-gnu/pkgconfig:/home/agilex/autoware.ai/install/autoware_msgs/lib/pkgconfig:/home/agilex/autoware.ai/install/autoware_config_msgs/lib/x86_64-linux-gnu/pkgconfig:/home/agilex/autoware.ai/install/autoware_config_msgs/lib/pkgconfig:/home/agilex/autoware.ai/install/autoware_build_flags/lib/x86_64-linux-gnu/pkgconfig:/home/agilex/autoware.ai/install/autoware_build_flags/lib/pkgconfig:${PKG_CONFIG_PATH} PYTHONPATH=/home/agilex/autoware.ai/install/vector_map_server/lib/python2.7/dist-packages:/home/agilex/autoware.ai/install/vector_map_msgs/lib/python2.7/dist-packages:/home/agilex/autoware.ai/install/tablet_socket_msgs/lib/python2.7/dist-packages:/home/agilex/autoware.ai/install/autoware_system_msgs/lib/python2.7/dist-packages:/home/agilex/autoware.ai/install/autoware_msgs/lib/python2.7/dist-packages:/home/agilex/autoware.ai/install/autoware_config_msgs/lib/python2.7/dist-packages:${PYTHONPATH} ROS_PACKAGE_PATH=/home/agilex/autoware.ai/install/op_ros_helpers/share:/home/agilex/autoware.ai/install/op_simu/share:/home/agilex/autoware.ai/install/op_planner/share:/home/agilex/autoware.ai/install/op_utility/share:/home/agilex/autoware.ai/install/waypoint_follower/share:/home/agilex/autoware.ai/install/vector_map_server/share:/home/agilex/autoware.ai/install/map_file/share:/home/agilex/autoware.ai/install/vector_map/share:/home/agilex/autoware.ai/install/autoware_health_checker/share:/home/agilex/autoware.ai/install/amathutils_lib/share:/home/agilex/autoware.ai/install/vector_map_msgs/share:/home/agilex/autoware.ai/install/tablet_socket_msgs/share:/home/agilex/autoware.ai/install/autoware_system_msgs/share:/home/agilex/autoware.ai/install/autoware_msgs/share:/home/agilex/autoware.ai/install/autoware_config_msgs/share:/home/agilex/autoware.ai/install/autoware_build_flags/share:${ROS_PACKAGE_PATH} /usr/bin/cmake --build /home/agilex/autoware.ai/build/lidar_kf_contour_track -- -j8 -l8
[3.824s] [35m[1mScanning dependencies of target dynamic_reconfigure_gencfg[0m
[3.837s] [  0%] Built target dynamic_reconfigure_gencfg
[3.848s] [35m[1mScanning dependencies of target autoware_system_msgs_generate_messages_cpp[0m
[3.858s] [  0%] Built target autoware_system_msgs_generate_messages_cpp
[3.868s] [35m[1mScanning dependencies of target tablet_socket_msgs_generate_messages_cpp[0m
[3.878s] [  0%] Built target tablet_socket_msgs_generate_messages_cpp
[3.888s] [35m[1mScanning dependencies of target autoware_config_msgs_generate_messages_lisp[0m
[3.901s] [  0%] Built target autoware_config_msgs_generate_messages_lisp
[3.911s] [35m[1mScanning dependencies of target autoware_config_msgs_generate_messages_eus[0m
[3.923s] [  0%] Built target autoware_config_msgs_generate_messages_eus
[3.936s] [35m[1mScanning dependencies of target visualization_msgs_generate_messages_py[0m
[3.948s] [  0%] Built target visualization_msgs_generate_messages_py
[3.958s] [35m[1mScanning dependencies of target tablet_socket_msgs_generate_messages_lisp[0m
[3.968s] [  0%] Built target tablet_socket_msgs_generate_messages_lisp
[3.978s] [35m[1mScanning dependencies of target visualization_msgs_generate_messages_nodejs[0m
[3.997s] [  0%] Built target visualization_msgs_generate_messages_nodejs
[4.007s] [35m[1mScanning dependencies of target vector_map_server_generate_messages_nodejs[0m
[4.016s] [  0%] Built target vector_map_server_generate_messages_nodejs
[4.026s] [35m[1mScanning dependencies of target visualization_msgs_generate_messages_eus[0m
[4.035s] [  0%] Built target visualization_msgs_generate_messages_eus
[4.047s] [35m[1mScanning dependencies of target vector_map_server_generate_messages_cpp[0m
[4.059s] [  0%] Built target vector_map_server_generate_messages_cpp
[4.070s] [35m[1mScanning dependencies of target vector_map_msgs_generate_messages_py[0m
[4.080s] [  0%] Built target vector_map_msgs_generate_messages_py
[4.095s] [35m[1mScanning dependencies of target autoware_system_msgs_generate_messages_lisp[0m
[4.107s] [  0%] Built target autoware_system_msgs_generate_messages_lisp
[4.117s] [35m[1mScanning dependencies of target vector_map_msgs_generate_messages_lisp[0m
[4.127s] [  0%] Built target vector_map_msgs_generate_messages_lisp
[4.151s] [35m[1mScanning dependencies of target vector_map_msgs_generate_messages_eus[0m
[4.166s] [  0%] Built target vector_map_msgs_generate_messages_eus
[4.176s] [35m[1mScanning dependencies of target vector_map_msgs_generate_messages_cpp[0m
[4.185s] [  0%] Built target vector_map_msgs_generate_messages_cpp
[4.194s] [35m[1mScanning dependencies of target topic_tools_generate_messages_nodejs[0m
[4.203s] [  0%] Built target topic_tools_generate_messages_nodejs
[4.213s] [35m[1mScanning dependencies of target topic_tools_generate_messages_eus[0m
[4.223s] [  0%] Built target topic_tools_generate_messages_eus
[4.232s] [35m[1mScanning dependencies of target topic_tools_generate_messages_cpp[0m
[4.244s] [  0%] Built target topic_tools_generate_messages_cpp
[4.259s] [35m[1mScanning dependencies of target std_srvs_generate_messages_py[0m
[4.269s] [  0%] Built target std_srvs_generate_messages_py
[4.278s] [35m[1mScanning dependencies of target std_srvs_generate_messages_nodejs[0m
[4.289s] [  0%] Built target std_srvs_generate_messages_nodejs
[4.300s] [35m[1mScanning dependencies of target vector_map_msgs_generate_messages_nodejs[0m
[4.312s] [  0%] Built target vector_map_msgs_generate_messages_nodejs
[4.321s] [35m[1mScanning dependencies of target bond_generate_messages_py[0m
[4.335s] [  0%] Built target bond_generate_messages_py
[4.350s] [35m[1mScanning dependencies of target trajectory_msgs_generate_messages_nodejs[0m
[4.359s] [  0%] Built target trajectory_msgs_generate_messages_nodejs
[4.368s] [35m[1mScanning dependencies of target autoware_config_msgs_generate_messages_py[0m
[4.377s] [  0%] Built target autoware_config_msgs_generate_messages_py
[4.387s] [35m[1mScanning dependencies of target bond_generate_messages_nodejs[0m
[4.396s] [  0%] Built target bond_generate_messages_nodejs
[4.406s] [35m[1mScanning dependencies of target bond_generate_messages_lisp[0m
[4.416s] [  0%] Built target bond_generate_messages_lisp
[4.425s] [35m[1mScanning dependencies of target bond_generate_messages_eus[0m
[4.436s] [  0%] Built target bond_generate_messages_eus
[4.445s] [35m[1mScanning dependencies of target trajectory_msgs_generate_messages_lisp[0m
[4.454s] [  0%] Built target trajectory_msgs_generate_messages_lisp
[4.463s] [35m[1mScanning dependencies of target bond_generate_messages_cpp[0m
[4.473s] [  0%] Built target bond_generate_messages_cpp
[4.481s] [35m[1mScanning dependencies of target nodelet_generate_messages_nodejs[0m
[4.491s] [  0%] Built target nodelet_generate_messages_nodejs
[4.505s] [35m[1mScanning dependencies of target nodelet_generate_messages_eus[0m
[4.514s] [  0%] Built target nodelet_generate_messages_eus
[4.524s] [35m[1mScanning dependencies of target nodelet_generate_messages_cpp[0m
[4.533s] [  0%] Built target nodelet_generate_messages_cpp
[4.542s] [35m[1mScanning dependencies of target vector_map_server_generate_messages_lisp[0m
[4.552s] [  0%] Built target vector_map_server_generate_messages_lisp
[4.562s] [35m[1mScanning dependencies of target jsk_footstep_msgs_generate_messages_nodejs[0m
[4.571s] [  0%] Built target jsk_footstep_msgs_generate_messages_nodejs
[4.581s] [35m[1mScanning dependencies of target jsk_footstep_msgs_generate_messages_lisp[0m
[4.590s] [  0%] Built target jsk_footstep_msgs_generate_messages_lisp
[4.599s] [35m[1mScanning dependencies of target jsk_footstep_msgs_generate_messages_eus[0m
[4.615s] [  0%] Built target jsk_footstep_msgs_generate_messages_eus
[4.627s] [35m[1mScanning dependencies of target actionlib_msgs_generate_messages_py[0m
[4.637s] [  0%] Built target actionlib_msgs_generate_messages_py
[4.648s] [35m[1mScanning dependencies of target geometry_msgs_generate_messages_py[0m
[4.658s] [  0%] Built target geometry_msgs_generate_messages_py
[4.671s] [35m[1mScanning dependencies of target pcl_msgs_generate_messages_nodejs[0m
[4.681s] [  0%] Built target pcl_msgs_generate_messages_nodejs
[4.691s] [35m[1mScanning dependencies of target jsk_recognition_msgs_generate_messages_py[0m
[4.700s] [  0%] Built target jsk_recognition_msgs_generate_messages_py
[4.710s] [35m[1mScanning dependencies of target pcl_msgs_generate_messages_eus[0m
[4.719s] [  0%] Built target pcl_msgs_generate_messages_eus
[4.728s] [35m[1mScanning dependencies of target gazebo_msgs_generate_messages_nodejs[0m
[4.740s] [  0%] Built target gazebo_msgs_generate_messages_nodejs
[4.751s] [35m[1mScanning dependencies of target rosgraph_msgs_generate_messages_eus[0m
[4.761s] [  0%] Built target rosgraph_msgs_generate_messages_eus
[4.772s] [35m[1mScanning dependencies of target jsk_recognition_msgs_generate_messages_lisp[0m
[4.782s] [  0%] Built target jsk_recognition_msgs_generate_messages_lisp
[4.793s] [35m[1mScanning dependencies of target jsk_recognition_msgs_generate_messages_eus[0m
[4.803s] [  0%] Built target jsk_recognition_msgs_generate_messages_eus
[4.814s] [35m[1mScanning dependencies of target tf2_msgs_generate_messages_cpp[0m
[4.824s] [  0%] Built target tf2_msgs_generate_messages_cpp
[4.834s] [35m[1mScanning dependencies of target nodelet_generate_messages_py[0m
[4.844s] [  0%] Built target nodelet_generate_messages_py
[4.853s] [35m[1mScanning dependencies of target sensor_msgs_generate_messages_py[0m
[4.863s] [  0%] Built target sensor_msgs_generate_messages_py
[4.872s] [35m[1mScanning dependencies of target autoware_system_msgs_generate_messages_py[0m
[4.884s] [  0%] Built target autoware_system_msgs_generate_messages_py
[4.893s] [35m[1mScanning dependencies of target sensor_msgs_generate_messages_nodejs[0m
[4.903s] [  0%] Built target sensor_msgs_generate_messages_nodejs
[4.913s] [35m[1mScanning dependencies of target vector_map_server_generate_messages_eus[0m
[4.923s] [  0%] Built target vector_map_server_generate_messages_eus
[4.933s] [35m[1mScanning dependencies of target roscpp_generate_messages_cpp[0m
[4.948s] [  0%] Built target roscpp_generate_messages_cpp
[4.958s] [35m[1mScanning dependencies of target actionlib_generate_messages_cpp[0m
[4.968s] [  0%] Built target actionlib_generate_messages_cpp
[4.980s] [35m[1mScanning dependencies of target autoware_msgs_generate_messages_lisp[0m
[4.993s] [  0%] Built target autoware_msgs_generate_messages_lisp
[5.003s] [35m[1mScanning dependencies of target tablet_socket_msgs_generate_messages_py[0m
[5.015s] [  0%] Built target tablet_socket_msgs_generate_messages_py
[5.025s] [35m[1mScanning dependencies of target jsk_footstep_msgs_generate_messages_py[0m
[5.035s] [  0%] Built target jsk_footstep_msgs_generate_messages_py
[5.050s] [35m[1mScanning dependencies of target std_msgs_generate_messages_cpp[0m
[5.064s] [  0%] Built target std_msgs_generate_messages_cpp
[5.074s] [35m[1mScanning dependencies of target geometry_msgs_generate_messages_lisp[0m
[5.084s] [  0%] Built target geometry_msgs_generate_messages_lisp
[5.094s] [35m[1mScanning dependencies of target nodelet_generate_messages_lisp[0m
[5.104s] [  0%] Built target nodelet_generate_messages_lisp
[5.118s] [35m[1mScanning dependencies of target autoware_msgs_generate_messages_py[0m
[5.128s] [  0%] Built target autoware_msgs_generate_messages_py
[5.138s] [35m[1mScanning dependencies of target std_msgs_generate_messages_py[0m
[5.149s] [  0%] Built target std_msgs_generate_messages_py
[5.159s] [35m[1mScanning dependencies of target autoware_msgs_generate_messages_cpp[0m
[5.170s] [  0%] Built target autoware_msgs_generate_messages_cpp
[5.180s] [35m[1mScanning dependencies of target rosgraph_msgs_generate_messages_cpp[0m
[5.191s] [  0%] Built target rosgraph_msgs_generate_messages_cpp
[5.201s] [35m[1mScanning dependencies of target tablet_socket_msgs_generate_messages_nodejs[0m
[5.211s] [  0%] Built target tablet_socket_msgs_generate_messages_nodejs
[5.221s] [35m[1mScanning dependencies of target tf_generate_messages_py[0m
[5.230s] [  0%] Built target tf_generate_messages_py
[5.245s] [35m[1mScanning dependencies of target dynamic_reconfigure_generate_messages_cpp[0m
[5.261s] [  0%] Built target dynamic_reconfigure_generate_messages_cpp
[5.271s] [35m[1mScanning dependencies of target pcl_msgs_generate_messages_cpp[0m
[5.282s] [  0%] Built target pcl_msgs_generate_messages_cpp
[5.291s] [35m[1mScanning dependencies of target gazebo_msgs_generate_messages_cpp[0m
[5.301s] [  0%] Built target gazebo_msgs_generate_messages_cpp
[5.312s] [35m[1mScanning dependencies of target dynamic_reconfigure_generate_messages_lisp[0m
[5.322s] [  0%] Built target dynamic_reconfigure_generate_messages_lisp
[5.334s] [35m[1mScanning dependencies of target topic_tools_generate_messages_lisp[0m
[5.345s] [  0%] Built target topic_tools_generate_messages_lisp
[5.355s] [35m[1mScanning dependencies of target jsk_recognition_msgs_generate_messages_cpp[0m
[5.366s] [  0%] Built target jsk_recognition_msgs_generate_messages_cpp
[5.376s] [35m[1mScanning dependencies of target sensor_msgs_generate_messages_lisp[0m
[5.386s] [  0%] Built target sensor_msgs_generate_messages_lisp
[5.400s] [35m[1mScanning dependencies of target std_srvs_generate_messages_cpp[0m
[5.414s] [  0%] Built target std_srvs_generate_messages_cpp
[5.424s] [35m[1mScanning dependencies of target autoware_msgs_generate_messages_eus[0m
[5.436s] [  0%] Built target autoware_msgs_generate_messages_eus
[5.444s] [35m[1mScanning dependencies of target autoware_msgs_generate_messages_nodejs[0m
[5.454s] [  0%] Built target autoware_msgs_generate_messages_nodejs
[5.463s] [35m[1mScanning dependencies of target visualization_msgs_generate_messages_lisp[0m
[5.474s] [  0%] Built target visualization_msgs_generate_messages_lisp
[5.484s] [35m[1mScanning dependencies of target std_msgs_generate_messages_eus[0m
[5.494s] [  0%] Built target std_msgs_generate_messages_eus
[5.507s] [35m[1mScanning dependencies of target geometry_msgs_generate_messages_eus[0m
[5.517s] [  0%] Built target geometry_msgs_generate_messages_eus
[5.527s] [35m[1mScanning dependencies of target std_msgs_generate_messages_nodejs[0m
[5.537s] [  0%] Built target std_msgs_generate_messages_nodejs
[5.549s] [35m[1mScanning dependencies of target sensor_msgs_generate_messages_eus[0m
[5.561s] [  0%] Built target sensor_msgs_generate_messages_eus
[5.571s] [35m[1mScanning dependencies of target std_srvs_generate_messages_lisp[0m
[5.582s] [  0%] Built target std_srvs_generate_messages_lisp
[5.591s] [35m[1mScanning dependencies of target roscpp_generate_messages_nodejs[0m
[5.601s] [  0%] Built target roscpp_generate_messages_nodejs
[5.611s] [35m[1mScanning dependencies of target std_msgs_generate_messages_lisp[0m
[5.624s] [  0%] Built target std_msgs_generate_messages_lisp
[5.635s] [35m[1mScanning dependencies of target sensor_msgs_generate_messages_cpp[0m
[5.647s] [  0%] Built target sensor_msgs_generate_messages_cpp
[5.660s] [35m[1mScanning dependencies of target autoware_system_msgs_generate_messages_nodejs[0m
[5.669s] [  0%] Built target autoware_system_msgs_generate_messages_nodejs
[5.679s] [35m[1mScanning dependencies of target actionlib_msgs_generate_messages_lisp[0m
[5.689s] [  0%] Built target actionlib_msgs_generate_messages_lisp
[5.699s] [35m[1mScanning dependencies of target topic_tools_generate_messages_py[0m
[5.709s] [  0%] Built target topic_tools_generate_messages_py
[5.718s] [35m[1mScanning dependencies of target nodelet_topic_tools_gencfg[0m
[5.731s] [  0%] Built target nodelet_topic_tools_gencfg
[5.741s] [35m[1mScanning dependencies of target actionlib_msgs_generate_messages_nodejs[0m
[5.751s] [  0%] Built target actionlib_msgs_generate_messages_nodejs
[5.761s] [35m[1mScanning dependencies of target gazebo_msgs_generate_messages_py[0m
[5.771s] [  0%] Built target gazebo_msgs_generate_messages_py
[5.781s] [35m[1mScanning dependencies of target geometry_msgs_generate_messages_nodejs[0m
[5.791s] [  0%] Built target geometry_msgs_generate_messages_nodejs
[5.803s] [35m[1mScanning dependencies of target std_srvs_generate_messages_eus[0m
[5.812s] [  0%] Built target std_srvs_generate_messages_eus
[5.822s] [35m[1mScanning dependencies of target jsk_recognition_msgs_generate_messages_nodejs[0m
[5.837s] [  0%] Built target jsk_recognition_msgs_generate_messages_nodejs
[5.847s] [35m[1mScanning dependencies of target roscpp_generate_messages_lisp[0m
[5.857s] [  0%] Built target roscpp_generate_messages_lisp
[5.869s] [35m[1mScanning dependencies of target roscpp_generate_messages_py[0m
[5.879s] [  0%] Built target roscpp_generate_messages_py
[5.889s] [35m[1mScanning dependencies of target rosgraph_msgs_generate_messages_lisp[0m
[5.899s] [  0%] Built target rosgraph_msgs_generate_messages_lisp
[5.912s] [35m[1mScanning dependencies of target autoware_config_msgs_generate_messages_cpp[0m
[5.921s] [  0%] Built target autoware_config_msgs_generate_messages_cpp
[5.930s] [35m[1mScanning dependencies of target rosgraph_msgs_generate_messages_nodejs[0m
[5.940s] [  0%] Built target rosgraph_msgs_generate_messages_nodejs
[5.951s] [35m[1mScanning dependencies of target vector_map_server_generate_messages_py[0m
[5.961s] [  0%] Built target vector_map_server_generate_messages_py
[5.973s] [35m[1mScanning dependencies of target actionlib_msgs_generate_messages_eus[0m
[5.983s] [  0%] Built target actionlib_msgs_generate_messages_eus
[5.993s] [35m[1mScanning dependencies of target roscpp_generate_messages_eus[0m
[6.004s] [  0%] Built target roscpp_generate_messages_eus
[6.014s] [35m[1mScanning dependencies of target rosgraph_msgs_generate_messages_py[0m
[6.025s] [  0%] Built target rosgraph_msgs_generate_messages_py
[6.035s] [35m[1mScanning dependencies of target jsk_footstep_msgs_generate_messages_cpp[0m
[6.045s] [  0%] Built target jsk_footstep_msgs_generate_messages_cpp
[6.055s] [35m[1mScanning dependencies of target actionlib_msgs_generate_messages_cpp[0m
[6.067s] [  0%] Built target actionlib_msgs_generate_messages_cpp
[6.077s] [35m[1mScanning dependencies of target tf_generate_messages_eus[0m
[6.091s] [  0%] Built target tf_generate_messages_eus
[6.101s] [35m[1mScanning dependencies of target tf_generate_messages_lisp[0m
[6.113s] [  0%] Built target tf_generate_messages_lisp
[6.122s] [35m[1mScanning dependencies of target autoware_config_msgs_generate_messages_nodejs[0m
[6.135s] [  0%] Built target autoware_config_msgs_generate_messages_nodejs
[6.145s] [35m[1mScanning dependencies of target tf_generate_messages_nodejs[0m
[6.156s] [  0%] Built target tf_generate_messages_nodejs
[6.166s] [35m[1mScanning dependencies of target pcl_msgs_generate_messages_py[0m
[6.175s] [  0%] Built target pcl_msgs_generate_messages_py
[6.185s] [35m[1mScanning dependencies of target actionlib_generate_messages_eus[0m
[6.194s] [  0%] Built target actionlib_generate_messages_eus
[6.204s] [35m[1mScanning dependencies of target geometry_msgs_generate_messages_cpp[0m
[6.214s] [  0%] Built target geometry_msgs_generate_messages_cpp
[6.224s] [35m[1mScanning dependencies of target actionlib_generate_messages_lisp[0m
[6.236s] [  0%] Built target actionlib_generate_messages_lisp
[6.245s] [35m[1mScanning dependencies of target pcl_msgs_generate_messages_lisp[0m
[6.256s] [  0%] Built target pcl_msgs_generate_messages_lisp
[6.266s] [35m[1mScanning dependencies of target tf_generate_messages_cpp[0m
[6.275s] [  0%] Built target tf_generate_messages_cpp
[6.285s] [35m[1mScanning dependencies of target actionlib_generate_messages_nodejs[0m
[6.294s] [  0%] Built target actionlib_generate_messages_nodejs
[6.304s] [35m[1mScanning dependencies of target pcl_ros_gencfg[0m
[6.316s] [  0%] Built target pcl_ros_gencfg
[6.326s] [35m[1mScanning dependencies of target tablet_socket_msgs_generate_messages_eus[0m
[6.337s] [  0%] Built target tablet_socket_msgs_generate_messages_eus
[6.349s] [35m[1mScanning dependencies of target visualization_msgs_generate_messages_cpp[0m
[6.359s] [  0%] Built target visualization_msgs_generate_messages_cpp
[6.368s] [35m[1mScanning dependencies of target tf2_msgs_generate_messages_eus[0m
[6.378s] [  0%] Built target tf2_msgs_generate_messages_eus
[6.387s] [35m[1mScanning dependencies of target actionlib_generate_messages_py[0m
[6.397s] [  0%] Built target actionlib_generate_messages_py
[6.409s] [35m[1mScanning dependencies of target tf2_msgs_generate_messages_py[0m
[6.424s] [  0%] Built target tf2_msgs_generate_messages_py
[6.434s] [35m[1mScanning dependencies of target tf2_msgs_generate_messages_nodejs[0m
[6.444s] [  0%] Built target tf2_msgs_generate_messages_nodejs
[6.453s] [35m[1mScanning dependencies of target dynamic_reconfigure_generate_messages_eus[0m
[6.463s] [  0%] Built target dynamic_reconfigure_generate_messages_eus
[6.473s] [35m[1mScanning dependencies of target dynamic_reconfigure_generate_messages_nodejs[0m
[6.488s] [  0%] Built target dynamic_reconfigure_generate_messages_nodejs
[6.498s] [35m[1mScanning dependencies of target dynamic_reconfigure_generate_messages_py[0m
[6.507s] [  0%] Built target dynamic_reconfigure_generate_messages_py
[6.519s] [35m[1mScanning dependencies of target tf2_msgs_generate_messages_lisp[0m
[6.529s] [  0%] Built target tf2_msgs_generate_messages_lisp
[6.545s] [35m[1mScanning dependencies of target autoware_system_msgs_generate_messages_eus[0m
[6.549s] [  0%] Built target autoware_system_msgs_generate_messages_eus
[6.558s] [35m[1mScanning dependencies of target gazebo_msgs_generate_messages_lisp[0m
[6.570s] [  0%] Built target gazebo_msgs_generate_messages_lisp
[6.586s] [35m[1mScanning dependencies of target gazebo_msgs_generate_messages_eus[0m
[6.590s] [  0%] Built target gazebo_msgs_generate_messages_eus
[6.603s] [35m[1mScanning dependencies of target trajectory_msgs_generate_messages_cpp[0m
[6.614s] [  0%] Built target trajectory_msgs_generate_messages_cpp
[6.629s] [35m[1mScanning dependencies of target trajectory_msgs_generate_messages_eus[0m
[6.641s] [  0%] Built target trajectory_msgs_generate_messages_eus
[6.683s] [35m[1mScanning dependencies of target trajectory_msgs_generate_messages_py[0m
[6.694s] [  0%] Built target trajectory_msgs_generate_messages_py
[6.712s] [35m[1mScanning dependencies of target lidar_kf_contour_track[0m
[6.800s] [ 20%] [32mBuilding CXX object CMakeFiles/lidar_kf_contour_track.dir/nodes/lidar_kf_contour_track/lidar_kf_contour_track.cpp.o[0m
[12.801s] [ 40%] [32mBuilding CXX object CMakeFiles/lidar_kf_contour_track.dir/nodes/lidar_kf_contour_track/SimpleTracker.cpp.o[0m
[16.119s] [ 60%] [32mBuilding CXX object CMakeFiles/lidar_kf_contour_track.dir/nodes/lidar_kf_contour_track/PolygonGenerator.cpp.o[0m
[22.028s] [ 80%] [32mBuilding CXX object CMakeFiles/lidar_kf_contour_track.dir/nodes/lidar_kf_contour_track/lidar_kf_contour_track_core.cpp.o[0m
[35.575s] [100%] [32m[1mLinking CXX executable devel/lib/lidar_kf_contour_track/lidar_kf_contour_track[0m
[36.029s] [100%] Built target lidar_kf_contour_track
[36.040s] Invoked command in '/home/agilex/autoware.ai/build/lidar_kf_contour_track' returned '0': CMAKE_PREFIX_PATH=/home/agilex/autoware.ai/install/op_ros_helpers:/home/agilex/autoware.ai/install/op_simu:/home/agilex/autoware.ai/install/op_planner:/home/agilex/autoware.ai/install/op_utility:/home/agilex/autoware.ai/install/waypoint_follower:/home/agilex/autoware.ai/install/vector_map_server:/home/agilex/autoware.ai/install/map_file:/home/agilex/autoware.ai/install/vector_map:/home/agilex/autoware.ai/install/autoware_health_checker:/home/agilex/autoware.ai/install/amathutils_lib:/home/agilex/autoware.ai/install/vector_map_msgs:/home/agilex/autoware.ai/install/tablet_socket_msgs:/home/agilex/autoware.ai/install/autoware_system_msgs:/home/agilex/autoware.ai/install/autoware_msgs:/home/agilex/autoware.ai/install/autoware_config_msgs:/home/agilex/autoware.ai/install/autoware_build_flags:${CMAKE_PREFIX_PATH} LD_LIBRARY_PATH=/home/agilex/autoware.ai/install/op_ros_helpers/lib:/home/agilex/autoware.ai/install/op_simu/lib:/home/agilex/autoware.ai/install/op_planner/lib:/home/agilex/autoware.ai/install/op_utility/lib:/home/agilex/autoware.ai/install/waypoint_follower/lib:/home/agilex/autoware.ai/install/map_file/lib:/home/agilex/autoware.ai/install/vector_map/lib:/home/agilex/autoware.ai/install/autoware_health_checker/lib:/home/agilex/autoware.ai/install/amathutils_lib/lib:${LD_LIBRARY_PATH} PKG_CONFIG_PATH=/home/agilex/autoware.ai/install/op_ros_helpers/lib/x86_64-linux-gnu/pkgconfig:/home/agilex/autoware.ai/install/op_ros_helpers/lib/pkgconfig:/home/agilex/autoware.ai/install/op_simu/lib/x86_64-linux-gnu/pkgconfig:/home/agilex/autoware.ai/install/op_simu/lib/pkgconfig:/home/agilex/autoware.ai/install/op_planner/lib/x86_64-linux-gnu/pkgconfig:/home/agilex/autoware.ai/install/op_planner/lib/pkgconfig:/home/agilex/autoware.ai/install/op_utility/lib/x86_64-linux-gnu/pkgconfig:/home/agilex/autoware.ai/install/op_utility/lib/pkgconfig:/home/agilex/autoware.ai/install/waypoint_follower/lib/x86_64-linux-gnu/pkgconfig:/home/agilex/autoware.ai/install/waypoint_follower/lib/pkgconfig:/home/agilex/autoware.ai/install/vector_map_server/lib/x86_64-linux-gnu/pkgconfig:/home/agilex/autoware.ai/install/vector_map_server/lib/pkgconfig:/home/agilex/autoware.ai/install/map_file/lib/x86_64-linux-gnu/pkgconfig:/home/agilex/autoware.ai/install/map_file/lib/pkgconfig:/home/agilex/autoware.ai/install/vector_map/lib/x86_64-linux-gnu/pkgconfig:/home/agilex/autoware.ai/install/vector_map/lib/pkgconfig:/home/agilex/autoware.ai/install/autoware_health_checker/lib/x86_64-linux-gnu/pkgconfig:/home/agilex/autoware.ai/install/autoware_health_checker/lib/pkgconfig:/home/agilex/autoware.ai/install/amathutils_lib/lib/x86_64-linux-gnu/pkgconfig:/home/agilex/autoware.ai/install/amathutils_lib/lib/pkgconfig:/home/agilex/autoware.ai/install/vector_map_msgs/lib/x86_64-linux-gnu/pkgconfig:/home/agilex/autoware.ai/install/vector_map_msgs/lib/pkgconfig:/home/agilex/autoware.ai/install/tablet_socket_msgs/lib/x86_64-linux-gnu/pkgconfig:/home/agilex/autoware.ai/install/tablet_socket_msgs/lib/pkgconfig:/home/agilex/autoware.ai/install/autoware_system_msgs/lib/x86_64-linux-gnu/pkgconfig:/home/agilex/autoware.ai/install/autoware_system_msgs/lib/pkgconfig:/home/agilex/autoware.ai/install/autoware_msgs/lib/x86_64-linux-gnu/pkgconfig:/home/agilex/autoware.ai/install/autoware_msgs/lib/pkgconfig:/home/agilex/autoware.ai/install/autoware_config_msgs/lib/x86_64-linux-gnu/pkgconfig:/home/agilex/autoware.ai/install/autoware_config_msgs/lib/pkgconfig:/home/agilex/autoware.ai/install/autoware_build_flags/lib/x86_64-linux-gnu/pkgconfig:/home/agilex/autoware.ai/install/autoware_build_flags/lib/pkgconfig:${PKG_CONFIG_PATH} PYTHONPATH=/home/agilex/autoware.ai/install/vector_map_server/lib/python2.7/dist-packages:/home/agilex/autoware.ai/install/vector_map_msgs/lib/python2.7/dist-packages:/home/agilex/autoware.ai/install/tablet_socket_msgs/lib/python2.7/dist-packages:/home/agilex/autoware.ai/install/autoware_system_msgs/lib/python2.7/dist-packages:/home/agilex/autoware.ai/install/autoware_msgs/lib/python2.7/dist-packages:/home/agilex/autoware.ai/install/autoware_config_msgs/lib/python2.7/dist-packages:${PYTHONPATH} ROS_PACKAGE_PATH=/home/agilex/autoware.ai/install/op_ros_helpers/share:/home/agilex/autoware.ai/install/op_simu/share:/home/agilex/autoware.ai/install/op_planner/share:/home/agilex/autoware.ai/install/op_utility/share:/home/agilex/autoware.ai/install/waypoint_follower/share:/home/agilex/autoware.ai/install/vector_map_server/share:/home/agilex/autoware.ai/install/map_file/share:/home/agilex/autoware.ai/install/vector_map/share:/home/agilex/autoware.ai/install/autoware_health_checker/share:/home/agilex/autoware.ai/install/amathutils_lib/share:/home/agilex/autoware.ai/install/vector_map_msgs/share:/home/agilex/autoware.ai/install/tablet_socket_msgs/share:/home/agilex/autoware.ai/install/autoware_system_msgs/share:/home/agilex/autoware.ai/install/autoware_msgs/share:/home/agilex/autoware.ai/install/autoware_config_msgs/share:/home/agilex/autoware.ai/install/autoware_build_flags/share:${ROS_PACKAGE_PATH} /usr/bin/cmake --build /home/agilex/autoware.ai/build/lidar_kf_contour_track -- -j8 -l8
[36.125s] Invoking command in '/home/agilex/autoware.ai/build/lidar_kf_contour_track': CMAKE_PREFIX_PATH=/home/agilex/autoware.ai/install/op_ros_helpers:/home/agilex/autoware.ai/install/op_simu:/home/agilex/autoware.ai/install/op_planner:/home/agilex/autoware.ai/install/op_utility:/home/agilex/autoware.ai/install/waypoint_follower:/home/agilex/autoware.ai/install/vector_map_server:/home/agilex/autoware.ai/install/map_file:/home/agilex/autoware.ai/install/vector_map:/home/agilex/autoware.ai/install/autoware_health_checker:/home/agilex/autoware.ai/install/amathutils_lib:/home/agilex/autoware.ai/install/vector_map_msgs:/home/agilex/autoware.ai/install/tablet_socket_msgs:/home/agilex/autoware.ai/install/autoware_system_msgs:/home/agilex/autoware.ai/install/autoware_msgs:/home/agilex/autoware.ai/install/autoware_config_msgs:/home/agilex/autoware.ai/install/autoware_build_flags:${CMAKE_PREFIX_PATH} LD_LIBRARY_PATH=/home/agilex/autoware.ai/install/op_ros_helpers/lib:/home/agilex/autoware.ai/install/op_simu/lib:/home/agilex/autoware.ai/install/op_planner/lib:/home/agilex/autoware.ai/install/op_utility/lib:/home/agilex/autoware.ai/install/waypoint_follower/lib:/home/agilex/autoware.ai/install/map_file/lib:/home/agilex/autoware.ai/install/vector_map/lib:/home/agilex/autoware.ai/install/autoware_health_checker/lib:/home/agilex/autoware.ai/install/amathutils_lib/lib:${LD_LIBRARY_PATH} PKG_CONFIG_PATH=/home/agilex/autoware.ai/install/op_ros_helpers/lib/x86_64-linux-gnu/pkgconfig:/home/agilex/autoware.ai/install/op_ros_helpers/lib/pkgconfig:/home/agilex/autoware.ai/install/op_simu/lib/x86_64-linux-gnu/pkgconfig:/home/agilex/autoware.ai/install/op_simu/lib/pkgconfig:/home/agilex/autoware.ai/install/op_planner/lib/x86_64-linux-gnu/pkgconfig:/home/agilex/autoware.ai/install/op_planner/lib/pkgconfig:/home/agilex/autoware.ai/install/op_utility/lib/x86_64-linux-gnu/pkgconfig:/home/agilex/autoware.ai/install/op_utility/lib/pkgconfig:/home/agilex/autoware.ai/install/waypoint_follower/lib/x86_64-linux-gnu/pkgconfig:/home/agilex/autoware.ai/install/waypoint_follower/lib/pkgconfig:/home/agilex/autoware.ai/install/vector_map_server/lib/x86_64-linux-gnu/pkgconfig:/home/agilex/autoware.ai/install/vector_map_server/lib/pkgconfig:/home/agilex/autoware.ai/install/map_file/lib/x86_64-linux-gnu/pkgconfig:/home/agilex/autoware.ai/install/map_file/lib/pkgconfig:/home/agilex/autoware.ai/install/vector_map/lib/x86_64-linux-gnu/pkgconfig:/home/agilex/autoware.ai/install/vector_map/lib/pkgconfig:/home/agilex/autoware.ai/install/autoware_health_checker/lib/x86_64-linux-gnu/pkgconfig:/home/agilex/autoware.ai/install/autoware_health_checker/lib/pkgconfig:/home/agilex/autoware.ai/install/amathutils_lib/lib/x86_64-linux-gnu/pkgconfig:/home/agilex/autoware.ai/install/amathutils_lib/lib/pkgconfig:/home/agilex/autoware.ai/install/vector_map_msgs/lib/x86_64-linux-gnu/pkgconfig:/home/agilex/autoware.ai/install/vector_map_msgs/lib/pkgconfig:/home/agilex/autoware.ai/install/tablet_socket_msgs/lib/x86_64-linux-gnu/pkgconfig:/home/agilex/autoware.ai/install/tablet_socket_msgs/lib/pkgconfig:/home/agilex/autoware.ai/install/autoware_system_msgs/lib/x86_64-linux-gnu/pkgconfig:/home/agilex/autoware.ai/install/autoware_system_msgs/lib/pkgconfig:/home/agilex/autoware.ai/install/autoware_msgs/lib/x86_64-linux-gnu/pkgconfig:/home/agilex/autoware.ai/install/autoware_msgs/lib/pkgconfig:/home/agilex/autoware.ai/install/autoware_config_msgs/lib/x86_64-linux-gnu/pkgconfig:/home/agilex/autoware.ai/install/autoware_config_msgs/lib/pkgconfig:/home/agilex/autoware.ai/install/autoware_build_flags/lib/x86_64-linux-gnu/pkgconfig:/home/agilex/autoware.ai/install/autoware_build_flags/lib/pkgconfig:${PKG_CONFIG_PATH} PYTHONPATH=/home/agilex/autoware.ai/install/vector_map_server/lib/python2.7/dist-packages:/home/agilex/autoware.ai/install/vector_map_msgs/lib/python2.7/dist-packages:/home/agilex/autoware.ai/install/tablet_socket_msgs/lib/python2.7/dist-packages:/home/agilex/autoware.ai/install/autoware_system_msgs/lib/python2.7/dist-packages:/home/agilex/autoware.ai/install/autoware_msgs/lib/python2.7/dist-packages:/home/agilex/autoware.ai/install/autoware_config_msgs/lib/python2.7/dist-packages:${PYTHONPATH} ROS_PACKAGE_PATH=/home/agilex/autoware.ai/install/op_ros_helpers/share:/home/agilex/autoware.ai/install/op_simu/share:/home/agilex/autoware.ai/install/op_planner/share:/home/agilex/autoware.ai/install/op_utility/share:/home/agilex/autoware.ai/install/waypoint_follower/share:/home/agilex/autoware.ai/install/vector_map_server/share:/home/agilex/autoware.ai/install/map_file/share:/home/agilex/autoware.ai/install/vector_map/share:/home/agilex/autoware.ai/install/autoware_health_checker/share:/home/agilex/autoware.ai/install/amathutils_lib/share:/home/agilex/autoware.ai/install/vector_map_msgs/share:/home/agilex/autoware.ai/install/tablet_socket_msgs/share:/home/agilex/autoware.ai/install/autoware_system_msgs/share:/home/agilex/autoware.ai/install/autoware_msgs/share:/home/agilex/autoware.ai/install/autoware_config_msgs/share:/home/agilex/autoware.ai/install/autoware_build_flags/share:${ROS_PACKAGE_PATH} /usr/bin/cmake --build /home/agilex/autoware.ai/build/lidar_kf_contour_track --target tests -- -j8 -l8
[36.178s] [35m[1mScanning dependencies of target tests[0m
[36.187s] Built target tests
[36.196s] Invoked command in '/home/agilex/autoware.ai/build/lidar_kf_contour_track' returned '0': CMAKE_PREFIX_PATH=/home/agilex/autoware.ai/install/op_ros_helpers:/home/agilex/autoware.ai/install/op_simu:/home/agilex/autoware.ai/install/op_planner:/home/agilex/autoware.ai/install/op_utility:/home/agilex/autoware.ai/install/waypoint_follower:/home/agilex/autoware.ai/install/vector_map_server:/home/agilex/autoware.ai/install/map_file:/home/agilex/autoware.ai/install/vector_map:/home/agilex/autoware.ai/install/autoware_health_checker:/home/agilex/autoware.ai/install/amathutils_lib:/home/agilex/autoware.ai/install/vector_map_msgs:/home/agilex/autoware.ai/install/tablet_socket_msgs:/home/agilex/autoware.ai/install/autoware_system_msgs:/home/agilex/autoware.ai/install/autoware_msgs:/home/agilex/autoware.ai/install/autoware_config_msgs:/home/agilex/autoware.ai/install/autoware_build_flags:${CMAKE_PREFIX_PATH} LD_LIBRARY_PATH=/home/agilex/autoware.ai/install/op_ros_helpers/lib:/home/agilex/autoware.ai/install/op_simu/lib:/home/agilex/autoware.ai/install/op_planner/lib:/home/agilex/autoware.ai/install/op_utility/lib:/home/agilex/autoware.ai/install/waypoint_follower/lib:/home/agilex/autoware.ai/install/map_file/lib:/home/agilex/autoware.ai/install/vector_map/lib:/home/agilex/autoware.ai/install/autoware_health_checker/lib:/home/agilex/autoware.ai/install/amathutils_lib/lib:${LD_LIBRARY_PATH} PKG_CONFIG_PATH=/home/agilex/autoware.ai/install/op_ros_helpers/lib/x86_64-linux-gnu/pkgconfig:/home/agilex/autoware.ai/install/op_ros_helpers/lib/pkgconfig:/home/agilex/autoware.ai/install/op_simu/lib/x86_64-linux-gnu/pkgconfig:/home/agilex/autoware.ai/install/op_simu/lib/pkgconfig:/home/agilex/autoware.ai/install/op_planner/lib/x86_64-linux-gnu/pkgconfig:/home/agilex/autoware.ai/install/op_planner/lib/pkgconfig:/home/agilex/autoware.ai/install/op_utility/lib/x86_64-linux-gnu/pkgconfig:/home/agilex/autoware.ai/install/op_utility/lib/pkgconfig:/home/agilex/autoware.ai/install/waypoint_follower/lib/x86_64-linux-gnu/pkgconfig:/home/agilex/autoware.ai/install/waypoint_follower/lib/pkgconfig:/home/agilex/autoware.ai/install/vector_map_server/lib/x86_64-linux-gnu/pkgconfig:/home/agilex/autoware.ai/install/vector_map_server/lib/pkgconfig:/home/agilex/autoware.ai/install/map_file/lib/x86_64-linux-gnu/pkgconfig:/home/agilex/autoware.ai/install/map_file/lib/pkgconfig:/home/agilex/autoware.ai/install/vector_map/lib/x86_64-linux-gnu/pkgconfig:/home/agilex/autoware.ai/install/vector_map/lib/pkgconfig:/home/agilex/autoware.ai/install/autoware_health_checker/lib/x86_64-linux-gnu/pkgconfig:/home/agilex/autoware.ai/install/autoware_health_checker/lib/pkgconfig:/home/agilex/autoware.ai/install/amathutils_lib/lib/x86_64-linux-gnu/pkgconfig:/home/agilex/autoware.ai/install/amathutils_lib/lib/pkgconfig:/home/agilex/autoware.ai/install/vector_map_msgs/lib/x86_64-linux-gnu/pkgconfig:/home/agilex/autoware.ai/install/vector_map_msgs/lib/pkgconfig:/home/agilex/autoware.ai/install/tablet_socket_msgs/lib/x86_64-linux-gnu/pkgconfig:/home/agilex/autoware.ai/install/tablet_socket_msgs/lib/pkgconfig:/home/agilex/autoware.ai/install/autoware_system_msgs/lib/x86_64-linux-gnu/pkgconfig:/home/agilex/autoware.ai/install/autoware_system_msgs/lib/pkgconfig:/home/agilex/autoware.ai/install/autoware_msgs/lib/x86_64-linux-gnu/pkgconfig:/home/agilex/autoware.ai/install/autoware_msgs/lib/pkgconfig:/home/agilex/autoware.ai/install/autoware_config_msgs/lib/x86_64-linux-gnu/pkgconfig:/home/agilex/autoware.ai/install/autoware_config_msgs/lib/pkgconfig:/home/agilex/autoware.ai/install/autoware_build_flags/lib/x86_64-linux-gnu/pkgconfig:/home/agilex/autoware.ai/install/autoware_build_flags/lib/pkgconfig:${PKG_CONFIG_PATH} PYTHONPATH=/home/agilex/autoware.ai/install/vector_map_server/lib/python2.7/dist-packages:/home/agilex/autoware.ai/install/vector_map_msgs/lib/python2.7/dist-packages:/home/agilex/autoware.ai/install/tablet_socket_msgs/lib/python2.7/dist-packages:/home/agilex/autoware.ai/install/autoware_system_msgs/lib/python2.7/dist-packages:/home/agilex/autoware.ai/install/autoware_msgs/lib/python2.7/dist-packages:/home/agilex/autoware.ai/install/autoware_config_msgs/lib/python2.7/dist-packages:${PYTHONPATH} ROS_PACKAGE_PATH=/home/agilex/autoware.ai/install/op_ros_helpers/share:/home/agilex/autoware.ai/install/op_simu/share:/home/agilex/autoware.ai/install/op_planner/share:/home/agilex/autoware.ai/install/op_utility/share:/home/agilex/autoware.ai/install/waypoint_follower/share:/home/agilex/autoware.ai/install/vector_map_server/share:/home/agilex/autoware.ai/install/map_file/share:/home/agilex/autoware.ai/install/vector_map/share:/home/agilex/autoware.ai/install/autoware_health_checker/share:/home/agilex/autoware.ai/install/amathutils_lib/share:/home/agilex/autoware.ai/install/vector_map_msgs/share:/home/agilex/autoware.ai/install/tablet_socket_msgs/share:/home/agilex/autoware.ai/install/autoware_system_msgs/share:/home/agilex/autoware.ai/install/autoware_msgs/share:/home/agilex/autoware.ai/install/autoware_config_msgs/share:/home/agilex/autoware.ai/install/autoware_build_flags/share:${ROS_PACKAGE_PATH} /usr/bin/cmake --build /home/agilex/autoware.ai/build/lidar_kf_contour_track --target tests -- -j8 -l8
[36.285s] Invoking command in '/home/agilex/autoware.ai/build/lidar_kf_contour_track': CMAKE_PREFIX_PATH=/home/agilex/autoware.ai/install/op_ros_helpers:/home/agilex/autoware.ai/install/op_simu:/home/agilex/autoware.ai/install/op_planner:/home/agilex/autoware.ai/install/op_utility:/home/agilex/autoware.ai/install/waypoint_follower:/home/agilex/autoware.ai/install/vector_map_server:/home/agilex/autoware.ai/install/map_file:/home/agilex/autoware.ai/install/vector_map:/home/agilex/autoware.ai/install/autoware_health_checker:/home/agilex/autoware.ai/install/amathutils_lib:/home/agilex/autoware.ai/install/vector_map_msgs:/home/agilex/autoware.ai/install/tablet_socket_msgs:/home/agilex/autoware.ai/install/autoware_system_msgs:/home/agilex/autoware.ai/install/autoware_msgs:/home/agilex/autoware.ai/install/autoware_config_msgs:/home/agilex/autoware.ai/install/autoware_build_flags:${CMAKE_PREFIX_PATH} LD_LIBRARY_PATH=/home/agilex/autoware.ai/install/op_ros_helpers/lib:/home/agilex/autoware.ai/install/op_simu/lib:/home/agilex/autoware.ai/install/op_planner/lib:/home/agilex/autoware.ai/install/op_utility/lib:/home/agilex/autoware.ai/install/waypoint_follower/lib:/home/agilex/autoware.ai/install/map_file/lib:/home/agilex/autoware.ai/install/vector_map/lib:/home/agilex/autoware.ai/install/autoware_health_checker/lib:/home/agilex/autoware.ai/install/amathutils_lib/lib:${LD_LIBRARY_PATH} PKG_CONFIG_PATH=/home/agilex/autoware.ai/install/op_ros_helpers/lib/x86_64-linux-gnu/pkgconfig:/home/agilex/autoware.ai/install/op_ros_helpers/lib/pkgconfig:/home/agilex/autoware.ai/install/op_simu/lib/x86_64-linux-gnu/pkgconfig:/home/agilex/autoware.ai/install/op_simu/lib/pkgconfig:/home/agilex/autoware.ai/install/op_planner/lib/x86_64-linux-gnu/pkgconfig:/home/agilex/autoware.ai/install/op_planner/lib/pkgconfig:/home/agilex/autoware.ai/install/op_utility/lib/x86_64-linux-gnu/pkgconfig:/home/agilex/autoware.ai/install/op_utility/lib/pkgconfig:/home/agilex/autoware.ai/install/waypoint_follower/lib/x86_64-linux-gnu/pkgconfig:/home/agilex/autoware.ai/install/waypoint_follower/lib/pkgconfig:/home/agilex/autoware.ai/install/vector_map_server/lib/x86_64-linux-gnu/pkgconfig:/home/agilex/autoware.ai/install/vector_map_server/lib/pkgconfig:/home/agilex/autoware.ai/install/map_file/lib/x86_64-linux-gnu/pkgconfig:/home/agilex/autoware.ai/install/map_file/lib/pkgconfig:/home/agilex/autoware.ai/install/vector_map/lib/x86_64-linux-gnu/pkgconfig:/home/agilex/autoware.ai/install/vector_map/lib/pkgconfig:/home/agilex/autoware.ai/install/autoware_health_checker/lib/x86_64-linux-gnu/pkgconfig:/home/agilex/autoware.ai/install/autoware_health_checker/lib/pkgconfig:/home/agilex/autoware.ai/install/amathutils_lib/lib/x86_64-linux-gnu/pkgconfig:/home/agilex/autoware.ai/install/amathutils_lib/lib/pkgconfig:/home/agilex/autoware.ai/install/vector_map_msgs/lib/x86_64-linux-gnu/pkgconfig:/home/agilex/autoware.ai/install/vector_map_msgs/lib/pkgconfig:/home/agilex/autoware.ai/install/tablet_socket_msgs/lib/x86_64-linux-gnu/pkgconfig:/home/agilex/autoware.ai/install/tablet_socket_msgs/lib/pkgconfig:/home/agilex/autoware.ai/install/autoware_system_msgs/lib/x86_64-linux-gnu/pkgconfig:/home/agilex/autoware.ai/install/autoware_system_msgs/lib/pkgconfig:/home/agilex/autoware.ai/install/autoware_msgs/lib/x86_64-linux-gnu/pkgconfig:/home/agilex/autoware.ai/install/autoware_msgs/lib/pkgconfig:/home/agilex/autoware.ai/install/autoware_config_msgs/lib/x86_64-linux-gnu/pkgconfig:/home/agilex/autoware.ai/install/autoware_config_msgs/lib/pkgconfig:/home/agilex/autoware.ai/install/autoware_build_flags/lib/x86_64-linux-gnu/pkgconfig:/home/agilex/autoware.ai/install/autoware_build_flags/lib/pkgconfig:${PKG_CONFIG_PATH} PYTHONPATH=/home/agilex/autoware.ai/install/vector_map_server/lib/python2.7/dist-packages:/home/agilex/autoware.ai/install/vector_map_msgs/lib/python2.7/dist-packages:/home/agilex/autoware.ai/install/tablet_socket_msgs/lib/python2.7/dist-packages:/home/agilex/autoware.ai/install/autoware_system_msgs/lib/python2.7/dist-packages:/home/agilex/autoware.ai/install/autoware_msgs/lib/python2.7/dist-packages:/home/agilex/autoware.ai/install/autoware_config_msgs/lib/python2.7/dist-packages:${PYTHONPATH} ROS_PACKAGE_PATH=/home/agilex/autoware.ai/install/op_ros_helpers/share:/home/agilex/autoware.ai/install/op_simu/share:/home/agilex/autoware.ai/install/op_planner/share:/home/agilex/autoware.ai/install/op_utility/share:/home/agilex/autoware.ai/install/waypoint_follower/share:/home/agilex/autoware.ai/install/vector_map_server/share:/home/agilex/autoware.ai/install/map_file/share:/home/agilex/autoware.ai/install/vector_map/share:/home/agilex/autoware.ai/install/autoware_health_checker/share:/home/agilex/autoware.ai/install/amathutils_lib/share:/home/agilex/autoware.ai/install/vector_map_msgs/share:/home/agilex/autoware.ai/install/tablet_socket_msgs/share:/home/agilex/autoware.ai/install/autoware_system_msgs/share:/home/agilex/autoware.ai/install/autoware_msgs/share:/home/agilex/autoware.ai/install/autoware_config_msgs/share:/home/agilex/autoware.ai/install/autoware_build_flags/share:${ROS_PACKAGE_PATH} /usr/bin/cmake --build /home/agilex/autoware.ai/build/lidar_kf_contour_track --target install -- -j8 -l8
[36.337s] [  0%] Built target dynamic_reconfigure_gencfg
[36.354s] [  0%] Built target autoware_system_msgs_generate_messages_cpp
[36.372s] [  0%] Built target tablet_socket_msgs_generate_messages_cpp
[36.389s] [  0%] Built target autoware_config_msgs_generate_messages_lisp
[36.407s] [  0%] Built target autoware_config_msgs_generate_messages_eus
[36.426s] [  0%] Built target visualization_msgs_generate_messages_py
[36.444s] [  0%] Built target tablet_socket_msgs_generate_messages_lisp
[36.461s] [  0%] Built target visualization_msgs_generate_messages_nodejs
[36.479s] [  0%] Built target vector_map_server_generate_messages_nodejs
[36.497s] [  0%] Built target visualization_msgs_generate_messages_eus
[36.514s] [  0%] Built target vector_map_server_generate_messages_cpp
[36.532s] [  0%] Built target vector_map_msgs_generate_messages_py
[36.550s] [  0%] Built target autoware_system_msgs_generate_messages_lisp
[36.567s] [  0%] Built target vector_map_msgs_generate_messages_lisp
[36.585s] [  0%] Built target vector_map_msgs_generate_messages_eus
[36.602s] [  0%] Built target vector_map_msgs_generate_messages_cpp
[36.620s] [  0%] Built target topic_tools_generate_messages_nodejs
[36.638s] [  0%] Built target topic_tools_generate_messages_eus
[36.655s] [  0%] Built target topic_tools_generate_messages_cpp
[36.673s] [  0%] Built target std_srvs_generate_messages_py
[36.690s] [  0%] Built target std_srvs_generate_messages_nodejs
[36.708s] [  0%] Built target vector_map_msgs_generate_messages_nodejs
[36.726s] [  0%] Built target bond_generate_messages_py
[36.743s] [  0%] Built target trajectory_msgs_generate_messages_nodejs
[36.761s] [  0%] Built target autoware_config_msgs_generate_messages_py
[36.778s] [  0%] Built target bond_generate_messages_nodejs
[36.796s] [  0%] Built target bond_generate_messages_lisp
[36.813s] [  0%] Built target bond_generate_messages_eus
[36.832s] [  0%] Built target trajectory_msgs_generate_messages_lisp
[36.849s] [  0%] Built target bond_generate_messages_cpp
[36.867s] [  0%] Built target nodelet_generate_messages_nodejs
[36.884s] [  0%] Built target nodelet_generate_messages_eus
[36.902s] [  0%] Built target nodelet_generate_messages_cpp
[36.919s] [  0%] Built target vector_map_server_generate_messages_lisp
[36.937s] [  0%] Built target jsk_footstep_msgs_generate_messages_nodejs
[36.955s] [  0%] Built target jsk_footstep_msgs_generate_messages_lisp
[36.973s] [  0%] Built target jsk_footstep_msgs_generate_messages_eus
[36.990s] [  0%] Built target actionlib_msgs_generate_messages_py
[37.008s] [  0%] Built target geometry_msgs_generate_messages_py
[37.027s] [  0%] Built target pcl_msgs_generate_messages_nodejs
[37.044s] [  0%] Built target jsk_recognition_msgs_generate_messages_py
[37.062s] [  0%] Built target pcl_msgs_generate_messages_eus
[37.080s] [  0%] Built target gazebo_msgs_generate_messages_nodejs
[37.097s] [  0%] Built target rosgraph_msgs_generate_messages_eus
[37.115s] [  0%] Built target jsk_recognition_msgs_generate_messages_lisp
[37.134s] [  0%] Built target jsk_recognition_msgs_generate_messages_eus
[37.152s] [  0%] Built target tf2_msgs_generate_messages_cpp
[37.170s] [  0%] Built target nodelet_generate_messages_py
[37.188s] [  0%] Built target sensor_msgs_generate_messages_py
[37.206s] [  0%] Built target autoware_system_msgs_generate_messages_py
[37.223s] [  0%] Built target sensor_msgs_generate_messages_nodejs
[37.242s] [  0%] Built target vector_map_server_generate_messages_eus
[37.259s] [  0%] Built target roscpp_generate_messages_cpp
[37.277s] [  0%] Built target actionlib_generate_messages_cpp
[37.295s] [  0%] Built target autoware_msgs_generate_messages_lisp
[37.313s] [  0%] Built target tablet_socket_msgs_generate_messages_py
[37.331s] [  0%] Built target jsk_footstep_msgs_generate_messages_py
[37.350s] [  0%] Built target std_msgs_generate_messages_cpp
[37.367s] [  0%] Built target geometry_msgs_generate_messages_lisp
[37.385s] [  0%] Built target nodelet_generate_messages_lisp
[37.403s] [  0%] Built target autoware_msgs_generate_messages_py
[37.420s] [  0%] Built target std_msgs_generate_messages_py
[37.438s] [  0%] Built target autoware_msgs_generate_messages_cpp
[37.456s] [  0%] Built target rosgraph_msgs_generate_messages_cpp
[37.473s] [  0%] Built target tablet_socket_msgs_generate_messages_nodejs
[37.491s] [  0%] Built target tf_generate_messages_py
[37.508s] [  0%] Built target dynamic_reconfigure_generate_messages_cpp
[37.527s] [  0%] Built target pcl_msgs_generate_messages_cpp
[37.543s] [  0%] Built target gazebo_msgs_generate_messages_cpp
[37.561s] [  0%] Built target dynamic_reconfigure_generate_messages_lisp
[37.579s] [  0%] Built target topic_tools_generate_messages_lisp
[37.597s] [  0%] Built target jsk_recognition_msgs_generate_messages_cpp
[37.615s] [  0%] Built target sensor_msgs_generate_messages_lisp
[37.634s] [  0%] Built target std_srvs_generate_messages_cpp
[37.652s] [  0%] Built target autoware_msgs_generate_messages_eus
[37.670s] [  0%] Built target autoware_msgs_generate_messages_nodejs
[37.687s] [  0%] Built target visualization_msgs_generate_messages_lisp
[37.705s] [  0%] Built target std_msgs_generate_messages_eus
[37.722s] [  0%] Built target geometry_msgs_generate_messages_eus
[37.740s] [  0%] Built target std_msgs_generate_messages_nodejs
[37.758s] [  0%] Built target sensor_msgs_generate_messages_eus
[37.776s] [  0%] Built target std_srvs_generate_messages_lisp
[37.795s] [  0%] Built target roscpp_generate_messages_nodejs
[37.812s] [  0%] Built target std_msgs_generate_messages_lisp
[37.830s] [  0%] Built target sensor_msgs_generate_messages_cpp
[37.848s] [  0%] Built target autoware_system_msgs_generate_messages_nodejs
[37.865s] [  0%] Built target actionlib_msgs_generate_messages_lisp
[37.883s] [  0%] Built target topic_tools_generate_messages_py
[37.901s] [  0%] Built target nodelet_topic_tools_gencfg
[37.918s] [  0%] Built target actionlib_msgs_generate_messages_nodejs
[37.936s] [  0%] Built target gazebo_msgs_generate_messages_py
[37.953s] [  0%] Built target geometry_msgs_generate_messages_nodejs
[37.971s] [  0%] Built target std_srvs_generate_messages_eus
[37.988s] [  0%] Built target jsk_recognition_msgs_generate_messages_nodejs
[38.006s] [  0%] Built target roscpp_generate_messages_lisp
[38.025s] [  0%] Built target roscpp_generate_messages_py
[38.043s] [  0%] Built target rosgraph_msgs_generate_messages_lisp
[38.060s] [  0%] Built target autoware_config_msgs_generate_messages_cpp
[38.078s] [  0%] Built target rosgraph_msgs_generate_messages_nodejs
[38.096s] [  0%] Built target vector_map_server_generate_messages_py
[38.114s] [  0%] Built target actionlib_msgs_generate_messages_eus
[38.132s] [  0%] Built target roscpp_generate_messages_eus
[38.149s] [  0%] Built target rosgraph_msgs_generate_messages_py
[38.167s] [  0%] Built target jsk_footstep_msgs_generate_messages_cpp
[38.184s] [  0%] Built target actionlib_msgs_generate_messages_cpp
[38.202s] [  0%] Built target tf_generate_messages_eus
[38.220s] [  0%] Built target tf_generate_messages_lisp
[38.237s] [  0%] Built target autoware_config_msgs_generate_messages_nodejs
[38.255s] [  0%] Built target tf_generate_messages_nodejs
[38.272s] [  0%] Built target pcl_msgs_generate_messages_py
[38.290s] [  0%] Built target actionlib_generate_messages_eus
[38.307s] [  0%] Built target geometry_msgs_generate_messages_cpp
[38.326s] [  0%] Built target actionlib_generate_messages_lisp
[38.343s] [  0%] Built target pcl_msgs_generate_messages_lisp
[38.361s] [  0%] Built target tf_generate_messages_cpp
[38.379s] [  0%] Built target actionlib_generate_messages_nodejs
[38.397s] [  0%] Built target pcl_ros_gencfg
[38.415s] [  0%] Built target tablet_socket_msgs_generate_messages_eus
[38.433s] [  0%] Built target visualization_msgs_generate_messages_cpp
[38.451s] [  0%] Built target tf2_msgs_generate_messages_eus
[38.470s] [  0%] Built target actionlib_generate_messages_py
[38.488s] [  0%] Built target tf2_msgs_generate_messages_py
[38.506s] [  0%] Built target tf2_msgs_generate_messages_nodejs
[38.525s] [  0%] Built target dynamic_reconfigure_generate_messages_eus
[38.543s] [  0%] Built target dynamic_reconfigure_generate_messages_nodejs
[38.562s] [  0%] Built target dynamic_reconfigure_generate_messages_py
[38.580s] [  0%] Built target tf2_msgs_generate_messages_lisp
[38.597s] [  0%] Built target autoware_system_msgs_generate_messages_eus
[38.615s] [  0%] Built target gazebo_msgs_generate_messages_lisp
[38.632s] [  0%] Built target gazebo_msgs_generate_messages_eus
[38.650s] [  0%] Built target trajectory_msgs_generate_messages_cpp
[38.667s] [  0%] Built target trajectory_msgs_generate_messages_eus
[38.685s] [  0%] Built target trajectory_msgs_generate_messages_py
[38.723s] [100%] Built target lidar_kf_contour_track
[38.743s] [36mInstall the project...[0m
[38.751s] -- Install configuration: "Release"
[38.751s] -- Installing: /home/agilex/autoware.ai/install/lidar_kf_contour_track/lib/pkgconfig/lidar_kf_contour_track.pc
[38.751s] -- Installing: /home/agilex/autoware.ai/install/lidar_kf_contour_track/share/lidar_kf_contour_track/cmake/lidar_kf_contour_trackConfig.cmake
[38.751s] -- Installing: /home/agilex/autoware.ai/install/lidar_kf_contour_track/share/lidar_kf_contour_track/cmake/lidar_kf_contour_trackConfig-version.cmake
[38.751s] -- Installing: /home/agilex/autoware.ai/install/lidar_kf_contour_track/share/lidar_kf_contour_track/package.xml
[38.751s] -- Installing: /home/agilex/autoware.ai/install/lidar_kf_contour_track/lib/lidar_kf_contour_track/lidar_kf_contour_track
[38.752s] -- Set runtime path of "/home/agilex/autoware.ai/install/lidar_kf_contour_track/lib/lidar_kf_contour_track/lidar_kf_contour_track" to ""
[38.752s] -- Installing: /home/agilex/autoware.ai/install/lidar_kf_contour_track/share/lidar_kf_contour_track/launch
[38.752s] -- Installing: /home/agilex/autoware.ai/install/lidar_kf_contour_track/share/lidar_kf_contour_track/launch/lidar_kf_contour_track.launch
[38.755s] Invoked command in '/home/agilex/autoware.ai/build/lidar_kf_contour_track' returned '0': CMAKE_PREFIX_PATH=/home/agilex/autoware.ai/install/op_ros_helpers:/home/agilex/autoware.ai/install/op_simu:/home/agilex/autoware.ai/install/op_planner:/home/agilex/autoware.ai/install/op_utility:/home/agilex/autoware.ai/install/waypoint_follower:/home/agilex/autoware.ai/install/vector_map_server:/home/agilex/autoware.ai/install/map_file:/home/agilex/autoware.ai/install/vector_map:/home/agilex/autoware.ai/install/autoware_health_checker:/home/agilex/autoware.ai/install/amathutils_lib:/home/agilex/autoware.ai/install/vector_map_msgs:/home/agilex/autoware.ai/install/tablet_socket_msgs:/home/agilex/autoware.ai/install/autoware_system_msgs:/home/agilex/autoware.ai/install/autoware_msgs:/home/agilex/autoware.ai/install/autoware_config_msgs:/home/agilex/autoware.ai/install/autoware_build_flags:${CMAKE_PREFIX_PATH} LD_LIBRARY_PATH=/home/agilex/autoware.ai/install/op_ros_helpers/lib:/home/agilex/autoware.ai/install/op_simu/lib:/home/agilex/autoware.ai/install/op_planner/lib:/home/agilex/autoware.ai/install/op_utility/lib:/home/agilex/autoware.ai/install/waypoint_follower/lib:/home/agilex/autoware.ai/install/map_file/lib:/home/agilex/autoware.ai/install/vector_map/lib:/home/agilex/autoware.ai/install/autoware_health_checker/lib:/home/agilex/autoware.ai/install/amathutils_lib/lib:${LD_LIBRARY_PATH} PKG_CONFIG_PATH=/home/agilex/autoware.ai/install/op_ros_helpers/lib/x86_64-linux-gnu/pkgconfig:/home/agilex/autoware.ai/install/op_ros_helpers/lib/pkgconfig:/home/agilex/autoware.ai/install/op_simu/lib/x86_64-linux-gnu/pkgconfig:/home/agilex/autoware.ai/install/op_simu/lib/pkgconfig:/home/agilex/autoware.ai/install/op_planner/lib/x86_64-linux-gnu/pkgconfig:/home/agilex/autoware.ai/install/op_planner/lib/pkgconfig:/home/agilex/autoware.ai/install/op_utility/lib/x86_64-linux-gnu/pkgconfig:/home/agilex/autoware.ai/install/op_utility/lib/pkgconfig:/home/agilex/autoware.ai/install/waypoint_follower/lib/x86_64-linux-gnu/pkgconfig:/home/agilex/autoware.ai/install/waypoint_follower/lib/pkgconfig:/home/agilex/autoware.ai/install/vector_map_server/lib/x86_64-linux-gnu/pkgconfig:/home/agilex/autoware.ai/install/vector_map_server/lib/pkgconfig:/home/agilex/autoware.ai/install/map_file/lib/x86_64-linux-gnu/pkgconfig:/home/agilex/autoware.ai/install/map_file/lib/pkgconfig:/home/agilex/autoware.ai/install/vector_map/lib/x86_64-linux-gnu/pkgconfig:/home/agilex/autoware.ai/install/vector_map/lib/pkgconfig:/home/agilex/autoware.ai/install/autoware_health_checker/lib/x86_64-linux-gnu/pkgconfig:/home/agilex/autoware.ai/install/autoware_health_checker/lib/pkgconfig:/home/agilex/autoware.ai/install/amathutils_lib/lib/x86_64-linux-gnu/pkgconfig:/home/agilex/autoware.ai/install/amathutils_lib/lib/pkgconfig:/home/agilex/autoware.ai/install/vector_map_msgs/lib/x86_64-linux-gnu/pkgconfig:/home/agilex/autoware.ai/install/vector_map_msgs/lib/pkgconfig:/home/agilex/autoware.ai/install/tablet_socket_msgs/lib/x86_64-linux-gnu/pkgconfig:/home/agilex/autoware.ai/install/tablet_socket_msgs/lib/pkgconfig:/home/agilex/autoware.ai/install/autoware_system_msgs/lib/x86_64-linux-gnu/pkgconfig:/home/agilex/autoware.ai/install/autoware_system_msgs/lib/pkgconfig:/home/agilex/autoware.ai/install/autoware_msgs/lib/x86_64-linux-gnu/pkgconfig:/home/agilex/autoware.ai/install/autoware_msgs/lib/pkgconfig:/home/agilex/autoware.ai/install/autoware_config_msgs/lib/x86_64-linux-gnu/pkgconfig:/home/agilex/autoware.ai/install/autoware_config_msgs/lib/pkgconfig:/home/agilex/autoware.ai/install/autoware_build_flags/lib/x86_64-linux-gnu/pkgconfig:/home/agilex/autoware.ai/install/autoware_build_flags/lib/pkgconfig:${PKG_CONFIG_PATH} PYTHONPATH=/home/agilex/autoware.ai/install/vector_map_server/lib/python2.7/dist-packages:/home/agilex/autoware.ai/install/vector_map_msgs/lib/python2.7/dist-packages:/home/agilex/autoware.ai/install/tablet_socket_msgs/lib/python2.7/dist-packages:/home/agilex/autoware.ai/install/autoware_system_msgs/lib/python2.7/dist-packages:/home/agilex/autoware.ai/install/autoware_msgs/lib/python2.7/dist-packages:/home/agilex/autoware.ai/install/autoware_config_msgs/lib/python2.7/dist-packages:${PYTHONPATH} ROS_PACKAGE_PATH=/home/agilex/autoware.ai/install/op_ros_helpers/share:/home/agilex/autoware.ai/install/op_simu/share:/home/agilex/autoware.ai/install/op_planner/share:/home/agilex/autoware.ai/install/op_utility/share:/home/agilex/autoware.ai/install/waypoint_follower/share:/home/agilex/autoware.ai/install/vector_map_server/share:/home/agilex/autoware.ai/install/map_file/share:/home/agilex/autoware.ai/install/vector_map/share:/home/agilex/autoware.ai/install/autoware_health_checker/share:/home/agilex/autoware.ai/install/amathutils_lib/share:/home/agilex/autoware.ai/install/vector_map_msgs/share:/home/agilex/autoware.ai/install/tablet_socket_msgs/share:/home/agilex/autoware.ai/install/autoware_system_msgs/share:/home/agilex/autoware.ai/install/autoware_msgs/share:/home/agilex/autoware.ai/install/autoware_config_msgs/share:/home/agilex/autoware.ai/install/autoware_build_flags/share:${ROS_PACKAGE_PATH} /usr/bin/cmake --build /home/agilex/autoware.ai/build/lidar_kf_contour_track --target install -- -j8 -l8
