[0.034s] Invoking command in '/home/agilex/autoware.ai/build/tablet_socket_msgs': /usr/bin/cmake --build /home/agilex/autoware.ai/build/tablet_socket_msgs -- -j8 -l8
[0.125s] [  0%] Built target std_msgs_generate_messages_cpp
[0.139s] [  0%] Built target std_msgs_generate_messages_py
[0.190s] [  0%] Built target _tablet_socket_msgs_generate_messages_check_deps_error_info
[0.249s] [  0%] Built target _tablet_socket_msgs_generate_messages_check_deps_gear_cmd
[0.253s] [  0%] Built target _tablet_socket_msgs_generate_messages_check_deps_route_cmd
[0.261s] [  0%] Built target _tablet_socket_msgs_generate_messages_check_deps_mode_info
[0.262s] [  0%] Built target _tablet_socket_msgs_generate_messages_check_deps_mode_cmd
[0.266s] [  0%] Built target _tablet_socket_msgs_generate_messages_check_deps_Waypoint
[0.277s] [  0%] Built target std_msgs_generate_messages_nodejs
[0.292s] [  0%] Built target std_msgs_generate_messages_lisp
[0.300s] [  0%] Built target std_msgs_generate_messages_eus
[0.357s] [ 21%] Built target tablet_socket_msgs_generate_messages_py
[0.375s] [ 40%] Built target tablet_socket_msgs_generate_messages_lisp
[0.376s] [ 59%] Built target tablet_socket_msgs_generate_messages_nodejs
[0.407s] [ 78%] Built target tablet_socket_msgs_generate_messages_cpp
[0.433s] [100%] Built target tablet_socket_msgs_generate_messages_eus
[0.518s] [100%] Built target tablet_socket_msgs_generate_messages
[0.530s] Invoked command in '/home/agilex/autoware.ai/build/tablet_socket_msgs' returned '0': /usr/bin/cmake --build /home/agilex/autoware.ai/build/tablet_socket_msgs -- -j8 -l8
[0.785s] Invoking command in '/home/agilex/autoware.ai/build/tablet_socket_msgs': /usr/bin/cmake --build /home/agilex/autoware.ai/build/tablet_socket_msgs --target tests -- -j8 -l8
[0.961s] Built target tests
[0.971s] Invoked command in '/home/agilex/autoware.ai/build/tablet_socket_msgs' returned '0': /usr/bin/cmake --build /home/agilex/autoware.ai/build/tablet_socket_msgs --target tests -- -j8 -l8
[1.086s] Invoking command in '/home/agilex/autoware.ai/build/tablet_socket_msgs': /usr/bin/cmake --build /home/agilex/autoware.ai/build/tablet_socket_msgs --target install -- -j8 -l8
[1.195s] [  0%] Built target std_msgs_generate_messages_cpp
[1.201s] [  0%] Built target std_msgs_generate_messages_py
[1.207s] [  0%] Built target _tablet_socket_msgs_generate_messages_check_deps_gear_cmd
[1.207s] [  0%] Built target _tablet_socket_msgs_generate_messages_check_deps_route_cmd
[1.214s] [  0%] Built target _tablet_socket_msgs_generate_messages_check_deps_mode_info
[1.222s] [  0%] Built target _tablet_socket_msgs_generate_messages_check_deps_Waypoint
[1.228s] [  0%] Built target std_msgs_generate_messages_nodejs
[1.229s] [  0%] Built target _tablet_socket_msgs_generate_messages_check_deps_mode_cmd
[1.243s] [  0%] Built target std_msgs_generate_messages_eus
[1.245s] [  0%] Built target std_msgs_generate_messages_lisp
[1.246s] [  0%] Built target _tablet_socket_msgs_generate_messages_check_deps_error_info
[1.270s] [ 21%] Built target tablet_socket_msgs_generate_messages_eus
[1.275s] [ 40%] Built target tablet_socket_msgs_generate_messages_nodejs
[1.284s] [ 59%] Built target tablet_socket_msgs_generate_messages_cpp
[1.285s] [ 78%] Built target tablet_socket_msgs_generate_messages_lisp
[1.291s] [100%] Built target tablet_socket_msgs_generate_messages_py
[1.307s] [100%] Built target tablet_socket_msgs_generate_messages
[1.323s] [36mInstall the project...[0m
[1.332s] -- Install configuration: "Release"
[1.334s] -- Up-to-date: /home/agilex/autoware.ai/install/tablet_socket_msgs/share/tablet_socket_msgs/msg/Waypoint.msg
[1.334s] -- Up-to-date: /home/agilex/autoware.ai/install/tablet_socket_msgs/share/tablet_socket_msgs/msg/error_info.msg
[1.334s] -- Up-to-date: /home/agilex/autoware.ai/install/tablet_socket_msgs/share/tablet_socket_msgs/msg/gear_cmd.msg
[1.334s] -- Up-to-date: /home/agilex/autoware.ai/install/tablet_socket_msgs/share/tablet_socket_msgs/msg/mode_cmd.msg
[1.334s] -- Up-to-date: /home/agilex/autoware.ai/install/tablet_socket_msgs/share/tablet_socket_msgs/msg/mode_info.msg
[1.334s] -- Up-to-date: /home/agilex/autoware.ai/install/tablet_socket_msgs/share/tablet_socket_msgs/msg/route_cmd.msg
[1.334s] -- Up-to-date: /home/agilex/autoware.ai/install/tablet_socket_msgs/share/tablet_socket_msgs/cmake/tablet_socket_msgs-msg-paths.cmake
[1.334s] -- Up-to-date: /home/agilex/autoware.ai/install/tablet_socket_msgs/include/tablet_socket_msgs
[1.334s] -- Up-to-date: /home/agilex/autoware.ai/install/tablet_socket_msgs/include/tablet_socket_msgs/route_cmd.h
[1.334s] -- Up-to-date: /home/agilex/autoware.ai/install/tablet_socket_msgs/include/tablet_socket_msgs/error_info.h
[1.334s] -- Up-to-date: /home/agilex/autoware.ai/install/tablet_socket_msgs/include/tablet_socket_msgs/mode_info.h
[1.335s] -- Up-to-date: /home/agilex/autoware.ai/install/tablet_socket_msgs/include/tablet_socket_msgs/Waypoint.h
[1.335s] -- Up-to-date: /home/agilex/autoware.ai/install/tablet_socket_msgs/include/tablet_socket_msgs/gear_cmd.h
[1.335s] -- Up-to-date: /home/agilex/autoware.ai/install/tablet_socket_msgs/include/tablet_socket_msgs/mode_cmd.h
[1.335s] -- Up-to-date: /home/agilex/autoware.ai/install/tablet_socket_msgs/share/roseus/ros/tablet_socket_msgs
[1.335s] -- Up-to-date: /home/agilex/autoware.ai/install/tablet_socket_msgs/share/roseus/ros/tablet_socket_msgs/manifest.l
[1.335s] -- Up-to-date: /home/agilex/autoware.ai/install/tablet_socket_msgs/share/roseus/ros/tablet_socket_msgs/msg
[1.335s] -- Up-to-date: /home/agilex/autoware.ai/install/tablet_socket_msgs/share/roseus/ros/tablet_socket_msgs/msg/Waypoint.l
[1.335s] -- Up-to-date: /home/agilex/autoware.ai/install/tablet_socket_msgs/share/roseus/ros/tablet_socket_msgs/msg/gear_cmd.l
[1.335s] -- Up-to-date: /home/agilex/autoware.ai/install/tablet_socket_msgs/share/roseus/ros/tablet_socket_msgs/msg/error_info.l
[1.335s] -- Up-to-date: /home/agilex/autoware.ai/install/tablet_socket_msgs/share/roseus/ros/tablet_socket_msgs/msg/mode_info.l
[1.335s] -- Up-to-date: /home/agilex/autoware.ai/install/tablet_socket_msgs/share/roseus/ros/tablet_socket_msgs/msg/mode_cmd.l
[1.337s] -- Up-to-date: /home/agilex/autoware.ai/install/tablet_socket_msgs/share/roseus/ros/tablet_socket_msgs/msg/route_cmd.l
[1.337s] -- Up-to-date: /home/agilex/autoware.ai/install/tablet_socket_msgs/share/common-lisp/ros/tablet_socket_msgs
[1.337s] -- Up-to-date: /home/agilex/autoware.ai/install/tablet_socket_msgs/share/common-lisp/ros/tablet_socket_msgs/msg
[1.337s] -- Up-to-date: /home/agilex/autoware.ai/install/tablet_socket_msgs/share/common-lisp/ros/tablet_socket_msgs/msg/mode_cmd.lisp
[1.337s] -- Up-to-date: /home/agilex/autoware.ai/install/tablet_socket_msgs/share/common-lisp/ros/tablet_socket_msgs/msg/_package.lisp
[1.338s] -- Up-to-date: /home/agilex/autoware.ai/install/tablet_socket_msgs/share/common-lisp/ros/tablet_socket_msgs/msg/_package_mode_info.lisp
[1.338s] -- Up-to-date: /home/agilex/autoware.ai/install/tablet_socket_msgs/share/common-lisp/ros/tablet_socket_msgs/msg/route_cmd.lisp
[1.338s] -- Up-to-date: /home/agilex/autoware.ai/install/tablet_socket_msgs/share/common-lisp/ros/tablet_socket_msgs/msg/_package_error_info.lisp
[1.340s] -- Up-to-date: /home/agilex/autoware.ai/install/tablet_socket_msgs/share/common-lisp/ros/tablet_socket_msgs/msg/_package_Waypoint.lisp
[1.341s] -- Up-to-date: /home/agilex/autoware.ai/install/tablet_socket_msgs/share/common-lisp/ros/tablet_socket_msgs/msg/_package_mode_cmd.lisp
[1.341s] -- Up-to-date: /home/agilex/autoware.ai/install/tablet_socket_msgs/share/common-lisp/ros/tablet_socket_msgs/msg/_package_gear_cmd.lisp
[1.341s] -- Up-to-date: /home/agilex/autoware.ai/install/tablet_socket_msgs/share/common-lisp/ros/tablet_socket_msgs/msg/Waypoint.lisp
[1.341s] -- Up-to-date: /home/agilex/autoware.ai/install/tablet_socket_msgs/share/common-lisp/ros/tablet_socket_msgs/msg/error_info.lisp
[1.341s] -- Up-to-date: /home/agilex/autoware.ai/install/tablet_socket_msgs/share/common-lisp/ros/tablet_socket_msgs/msg/tablet_socket_msgs-msg.asd
[1.341s] -- Up-to-date: /home/agilex/autoware.ai/install/tablet_socket_msgs/share/common-lisp/ros/tablet_socket_msgs/msg/_package_route_cmd.lisp
[1.342s] -- Up-to-date: /home/agilex/autoware.ai/install/tablet_socket_msgs/share/common-lisp/ros/tablet_socket_msgs/msg/gear_cmd.lisp
[1.342s] -- Up-to-date: /home/agilex/autoware.ai/install/tablet_socket_msgs/share/common-lisp/ros/tablet_socket_msgs/msg/mode_info.lisp
[1.342s] -- Up-to-date: /home/agilex/autoware.ai/install/tablet_socket_msgs/share/gennodejs/ros/tablet_socket_msgs
[1.342s] -- Up-to-date: /home/agilex/autoware.ai/install/tablet_socket_msgs/share/gennodejs/ros/tablet_socket_msgs/msg
[1.342s] -- Up-to-date: /home/agilex/autoware.ai/install/tablet_socket_msgs/share/gennodejs/ros/tablet_socket_msgs/msg/gear_cmd.js
[1.342s] -- Up-to-date: /home/agilex/autoware.ai/install/tablet_socket_msgs/share/gennodejs/ros/tablet_socket_msgs/msg/error_info.js
[1.343s] -- Up-to-date: /home/agilex/autoware.ai/install/tablet_socket_msgs/share/gennodejs/ros/tablet_socket_msgs/msg/route_cmd.js
[1.343s] -- Up-to-date: /home/agilex/autoware.ai/install/tablet_socket_msgs/share/gennodejs/ros/tablet_socket_msgs/msg/_index.js
[1.343s] -- Up-to-date: /home/agilex/autoware.ai/install/tablet_socket_msgs/share/gennodejs/ros/tablet_socket_msgs/msg/Waypoint.js
[1.343s] -- Up-to-date: /home/agilex/autoware.ai/install/tablet_socket_msgs/share/gennodejs/ros/tablet_socket_msgs/msg/mode_info.js
[1.343s] -- Up-to-date: /home/agilex/autoware.ai/install/tablet_socket_msgs/share/gennodejs/ros/tablet_socket_msgs/msg/mode_cmd.js
[1.343s] -- Up-to-date: /home/agilex/autoware.ai/install/tablet_socket_msgs/share/gennodejs/ros/tablet_socket_msgs/_index.js
[1.349s] Listing /home/agilex/autoware.ai/build/tablet_socket_msgs/devel/lib/python2.7/dist-packages/tablet_socket_msgs ...
[1.352s] Listing /home/agilex/autoware.ai/build/tablet_socket_msgs/devel/lib/python2.7/dist-packages/tablet_socket_msgs/msg ...
[1.353s] -- Up-to-date: /home/agilex/autoware.ai/install/tablet_socket_msgs/lib/python2.7/dist-packages/tablet_socket_msgs
[1.353s] -- Up-to-date: /home/agilex/autoware.ai/install/tablet_socket_msgs/lib/python2.7/dist-packages/tablet_socket_msgs/__init__.pyc
[1.353s] -- Up-to-date: /home/agilex/autoware.ai/install/tablet_socket_msgs/lib/python2.7/dist-packages/tablet_socket_msgs/msg
[1.353s] -- Up-to-date: /home/agilex/autoware.ai/install/tablet_socket_msgs/lib/python2.7/dist-packages/tablet_socket_msgs/msg/_gear_cmd.py
[1.353s] -- Up-to-date: /home/agilex/autoware.ai/install/tablet_socket_msgs/lib/python2.7/dist-packages/tablet_socket_msgs/msg/_route_cmd.py
[1.353s] -- Up-to-date: /home/agilex/autoware.ai/install/tablet_socket_msgs/lib/python2.7/dist-packages/tablet_socket_msgs/msg/_Waypoint.pyc
[1.353s] -- Up-to-date: /home/agilex/autoware.ai/install/tablet_socket_msgs/lib/python2.7/dist-packages/tablet_socket_msgs/msg/_error_info.py
[1.353s] -- Up-to-date: /home/agilex/autoware.ai/install/tablet_socket_msgs/lib/python2.7/dist-packages/tablet_socket_msgs/msg/_mode_cmd.py
[1.353s] -- Up-to-date: /home/agilex/autoware.ai/install/tablet_socket_msgs/lib/python2.7/dist-packages/tablet_socket_msgs/msg/__init__.pyc
[1.353s] -- Up-to-date: /home/agilex/autoware.ai/install/tablet_socket_msgs/lib/python2.7/dist-packages/tablet_socket_msgs/msg/_gear_cmd.pyc
[1.353s] -- Up-to-date: /home/agilex/autoware.ai/install/tablet_socket_msgs/lib/python2.7/dist-packages/tablet_socket_msgs/msg/_Waypoint.py
[1.354s] -- Up-to-date: /home/agilex/autoware.ai/install/tablet_socket_msgs/lib/python2.7/dist-packages/tablet_socket_msgs/msg/_mode_cmd.pyc
[1.354s] -- Up-to-date: /home/agilex/autoware.ai/install/tablet_socket_msgs/lib/python2.7/dist-packages/tablet_socket_msgs/msg/_route_cmd.pyc
[1.354s] -- Up-to-date: /home/agilex/autoware.ai/install/tablet_socket_msgs/lib/python2.7/dist-packages/tablet_socket_msgs/msg/__init__.py
[1.354s] -- Up-to-date: /home/agilex/autoware.ai/install/tablet_socket_msgs/lib/python2.7/dist-packages/tablet_socket_msgs/msg/_mode_info.py
[1.354s] -- Up-to-date: /home/agilex/autoware.ai/install/tablet_socket_msgs/lib/python2.7/dist-packages/tablet_socket_msgs/msg/_error_info.pyc
[1.354s] -- Up-to-date: /home/agilex/autoware.ai/install/tablet_socket_msgs/lib/python2.7/dist-packages/tablet_socket_msgs/msg/_mode_info.pyc
[1.354s] -- Up-to-date: /home/agilex/autoware.ai/install/tablet_socket_msgs/lib/python2.7/dist-packages/tablet_socket_msgs/__init__.py
[1.354s] -- Up-to-date: /home/agilex/autoware.ai/install/tablet_socket_msgs/lib/pkgconfig/tablet_socket_msgs.pc
[1.354s] -- Up-to-date: /home/agilex/autoware.ai/install/tablet_socket_msgs/share/tablet_socket_msgs/cmake/tablet_socket_msgs-msg-extras.cmake
[1.354s] -- Up-to-date: /home/agilex/autoware.ai/install/tablet_socket_msgs/share/tablet_socket_msgs/cmake/tablet_socket_msgsConfig.cmake
[1.354s] -- Up-to-date: /home/agilex/autoware.ai/install/tablet_socket_msgs/share/tablet_socket_msgs/cmake/tablet_socket_msgsConfig-version.cmake
[1.355s] -- Up-to-date: /home/agilex/autoware.ai/install/tablet_socket_msgs/share/tablet_socket_msgs/package.xml
[1.359s] Invoked command in '/home/agilex/autoware.ai/build/tablet_socket_msgs' returned '0': /usr/bin/cmake --build /home/agilex/autoware.ai/build/tablet_socket_msgs --target install -- -j8 -l8
