[0.015s] Invoking command in '/home/agilex/autoware.ai/build/ndt_tku': /usr/bin/cmake /home/agilex/autoware.ai/src/autoware/core_perception/ndt_tku -DCMAKE_BUILD_TYPE=Release -DCATKIN_INSTALL_INTO_PREFIX_ROOT=0 -DCMAKE_INSTALL_PREFIX=/home/agilex/autoware.ai/install/ndt_tku
[0.146s] -- The C compiler identification is GNU 7.5.0
[0.245s] -- The CXX compiler identification is GNU 7.5.0
[0.250s] -- Check for working C compiler: /usr/bin/cc
[0.368s] -- Check for working C compiler: /usr/bin/cc -- works
[0.368s] -- Detecting C compiler ABI info
[0.494s] -- Detecting C compiler ABI info - done
[0.499s] -- Detecting C compile features
[0.867s] -- Detecting C compile features - done
[0.870s] -- Check for working CXX compiler: /usr/bin/c++
[0.968s] -- Check for working CXX compiler: /usr/bin/c++ -- works
[0.969s] -- Detecting CXX compiler ABI info
[1.052s] -- Detecting CXX compiler ABI info - done
[1.061s] -- Detecting CXX compile features
[2.253s] -- Detecting CXX compile features - done
[2.254s] -- Using CATKIN_DEVEL_PREFIX: /home/agilex/autoware.ai/build/ndt_tku/devel
[2.254s] -- Using CMAKE_PREFIX_PATH: /opt/ros/melodic
[2.255s] -- This workspace overlays: /opt/ros/melodic
[2.283s] -- Found PythonInterp: /usr/bin/python2 (found suitable version "2.7.17", minimum required is "2") 
[2.284s] -- Using PYTHON_EXECUTABLE: /usr/bin/python2
[2.284s] -- Using Debian Python package layout
[2.285s] -- Using empy: /usr/bin/empy
[2.742s] -- Using CATKIN_ENABLE_TESTING: ON
[2.742s] -- Call enable_testing()
[2.756s] -- Using CATKIN_TEST_RESULTS_DIR: /home/agilex/autoware.ai/build/ndt_tku/test_results
[2.774s] -- Found gtest sources under '/usr/src/googletest': gtests will be built
[2.774s] -- Found gmock sources under '/usr/src/googletest': gmock will be built
[2.803s] -- Found PythonInterp: /usr/bin/python2 (found version "2.7.17") 
[2.804s] -- Looking for pthread.h
[3.154s] -- Looking for pthread.h - found
[3.154s] -- Looking for pthread_create
[3.669s] -- Looking for pthread_create - not found
[3.669s] -- Looking for pthread_create in pthreads
[4.002s] -- Looking for pthread_create in pthreads - not found
[4.002s] -- Looking for pthread_create in pthread
[4.376s] -- Looking for pthread_create in pthread - found
[4.377s] -- Found Threads: TRUE  
[4.381s] -- Using Python nosetests: /usr/bin/nosetests-2.7
[4.452s] -- catkin 0.7.29
[4.452s] -- BUILD_SHARED_LIBS is on
[5.443s] -- Found GLUT: /usr/lib/x86_64-linux-gnu/libglut.so  
[5.445s] -- Configuring done
[5.476s] -- Generating done
[5.477s] -- Build files have been written to: /home/agilex/autoware.ai/build/ndt_tku
[5.487s] Invoked command in '/home/agilex/autoware.ai/build/ndt_tku' returned '0': /usr/bin/cmake /home/agilex/autoware.ai/src/autoware/core_perception/ndt_tku -DCMAKE_BUILD_TYPE=Release -DCATKIN_INSTALL_INTO_PREFIX_ROOT=0 -DCMAKE_INSTALL_PREFIX=/home/agilex/autoware.ai/install/ndt_tku
[5.488s] Invoking command in '/home/agilex/autoware.ai/build/ndt_tku': /usr/bin/cmake --build /home/agilex/autoware.ai/build/ndt_tku -- -j8 -l8
[5.637s] [35m[1mScanning dependencies of target ndt_tku[0m
[5.658s] [ 25%] [32mBuilding CXX object CMakeFiles/ndt_tku.dir/src/algebra.cpp.o[0m
[5.965s] [ 50%] [32mBuilding CXX object CMakeFiles/ndt_tku.dir/src/manage_ND.cpp.o[0m
[6.204s] [ 75%] [32mBuilding CXX object CMakeFiles/ndt_tku.dir/src/newton.cpp.o[0m
[6.521s] [100%] [32m[1mLinking CXX shared library devel/lib/libndt_tku.so[0m
[6.604s] [100%] Built target ndt_tku
[6.621s] Invoked command in '/home/agilex/autoware.ai/build/ndt_tku' returned '0': /usr/bin/cmake --build /home/agilex/autoware.ai/build/ndt_tku -- -j8 -l8
[6.724s] Invoking command in '/home/agilex/autoware.ai/build/ndt_tku': /usr/bin/cmake --build /home/agilex/autoware.ai/build/ndt_tku --target tests -- -j8 -l8
[6.809s] [35m[1mScanning dependencies of target tests[0m
[6.821s] Built target tests
[6.834s] Invoked command in '/home/agilex/autoware.ai/build/ndt_tku' returned '0': /usr/bin/cmake --build /home/agilex/autoware.ai/build/ndt_tku --target tests -- -j8 -l8
[6.941s] Invoking command in '/home/agilex/autoware.ai/build/ndt_tku': /usr/bin/cmake --build /home/agilex/autoware.ai/build/ndt_tku --target install -- -j8 -l8
[6.988s] [100%] Built target ndt_tku
[7.004s] [36mInstall the project...[0m
[7.012s] -- Install configuration: "Release"
[7.012s] -- Installing: /home/agilex/autoware.ai/install/ndt_tku/lib/pkgconfig/ndt_tku.pc
[7.012s] -- Installing: /home/agilex/autoware.ai/install/ndt_tku/share/ndt_tku/cmake/ndt_tkuConfig.cmake
[7.013s] -- Installing: /home/agilex/autoware.ai/install/ndt_tku/share/ndt_tku/cmake/ndt_tkuConfig-version.cmake
[7.013s] -- Installing: /home/agilex/autoware.ai/install/ndt_tku/share/ndt_tku/package.xml
[7.013s] -- Installing: /home/agilex/autoware.ai/install/ndt_tku/lib/libndt_tku.so
[7.014s] -- Installing: /home/agilex/autoware.ai/install/ndt_tku/include
[7.014s] -- Installing: /home/agilex/autoware.ai/install/ndt_tku/include/ndt.h
[7.014s] -- Installing: /home/agilex/autoware.ai/install/ndt_tku/include/algebra.h
[7.019s] Invoked command in '/home/agilex/autoware.ai/build/ndt_tku' returned '0': /usr/bin/cmake --build /home/agilex/autoware.ai/build/ndt_tku --target install -- -j8 -l8
