[0.041s] Invoking command in '/home/agilex/autoware.ai/build/imm_ukf_pda_track': CMAKE_PREFIX_PATH=/home/agilex/autoware.ai/install/vector_map:/home/agilex/autoware.ai/install/vector_map_msgs:/home/agilex/autoware.ai/install/autoware_msgs:/home/agilex/autoware.ai/install/autoware_build_flags:${CMAKE_PREFIX_PATH} LD_LIBRARY_PATH=/home/agilex/autoware.ai/install/vector_map/lib:${LD_LIBRARY_PATH} PKG_CONFIG_PATH=/home/agilex/autoware.ai/install/vector_map/lib/x86_64-linux-gnu/pkgconfig:/home/agilex/autoware.ai/install/vector_map/lib/pkgconfig:/home/agilex/autoware.ai/install/vector_map_msgs/lib/x86_64-linux-gnu/pkgconfig:/home/agilex/autoware.ai/install/vector_map_msgs/lib/pkgconfig:/home/agilex/autoware.ai/install/autoware_msgs/lib/x86_64-linux-gnu/pkgconfig:/home/agilex/autoware.ai/install/autoware_msgs/lib/pkgconfig:/home/agilex/autoware.ai/install/autoware_build_flags/lib/x86_64-linux-gnu/pkgconfig:/home/agilex/autoware.ai/install/autoware_build_flags/lib/pkgconfig:${PKG_CONFIG_PATH} PYTHONPATH=/home/agilex/autoware.ai/install/vector_map_msgs/lib/python2.7/dist-packages:/home/agilex/autoware.ai/install/autoware_msgs/lib/python2.7/dist-packages:${PYTHONPATH} ROS_PACKAGE_PATH=/home/agilex/autoware.ai/install/vector_map/share:/home/agilex/autoware.ai/install/vector_map_msgs/share:/home/agilex/autoware.ai/install/autoware_msgs/share:/home/agilex/autoware.ai/install/autoware_build_flags/share:${ROS_PACKAGE_PATH} /usr/bin/cmake --build /home/agilex/autoware.ai/build/imm_ukf_pda_track -- -j8 -l8
[0.131s] [  0%] Built target vector_map_msgs_generate_messages_cpp
[0.132s] [  0%] Built target vector_map_msgs_generate_messages_py
[0.136s] [  0%] Built target visualization_msgs_generate_messages_py
[0.144s] [  0%] Built target vector_map_msgs_generate_messages_eus
[0.147s] [  0%] Built target vector_map_msgs_generate_messages_lisp
[0.154s] [  0%] Built target std_srvs_generate_messages_lisp
[0.155s] [  0%] Built target visualization_msgs_generate_messages_nodejs
[0.161s] [  0%] Built target visualization_msgs_generate_messages_eus
[0.168s] [  0%] Built target tf2_msgs_generate_messages_eus
[0.180s] [  0%] Built target tf2_msgs_generate_messages_nodejs
[0.198s] [  0%] Built target tf2_msgs_generate_messages_py
[0.200s] [  0%] Built target actionlib_generate_messages_py
[0.203s] [  0%] Built target tf_generate_messages_nodejs
[0.203s] [  0%] Built target tf2_msgs_generate_messages_cpp
[0.206s] [  0%] Built target actionlib_generate_messages_cpp
[0.213s] [  0%] Built target tf_generate_messages_lisp
[0.215s] [  0%] Built target visualization_msgs_generate_messages_cpp
[0.237s] [  0%] Built target topic_tools_generate_messages_cpp
[0.243s] [  0%] Built target std_srvs_generate_messages_py
[0.250s] [  0%] Built target topic_tools_generate_messages_nodejs
[0.257s] [  0%] Built target jsk_footstep_msgs_generate_messages_nodejs
[0.267s] [  0%] Built target jsk_footstep_msgs_generate_messages_lisp
[0.271s] [  0%] Built target actionlib_msgs_generate_messages_py
[0.275s] [  0%] Built target topic_tools_generate_messages_eus
[0.284s] [  0%] Built target jsk_footstep_msgs_generate_messages_eus
[0.295s] [  0%] Built target geometry_msgs_generate_messages_py
[0.301s] [  0%] Built target nodelet_generate_messages_nodejs
[0.308s] [  0%] Built target pcl_msgs_generate_messages_nodejs
[0.312s] [  0%] Built target jsk_recognition_msgs_generate_messages_py
[0.315s] [  0%] Built target pcl_msgs_generate_messages_eus
[0.315s] [  0%] Built target rosgraph_msgs_generate_messages_eus
[0.346s] [  0%] Built target jsk_recognition_msgs_generate_messages_lisp
[0.349s] [  0%] Built target jsk_footstep_msgs_generate_messages_cpp
[0.353s] [  0%] Built target autoware_msgs_generate_messages_lisp
[0.354s] [  0%] Built target jsk_recognition_msgs_generate_messages_eus
[0.360s] [  0%] Built target sensor_msgs_generate_messages_nodejs
[0.361s] [  0%] Built target tf_generate_messages_eus
[0.384s] [  0%] Built target actionlib_msgs_generate_messages_cpp
[0.396s] [  0%] Built target sensor_msgs_generate_messages_py
[0.398s] [  0%] Built target geometry_msgs_generate_messages_cpp
[0.404s] [  0%] Built target actionlib_generate_messages_lisp
[0.404s] [  0%] Built target std_msgs_generate_messages_cpp
[0.405s] [  0%] Built target nodelet_generate_messages_py
[0.411s] [  0%] Built target roscpp_generate_messages_cpp
[0.434s] [  0%] Built target nodelet_generate_messages_lisp
[0.446s] [  0%] Built target autoware_msgs_generate_messages_py
[0.453s] [  0%] Built target std_msgs_generate_messages_py
[0.458s] [  0%] Built target rosgraph_msgs_generate_messages_cpp
[0.469s] [  0%] Built target tf_generate_messages_py
[0.469s] [  0%] Built target dynamic_reconfigure_generate_messages_cpp
[0.475s] [  0%] Built target autoware_msgs_generate_messages_cpp
[0.475s] [  0%] Built target jsk_footstep_msgs_generate_messages_py
[0.478s] [  0%] Built target pcl_msgs_generate_messages_cpp
[0.480s] [  0%] Built target geometry_msgs_generate_messages_lisp
[0.486s] [  0%] Built target dynamic_reconfigure_generate_messages_lisp
[0.504s] [  0%] Built target jsk_recognition_msgs_generate_messages_cpp
[0.514s] [  0%] Built target std_srvs_generate_messages_cpp
[0.516s] [  0%] Built target actionlib_generate_messages_nodejs
[0.517s] [  0%] Built target tf_generate_messages_cpp
[0.526s] [  0%] Built target topic_tools_generate_messages_lisp
[0.528s] [  0%] Built target sensor_msgs_generate_messages_lisp
[0.540s] [  0%] Built target autoware_msgs_generate_messages_eus
[0.557s] [  0%] Built target autoware_msgs_generate_messages_nodejs
[0.558s] [  0%] Built target pcl_msgs_generate_messages_lisp
[0.562s] [  0%] Built target visualization_msgs_generate_messages_lisp
[0.562s] [  0%] Built target std_msgs_generate_messages_eus
[0.571s] [  0%] Built target bond_generate_messages_lisp
[0.571s] [  0%] Built target actionlib_generate_messages_eus
[0.578s] [  0%] Built target std_msgs_generate_messages_nodejs
[0.587s] [  0%] Built target geometry_msgs_generate_messages_eus
[0.607s] [  0%] Built target roscpp_generate_messages_nodejs
[0.608s] [  0%] Built target sensor_msgs_generate_messages_cpp
[0.615s] [  0%] Built target geometry_msgs_generate_messages_nodejs
[0.618s] [  0%] Built target pcl_msgs_generate_messages_py
[0.632s] [  0%] Built target std_msgs_generate_messages_lisp
[0.632s] [  0%] Built target sensor_msgs_generate_messages_eus
[0.643s] [  0%] Built target jsk_recognition_msgs_generate_messages_nodejs
[0.645s] [  0%] Built target actionlib_msgs_generate_messages_lisp
[0.647s] [  0%] Built target roscpp_generate_messages_lisp
[0.652s] [  0%] Built target roscpp_generate_messages_py
[0.659s] [  0%] Built target std_srvs_generate_messages_eus
[0.667s] [  0%] Built target rosgraph_msgs_generate_messages_lisp
[0.669s] [  0%] Built target actionlib_msgs_generate_messages_eus
[0.690s] [  0%] Built target roscpp_generate_messages_eus
[0.690s] [  0%] Built target bond_generate_messages_eus
[0.694s] [  0%] Built target dynamic_reconfigure_generate_messages_eus
[0.703s] [  0%] Built target dynamic_reconfigure_generate_messages_py
[0.710s] [  0%] Built target rosgraph_msgs_generate_messages_py
[0.722s] [  0%] Built target dynamic_reconfigure_generate_messages_nodejs
[0.723s] [  0%] Built target rosgraph_msgs_generate_messages_nodejs
[0.727s] [  0%] Built target dynamic_reconfigure_gencfg
[0.730s] [  0%] Built target pcl_ros_gencfg
[0.746s] [  0%] Built target tf2_msgs_generate_messages_lisp
[0.752s] [  0%] Built target nodelet_generate_messages_cpp
[0.752s] [  0%] Built target bond_generate_messages_py
[0.755s] [  0%] Built target nodelet_generate_messages_eus
[0.764s] [  0%] Built target vector_map_msgs_generate_messages_nodejs
[0.770s] [  0%] Built target std_srvs_generate_messages_nodejs
[0.776s] [  0%] Built target actionlib_msgs_generate_messages_nodejs
[0.785s] [  0%] Built target bond_generate_messages_cpp
[0.792s] [  0%] Built target bond_generate_messages_nodejs
[0.795s] [  0%] Built target topic_tools_generate_messages_py
[0.821s] [  0%] Built target nodelet_topic_tools_gencfg
[0.867s] [100%] Built target imm_ukf_pda
[0.895s] Invoked command in '/home/agilex/autoware.ai/build/imm_ukf_pda_track' returned '0': CMAKE_PREFIX_PATH=/home/agilex/autoware.ai/install/vector_map:/home/agilex/autoware.ai/install/vector_map_msgs:/home/agilex/autoware.ai/install/autoware_msgs:/home/agilex/autoware.ai/install/autoware_build_flags:${CMAKE_PREFIX_PATH} LD_LIBRARY_PATH=/home/agilex/autoware.ai/install/vector_map/lib:${LD_LIBRARY_PATH} PKG_CONFIG_PATH=/home/agilex/autoware.ai/install/vector_map/lib/x86_64-linux-gnu/pkgconfig:/home/agilex/autoware.ai/install/vector_map/lib/pkgconfig:/home/agilex/autoware.ai/install/vector_map_msgs/lib/x86_64-linux-gnu/pkgconfig:/home/agilex/autoware.ai/install/vector_map_msgs/lib/pkgconfig:/home/agilex/autoware.ai/install/autoware_msgs/lib/x86_64-linux-gnu/pkgconfig:/home/agilex/autoware.ai/install/autoware_msgs/lib/pkgconfig:/home/agilex/autoware.ai/install/autoware_build_flags/lib/x86_64-linux-gnu/pkgconfig:/home/agilex/autoware.ai/install/autoware_build_flags/lib/pkgconfig:${PKG_CONFIG_PATH} PYTHONPATH=/home/agilex/autoware.ai/install/vector_map_msgs/lib/python2.7/dist-packages:/home/agilex/autoware.ai/install/autoware_msgs/lib/python2.7/dist-packages:${PYTHONPATH} ROS_PACKAGE_PATH=/home/agilex/autoware.ai/install/vector_map/share:/home/agilex/autoware.ai/install/vector_map_msgs/share:/home/agilex/autoware.ai/install/autoware_msgs/share:/home/agilex/autoware.ai/install/autoware_build_flags/share:${ROS_PACKAGE_PATH} /usr/bin/cmake --build /home/agilex/autoware.ai/build/imm_ukf_pda_track -- -j8 -l8
[1.551s] Invoking command in '/home/agilex/autoware.ai/build/imm_ukf_pda_track': CMAKE_PREFIX_PATH=/home/agilex/autoware.ai/install/vector_map:/home/agilex/autoware.ai/install/vector_map_msgs:/home/agilex/autoware.ai/install/autoware_msgs:/home/agilex/autoware.ai/install/autoware_build_flags:${CMAKE_PREFIX_PATH} LD_LIBRARY_PATH=/home/agilex/autoware.ai/install/vector_map/lib:${LD_LIBRARY_PATH} PKG_CONFIG_PATH=/home/agilex/autoware.ai/install/vector_map/lib/x86_64-linux-gnu/pkgconfig:/home/agilex/autoware.ai/install/vector_map/lib/pkgconfig:/home/agilex/autoware.ai/install/vector_map_msgs/lib/x86_64-linux-gnu/pkgconfig:/home/agilex/autoware.ai/install/vector_map_msgs/lib/pkgconfig:/home/agilex/autoware.ai/install/autoware_msgs/lib/x86_64-linux-gnu/pkgconfig:/home/agilex/autoware.ai/install/autoware_msgs/lib/pkgconfig:/home/agilex/autoware.ai/install/autoware_build_flags/lib/x86_64-linux-gnu/pkgconfig:/home/agilex/autoware.ai/install/autoware_build_flags/lib/pkgconfig:${PKG_CONFIG_PATH} PYTHONPATH=/home/agilex/autoware.ai/install/vector_map_msgs/lib/python2.7/dist-packages:/home/agilex/autoware.ai/install/autoware_msgs/lib/python2.7/dist-packages:${PYTHONPATH} ROS_PACKAGE_PATH=/home/agilex/autoware.ai/install/vector_map/share:/home/agilex/autoware.ai/install/vector_map_msgs/share:/home/agilex/autoware.ai/install/autoware_msgs/share:/home/agilex/autoware.ai/install/autoware_build_flags/share:${ROS_PACKAGE_PATH} /usr/bin/cmake --build /home/agilex/autoware.ai/build/imm_ukf_pda_track --target tests -- -j8 -l8
[1.665s] Built target tests
[1.676s] Invoked command in '/home/agilex/autoware.ai/build/imm_ukf_pda_track' returned '0': CMAKE_PREFIX_PATH=/home/agilex/autoware.ai/install/vector_map:/home/agilex/autoware.ai/install/vector_map_msgs:/home/agilex/autoware.ai/install/autoware_msgs:/home/agilex/autoware.ai/install/autoware_build_flags:${CMAKE_PREFIX_PATH} LD_LIBRARY_PATH=/home/agilex/autoware.ai/install/vector_map/lib:${LD_LIBRARY_PATH} PKG_CONFIG_PATH=/home/agilex/autoware.ai/install/vector_map/lib/x86_64-linux-gnu/pkgconfig:/home/agilex/autoware.ai/install/vector_map/lib/pkgconfig:/home/agilex/autoware.ai/install/vector_map_msgs/lib/x86_64-linux-gnu/pkgconfig:/home/agilex/autoware.ai/install/vector_map_msgs/lib/pkgconfig:/home/agilex/autoware.ai/install/autoware_msgs/lib/x86_64-linux-gnu/pkgconfig:/home/agilex/autoware.ai/install/autoware_msgs/lib/pkgconfig:/home/agilex/autoware.ai/install/autoware_build_flags/lib/x86_64-linux-gnu/pkgconfig:/home/agilex/autoware.ai/install/autoware_build_flags/lib/pkgconfig:${PKG_CONFIG_PATH} PYTHONPATH=/home/agilex/autoware.ai/install/vector_map_msgs/lib/python2.7/dist-packages:/home/agilex/autoware.ai/install/autoware_msgs/lib/python2.7/dist-packages:${PYTHONPATH} ROS_PACKAGE_PATH=/home/agilex/autoware.ai/install/vector_map/share:/home/agilex/autoware.ai/install/vector_map_msgs/share:/home/agilex/autoware.ai/install/autoware_msgs/share:/home/agilex/autoware.ai/install/autoware_build_flags/share:${ROS_PACKAGE_PATH} /usr/bin/cmake --build /home/agilex/autoware.ai/build/imm_ukf_pda_track --target tests -- -j8 -l8
[2.202s] Invoking command in '/home/agilex/autoware.ai/build/imm_ukf_pda_track': CMAKE_PREFIX_PATH=/home/agilex/autoware.ai/install/vector_map:/home/agilex/autoware.ai/install/vector_map_msgs:/home/agilex/autoware.ai/install/autoware_msgs:/home/agilex/autoware.ai/install/autoware_build_flags:${CMAKE_PREFIX_PATH} LD_LIBRARY_PATH=/home/agilex/autoware.ai/install/vector_map/lib:${LD_LIBRARY_PATH} PKG_CONFIG_PATH=/home/agilex/autoware.ai/install/vector_map/lib/x86_64-linux-gnu/pkgconfig:/home/agilex/autoware.ai/install/vector_map/lib/pkgconfig:/home/agilex/autoware.ai/install/vector_map_msgs/lib/x86_64-linux-gnu/pkgconfig:/home/agilex/autoware.ai/install/vector_map_msgs/lib/pkgconfig:/home/agilex/autoware.ai/install/autoware_msgs/lib/x86_64-linux-gnu/pkgconfig:/home/agilex/autoware.ai/install/autoware_msgs/lib/pkgconfig:/home/agilex/autoware.ai/install/autoware_build_flags/lib/x86_64-linux-gnu/pkgconfig:/home/agilex/autoware.ai/install/autoware_build_flags/lib/pkgconfig:${PKG_CONFIG_PATH} PYTHONPATH=/home/agilex/autoware.ai/install/vector_map_msgs/lib/python2.7/dist-packages:/home/agilex/autoware.ai/install/autoware_msgs/lib/python2.7/dist-packages:${PYTHONPATH} ROS_PACKAGE_PATH=/home/agilex/autoware.ai/install/vector_map/share:/home/agilex/autoware.ai/install/vector_map_msgs/share:/home/agilex/autoware.ai/install/autoware_msgs/share:/home/agilex/autoware.ai/install/autoware_build_flags/share:${ROS_PACKAGE_PATH} /usr/bin/cmake --build /home/agilex/autoware.ai/build/imm_ukf_pda_track --target install -- -j8 -l8
[2.263s] [  0%] Built target std_srvs_generate_messages_lisp
[2.267s] [  0%] Built target visualization_msgs_generate_messages_py
[2.273s] [  0%] Built target vector_map_msgs_generate_messages_lisp
[2.275s] [  0%] Built target vector_map_msgs_generate_messages_eus
[2.278s] [  0%] Built target vector_map_msgs_generate_messages_py
[2.278s] [  0%] Built target visualization_msgs_generate_messages_nodejs
[2.281s] [  0%] Built target visualization_msgs_generate_messages_eus
[2.314s] [  0%] Built target vector_map_msgs_generate_messages_cpp
[2.354s] [  0%] Built target visualization_msgs_generate_messages_cpp
[2.354s] [  0%] Built target actionlib_generate_messages_py
[2.355s] [  0%] Built target tf2_msgs_generate_messages_cpp
[2.356s] [  0%] Built target tf2_msgs_generate_messages_nodejs
[2.356s] [  0%] Built target tf2_msgs_generate_messages_eus
[2.356s] [  0%] Built target actionlib_generate_messages_cpp
[2.357s] [  0%] Built target tf_generate_messages_nodejs
[2.357s] [  0%] Built target tf2_msgs_generate_messages_py
[2.357s] [  0%] Built target topic_tools_generate_messages_nodejs
[2.373s] [  0%] Built target topic_tools_generate_messages_eus
[2.374s] [  0%] Built target tf_generate_messages_lisp
[2.374s] [  0%] Built target jsk_footstep_msgs_generate_messages_lisp
[2.375s] [  0%] Built target std_srvs_generate_messages_py
[2.375s] [  0%] Built target jsk_footstep_msgs_generate_messages_nodejs
[2.375s] [  0%] Built target jsk_footstep_msgs_generate_messages_eus
[2.383s] [  0%] Built target topic_tools_generate_messages_cpp
[2.391s] [  0%] Built target nodelet_generate_messages_nodejs
[2.392s] [  0%] Built target geometry_msgs_generate_messages_py
[2.392s] [  0%] Built target pcl_msgs_generate_messages_nodejs
[2.399s] [  0%] Built target actionlib_msgs_generate_messages_py
[2.413s] [  0%] Built target rosgraph_msgs_generate_messages_eus
[2.420s] [  0%] Built target actionlib_msgs_generate_messages_cpp
[2.424s] [  0%] Built target tf_generate_messages_eus
[2.427s] [  0%] Built target pcl_msgs_generate_messages_eus
[2.440s] [  0%] Built target jsk_recognition_msgs_generate_messages_py
[2.442s] [  0%] Built target jsk_recognition_msgs_generate_messages_lisp
[2.443s] [  0%] Built target jsk_recognition_msgs_generate_messages_eus
[2.446s] [  0%] Built target jsk_footstep_msgs_generate_messages_cpp
[2.453s] [  0%] Built target sensor_msgs_generate_messages_nodejs
[2.463s] [  0%] Built target jsk_footstep_msgs_generate_messages_py
[2.464s] [  0%] Built target std_msgs_generate_messages_cpp
[2.464s] [  0%] Built target sensor_msgs_generate_messages_py
[2.469s] [  0%] Built target roscpp_generate_messages_cpp
[2.470s] [  0%] Built target autoware_msgs_generate_messages_lisp
[2.477s] [  0%] Built target geometry_msgs_generate_messages_cpp
[2.483s] [  0%] Built target actionlib_generate_messages_lisp
[2.490s] [  0%] Built target nodelet_generate_messages_lisp
[2.490s] [  0%] Built target nodelet_generate_messages_py
[2.491s] [  0%] Built target geometry_msgs_generate_messages_lisp
[2.496s] [  0%] Built target autoware_msgs_generate_messages_py
[2.503s] [  0%] Built target std_msgs_generate_messages_py
[2.508s] [  0%] Built target autoware_msgs_generate_messages_cpp
[2.513s] [  0%] Built target rosgraph_msgs_generate_messages_cpp
[2.515s] [  0%] Built target tf_generate_messages_py
[2.515s] [  0%] Built target dynamic_reconfigure_generate_messages_cpp
[2.530s] [  0%] Built target dynamic_reconfigure_generate_messages_lisp
[2.535s] [  0%] Built target actionlib_generate_messages_nodejs
[2.535s] [  0%] Built target pcl_msgs_generate_messages_cpp
[2.539s] [  0%] Built target autoware_msgs_generate_messages_eus
[2.543s] [  0%] Built target topic_tools_generate_messages_lisp
[2.545s] [  0%] Built target jsk_recognition_msgs_generate_messages_cpp
[2.547s] [  0%] Built target std_srvs_generate_messages_cpp
[2.550s] [  0%] Built target tf_generate_messages_cpp
[2.556s] [  0%] Built target sensor_msgs_generate_messages_lisp
[2.563s] [  0%] Built target pcl_msgs_generate_messages_lisp
[2.565s] [  0%] Built target autoware_msgs_generate_messages_nodejs
[2.571s] [  0%] Built target std_msgs_generate_messages_eus
[2.579s] [  0%] Built target bond_generate_messages_lisp
[2.580s] [  0%] Built target visualization_msgs_generate_messages_lisp
[2.580s] [  0%] Built target geometry_msgs_generate_messages_eus
[2.588s] [  0%] Built target actionlib_generate_messages_eus
[2.588s] [  0%] Built target std_msgs_generate_messages_nodejs
[2.593s] [  0%] Built target pcl_msgs_generate_messages_py
[2.597s] [  0%] Built target sensor_msgs_generate_messages_cpp
[2.601s] [  0%] Built target roscpp_generate_messages_nodejs
[2.604s] [  0%] Built target std_msgs_generate_messages_lisp
[2.611s] [  0%] Built target sensor_msgs_generate_messages_eus
[2.611s] [  0%] Built target actionlib_msgs_generate_messages_lisp
[2.612s] [  0%] Built target jsk_recognition_msgs_generate_messages_nodejs
[2.618s] [  0%] Built target geometry_msgs_generate_messages_nodejs
[2.618s] [  0%] Built target bond_generate_messages_eus
[2.618s] [  0%] Built target std_srvs_generate_messages_eus
[2.627s] [  0%] Built target rosgraph_msgs_generate_messages_nodejs
[2.634s] [  0%] Built target rosgraph_msgs_generate_messages_lisp
[2.635s] [  0%] Built target roscpp_generate_messages_lisp
[2.636s] [  0%] Built target roscpp_generate_messages_eus
[2.651s] [  0%] Built target rosgraph_msgs_generate_messages_py
[2.651s] [  0%] Built target roscpp_generate_messages_py
[2.651s] [  0%] Built target pcl_ros_gencfg
[2.658s] [  0%] Built target actionlib_msgs_generate_messages_eus
[2.663s] [  0%] Built target dynamic_reconfigure_generate_messages_nodejs
[2.664s] [  0%] Built target tf2_msgs_generate_messages_lisp
[2.669s] [  0%] Built target dynamic_reconfigure_generate_messages_eus
[2.671s] [  0%] Built target dynamic_reconfigure_generate_messages_py
[2.699s] [  0%] Built target dynamic_reconfigure_gencfg
[2.701s] [  0%] Built target nodelet_generate_messages_cpp
[2.704s] [  0%] Built target nodelet_generate_messages_eus
[2.705s] [  0%] Built target bond_generate_messages_nodejs
[2.706s] [  0%] Built target bond_generate_messages_py
[2.710s] [  0%] Built target std_srvs_generate_messages_nodejs
[2.711s] [  0%] Built target bond_generate_messages_cpp
[2.714s] [  0%] Built target vector_map_msgs_generate_messages_nodejs
[2.725s] [  0%] Built target nodelet_topic_tools_gencfg
[2.739s] [  0%] Built target actionlib_msgs_generate_messages_nodejs
[2.758s] [  0%] Built target topic_tools_generate_messages_py
[2.839s] [100%] Built target imm_ukf_pda
[2.890s] [36mInstall the project...[0m
[2.901s] -- Install configuration: "Release"
[2.902s] -- Up-to-date: /home/agilex/autoware.ai/install/imm_ukf_pda_track/lib/pkgconfig/imm_ukf_pda_track.pc
[2.902s] -- Up-to-date: /home/agilex/autoware.ai/install/imm_ukf_pda_track/share/imm_ukf_pda_track/cmake/imm_ukf_pda_trackConfig.cmake
[2.902s] -- Up-to-date: /home/agilex/autoware.ai/install/imm_ukf_pda_track/share/imm_ukf_pda_track/cmake/imm_ukf_pda_trackConfig-version.cmake
[2.902s] -- Up-to-date: /home/agilex/autoware.ai/install/imm_ukf_pda_track/share/imm_ukf_pda_track/package.xml
[2.902s] -- Up-to-date: /home/agilex/autoware.ai/install/imm_ukf_pda_track/lib/imm_ukf_pda_track/imm_ukf_pda
[2.902s] -- Up-to-date: /home/agilex/autoware.ai/install/imm_ukf_pda_track/share/imm_ukf_pda_track/launch
[2.902s] -- Up-to-date: /home/agilex/autoware.ai/install/imm_ukf_pda_track/share/imm_ukf_pda_track/launch/imm_ukf_pda_track.launch
[2.908s] Invoked command in '/home/agilex/autoware.ai/build/imm_ukf_pda_track' returned '0': CMAKE_PREFIX_PATH=/home/agilex/autoware.ai/install/vector_map:/home/agilex/autoware.ai/install/vector_map_msgs:/home/agilex/autoware.ai/install/autoware_msgs:/home/agilex/autoware.ai/install/autoware_build_flags:${CMAKE_PREFIX_PATH} LD_LIBRARY_PATH=/home/agilex/autoware.ai/install/vector_map/lib:${LD_LIBRARY_PATH} PKG_CONFIG_PATH=/home/agilex/autoware.ai/install/vector_map/lib/x86_64-linux-gnu/pkgconfig:/home/agilex/autoware.ai/install/vector_map/lib/pkgconfig:/home/agilex/autoware.ai/install/vector_map_msgs/lib/x86_64-linux-gnu/pkgconfig:/home/agilex/autoware.ai/install/vector_map_msgs/lib/pkgconfig:/home/agilex/autoware.ai/install/autoware_msgs/lib/x86_64-linux-gnu/pkgconfig:/home/agilex/autoware.ai/install/autoware_msgs/lib/pkgconfig:/home/agilex/autoware.ai/install/autoware_build_flags/lib/x86_64-linux-gnu/pkgconfig:/home/agilex/autoware.ai/install/autoware_build_flags/lib/pkgconfig:${PKG_CONFIG_PATH} PYTHONPATH=/home/agilex/autoware.ai/install/vector_map_msgs/lib/python2.7/dist-packages:/home/agilex/autoware.ai/install/autoware_msgs/lib/python2.7/dist-packages:${PYTHONPATH} ROS_PACKAGE_PATH=/home/agilex/autoware.ai/install/vector_map/share:/home/agilex/autoware.ai/install/vector_map_msgs/share:/home/agilex/autoware.ai/install/autoware_msgs/share:/home/agilex/autoware.ai/install/autoware_build_flags/share:${ROS_PACKAGE_PATH} /usr/bin/cmake --build /home/agilex/autoware.ai/build/imm_ukf_pda_track --target install -- -j8 -l8
