[0.022s] Invoking command in '/home/agilex/autoware.ai/build/pixel_cloud_fusion': CMAKE_PREFIX_PATH=/home/agilex/autoware.ai/install/autoware_build_flags:${CMAKE_PREFIX_PATH} PKG_CONFIG_PATH=/home/agilex/autoware.ai/install/autoware_build_flags/lib/x86_64-linux-gnu/pkgconfig:/home/agilex/autoware.ai/install/autoware_build_flags/lib/pkgconfig:${PKG_CONFIG_PATH} ROS_PACKAGE_PATH=/home/agilex/autoware.ai/install/autoware_build_flags/share:${ROS_PACKAGE_PATH} /usr/bin/cmake /home/agilex/autoware.ai/src/autoware/core_perception/pixel_cloud_fusion -DCMAKE_BUILD_TYPE=Release -DCATKIN_INSTALL_INTO_PREFIX_ROOT=0 -DCMAKE_INSTALL_PREFIX=/home/agilex/autoware.ai/install/pixel_cloud_fusion
[0.116s] -- The C compiler identification is GNU 7.5.0
[0.178s] -- The CXX compiler identification is GNU 7.5.0
[0.183s] -- Check for working C compiler: /usr/bin/cc
[0.273s] -- Check for working C compiler: /usr/bin/cc -- works
[0.274s] -- Detecting C compiler ABI info
[0.383s] -- Detecting C compiler ABI info - done
[0.392s] -- Detecting C compile features
[0.694s] -- Detecting C compile features - done
[0.694s] -- Check for working CXX compiler: /usr/bin/c++
[0.773s] -- Check for working CXX compiler: /usr/bin/c++ -- works
[0.774s] -- Detecting CXX compiler ABI info
[0.876s] -- Detecting CXX compiler ABI info - done
[0.886s] -- Detecting CXX compile features
[1.233s] -- Detecting CXX compile features - done
[1.234s] -- CUDA compilation status: .
[1.236s] -- Using CATKIN_DEVEL_PREFIX: /home/agilex/autoware.ai/build/pixel_cloud_fusion/devel
[1.236s] -- Using CMAKE_PREFIX_PATH: /home/agilex/autoware.ai/install/autoware_build_flags;/opt/ros/melodic
[1.236s] -- This workspace overlays: /home/agilex/autoware.ai/install/autoware_build_flags;/opt/ros/melodic
[1.250s] -- Found PythonInterp: /usr/bin/python2 (found suitable version "2.7.17", minimum required is "2") 
[1.250s] -- Using PYTHON_EXECUTABLE: /usr/bin/python2
[1.250s] -- Using Debian Python package layout
[1.251s] -- Using empy: /usr/bin/empy
[1.420s] -- Using CATKIN_ENABLE_TESTING: ON
[1.421s] -- Call enable_testing()
[1.423s] -- Using CATKIN_TEST_RESULTS_DIR: /home/agilex/autoware.ai/build/pixel_cloud_fusion/test_results
[1.440s] -- Found gtest sources under '/usr/src/googletest': gtests will be built
[1.440s] -- Found gmock sources under '/usr/src/googletest': gmock will be built
[1.453s] -- Found PythonInterp: /usr/bin/python2 (found version "2.7.17") 
[1.455s] -- Looking for pthread.h
[1.517s] -- Looking for pthread.h - found
[1.518s] -- Looking for pthread_create
[1.579s] -- Looking for pthread_create - not found
[1.579s] -- Looking for pthread_create in pthreads
[1.630s] -- Looking for pthread_create in pthreads - not found
[1.630s] -- Looking for pthread_create in pthread
[1.690s] -- Looking for pthread_create in pthread - found
[1.691s] -- Found Threads: TRUE  
[1.696s] -- Using Python nosetests: /usr/bin/nosetests-2.7
[1.740s] -- catkin 0.7.29
[1.740s] -- BUILD_SHARED_LIBS is on
[2.467s] -- Using these message generators: gencpp;geneus;genlisp;gennodejs;genpy
[2.780s] -- Found OpenCV: /usr (found version "3.2.0") 
[2.788s] -- Checking for module 'eigen3'
[2.804s] --   Found eigen3, version 3.3.4
[2.868s] -- Found eigen: /usr/include/eigen3  
[2.944s] -- Boost version: 1.65.1
[2.944s] -- Found the following Boost libraries:
[2.944s] --   system
[2.944s] --   filesystem
[2.944s] --   thread
[2.945s] --   date_time
[2.945s] --   iostreams
[2.945s] --   serialization
[2.945s] --   chrono
[2.945s] --   atomic
[2.945s] --   regex
[2.947s] -- Checking for module 'libopenni'
[2.968s] --   Found libopenni, version 1.5.4.0
[3.019s] -- Found openni: /usr/lib/libOpenNI.so  
[3.019s] -- Checking for module 'libopenni2'
[3.032s] --   Found libopenni2, version 2.2.0.3
[3.076s] -- Found OpenNI2: /usr/lib/libOpenNI2.so  
[3.081s] -- Could NOT find ensenso (missing: ENSENSO_LIBRARY ENSENSO_INCLUDE_DIR) 
[3.082s] ** WARNING ** io features related to ensenso will be disabled
[3.085s] -- Could NOT find DAVIDSDK (missing: DAVIDSDK_LIBRARY DAVIDSDK_INCLUDE_DIR) 
[3.085s] ** WARNING ** io features related to davidSDK will be disabled
[3.087s] -- Could NOT find DSSDK (missing: _DSSDK_LIBRARIES) 
[3.087s] ** WARNING ** io features related to dssdk will be disabled
[3.087s] ** WARNING ** io features related to pcap will be disabled
[3.088s] ** WARNING ** io features related to png will be disabled
[3.153s] -- The imported target "vtkRenderingPythonTkWidgets" references the file
[3.154s]    "/usr/lib/x86_64-linux-gnu/libvtkRenderingPythonTkWidgets.so"
[3.154s] but this file does not exist.  Possible reasons include:
[3.154s] * The file was deleted, renamed, or moved to another location.
[3.155s] * An install or uninstall procedure did not complete successfully.
[3.155s] * The installation package was faulty and contained
[3.155s]    "/usr/lib/cmake/vtk-6.3/VTKTargets.cmake"
[3.155s] but not all the files it references.
[3.155s] 
[3.156s] -- The imported target "vtk" references the file
[3.156s]    "/usr/bin/vtk"
[3.156s] but this file does not exist.  Possible reasons include:
[3.156s] * The file was deleted, renamed, or moved to another location.
[3.157s] * An install or uninstall procedure did not complete successfully.
[3.157s] * The installation package was faulty and contained
[3.157s]    "/usr/lib/cmake/vtk-6.3/VTKTargets.cmake"
[3.157s] but not all the files it references.
[3.157s] 
[3.229s] -- Found libusb-1.0: /usr/include  
[3.230s] ** WARNING ** io features related to libusb-1.0 will be disabled
[3.231s] -- Checking for module 'flann'
[3.247s] --   Found flann, version 1.9.1
[3.292s] -- Found Flann: /usr/lib/x86_64-linux-gnu/libflann_cpp_s.a  
[3.334s] -- Could NOT find ensenso (missing: ENSENSO_LIBRARY ENSENSO_INCLUDE_DIR) 
[3.335s] ** WARNING ** visualization features related to ensenso will be disabled
[3.338s] -- Could NOT find DAVIDSDK (missing: DAVIDSDK_LIBRARY DAVIDSDK_INCLUDE_DIR) 
[3.338s] ** WARNING ** visualization features related to davidSDK will be disabled
[3.339s] -- Could NOT find DSSDK (missing: _DSSDK_LIBRARIES) 
[3.340s] ** WARNING ** visualization features related to dssdk will be disabled
[3.341s] -- Could NOT find RSSDK (missing: _RSSDK_LIBRARIES) 
[3.341s] ** WARNING ** visualization features related to rssdk will be disabled
[3.378s] -- Found qhull: /usr/lib/x86_64-linux-gnu/libqhull.so  
[3.412s] -- looking for PCL_COMMON
[3.414s] -- Found PCL_COMMON: /usr/lib/x86_64-linux-gnu/libpcl_common.so  
[3.415s] -- looking for PCL_OCTREE
[3.417s] -- Found PCL_OCTREE: /usr/lib/x86_64-linux-gnu/libpcl_octree.so  
[3.417s] -- looking for PCL_IO
[3.419s] -- Found PCL_IO: /usr/lib/x86_64-linux-gnu/libpcl_io.so  
[3.420s] -- looking for PCL_KDTREE
[3.422s] -- Found PCL_KDTREE: /usr/lib/x86_64-linux-gnu/libpcl_kdtree.so  
[3.422s] -- looking for PCL_SEARCH
[3.424s] -- Found PCL_SEARCH: /usr/lib/x86_64-linux-gnu/libpcl_search.so  
[3.425s] -- looking for PCL_SAMPLE_CONSENSUS
[3.427s] -- Found PCL_SAMPLE_CONSENSUS: /usr/lib/x86_64-linux-gnu/libpcl_sample_consensus.so  
[3.427s] -- looking for PCL_FILTERS
[3.429s] -- Found PCL_FILTERS: /usr/lib/x86_64-linux-gnu/libpcl_filters.so  
[3.430s] -- looking for PCL_2D
[3.431s] -- Found PCL_2D: /usr/include/pcl-1.8  
[3.432s] -- looking for PCL_GEOMETRY
[3.433s] -- Found PCL_GEOMETRY: /usr/include/pcl-1.8  
[3.433s] -- looking for PCL_FEATURES
[3.435s] -- Found PCL_FEATURES: /usr/lib/x86_64-linux-gnu/libpcl_features.so  
[3.436s] -- looking for PCL_ML
[3.438s] -- Found PCL_ML: /usr/lib/x86_64-linux-gnu/libpcl_ml.so  
[3.438s] -- looking for PCL_SEGMENTATION
[3.440s] -- Found PCL_SEGMENTATION: /usr/lib/x86_64-linux-gnu/libpcl_segmentation.so  
[3.442s] -- looking for PCL_VISUALIZATION
[3.443s] -- Found PCL_VISUALIZATION: /usr/lib/x86_64-linux-gnu/libpcl_visualization.so  
[3.444s] -- looking for PCL_SURFACE
[3.446s] -- Found PCL_SURFACE: /usr/lib/x86_64-linux-gnu/libpcl_surface.so  
[3.447s] -- looking for PCL_REGISTRATION
[3.449s] -- Found PCL_REGISTRATION: /usr/lib/x86_64-linux-gnu/libpcl_registration.so  
[3.450s] -- looking for PCL_KEYPOINTS
[3.451s] -- Found PCL_KEYPOINTS: /usr/lib/x86_64-linux-gnu/libpcl_keypoints.so  
[3.452s] -- looking for PCL_TRACKING
[3.454s] -- Found PCL_TRACKING: /usr/lib/x86_64-linux-gnu/libpcl_tracking.so  
[3.455s] -- looking for PCL_RECOGNITION
[3.457s] -- Found PCL_RECOGNITION: /usr/lib/x86_64-linux-gnu/libpcl_recognition.so  
[3.459s] -- looking for PCL_STEREO
[3.461s] -- Found PCL_STEREO: /usr/lib/x86_64-linux-gnu/libpcl_stereo.so  
[3.462s] -- looking for PCL_APPS
[3.464s] -- Found PCL_APPS: /usr/lib/x86_64-linux-gnu/libpcl_apps.so  
[3.466s] -- looking for PCL_IN_HAND_SCANNER
[3.467s] -- Found PCL_IN_HAND_SCANNER: /usr/include/pcl-1.8  
[3.468s] -- looking for PCL_MODELER
[3.469s] -- Found PCL_MODELER: /usr/include/pcl-1.8  
[3.469s] -- looking for PCL_POINT_CLOUD_EDITOR
[3.470s] -- Found PCL_POINT_CLOUD_EDITOR: /usr/include/pcl-1.8  
[3.471s] -- looking for PCL_OUTOFCORE
[3.473s] -- Found PCL_OUTOFCORE: /usr/lib/x86_64-linux-gnu/libpcl_outofcore.so  
[3.473s] -- looking for PCL_PEOPLE
[3.475s] -- Found PCL_PEOPLE: /usr/lib/x86_64-linux-gnu/libpcl_people.so  
[3.502s] -- Found PCL: /usr/lib/x86_64-linux-gnu/libboost_system.so;/usr/lib/x86_64-linux-gnu/libboost_filesystem.so;/usr/lib/x86_64-linux-gnu/libboost_thread.so;/usr/lib/x86_64-linux-gnu/libboost_date_time.so;/usr/lib/x86_64-linux-gnu/libboost_iostreams.so;/usr/lib/x86_64-linux-gnu/libboost_serialization.so;/usr/lib/x86_64-linux-gnu/libboost_chrono.so;/usr/lib/x86_64-linux-gnu/libboost_atomic.so;/usr/lib/x86_64-linux-gnu/libboost_regex.so;/usr/lib/x86_64-linux-gnu/libpthread.so;optimized;/usr/lib/x86_64-linux-gnu/libpcl_common.so;debug;/usr/lib/x86_64-linux-gnu/libpcl_common.so;optimized;/usr/lib/x86_64-linux-gnu/libpcl_octree.so;debug;/usr/lib/x86_64-linux-gnu/libpcl_octree.so;/usr/lib/libOpenNI.so;/usr/lib/libOpenNI2.so;vtkChartsCore;vtkCommonColor;vtkCommonDataModel;vtkCommonMath;vtkCommonCore;vtksys;vtkCommonMisc;vtkCommonSystem;vtkCommonTransforms;vtkInfovisCore;vtkFiltersExtraction;vtkCommonExecutionModel;vtkFiltersCore;vtkFiltersGeneral;vtkCommonComputationalGeometry;vtkFiltersStatistics;vtkImagingFourier;vtkImagingCore;vtkalglib;vtkRenderingContext2D;vtkRenderingCore;vtkFiltersGeometry;vtkFiltersSources;vtkRenderingFreeType;/usr/lib/x86_64-linux-gnu/libfreetype.so;/usr/lib/x86_64-linux-gnu/libz.so;vtkftgl;vtkDICOMParser;vtkDomainsChemistry;vtkIOXML;vtkIOGeometry;vtkIOCore;vtkIOXMLParser;/usr/lib/x86_64-linux-gnu/libexpat.so;vtkFiltersAMR;vtkParallelCore;vtkIOLegacy;vtkFiltersFlowPaths;vtkFiltersGeneric;vtkFiltersHybrid;vtkImagingSources;vtkFiltersHyperTree;vtkFiltersImaging;vtkImagingGeneral;vtkFiltersModeling;vtkFiltersParallel;vtkFiltersParallelFlowPaths;vtkParallelMPI;vtkFiltersParallelGeometry;vtkFiltersParallelImaging;vtkFiltersParallelMPI;vtkFiltersParallelStatistics;vtkFiltersProgrammable;vtkFiltersPython;/usr/lib/x86_64-linux-gnu/libpython2.7.so;vtkWrappingPythonCore;vtkWrappingTools;vtkFiltersReebGraph;vtkFiltersSMP;vtkFiltersSelection;vtkFiltersTexture;vtkFiltersVerdict;verdict;vtkGUISupportQt;vtkInteractionStyle;vtkRenderingOpenGL;vtkImagingHybrid;vtkIOImage;vtkmetaio;/usr/lib/x86_64-linux-gnu/libjpeg.so;/usr/lib/x86_64-linux-gnu/libpng.so;/usr/lib/x86_64-linux-gnu/libtiff.so;vtkGUISupportQtOpenGL;vtkGUISupportQtSQL;vtkIOSQL;sqlite3;vtkGUISupportQtWebkit;vtkViewsQt;vtkViewsInfovis;vtkInfovisLayout;vtkInfovisBoostGraphAlgorithms;vtkRenderingLabel;vtkViewsCore;vtkInteractionWidgets;vtkRenderingAnnotation;vtkImagingColor;vtkRenderingVolume;vtkGeovisCore;/usr/lib/x86_64-linux-gnu/libproj.so;vtkIOAMR;/usr/lib/x86_64-linux-gnu/hdf5/openmpi/libhdf5.so;/usr/lib/x86_64-linux-gnu/libsz.so;/usr/lib/x86_64-linux-gnu/libdl.so;/usr/lib/x86_64-linux-gnu/libm.so;/usr/lib/x86_64-linux-gnu/openmpi/lib/libmpi.so;vtkIOEnSight;vtkIOExodus;vtkexoIIc;/usr/lib/x86_64-linux-gnu/libnetcdf_c++.so;/usr/lib/x86_64-linux-gnu/libnetcdf.so;vtkIOExport;vtkRenderingGL2PS;vtkRenderingContextOpenGL;/usr/lib/x86_64-linux-gnu/libgl2ps.so;vtkIOFFMPEG;vtkIOMovie;/usr/lib/x86_64-linux-gnu/libtheoraenc.so;/usr/lib/x86_64-linux-gnu/libtheoradec.so;/usr/lib/x86_64-linux-gnu/libogg.so;vtkIOGDAL;vtkIOGeoJSON;vtkIOImport;vtkIOInfovis;/usr/lib/x86_64-linux-gnu/libxml2.so;vtkIOLSDyna;vtkIOMINC;vtkIOMPIImage;vtkIOMPIParallel;vtkIOParallel;vtkIONetCDF;/usr/lib/x86_64-linux-gnu/libjsoncpp.so;vtkIOMySQL;vtkIOODBC;vtkIOPLY;vtkIOParallelExodus;vtkIOParallelLSDyna;vtkIOParallelNetCDF;vtkIOParallelXML;vtkIOPostgreSQL;vtkIOVPIC;VPIC;vtkIOVideo;vtkIOXdmf2;vtkxdmf2;vtkImagingMath;vtkImagingMorphological;vtkImagingStatistics;vtkImagingStencil;vtkInteractionImage;vtkLocalExample;vtkParallelMPI4Py;vtkPythonInterpreter;vtkRenderingExternal;vtkRenderingFreeTypeFontConfig;vtkRenderingImage;vtkRenderingLIC;vtkRenderingLOD;vtkRenderingMatplotlib;vtkRenderingParallel;vtkRenderingParallelLIC;vtkRenderingQt;vtkRenderingVolumeAMR;vtkRenderingVolumeOpenGL;vtkTestingGenericBridge;vtkTestingIOSQL;vtkTestingRendering;vtkViewsContext2D;vtkViewsGeovis;vtkWrappingJava;optimized;/usr/lib/x86_64-linux-gnu/libpcl_io.so;debug;/usr/lib/x86_64-linux-gnu/libpcl_io.so;optimized;/usr/lib/x86_64-linux-gnu/libflann_cpp_s.a;debug;/usr/lib/x86_64-linux-gnu/libflann_cpp_s.a;optimized;/usr/lib/x86_64-linux-gnu/libpcl_kdtree.so;debug;/usr/lib/x86_64-linux-gnu/libpcl_kdtree.so;optimized;/usr/lib/x86_64-linux-gnu/libpcl_search.so;debug;/usr/lib/x86_64-linux-gnu/libpcl_search.so;optimized;/usr/lib/x86_64-linux-gnu/libpcl_sample_consensus.so;debug;/usr/lib/x86_64-linux-gnu/libpcl_sample_consensus.so;optimized;/usr/lib/x86_64-linux-gnu/libpcl_filters.so;debug;/usr/lib/x86_64-linux-gnu/libpcl_filters.so;optimized;/usr/lib/x86_64-linux-gnu/libpcl_features.so;debug;/usr/lib/x86_64-linux-gnu/libpcl_features.so;optimized;/usr/lib/x86_64-linux-gnu/libpcl_ml.so;debug;/usr/lib/x86_64-linux-gnu/libpcl_ml.so;optimized;/usr/lib/x86_64-linux-gnu/libpcl_segmentation.so;debug;/usr/lib/x86_64-linux-gnu/libpcl_segmentation.so;optimized;/usr/lib/x86_64-linux-gnu/libpcl_visualization.so;debug;/usr/lib/x86_64-linux-gnu/libpcl_visualization.so;optimized;/usr/lib/x86_64-linux-gnu/libqhull.so;debug;/usr/lib/x86_64-linux-gnu/libqhull.so;optimized;/usr/lib/x86_64-linux-gnu/libpcl_surface.so;debug;/usr/lib/x86_64-linux-gnu/libpcl_surface.so;optimized;/usr/lib/x86_64-linux-gnu/libpcl_registration.so;debug;/usr/lib/x86_64-linux-gnu/libpcl_registration.so;optimized;/usr/lib/x86_64-linux-gnu/libpcl_keypoints.so;debug;/usr/lib/x86_64-linux-gnu/libpcl_keypoints.so;optimized;/usr/lib/x86_64-linux-gnu/libpcl_tracking.so;debug;/usr/lib/x86_64-linux-gnu/libpcl_tracking.so;optimized;/usr/lib/x86_64-linux-gnu/libpcl_recognition.so;debug;/usr/lib/x86_64-linux-gnu/libpcl_recognition.so;optimized;/usr/lib/x86_64-linux-gnu/libpcl_stereo.so;debug;/usr/lib/x86_64-linux-gnu/libpcl_stereo.so;optimized;/usr/lib/x86_64-linux-gnu/libpcl_apps.so;debug;/usr/lib/x86_64-linux-gnu/libpcl_apps.so;optimized;/usr/lib/x86_64-linux-gnu/libpcl_outofcore.so;debug;/usr/lib/x86_64-linux-gnu/libpcl_outofcore.so;optimized;/usr/lib/x86_64-linux-gnu/libpcl_people.so;debug;/usr/lib/x86_64-linux-gnu/libpcl_people.so;/usr/lib/x86_64-linux-gnu/libboost_system.so;/usr/lib/x86_64-linux-gnu/libboost_filesystem.so;/usr/lib/x86_64-linux-gnu/libboost_thread.so;/usr/lib/x86_64-linux-gnu/libboost_date_time.so;/usr/lib/x86_64-linux-gnu/libboost_iostreams.so;/usr/lib/x86_64-linux-gnu/libboost_serialization.so;/usr/lib/x86_64-linux-gnu/libboost_chrono.so;/usr/lib/x86_64-linux-gnu/libboost_atomic.so;/usr/lib/x86_64-linux-gnu/libboost_regex.so;/usr/lib/x86_64-linux-gnu/libpthread.so;optimized;/usr/lib/x86_64-linux-gnu/libqhull.so;debug;/usr/lib/x86_64-linux-gnu/libqhull.so;/usr/lib/libOpenNI.so;/usr/lib/libOpenNI2.so;optimized;/usr/lib/x86_64-linux-gnu/libflann_cpp_s.a;debug;/usr/lib/x86_64-linux-gnu/libflann_cpp_s.a;vtkChartsCore;vtkCommonColor;vtkCommonDataModel;vtkCommonMath;vtkCommonCore;vtksys;vtkCommonMisc;vtkCommonSystem;vtkCommonTransforms;vtkInfovisCore;vtkFiltersExtraction;vtkCommonExecutionModel;vtkFiltersCore;vtkFiltersGeneral;vtkCommonComputationalGeometry;vtkFiltersStatistics;vtkImagingFourier;vtkImagingCore;vtkalglib;vtkRenderingContext2D;vtkRenderingCore;vtkFiltersGeometry;vtkFiltersSources;vtkRenderingFreeType;/usr/lib/x86_64-linux-gnu/libfreetype.so;/usr/lib/x86_64-linux-gnu/libz.so;vtkftgl;vtkDICOMParser;vtkDomainsChemistry;vtkIOXML;vtkIOGeometry;vtkIOCore;vtkIOXMLParser;/usr/lib/x86_64-linux-gnu/libexpat.so;vtkFiltersAMR;vtkParallelCore;vtkIOLegacy;vtkFiltersFlowPaths;vtkFiltersGeneric;vtkFiltersHybrid;vtkImagingSources;vtkFiltersHyperTree;vtkFiltersImaging;vtkImagingGeneral;vtkFiltersModeling;vtkFiltersParallel;vtkFiltersParallelFlowPaths;vtkParallelMPI;vtkFiltersParallelGeometry;vtkFiltersParallelImaging;vtkFiltersParallelMPI;vtkFiltersParallelStatistics;vtkFiltersProgrammable;vtkFiltersPython;/usr/lib/x86_64-linux-gnu/libpython2.7.so;vtkWrappingPythonCore;vtkWrappingTools;vtkFiltersReebGraph;vtkFiltersSMP;vtkFiltersSelection;vtkFiltersTexture;vtkFiltersVerdict;verdict;vtkGUISupportQt;vtkInteractionStyle;vtkRenderingOpenGL;vtkImagingHybrid;vtkIOImage;vtkmetaio;/usr/lib/x86_64-linux-gnu/libjpeg.so;/usr/lib/x86_64-linux-gnu/libpng.so;/usr/lib/x86_64-linux-gnu/libtiff.so;vtkGUISupportQtOpenGL;vtkGUISupportQtSQL;vtkIOSQL;sqlite3;vtkGUISupportQtWebkit;vtkViewsQt;vtkViewsInfovis;vtkInfovisLayout;vtkInfovisBoostGraphAlgorithms;vtkRenderingLabel;vtkViewsCore;vtkInteractionWidgets;vtkRenderingAnnotation;vtkImagingColor;vtkRenderingVolume;vtkGeovisCore;/usr/lib/x86_64-linux-gnu/libproj.so;vtkIOAMR;/usr/lib/x86_64-linux-gnu/hdf5/openmpi/libhdf5.so;/usr/lib/x86_64-linux-gnu/libsz.so;/usr/lib/x86_64-linux-gnu/libdl.so;/usr/lib/x86_64-linux-gnu/libm.so;/usr/lib/x86_64-linux-gnu/openmpi/lib/libmpi.so;vtkIOEnSight;vtkIOExodus;vtkexoIIc;/usr/lib/x86_64-linux-gnu/libnetcdf_c++.so;/usr/lib/x86_64-linux-gnu/libnetcdf.so;vtkIOExport;vtkRenderingGL2PS;vtkRenderingContextOpenGL;/usr/lib/x86_64-linux-gnu/libgl2ps.so;vtkIOFFMPEG;vtkIOMovie;/usr/lib/x86_64-linux-gnu/libtheoraenc.so;/usr/lib/x86_64-linux-gnu/libtheoradec.so;/usr/lib/x86_64-linux-gnu/libogg.so;vtkIOGDAL;vtkIOGeoJSON;vtkIOImport;vtkIOInfovis;/usr/lib/x86_64-linux-gnu/libxml2.so;vtkIOLSDyna;vtkIOMINC;vtkIOMPIImage;vtkIOMPIParallel;vtkIOParallel;vtkIONetCDF;/usr/lib/x86_64-linux-gnu/libjsoncpp.so;vtkIOMySQL;vtkIOODBC;vtkIOPLY;vtkIOParallelExodus;vtkIOParallelLSDyna;vtkIOParallelNetCDF;vtkIOParallelXML;vtkIOPostgreSQL;vtkIOVPIC;VPIC;vtkIOVideo;vtkIOXdmf2;vtkxdmf2;vtkImagingMath;vtkImagingMorphological;vtkImagingStatistics;vtkImagingStencil;vtkInteractionImage;vtkLocalExample;vtkParallelMPI4Py;vtkPythonInterpreter;vtkRenderingExternal;vtkRenderingFreeTypeFontConfig;vtkRenderingImage;vtkRenderingLIC;vtkRenderingLOD;vtkRenderingMatplotlib;vtkRenderingParallel;vtkRenderingParallelLIC;vtkRenderingQt;vtkRenderingVolumeAMR;vtkRenderingVolumeOpenGL;vtkTestingGenericBridge;vtkTestingIOSQL;vtkTestingRendering;vtkViewsContext2D;vtkViewsGeovis;vtkWrappingJava  
[3.866s] -- Found OpenMP_C: -fopenmp (found version "4.5") 
[3.997s] -- Found OpenMP_CXX: -fopenmp (found version "4.5") 
[3.998s] -- Found OpenMP: TRUE (found version "4.5")  
[4.180s] -- Configuring done
[4.371s] -- Generating done
[4.380s] -- Build files have been written to: /home/agilex/autoware.ai/build/pixel_cloud_fusion
[4.394s] Invoked command in '/home/agilex/autoware.ai/build/pixel_cloud_fusion' returned '0': CMAKE_PREFIX_PATH=/home/agilex/autoware.ai/install/autoware_build_flags:${CMAKE_PREFIX_PATH} PKG_CONFIG_PATH=/home/agilex/autoware.ai/install/autoware_build_flags/lib/x86_64-linux-gnu/pkgconfig:/home/agilex/autoware.ai/install/autoware_build_flags/lib/pkgconfig:${PKG_CONFIG_PATH} ROS_PACKAGE_PATH=/home/agilex/autoware.ai/install/autoware_build_flags/share:${ROS_PACKAGE_PATH} /usr/bin/cmake /home/agilex/autoware.ai/src/autoware/core_perception/pixel_cloud_fusion -DCMAKE_BUILD_TYPE=Release -DCATKIN_INSTALL_INTO_PREFIX_ROOT=0 -DCMAKE_INSTALL_PREFIX=/home/agilex/autoware.ai/install/pixel_cloud_fusion
[4.395s] Invoking command in '/home/agilex/autoware.ai/build/pixel_cloud_fusion': CMAKE_PREFIX_PATH=/home/agilex/autoware.ai/install/autoware_build_flags:${CMAKE_PREFIX_PATH} PKG_CONFIG_PATH=/home/agilex/autoware.ai/install/autoware_build_flags/lib/x86_64-linux-gnu/pkgconfig:/home/agilex/autoware.ai/install/autoware_build_flags/lib/pkgconfig:${PKG_CONFIG_PATH} ROS_PACKAGE_PATH=/home/agilex/autoware.ai/install/autoware_build_flags/share:${ROS_PACKAGE_PATH} /usr/bin/cmake --build /home/agilex/autoware.ai/build/pixel_cloud_fusion -- -j8 -l8
[4.476s] [35m[1mScanning dependencies of target actionlib_msgs_generate_messages_py[0m
[4.490s] [  0%] Built target actionlib_msgs_generate_messages_py
[4.500s] [35m[1mScanning dependencies of target rosgraph_msgs_generate_messages_cpp[0m
[4.515s] [  0%] Built target rosgraph_msgs_generate_messages_cpp
[4.524s] [35m[1mScanning dependencies of target topic_tools_generate_messages_cpp[0m
[4.540s] [  0%] Built target topic_tools_generate_messages_cpp
[4.552s] [35m[1mScanning dependencies of target geometry_msgs_generate_messages_eus[0m
[4.561s] [  0%] Built target geometry_msgs_generate_messages_eus
[4.569s] [35m[1mScanning dependencies of target std_msgs_generate_messages_py[0m
[4.581s] [  0%] Built target std_msgs_generate_messages_py
[4.590s] [35m[1mScanning dependencies of target std_msgs_generate_messages_nodejs[0m
[4.599s] [  0%] Built target std_msgs_generate_messages_nodejs
[4.613s] [35m[1mScanning dependencies of target bond_generate_messages_lisp[0m
[4.621s] [  0%] Built target bond_generate_messages_lisp
[4.630s] [35m[1mScanning dependencies of target topic_tools_generate_messages_eus[0m
[4.639s] [  0%] Built target topic_tools_generate_messages_eus
[4.647s] [35m[1mScanning dependencies of target rosgraph_msgs_generate_messages_nodejs[0m
[4.656s] [  0%] Built target rosgraph_msgs_generate_messages_nodejs
[4.664s] [35m[1mScanning dependencies of target std_msgs_generate_messages_eus[0m
[4.673s] [  0%] Built target std_msgs_generate_messages_eus
[4.689s] [35m[1mScanning dependencies of target pcl_msgs_generate_messages_nodejs[0m
[4.697s] [  0%] Built target pcl_msgs_generate_messages_nodejs
[4.707s] [35m[1mScanning dependencies of target nodelet_generate_messages_nodejs[0m
[4.716s] [  0%] Built target nodelet_generate_messages_nodejs
[4.726s] [35m[1mScanning dependencies of target sensor_msgs_generate_messages_lisp[0m
[4.739s] [  0%] Built target sensor_msgs_generate_messages_lisp
[4.748s] [35m[1mScanning dependencies of target pcl_msgs_generate_messages_cpp[0m
[4.758s] [  0%] Built target pcl_msgs_generate_messages_cpp
[4.767s] [35m[1mScanning dependencies of target dynamic_reconfigure_generate_messages_lisp[0m
[4.776s] [  0%] Built target dynamic_reconfigure_generate_messages_lisp
[4.785s] [35m[1mScanning dependencies of target std_srvs_generate_messages_eus[0m
[4.799s] [  0%] Built target std_srvs_generate_messages_eus
[4.809s] [35m[1mScanning dependencies of target roscpp_generate_messages_lisp[0m
[4.818s] [  0%] Built target roscpp_generate_messages_lisp
[4.827s] [35m[1mScanning dependencies of target bond_generate_messages_eus[0m
[4.836s] [  0%] Built target bond_generate_messages_eus
[4.845s] [35m[1mScanning dependencies of target std_msgs_generate_messages_cpp[0m
[4.854s] [  0%] Built target std_msgs_generate_messages_cpp
[4.862s] [35m[1mScanning dependencies of target roscpp_generate_messages_py[0m
[4.873s] [  0%] Built target roscpp_generate_messages_py
[4.885s] [35m[1mScanning dependencies of target roscpp_generate_messages_cpp[0m
[4.895s] [  0%] Built target roscpp_generate_messages_cpp
[4.905s] [35m[1mScanning dependencies of target sensor_msgs_generate_messages_nodejs[0m
[4.914s] [  0%] Built target sensor_msgs_generate_messages_nodejs
[4.927s] [35m[1mScanning dependencies of target actionlib_generate_messages_cpp[0m
[4.937s] [  0%] Built target actionlib_generate_messages_cpp
[4.949s] [35m[1mScanning dependencies of target geometry_msgs_generate_messages_nodejs[0m
[4.958s] [  0%] Built target geometry_msgs_generate_messages_nodejs
[4.967s] [35m[1mScanning dependencies of target nodelet_generate_messages_py[0m
[4.976s] [  0%] Built target nodelet_generate_messages_py
[4.984s] [35m[1mScanning dependencies of target sensor_msgs_generate_messages_py[0m
[4.993s] [  0%] Built target sensor_msgs_generate_messages_py
[5.005s] [35m[1mScanning dependencies of target dynamic_reconfigure_generate_messages_cpp[0m
[5.014s] [  0%] Built target dynamic_reconfigure_generate_messages_cpp
[5.022s] [35m[1mScanning dependencies of target tf_generate_messages_py[0m
[5.031s] [  0%] Built target tf_generate_messages_py
[5.040s] [35m[1mScanning dependencies of target geometry_msgs_generate_messages_lisp[0m
[5.060s] [  0%] Built target geometry_msgs_generate_messages_lisp
[5.066s] [35m[1mScanning dependencies of target roscpp_generate_messages_nodejs[0m
[5.074s] [  0%] Built target roscpp_generate_messages_nodejs
[5.082s] [35m[1mScanning dependencies of target std_msgs_generate_messages_lisp[0m
[5.091s] [  0%] Built target std_msgs_generate_messages_lisp
[5.099s] [35m[1mScanning dependencies of target sensor_msgs_generate_messages_cpp[0m
[5.109s] [  0%] Built target sensor_msgs_generate_messages_cpp
[5.117s] [35m[1mScanning dependencies of target sensor_msgs_generate_messages_eus[0m
[5.129s] [  0%] Built target sensor_msgs_generate_messages_eus
[5.145s] [35m[1mScanning dependencies of target pcl_ros_gencfg[0m
[5.154s] [  0%] Built target pcl_ros_gencfg
[5.163s] [35m[1mScanning dependencies of target topic_tools_generate_messages_nodejs[0m
[5.172s] [  0%] Built target topic_tools_generate_messages_nodejs
[5.181s] [35m[1mScanning dependencies of target tf2_msgs_generate_messages_py[0m
[5.190s] [  0%] Built target tf2_msgs_generate_messages_py
[5.199s] [35m[1mScanning dependencies of target actionlib_generate_messages_py[0m
[5.208s] [  0%] Built target actionlib_generate_messages_py
[5.219s] [35m[1mScanning dependencies of target geometry_msgs_generate_messages_py[0m
[5.227s] [  0%] Built target geometry_msgs_generate_messages_py
[5.237s] [35m[1mScanning dependencies of target dynamic_reconfigure_generate_messages_eus[0m
[5.245s] [  0%] Built target dynamic_reconfigure_generate_messages_eus
[5.254s] [35m[1mScanning dependencies of target dynamic_reconfigure_generate_messages_nodejs[0m
[5.263s] [  0%] Built target dynamic_reconfigure_generate_messages_nodejs
[5.273s] [35m[1mScanning dependencies of target dynamic_reconfigure_generate_messages_py[0m
[5.287s] [  0%] Built target dynamic_reconfigure_generate_messages_py
[5.293s] [35m[1mScanning dependencies of target tf2_msgs_generate_messages_lisp[0m
[5.305s] [  0%] Built target tf2_msgs_generate_messages_lisp
[5.314s] [35m[1mScanning dependencies of target dynamic_reconfigure_gencfg[0m
[5.323s] [  0%] Built target dynamic_reconfigure_gencfg
[5.332s] [35m[1mScanning dependencies of target nodelet_generate_messages_cpp[0m
[5.340s] [  0%] Built target nodelet_generate_messages_cpp
[5.348s] [35m[1mScanning dependencies of target bond_generate_messages_py[0m
[5.363s] [  0%] Built target bond_generate_messages_py
[5.377s] [35m[1mScanning dependencies of target std_srvs_generate_messages_nodejs[0m
[5.385s] [  0%] Built target std_srvs_generate_messages_nodejs
[5.395s] [35m[1mScanning dependencies of target geometry_msgs_generate_messages_cpp[0m
[5.405s] [  0%] Built target geometry_msgs_generate_messages_cpp
[5.413s] [35m[1mScanning dependencies of target actionlib_generate_messages_lisp[0m
[5.422s] [  0%] Built target actionlib_generate_messages_lisp
[5.437s] [35m[1mScanning dependencies of target nodelet_generate_messages_eus[0m
[5.450s] [  0%] Built target nodelet_generate_messages_eus
[5.460s] [35m[1mScanning dependencies of target nodelet_generate_messages_lisp[0m
[5.469s] [  0%] Built target nodelet_generate_messages_lisp
[5.481s] [35m[1mScanning dependencies of target roscpp_generate_messages_eus[0m
[5.487s] [  0%] Built target roscpp_generate_messages_eus
[5.499s] [35m[1mScanning dependencies of target rosgraph_msgs_generate_messages_py[0m
[5.504s] [  0%] Built target rosgraph_msgs_generate_messages_py
[5.519s] [35m[1mScanning dependencies of target actionlib_msgs_generate_messages_eus[0m
[5.539s] [  0%] Built target actionlib_msgs_generate_messages_eus
[5.547s] [35m[1mScanning dependencies of target bond_generate_messages_cpp[0m
[5.563s] [  0%] Built target bond_generate_messages_cpp
[5.573s] [35m[1mScanning dependencies of target bond_generate_messages_nodejs[0m
[5.589s] [  0%] Built target bond_generate_messages_nodejs
[5.602s] [35m[1mScanning dependencies of target actionlib_msgs_generate_messages_nodejs[0m
[5.618s] [  0%] Built target actionlib_msgs_generate_messages_nodejs
[5.649s] [35m[1mScanning dependencies of target topic_tools_generate_messages_py[0m
[5.662s] [  0%] Built target topic_tools_generate_messages_py
[5.673s] [35m[1mScanning dependencies of target nodelet_topic_tools_gencfg[0m
[5.692s] [  0%] Built target nodelet_topic_tools_gencfg
[5.704s] [35m[1mScanning dependencies of target std_srvs_generate_messages_lisp[0m
[5.719s] [  0%] Built target std_srvs_generate_messages_lisp
[5.739s] [35m[1mScanning dependencies of target topic_tools_generate_messages_lisp[0m
[5.761s] [  0%] Built target topic_tools_generate_messages_lisp
[5.785s] [35m[1mScanning dependencies of target std_srvs_generate_messages_cpp[0m
[5.794s] [  0%] Built target std_srvs_generate_messages_cpp
[5.811s] [35m[1mScanning dependencies of target tf_generate_messages_eus[0m
[5.820s] [  0%] Built target tf_generate_messages_eus
[5.840s] [35m[1mScanning dependencies of target actionlib_msgs_generate_messages_cpp[0m
[5.863s] [  0%] Built target actionlib_msgs_generate_messages_cpp
[5.881s] [35m[1mScanning dependencies of target std_srvs_generate_messages_py[0m
[5.888s] [  0%] Built target std_srvs_generate_messages_py
[5.908s] [35m[1mScanning dependencies of target tf_generate_messages_lisp[0m
[5.928s] [  0%] Built target tf_generate_messages_lisp
[5.941s] [35m[1mScanning dependencies of target tf_generate_messages_nodejs[0m
[5.949s] [  0%] Built target tf_generate_messages_nodejs
[5.959s] [35m[1mScanning dependencies of target pcl_msgs_generate_messages_py[0m
[5.971s] [  0%] Built target pcl_msgs_generate_messages_py
[5.988s] [35m[1mScanning dependencies of target actionlib_generate_messages_eus[0m
[6.007s] [  0%] Built target actionlib_generate_messages_eus
[6.025s] [35m[1mScanning dependencies of target pcl_msgs_generate_messages_lisp[0m
[6.038s] [  0%] Built target pcl_msgs_generate_messages_lisp
[6.050s] [35m[1mScanning dependencies of target tf_generate_messages_cpp[0m
[6.073s] [  0%] Built target tf_generate_messages_cpp
[6.097s] [35m[1mScanning dependencies of target actionlib_generate_messages_nodejs[0m
[6.115s] [  0%] Built target actionlib_generate_messages_nodejs
[6.124s] [35m[1mScanning dependencies of target actionlib_msgs_generate_messages_lisp[0m
[6.150s] [  0%] Built target actionlib_msgs_generate_messages_lisp
[6.165s] [35m[1mScanning dependencies of target rosgraph_msgs_generate_messages_eus[0m
[6.173s] [  0%] Built target rosgraph_msgs_generate_messages_eus
[6.188s] [35m[1mScanning dependencies of target rosgraph_msgs_generate_messages_lisp[0m
[6.199s] [  0%] Built target rosgraph_msgs_generate_messages_lisp
[6.214s] [35m[1mScanning dependencies of target pcl_msgs_generate_messages_eus[0m
[6.245s] [  0%] Built target pcl_msgs_generate_messages_eus
[6.269s] [35m[1mScanning dependencies of target tf2_msgs_generate_messages_cpp[0m
[6.286s] [  0%] Built target tf2_msgs_generate_messages_cpp
[6.304s] [35m[1mScanning dependencies of target tf2_msgs_generate_messages_eus[0m
[6.315s] [  0%] Built target tf2_msgs_generate_messages_eus
[6.329s] [35m[1mScanning dependencies of target tf2_msgs_generate_messages_nodejs[0m
[6.341s] [  0%] Built target tf2_msgs_generate_messages_nodejs
[6.369s] [35m[1mScanning dependencies of target pixel_cloud_fusion_lib[0m
[6.442s] [ 25%] [32mBuilding CXX object CMakeFiles/pixel_cloud_fusion_lib.dir/src/pixel_cloud_fusion.cpp.o[0m
[11.328s] In file included from [01m[K/home/agilex/autoware.ai/src/autoware/core_perception/pixel_cloud_fusion/include/pixel_cloud_fusion/pixel_cloud_fusion.h:47:0[m[K,
[11.328s]                  from [01m[K/home/agilex/autoware.ai/src/autoware/core_perception/pixel_cloud_fusion/src/pixel_cloud_fusion.cpp:24[m[K:
[11.328s] [01m[K/opt/ros/melodic/include/pcl_ros/point_cloud.h:303:27:[m[K [01;35m[Kwarning: [m[Kvariable templates only available with -std=c++14 or -std=gnu++14
[11.328s]      constexpr static bool [01;35m[Kpcl_uses_boost[m[K = true;
[11.328s]                            [01;35m[K^~~~~~~~~~~~~~[m[K
[21.324s] [ 50%] [32m[1mLinking CXX shared library devel/lib/libpixel_cloud_fusion_lib.so[0m
[23.356s] [ 50%] Built target pixel_cloud_fusion_lib
[23.369s] [35m[1mScanning dependencies of target pixel_cloud_fusion[0m
[23.458s] [ 75%] [32mBuilding CXX object CMakeFiles/pixel_cloud_fusion.dir/src/pixel_cloud_fusion_node.cpp.o[0m
[28.716s] In file included from [01m[K/home/agilex/autoware.ai/src/autoware/core_perception/pixel_cloud_fusion/include/pixel_cloud_fusion/pixel_cloud_fusion.h:47:0[m[K,
[28.717s]                  from [01m[K/home/agilex/autoware.ai/src/autoware/core_perception/pixel_cloud_fusion/src/pixel_cloud_fusion_node.cpp:23[m[K:
[28.717s] [01m[K/opt/ros/melodic/include/pcl_ros/point_cloud.h:303:27:[m[K [01;35m[Kwarning: [m[Kvariable templates only available with -std=c++14 or -std=gnu++14
[28.717s]      constexpr static bool [01;35m[Kpcl_uses_boost[m[K = true;
[28.717s]                            [01;35m[K^~~~~~~~~~~~~~[m[K
[36.093s] [100%] [32m[1mLinking CXX executable devel/lib/pixel_cloud_fusion/pixel_cloud_fusion[0m
[37.427s] [100%] Built target pixel_cloud_fusion
[37.439s] Invoked command in '/home/agilex/autoware.ai/build/pixel_cloud_fusion' returned '0': CMAKE_PREFIX_PATH=/home/agilex/autoware.ai/install/autoware_build_flags:${CMAKE_PREFIX_PATH} PKG_CONFIG_PATH=/home/agilex/autoware.ai/install/autoware_build_flags/lib/x86_64-linux-gnu/pkgconfig:/home/agilex/autoware.ai/install/autoware_build_flags/lib/pkgconfig:${PKG_CONFIG_PATH} ROS_PACKAGE_PATH=/home/agilex/autoware.ai/install/autoware_build_flags/share:${ROS_PACKAGE_PATH} /usr/bin/cmake --build /home/agilex/autoware.ai/build/pixel_cloud_fusion -- -j8 -l8
[37.510s] Invoking command in '/home/agilex/autoware.ai/build/pixel_cloud_fusion': CMAKE_PREFIX_PATH=/home/agilex/autoware.ai/install/autoware_build_flags:${CMAKE_PREFIX_PATH} PKG_CONFIG_PATH=/home/agilex/autoware.ai/install/autoware_build_flags/lib/x86_64-linux-gnu/pkgconfig:/home/agilex/autoware.ai/install/autoware_build_flags/lib/pkgconfig:${PKG_CONFIG_PATH} ROS_PACKAGE_PATH=/home/agilex/autoware.ai/install/autoware_build_flags/share:${ROS_PACKAGE_PATH} /usr/bin/cmake --build /home/agilex/autoware.ai/build/pixel_cloud_fusion --target tests -- -j8 -l8
[37.565s] [35m[1mScanning dependencies of target tests[0m
[37.574s] Built target tests
[37.587s] Invoked command in '/home/agilex/autoware.ai/build/pixel_cloud_fusion' returned '0': CMAKE_PREFIX_PATH=/home/agilex/autoware.ai/install/autoware_build_flags:${CMAKE_PREFIX_PATH} PKG_CONFIG_PATH=/home/agilex/autoware.ai/install/autoware_build_flags/lib/x86_64-linux-gnu/pkgconfig:/home/agilex/autoware.ai/install/autoware_build_flags/lib/pkgconfig:${PKG_CONFIG_PATH} ROS_PACKAGE_PATH=/home/agilex/autoware.ai/install/autoware_build_flags/share:${ROS_PACKAGE_PATH} /usr/bin/cmake --build /home/agilex/autoware.ai/build/pixel_cloud_fusion --target tests -- -j8 -l8
[37.679s] Invoking command in '/home/agilex/autoware.ai/build/pixel_cloud_fusion': CMAKE_PREFIX_PATH=/home/agilex/autoware.ai/install/autoware_build_flags:${CMAKE_PREFIX_PATH} PKG_CONFIG_PATH=/home/agilex/autoware.ai/install/autoware_build_flags/lib/x86_64-linux-gnu/pkgconfig:/home/agilex/autoware.ai/install/autoware_build_flags/lib/pkgconfig:${PKG_CONFIG_PATH} ROS_PACKAGE_PATH=/home/agilex/autoware.ai/install/autoware_build_flags/share:${ROS_PACKAGE_PATH} /usr/bin/cmake --build /home/agilex/autoware.ai/build/pixel_cloud_fusion --target install -- -j8 -l8
[37.728s] [  0%] Built target actionlib_msgs_generate_messages_py
[37.747s] [  0%] Built target rosgraph_msgs_generate_messages_cpp
[37.765s] [  0%] Built target topic_tools_generate_messages_cpp
[37.785s] [  0%] Built target geometry_msgs_generate_messages_eus
[37.807s] [  0%] Built target std_msgs_generate_messages_py
[37.826s] [  0%] Built target std_msgs_generate_messages_nodejs
[37.844s] [  0%] Built target bond_generate_messages_lisp
[37.862s] [  0%] Built target topic_tools_generate_messages_eus
[37.881s] [  0%] Built target rosgraph_msgs_generate_messages_nodejs
[37.899s] [  0%] Built target std_msgs_generate_messages_eus
[37.920s] [  0%] Built target pcl_msgs_generate_messages_nodejs
[37.939s] [  0%] Built target nodelet_generate_messages_nodejs
[37.957s] [  0%] Built target sensor_msgs_generate_messages_lisp
[37.977s] [  0%] Built target pcl_msgs_generate_messages_cpp
[37.996s] [  0%] Built target dynamic_reconfigure_generate_messages_lisp
[38.017s] [  0%] Built target std_srvs_generate_messages_eus
[38.035s] [  0%] Built target roscpp_generate_messages_lisp
[38.053s] [  0%] Built target bond_generate_messages_eus
[38.071s] [  0%] Built target std_msgs_generate_messages_cpp
[38.090s] [  0%] Built target roscpp_generate_messages_py
[38.110s] [  0%] Built target roscpp_generate_messages_cpp
[38.129s] [  0%] Built target sensor_msgs_generate_messages_nodejs
[38.151s] [  0%] Built target actionlib_generate_messages_cpp
[38.170s] [  0%] Built target geometry_msgs_generate_messages_nodejs
[38.188s] [  0%] Built target nodelet_generate_messages_py
[38.206s] [  0%] Built target sensor_msgs_generate_messages_py
[38.227s] [  0%] Built target dynamic_reconfigure_generate_messages_cpp
[38.249s] [  0%] Built target tf_generate_messages_py
[38.269s] [  0%] Built target geometry_msgs_generate_messages_lisp
[38.290s] [  0%] Built target roscpp_generate_messages_nodejs
[38.312s] [  0%] Built target std_msgs_generate_messages_lisp
[38.329s] [  0%] Built target sensor_msgs_generate_messages_cpp
[38.348s] [  0%] Built target sensor_msgs_generate_messages_eus
[38.368s] [  0%] Built target pcl_ros_gencfg
[38.387s] [  0%] Built target topic_tools_generate_messages_nodejs
[38.408s] [  0%] Built target tf2_msgs_generate_messages_py
[38.429s] [  0%] Built target actionlib_generate_messages_py
[38.447s] [  0%] Built target geometry_msgs_generate_messages_py
[38.467s] [  0%] Built target dynamic_reconfigure_generate_messages_eus
[38.488s] [  0%] Built target dynamic_reconfigure_generate_messages_nodejs
[38.508s] [  0%] Built target dynamic_reconfigure_generate_messages_py
[38.527s] [  0%] Built target tf2_msgs_generate_messages_lisp
[38.546s] [  0%] Built target dynamic_reconfigure_gencfg
[38.568s] [  0%] Built target nodelet_generate_messages_cpp
[38.588s] [  0%] Built target bond_generate_messages_py
[38.614s] [  0%] Built target std_srvs_generate_messages_nodejs
[38.632s] [  0%] Built target geometry_msgs_generate_messages_cpp
[38.657s] [  0%] Built target actionlib_generate_messages_lisp
[38.682s] [  0%] Built target nodelet_generate_messages_eus
[38.702s] [  0%] Built target nodelet_generate_messages_lisp
[38.727s] [  0%] Built target roscpp_generate_messages_eus
[38.744s] [  0%] Built target rosgraph_msgs_generate_messages_py
[38.764s] [  0%] Built target actionlib_msgs_generate_messages_eus
[38.786s] [  0%] Built target bond_generate_messages_cpp
[38.807s] [  0%] Built target bond_generate_messages_nodejs
[38.829s] [  0%] Built target actionlib_msgs_generate_messages_nodejs
[38.855s] [  0%] Built target topic_tools_generate_messages_py
[38.876s] [  0%] Built target nodelet_topic_tools_gencfg
[38.912s] [  0%] Built target std_srvs_generate_messages_lisp
[38.966s] [  0%] Built target topic_tools_generate_messages_lisp
[38.997s] [  0%] Built target std_srvs_generate_messages_cpp
[39.024s] [  0%] Built target tf_generate_messages_eus
[39.058s] [  0%] Built target actionlib_msgs_generate_messages_cpp
[39.098s] [  0%] Built target std_srvs_generate_messages_py
[39.122s] [  0%] Built target tf_generate_messages_lisp
[39.157s] [  0%] Built target tf_generate_messages_nodejs
[39.202s] [  0%] Built target pcl_msgs_generate_messages_py
[39.230s] [  0%] Built target actionlib_generate_messages_eus
[39.264s] [  0%] Built target pcl_msgs_generate_messages_lisp
[39.300s] [  0%] Built target tf_generate_messages_cpp
[39.347s] [  0%] Built target actionlib_generate_messages_nodejs
[39.384s] [  0%] Built target actionlib_msgs_generate_messages_lisp
[39.429s] [  0%] Built target rosgraph_msgs_generate_messages_eus
[39.471s] [  0%] Built target rosgraph_msgs_generate_messages_lisp
[39.507s] [  0%] Built target pcl_msgs_generate_messages_eus
[39.542s] [  0%] Built target tf2_msgs_generate_messages_cpp
[39.582s] [  0%] Built target tf2_msgs_generate_messages_eus
[39.628s] [  0%] Built target tf2_msgs_generate_messages_nodejs
[39.693s] [ 50%] Built target pixel_cloud_fusion_lib
[39.740s] [100%] Built target pixel_cloud_fusion
[39.760s] [36mInstall the project...[0m
[39.768s] -- Install configuration: "Release"
[39.769s] -- Installing: /home/agilex/autoware.ai/install/pixel_cloud_fusion/lib/pkgconfig/pixel_cloud_fusion.pc
[39.769s] -- Installing: /home/agilex/autoware.ai/install/pixel_cloud_fusion/share/pixel_cloud_fusion/cmake/pixel_cloud_fusionConfig.cmake
[39.769s] -- Installing: /home/agilex/autoware.ai/install/pixel_cloud_fusion/share/pixel_cloud_fusion/cmake/pixel_cloud_fusionConfig-version.cmake
[39.769s] -- Installing: /home/agilex/autoware.ai/install/pixel_cloud_fusion/share/pixel_cloud_fusion/package.xml
[39.769s] -- Installing: /home/agilex/autoware.ai/install/pixel_cloud_fusion/lib/pixel_cloud_fusion/pixel_cloud_fusion
[39.776s] -- Set runtime path of "/home/agilex/autoware.ai/install/pixel_cloud_fusion/lib/pixel_cloud_fusion/pixel_cloud_fusion" to ""
[39.776s] -- Installing: /home/agilex/autoware.ai/install/pixel_cloud_fusion/lib/libpixel_cloud_fusion_lib.so
[39.788s] -- Set runtime path of "/home/agilex/autoware.ai/install/pixel_cloud_fusion/lib/libpixel_cloud_fusion_lib.so" to ""
[39.788s] -- Installing: /home/agilex/autoware.ai/install/pixel_cloud_fusion/include/pixel_cloud_fusion
[39.788s] -- Installing: /home/agilex/autoware.ai/install/pixel_cloud_fusion/include/pixel_cloud_fusion/pixel_cloud_fusion.h
[39.788s] -- Installing: /home/agilex/autoware.ai/install/pixel_cloud_fusion/share/pixel_cloud_fusion/launch
[39.789s] -- Installing: /home/agilex/autoware.ai/install/pixel_cloud_fusion/share/pixel_cloud_fusion/launch/pixel_cloud_fusion.launch
[39.794s] Invoked command in '/home/agilex/autoware.ai/build/pixel_cloud_fusion' returned '0': CMAKE_PREFIX_PATH=/home/agilex/autoware.ai/install/autoware_build_flags:${CMAKE_PREFIX_PATH} PKG_CONFIG_PATH=/home/agilex/autoware.ai/install/autoware_build_flags/lib/x86_64-linux-gnu/pkgconfig:/home/agilex/autoware.ai/install/autoware_build_flags/lib/pkgconfig:${PKG_CONFIG_PATH} ROS_PACKAGE_PATH=/home/agilex/autoware.ai/install/autoware_build_flags/share:${ROS_PACKAGE_PATH} /usr/bin/cmake --build /home/agilex/autoware.ai/build/pixel_cloud_fusion --target install -- -j8 -l8
