[0.014s] Invoking command in '/home/agilex/autoware.ai/build/xsens_driver': CMAKE_PREFIX_PATH=/home/agilex/autoware.ai/install/custom_msgs:${CMAKE_PREFIX_PATH} PKG_CONFIG_PATH=/home/agilex/autoware.ai/install/custom_msgs/lib/x86_64-linux-gnu/pkgconfig:/home/agilex/autoware.ai/install/custom_msgs/lib/pkgconfig:${PKG_CONFIG_PATH} PYTHONPATH=/home/agilex/autoware.ai/install/custom_msgs/lib/python2.7/dist-packages:${PYTHONPATH} ROS_PACKAGE_PATH=/home/agilex/autoware.ai/install/custom_msgs/share:${ROS_PACKAGE_PATH} /usr/bin/cmake /home/agilex/autoware.ai/src/drivers/awf_drivers/xsens_driver -DCMAKE_BUILD_TYPE=Release -DCATKIN_INSTALL_INTO_PREFIX_ROOT=0 -DCMAKE_INSTALL_PREFIX=/home/agilex/autoware.ai/install/xsens_driver
[0.076s] -- The C compiler identification is GNU 7.5.0
[0.137s] -- The CXX compiler identification is GNU 7.5.0
[0.141s] -- Check for working C compiler: /usr/bin/cc
[0.202s] -- Check for working C compiler: /usr/bin/cc -- works
[0.203s] -- Detecting C compiler ABI info
[0.265s] -- Detecting C compiler ABI info - done
[0.273s] -- Detecting C compile features
[0.452s] -- Detecting C compile features - done
[0.455s] -- Check for working CXX compiler: /usr/bin/c++
[0.521s] -- Check for working CXX compiler: /usr/bin/c++ -- works
[0.521s] -- Detecting CXX compiler ABI info
[0.592s] -- Detecting CXX compiler ABI info - done
[0.600s] -- Detecting CXX compile features
[0.911s] -- Detecting CXX compile features - done
[0.914s] -- Using CATKIN_DEVEL_PREFIX: /home/agilex/autoware.ai/build/xsens_driver/devel
[0.914s] -- Using CMAKE_PREFIX_PATH: /home/agilex/autoware.ai/install/custom_msgs;/opt/ros/melodic
[0.914s] -- This workspace overlays: /home/agilex/autoware.ai/install/custom_msgs;/opt/ros/melodic
[0.927s] -- Found PythonInterp: /usr/bin/python2 (found suitable version "2.7.17", minimum required is "2") 
[0.928s] -- Using PYTHON_EXECUTABLE: /usr/bin/python2
[0.928s] -- Using Debian Python package layout
[0.928s] -- Using empy: /usr/bin/empy
[1.084s] -- Using CATKIN_ENABLE_TESTING: ON
[1.085s] -- Call enable_testing()
[1.086s] -- Using CATKIN_TEST_RESULTS_DIR: /home/agilex/autoware.ai/build/xsens_driver/test_results
[1.104s] -- Found gtest sources under '/usr/src/googletest': gtests will be built
[1.105s] -- Found gmock sources under '/usr/src/googletest': gmock will be built
[1.118s] -- Found PythonInterp: /usr/bin/python2 (found version "2.7.17") 
[1.118s] -- Looking for pthread.h
[1.176s] -- Looking for pthread.h - found
[1.177s] -- Looking for pthread_create
[1.240s] -- Looking for pthread_create - not found
[1.240s] -- Looking for pthread_create in pthreads
[1.288s] -- Looking for pthread_create in pthreads - not found
[1.288s] -- Looking for pthread_create in pthread
[1.376s] -- Looking for pthread_create in pthread - found
[1.377s] -- Found Threads: TRUE  
[1.377s] -- Using Python nosetests: /usr/bin/nosetests-2.7
[1.420s] -- catkin 0.7.29
[1.420s] -- BUILD_SHARED_LIBS is on
[1.600s] -- Using these message generators: gencpp;geneus;genlisp;gennodejs;genpy
[1.878s] -- Configuring done
[1.903s] -- Generating done
[1.909s] -- Build files have been written to: /home/agilex/autoware.ai/build/xsens_driver
[1.917s] Invoked command in '/home/agilex/autoware.ai/build/xsens_driver' returned '0': CMAKE_PREFIX_PATH=/home/agilex/autoware.ai/install/custom_msgs:${CMAKE_PREFIX_PATH} PKG_CONFIG_PATH=/home/agilex/autoware.ai/install/custom_msgs/lib/x86_64-linux-gnu/pkgconfig:/home/agilex/autoware.ai/install/custom_msgs/lib/pkgconfig:${PKG_CONFIG_PATH} PYTHONPATH=/home/agilex/autoware.ai/install/custom_msgs/lib/python2.7/dist-packages:${PYTHONPATH} ROS_PACKAGE_PATH=/home/agilex/autoware.ai/install/custom_msgs/share:${ROS_PACKAGE_PATH} /usr/bin/cmake /home/agilex/autoware.ai/src/drivers/awf_drivers/xsens_driver -DCMAKE_BUILD_TYPE=Release -DCATKIN_INSTALL_INTO_PREFIX_ROOT=0 -DCMAKE_INSTALL_PREFIX=/home/agilex/autoware.ai/install/xsens_driver
[1.918s] Invoking command in '/home/agilex/autoware.ai/build/xsens_driver': CMAKE_PREFIX_PATH=/home/agilex/autoware.ai/install/custom_msgs:${CMAKE_PREFIX_PATH} PKG_CONFIG_PATH=/home/agilex/autoware.ai/install/custom_msgs/lib/x86_64-linux-gnu/pkgconfig:/home/agilex/autoware.ai/install/custom_msgs/lib/pkgconfig:${PKG_CONFIG_PATH} PYTHONPATH=/home/agilex/autoware.ai/install/custom_msgs/lib/python2.7/dist-packages:${PYTHONPATH} ROS_PACKAGE_PATH=/home/agilex/autoware.ai/install/custom_msgs/share:${ROS_PACKAGE_PATH} /usr/bin/cmake --build /home/agilex/autoware.ai/build/xsens_driver -- -j8 -l8
[1.959s] Invoked command in '/home/agilex/autoware.ai/build/xsens_driver' returned '0': CMAKE_PREFIX_PATH=/home/agilex/autoware.ai/install/custom_msgs:${CMAKE_PREFIX_PATH} PKG_CONFIG_PATH=/home/agilex/autoware.ai/install/custom_msgs/lib/x86_64-linux-gnu/pkgconfig:/home/agilex/autoware.ai/install/custom_msgs/lib/pkgconfig:${PKG_CONFIG_PATH} PYTHONPATH=/home/agilex/autoware.ai/install/custom_msgs/lib/python2.7/dist-packages:${PYTHONPATH} ROS_PACKAGE_PATH=/home/agilex/autoware.ai/install/custom_msgs/share:${ROS_PACKAGE_PATH} /usr/bin/cmake --build /home/agilex/autoware.ai/build/xsens_driver -- -j8 -l8
[2.049s] Invoking command in '/home/agilex/autoware.ai/build/xsens_driver': CMAKE_PREFIX_PATH=/home/agilex/autoware.ai/install/custom_msgs:${CMAKE_PREFIX_PATH} PKG_CONFIG_PATH=/home/agilex/autoware.ai/install/custom_msgs/lib/x86_64-linux-gnu/pkgconfig:/home/agilex/autoware.ai/install/custom_msgs/lib/pkgconfig:${PKG_CONFIG_PATH} PYTHONPATH=/home/agilex/autoware.ai/install/custom_msgs/lib/python2.7/dist-packages:${PYTHONPATH} ROS_PACKAGE_PATH=/home/agilex/autoware.ai/install/custom_msgs/share:${ROS_PACKAGE_PATH} /usr/bin/cmake --build /home/agilex/autoware.ai/build/xsens_driver --target tests -- -j8 -l8
[2.102s] [35m[1mScanning dependencies of target tests[0m
[2.116s] Built target tests
[2.125s] Invoked command in '/home/agilex/autoware.ai/build/xsens_driver' returned '0': CMAKE_PREFIX_PATH=/home/agilex/autoware.ai/install/custom_msgs:${CMAKE_PREFIX_PATH} PKG_CONFIG_PATH=/home/agilex/autoware.ai/install/custom_msgs/lib/x86_64-linux-gnu/pkgconfig:/home/agilex/autoware.ai/install/custom_msgs/lib/pkgconfig:${PKG_CONFIG_PATH} PYTHONPATH=/home/agilex/autoware.ai/install/custom_msgs/lib/python2.7/dist-packages:${PYTHONPATH} ROS_PACKAGE_PATH=/home/agilex/autoware.ai/install/custom_msgs/share:${ROS_PACKAGE_PATH} /usr/bin/cmake --build /home/agilex/autoware.ai/build/xsens_driver --target tests -- -j8 -l8
[2.196s] Invoking command in '/home/agilex/autoware.ai/build/xsens_driver': CMAKE_PREFIX_PATH=/home/agilex/autoware.ai/install/custom_msgs:${CMAKE_PREFIX_PATH} PKG_CONFIG_PATH=/home/agilex/autoware.ai/install/custom_msgs/lib/x86_64-linux-gnu/pkgconfig:/home/agilex/autoware.ai/install/custom_msgs/lib/pkgconfig:${PKG_CONFIG_PATH} PYTHONPATH=/home/agilex/autoware.ai/install/custom_msgs/lib/python2.7/dist-packages:${PYTHONPATH} ROS_PACKAGE_PATH=/home/agilex/autoware.ai/install/custom_msgs/share:${ROS_PACKAGE_PATH} /usr/bin/cmake --build /home/agilex/autoware.ai/build/xsens_driver --target install -- -j8 -l8
[2.249s] [36mInstall the project...[0m
[2.257s] -- Install configuration: "Release"
[2.258s] -- Installing: /home/agilex/autoware.ai/install/xsens_driver/lib/pkgconfig/xsens_driver.pc
[2.258s] -- Installing: /home/agilex/autoware.ai/install/xsens_driver/share/xsens_driver/cmake/xsens_driverConfig.cmake
[2.258s] -- Installing: /home/agilex/autoware.ai/install/xsens_driver/share/xsens_driver/cmake/xsens_driverConfig-version.cmake
[2.259s] -- Installing: /home/agilex/autoware.ai/install/xsens_driver/share/xsens_driver/package.xml
[2.259s] -- Installing: /home/agilex/autoware.ai/install/xsens_driver/lib/xsens_driver/mtnode.py
[2.260s] -- Installing: /home/agilex/autoware.ai/install/xsens_driver/lib/xsens_driver/mtdef.py
[2.260s] -- Installing: /home/agilex/autoware.ai/install/xsens_driver/lib/xsens_driver/mtdevice.py
[2.260s] -- Installing: /home/agilex/autoware.ai/install/xsens_driver/share/xsens_driver/launch
[2.260s] -- Installing: /home/agilex/autoware.ai/install/xsens_driver/share/xsens_driver/launch/mti300.launch
[2.265s] Invoked command in '/home/agilex/autoware.ai/build/xsens_driver' returned '0': CMAKE_PREFIX_PATH=/home/agilex/autoware.ai/install/custom_msgs:${CMAKE_PREFIX_PATH} PKG_CONFIG_PATH=/home/agilex/autoware.ai/install/custom_msgs/lib/x86_64-linux-gnu/pkgconfig:/home/agilex/autoware.ai/install/custom_msgs/lib/pkgconfig:${PKG_CONFIG_PATH} PYTHONPATH=/home/agilex/autoware.ai/install/custom_msgs/lib/python2.7/dist-packages:${PYTHONPATH} ROS_PACKAGE_PATH=/home/agilex/autoware.ai/install/custom_msgs/share:${ROS_PACKAGE_PATH} /usr/bin/cmake --build /home/agilex/autoware.ai/build/xsens_driver --target install -- -j8 -l8
