[0.015s] Invoking command in '/home/agilex/autoware.ai/build/runtime_manager': CMAKE_PREFIX_PATH=/home/agilex/autoware.ai/install/tablet_socket_msgs:/home/agilex/autoware.ai/install/autoware_msgs:/home/agilex/autoware.ai/install/autoware_config_msgs:${CMAKE_PREFIX_PATH} PKG_CONFIG_PATH=/home/agilex/autoware.ai/install/tablet_socket_msgs/lib/x86_64-linux-gnu/pkgconfig:/home/agilex/autoware.ai/install/tablet_socket_msgs/lib/pkgconfig:/home/agilex/autoware.ai/install/autoware_msgs/lib/x86_64-linux-gnu/pkgconfig:/home/agilex/autoware.ai/install/autoware_msgs/lib/pkgconfig:/home/agilex/autoware.ai/install/autoware_config_msgs/lib/x86_64-linux-gnu/pkgconfig:/home/agilex/autoware.ai/install/autoware_config_msgs/lib/pkgconfig:${PKG_CONFIG_PATH} PYTHONPATH=/home/agilex/autoware.ai/install/tablet_socket_msgs/lib/python2.7/dist-packages:/home/agilex/autoware.ai/install/autoware_msgs/lib/python2.7/dist-packages:/home/agilex/autoware.ai/install/autoware_config_msgs/lib/python2.7/dist-packages:${PYTHONPATH} ROS_PACKAGE_PATH=/home/agilex/autoware.ai/install/tablet_socket_msgs/share:/home/agilex/autoware.ai/install/autoware_msgs/share:/home/agilex/autoware.ai/install/autoware_config_msgs/share:${ROS_PACKAGE_PATH} /usr/bin/cmake /home/agilex/autoware.ai/src/autoware/utilities/runtime_manager -DCMAKE_BUILD_TYPE=Release -DCATKIN_INSTALL_INTO_PREFIX_ROOT=0 -DCMAKE_INSTALL_PREFIX=/home/agilex/autoware.ai/install/runtime_manager
[0.072s] -- The C compiler identification is GNU 7.5.0
[0.123s] -- The CXX compiler identification is GNU 7.5.0
[0.127s] -- Check for working C compiler: /usr/bin/cc
[0.184s] -- Check for working C compiler: /usr/bin/cc -- works
[0.184s] -- Detecting C compiler ABI info
[0.241s] -- Detecting C compiler ABI info - done
[0.249s] -- Detecting C compile features
[0.423s] -- Detecting C compile features - done
[0.426s] -- Check for working CXX compiler: /usr/bin/c++
[0.495s] -- Check for working CXX compiler: /usr/bin/c++ -- works
[0.497s] -- Detecting CXX compiler ABI info
[0.565s] -- Detecting CXX compiler ABI info - done
[0.572s] -- Detecting CXX compile features
[0.888s] -- Detecting CXX compile features - done
[0.890s] -- Using CATKIN_DEVEL_PREFIX: /home/agilex/autoware.ai/build/runtime_manager/devel
[0.891s] -- Using CMAKE_PREFIX_PATH: /home/agilex/autoware.ai/install/tablet_socket_msgs;/home/agilex/autoware.ai/install/autoware_msgs;/home/agilex/autoware.ai/install/autoware_config_msgs;/opt/ros/melodic
[0.891s] -- This workspace overlays: /home/agilex/autoware.ai/install/tablet_socket_msgs;/home/agilex/autoware.ai/install/autoware_msgs;/home/agilex/autoware.ai/install/autoware_config_msgs;/opt/ros/melodic
[0.906s] -- Found PythonInterp: /usr/bin/python2 (found suitable version "2.7.17", minimum required is "2") 
[0.906s] -- Using PYTHON_EXECUTABLE: /usr/bin/python2
[0.906s] -- Using Debian Python package layout
[0.906s] -- Using empy: /usr/bin/empy
[1.059s] -- Using CATKIN_ENABLE_TESTING: ON
[1.059s] -- Call enable_testing()
[1.064s] -- Using CATKIN_TEST_RESULTS_DIR: /home/agilex/autoware.ai/build/runtime_manager/test_results
[1.083s] -- Found gtest sources under '/usr/src/googletest': gtests will be built
[1.083s] -- Found gmock sources under '/usr/src/googletest': gmock will be built
[1.095s] -- Found PythonInterp: /usr/bin/python2 (found version "2.7.17") 
[1.096s] -- Looking for pthread.h
[1.154s] -- Looking for pthread.h - found
[1.155s] -- Looking for pthread_create
[1.211s] -- Looking for pthread_create - not found
[1.212s] -- Looking for pthread_create in pthreads
[1.263s] -- Looking for pthread_create in pthreads - not found
[1.263s] -- Looking for pthread_create in pthread
[1.322s] -- Looking for pthread_create in pthread - found
[1.329s] -- Found Threads: TRUE  
[1.329s] -- Using Python nosetests: /usr/bin/nosetests-2.7
[1.368s] -- catkin 0.7.29
[1.368s] -- BUILD_SHARED_LIBS is on
[1.530s] -- Using these message generators: gencpp;geneus;genlisp;gennodejs;genpy
[1.718s] -- Configuring done
[1.737s] -- Generating done
[1.744s] -- Build files have been written to: /home/agilex/autoware.ai/build/runtime_manager
[1.751s] Invoked command in '/home/agilex/autoware.ai/build/runtime_manager' returned '0': CMAKE_PREFIX_PATH=/home/agilex/autoware.ai/install/tablet_socket_msgs:/home/agilex/autoware.ai/install/autoware_msgs:/home/agilex/autoware.ai/install/autoware_config_msgs:${CMAKE_PREFIX_PATH} PKG_CONFIG_PATH=/home/agilex/autoware.ai/install/tablet_socket_msgs/lib/x86_64-linux-gnu/pkgconfig:/home/agilex/autoware.ai/install/tablet_socket_msgs/lib/pkgconfig:/home/agilex/autoware.ai/install/autoware_msgs/lib/x86_64-linux-gnu/pkgconfig:/home/agilex/autoware.ai/install/autoware_msgs/lib/pkgconfig:/home/agilex/autoware.ai/install/autoware_config_msgs/lib/x86_64-linux-gnu/pkgconfig:/home/agilex/autoware.ai/install/autoware_config_msgs/lib/pkgconfig:${PKG_CONFIG_PATH} PYTHONPATH=/home/agilex/autoware.ai/install/tablet_socket_msgs/lib/python2.7/dist-packages:/home/agilex/autoware.ai/install/autoware_msgs/lib/python2.7/dist-packages:/home/agilex/autoware.ai/install/autoware_config_msgs/lib/python2.7/dist-packages:${PYTHONPATH} ROS_PACKAGE_PATH=/home/agilex/autoware.ai/install/tablet_socket_msgs/share:/home/agilex/autoware.ai/install/autoware_msgs/share:/home/agilex/autoware.ai/install/autoware_config_msgs/share:${ROS_PACKAGE_PATH} /usr/bin/cmake /home/agilex/autoware.ai/src/autoware/utilities/runtime_manager -DCMAKE_BUILD_TYPE=Release -DCATKIN_INSTALL_INTO_PREFIX_ROOT=0 -DCMAKE_INSTALL_PREFIX=/home/agilex/autoware.ai/install/runtime_manager
[1.751s] Invoking command in '/home/agilex/autoware.ai/build/runtime_manager': CMAKE_PREFIX_PATH=/home/agilex/autoware.ai/install/tablet_socket_msgs:/home/agilex/autoware.ai/install/autoware_msgs:/home/agilex/autoware.ai/install/autoware_config_msgs:${CMAKE_PREFIX_PATH} PKG_CONFIG_PATH=/home/agilex/autoware.ai/install/tablet_socket_msgs/lib/x86_64-linux-gnu/pkgconfig:/home/agilex/autoware.ai/install/tablet_socket_msgs/lib/pkgconfig:/home/agilex/autoware.ai/install/autoware_msgs/lib/x86_64-linux-gnu/pkgconfig:/home/agilex/autoware.ai/install/autoware_msgs/lib/pkgconfig:/home/agilex/autoware.ai/install/autoware_config_msgs/lib/x86_64-linux-gnu/pkgconfig:/home/agilex/autoware.ai/install/autoware_config_msgs/lib/pkgconfig:${PKG_CONFIG_PATH} PYTHONPATH=/home/agilex/autoware.ai/install/tablet_socket_msgs/lib/python2.7/dist-packages:/home/agilex/autoware.ai/install/autoware_msgs/lib/python2.7/dist-packages:/home/agilex/autoware.ai/install/autoware_config_msgs/lib/python2.7/dist-packages:${PYTHONPATH} ROS_PACKAGE_PATH=/home/agilex/autoware.ai/install/tablet_socket_msgs/share:/home/agilex/autoware.ai/install/autoware_msgs/share:/home/agilex/autoware.ai/install/autoware_config_msgs/share:${ROS_PACKAGE_PATH} /usr/bin/cmake --build /home/agilex/autoware.ai/build/runtime_manager -- -j8 -l8
[1.788s] Invoked command in '/home/agilex/autoware.ai/build/runtime_manager' returned '0': CMAKE_PREFIX_PATH=/home/agilex/autoware.ai/install/tablet_socket_msgs:/home/agilex/autoware.ai/install/autoware_msgs:/home/agilex/autoware.ai/install/autoware_config_msgs:${CMAKE_PREFIX_PATH} PKG_CONFIG_PATH=/home/agilex/autoware.ai/install/tablet_socket_msgs/lib/x86_64-linux-gnu/pkgconfig:/home/agilex/autoware.ai/install/tablet_socket_msgs/lib/pkgconfig:/home/agilex/autoware.ai/install/autoware_msgs/lib/x86_64-linux-gnu/pkgconfig:/home/agilex/autoware.ai/install/autoware_msgs/lib/pkgconfig:/home/agilex/autoware.ai/install/autoware_config_msgs/lib/x86_64-linux-gnu/pkgconfig:/home/agilex/autoware.ai/install/autoware_config_msgs/lib/pkgconfig:${PKG_CONFIG_PATH} PYTHONPATH=/home/agilex/autoware.ai/install/tablet_socket_msgs/lib/python2.7/dist-packages:/home/agilex/autoware.ai/install/autoware_msgs/lib/python2.7/dist-packages:/home/agilex/autoware.ai/install/autoware_config_msgs/lib/python2.7/dist-packages:${PYTHONPATH} ROS_PACKAGE_PATH=/home/agilex/autoware.ai/install/tablet_socket_msgs/share:/home/agilex/autoware.ai/install/autoware_msgs/share:/home/agilex/autoware.ai/install/autoware_config_msgs/share:${ROS_PACKAGE_PATH} /usr/bin/cmake --build /home/agilex/autoware.ai/build/runtime_manager -- -j8 -l8
[1.864s] Invoking command in '/home/agilex/autoware.ai/build/runtime_manager': CMAKE_PREFIX_PATH=/home/agilex/autoware.ai/install/tablet_socket_msgs:/home/agilex/autoware.ai/install/autoware_msgs:/home/agilex/autoware.ai/install/autoware_config_msgs:${CMAKE_PREFIX_PATH} PKG_CONFIG_PATH=/home/agilex/autoware.ai/install/tablet_socket_msgs/lib/x86_64-linux-gnu/pkgconfig:/home/agilex/autoware.ai/install/tablet_socket_msgs/lib/pkgconfig:/home/agilex/autoware.ai/install/autoware_msgs/lib/x86_64-linux-gnu/pkgconfig:/home/agilex/autoware.ai/install/autoware_msgs/lib/pkgconfig:/home/agilex/autoware.ai/install/autoware_config_msgs/lib/x86_64-linux-gnu/pkgconfig:/home/agilex/autoware.ai/install/autoware_config_msgs/lib/pkgconfig:${PKG_CONFIG_PATH} PYTHONPATH=/home/agilex/autoware.ai/install/tablet_socket_msgs/lib/python2.7/dist-packages:/home/agilex/autoware.ai/install/autoware_msgs/lib/python2.7/dist-packages:/home/agilex/autoware.ai/install/autoware_config_msgs/lib/python2.7/dist-packages:${PYTHONPATH} ROS_PACKAGE_PATH=/home/agilex/autoware.ai/install/tablet_socket_msgs/share:/home/agilex/autoware.ai/install/autoware_msgs/share:/home/agilex/autoware.ai/install/autoware_config_msgs/share:${ROS_PACKAGE_PATH} /usr/bin/cmake --build /home/agilex/autoware.ai/build/runtime_manager --target tests -- -j8 -l8
[1.914s] [35m[1mScanning dependencies of target tests[0m
[1.923s] Built target tests
[1.940s] Invoked command in '/home/agilex/autoware.ai/build/runtime_manager' returned '0': CMAKE_PREFIX_PATH=/home/agilex/autoware.ai/install/tablet_socket_msgs:/home/agilex/autoware.ai/install/autoware_msgs:/home/agilex/autoware.ai/install/autoware_config_msgs:${CMAKE_PREFIX_PATH} PKG_CONFIG_PATH=/home/agilex/autoware.ai/install/tablet_socket_msgs/lib/x86_64-linux-gnu/pkgconfig:/home/agilex/autoware.ai/install/tablet_socket_msgs/lib/pkgconfig:/home/agilex/autoware.ai/install/autoware_msgs/lib/x86_64-linux-gnu/pkgconfig:/home/agilex/autoware.ai/install/autoware_msgs/lib/pkgconfig:/home/agilex/autoware.ai/install/autoware_config_msgs/lib/x86_64-linux-gnu/pkgconfig:/home/agilex/autoware.ai/install/autoware_config_msgs/lib/pkgconfig:${PKG_CONFIG_PATH} PYTHONPATH=/home/agilex/autoware.ai/install/tablet_socket_msgs/lib/python2.7/dist-packages:/home/agilex/autoware.ai/install/autoware_msgs/lib/python2.7/dist-packages:/home/agilex/autoware.ai/install/autoware_config_msgs/lib/python2.7/dist-packages:${PYTHONPATH} ROS_PACKAGE_PATH=/home/agilex/autoware.ai/install/tablet_socket_msgs/share:/home/agilex/autoware.ai/install/autoware_msgs/share:/home/agilex/autoware.ai/install/autoware_config_msgs/share:${ROS_PACKAGE_PATH} /usr/bin/cmake --build /home/agilex/autoware.ai/build/runtime_manager --target tests -- -j8 -l8
[2.019s] Invoking command in '/home/agilex/autoware.ai/build/runtime_manager': CMAKE_PREFIX_PATH=/home/agilex/autoware.ai/install/tablet_socket_msgs:/home/agilex/autoware.ai/install/autoware_msgs:/home/agilex/autoware.ai/install/autoware_config_msgs:${CMAKE_PREFIX_PATH} PKG_CONFIG_PATH=/home/agilex/autoware.ai/install/tablet_socket_msgs/lib/x86_64-linux-gnu/pkgconfig:/home/agilex/autoware.ai/install/tablet_socket_msgs/lib/pkgconfig:/home/agilex/autoware.ai/install/autoware_msgs/lib/x86_64-linux-gnu/pkgconfig:/home/agilex/autoware.ai/install/autoware_msgs/lib/pkgconfig:/home/agilex/autoware.ai/install/autoware_config_msgs/lib/x86_64-linux-gnu/pkgconfig:/home/agilex/autoware.ai/install/autoware_config_msgs/lib/pkgconfig:${PKG_CONFIG_PATH} PYTHONPATH=/home/agilex/autoware.ai/install/tablet_socket_msgs/lib/python2.7/dist-packages:/home/agilex/autoware.ai/install/autoware_msgs/lib/python2.7/dist-packages:/home/agilex/autoware.ai/install/autoware_config_msgs/lib/python2.7/dist-packages:${PYTHONPATH} ROS_PACKAGE_PATH=/home/agilex/autoware.ai/install/tablet_socket_msgs/share:/home/agilex/autoware.ai/install/autoware_msgs/share:/home/agilex/autoware.ai/install/autoware_config_msgs/share:${ROS_PACKAGE_PATH} /usr/bin/cmake --build /home/agilex/autoware.ai/build/runtime_manager --target install -- -j8 -l8
[2.066s] [36mInstall the project...[0m
[2.073s] -- Install configuration: "Release"
[2.074s] -- Installing: /home/agilex/autoware.ai/install/runtime_manager/lib/pkgconfig/runtime_manager.pc
[2.074s] -- Installing: /home/agilex/autoware.ai/install/runtime_manager/share/runtime_manager/cmake/runtime_managerConfig.cmake
[2.074s] -- Installing: /home/agilex/autoware.ai/install/runtime_manager/share/runtime_manager/cmake/runtime_managerConfig-version.cmake
[2.074s] -- Up-to-date: /home/agilex/autoware.ai/install/runtime_manager/share/runtime_manager/package.xml
[2.074s] -- Installing: /home/agilex/autoware.ai/install/runtime_manager/lib/runtime_manager/ftrace.py
[2.075s] -- Installing: /home/agilex/autoware.ai/install/runtime_manager/lib/runtime_manager/proc_manager.py
[2.075s] -- Installing: /home/agilex/autoware.ai/install/runtime_manager/lib/runtime_manager/rtmgr.py
[2.075s] -- Installing: /home/agilex/autoware.ai/install/runtime_manager/lib/runtime_manager/runtime_manager_dialog.py
[2.075s] -- Installing: /home/agilex/autoware.ai/install/runtime_manager/lib/runtime_manager/test_pub.py
[2.075s] -- Installing: /home/agilex/autoware.ai/install/runtime_manager/lib/runtime_manager/test_srv.py
[2.076s] -- Up-to-date: /home/agilex/autoware.ai/install/runtime_manager/share/runtime_manager/scripts/3dm_gx5_15.sh
[2.076s] -- Up-to-date: /home/agilex/autoware.ai/install/runtime_manager/share/runtime_manager/scripts/add_perm.sh
[2.076s] -- Up-to-date: /home/agilex/autoware.ai/install/runtime_manager/share/runtime_manager/scripts/adis16470.sh
[2.076s] -- Up-to-date: /home/agilex/autoware.ai/install/runtime_manager/share/runtime_manager/scripts/avt_vimba.sh
[2.076s] -- Up-to-date: /home/agilex/autoware.ai/install/runtime_manager/share/runtime_manager/scripts/gazebo.sh
[2.076s] -- Up-to-date: /home/agilex/autoware.ai/install/runtime_manager/share/runtime_manager/scripts/mti300.sh
[2.076s] -- Up-to-date: /home/agilex/autoware.ai/install/runtime_manager/share/runtime_manager/scripts/vg440.sh
[2.076s] -- Up-to-date: /home/agilex/autoware.ai/install/runtime_manager/share/runtime_manager/scripts/cleanup
[2.076s] -- Up-to-date: /home/agilex/autoware.ai/install/runtime_manager/share/runtime_manager/scripts/run
[2.077s] -- Up-to-date: /home/agilex/autoware.ai/install/runtime_manager/share/runtime_manager/scripts/run_proc_manager
[2.077s] -- Up-to-date: /home/agilex/autoware.ai/install/runtime_manager/share/runtime_manager/scripts/subnet_chk.py
[2.077s] -- Up-to-date: /home/agilex/autoware.ai/install/runtime_manager/lib/runtime_manager/computing.yaml
[2.077s] -- Up-to-date: /home/agilex/autoware.ai/install/runtime_manager/lib/runtime_manager/data.yaml
[2.077s] -- Up-to-date: /home/agilex/autoware.ai/install/runtime_manager/lib/runtime_manager/empty.yaml
[2.077s] -- Up-to-date: /home/agilex/autoware.ai/install/runtime_manager/lib/runtime_manager/interface.yaml
[2.077s] -- Up-to-date: /home/agilex/autoware.ai/install/runtime_manager/lib/runtime_manager/main.yaml
[2.078s] -- Up-to-date: /home/agilex/autoware.ai/install/runtime_manager/lib/runtime_manager/map.yaml
[2.078s] -- Up-to-date: /home/agilex/autoware.ai/install/runtime_manager/lib/runtime_manager/qs.yaml
[2.078s] -- Up-to-date: /home/agilex/autoware.ai/install/runtime_manager/lib/runtime_manager/rtmgr_icon.xpm
[2.079s] -- Up-to-date: /home/agilex/autoware.ai/install/runtime_manager/lib/runtime_manager/rtmgr.wxg
[2.079s] -- Up-to-date: /home/agilex/autoware.ai/install/runtime_manager/lib/runtime_manager/sensing.yaml
[2.079s] -- Up-to-date: /home/agilex/autoware.ai/install/runtime_manager/lib/runtime_manager/setup.yaml
[2.079s] -- Up-to-date: /home/agilex/autoware.ai/install/runtime_manager/lib/runtime_manager/simulation.yaml
[2.079s] -- Up-to-date: /home/agilex/autoware.ai/install/runtime_manager/lib/runtime_manager/state.yaml
[2.079s] -- Up-to-date: /home/agilex/autoware.ai/install/runtime_manager/lib/runtime_manager/status.yaml
[2.079s] -- Up-to-date: /home/agilex/autoware.ai/install/runtime_manager/lib/runtime_manager/topics.yaml
[2.079s] -- Up-to-date: /home/agilex/autoware.ai/install/runtime_manager/lib/runtime_manager/vector_map_files.yaml
[2.079s] -- Up-to-date: /home/agilex/autoware.ai/install/runtime_manager/lib/runtime_manager/viewer.yaml
[2.079s] -- Up-to-date: /home/agilex/autoware.ai/install/runtime_manager/lib/runtime_manager/images/autoware_logo_1.png
[2.080s] -- Up-to-date: /home/agilex/autoware.ai/install/runtime_manager/lib/runtime_manager/images/autoware_logo_2.png
[2.080s] -- Up-to-date: /home/agilex/autoware.ai/install/runtime_manager/lib/runtime_manager/images/autoware_logo_2_white.png
[2.080s] -- Up-to-date: /home/agilex/autoware.ai/install/runtime_manager/lib/runtime_manager/images/axe.png
[2.080s] -- Up-to-date: /home/agilex/autoware.ai/install/runtime_manager/lib/runtime_manager/images/database.png
[2.080s] -- Up-to-date: /home/agilex/autoware.ai/install/runtime_manager/lib/runtime_manager/images/dec.png
[2.080s] -- Up-to-date: /home/agilex/autoware.ai/install/runtime_manager/lib/runtime_manager/images/inc.png
[2.080s] -- Up-to-date: /home/agilex/autoware.ai/install/runtime_manager/lib/runtime_manager/images/mobile.png
[2.080s] -- Up-to-date: /home/agilex/autoware.ai/install/runtime_manager/lib/runtime_manager/images/nagoya_university.png
[2.080s] -- Up-to-date: /home/agilex/autoware.ai/install/runtime_manager/lib/runtime_manager/images/tablet.png
[2.080s] -- Up-to-date: /home/agilex/autoware.ai/install/runtime_manager/lib/runtime_manager/images/vehicle.png
[2.080s] -- Up-to-date: /home/agilex/autoware.ai/install/runtime_manager/share/runtime_manager/launch_files/check.launch
[2.080s] -- Up-to-date: /home/agilex/autoware.ai/install/runtime_manager/share/runtime_manager/launch_files/control.launch
[2.081s] -- Up-to-date: /home/agilex/autoware.ai/install/runtime_manager/share/runtime_manager/launch_files/init.launch
[2.081s] -- Up-to-date: /home/agilex/autoware.ai/install/runtime_manager/share/runtime_manager/launch_files/map.launch
[2.081s] -- Up-to-date: /home/agilex/autoware.ai/install/runtime_manager/share/runtime_manager/launch_files/perception.launch
[2.081s] -- Up-to-date: /home/agilex/autoware.ai/install/runtime_manager/share/runtime_manager/launch_files/planning.launch
[2.081s] -- Up-to-date: /home/agilex/autoware.ai/install/runtime_manager/share/runtime_manager/launch_files/sensor.launch
[2.081s] -- Up-to-date: /home/agilex/autoware.ai/install/runtime_manager/share/runtime_manager/launch_files/set.launch
[2.081s] -- Up-to-date: /home/agilex/autoware.ai/install/runtime_manager/share/runtime_manager/launch_files/velodyne_hdl64e_s2.launch
[2.081s] -- Up-to-date: /home/agilex/autoware.ai/install/runtime_manager/share/runtime_manager/launch_files/velodyne_hdl64e_s3.launch
[2.081s] -- Up-to-date: /home/agilex/autoware.ai/install/runtime_manager/share/runtime_manager/launch_files/velodyne_hdl32e.launch
[2.082s] -- Up-to-date: /home/agilex/autoware.ai/install/runtime_manager/share/runtime_manager/launch_files/velodyne_vlp16.launch
[2.082s] -- Up-to-date: /home/agilex/autoware.ai/install/runtime_manager/share/runtime_manager/launch_files/velodyne_vlp16_hires.launch
[2.082s] -- Up-to-date: /home/agilex/autoware.ai/install/runtime_manager/share/runtime_manager/launch_files/velodyne_vlp32c.launch
[2.082s] -- Up-to-date: /home/agilex/autoware.ai/install/runtime_manager/share/runtime_manager/launch_files/vscan.launch
[2.082s] -- Up-to-date: /home/agilex/autoware.ai/install/runtime_manager/share/runtime_manager/launch_files/vehicle_socket.launch
[2.082s] -- Up-to-date: /home/agilex/autoware.ai/install/runtime_manager/share/runtime_manager/launch_files/uvc_camera.launch
[2.082s] -- Up-to-date: /home/agilex/autoware.ai/install/runtime_manager/share/runtime_manager/launch_files/traffic_light.launch
[2.082s] -- Up-to-date: /home/agilex/autoware.ai/install/runtime_manager/share/runtime_manager/launch_files/synchronization.launch
[2.083s] -- Up-to-date: /home/agilex/autoware.ai/install/runtime_manager/share/runtime_manager/launch_files/tablet_socket.launch
[2.083s] -- Up-to-date: /home/agilex/autoware.ai/install/runtime_manager/share/runtime_manager/launch_files/setup_tf.launch
[2.084s] -- Up-to-date: /home/agilex/autoware.ai/install/runtime_manager/share/runtime_manager/launch_files/setup_vehicle_info.launch
[2.085s] -- Up-to-date: /home/agilex/autoware.ai/install/runtime_manager/share/runtime_manager/launch_files/points2image.launch
[2.085s] -- Up-to-date: /home/agilex/autoware.ai/install/runtime_manager/share/runtime_manager/launch_files/mqtt_socket.launch
[2.086s] -- Up-to-date: /home/agilex/autoware.ai/install/runtime_manager/share/runtime_manager/launch_files/ex_mat_pub.launch
[2.086s] -- Up-to-date: /home/agilex/autoware.ai/install/runtime_manager/share/runtime_manager/launch_files/calibration_publisher.launch
[2.087s] -- Up-to-date: /home/agilex/autoware.ai/install/runtime_manager/share/runtime_manager/launch_files/avt_camera.launch
[2.087s] -- Up-to-date: /home/agilex/autoware.ai/install/runtime_manager/share/runtime_manager/launch
[2.087s] -- Up-to-date: /home/agilex/autoware.ai/install/runtime_manager/share/runtime_manager/launch/runtime_manager.launch
[2.087s] Invoked command in '/home/agilex/autoware.ai/build/runtime_manager' returned '0': CMAKE_PREFIX_PATH=/home/agilex/autoware.ai/install/tablet_socket_msgs:/home/agilex/autoware.ai/install/autoware_msgs:/home/agilex/autoware.ai/install/autoware_config_msgs:${CMAKE_PREFIX_PATH} PKG_CONFIG_PATH=/home/agilex/autoware.ai/install/tablet_socket_msgs/lib/x86_64-linux-gnu/pkgconfig:/home/agilex/autoware.ai/install/tablet_socket_msgs/lib/pkgconfig:/home/agilex/autoware.ai/install/autoware_msgs/lib/x86_64-linux-gnu/pkgconfig:/home/agilex/autoware.ai/install/autoware_msgs/lib/pkgconfig:/home/agilex/autoware.ai/install/autoware_config_msgs/lib/x86_64-linux-gnu/pkgconfig:/home/agilex/autoware.ai/install/autoware_config_msgs/lib/pkgconfig:${PKG_CONFIG_PATH} PYTHONPATH=/home/agilex/autoware.ai/install/tablet_socket_msgs/lib/python2.7/dist-packages:/home/agilex/autoware.ai/install/autoware_msgs/lib/python2.7/dist-packages:/home/agilex/autoware.ai/install/autoware_config_msgs/lib/python2.7/dist-packages:${PYTHONPATH} ROS_PACKAGE_PATH=/home/agilex/autoware.ai/install/tablet_socket_msgs/share:/home/agilex/autoware.ai/install/autoware_msgs/share:/home/agilex/autoware.ai/install/autoware_config_msgs/share:${ROS_PACKAGE_PATH} /usr/bin/cmake --build /home/agilex/autoware.ai/build/runtime_manager --target install -- -j8 -l8
