[  0%] Built target autoware_system_msgs_generate_messages_eus
[  0%] Built target tf2_msgs_generate_messages_eus
[  0%] Built target topic_tools_generate_messages_eus
[  0%] Built target autoware_system_msgs_generate_messages_cpp
[  0%] Built target topic_tools_generate_messages_nodejs
[  0%] Built target std_srvs_generate_messages_py
[  0%] Built target std_srvs_generate_messages_nodejs
[  0%] Built target autoware_system_msgs_generate_messages_lisp
[  0%] Built target topic_tools_generate_messages_cpp
[  0%] Built target bond_generate_messages_lisp
[  0%] Built target bond_generate_messages_eus
[  0%] Built target bond_generate_messages_py
[  0%] Built target bond_generate_messages_cpp
[  0%] Built target nodelet_generate_messages_cpp
[  0%] Built target nodelet_generate_messages_eus
[  0%] Built target dynamic_reconfigure_generate_messages_lisp
[  0%] Built target nodelet_generate_messages_nodejs
[  0%] Built target dynamic_reconfigure_generate_messages_py
[  0%] Built target tf2_msgs_generate_messages_nodejs
[  0%] Built target dynamic_reconfigure_generate_messages_eus
[  0%] Built target dynamic_reconfigure_generate_messages_nodejs
[  0%] Built target pcl_ros_gencfg
[  0%] Built target dynamic_reconfigure_gencfg
[  0%] Built target jsk_footstep_msgs_generate_messages_lisp
[  0%] Built target tf2_msgs_generate_messages_lisp
[  0%] Built target autoware_config_msgs_generate_messages_eus
[  0%] Built target actionlib_msgs_generate_messages_py
[  0%] Built target geometry_msgs_generate_messages_py
[  0%] Built target jsk_footstep_msgs_generate_messages_nodejs
[  0%] Built target jsk_footstep_msgs_generate_messages_eus
[  0%] Built target pcl_msgs_generate_messages_nodejs
[  0%] Built target jsk_recognition_msgs_generate_messages_py
[  0%] Built target pcl_msgs_generate_messages_eus
[  0%] Built target rosgraph_msgs_generate_messages_eus
[  0%] Built target jsk_recognition_msgs_generate_messages_lisp
[  0%] Built target sensor_msgs_generate_messages_nodejs
[  0%] Built target autoware_system_msgs_generate_messages_py
[  0%] Built target sensor_msgs_generate_messages_py
[  0%] Built target nodelet_generate_messages_py
[  0%] Built target jsk_recognition_msgs_generate_messages_eus
[  0%] Built target tf2_msgs_generate_messages_cpp
[  0%] Built target roscpp_generate_messages_cpp
[  0%] Built target actionlib_generate_messages_cpp
[  0%] Built target geometry_msgs_generate_messages_lisp
[  0%] Built target nodelet_generate_messages_lisp
[  0%] Built target autoware_msgs_generate_messages_py
[  0%] Built target autoware_msgs_generate_messages_lisp
[  0%] Built target std_msgs_generate_messages_py
[  0%] Built target std_msgs_generate_messages_cpp
[  0%] Built target autoware_msgs_generate_messages_cpp
[  0%] Built target pcl_msgs_generate_messages_cpp
[  0%] Built target jsk_recognition_msgs_generate_messages_cpp
[  0%] Built target rosgraph_msgs_generate_messages_cpp
[  0%] Built target sensor_msgs_generate_messages_lisp
[  0%] Built target topic_tools_generate_messages_lisp
[  0%] Built target std_srvs_generate_messages_cpp
[  0%] Built target autoware_msgs_generate_messages_eus
[  0%] Built target std_msgs_generate_messages_eus
[  0%] Built target std_srvs_generate_messages_lisp
[  0%] Built target autoware_msgs_generate_messages_nodejs
[  0%] Built target geometry_msgs_generate_messages_eus
[  0%] Built target roscpp_generate_messages_nodejs
[  0%] Built target sensor_msgs_generate_messages_cpp
[  0%] Built target sensor_msgs_generate_messages_eus
[  0%] Built target std_msgs_generate_messages_nodejs
[  0%] Built target std_msgs_generate_messages_lisp
[  0%] Built target topic_tools_generate_messages_py
[  0%] Built target autoware_system_msgs_generate_messages_nodejs
[  0%] Built target actionlib_msgs_generate_messages_nodejs
[  0%] Built target geometry_msgs_generate_messages_nodejs
[  0%] Built target bond_generate_messages_nodejs
[  0%] Built target jsk_footstep_msgs_generate_messages_py
[  0%] Built target actionlib_msgs_generate_messages_eus
[  0%] Built target actionlib_msgs_generate_messages_lisp
[  0%] Built target nodelet_topic_tools_gencfg
[  0%] Built target autoware_config_msgs_generate_messages_lisp
[  0%] Built target tablet_socket_msgs_generate_messages_py
[  0%] Built target rosgraph_msgs_generate_messages_py
[  0%] Built target tablet_socket_msgs_generate_messages_lisp
[  0%] Built target autoware_config_msgs_generate_messages_py
[  0%] Built target autoware_config_msgs_generate_messages_nodejs
[  0%] Built target tablet_socket_msgs_generate_messages_cpp
[  0%] Built target dynamic_reconfigure_generate_messages_cpp
[  0%] Built target tablet_socket_msgs_generate_messages_nodejs
[  0%] Built target tf_generate_messages_nodejs
[  0%] Built target roscpp_generate_messages_eus
[  0%] Built target jsk_recognition_msgs_generate_messages_nodejs
[  0%] Built target tf_generate_messages_py
[  0%] Built target roscpp_generate_messages_lisp
[  0%] Built target roscpp_generate_messages_py
[  0%] Built target std_srvs_generate_messages_eus
[  0%] Built target rosgraph_msgs_generate_messages_nodejs
[  0%] Built target rosgraph_msgs_generate_messages_lisp
[  0%] Built target actionlib_msgs_generate_messages_cpp
[  0%] Built target jsk_footstep_msgs_generate_messages_cpp
[  0%] Built target autoware_config_msgs_generate_messages_cpp
[  0%] Built target geometry_msgs_generate_messages_cpp
[  0%] Built target actionlib_generate_messages_eus
[  0%] Built target tf_generate_messages_eus
[  0%] Built target pcl_msgs_generate_messages_py
[  0%] Built target tf_generate_messages_lisp
[  0%] Built target actionlib_generate_messages_nodejs
[  0%] Built target actionlib_generate_messages_lisp
[  0%] Built target tf2_msgs_generate_messages_py
[  0%] Built target pcl_msgs_generate_messages_lisp
[  0%] Built target tf_generate_messages_cpp
[  0%] Built target tablet_socket_msgs_generate_messages_eus
[  0%] Built target actionlib_generate_messages_py
[  7%] Built target twist_filter
[ 17%] Built target twist_gate
[ 25%] Built target mpc_waypoints_converter
[ 67%] Built target mpc_follower
[ 75%] Built target libwaypoint_follower
[ 82%] Built target wf_simulator
[100%] Built target pure_pursuit
[  0%] Built target topic_tools_generate_messages_eus
[  0%] Built target topic_tools_generate_messages_nodejs
[  6%] Built target gtest
[  6%] Built target autoware_system_msgs_generate_messages_cpp
[  6%] Built target topic_tools_generate_messages_cpp
[  6%] Built target autoware_system_msgs_generate_messages_lisp
[  6%] Built target autoware_system_msgs_generate_messages_eus
[  6%] Built target std_srvs_generate_messages_py
[  6%] Built target bond_generate_messages_py
[  6%] Built target bond_generate_messages_cpp
[  6%] Built target nodelet_generate_messages_nodejs
[  6%] Built target std_srvs_generate_messages_nodejs
[  6%] Built target bond_generate_messages_eus
[  6%] Built target dynamic_reconfigure_generate_messages_nodejs
[  6%] Built target nodelet_generate_messages_eus
[  6%] Built target nodelet_generate_messages_cpp
[  6%] Built target dynamic_reconfigure_generate_messages_py
[  6%] Built target bond_generate_messages_lisp
[  6%] Built target dynamic_reconfigure_generate_messages_eus
[  6%] Built target dynamic_reconfigure_generate_messages_lisp
[  6%] Built target jsk_footstep_msgs_generate_messages_nodejs
[  6%] Built target tf2_msgs_generate_messages_lisp
[  6%] Built target jsk_footstep_msgs_generate_messages_lisp
[  6%] Built target pcl_ros_gencfg
[  6%] Built target dynamic_reconfigure_gencfg
[  6%] Built target tf2_msgs_generate_messages_nodejs
[  6%] Built target jsk_footstep_msgs_generate_messages_eus
[  6%] Built target pcl_msgs_generate_messages_nodejs
[  6%] Built target autoware_config_msgs_generate_messages_eus
[  6%] Built target actionlib_msgs_generate_messages_py
[  6%] Built target pcl_msgs_generate_messages_eus
[  6%] Built target jsk_recognition_msgs_generate_messages_py
[  6%] Built target geometry_msgs_generate_messages_py
[  6%] Built target tf2_msgs_generate_messages_cpp
[  6%] Built target rosgraph_msgs_generate_messages_eus
[  6%] Built target sensor_msgs_generate_messages_py
[  6%] Built target jsk_recognition_msgs_generate_messages_eus
[  6%] Built target jsk_recognition_msgs_generate_messages_lisp
[  6%] Built target sensor_msgs_generate_messages_nodejs
[  6%] Built target nodelet_generate_messages_py
[  6%] Built target autoware_system_msgs_generate_messages_py
[  6%] Built target std_msgs_generate_messages_cpp
[  6%] Built target nodelet_generate_messages_lisp
[  6%] Built target actionlib_generate_messages_cpp
[  6%] Built target roscpp_generate_messages_cpp
[  6%] Built target autoware_msgs_generate_messages_lisp
[  6%] Built target geometry_msgs_generate_messages_lisp
[  6%] Built target autoware_msgs_generate_messages_cpp
[  6%] Built target autoware_msgs_generate_messages_py
[  6%] Built target rosgraph_msgs_generate_messages_cpp
[  6%] Built target topic_tools_generate_messages_lisp
[  6%] Built target pcl_msgs_generate_messages_cpp
[  6%] Built target std_msgs_generate_messages_py
[  6%] Built target sensor_msgs_generate_messages_lisp
[  6%] Built target jsk_recognition_msgs_generate_messages_cpp
[  6%] Built target autoware_msgs_generate_messages_nodejs
[  6%] Built target std_srvs_generate_messages_cpp
[  6%] Built target sensor_msgs_generate_messages_eus
[  6%] Built target std_msgs_generate_messages_eus
[  6%] Built target geometry_msgs_generate_messages_eus
[  6%] Built target std_srvs_generate_messages_lisp
[  6%] Built target std_msgs_generate_messages_nodejs
[  6%] Built target autoware_msgs_generate_messages_eus
[  6%] Built target roscpp_generate_messages_nodejs
[  6%] Built target std_msgs_generate_messages_lisp
[  6%] Built target actionlib_msgs_generate_messages_nodejs
[  6%] Built target autoware_system_msgs_generate_messages_nodejs
[  6%] Built target sensor_msgs_generate_messages_cpp
[  6%] Built target actionlib_msgs_generate_messages_lisp
[  6%] Built target geometry_msgs_generate_messages_nodejs
[  6%] Built target topic_tools_generate_messages_py
[  6%] Built target nodelet_topic_tools_gencfg
[  6%] Built target tablet_socket_msgs_generate_messages_py
[  6%] Built target jsk_footstep_msgs_generate_messages_py
[  6%] Built target bond_generate_messages_nodejs
[  6%] Built target actionlib_msgs_generate_messages_eus
[  6%] Built target roscpp_generate_messages_eus
[  6%] Built target tablet_socket_msgs_generate_messages_cpp
[  6%] Built target rosgraph_msgs_generate_messages_py
[  6%] Built target tablet_socket_msgs_generate_messages_lisp
[  6%] Built target autoware_config_msgs_generate_messages_py
[  6%] Built target autoware_config_msgs_generate_messages_lisp
[  6%] Built target tf_generate_messages_py
[  6%] Built target dynamic_reconfigure_generate_messages_cpp
[  6%] Built target std_srvs_generate_messages_eus
[  6%] Built target autoware_config_msgs_generate_messages_nodejs
[  6%] Built target tablet_socket_msgs_generate_messages_nodejs
[  6%] Built target jsk_recognition_msgs_generate_messages_nodejs
[  6%] Built target tf_generate_messages_nodejs
[  6%] Built target roscpp_generate_messages_py
[  6%] Built target roscpp_generate_messages_lisp
[  6%] Built target autoware_config_msgs_generate_messages_cpp
[  6%] Built target rosgraph_msgs_generate_messages_lisp
[  6%] Built target rosgraph_msgs_generate_messages_nodejs
[  6%] Built target jsk_footstep_msgs_generate_messages_cpp
[  6%] Built target tf_generate_messages_lisp
[  6%] Built target actionlib_msgs_generate_messages_cpp
[  6%] Built target tf_generate_messages_eus
[  6%] Built target pcl_msgs_generate_messages_py
[  6%] Built target geometry_msgs_generate_messages_cpp
[  6%] Built target actionlib_generate_messages_lisp
[  6%] Built target actionlib_generate_messages_eus
[  6%] Built target actionlib_generate_messages_nodejs
[  6%] Built target tf2_msgs_generate_messages_py
[  6%] Built target tf_generate_messages_cpp
[  6%] Built target pcl_msgs_generate_messages_lisp
[  6%] Built target tablet_socket_msgs_generate_messages_eus
[  6%] Built target actionlib_generate_messages_py
[  6%] Built target tf2_msgs_generate_messages_eus
[ 16%] Built target test-twist_gate
[ 25%] Built target test-mpc_lowpass_filter
[ 61%] Built target test-mpc_utils
[100%] Built target test-mpc_follower
[100%] Built target tests
[  0%] Built target autoware_system_msgs_generate_messages_cpp
[  0%] Built target tf2_msgs_generate_messages_eus
[  0%] Built target autoware_system_msgs_generate_messages_eus
[  0%] Built target autoware_system_msgs_generate_messages_lisp
[  0%] Built target topic_tools_generate_messages_eus
[  0%] Built target topic_tools_generate_messages_nodejs
[  0%] Built target std_srvs_generate_messages_py
[  0%] Built target std_srvs_generate_messages_nodejs
[  0%] Built target topic_tools_generate_messages_cpp
[  0%] Built target bond_generate_messages_eus
[  0%] Built target nodelet_generate_messages_nodejs
[  0%] Built target bond_generate_messages_py
[  0%] Built target bond_generate_messages_cpp
[  0%] Built target nodelet_generate_messages_eus
[  0%] Built target nodelet_generate_messages_cpp
[  0%] Built target dynamic_reconfigure_generate_messages_nodejs
[  0%] Built target bond_generate_messages_lisp
[  0%] Built target dynamic_reconfigure_generate_messages_py
[  0%] Built target tf2_msgs_generate_messages_nodejs
[  0%] Built target tf2_msgs_generate_messages_lisp
[  0%] Built target dynamic_reconfigure_generate_messages_eus
[  0%] Built target dynamic_reconfigure_gencfg
[  0%] Built target dynamic_reconfigure_generate_messages_lisp
[  0%] Built target pcl_ros_gencfg
[  0%] Built target actionlib_msgs_generate_messages_py
[  0%] Built target pcl_msgs_generate_messages_nodejs
[  0%] Built target jsk_recognition_msgs_generate_messages_py
[  0%] Built target jsk_footstep_msgs_generate_messages_nodejs
[  0%] Built target geometry_msgs_generate_messages_py
[  0%] Built target jsk_footstep_msgs_generate_messages_eus
[  0%] Built target autoware_config_msgs_generate_messages_eus
[  0%] Built target jsk_footstep_msgs_generate_messages_lisp
[  0%] Built target rosgraph_msgs_generate_messages_eus
[  0%] Built target jsk_recognition_msgs_generate_messages_eus
[  0%] Built target jsk_recognition_msgs_generate_messages_lisp
[  0%] Built target tf2_msgs_generate_messages_cpp
[  0%] Built target nodelet_generate_messages_py
[  0%] Built target autoware_system_msgs_generate_messages_py
[  0%] Built target pcl_msgs_generate_messages_eus
[  0%] Built target sensor_msgs_generate_messages_py
[  0%] Built target autoware_msgs_generate_messages_lisp
[  0%] Built target actionlib_generate_messages_cpp
[  0%] Built target roscpp_generate_messages_cpp
[  0%] Built target nodelet_generate_messages_lisp
[  0%] Built target geometry_msgs_generate_messages_lisp
[  0%] Built target sensor_msgs_generate_messages_nodejs
[  0%] Built target std_msgs_generate_messages_py
[  0%] Built target autoware_msgs_generate_messages_py
[  0%] Built target rosgraph_msgs_generate_messages_cpp
[  0%] Built target std_msgs_generate_messages_cpp
[  0%] Built target autoware_msgs_generate_messages_cpp
[  0%] Built target jsk_recognition_msgs_generate_messages_cpp
[  0%] Built target std_srvs_generate_messages_cpp
[  0%] Built target topic_tools_generate_messages_lisp
[  0%] Built target sensor_msgs_generate_messages_lisp
[  0%] Built target autoware_msgs_generate_messages_nodejs
[  0%] Built target geometry_msgs_generate_messages_eus
[  0%] Built target pcl_msgs_generate_messages_cpp
[  0%] Built target std_msgs_generate_messages_nodejs
[  0%] Built target autoware_msgs_generate_messages_eus
[  0%] Built target sensor_msgs_generate_messages_eus
[  0%] Built target std_msgs_generate_messages_eus
[  0%] Built target autoware_system_msgs_generate_messages_nodejs
[  0%] Built target std_srvs_generate_messages_lisp
[  0%] Built target roscpp_generate_messages_nodejs
[  0%] Built target sensor_msgs_generate_messages_cpp
[  0%] Built target actionlib_msgs_generate_messages_lisp
[  0%] Built target std_msgs_generate_messages_lisp
[  0%] Built target nodelet_topic_tools_gencfg
[  0%] Built target topic_tools_generate_messages_py
[  0%] Built target autoware_config_msgs_generate_messages_py
[  0%] Built target geometry_msgs_generate_messages_nodejs
[  0%] Built target bond_generate_messages_nodejs
[  0%] Built target jsk_footstep_msgs_generate_messages_py
[  0%] Built target actionlib_msgs_generate_messages_nodejs
[  0%] Built target tablet_socket_msgs_generate_messages_py
[  0%] Built target roscpp_generate_messages_eus
[  0%] Built target tablet_socket_msgs_generate_messages_cpp
[  0%] Built target autoware_config_msgs_generate_messages_lisp
[  0%] Built target actionlib_msgs_generate_messages_eus
[  0%] Built target rosgraph_msgs_generate_messages_py
[  0%] Built target tablet_socket_msgs_generate_messages_lisp
[  0%] Built target tf_generate_messages_py
[  0%] Built target autoware_config_msgs_generate_messages_nodejs
[  0%] Built target roscpp_generate_messages_lisp
[  0%] Built target dynamic_reconfigure_generate_messages_cpp
[  0%] Built target tf_generate_messages_nodejs
[  0%] Built target std_srvs_generate_messages_eus
[  0%] Built target jsk_recognition_msgs_generate_messages_nodejs
[  0%] Built target rosgraph_msgs_generate_messages_lisp
[  0%] Built target tablet_socket_msgs_generate_messages_nodejs
[  0%] Built target rosgraph_msgs_generate_messages_nodejs
[  0%] Built target roscpp_generate_messages_py
[  0%] Built target actionlib_msgs_generate_messages_cpp
[  0%] Built target tf_generate_messages_eus
[  0%] Built target autoware_config_msgs_generate_messages_cpp
[  0%] Built target tf_generate_messages_lisp
[  0%] Built target pcl_msgs_generate_messages_py
[  0%] Built target actionlib_generate_messages_eus
[  0%] Built target jsk_footstep_msgs_generate_messages_cpp
[  0%] Built target geometry_msgs_generate_messages_cpp
[  0%] Built target actionlib_generate_messages_lisp
[  0%] Built target pcl_msgs_generate_messages_lisp
[  0%] Built target actionlib_generate_messages_nodejs
[  0%] Built target tf_generate_messages_cpp
[  0%] Built target tablet_socket_msgs_generate_messages_eus
[  0%] Built target actionlib_generate_messages_py
[  0%] Built target tf2_msgs_generate_messages_py
[  7%] Built target twist_filter
[ 14%] Built target libwaypoint_follower
[ 21%] Built target mpc_waypoints_converter
[ 32%] Built target twist_gate
[ 75%] Built target mpc_follower
[ 82%] Built target wf_simulator
[100%] Built target pure_pursuit
[36mInstall the project...[0m
-- Install configuration: "Release"
-- Up-to-date: /home/agilex/autoware.ai/install/waypoint_follower/lib/pkgconfig/waypoint_follower.pc
-- Up-to-date: /home/agilex/autoware.ai/install/waypoint_follower/share/waypoint_follower/cmake/waypoint_followerConfig.cmake
-- Up-to-date: /home/agilex/autoware.ai/install/waypoint_follower/share/waypoint_follower/cmake/waypoint_followerConfig-version.cmake
-- Up-to-date: /home/agilex/autoware.ai/install/waypoint_follower/share/waypoint_follower/package.xml
-- Up-to-date: /home/agilex/autoware.ai/install/waypoint_follower/lib/liblibwaypoint_follower.so
-- Up-to-date: /home/agilex/autoware.ai/install/waypoint_follower/lib/waypoint_follower/pure_pursuit
-- Up-to-date: /home/agilex/autoware.ai/install/waypoint_follower/lib/waypoint_follower/wf_simulator
-- Up-to-date: /home/agilex/autoware.ai/install/waypoint_follower/lib/waypoint_follower/twist_filter
-- Up-to-date: /home/agilex/autoware.ai/install/waypoint_follower/lib/waypoint_follower/twist_gate
-- Up-to-date: /home/agilex/autoware.ai/install/waypoint_follower/lib/waypoint_follower/mpc_follower
-- Up-to-date: /home/agilex/autoware.ai/install/waypoint_follower/lib/waypoint_follower/mpc_waypoints_converter
-- Up-to-date: /home/agilex/autoware.ai/install/waypoint_follower/include/waypoint_follower
-- Up-to-date: /home/agilex/autoware.ai/install/waypoint_follower/include/waypoint_follower/libwaypoint_follower.h
-- Up-to-date: /home/agilex/autoware.ai/install/waypoint_follower/share/waypoint_follower/launch
-- Up-to-date: /home/agilex/autoware.ai/install/waypoint_follower/share/waypoint_follower/launch/mpc_follower.launch
-- Up-to-date: /home/agilex/autoware.ai/install/waypoint_follower/share/waypoint_follower/launch/pure_pursuit.launch
-- Up-to-date: /home/agilex/autoware.ai/install/waypoint_follower/share/waypoint_follower/launch/wf_simulator.launch
-- Up-to-date: /home/agilex/autoware.ai/install/waypoint_follower/share/waypoint_follower/launch/twist_filter.launch
