[0.014s] Invoking command in '/home/agilex/autoware.ai/build/autoware_launcher_rviz': CMAKE_PREFIX_PATH=/home/agilex/autoware.ai/install/autoware_build_flags:${CMAKE_PREFIX_PATH} PKG_CONFIG_PATH=/home/agilex/autoware.ai/install/autoware_build_flags/lib/x86_64-linux-gnu/pkgconfig:/home/agilex/autoware.ai/install/autoware_build_flags/lib/pkgconfig:${PKG_CONFIG_PATH} ROS_PACKAGE_PATH=/home/agilex/autoware.ai/install/autoware_build_flags/share:${ROS_PACKAGE_PATH} /usr/bin/cmake /home/agilex/autoware.ai/src/autoware/utilities/autoware_launcher_rviz -DCMAKE_BUILD_TYPE=Release -DCATKIN_INSTALL_INTO_PREFIX_ROOT=0 -DCMAKE_INSTALL_PREFIX=/home/agilex/autoware.ai/install/autoware_launcher_rviz
[0.089s] -- The C compiler identification is GNU 7.5.0
[0.149s] -- The CXX compiler identification is GNU 7.5.0
[0.153s] -- Check for working C compiler: /usr/bin/cc
[0.221s] -- Check for working C compiler: /usr/bin/cc -- works
[0.222s] -- Detecting C compiler ABI info
[0.291s] -- Detecting C compiler ABI info - done
[0.300s] -- Detecting C compile features
[0.574s] -- Detecting C compile features - done
[0.577s] -- Check for working CXX compiler: /usr/bin/c++
[0.662s] -- Check for working CXX compiler: /usr/bin/c++ -- works
[0.662s] -- Detecting CXX compiler ABI info
[0.735s] -- Detecting CXX compiler ABI info - done
[0.745s] -- Detecting CXX compile features
[1.146s] -- Detecting CXX compile features - done
[1.148s] -- Using CATKIN_DEVEL_PREFIX: /home/agilex/autoware.ai/build/autoware_launcher_rviz/devel
[1.148s] -- Using CMAKE_PREFIX_PATH: /home/agilex/autoware.ai/install/autoware_build_flags;/opt/ros/melodic
[1.148s] -- This workspace overlays: /home/agilex/autoware.ai/install/autoware_build_flags;/opt/ros/melodic
[1.163s] -- Found PythonInterp: /usr/bin/python2 (found suitable version "2.7.17", minimum required is "2") 
[1.164s] -- Using PYTHON_EXECUTABLE: /usr/bin/python2
[1.165s] -- Using Debian Python package layout
[1.166s] -- Using empy: /usr/bin/empy
[1.315s] -- Using CATKIN_ENABLE_TESTING: ON
[1.315s] -- Call enable_testing()
[1.317s] -- Using CATKIN_TEST_RESULTS_DIR: /home/agilex/autoware.ai/build/autoware_launcher_rviz/test_results
[1.335s] -- Found gtest sources under '/usr/src/googletest': gtests will be built
[1.335s] -- Found gmock sources under '/usr/src/googletest': gmock will be built
[1.356s] -- Found PythonInterp: /usr/bin/python2 (found version "2.7.17") 
[1.356s] -- Looking for pthread.h
[1.416s] -- Looking for pthread.h - found
[1.416s] -- Looking for pthread_create
[1.481s] -- Looking for pthread_create - not found
[1.481s] -- Looking for pthread_create in pthreads
[1.539s] -- Looking for pthread_create in pthreads - not found
[1.539s] -- Looking for pthread_create in pthread
[1.597s] -- Looking for pthread_create in pthread - found
[1.598s] -- Found Threads: TRUE  
[1.602s] -- Using Python nosetests: /usr/bin/nosetests-2.7
[1.644s] -- catkin 0.7.29
[1.644s] -- BUILD_SHARED_LIBS is on
[1.859s] -- Using these message generators: gencpp;geneus;genlisp;gennodejs;genpy
[2.008s] -- CUDA compilation status: .
[2.179s] -- Configuring done
[2.210s] -- Generating done
[2.218s] -- Build files have been written to: /home/agilex/autoware.ai/build/autoware_launcher_rviz
[2.225s] Invoked command in '/home/agilex/autoware.ai/build/autoware_launcher_rviz' returned '0': CMAKE_PREFIX_PATH=/home/agilex/autoware.ai/install/autoware_build_flags:${CMAKE_PREFIX_PATH} PKG_CONFIG_PATH=/home/agilex/autoware.ai/install/autoware_build_flags/lib/x86_64-linux-gnu/pkgconfig:/home/agilex/autoware.ai/install/autoware_build_flags/lib/pkgconfig:${PKG_CONFIG_PATH} ROS_PACKAGE_PATH=/home/agilex/autoware.ai/install/autoware_build_flags/share:${ROS_PACKAGE_PATH} /usr/bin/cmake /home/agilex/autoware.ai/src/autoware/utilities/autoware_launcher_rviz -DCMAKE_BUILD_TYPE=Release -DCATKIN_INSTALL_INTO_PREFIX_ROOT=0 -DCMAKE_INSTALL_PREFIX=/home/agilex/autoware.ai/install/autoware_launcher_rviz
[2.225s] Invoking command in '/home/agilex/autoware.ai/build/autoware_launcher_rviz': CMAKE_PREFIX_PATH=/home/agilex/autoware.ai/install/autoware_build_flags:${CMAKE_PREFIX_PATH} PKG_CONFIG_PATH=/home/agilex/autoware.ai/install/autoware_build_flags/lib/x86_64-linux-gnu/pkgconfig:/home/agilex/autoware.ai/install/autoware_build_flags/lib/pkgconfig:${PKG_CONFIG_PATH} ROS_PACKAGE_PATH=/home/agilex/autoware.ai/install/autoware_build_flags/share:${ROS_PACKAGE_PATH} /usr/bin/cmake --build /home/agilex/autoware.ai/build/autoware_launcher_rviz -- -j8 -l8
[2.266s] [ 25%] [34m[1mGenerating src/moc_module_panel.cpp[0m
[2.278s] [35m[1mScanning dependencies of target autoware_launcher_rviz[0m
[2.309s] [ 50%] [32mBuilding CXX object CMakeFiles/autoware_launcher_rviz.dir/src/moc_module_panel.cpp.o[0m
[3.115s] [ 75%] [32mBuilding CXX object CMakeFiles/autoware_launcher_rviz.dir/src/module_panel.cpp.o[0m
[4.880s] [100%] [32m[1mLinking CXX shared library devel/lib/libautoware_launcher_rviz.so[0m
[5.202s] [100%] Built target autoware_launcher_rviz
[5.211s] Invoked command in '/home/agilex/autoware.ai/build/autoware_launcher_rviz' returned '0': CMAKE_PREFIX_PATH=/home/agilex/autoware.ai/install/autoware_build_flags:${CMAKE_PREFIX_PATH} PKG_CONFIG_PATH=/home/agilex/autoware.ai/install/autoware_build_flags/lib/x86_64-linux-gnu/pkgconfig:/home/agilex/autoware.ai/install/autoware_build_flags/lib/pkgconfig:${PKG_CONFIG_PATH} ROS_PACKAGE_PATH=/home/agilex/autoware.ai/install/autoware_build_flags/share:${ROS_PACKAGE_PATH} /usr/bin/cmake --build /home/agilex/autoware.ai/build/autoware_launcher_rviz -- -j8 -l8
[5.290s] Invoking command in '/home/agilex/autoware.ai/build/autoware_launcher_rviz': CMAKE_PREFIX_PATH=/home/agilex/autoware.ai/install/autoware_build_flags:${CMAKE_PREFIX_PATH} PKG_CONFIG_PATH=/home/agilex/autoware.ai/install/autoware_build_flags/lib/x86_64-linux-gnu/pkgconfig:/home/agilex/autoware.ai/install/autoware_build_flags/lib/pkgconfig:${PKG_CONFIG_PATH} ROS_PACKAGE_PATH=/home/agilex/autoware.ai/install/autoware_build_flags/share:${ROS_PACKAGE_PATH} /usr/bin/cmake --build /home/agilex/autoware.ai/build/autoware_launcher_rviz --target tests -- -j8 -l8
[5.344s] [35m[1mScanning dependencies of target tests[0m
[5.356s] Built target tests
[5.369s] Invoked command in '/home/agilex/autoware.ai/build/autoware_launcher_rviz' returned '0': CMAKE_PREFIX_PATH=/home/agilex/autoware.ai/install/autoware_build_flags:${CMAKE_PREFIX_PATH} PKG_CONFIG_PATH=/home/agilex/autoware.ai/install/autoware_build_flags/lib/x86_64-linux-gnu/pkgconfig:/home/agilex/autoware.ai/install/autoware_build_flags/lib/pkgconfig:${PKG_CONFIG_PATH} ROS_PACKAGE_PATH=/home/agilex/autoware.ai/install/autoware_build_flags/share:${ROS_PACKAGE_PATH} /usr/bin/cmake --build /home/agilex/autoware.ai/build/autoware_launcher_rviz --target tests -- -j8 -l8
[5.466s] Invoking command in '/home/agilex/autoware.ai/build/autoware_launcher_rviz': CMAKE_PREFIX_PATH=/home/agilex/autoware.ai/install/autoware_build_flags:${CMAKE_PREFIX_PATH} PKG_CONFIG_PATH=/home/agilex/autoware.ai/install/autoware_build_flags/lib/x86_64-linux-gnu/pkgconfig:/home/agilex/autoware.ai/install/autoware_build_flags/lib/pkgconfig:${PKG_CONFIG_PATH} ROS_PACKAGE_PATH=/home/agilex/autoware.ai/install/autoware_build_flags/share:${ROS_PACKAGE_PATH} /usr/bin/cmake --build /home/agilex/autoware.ai/build/autoware_launcher_rviz --target install -- -j8 -l8
[5.525s] [100%] Built target autoware_launcher_rviz
[5.541s] [36mInstall the project...[0m
[5.549s] -- Install configuration: "Release"
[5.549s] -- Installing: /home/agilex/autoware.ai/install/autoware_launcher_rviz/lib/pkgconfig/autoware_launcher_rviz.pc
[5.549s] -- Installing: /home/agilex/autoware.ai/install/autoware_launcher_rviz/share/autoware_launcher_rviz/cmake/autoware_launcher_rvizConfig.cmake
[5.549s] -- Installing: /home/agilex/autoware.ai/install/autoware_launcher_rviz/share/autoware_launcher_rviz/cmake/autoware_launcher_rvizConfig-version.cmake
[5.549s] -- Installing: /home/agilex/autoware.ai/install/autoware_launcher_rviz/share/autoware_launcher_rviz/package.xml
[5.549s] -- Installing: /home/agilex/autoware.ai/install/autoware_launcher_rviz/lib/libautoware_launcher_rviz.so
[5.550s] -- Set runtime path of "/home/agilex/autoware.ai/install/autoware_launcher_rviz/lib/libautoware_launcher_rviz.so" to ""
[5.550s] -- Installing: /home/agilex/autoware.ai/install/autoware_launcher_rviz/share/autoware_launcher_rviz/plugin_description.xml
[5.550s] -- Installing: /home/agilex/autoware.ai/install/autoware_launcher_rviz/share/autoware_launcher_rviz/icons/icons
[5.550s] -- Installing: /home/agilex/autoware.ai/install/autoware_launcher_rviz/share/autoware_launcher_rviz/icons/icons/classes
[5.550s] -- Installing: /home/agilex/autoware.ai/install/autoware_launcher_rviz/share/autoware_launcher_rviz/icons/icons/classes/ModulePanel.png
[5.557s] Invoked command in '/home/agilex/autoware.ai/build/autoware_launcher_rviz' returned '0': CMAKE_PREFIX_PATH=/home/agilex/autoware.ai/install/autoware_build_flags:${CMAKE_PREFIX_PATH} PKG_CONFIG_PATH=/home/agilex/autoware.ai/install/autoware_build_flags/lib/x86_64-linux-gnu/pkgconfig:/home/agilex/autoware.ai/install/autoware_build_flags/lib/pkgconfig:${PKG_CONFIG_PATH} ROS_PACKAGE_PATH=/home/agilex/autoware.ai/install/autoware_build_flags/share:${ROS_PACKAGE_PATH} /usr/bin/cmake --build /home/agilex/autoware.ai/build/autoware_launcher_rviz --target install -- -j8 -l8
