[0.022s] Invoking command in '/home/agilex/autoware.ai/build/image_processor': CMAKE_PREFIX_PATH=/home/agilex/autoware.ai/install/autoware_build_flags:${CMAKE_PREFIX_PATH} PKG_CONFIG_PATH=/home/agilex/autoware.ai/install/autoware_build_flags/lib/x86_64-linux-gnu/pkgconfig:/home/agilex/autoware.ai/install/autoware_build_flags/lib/pkgconfig:${PKG_CONFIG_PATH} ROS_PACKAGE_PATH=/home/agilex/autoware.ai/install/autoware_build_flags/share:${ROS_PACKAGE_PATH} /usr/bin/cmake --build /home/agilex/autoware.ai/build/image_processor -- -j8 -l8
[0.121s] [ 50%] Built target image_rotator
[0.127s] [100%] Built target image_rectifier
[0.141s] Invoked command in '/home/agilex/autoware.ai/build/image_processor' returned '0': CMAKE_PREFIX_PATH=/home/agilex/autoware.ai/install/autoware_build_flags:${CMAKE_PREFIX_PATH} PKG_CONFIG_PATH=/home/agilex/autoware.ai/install/autoware_build_flags/lib/x86_64-linux-gnu/pkgconfig:/home/agilex/autoware.ai/install/autoware_build_flags/lib/pkgconfig:${PKG_CONFIG_PATH} ROS_PACKAGE_PATH=/home/agilex/autoware.ai/install/autoware_build_flags/share:${ROS_PACKAGE_PATH} /usr/bin/cmake --build /home/agilex/autoware.ai/build/image_processor -- -j8 -l8
[0.322s] Invoking command in '/home/agilex/autoware.ai/build/image_processor': CMAKE_PREFIX_PATH=/home/agilex/autoware.ai/install/autoware_build_flags:${CMAKE_PREFIX_PATH} PKG_CONFIG_PATH=/home/agilex/autoware.ai/install/autoware_build_flags/lib/x86_64-linux-gnu/pkgconfig:/home/agilex/autoware.ai/install/autoware_build_flags/lib/pkgconfig:${PKG_CONFIG_PATH} ROS_PACKAGE_PATH=/home/agilex/autoware.ai/install/autoware_build_flags/share:${ROS_PACKAGE_PATH} /usr/bin/cmake --build /home/agilex/autoware.ai/build/image_processor --target tests -- -j8 -l8
[0.426s] Built target tests
[0.451s] Invoked command in '/home/agilex/autoware.ai/build/image_processor' returned '0': CMAKE_PREFIX_PATH=/home/agilex/autoware.ai/install/autoware_build_flags:${CMAKE_PREFIX_PATH} PKG_CONFIG_PATH=/home/agilex/autoware.ai/install/autoware_build_flags/lib/x86_64-linux-gnu/pkgconfig:/home/agilex/autoware.ai/install/autoware_build_flags/lib/pkgconfig:${PKG_CONFIG_PATH} ROS_PACKAGE_PATH=/home/agilex/autoware.ai/install/autoware_build_flags/share:${ROS_PACKAGE_PATH} /usr/bin/cmake --build /home/agilex/autoware.ai/build/image_processor --target tests -- -j8 -l8
[0.592s] Invoking command in '/home/agilex/autoware.ai/build/image_processor': CMAKE_PREFIX_PATH=/home/agilex/autoware.ai/install/autoware_build_flags:${CMAKE_PREFIX_PATH} PKG_CONFIG_PATH=/home/agilex/autoware.ai/install/autoware_build_flags/lib/x86_64-linux-gnu/pkgconfig:/home/agilex/autoware.ai/install/autoware_build_flags/lib/pkgconfig:${PKG_CONFIG_PATH} ROS_PACKAGE_PATH=/home/agilex/autoware.ai/install/autoware_build_flags/share:${ROS_PACKAGE_PATH} /usr/bin/cmake --build /home/agilex/autoware.ai/build/image_processor --target install -- -j8 -l8
[0.655s] [ 50%] Built target image_rectifier
[0.659s] [100%] Built target image_rotator
[0.677s] [36mInstall the project...[0m
[0.684s] -- Install configuration: "Release"
[0.684s] -- Up-to-date: /home/agilex/autoware.ai/install/image_processor/lib/pkgconfig/image_processor.pc
[0.684s] -- Up-to-date: /home/agilex/autoware.ai/install/image_processor/share/image_processor/cmake/image_processorConfig.cmake
[0.684s] -- Up-to-date: /home/agilex/autoware.ai/install/image_processor/share/image_processor/cmake/image_processorConfig-version.cmake
[0.684s] -- Up-to-date: /home/agilex/autoware.ai/install/image_processor/share/image_processor/package.xml
[0.685s] -- Up-to-date: /home/agilex/autoware.ai/install/image_processor/lib/image_processor/image_rotator
[0.687s] -- Up-to-date: /home/agilex/autoware.ai/install/image_processor/lib/image_processor/image_rectifier
[0.687s] -- Up-to-date: /home/agilex/autoware.ai/install/image_processor/share/image_processor/launch/launch
[0.687s] -- Up-to-date: /home/agilex/autoware.ai/install/image_processor/share/image_processor/launch/launch/image_rectifier_ladybug.launch
[0.687s] -- Up-to-date: /home/agilex/autoware.ai/install/image_processor/share/image_processor/launch/launch/image_rotator.launch
[0.687s] -- Up-to-date: /home/agilex/autoware.ai/install/image_processor/share/image_processor/launch/launch/image_rectifier.launch
[0.687s] -- Up-to-date: /home/agilex/autoware.ai/install/image_processor/share/image_processor/launch/launch/image_rotator_ladybug.launch
[0.700s] Invoked command in '/home/agilex/autoware.ai/build/image_processor' returned '0': CMAKE_PREFIX_PATH=/home/agilex/autoware.ai/install/autoware_build_flags:${CMAKE_PREFIX_PATH} PKG_CONFIG_PATH=/home/agilex/autoware.ai/install/autoware_build_flags/lib/x86_64-linux-gnu/pkgconfig:/home/agilex/autoware.ai/install/autoware_build_flags/lib/pkgconfig:${PKG_CONFIG_PATH} ROS_PACKAGE_PATH=/home/agilex/autoware.ai/install/autoware_build_flags/share:${ROS_PACKAGE_PATH} /usr/bin/cmake --build /home/agilex/autoware.ai/build/image_processor --target install -- -j8 -l8
