[0.013s] Invoking command in '/home/agilex/autoware.ai/build/map_tf_generator': CMAKE_PREFIX_PATH=/home/agilex/autoware.ai/install/autoware_build_flags:${CMAKE_PREFIX_PATH} PKG_CONFIG_PATH=/home/agilex/autoware.ai/install/autoware_build_flags/lib/x86_64-linux-gnu/pkgconfig:/home/agilex/autoware.ai/install/autoware_build_flags/lib/pkgconfig:${PKG_CONFIG_PATH} ROS_PACKAGE_PATH=/home/agilex/autoware.ai/install/autoware_build_flags/share:${ROS_PACKAGE_PATH} /usr/bin/cmake /home/agilex/autoware.ai/src/autoware/utilities/map_tf_generator -DCMAKE_BUILD_TYPE=Release -DCATKIN_INSTALL_INTO_PREFIX_ROOT=0 -DCMAKE_INSTALL_PREFIX=/home/agilex/autoware.ai/install/map_tf_generator
[0.080s] -- The C compiler identification is GNU 7.5.0
[0.141s] -- The CXX compiler identification is GNU 7.5.0
[0.146s] -- Check for working C compiler: /usr/bin/cc
[0.206s] -- Check for working C compiler: /usr/bin/cc -- works
[0.206s] -- Detecting C compiler ABI info
[0.275s] -- Detecting C compiler ABI info - done
[0.283s] -- Detecting C compile features
[0.470s] -- Detecting C compile features - done
[0.473s] -- Check for working CXX compiler: /usr/bin/c++
[0.538s] -- Check for working CXX compiler: /usr/bin/c++ -- works
[0.541s] -- Detecting CXX compiler ABI info
[0.615s] -- Detecting CXX compiler ABI info - done
[0.622s] -- Detecting CXX compile features
[0.973s] -- Detecting CXX compile features - done
[0.974s] -- CUDA compilation status: .
[0.975s] -- Using CATKIN_DEVEL_PREFIX: /home/agilex/autoware.ai/build/map_tf_generator/devel
[0.975s] -- Using CMAKE_PREFIX_PATH: /home/agilex/autoware.ai/install/autoware_build_flags;/opt/ros/melodic
[0.975s] -- This workspace overlays: /home/agilex/autoware.ai/install/autoware_build_flags;/opt/ros/melodic
[0.987s] -- Found PythonInterp: /usr/bin/python2 (found suitable version "2.7.17", minimum required is "2") 
[0.987s] -- Using PYTHON_EXECUTABLE: /usr/bin/python2
[0.987s] -- Using Debian Python package layout
[0.987s] -- Using empy: /usr/bin/empy
[1.147s] -- Using CATKIN_ENABLE_TESTING: ON
[1.147s] -- Call enable_testing()
[1.149s] -- Using CATKIN_TEST_RESULTS_DIR: /home/agilex/autoware.ai/build/map_tf_generator/test_results
[1.165s] -- Found gtest sources under '/usr/src/googletest': gtests will be built
[1.165s] -- Found gmock sources under '/usr/src/googletest': gmock will be built
[1.177s] -- Found PythonInterp: /usr/bin/python2 (found version "2.7.17") 
[1.178s] -- Looking for pthread.h
[1.246s] -- Looking for pthread.h - found
[1.247s] -- Looking for pthread_create
[1.312s] -- Looking for pthread_create - not found
[1.316s] -- Looking for pthread_create in pthreads
[1.363s] -- Looking for pthread_create in pthreads - not found
[1.365s] -- Looking for pthread_create in pthread
[1.424s] -- Looking for pthread_create in pthread - found
[1.424s] -- Found Threads: TRUE  
[1.424s] -- Using Python nosetests: /usr/bin/nosetests-2.7
[1.463s] -- catkin 0.7.29
[1.464s] -- BUILD_SHARED_LIBS is on
[2.113s] -- Using these message generators: gencpp;geneus;genlisp;gennodejs;genpy
[2.482s] -- Configuring done
[2.526s] -- Generating done
[2.535s] -- Build files have been written to: /home/agilex/autoware.ai/build/map_tf_generator
[2.542s] Invoked command in '/home/agilex/autoware.ai/build/map_tf_generator' returned '0': CMAKE_PREFIX_PATH=/home/agilex/autoware.ai/install/autoware_build_flags:${CMAKE_PREFIX_PATH} PKG_CONFIG_PATH=/home/agilex/autoware.ai/install/autoware_build_flags/lib/x86_64-linux-gnu/pkgconfig:/home/agilex/autoware.ai/install/autoware_build_flags/lib/pkgconfig:${PKG_CONFIG_PATH} ROS_PACKAGE_PATH=/home/agilex/autoware.ai/install/autoware_build_flags/share:${ROS_PACKAGE_PATH} /usr/bin/cmake /home/agilex/autoware.ai/src/autoware/utilities/map_tf_generator -DCMAKE_BUILD_TYPE=Release -DCATKIN_INSTALL_INTO_PREFIX_ROOT=0 -DCMAKE_INSTALL_PREFIX=/home/agilex/autoware.ai/install/map_tf_generator
[2.543s] Invoking command in '/home/agilex/autoware.ai/build/map_tf_generator': CMAKE_PREFIX_PATH=/home/agilex/autoware.ai/install/autoware_build_flags:${CMAKE_PREFIX_PATH} PKG_CONFIG_PATH=/home/agilex/autoware.ai/install/autoware_build_flags/lib/x86_64-linux-gnu/pkgconfig:/home/agilex/autoware.ai/install/autoware_build_flags/lib/pkgconfig:${PKG_CONFIG_PATH} ROS_PACKAGE_PATH=/home/agilex/autoware.ai/install/autoware_build_flags/share:${ROS_PACKAGE_PATH} /usr/bin/cmake --build /home/agilex/autoware.ai/build/map_tf_generator -- -j8 -l8
[2.591s] [35m[1mScanning dependencies of target map_tf_generator[0m
[2.640s] [ 50%] [32mBuilding CXX object CMakeFiles/map_tf_generator.dir/nodes/map_tf_generator.cpp.o[0m
[6.365s] In file included from [01m[K/home/agilex/autoware.ai/src/autoware/utilities/map_tf_generator/nodes/map_tf_generator.cpp:2:0[m[K:
[6.365s] [01m[K/opt/ros/melodic/include/pcl_ros/point_cloud.h:303:27:[m[K [01;35m[Kwarning: [m[Kvariable templates only available with -std=c++14 or -std=gnu++14
[6.365s]      constexpr static bool [01;35m[Kpcl_uses_boost[m[K = true;
[6.365s]                            [01;35m[K^~~~~~~~~~~~~~[m[K
[8.951s] [100%] [32m[1mLinking CXX executable devel/lib/map_tf_generator/map_tf_generator[0m
[9.326s] [100%] Built target map_tf_generator
[9.338s] Invoked command in '/home/agilex/autoware.ai/build/map_tf_generator' returned '0': CMAKE_PREFIX_PATH=/home/agilex/autoware.ai/install/autoware_build_flags:${CMAKE_PREFIX_PATH} PKG_CONFIG_PATH=/home/agilex/autoware.ai/install/autoware_build_flags/lib/x86_64-linux-gnu/pkgconfig:/home/agilex/autoware.ai/install/autoware_build_flags/lib/pkgconfig:${PKG_CONFIG_PATH} ROS_PACKAGE_PATH=/home/agilex/autoware.ai/install/autoware_build_flags/share:${ROS_PACKAGE_PATH} /usr/bin/cmake --build /home/agilex/autoware.ai/build/map_tf_generator -- -j8 -l8
[9.400s] Invoking command in '/home/agilex/autoware.ai/build/map_tf_generator': CMAKE_PREFIX_PATH=/home/agilex/autoware.ai/install/autoware_build_flags:${CMAKE_PREFIX_PATH} PKG_CONFIG_PATH=/home/agilex/autoware.ai/install/autoware_build_flags/lib/x86_64-linux-gnu/pkgconfig:/home/agilex/autoware.ai/install/autoware_build_flags/lib/pkgconfig:${PKG_CONFIG_PATH} ROS_PACKAGE_PATH=/home/agilex/autoware.ai/install/autoware_build_flags/share:${ROS_PACKAGE_PATH} /usr/bin/cmake --build /home/agilex/autoware.ai/build/map_tf_generator --target tests -- -j8 -l8
[9.450s] [35m[1mScanning dependencies of target tests[0m
[9.459s] Built target tests
[9.471s] Invoked command in '/home/agilex/autoware.ai/build/map_tf_generator' returned '0': CMAKE_PREFIX_PATH=/home/agilex/autoware.ai/install/autoware_build_flags:${CMAKE_PREFIX_PATH} PKG_CONFIG_PATH=/home/agilex/autoware.ai/install/autoware_build_flags/lib/x86_64-linux-gnu/pkgconfig:/home/agilex/autoware.ai/install/autoware_build_flags/lib/pkgconfig:${PKG_CONFIG_PATH} ROS_PACKAGE_PATH=/home/agilex/autoware.ai/install/autoware_build_flags/share:${ROS_PACKAGE_PATH} /usr/bin/cmake --build /home/agilex/autoware.ai/build/map_tf_generator --target tests -- -j8 -l8
[9.585s] Invoking command in '/home/agilex/autoware.ai/build/map_tf_generator': CMAKE_PREFIX_PATH=/home/agilex/autoware.ai/install/autoware_build_flags:${CMAKE_PREFIX_PATH} PKG_CONFIG_PATH=/home/agilex/autoware.ai/install/autoware_build_flags/lib/x86_64-linux-gnu/pkgconfig:/home/agilex/autoware.ai/install/autoware_build_flags/lib/pkgconfig:${PKG_CONFIG_PATH} ROS_PACKAGE_PATH=/home/agilex/autoware.ai/install/autoware_build_flags/share:${ROS_PACKAGE_PATH} /usr/bin/cmake --build /home/agilex/autoware.ai/build/map_tf_generator --target install -- -j8 -l8
[9.647s] [100%] Built target map_tf_generator
[9.667s] [36mInstall the project...[0m
[9.675s] -- Install configuration: "Release"
[9.675s] -- Installing: /home/agilex/autoware.ai/install/map_tf_generator/lib/pkgconfig/map_tf_generator.pc
[9.676s] -- Installing: /home/agilex/autoware.ai/install/map_tf_generator/share/map_tf_generator/cmake/map_tf_generatorConfig.cmake
[9.676s] -- Installing: /home/agilex/autoware.ai/install/map_tf_generator/share/map_tf_generator/cmake/map_tf_generatorConfig-version.cmake
[9.676s] -- Installing: /home/agilex/autoware.ai/install/map_tf_generator/share/map_tf_generator/package.xml
[9.677s] -- Installing: /home/agilex/autoware.ai/install/map_tf_generator/lib/map_tf_generator/map_tf_generator
[9.677s] -- Set runtime path of "/home/agilex/autoware.ai/install/map_tf_generator/lib/map_tf_generator/map_tf_generator" to ""
[9.678s] -- Installing: /home/agilex/autoware.ai/install/map_tf_generator/share/map_tf_generator/launch
[9.678s] -- Installing: /home/agilex/autoware.ai/install/map_tf_generator/share/map_tf_generator/launch/map_tf_generate.launch
[9.683s] Invoked command in '/home/agilex/autoware.ai/build/map_tf_generator' returned '0': CMAKE_PREFIX_PATH=/home/agilex/autoware.ai/install/autoware_build_flags:${CMAKE_PREFIX_PATH} PKG_CONFIG_PATH=/home/agilex/autoware.ai/install/autoware_build_flags/lib/x86_64-linux-gnu/pkgconfig:/home/agilex/autoware.ai/install/autoware_build_flags/lib/pkgconfig:${PKG_CONFIG_PATH} ROS_PACKAGE_PATH=/home/agilex/autoware.ai/install/autoware_build_flags/share:${ROS_PACKAGE_PATH} /usr/bin/cmake --build /home/agilex/autoware.ai/build/map_tf_generator --target install -- -j8 -l8
