Determining if the pthread_create exist failed with the following output:
Change Dir: /home/agilex/autoware.ai/build/ndt_gpu/CMakeFiles/CMakeTmp

Run Build Command:"/usr/bin/make" "cmTC_29071/fast"
/usr/bin/make -f CMakeFiles/cmTC_29071.dir/build.make CMakeFiles/cmTC_29071.dir/build
make[1]: Entering directory '/home/agilex/autoware.ai/build/ndt_gpu/CMakeFiles/CMakeTmp'
Building C object CMakeFiles/cmTC_29071.dir/CheckSymbolExists.c.o
/usr/bin/cc    -o CMakeFiles/cmTC_29071.dir/CheckSymbolExists.c.o   -c /home/agilex/autoware.ai/build/ndt_gpu/CMakeFiles/CMakeTmp/CheckSymbolExists.c
Linking C executable cmTC_29071
/usr/bin/cmake -E cmake_link_script CMakeFiles/cmTC_29071.dir/link.txt --verbose=1
/usr/bin/cc      -rdynamic CMakeFiles/cmTC_29071.dir/CheckSymbolExists.c.o  -o cmTC_29071 
CMakeFiles/cmTC_29071.dir/CheckSymbolExists.c.o: In function `main':
CheckSymbolExists.c:(.text+0x1b): undefined reference to `pthread_create'
collect2: error: ld returned 1 exit status
CMakeFiles/cmTC_29071.dir/build.make:97: recipe for target 'cmTC_29071' failed
make[1]: *** [cmTC_29071] Error 1
make[1]: Leaving directory '/home/agilex/autoware.ai/build/ndt_gpu/CMakeFiles/CMakeTmp'
Makefile:126: recipe for target 'cmTC_29071/fast' failed
make: *** [cmTC_29071/fast] Error 2

File /home/agilex/autoware.ai/build/ndt_gpu/CMakeFiles/CMakeTmp/CheckSymbolExists.c:
/* */
#include <pthread.h>

int main(int argc, char** argv)
{
  (void)argv;
#ifndef pthread_create
  return ((int*)(&pthread_create))[argc];
#else
  (void)argc;
  return 0;
#endif
}

Determining if the function pthread_create exists in the pthreads failed with the following output:
Change Dir: /home/agilex/autoware.ai/build/ndt_gpu/CMakeFiles/CMakeTmp

Run Build Command:"/usr/bin/make" "cmTC_0265a/fast"
/usr/bin/make -f CMakeFiles/cmTC_0265a.dir/build.make CMakeFiles/cmTC_0265a.dir/build
make[1]: Entering directory '/home/agilex/autoware.ai/build/ndt_gpu/CMakeFiles/CMakeTmp'
Building C object CMakeFiles/cmTC_0265a.dir/CheckFunctionExists.c.o
/usr/bin/cc   -DCHECK_FUNCTION_EXISTS=pthread_create   -o CMakeFiles/cmTC_0265a.dir/CheckFunctionExists.c.o   -c /usr/share/cmake-3.10/Modules/CheckFunctionExists.c
Linking C executable cmTC_0265a
/usr/bin/cmake -E cmake_link_script CMakeFiles/cmTC_0265a.dir/link.txt --verbose=1
/usr/bin/cc  -DCHECK_FUNCTION_EXISTS=pthread_create    -rdynamic CMakeFiles/cmTC_0265a.dir/CheckFunctionExists.c.o  -o cmTC_0265a -lpthreads 
/usr/bin/ld: cannot find -lpthreads
collect2: error: ld returned 1 exit status
CMakeFiles/cmTC_0265a.dir/build.make:97: recipe for target 'cmTC_0265a' failed
make[1]: *** [cmTC_0265a] Error 1
make[1]: Leaving directory '/home/agilex/autoware.ai/build/ndt_gpu/CMakeFiles/CMakeTmp'
Makefile:126: recipe for target 'cmTC_0265a/fast' failed
make: *** [cmTC_0265a/fast] Error 2


