[0.024s] Invoking command in '/home/agilex/autoware.ai/build/autoware_config_msgs': /usr/bin/cmake /home/agilex/autoware.ai/src/autoware/messages/autoware_config_msgs -DCMAKE_BUILD_TYPE=Release -DCATKIN_INSTALL_INTO_PREFIX_ROOT=0 -DCMAKE_INSTALL_PREFIX=/home/agilex/autoware.ai/install/autoware_config_msgs
[0.091s] -- The C compiler identification is GNU 7.5.0
[0.169s] -- The CXX compiler identification is GNU 7.5.0
[0.172s] -- Check for working C compiler: /usr/bin/cc
[0.264s] -- Check for working C compiler: /usr/bin/cc -- works
[0.265s] -- Detecting C compiler ABI info
[0.353s] -- Detecting C compiler ABI info - done
[0.360s] -- Detecting C compile features
[0.548s] -- Detecting C compile features - done
[0.551s] -- Check for working CXX compiler: /usr/bin/c++
[0.629s] -- Check for working CXX compiler: /usr/bin/c++ -- works
[0.630s] -- Detecting CXX compiler ABI info
[0.701s] -- Detecting CXX compiler ABI info - done
[0.707s] -- Detecting CXX compile features
[1.036s] -- Detecting CXX compile features - done
[1.037s] -- Using CATKIN_DEVEL_PREFIX: /home/agilex/autoware.ai/build/autoware_config_msgs/devel
[1.037s] -- Using CMAKE_PREFIX_PATH: /opt/ros/melodic
[1.037s] -- This workspace overlays: /opt/ros/melodic
[1.048s] -- Found PythonInterp: /usr/bin/python2 (found suitable version "2.7.17", minimum required is "2") 
[1.048s] -- Using PYTHON_EXECUTABLE: /usr/bin/python2
[1.049s] -- Using Debian Python package layout
[1.049s] -- Using empy: /usr/bin/empy
[1.182s] -- Using CATKIN_ENABLE_TESTING: ON
[1.183s] -- Call enable_testing()
[1.187s] -- Using CATKIN_TEST_RESULTS_DIR: /home/agilex/autoware.ai/build/autoware_config_msgs/test_results
[1.201s] -- Found gtest sources under '/usr/src/googletest': gtests will be built
[1.201s] -- Found gmock sources under '/usr/src/googletest': gmock will be built
[1.211s] -- Found PythonInterp: /usr/bin/python2 (found version "2.7.17") 
[1.212s] -- Looking for pthread.h
[1.273s] -- Looking for pthread.h - found
[1.273s] -- Looking for pthread_create
[1.331s] -- Looking for pthread_create - not found
[1.331s] -- Looking for pthread_create in pthreads
[1.389s] -- Looking for pthread_create in pthreads - not found
[1.389s] -- Looking for pthread_create in pthread
[1.451s] -- Looking for pthread_create in pthread - found
[1.452s] -- Found Threads: TRUE  
[1.455s] -- Using Python nosetests: /usr/bin/nosetests-2.7
[1.498s] -- catkin 0.7.29
[1.498s] -- BUILD_SHARED_LIBS is on
[1.610s] -- Using these message generators: gencpp;geneus;genlisp;gennodejs;genpy
[1.869s] -- autoware_config_msgs: 31 messages, 0 services
[2.054s] -- Configuring done
[2.104s] -- Generating done
[2.111s] -- Build files have been written to: /home/agilex/autoware.ai/build/autoware_config_msgs
[2.119s] Invoked command in '/home/agilex/autoware.ai/build/autoware_config_msgs' returned '0': /usr/bin/cmake /home/agilex/autoware.ai/src/autoware/messages/autoware_config_msgs -DCMAKE_BUILD_TYPE=Release -DCATKIN_INSTALL_INTO_PREFIX_ROOT=0 -DCMAKE_INSTALL_PREFIX=/home/agilex/autoware.ai/install/autoware_config_msgs
[2.119s] Invoking command in '/home/agilex/autoware.ai/build/autoware_config_msgs': /usr/bin/cmake --build /home/agilex/autoware.ai/build/autoware_config_msgs -- -j8 -l8
[2.241s] [35m[1mScanning dependencies of target _autoware_config_msgs_generate_messages_check_deps_ConfigPedestrianKF[0m
[2.250s] [35m[1mScanning dependencies of target _autoware_config_msgs_generate_messages_check_deps_ConfigNDTMappingOutput[0m
[2.262s] [35m[1mScanning dependencies of target _autoware_config_msgs_generate_messages_check_deps_ConfigCarDPM[0m
[2.267s] [35m[1mScanning dependencies of target _autoware_config_msgs_generate_messages_check_deps_ConfigLaneSelect[0m
[2.311s] [35m[1mScanning dependencies of target _autoware_config_msgs_generate_messages_check_deps_ConfigDecisionMaker[0m
[2.311s] [35m[1mScanning dependencies of target _autoware_config_msgs_generate_messages_check_deps_ConfigRingGroundFilter[0m
[2.319s] [35m[1mScanning dependencies of target _autoware_config_msgs_generate_messages_check_deps_ConfigNDT[0m
[2.322s] [35m[1mScanning dependencies of target std_msgs_generate_messages_py[0m
[2.388s] [  0%] Built target std_msgs_generate_messages_py
[2.451s] [  0%] Built target _autoware_config_msgs_generate_messages_check_deps_ConfigCarDPM
[2.506s] [  0%] Built target _autoware_config_msgs_generate_messages_check_deps_ConfigRingGroundFilter
[2.506s] [  0%] Built target _autoware_config_msgs_generate_messages_check_deps_ConfigDecisionMaker
[2.506s] [35m[1mScanning dependencies of target _autoware_config_msgs_generate_messages_check_deps_ConfigWaypointFollower[0m
[2.507s] [  0%] Built target _autoware_config_msgs_generate_messages_check_deps_ConfigNDTMappingOutput
[2.520s] [35m[1mScanning dependencies of target _autoware_config_msgs_generate_messages_check_deps_ConfigRayGroundFilter[0m
[2.550s] [  0%] Built target _autoware_config_msgs_generate_messages_check_deps_ConfigPedestrianKF
[2.559s] [  0%] Built target _autoware_config_msgs_generate_messages_check_deps_ConfigLaneSelect
[2.570s] [35m[1mScanning dependencies of target _autoware_config_msgs_generate_messages_check_deps_ConfigWaypointReplanner[0m
[2.595s] [35m[1mScanning dependencies of target _autoware_config_msgs_generate_messages_check_deps_ConfigLatticeVelocitySet[0m
[2.603s] [35m[1mScanning dependencies of target _autoware_config_msgs_generate_messages_check_deps_ConfigLaneStop[0m
[2.664s] [35m[1mScanning dependencies of target _autoware_config_msgs_generate_messages_check_deps_ConfigTwistFilter[0m
[2.671s] [  0%] Built target _autoware_config_msgs_generate_messages_check_deps_ConfigRayGroundFilter
[2.732s] [  0%] Built target _autoware_config_msgs_generate_messages_check_deps_ConfigNDT
[2.770s] [35m[1mScanning dependencies of target _autoware_config_msgs_generate_messages_check_deps_ConfigApproximateNDTMapping[0m
[2.776s] [  0%] Built target _autoware_config_msgs_generate_messages_check_deps_ConfigWaypointFollower
[2.848s] [35m[1mScanning dependencies of target _autoware_config_msgs_generate_messages_check_deps_ConfigDistanceFilter[0m
[2.862s] [  0%] Built target _autoware_config_msgs_generate_messages_check_deps_ConfigLatticeVelocitySet
[2.864s] [35m[1mScanning dependencies of target _autoware_config_msgs_generate_messages_check_deps_ConfigVoxelGridFilter[0m
[2.866s] [  0%] Built target _autoware_config_msgs_generate_messages_check_deps_ConfigWaypointReplanner
[2.880s] [35m[1mScanning dependencies of target _autoware_config_msgs_generate_messages_check_deps_ConfigCarKF[0m
[2.908s] [  0%] Built target _autoware_config_msgs_generate_messages_check_deps_ConfigTwistFilter
[2.972s] [35m[1mScanning dependencies of target _autoware_config_msgs_generate_messages_check_deps_ConfigCarFusion[0m
[2.972s] [35m[1mScanning dependencies of target _autoware_config_msgs_generate_messages_check_deps_ConfigPedestrianDPM[0m
[2.973s] [  0%] Built target _autoware_config_msgs_generate_messages_check_deps_ConfigLaneStop
[2.994s] [35m[1mScanning dependencies of target _autoware_config_msgs_generate_messages_check_deps_ConfigICP[0m
[3.044s] [  0%] Built target _autoware_config_msgs_generate_messages_check_deps_ConfigApproximateNDTMapping
[3.100s] [  0%] Built target _autoware_config_msgs_generate_messages_check_deps_ConfigDistanceFilter
[3.111s] [  0%] Built target _autoware_config_msgs_generate_messages_check_deps_ConfigVoxelGridFilter
[3.122s] [35m[1mScanning dependencies of target _autoware_config_msgs_generate_messages_check_deps_ConfigPedestrianFusion[0m
[3.135s] [  0%] Built target _autoware_config_msgs_generate_messages_check_deps_ConfigCarKF
[3.162s] [35m[1mScanning dependencies of target _autoware_config_msgs_generate_messages_check_deps_ConfigRandomFilter[0m
[3.164s] [35m[1mScanning dependencies of target _autoware_config_msgs_generate_messages_check_deps_ConfigPoints2Polygon[0m
[3.165s] [35m[1mScanning dependencies of target _autoware_config_msgs_generate_messages_check_deps_ConfigPlannerSelector[0m
[3.223s] [35m[1mScanning dependencies of target _autoware_config_msgs_generate_messages_check_deps_ConfigVelocitySet[0m
[3.268s] [  0%] Built target _autoware_config_msgs_generate_messages_check_deps_ConfigICP
[3.290s] [  0%] Built target _autoware_config_msgs_generate_messages_check_deps_ConfigPedestrianDPM
[3.299s] [  0%] Built target _autoware_config_msgs_generate_messages_check_deps_ConfigPlannerSelector
[3.299s] [  0%] Built target _autoware_config_msgs_generate_messages_check_deps_ConfigPedestrianFusion
[3.310s] [  0%] Built target _autoware_config_msgs_generate_messages_check_deps_ConfigCarFusion
[3.348s] [35m[1mScanning dependencies of target _autoware_config_msgs_generate_messages_check_deps_ConfigRcnn[0m
[3.368s] [35m[1mScanning dependencies of target _autoware_config_msgs_generate_messages_check_deps_ConfigLaneRule[0m
[3.371s] [35m[1mScanning dependencies of target _autoware_config_msgs_generate_messages_check_deps_ConfigNDTMapping[0m
[3.379s] [35m[1mScanning dependencies of target _autoware_config_msgs_generate_messages_check_deps_ConfigCompareMapFilter[0m
[3.388s] [  0%] Built target _autoware_config_msgs_generate_messages_check_deps_ConfigRandomFilter
[3.390s] [  0%] Built target _autoware_config_msgs_generate_messages_check_deps_ConfigPoints2Polygon
[3.411s] [35m[1mScanning dependencies of target _autoware_config_msgs_generate_messages_check_deps_ConfigSSD[0m
[3.459s] [35m[1mScanning dependencies of target _autoware_config_msgs_generate_messages_check_deps_ConfigRingFilter[0m
[3.471s] [35m[1mScanning dependencies of target std_msgs_generate_messages_lisp[0m
[3.471s] [  0%] Built target _autoware_config_msgs_generate_messages_check_deps_ConfigLaneRule
[3.484s] [  0%] Built target _autoware_config_msgs_generate_messages_check_deps_ConfigVelocitySet
[3.510s] [  0%] Built target _autoware_config_msgs_generate_messages_check_deps_ConfigRcnn
[3.542s] [  0%] Built target _autoware_config_msgs_generate_messages_check_deps_ConfigNDTMapping
[3.551s] [  0%] Built target std_msgs_generate_messages_lisp
[3.569s] [35m[1mScanning dependencies of target std_msgs_generate_messages_nodejs[0m
[3.576s] [35m[1mScanning dependencies of target std_msgs_generate_messages_cpp[0m
[3.579s] [35m[1mScanning dependencies of target std_msgs_generate_messages_eus[0m
[3.586s] [  0%] Built target std_msgs_generate_messages_nodejs
[3.595s] [  0%] Built target _autoware_config_msgs_generate_messages_check_deps_ConfigSSD
[3.609s] [  0%] Built target std_msgs_generate_messages_cpp
[3.615s] [  0%] Built target _autoware_config_msgs_generate_messages_check_deps_ConfigRingFilter
[3.619s] [  0%] Built target _autoware_config_msgs_generate_messages_check_deps_ConfigCompareMapFilter
[3.660s] [35m[1mScanning dependencies of target autoware_config_msgs_generate_messages_nodejs[0m
[3.674s] [35m[1mScanning dependencies of target autoware_config_msgs_generate_messages_cpp[0m
[3.688s] [35m[1mScanning dependencies of target autoware_config_msgs_generate_messages_py[0m
[3.691s] [  0%] Built target std_msgs_generate_messages_eus
[3.695s] [  0%] [34m[1mGenerating Javascript code from autoware_config_msgs/ConfigLaneSelect.msg[0m
[3.697s] [  1%] [34m[1mGenerating Javascript code from autoware_config_msgs/ConfigWaypointFollower.msg[0m
[3.701s] [  2%] [34m[1mGenerating Javascript code from autoware_config_msgs/ConfigWaypointReplanner.msg[0m
[3.704s] [  3%] [34m[1mGenerating Javascript code from autoware_config_msgs/ConfigLaneStop.msg[0m
[3.705s] [  3%] [34m[1mGenerating C++ code from autoware_config_msgs/ConfigWaypointReplanner.msg[0m
[3.736s] [35m[1mScanning dependencies of target autoware_config_msgs_generate_messages_lisp[0m
[3.747s] [  4%] [34m[1mGenerating C++ code from autoware_config_msgs/ConfigLaneStop.msg[0m
[3.780s] [  5%] [34m[1mGenerating Lisp code from autoware_config_msgs/ConfigWaypointReplanner.msg[0m
[3.800s] [  5%] [34m[1mGenerating Lisp code from autoware_config_msgs/ConfigLaneStop.msg[0m
[3.814s] [  6%] [34m[1mGenerating Python from MSG autoware_config_msgs/ConfigWaypointReplanner[0m
[3.815s] [  6%] [34m[1mGenerating Python from MSG autoware_config_msgs/ConfigLaneStop[0m
[3.891s] [  7%] [34m[1mGenerating Lisp code from autoware_config_msgs/ConfigLaneSelect.msg[0m
[3.920s] [  7%] [34m[1mGenerating Javascript code from autoware_config_msgs/ConfigRingGroundFilter.msg[0m
[3.955s] [35m[1mScanning dependencies of target autoware_config_msgs_generate_messages_eus[0m
[4.017s] [  8%] [34m[1mGenerating Javascript code from autoware_config_msgs/ConfigPedestrianDPM.msg[0m
[4.093s] [  8%] [34m[1mGenerating Lisp code from autoware_config_msgs/ConfigWaypointFollower.msg[0m
[4.098s] [  8%] [34m[1mGenerating C++ code from autoware_config_msgs/ConfigLaneSelect.msg[0m
[4.111s] [  9%] [34m[1mGenerating EusLisp code from autoware_config_msgs/ConfigWaypointReplanner.msg[0m
[4.140s] [ 10%] [34m[1mGenerating C++ code from autoware_config_msgs/ConfigWaypointFollower.msg[0m
[4.141s] [ 11%] [34m[1mGenerating Javascript code from autoware_config_msgs/ConfigICP.msg[0m
[4.145s] [ 11%] [34m[1mGenerating C++ code from autoware_config_msgs/ConfigRingGroundFilter.msg[0m
[4.209s] [ 12%] [34m[1mGenerating Python from MSG autoware_config_msgs/ConfigLaneSelect[0m
[4.215s] [ 13%] [34m[1mGenerating Javascript code from autoware_config_msgs/ConfigPedestrianFusion.msg[0m
[4.221s] [ 13%] [34m[1mGenerating Javascript code from autoware_config_msgs/ConfigRayGroundFilter.msg[0m
[4.234s] [ 15%] [34m[1mGenerating Lisp code from autoware_config_msgs/ConfigRingGroundFilter.msg[0m
[4.317s] [ 15%] [34m[1mGenerating EusLisp code from autoware_config_msgs/ConfigLaneStop.msg[0m
[4.326s] [ 15%] [34m[1mGenerating Python from MSG autoware_config_msgs/ConfigWaypointFollower[0m
[4.353s] [ 16%] [34m[1mGenerating Python from MSG autoware_config_msgs/ConfigRingGroundFilter[0m
[4.381s] [ 17%] [34m[1mGenerating Lisp code from autoware_config_msgs/ConfigPedestrianDPM.msg[0m
[4.466s] [ 18%] [34m[1mGenerating C++ code from autoware_config_msgs/ConfigPedestrianDPM.msg[0m
[4.473s] [ 18%] [34m[1mGenerating Javascript code from autoware_config_msgs/ConfigRcnn.msg[0m
[4.481s] [ 18%] [34m[1mGenerating Python from MSG autoware_config_msgs/ConfigPedestrianDPM[0m
[4.482s] [ 18%] [34m[1mGenerating Lisp code from autoware_config_msgs/ConfigICP.msg[0m
[4.548s] [ 19%] [34m[1mGenerating C++ code from autoware_config_msgs/ConfigICP.msg[0m
[4.572s] [ 20%] [34m[1mGenerating EusLisp code from autoware_config_msgs/ConfigLaneSelect.msg[0m
[4.582s] [ 21%] [34m[1mGenerating Javascript code from autoware_config_msgs/ConfigPlannerSelector.msg[0m
[4.584s] [ 22%] [34m[1mGenerating Python from MSG autoware_config_msgs/ConfigICP[0m
[4.606s] [ 22%] [34m[1mGenerating C++ code from autoware_config_msgs/ConfigRayGroundFilter.msg[0m
[4.655s] [ 22%] [34m[1mGenerating Lisp code from autoware_config_msgs/ConfigPedestrianFusion.msg[0m
[4.662s] [ 22%] [34m[1mGenerating EusLisp code from autoware_config_msgs/ConfigWaypointFollower.msg[0m
[4.684s] [ 23%] [34m[1mGenerating Javascript code from autoware_config_msgs/ConfigPoints2Polygon.msg[0m
[4.688s] [ 24%] [34m[1mGenerating Lisp code from autoware_config_msgs/ConfigRayGroundFilter.msg[0m
[4.705s] [ 25%] [34m[1mGenerating C++ code from autoware_config_msgs/ConfigPedestrianFusion.msg[0m
[4.743s] [ 26%] [34m[1mGenerating EusLisp code from autoware_config_msgs/ConfigRingGroundFilter.msg[0m
[4.755s] [ 26%] [34m[1mGenerating C++ code from autoware_config_msgs/ConfigRcnn.msg[0m
[4.780s] [ 27%] [34m[1mGenerating Lisp code from autoware_config_msgs/ConfigRcnn.msg[0m
[4.837s] [ 29%] [34m[1mGenerating Python from MSG autoware_config_msgs/ConfigRayGroundFilter[0m
[4.890s] [ 29%] [34m[1mGenerating Javascript code from autoware_config_msgs/ConfigLaneRule.msg[0m
[4.901s] [ 30%] [34m[1mGenerating EusLisp code from autoware_config_msgs/ConfigPedestrianDPM.msg[0m
[4.915s] [ 30%] [34m[1mGenerating EusLisp code from autoware_config_msgs/ConfigICP.msg[0m
[4.941s] [ 31%] [34m[1mGenerating Lisp code from autoware_config_msgs/ConfigPlannerSelector.msg[0m
[4.960s] [ 31%] [34m[1mGenerating Python from MSG autoware_config_msgs/ConfigPedestrianFusion[0m
[4.998s] [ 32%] [34m[1mGenerating C++ code from autoware_config_msgs/ConfigPlannerSelector.msg[0m
[5.015s] [ 32%] [34m[1mGenerating Lisp code from autoware_config_msgs/ConfigPoints2Polygon.msg[0m
[5.044s] [ 33%] [34m[1mGenerating Python from MSG autoware_config_msgs/ConfigRcnn[0m
[5.051s] [ 33%] [34m[1mGenerating Lisp code from autoware_config_msgs/ConfigLatticeVelocitySet.msg[0m
[5.063s] [ 34%] [34m[1mGenerating Javascript code from autoware_config_msgs/ConfigLatticeVelocitySet.msg[0m
[5.075s] [ 35%] [34m[1mGenerating Lisp code from autoware_config_msgs/ConfigLaneRule.msg[0m
[5.151s] [ 36%] [34m[1mGenerating EusLisp code from autoware_config_msgs/ConfigRayGroundFilter.msg[0m
[5.164s] [ 36%] [34m[1mGenerating EusLisp code from autoware_config_msgs/ConfigPedestrianFusion.msg[0m
[5.210s] [ 37%] [34m[1mGenerating Lisp code from autoware_config_msgs/ConfigCarDPM.msg[0m
[5.214s] [ 37%] [34m[1mGenerating Javascript code from autoware_config_msgs/ConfigCarDPM.msg[0m
[5.227s] [ 38%] [34m[1mGenerating EusLisp code from autoware_config_msgs/ConfigRcnn.msg[0m
[5.260s] [ 39%] [34m[1mGenerating C++ code from autoware_config_msgs/ConfigPoints2Polygon.msg[0m
[5.305s] [ 40%] [34m[1mGenerating EusLisp code from autoware_config_msgs/ConfigPlannerSelector.msg[0m
[5.321s] [ 41%] [34m[1mGenerating Javascript code from autoware_config_msgs/ConfigNDTMapping.msg[0m
[5.328s] [ 41%] [34m[1mGenerating EusLisp code from autoware_config_msgs/ConfigPoints2Polygon.msg[0m
[5.328s] [ 43%] [34m[1mGenerating EusLisp code from autoware_config_msgs/ConfigLaneRule.msg[0m
[5.333s] [ 44%] [34m[1mGenerating Python from MSG autoware_config_msgs/ConfigPoints2Polygon[0m
[5.367s] [ 44%] [34m[1mGenerating Python from MSG autoware_config_msgs/ConfigPlannerSelector[0m
[5.423s] [ 45%] [34m[1mGenerating Lisp code from autoware_config_msgs/ConfigNDTMapping.msg[0m
[5.447s] [ 46%] [34m[1mGenerating Javascript code from autoware_config_msgs/ConfigSSD.msg[0m
[5.449s] [ 46%] [34m[1mGenerating Lisp code from autoware_config_msgs/ConfigSSD.msg[0m
[5.530s] [ 47%] [34m[1mGenerating Lisp code from autoware_config_msgs/ConfigRingFilter.msg[0m
[5.543s] [ 47%] [34m[1mGenerating C++ code from autoware_config_msgs/ConfigLaneRule.msg[0m
[5.622s] [ 48%] [34m[1mGenerating C++ code from autoware_config_msgs/ConfigLatticeVelocitySet.msg[0m
[5.643s] [ 48%] [34m[1mGenerating EusLisp code from autoware_config_msgs/ConfigLatticeVelocitySet.msg[0m
[5.648s] [ 48%] [34m[1mGenerating Javascript code from autoware_config_msgs/ConfigRingFilter.msg[0m
[5.661s] [ 48%] [34m[1mGenerating Lisp code from autoware_config_msgs/ConfigDistanceFilter.msg[0m
[5.672s] [ 49%] [34m[1mGenerating Lisp code from autoware_config_msgs/ConfigVelocitySet.msg[0m
[5.700s] [ 50%] [34m[1mGenerating Python from MSG autoware_config_msgs/ConfigLaneRule[0m
[5.732s] [ 50%] [34m[1mGenerating Python from MSG autoware_config_msgs/ConfigLatticeVelocitySet[0m
[5.807s] [ 51%] [34m[1mGenerating Lisp code from autoware_config_msgs/ConfigVoxelGridFilter.msg[0m
[5.853s] [ 51%] [34m[1mGenerating EusLisp code from autoware_config_msgs/ConfigNDTMapping.msg[0m
[5.867s] [ 52%] [34m[1mGenerating EusLisp code from autoware_config_msgs/ConfigCarDPM.msg[0m
[5.885s] [ 53%] [34m[1mGenerating Javascript code from autoware_config_msgs/ConfigDistanceFilter.msg[0m
[5.920s] [ 54%] [34m[1mGenerating Python from MSG autoware_config_msgs/ConfigCarDPM[0m
[5.943s] [ 54%] [34m[1mGenerating Lisp code from autoware_config_msgs/ConfigPedestrianKF.msg[0m
[6.020s] [ 54%] [34m[1mGenerating Python from MSG autoware_config_msgs/ConfigNDTMapping[0m
[6.027s] [ 55%] [34m[1mGenerating Javascript code from autoware_config_msgs/ConfigVoxelGridFilter.msg[0m
[6.067s] [ 56%] [34m[1mGenerating Javascript code from autoware_config_msgs/ConfigPedestrianKF.msg[0m
[6.068s] [ 56%] [34m[1mGenerating Javascript code from autoware_config_msgs/ConfigVelocitySet.msg[0m
[6.071s] [ 58%] [34m[1mGenerating EusLisp code from autoware_config_msgs/ConfigSSD.msg[0m
[6.104s] [ 58%] [34m[1mGenerating C++ code from autoware_config_msgs/ConfigCarDPM.msg[0m
[6.115s] [ 59%] [34m[1mGenerating Lisp code from autoware_config_msgs/ConfigDecisionMaker.msg[0m
[6.196s] [ 59%] [34m[1mGenerating Javascript code from autoware_config_msgs/ConfigDecisionMaker.msg[0m
[6.208s] [ 59%] [34m[1mGenerating Lisp code from autoware_config_msgs/ConfigCarKF.msg[0m
[6.243s] [ 60%] [34m[1mGenerating Javascript code from autoware_config_msgs/ConfigCarKF.msg[0m
[6.249s] [ 61%] [34m[1mGenerating Python from MSG autoware_config_msgs/ConfigSSD[0m
[6.277s] [ 62%] [34m[1mGenerating Lisp code from autoware_config_msgs/ConfigNDT.msg[0m
[6.311s] [ 62%] [34m[1mGenerating Lisp code from autoware_config_msgs/ConfigApproximateNDTMapping.msg[0m
[6.352s] [ 62%] [34m[1mGenerating Javascript code from autoware_config_msgs/ConfigNDT.msg[0m
[6.352s] [ 63%] [34m[1mGenerating EusLisp code from autoware_config_msgs/ConfigRingFilter.msg[0m
[6.463s] [ 64%] [34m[1mGenerating Lisp code from autoware_config_msgs/ConfigCompareMapFilter.msg[0m
[6.464s] [ 64%] [34m[1mGenerating EusLisp code from autoware_config_msgs/ConfigDistanceFilter.msg[0m
[6.479s] [ 65%] [34m[1mGenerating Lisp code from autoware_config_msgs/ConfigNDTMappingOutput.msg[0m
[6.482s] [ 66%] [34m[1mGenerating C++ code from autoware_config_msgs/ConfigNDTMapping.msg[0m
[6.499s] [ 66%] [34m[1mGenerating Lisp code from autoware_config_msgs/ConfigCarFusion.msg[0m
[6.555s] [ 67%] [34m[1mGenerating Javascript code from autoware_config_msgs/ConfigApproximateNDTMapping.msg[0m
[6.576s] [ 68%] [34m[1mGenerating EusLisp code from autoware_config_msgs/ConfigVelocitySet.msg[0m
[6.643s] [ 68%] [34m[1mGenerating Lisp code from autoware_config_msgs/ConfigTwistFilter.msg[0m
[6.646s] [ 69%] [34m[1mGenerating Lisp code from autoware_config_msgs/ConfigRandomFilter.msg[0m
[6.662s] [ 70%] [34m[1mGenerating Python from MSG autoware_config_msgs/ConfigRingFilter[0m
[6.670s] [ 70%] [34m[1mGenerating Python from MSG autoware_config_msgs/ConfigDistanceFilter[0m
[6.676s] [ 70%] [34m[1mGenerating EusLisp code from autoware_config_msgs/ConfigVoxelGridFilter.msg[0m
[6.712s] [ 72%] [34m[1mGenerating Javascript code from autoware_config_msgs/ConfigNDTMappingOutput.msg[0m
[6.819s] [ 73%] [34m[1mGenerating EusLisp code from autoware_config_msgs/ConfigPedestrianKF.msg[0m
[6.822s] [ 74%] [34m[1mGenerating Python from MSG autoware_config_msgs/ConfigVelocitySet[0m
[6.837s] [ 74%] Built target autoware_config_msgs_generate_messages_lisp
[6.840s] [ 75%] [34m[1mGenerating C++ code from autoware_config_msgs/ConfigSSD.msg[0m
[6.876s] [ 75%] [34m[1mGenerating Javascript code from autoware_config_msgs/ConfigCompareMapFilter.msg[0m
[6.883s] [ 75%] [34m[1mGenerating Python from MSG autoware_config_msgs/ConfigVoxelGridFilter[0m
[6.930s] [ 76%] [34m[1mGenerating EusLisp code from autoware_config_msgs/ConfigDecisionMaker.msg[0m
[6.938s] [ 77%] [34m[1mGenerating Python from MSG autoware_config_msgs/ConfigPedestrianKF[0m
[6.979s] [ 78%] [34m[1mGenerating Javascript code from autoware_config_msgs/ConfigCarFusion.msg[0m
[6.982s] [ 79%] [34m[1mGenerating Python from MSG autoware_config_msgs/ConfigDecisionMaker[0m
[7.024s] [ 79%] [34m[1mGenerating Python from MSG autoware_config_msgs/ConfigCarKF[0m
[7.080s] [ 80%] [34m[1mGenerating Python from MSG autoware_config_msgs/ConfigNDT[0m
[7.200s] [ 80%] [34m[1mGenerating EusLisp code from autoware_config_msgs/ConfigCarKF.msg[0m
[7.201s] [ 80%] [34m[1mGenerating Javascript code from autoware_config_msgs/ConfigRandomFilter.msg[0m
[7.247s] [ 81%] [34m[1mGenerating Javascript code from autoware_config_msgs/ConfigTwistFilter.msg[0m
[7.334s] [ 81%] [34m[1mGenerating Python from MSG autoware_config_msgs/ConfigApproximateNDTMapping[0m
[7.343s] [ 81%] [34m[1mGenerating C++ code from autoware_config_msgs/ConfigRingFilter.msg[0m
[7.353s] [ 82%] [34m[1mGenerating Python from MSG autoware_config_msgs/ConfigNDTMappingOutput[0m
[7.382s] [ 83%] [34m[1mGenerating EusLisp code from autoware_config_msgs/ConfigNDT.msg[0m
[7.384s] [ 84%] [34m[1mGenerating Python from MSG autoware_config_msgs/ConfigCompareMapFilter[0m
[7.483s] [ 84%] Built target autoware_config_msgs_generate_messages_nodejs
[7.493s] [ 86%] [34m[1mGenerating C++ code from autoware_config_msgs/ConfigDistanceFilter.msg[0m
[7.512s] [ 86%] [34m[1mGenerating Python from MSG autoware_config_msgs/ConfigCarFusion[0m
[7.517s] [ 86%] [34m[1mGenerating EusLisp code from autoware_config_msgs/ConfigApproximateNDTMapping.msg[0m
[7.624s] [ 87%] [34m[1mGenerating Python from MSG autoware_config_msgs/ConfigRandomFilter[0m
[7.655s] [ 87%] [34m[1mGenerating C++ code from autoware_config_msgs/ConfigVelocitySet.msg[0m
[7.665s] [ 88%] [34m[1mGenerating EusLisp code from autoware_config_msgs/ConfigNDTMappingOutput.msg[0m
[7.808s] [ 88%] [34m[1mGenerating Python from MSG autoware_config_msgs/ConfigTwistFilter[0m
[7.820s] [ 89%] [34m[1mGenerating EusLisp code from autoware_config_msgs/ConfigCompareMapFilter.msg[0m
[7.899s] [ 89%] [34m[1mGenerating EusLisp code from autoware_config_msgs/ConfigCarFusion.msg[0m
[7.912s] [ 90%] [34m[1mGenerating EusLisp code from autoware_config_msgs/ConfigRandomFilter.msg[0m
[7.915s] [ 91%] [34m[1mGenerating C++ code from autoware_config_msgs/ConfigVoxelGridFilter.msg[0m
[7.935s] [ 92%] [34m[1mGenerating C++ code from autoware_config_msgs/ConfigPedestrianKF.msg[0m
[7.959s] [ 92%] [34m[1mGenerating EusLisp code from autoware_config_msgs/ConfigTwistFilter.msg[0m
[8.060s] [ 92%] [34m[1mGenerating C++ code from autoware_config_msgs/ConfigDecisionMaker.msg[0m
[8.096s] [ 93%] [34m[1mGenerating EusLisp manifest code for autoware_config_msgs[0m
[8.099s] [ 94%] [34m[1mGenerating C++ code from autoware_config_msgs/ConfigCarKF.msg[0m
[8.127s] [ 94%] [34m[1mGenerating C++ code from autoware_config_msgs/ConfigNDT.msg[0m
[8.198s] [ 95%] [34m[1mGenerating C++ code from autoware_config_msgs/ConfigApproximateNDTMapping.msg[0m
[8.224s] [ 96%] [34m[1mGenerating Python msg __init__.py for autoware_config_msgs[0m
[8.341s] [ 97%] [34m[1mGenerating C++ code from autoware_config_msgs/ConfigCarFusion.msg[0m
[8.343s] [ 97%] [34m[1mGenerating C++ code from autoware_config_msgs/ConfigCompareMapFilter.msg[0m
[8.345s] [ 98%] [34m[1mGenerating C++ code from autoware_config_msgs/ConfigNDTMappingOutput.msg[0m
[8.429s] [ 98%] [34m[1mGenerating C++ code from autoware_config_msgs/ConfigRandomFilter.msg[0m
[8.480s] [100%] [34m[1mGenerating C++ code from autoware_config_msgs/ConfigTwistFilter.msg[0m
[8.626s] [100%] Built target autoware_config_msgs_generate_messages_py
[8.773s] [100%] Built target autoware_config_msgs_generate_messages_cpp
[9.068s] [100%] Built target autoware_config_msgs_generate_messages_eus
[9.105s] [35m[1mScanning dependencies of target autoware_config_msgs_generate_messages[0m
[9.135s] [100%] Built target autoware_config_msgs_generate_messages
[9.149s] Invoked command in '/home/agilex/autoware.ai/build/autoware_config_msgs' returned '0': /usr/bin/cmake --build /home/agilex/autoware.ai/build/autoware_config_msgs -- -j8 -l8
[10.026s] Invoking command in '/home/agilex/autoware.ai/build/autoware_config_msgs': /usr/bin/cmake --build /home/agilex/autoware.ai/build/autoware_config_msgs --target tests -- -j8 -l8
[10.340s] [35m[1mScanning dependencies of target tests[0m
[10.441s] Built target tests
[10.465s] Invoked command in '/home/agilex/autoware.ai/build/autoware_config_msgs' returned '0': /usr/bin/cmake --build /home/agilex/autoware.ai/build/autoware_config_msgs --target tests -- -j8 -l8
[11.761s] Invoking command in '/home/agilex/autoware.ai/build/autoware_config_msgs': /usr/bin/cmake --build /home/agilex/autoware.ai/build/autoware_config_msgs --target install -- -j8 -l8
[12.041s] [  0%] Built target std_msgs_generate_messages_py
[12.116s] [  0%] Built target _autoware_config_msgs_generate_messages_check_deps_ConfigCarDPM
[12.129s] [  0%] Built target _autoware_config_msgs_generate_messages_check_deps_ConfigPedestrianKF
[12.131s] [  0%] Built target _autoware_config_msgs_generate_messages_check_deps_ConfigLaneSelect
[12.139s] [  0%] Built target _autoware_config_msgs_generate_messages_check_deps_ConfigNDTMappingOutput
[12.157s] [  0%] Built target _autoware_config_msgs_generate_messages_check_deps_ConfigRingGroundFilter
[12.186s] [  0%] Built target _autoware_config_msgs_generate_messages_check_deps_ConfigDecisionMaker
[12.254s] [  0%] Built target _autoware_config_msgs_generate_messages_check_deps_ConfigNDT
[12.316s] [  0%] Built target _autoware_config_msgs_generate_messages_check_deps_ConfigLaneStop
[12.364s] [  0%] Built target _autoware_config_msgs_generate_messages_check_deps_ConfigWaypointFollower
[12.392s] [  0%] Built target _autoware_config_msgs_generate_messages_check_deps_ConfigTwistFilter
[12.399s] [  0%] Built target _autoware_config_msgs_generate_messages_check_deps_ConfigRayGroundFilter
[12.423s] [  0%] Built target _autoware_config_msgs_generate_messages_check_deps_ConfigLatticeVelocitySet
[12.442s] [  0%] Built target _autoware_config_msgs_generate_messages_check_deps_ConfigWaypointReplanner
[12.467s] [  0%] Built target _autoware_config_msgs_generate_messages_check_deps_ConfigApproximateNDTMapping
[12.473s] [  0%] Built target _autoware_config_msgs_generate_messages_check_deps_ConfigVoxelGridFilter
[12.482s] [  0%] Built target _autoware_config_msgs_generate_messages_check_deps_ConfigDistanceFilter
[12.541s] [  0%] Built target _autoware_config_msgs_generate_messages_check_deps_ConfigPedestrianDPM
[12.561s] [  0%] Built target _autoware_config_msgs_generate_messages_check_deps_ConfigCarKF
[12.599s] [  0%] Built target _autoware_config_msgs_generate_messages_check_deps_ConfigPedestrianFusion
[12.608s] [  0%] Built target _autoware_config_msgs_generate_messages_check_deps_ConfigICP
[12.628s] [  0%] Built target _autoware_config_msgs_generate_messages_check_deps_ConfigCarFusion
[12.639s] [  0%] Built target _autoware_config_msgs_generate_messages_check_deps_ConfigPoints2Polygon
[12.683s] [  0%] Built target _autoware_config_msgs_generate_messages_check_deps_ConfigRandomFilter
[12.697s] [  0%] Built target _autoware_config_msgs_generate_messages_check_deps_ConfigPlannerSelector
[12.774s] [  0%] Built target _autoware_config_msgs_generate_messages_check_deps_ConfigCompareMapFilter
[12.792s] [  0%] Built target _autoware_config_msgs_generate_messages_check_deps_ConfigVelocitySet
[12.799s] [  0%] Built target std_msgs_generate_messages_lisp
[12.800s] [  0%] Built target std_msgs_generate_messages_nodejs
[12.808s] [  0%] Built target _autoware_config_msgs_generate_messages_check_deps_ConfigLaneRule
[12.809s] [  0%] Built target _autoware_config_msgs_generate_messages_check_deps_ConfigRcnn
[12.844s] [  0%] Built target _autoware_config_msgs_generate_messages_check_deps_ConfigRingFilter
[12.862s] [  0%] Built target _autoware_config_msgs_generate_messages_check_deps_ConfigSSD
[12.871s] [  0%] Built target _autoware_config_msgs_generate_messages_check_deps_ConfigNDTMapping
[12.912s] [  0%] Built target std_msgs_generate_messages_eus
[12.927s] [  0%] Built target std_msgs_generate_messages_cpp
[12.957s] [ 20%] Built target autoware_config_msgs_generate_messages_py
[12.971s] [ 40%] Built target autoware_config_msgs_generate_messages_nodejs
[12.971s] [ 60%] Built target autoware_config_msgs_generate_messages_lisp
[12.988s] [ 80%] Built target autoware_config_msgs_generate_messages_eus
[13.001s] [100%] Built target autoware_config_msgs_generate_messages_cpp
[13.052s] [100%] Built target autoware_config_msgs_generate_messages
[13.101s] [36mInstall the project...[0m
[13.114s] -- Install configuration: "Release"
[13.115s] -- Installing: /home/agilex/autoware.ai/install/autoware_config_msgs/share/autoware_config_msgs/msg/ConfigApproximateNDTMapping.msg
[13.115s] -- Installing: /home/agilex/autoware.ai/install/autoware_config_msgs/share/autoware_config_msgs/msg/ConfigCarDPM.msg
[13.115s] -- Installing: /home/agilex/autoware.ai/install/autoware_config_msgs/share/autoware_config_msgs/msg/ConfigCarFusion.msg
[13.115s] -- Installing: /home/agilex/autoware.ai/install/autoware_config_msgs/share/autoware_config_msgs/msg/ConfigCarKF.msg
[13.115s] -- Installing: /home/agilex/autoware.ai/install/autoware_config_msgs/share/autoware_config_msgs/msg/ConfigCompareMapFilter.msg
[13.115s] -- Installing: /home/agilex/autoware.ai/install/autoware_config_msgs/share/autoware_config_msgs/msg/ConfigDecisionMaker.msg
[13.115s] -- Installing: /home/agilex/autoware.ai/install/autoware_config_msgs/share/autoware_config_msgs/msg/ConfigDistanceFilter.msg
[13.115s] -- Installing: /home/agilex/autoware.ai/install/autoware_config_msgs/share/autoware_config_msgs/msg/ConfigICP.msg
[13.115s] -- Installing: /home/agilex/autoware.ai/install/autoware_config_msgs/share/autoware_config_msgs/msg/ConfigLaneRule.msg
[13.115s] -- Installing: /home/agilex/autoware.ai/install/autoware_config_msgs/share/autoware_config_msgs/msg/ConfigLaneSelect.msg
[13.116s] -- Installing: /home/agilex/autoware.ai/install/autoware_config_msgs/share/autoware_config_msgs/msg/ConfigLaneStop.msg
[13.116s] -- Installing: /home/agilex/autoware.ai/install/autoware_config_msgs/share/autoware_config_msgs/msg/ConfigLatticeVelocitySet.msg
[13.116s] -- Installing: /home/agilex/autoware.ai/install/autoware_config_msgs/share/autoware_config_msgs/msg/ConfigNDTMapping.msg
[13.116s] -- Installing: /home/agilex/autoware.ai/install/autoware_config_msgs/share/autoware_config_msgs/msg/ConfigNDTMappingOutput.msg
[13.116s] -- Installing: /home/agilex/autoware.ai/install/autoware_config_msgs/share/autoware_config_msgs/msg/ConfigNDT.msg
[13.116s] -- Installing: /home/agilex/autoware.ai/install/autoware_config_msgs/share/autoware_config_msgs/msg/ConfigPedestrianDPM.msg
[13.116s] -- Installing: /home/agilex/autoware.ai/install/autoware_config_msgs/share/autoware_config_msgs/msg/ConfigPedestrianFusion.msg
[13.116s] -- Installing: /home/agilex/autoware.ai/install/autoware_config_msgs/share/autoware_config_msgs/msg/ConfigPedestrianKF.msg
[13.116s] -- Installing: /home/agilex/autoware.ai/install/autoware_config_msgs/share/autoware_config_msgs/msg/ConfigPlannerSelector.msg
[13.116s] -- Installing: /home/agilex/autoware.ai/install/autoware_config_msgs/share/autoware_config_msgs/msg/ConfigPoints2Polygon.msg
[13.116s] -- Installing: /home/agilex/autoware.ai/install/autoware_config_msgs/share/autoware_config_msgs/msg/ConfigRandomFilter.msg
[13.116s] -- Installing: /home/agilex/autoware.ai/install/autoware_config_msgs/share/autoware_config_msgs/msg/ConfigRayGroundFilter.msg
[13.117s] -- Installing: /home/agilex/autoware.ai/install/autoware_config_msgs/share/autoware_config_msgs/msg/ConfigRcnn.msg
[13.117s] -- Installing: /home/agilex/autoware.ai/install/autoware_config_msgs/share/autoware_config_msgs/msg/ConfigRingFilter.msg
[13.117s] -- Installing: /home/agilex/autoware.ai/install/autoware_config_msgs/share/autoware_config_msgs/msg/ConfigRingGroundFilter.msg
[13.117s] -- Installing: /home/agilex/autoware.ai/install/autoware_config_msgs/share/autoware_config_msgs/msg/ConfigSSD.msg
[13.117s] -- Installing: /home/agilex/autoware.ai/install/autoware_config_msgs/share/autoware_config_msgs/msg/ConfigTwistFilter.msg
[13.117s] -- Installing: /home/agilex/autoware.ai/install/autoware_config_msgs/share/autoware_config_msgs/msg/ConfigVelocitySet.msg
[13.117s] -- Installing: /home/agilex/autoware.ai/install/autoware_config_msgs/share/autoware_config_msgs/msg/ConfigVoxelGridFilter.msg
[13.117s] -- Installing: /home/agilex/autoware.ai/install/autoware_config_msgs/share/autoware_config_msgs/msg/ConfigWaypointFollower.msg
[13.117s] -- Installing: /home/agilex/autoware.ai/install/autoware_config_msgs/share/autoware_config_msgs/msg/ConfigWaypointReplanner.msg
[13.117s] -- Installing: /home/agilex/autoware.ai/install/autoware_config_msgs/share/autoware_config_msgs/cmake/autoware_config_msgs-msg-paths.cmake
[13.117s] -- Installing: /home/agilex/autoware.ai/install/autoware_config_msgs/include/autoware_config_msgs
[13.118s] -- Installing: /home/agilex/autoware.ai/install/autoware_config_msgs/include/autoware_config_msgs/ConfigTwistFilter.h
[13.118s] -- Installing: /home/agilex/autoware.ai/install/autoware_config_msgs/include/autoware_config_msgs/ConfigICP.h
[13.118s] -- Installing: /home/agilex/autoware.ai/install/autoware_config_msgs/include/autoware_config_msgs/ConfigPedestrianFusion.h
[13.118s] -- Installing: /home/agilex/autoware.ai/install/autoware_config_msgs/include/autoware_config_msgs/ConfigRingFilter.h
[13.118s] -- Installing: /home/agilex/autoware.ai/install/autoware_config_msgs/include/autoware_config_msgs/ConfigLatticeVelocitySet.h
[13.118s] -- Installing: /home/agilex/autoware.ai/install/autoware_config_msgs/include/autoware_config_msgs/ConfigDecisionMaker.h
[13.118s] -- Installing: /home/agilex/autoware.ai/install/autoware_config_msgs/include/autoware_config_msgs/ConfigPedestrianKF.h
[13.118s] -- Installing: /home/agilex/autoware.ai/install/autoware_config_msgs/include/autoware_config_msgs/ConfigPedestrianDPM.h
[13.118s] -- Installing: /home/agilex/autoware.ai/install/autoware_config_msgs/include/autoware_config_msgs/ConfigCarKF.h
[13.118s] -- Installing: /home/agilex/autoware.ai/install/autoware_config_msgs/include/autoware_config_msgs/ConfigWaypointFollower.h
[13.118s] -- Installing: /home/agilex/autoware.ai/install/autoware_config_msgs/include/autoware_config_msgs/ConfigLaneSelect.h
[13.118s] -- Installing: /home/agilex/autoware.ai/install/autoware_config_msgs/include/autoware_config_msgs/ConfigVelocitySet.h
[13.119s] -- Installing: /home/agilex/autoware.ai/install/autoware_config_msgs/include/autoware_config_msgs/ConfigPoints2Polygon.h
[13.119s] -- Installing: /home/agilex/autoware.ai/install/autoware_config_msgs/include/autoware_config_msgs/ConfigRcnn.h
[13.119s] -- Installing: /home/agilex/autoware.ai/install/autoware_config_msgs/include/autoware_config_msgs/ConfigRingGroundFilter.h
[13.119s] -- Installing: /home/agilex/autoware.ai/install/autoware_config_msgs/include/autoware_config_msgs/ConfigLaneRule.h
[13.119s] -- Installing: /home/agilex/autoware.ai/install/autoware_config_msgs/include/autoware_config_msgs/ConfigWaypointReplanner.h
[13.119s] -- Installing: /home/agilex/autoware.ai/install/autoware_config_msgs/include/autoware_config_msgs/ConfigNDTMapping.h
[13.119s] -- Installing: /home/agilex/autoware.ai/install/autoware_config_msgs/include/autoware_config_msgs/ConfigDistanceFilter.h
[13.119s] -- Installing: /home/agilex/autoware.ai/install/autoware_config_msgs/include/autoware_config_msgs/ConfigApproximateNDTMapping.h
[13.119s] -- Installing: /home/agilex/autoware.ai/install/autoware_config_msgs/include/autoware_config_msgs/ConfigCarFusion.h
[13.119s] -- Installing: /home/agilex/autoware.ai/install/autoware_config_msgs/include/autoware_config_msgs/ConfigCarDPM.h
[13.119s] -- Installing: /home/agilex/autoware.ai/install/autoware_config_msgs/include/autoware_config_msgs/ConfigSSD.h
[13.119s] -- Installing: /home/agilex/autoware.ai/install/autoware_config_msgs/include/autoware_config_msgs/ConfigNDT.h
[13.120s] -- Installing: /home/agilex/autoware.ai/install/autoware_config_msgs/include/autoware_config_msgs/ConfigNDTMappingOutput.h
[13.120s] -- Installing: /home/agilex/autoware.ai/install/autoware_config_msgs/include/autoware_config_msgs/ConfigRayGroundFilter.h
[13.120s] -- Installing: /home/agilex/autoware.ai/install/autoware_config_msgs/include/autoware_config_msgs/ConfigVoxelGridFilter.h
[13.120s] -- Installing: /home/agilex/autoware.ai/install/autoware_config_msgs/include/autoware_config_msgs/ConfigRandomFilter.h
[13.120s] -- Installing: /home/agilex/autoware.ai/install/autoware_config_msgs/include/autoware_config_msgs/ConfigCompareMapFilter.h
[13.120s] -- Installing: /home/agilex/autoware.ai/install/autoware_config_msgs/include/autoware_config_msgs/ConfigLaneStop.h
[13.120s] -- Installing: /home/agilex/autoware.ai/install/autoware_config_msgs/include/autoware_config_msgs/ConfigPlannerSelector.h
[13.120s] -- Installing: /home/agilex/autoware.ai/install/autoware_config_msgs/share/roseus/ros/autoware_config_msgs
[13.120s] -- Installing: /home/agilex/autoware.ai/install/autoware_config_msgs/share/roseus/ros/autoware_config_msgs/manifest.l
[13.120s] -- Installing: /home/agilex/autoware.ai/install/autoware_config_msgs/share/roseus/ros/autoware_config_msgs/msg
[13.121s] -- Installing: /home/agilex/autoware.ai/install/autoware_config_msgs/share/roseus/ros/autoware_config_msgs/msg/ConfigVoxelGridFilter.l
[13.121s] -- Installing: /home/agilex/autoware.ai/install/autoware_config_msgs/share/roseus/ros/autoware_config_msgs/msg/ConfigTwistFilter.l
[13.121s] -- Installing: /home/agilex/autoware.ai/install/autoware_config_msgs/share/roseus/ros/autoware_config_msgs/msg/ConfigPedestrianKF.l
[13.121s] -- Installing: /home/agilex/autoware.ai/install/autoware_config_msgs/share/roseus/ros/autoware_config_msgs/msg/ConfigRayGroundFilter.l
[13.122s] -- Installing: /home/agilex/autoware.ai/install/autoware_config_msgs/share/roseus/ros/autoware_config_msgs/msg/ConfigLaneStop.l
[13.122s] -- Installing: /home/agilex/autoware.ai/install/autoware_config_msgs/share/roseus/ros/autoware_config_msgs/msg/ConfigLatticeVelocitySet.l
[13.122s] -- Installing: /home/agilex/autoware.ai/install/autoware_config_msgs/share/roseus/ros/autoware_config_msgs/msg/ConfigDecisionMaker.l
[13.122s] -- Installing: /home/agilex/autoware.ai/install/autoware_config_msgs/share/roseus/ros/autoware_config_msgs/msg/ConfigPoints2Polygon.l
[13.122s] -- Installing: /home/agilex/autoware.ai/install/autoware_config_msgs/share/roseus/ros/autoware_config_msgs/msg/ConfigLaneRule.l
[13.122s] -- Installing: /home/agilex/autoware.ai/install/autoware_config_msgs/share/roseus/ros/autoware_config_msgs/msg/ConfigRcnn.l
[13.122s] -- Installing: /home/agilex/autoware.ai/install/autoware_config_msgs/share/roseus/ros/autoware_config_msgs/msg/ConfigRingFilter.l
[13.123s] -- Installing: /home/agilex/autoware.ai/install/autoware_config_msgs/share/roseus/ros/autoware_config_msgs/msg/ConfigNDTMappingOutput.l
[13.123s] -- Installing: /home/agilex/autoware.ai/install/autoware_config_msgs/share/roseus/ros/autoware_config_msgs/msg/ConfigCompareMapFilter.l
[13.123s] -- Installing: /home/agilex/autoware.ai/install/autoware_config_msgs/share/roseus/ros/autoware_config_msgs/msg/ConfigSSD.l
[13.123s] -- Installing: /home/agilex/autoware.ai/install/autoware_config_msgs/share/roseus/ros/autoware_config_msgs/msg/ConfigPlannerSelector.l
[13.123s] -- Installing: /home/agilex/autoware.ai/install/autoware_config_msgs/share/roseus/ros/autoware_config_msgs/msg/ConfigRingGroundFilter.l
[13.123s] -- Installing: /home/agilex/autoware.ai/install/autoware_config_msgs/share/roseus/ros/autoware_config_msgs/msg/ConfigPedestrianFusion.l
[13.123s] -- Installing: /home/agilex/autoware.ai/install/autoware_config_msgs/share/roseus/ros/autoware_config_msgs/msg/ConfigICP.l
[13.123s] -- Installing: /home/agilex/autoware.ai/install/autoware_config_msgs/share/roseus/ros/autoware_config_msgs/msg/ConfigCarDPM.l
[13.123s] -- Installing: /home/agilex/autoware.ai/install/autoware_config_msgs/share/roseus/ros/autoware_config_msgs/msg/ConfigCarKF.l
[13.123s] -- Installing: /home/agilex/autoware.ai/install/autoware_config_msgs/share/roseus/ros/autoware_config_msgs/msg/ConfigDistanceFilter.l
[13.124s] -- Installing: /home/agilex/autoware.ai/install/autoware_config_msgs/share/roseus/ros/autoware_config_msgs/msg/ConfigWaypointFollower.l
[13.124s] -- Installing: /home/agilex/autoware.ai/install/autoware_config_msgs/share/roseus/ros/autoware_config_msgs/msg/ConfigVelocitySet.l
[13.124s] -- Installing: /home/agilex/autoware.ai/install/autoware_config_msgs/share/roseus/ros/autoware_config_msgs/msg/ConfigApproximateNDTMapping.l
[13.124s] -- Installing: /home/agilex/autoware.ai/install/autoware_config_msgs/share/roseus/ros/autoware_config_msgs/msg/ConfigNDT.l
[13.124s] -- Installing: /home/agilex/autoware.ai/install/autoware_config_msgs/share/roseus/ros/autoware_config_msgs/msg/ConfigLaneSelect.l
[13.124s] -- Installing: /home/agilex/autoware.ai/install/autoware_config_msgs/share/roseus/ros/autoware_config_msgs/msg/ConfigWaypointReplanner.l
[13.124s] -- Installing: /home/agilex/autoware.ai/install/autoware_config_msgs/share/roseus/ros/autoware_config_msgs/msg/ConfigPedestrianDPM.l
[13.133s] -- Installing: /home/agilex/autoware.ai/install/autoware_config_msgs/share/roseus/ros/autoware_config_msgs/msg/ConfigNDTMapping.l
[13.133s] -- Installing: /home/agilex/autoware.ai/install/autoware_config_msgs/share/roseus/ros/autoware_config_msgs/msg/ConfigCarFusion.l
[13.133s] -- Installing: /home/agilex/autoware.ai/install/autoware_config_msgs/share/roseus/ros/autoware_config_msgs/msg/ConfigRandomFilter.l
[13.133s] -- Installing: /home/agilex/autoware.ai/install/autoware_config_msgs/share/common-lisp/ros/autoware_config_msgs
[13.133s] -- Installing: /home/agilex/autoware.ai/install/autoware_config_msgs/share/common-lisp/ros/autoware_config_msgs/msg
[13.134s] -- Installing: /home/agilex/autoware.ai/install/autoware_config_msgs/share/common-lisp/ros/autoware_config_msgs/msg/ConfigICP.lisp
[13.134s] -- Installing: /home/agilex/autoware.ai/install/autoware_config_msgs/share/common-lisp/ros/autoware_config_msgs/msg/ConfigLaneSelect.lisp
[13.134s] -- Installing: /home/agilex/autoware.ai/install/autoware_config_msgs/share/common-lisp/ros/autoware_config_msgs/msg/ConfigVoxelGridFilter.lisp
[13.134s] -- Installing: /home/agilex/autoware.ai/install/autoware_config_msgs/share/common-lisp/ros/autoware_config_msgs/msg/ConfigWaypointReplanner.lisp
[13.134s] -- Installing: /home/agilex/autoware.ai/install/autoware_config_msgs/share/common-lisp/ros/autoware_config_msgs/msg/ConfigNDT.lisp
[13.134s] -- Installing: /home/agilex/autoware.ai/install/autoware_config_msgs/share/common-lisp/ros/autoware_config_msgs/msg/autoware_config_msgs-msg.asd
[13.134s] -- Installing: /home/agilex/autoware.ai/install/autoware_config_msgs/share/common-lisp/ros/autoware_config_msgs/msg/ConfigTwistFilter.lisp
[13.134s] -- Installing: /home/agilex/autoware.ai/install/autoware_config_msgs/share/common-lisp/ros/autoware_config_msgs/msg/ConfigRandomFilter.lisp
[13.134s] -- Installing: /home/agilex/autoware.ai/install/autoware_config_msgs/share/common-lisp/ros/autoware_config_msgs/msg/_package.lisp
[13.134s] -- Installing: /home/agilex/autoware.ai/install/autoware_config_msgs/share/common-lisp/ros/autoware_config_msgs/msg/_package_ConfigCarFusion.lisp
[13.134s] -- Installing: /home/agilex/autoware.ai/install/autoware_config_msgs/share/common-lisp/ros/autoware_config_msgs/msg/ConfigPoints2Polygon.lisp
[13.134s] -- Installing: /home/agilex/autoware.ai/install/autoware_config_msgs/share/common-lisp/ros/autoware_config_msgs/msg/ConfigApproximateNDTMapping.lisp
[13.134s] -- Installing: /home/agilex/autoware.ai/install/autoware_config_msgs/share/common-lisp/ros/autoware_config_msgs/msg/ConfigVelocitySet.lisp
[13.135s] -- Installing: /home/agilex/autoware.ai/install/autoware_config_msgs/share/common-lisp/ros/autoware_config_msgs/msg/ConfigLaneStop.lisp
[13.135s] -- Installing: /home/agilex/autoware.ai/install/autoware_config_msgs/share/common-lisp/ros/autoware_config_msgs/msg/ConfigCompareMapFilter.lisp
[13.135s] -- Installing: /home/agilex/autoware.ai/install/autoware_config_msgs/share/common-lisp/ros/autoware_config_msgs/msg/_package_ConfigRcnn.lisp
[13.135s] -- Installing: /home/agilex/autoware.ai/install/autoware_config_msgs/share/common-lisp/ros/autoware_config_msgs/msg/ConfigWaypointFollower.lisp
[13.135s] -- Installing: /home/agilex/autoware.ai/install/autoware_config_msgs/share/common-lisp/ros/autoware_config_msgs/msg/_package_ConfigRayGroundFilter.lisp
[13.135s] -- Installing: /home/agilex/autoware.ai/install/autoware_config_msgs/share/common-lisp/ros/autoware_config_msgs/msg/ConfigRingGroundFilter.lisp
[13.135s] -- Installing: /home/agilex/autoware.ai/install/autoware_config_msgs/share/common-lisp/ros/autoware_config_msgs/msg/ConfigRingFilter.lisp
[13.135s] -- Installing: /home/agilex/autoware.ai/install/autoware_config_msgs/share/common-lisp/ros/autoware_config_msgs/msg/_package_ConfigWaypointReplanner.lisp
[13.135s] -- Installing: /home/agilex/autoware.ai/install/autoware_config_msgs/share/common-lisp/ros/autoware_config_msgs/msg/_package_ConfigPedestrianKF.lisp
[13.135s] -- Installing: /home/agilex/autoware.ai/install/autoware_config_msgs/share/common-lisp/ros/autoware_config_msgs/msg/_package_ConfigPedestrianDPM.lisp
[13.135s] -- Installing: /home/agilex/autoware.ai/install/autoware_config_msgs/share/common-lisp/ros/autoware_config_msgs/msg/ConfigLatticeVelocitySet.lisp
[13.136s] -- Installing: /home/agilex/autoware.ai/install/autoware_config_msgs/share/common-lisp/ros/autoware_config_msgs/msg/ConfigNDTMappingOutput.lisp
[13.136s] -- Installing: /home/agilex/autoware.ai/install/autoware_config_msgs/share/common-lisp/ros/autoware_config_msgs/msg/ConfigCarKF.lisp
[13.136s] -- Installing: /home/agilex/autoware.ai/install/autoware_config_msgs/share/common-lisp/ros/autoware_config_msgs/msg/_package_ConfigPlannerSelector.lisp
[13.136s] -- Installing: /home/agilex/autoware.ai/install/autoware_config_msgs/share/common-lisp/ros/autoware_config_msgs/msg/ConfigPedestrianKF.lisp
[13.136s] -- Installing: /home/agilex/autoware.ai/install/autoware_config_msgs/share/common-lisp/ros/autoware_config_msgs/msg/ConfigCarFusion.lisp
[13.136s] -- Installing: /home/agilex/autoware.ai/install/autoware_config_msgs/share/common-lisp/ros/autoware_config_msgs/msg/_package_ConfigDistanceFilter.lisp
[13.136s] -- Installing: /home/agilex/autoware.ai/install/autoware_config_msgs/share/common-lisp/ros/autoware_config_msgs/msg/ConfigLaneRule.lisp
[13.136s] -- Installing: /home/agilex/autoware.ai/install/autoware_config_msgs/share/common-lisp/ros/autoware_config_msgs/msg/_package_ConfigCarDPM.lisp
[13.136s] -- Installing: /home/agilex/autoware.ai/install/autoware_config_msgs/share/common-lisp/ros/autoware_config_msgs/msg/_package_ConfigSSD.lisp
[13.136s] -- Installing: /home/agilex/autoware.ai/install/autoware_config_msgs/share/common-lisp/ros/autoware_config_msgs/msg/_package_ConfigCarKF.lisp
[13.136s] -- Installing: /home/agilex/autoware.ai/install/autoware_config_msgs/share/common-lisp/ros/autoware_config_msgs/msg/_package_ConfigWaypointFollower.lisp
[13.136s] -- Installing: /home/agilex/autoware.ai/install/autoware_config_msgs/share/common-lisp/ros/autoware_config_msgs/msg/ConfigRayGroundFilter.lisp
[13.136s] -- Installing: /home/agilex/autoware.ai/install/autoware_config_msgs/share/common-lisp/ros/autoware_config_msgs/msg/ConfigDecisionMaker.lisp
[13.137s] -- Installing: /home/agilex/autoware.ai/install/autoware_config_msgs/share/common-lisp/ros/autoware_config_msgs/msg/_package_ConfigICP.lisp
[13.137s] -- Installing: /home/agilex/autoware.ai/install/autoware_config_msgs/share/common-lisp/ros/autoware_config_msgs/msg/_package_ConfigRingFilter.lisp
[13.137s] -- Installing: /home/agilex/autoware.ai/install/autoware_config_msgs/share/common-lisp/ros/autoware_config_msgs/msg/ConfigDistanceFilter.lisp
[13.137s] -- Installing: /home/agilex/autoware.ai/install/autoware_config_msgs/share/common-lisp/ros/autoware_config_msgs/msg/_package_ConfigApproximateNDTMapping.lisp
[13.137s] -- Installing: /home/agilex/autoware.ai/install/autoware_config_msgs/share/common-lisp/ros/autoware_config_msgs/msg/_package_ConfigPoints2Polygon.lisp
[13.137s] -- Installing: /home/agilex/autoware.ai/install/autoware_config_msgs/share/common-lisp/ros/autoware_config_msgs/msg/_package_ConfigTwistFilter.lisp
[13.137s] -- Installing: /home/agilex/autoware.ai/install/autoware_config_msgs/share/common-lisp/ros/autoware_config_msgs/msg/_package_ConfigVoxelGridFilter.lisp
[13.137s] -- Installing: /home/agilex/autoware.ai/install/autoware_config_msgs/share/common-lisp/ros/autoware_config_msgs/msg/_package_ConfigNDTMapping.lisp
[13.137s] -- Installing: /home/agilex/autoware.ai/install/autoware_config_msgs/share/common-lisp/ros/autoware_config_msgs/msg/_package_ConfigCompareMapFilter.lisp
[13.137s] -- Installing: /home/agilex/autoware.ai/install/autoware_config_msgs/share/common-lisp/ros/autoware_config_msgs/msg/ConfigSSD.lisp
[13.137s] -- Installing: /home/agilex/autoware.ai/install/autoware_config_msgs/share/common-lisp/ros/autoware_config_msgs/msg/ConfigPedestrianFusion.lisp
[13.137s] -- Installing: /home/agilex/autoware.ai/install/autoware_config_msgs/share/common-lisp/ros/autoware_config_msgs/msg/_package_ConfigRingGroundFilter.lisp
[13.137s] -- Installing: /home/agilex/autoware.ai/install/autoware_config_msgs/share/common-lisp/ros/autoware_config_msgs/msg/ConfigRcnn.lisp
[13.138s] -- Installing: /home/agilex/autoware.ai/install/autoware_config_msgs/share/common-lisp/ros/autoware_config_msgs/msg/ConfigNDTMapping.lisp
[13.138s] -- Installing: /home/agilex/autoware.ai/install/autoware_config_msgs/share/common-lisp/ros/autoware_config_msgs/msg/ConfigPlannerSelector.lisp
[13.138s] -- Installing: /home/agilex/autoware.ai/install/autoware_config_msgs/share/common-lisp/ros/autoware_config_msgs/msg/_package_ConfigVelocitySet.lisp
[13.138s] -- Installing: /home/agilex/autoware.ai/install/autoware_config_msgs/share/common-lisp/ros/autoware_config_msgs/msg/ConfigCarDPM.lisp
[13.138s] -- Installing: /home/agilex/autoware.ai/install/autoware_config_msgs/share/common-lisp/ros/autoware_config_msgs/msg/_package_ConfigDecisionMaker.lisp
[13.138s] -- Installing: /home/agilex/autoware.ai/install/autoware_config_msgs/share/common-lisp/ros/autoware_config_msgs/msg/_package_ConfigLatticeVelocitySet.lisp
[13.138s] -- Installing: /home/agilex/autoware.ai/install/autoware_config_msgs/share/common-lisp/ros/autoware_config_msgs/msg/_package_ConfigLaneRule.lisp
[13.138s] -- Installing: /home/agilex/autoware.ai/install/autoware_config_msgs/share/common-lisp/ros/autoware_config_msgs/msg/_package_ConfigLaneStop.lisp
[13.138s] -- Installing: /home/agilex/autoware.ai/install/autoware_config_msgs/share/common-lisp/ros/autoware_config_msgs/msg/_package_ConfigPedestrianFusion.lisp
[13.138s] -- Installing: /home/agilex/autoware.ai/install/autoware_config_msgs/share/common-lisp/ros/autoware_config_msgs/msg/ConfigPedestrianDPM.lisp
[13.138s] -- Installing: /home/agilex/autoware.ai/install/autoware_config_msgs/share/common-lisp/ros/autoware_config_msgs/msg/_package_ConfigNDTMappingOutput.lisp
[13.138s] -- Installing: /home/agilex/autoware.ai/install/autoware_config_msgs/share/common-lisp/ros/autoware_config_msgs/msg/_package_ConfigLaneSelect.lisp
[13.139s] -- Installing: /home/agilex/autoware.ai/install/autoware_config_msgs/share/common-lisp/ros/autoware_config_msgs/msg/_package_ConfigRandomFilter.lisp
[13.140s] -- Installing: /home/agilex/autoware.ai/install/autoware_config_msgs/share/common-lisp/ros/autoware_config_msgs/msg/_package_ConfigNDT.lisp
[13.140s] -- Installing: /home/agilex/autoware.ai/install/autoware_config_msgs/share/gennodejs/ros/autoware_config_msgs
[13.140s] -- Installing: /home/agilex/autoware.ai/install/autoware_config_msgs/share/gennodejs/ros/autoware_config_msgs/msg
[13.140s] -- Installing: /home/agilex/autoware.ai/install/autoware_config_msgs/share/gennodejs/ros/autoware_config_msgs/msg/ConfigDecisionMaker.js
[13.140s] -- Installing: /home/agilex/autoware.ai/install/autoware_config_msgs/share/gennodejs/ros/autoware_config_msgs/msg/ConfigVelocitySet.js
[13.140s] -- Installing: /home/agilex/autoware.ai/install/autoware_config_msgs/share/gennodejs/ros/autoware_config_msgs/msg/ConfigDistanceFilter.js
[13.140s] -- Installing: /home/agilex/autoware.ai/install/autoware_config_msgs/share/gennodejs/ros/autoware_config_msgs/msg/ConfigRingGroundFilter.js
[13.140s] -- Installing: /home/agilex/autoware.ai/install/autoware_config_msgs/share/gennodejs/ros/autoware_config_msgs/msg/ConfigRingFilter.js
[13.140s] -- Installing: /home/agilex/autoware.ai/install/autoware_config_msgs/share/gennodejs/ros/autoware_config_msgs/msg/ConfigCompareMapFilter.js
[13.141s] -- Installing: /home/agilex/autoware.ai/install/autoware_config_msgs/share/gennodejs/ros/autoware_config_msgs/msg/ConfigWaypointReplanner.js
[13.141s] -- Installing: /home/agilex/autoware.ai/install/autoware_config_msgs/share/gennodejs/ros/autoware_config_msgs/msg/ConfigTwistFilter.js
[13.141s] -- Installing: /home/agilex/autoware.ai/install/autoware_config_msgs/share/gennodejs/ros/autoware_config_msgs/msg/ConfigApproximateNDTMapping.js
[13.141s] -- Installing: /home/agilex/autoware.ai/install/autoware_config_msgs/share/gennodejs/ros/autoware_config_msgs/msg/ConfigNDT.js
[13.141s] -- Installing: /home/agilex/autoware.ai/install/autoware_config_msgs/share/gennodejs/ros/autoware_config_msgs/msg/ConfigPedestrianKF.js
[13.141s] -- Installing: /home/agilex/autoware.ai/install/autoware_config_msgs/share/gennodejs/ros/autoware_config_msgs/msg/ConfigRayGroundFilter.js
[13.141s] -- Installing: /home/agilex/autoware.ai/install/autoware_config_msgs/share/gennodejs/ros/autoware_config_msgs/msg/ConfigLaneRule.js
[13.141s] -- Installing: /home/agilex/autoware.ai/install/autoware_config_msgs/share/gennodejs/ros/autoware_config_msgs/msg/ConfigCarDPM.js
[13.141s] -- Installing: /home/agilex/autoware.ai/install/autoware_config_msgs/share/gennodejs/ros/autoware_config_msgs/msg/ConfigPoints2Polygon.js
[13.141s] -- Installing: /home/agilex/autoware.ai/install/autoware_config_msgs/share/gennodejs/ros/autoware_config_msgs/msg/ConfigSSD.js
[13.141s] -- Installing: /home/agilex/autoware.ai/install/autoware_config_msgs/share/gennodejs/ros/autoware_config_msgs/msg/_index.js
[13.142s] -- Installing: /home/agilex/autoware.ai/install/autoware_config_msgs/share/gennodejs/ros/autoware_config_msgs/msg/ConfigLaneSelect.js
[13.142s] -- Installing: /home/agilex/autoware.ai/install/autoware_config_msgs/share/gennodejs/ros/autoware_config_msgs/msg/ConfigNDTMappingOutput.js
[13.142s] -- Installing: /home/agilex/autoware.ai/install/autoware_config_msgs/share/gennodejs/ros/autoware_config_msgs/msg/ConfigWaypointFollower.js
[13.142s] -- Installing: /home/agilex/autoware.ai/install/autoware_config_msgs/share/gennodejs/ros/autoware_config_msgs/msg/ConfigVoxelGridFilter.js
[13.142s] -- Installing: /home/agilex/autoware.ai/install/autoware_config_msgs/share/gennodejs/ros/autoware_config_msgs/msg/ConfigLaneStop.js
[13.142s] -- Installing: /home/agilex/autoware.ai/install/autoware_config_msgs/share/gennodejs/ros/autoware_config_msgs/msg/ConfigICP.js
[13.142s] -- Installing: /home/agilex/autoware.ai/install/autoware_config_msgs/share/gennodejs/ros/autoware_config_msgs/msg/ConfigPedestrianFusion.js
[13.142s] -- Installing: /home/agilex/autoware.ai/install/autoware_config_msgs/share/gennodejs/ros/autoware_config_msgs/msg/ConfigPlannerSelector.js
[13.142s] -- Installing: /home/agilex/autoware.ai/install/autoware_config_msgs/share/gennodejs/ros/autoware_config_msgs/msg/ConfigRcnn.js
[13.142s] -- Installing: /home/agilex/autoware.ai/install/autoware_config_msgs/share/gennodejs/ros/autoware_config_msgs/msg/ConfigNDTMapping.js
[13.142s] -- Installing: /home/agilex/autoware.ai/install/autoware_config_msgs/share/gennodejs/ros/autoware_config_msgs/msg/ConfigCarKF.js
[13.142s] -- Installing: /home/agilex/autoware.ai/install/autoware_config_msgs/share/gennodejs/ros/autoware_config_msgs/msg/ConfigLatticeVelocitySet.js
[13.142s] -- Installing: /home/agilex/autoware.ai/install/autoware_config_msgs/share/gennodejs/ros/autoware_config_msgs/msg/ConfigCarFusion.js
[13.142s] -- Installing: /home/agilex/autoware.ai/install/autoware_config_msgs/share/gennodejs/ros/autoware_config_msgs/msg/ConfigRandomFilter.js
[13.143s] -- Installing: /home/agilex/autoware.ai/install/autoware_config_msgs/share/gennodejs/ros/autoware_config_msgs/msg/ConfigPedestrianDPM.js
[13.143s] -- Installing: /home/agilex/autoware.ai/install/autoware_config_msgs/share/gennodejs/ros/autoware_config_msgs/_index.js
[13.191s] Listing /home/agilex/autoware.ai/build/autoware_config_msgs/devel/lib/python2.7/dist-packages/autoware_config_msgs ...
[13.191s] Compiling /home/agilex/autoware.ai/build/autoware_config_msgs/devel/lib/python2.7/dist-packages/autoware_config_msgs/__init__.py ...
[13.191s] Listing /home/agilex/autoware.ai/build/autoware_config_msgs/devel/lib/python2.7/dist-packages/autoware_config_msgs/msg ...
[13.191s] Compiling /home/agilex/autoware.ai/build/autoware_config_msgs/devel/lib/python2.7/dist-packages/autoware_config_msgs/msg/_ConfigApproximateNDTMapping.py ...
[13.192s] Compiling /home/agilex/autoware.ai/build/autoware_config_msgs/devel/lib/python2.7/dist-packages/autoware_config_msgs/msg/_ConfigCarDPM.py ...
[13.192s] Compiling /home/agilex/autoware.ai/build/autoware_config_msgs/devel/lib/python2.7/dist-packages/autoware_config_msgs/msg/_ConfigCarFusion.py ...
[13.192s] Compiling /home/agilex/autoware.ai/build/autoware_config_msgs/devel/lib/python2.7/dist-packages/autoware_config_msgs/msg/_ConfigCarKF.py ...
[13.192s] Compiling /home/agilex/autoware.ai/build/autoware_config_msgs/devel/lib/python2.7/dist-packages/autoware_config_msgs/msg/_ConfigCompareMapFilter.py ...
[13.192s] Compiling /home/agilex/autoware.ai/build/autoware_config_msgs/devel/lib/python2.7/dist-packages/autoware_config_msgs/msg/_ConfigDecisionMaker.py ...
[13.192s] Compiling /home/agilex/autoware.ai/build/autoware_config_msgs/devel/lib/python2.7/dist-packages/autoware_config_msgs/msg/_ConfigDistanceFilter.py ...
[13.192s] Compiling /home/agilex/autoware.ai/build/autoware_config_msgs/devel/lib/python2.7/dist-packages/autoware_config_msgs/msg/_ConfigICP.py ...
[13.192s] Compiling /home/agilex/autoware.ai/build/autoware_config_msgs/devel/lib/python2.7/dist-packages/autoware_config_msgs/msg/_ConfigLaneRule.py ...
[13.192s] Compiling /home/agilex/autoware.ai/build/autoware_config_msgs/devel/lib/python2.7/dist-packages/autoware_config_msgs/msg/_ConfigLaneSelect.py ...
[13.192s] Compiling /home/agilex/autoware.ai/build/autoware_config_msgs/devel/lib/python2.7/dist-packages/autoware_config_msgs/msg/_ConfigLaneStop.py ...
[13.192s] Compiling /home/agilex/autoware.ai/build/autoware_config_msgs/devel/lib/python2.7/dist-packages/autoware_config_msgs/msg/_ConfigLatticeVelocitySet.py ...
[13.192s] Compiling /home/agilex/autoware.ai/build/autoware_config_msgs/devel/lib/python2.7/dist-packages/autoware_config_msgs/msg/_ConfigNDT.py ...
[13.193s] Compiling /home/agilex/autoware.ai/build/autoware_config_msgs/devel/lib/python2.7/dist-packages/autoware_config_msgs/msg/_ConfigNDTMapping.py ...
[13.193s] Compiling /home/agilex/autoware.ai/build/autoware_config_msgs/devel/lib/python2.7/dist-packages/autoware_config_msgs/msg/_ConfigNDTMappingOutput.py ...
[13.193s] Compiling /home/agilex/autoware.ai/build/autoware_config_msgs/devel/lib/python2.7/dist-packages/autoware_config_msgs/msg/_ConfigPedestrianDPM.py ...
[13.193s] Compiling /home/agilex/autoware.ai/build/autoware_config_msgs/devel/lib/python2.7/dist-packages/autoware_config_msgs/msg/_ConfigPedestrianFusion.py ...
[13.193s] Compiling /home/agilex/autoware.ai/build/autoware_config_msgs/devel/lib/python2.7/dist-packages/autoware_config_msgs/msg/_ConfigPedestrianKF.py ...
[13.193s] Compiling /home/agilex/autoware.ai/build/autoware_config_msgs/devel/lib/python2.7/dist-packages/autoware_config_msgs/msg/_ConfigPlannerSelector.py ...
[13.193s] Compiling /home/agilex/autoware.ai/build/autoware_config_msgs/devel/lib/python2.7/dist-packages/autoware_config_msgs/msg/_ConfigPoints2Polygon.py ...
[13.193s] Compiling /home/agilex/autoware.ai/build/autoware_config_msgs/devel/lib/python2.7/dist-packages/autoware_config_msgs/msg/_ConfigRandomFilter.py ...
[13.193s] Compiling /home/agilex/autoware.ai/build/autoware_config_msgs/devel/lib/python2.7/dist-packages/autoware_config_msgs/msg/_ConfigRayGroundFilter.py ...
[13.193s] Compiling /home/agilex/autoware.ai/build/autoware_config_msgs/devel/lib/python2.7/dist-packages/autoware_config_msgs/msg/_ConfigRcnn.py ...
[13.193s] Compiling /home/agilex/autoware.ai/build/autoware_config_msgs/devel/lib/python2.7/dist-packages/autoware_config_msgs/msg/_ConfigRingFilter.py ...
[13.193s] Compiling /home/agilex/autoware.ai/build/autoware_config_msgs/devel/lib/python2.7/dist-packages/autoware_config_msgs/msg/_ConfigRingGroundFilter.py ...
[13.197s] Compiling /home/agilex/autoware.ai/build/autoware_config_msgs/devel/lib/python2.7/dist-packages/autoware_config_msgs/msg/_ConfigSSD.py ...
[13.197s] Compiling /home/agilex/autoware.ai/build/autoware_config_msgs/devel/lib/python2.7/dist-packages/autoware_config_msgs/msg/_ConfigTwistFilter.py ...
[13.197s] Compiling /home/agilex/autoware.ai/build/autoware_config_msgs/devel/lib/python2.7/dist-packages/autoware_config_msgs/msg/_ConfigVelocitySet.py ...
[13.197s] Compiling /home/agilex/autoware.ai/build/autoware_config_msgs/devel/lib/python2.7/dist-packages/autoware_config_msgs/msg/_ConfigVoxelGridFilter.py ...
[13.197s] Compiling /home/agilex/autoware.ai/build/autoware_config_msgs/devel/lib/python2.7/dist-packages/autoware_config_msgs/msg/_ConfigWaypointFollower.py ...
[13.197s] Compiling /home/agilex/autoware.ai/build/autoware_config_msgs/devel/lib/python2.7/dist-packages/autoware_config_msgs/msg/_ConfigWaypointReplanner.py ...
[13.197s] Compiling /home/agilex/autoware.ai/build/autoware_config_msgs/devel/lib/python2.7/dist-packages/autoware_config_msgs/msg/__init__.py ...
[13.199s] -- Installing: /home/agilex/autoware.ai/install/autoware_config_msgs/lib/python2.7/dist-packages/autoware_config_msgs
[13.199s] -- Installing: /home/agilex/autoware.ai/install/autoware_config_msgs/lib/python2.7/dist-packages/autoware_config_msgs/__init__.pyc
[13.199s] -- Installing: /home/agilex/autoware.ai/install/autoware_config_msgs/lib/python2.7/dist-packages/autoware_config_msgs/msg
[13.199s] -- Installing: /home/agilex/autoware.ai/install/autoware_config_msgs/lib/python2.7/dist-packages/autoware_config_msgs/msg/_ConfigWaypointFollower.py
[13.199s] -- Installing: /home/agilex/autoware.ai/install/autoware_config_msgs/lib/python2.7/dist-packages/autoware_config_msgs/msg/_ConfigCarFusion.py
[13.200s] -- Installing: /home/agilex/autoware.ai/install/autoware_config_msgs/lib/python2.7/dist-packages/autoware_config_msgs/msg/_ConfigApproximateNDTMapping.py
[13.200s] -- Installing: /home/agilex/autoware.ai/install/autoware_config_msgs/lib/python2.7/dist-packages/autoware_config_msgs/msg/_ConfigNDT.py
[13.200s] -- Installing: /home/agilex/autoware.ai/install/autoware_config_msgs/lib/python2.7/dist-packages/autoware_config_msgs/msg/_ConfigWaypointReplanner.py
[13.200s] -- Installing: /home/agilex/autoware.ai/install/autoware_config_msgs/lib/python2.7/dist-packages/autoware_config_msgs/msg/_ConfigTwistFilter.py
[13.200s] -- Installing: /home/agilex/autoware.ai/install/autoware_config_msgs/lib/python2.7/dist-packages/autoware_config_msgs/msg/_ConfigDecisionMaker.pyc
[13.200s] -- Installing: /home/agilex/autoware.ai/install/autoware_config_msgs/lib/python2.7/dist-packages/autoware_config_msgs/msg/_ConfigApproximateNDTMapping.pyc
[13.200s] -- Installing: /home/agilex/autoware.ai/install/autoware_config_msgs/lib/python2.7/dist-packages/autoware_config_msgs/msg/_ConfigCompareMapFilter.pyc
[13.200s] -- Installing: /home/agilex/autoware.ai/install/autoware_config_msgs/lib/python2.7/dist-packages/autoware_config_msgs/msg/_ConfigRingFilter.pyc
[13.200s] -- Installing: /home/agilex/autoware.ai/install/autoware_config_msgs/lib/python2.7/dist-packages/autoware_config_msgs/msg/_ConfigRandomFilter.pyc
[13.201s] -- Installing: /home/agilex/autoware.ai/install/autoware_config_msgs/lib/python2.7/dist-packages/autoware_config_msgs/msg/_ConfigPoints2Polygon.py
[13.201s] -- Installing: /home/agilex/autoware.ai/install/autoware_config_msgs/lib/python2.7/dist-packages/autoware_config_msgs/msg/_ConfigDistanceFilter.pyc
[13.201s] -- Installing: /home/agilex/autoware.ai/install/autoware_config_msgs/lib/python2.7/dist-packages/autoware_config_msgs/msg/_ConfigVelocitySet.py
[13.201s] -- Installing: /home/agilex/autoware.ai/install/autoware_config_msgs/lib/python2.7/dist-packages/autoware_config_msgs/msg/_ConfigVelocitySet.pyc
[13.201s] -- Installing: /home/agilex/autoware.ai/install/autoware_config_msgs/lib/python2.7/dist-packages/autoware_config_msgs/msg/_ConfigRingGroundFilter.py
[13.201s] -- Installing: /home/agilex/autoware.ai/install/autoware_config_msgs/lib/python2.7/dist-packages/autoware_config_msgs/msg/_ConfigSSD.pyc
[13.201s] -- Installing: /home/agilex/autoware.ai/install/autoware_config_msgs/lib/python2.7/dist-packages/autoware_config_msgs/msg/_ConfigCarFusion.pyc
[13.202s] -- Installing: /home/agilex/autoware.ai/install/autoware_config_msgs/lib/python2.7/dist-packages/autoware_config_msgs/msg/_ConfigTwistFilter.pyc
[13.202s] -- Installing: /home/agilex/autoware.ai/install/autoware_config_msgs/lib/python2.7/dist-packages/autoware_config_msgs/msg/_ConfigNDTMappingOutput.py
[13.202s] -- Installing: /home/agilex/autoware.ai/install/autoware_config_msgs/lib/python2.7/dist-packages/autoware_config_msgs/msg/_ConfigPedestrianKF.py
[13.202s] -- Installing: /home/agilex/autoware.ai/install/autoware_config_msgs/lib/python2.7/dist-packages/autoware_config_msgs/msg/_ConfigRcnn.pyc
[13.202s] -- Installing: /home/agilex/autoware.ai/install/autoware_config_msgs/lib/python2.7/dist-packages/autoware_config_msgs/msg/_ConfigPoints2Polygon.pyc
[13.202s] -- Installing: /home/agilex/autoware.ai/install/autoware_config_msgs/lib/python2.7/dist-packages/autoware_config_msgs/msg/_ConfigRingGroundFilter.pyc
[13.202s] -- Installing: /home/agilex/autoware.ai/install/autoware_config_msgs/lib/python2.7/dist-packages/autoware_config_msgs/msg/_ConfigLaneSelect.pyc
[13.202s] -- Installing: /home/agilex/autoware.ai/install/autoware_config_msgs/lib/python2.7/dist-packages/autoware_config_msgs/msg/_ConfigLaneStop.pyc
[13.202s] -- Installing: /home/agilex/autoware.ai/install/autoware_config_msgs/lib/python2.7/dist-packages/autoware_config_msgs/msg/_ConfigLatticeVelocitySet.py
[13.202s] -- Installing: /home/agilex/autoware.ai/install/autoware_config_msgs/lib/python2.7/dist-packages/autoware_config_msgs/msg/_ConfigPedestrianFusion.pyc
[13.202s] -- Installing: /home/agilex/autoware.ai/install/autoware_config_msgs/lib/python2.7/dist-packages/autoware_config_msgs/msg/_ConfigLaneStop.py
[13.203s] -- Installing: /home/agilex/autoware.ai/install/autoware_config_msgs/lib/python2.7/dist-packages/autoware_config_msgs/msg/_ConfigSSD.py
[13.203s] -- Installing: /home/agilex/autoware.ai/install/autoware_config_msgs/lib/python2.7/dist-packages/autoware_config_msgs/msg/_ConfigNDT.pyc
[13.203s] -- Installing: /home/agilex/autoware.ai/install/autoware_config_msgs/lib/python2.7/dist-packages/autoware_config_msgs/msg/_ConfigLaneRule.py
[13.203s] -- Installing: /home/agilex/autoware.ai/install/autoware_config_msgs/lib/python2.7/dist-packages/autoware_config_msgs/msg/_ConfigICP.pyc
[13.203s] -- Installing: /home/agilex/autoware.ai/install/autoware_config_msgs/lib/python2.7/dist-packages/autoware_config_msgs/msg/_ConfigWaypointReplanner.pyc
[13.203s] -- Installing: /home/agilex/autoware.ai/install/autoware_config_msgs/lib/python2.7/dist-packages/autoware_config_msgs/msg/__init__.pyc
[13.203s] -- Installing: /home/agilex/autoware.ai/install/autoware_config_msgs/lib/python2.7/dist-packages/autoware_config_msgs/msg/_ConfigVoxelGridFilter.py
[13.203s] -- Installing: /home/agilex/autoware.ai/install/autoware_config_msgs/lib/python2.7/dist-packages/autoware_config_msgs/msg/_ConfigRandomFilter.py
[13.203s] -- Installing: /home/agilex/autoware.ai/install/autoware_config_msgs/lib/python2.7/dist-packages/autoware_config_msgs/msg/_ConfigRingFilter.py
[13.203s] -- Installing: /home/agilex/autoware.ai/install/autoware_config_msgs/lib/python2.7/dist-packages/autoware_config_msgs/msg/_ConfigLaneRule.pyc
[13.204s] -- Installing: /home/agilex/autoware.ai/install/autoware_config_msgs/lib/python2.7/dist-packages/autoware_config_msgs/msg/_ConfigNDTMapping.py
[13.204s] -- Installing: /home/agilex/autoware.ai/install/autoware_config_msgs/lib/python2.7/dist-packages/autoware_config_msgs/msg/_ConfigNDTMappingOutput.pyc
[13.204s] -- Installing: /home/agilex/autoware.ai/install/autoware_config_msgs/lib/python2.7/dist-packages/autoware_config_msgs/msg/_ConfigPedestrianFusion.py
[13.204s] -- Installing: /home/agilex/autoware.ai/install/autoware_config_msgs/lib/python2.7/dist-packages/autoware_config_msgs/msg/__init__.py
[13.204s] -- Installing: /home/agilex/autoware.ai/install/autoware_config_msgs/lib/python2.7/dist-packages/autoware_config_msgs/msg/_ConfigLatticeVelocitySet.pyc
[13.204s] -- Installing: /home/agilex/autoware.ai/install/autoware_config_msgs/lib/python2.7/dist-packages/autoware_config_msgs/msg/_ConfigVoxelGridFilter.pyc
[13.204s] -- Installing: /home/agilex/autoware.ai/install/autoware_config_msgs/lib/python2.7/dist-packages/autoware_config_msgs/msg/_ConfigCarDPM.pyc
[13.204s] -- Installing: /home/agilex/autoware.ai/install/autoware_config_msgs/lib/python2.7/dist-packages/autoware_config_msgs/msg/_ConfigCarKF.py
[13.204s] -- Installing: /home/agilex/autoware.ai/install/autoware_config_msgs/lib/python2.7/dist-packages/autoware_config_msgs/msg/_ConfigRcnn.py
[13.205s] -- Installing: /home/agilex/autoware.ai/install/autoware_config_msgs/lib/python2.7/dist-packages/autoware_config_msgs/msg/_ConfigDecisionMaker.py
[13.205s] -- Installing: /home/agilex/autoware.ai/install/autoware_config_msgs/lib/python2.7/dist-packages/autoware_config_msgs/msg/_ConfigPedestrianDPM.py
[13.205s] -- Installing: /home/agilex/autoware.ai/install/autoware_config_msgs/lib/python2.7/dist-packages/autoware_config_msgs/msg/_ConfigICP.py
[13.205s] -- Installing: /home/agilex/autoware.ai/install/autoware_config_msgs/lib/python2.7/dist-packages/autoware_config_msgs/msg/_ConfigRayGroundFilter.pyc
[13.205s] -- Installing: /home/agilex/autoware.ai/install/autoware_config_msgs/lib/python2.7/dist-packages/autoware_config_msgs/msg/_ConfigCompareMapFilter.py
[13.205s] -- Installing: /home/agilex/autoware.ai/install/autoware_config_msgs/lib/python2.7/dist-packages/autoware_config_msgs/msg/_ConfigPlannerSelector.pyc
[13.205s] -- Installing: /home/agilex/autoware.ai/install/autoware_config_msgs/lib/python2.7/dist-packages/autoware_config_msgs/msg/_ConfigCarKF.pyc
[13.205s] -- Installing: /home/agilex/autoware.ai/install/autoware_config_msgs/lib/python2.7/dist-packages/autoware_config_msgs/msg/_ConfigDistanceFilter.py
[13.205s] -- Installing: /home/agilex/autoware.ai/install/autoware_config_msgs/lib/python2.7/dist-packages/autoware_config_msgs/msg/_ConfigRayGroundFilter.py
[13.205s] -- Installing: /home/agilex/autoware.ai/install/autoware_config_msgs/lib/python2.7/dist-packages/autoware_config_msgs/msg/_ConfigNDTMapping.pyc
[13.206s] -- Installing: /home/agilex/autoware.ai/install/autoware_config_msgs/lib/python2.7/dist-packages/autoware_config_msgs/msg/_ConfigLaneSelect.py
[13.206s] -- Installing: /home/agilex/autoware.ai/install/autoware_config_msgs/lib/python2.7/dist-packages/autoware_config_msgs/msg/_ConfigPedestrianDPM.pyc
[13.206s] -- Installing: /home/agilex/autoware.ai/install/autoware_config_msgs/lib/python2.7/dist-packages/autoware_config_msgs/msg/_ConfigPlannerSelector.py
[13.206s] -- Installing: /home/agilex/autoware.ai/install/autoware_config_msgs/lib/python2.7/dist-packages/autoware_config_msgs/msg/_ConfigCarDPM.py
[13.206s] -- Installing: /home/agilex/autoware.ai/install/autoware_config_msgs/lib/python2.7/dist-packages/autoware_config_msgs/msg/_ConfigPedestrianKF.pyc
[13.206s] -- Installing: /home/agilex/autoware.ai/install/autoware_config_msgs/lib/python2.7/dist-packages/autoware_config_msgs/msg/_ConfigWaypointFollower.pyc
[13.206s] -- Installing: /home/agilex/autoware.ai/install/autoware_config_msgs/lib/python2.7/dist-packages/autoware_config_msgs/__init__.py
[13.206s] -- Installing: /home/agilex/autoware.ai/install/autoware_config_msgs/lib/pkgconfig/autoware_config_msgs.pc
[13.206s] -- Installing: /home/agilex/autoware.ai/install/autoware_config_msgs/share/autoware_config_msgs/cmake/autoware_config_msgs-msg-extras.cmake
[13.206s] -- Installing: /home/agilex/autoware.ai/install/autoware_config_msgs/share/autoware_config_msgs/cmake/autoware_config_msgsConfig.cmake
[13.206s] -- Installing: /home/agilex/autoware.ai/install/autoware_config_msgs/share/autoware_config_msgs/cmake/autoware_config_msgsConfig-version.cmake
[13.206s] -- Installing: /home/agilex/autoware.ai/install/autoware_config_msgs/share/autoware_config_msgs/package.xml
[13.210s] Invoked command in '/home/agilex/autoware.ai/build/autoware_config_msgs' returned '0': /usr/bin/cmake --build /home/agilex/autoware.ai/build/autoware_config_msgs --target install -- -j8 -l8
