[0.083s] Invoking command in '/home/agilex/autoware.ai/build/points_preprocessor': CMAKE_PREFIX_PATH=/home/agilex/autoware.ai/install/autoware_health_checker:/home/agilex/autoware.ai/install/autoware_system_msgs:/home/agilex/autoware.ai/install/autoware_config_msgs:/home/agilex/autoware.ai/install/autoware_build_flags:${CMAKE_PREFIX_PATH} LD_LIBRARY_PATH=/home/agilex/autoware.ai/install/autoware_health_checker/lib:${LD_LIBRARY_PATH} PKG_CONFIG_PATH=/home/agilex/autoware.ai/install/autoware_health_checker/lib/x86_64-linux-gnu/pkgconfig:/home/agilex/autoware.ai/install/autoware_health_checker/lib/pkgconfig:/home/agilex/autoware.ai/install/autoware_system_msgs/lib/x86_64-linux-gnu/pkgconfig:/home/agilex/autoware.ai/install/autoware_system_msgs/lib/pkgconfig:/home/agilex/autoware.ai/install/autoware_config_msgs/lib/x86_64-linux-gnu/pkgconfig:/home/agilex/autoware.ai/install/autoware_config_msgs/lib/pkgconfig:/home/agilex/autoware.ai/install/autoware_build_flags/lib/x86_64-linux-gnu/pkgconfig:/home/agilex/autoware.ai/install/autoware_build_flags/lib/pkgconfig:${PKG_CONFIG_PATH} PYTHONPATH=/home/agilex/autoware.ai/install/autoware_system_msgs/lib/python2.7/dist-packages:/home/agilex/autoware.ai/install/autoware_config_msgs/lib/python2.7/dist-packages:${PYTHONPATH} ROS_PACKAGE_PATH=/home/agilex/autoware.ai/install/autoware_health_checker/share:/home/agilex/autoware.ai/install/autoware_system_msgs/share:/home/agilex/autoware.ai/install/autoware_config_msgs/share:/home/agilex/autoware.ai/install/autoware_build_flags/share:${ROS_PACKAGE_PATH} /usr/bin/cmake --build /home/agilex/autoware.ai/build/points_preprocessor -- -j8 -l8
[0.256s] [  0%] Built target autoware_system_msgs_generate_messages_lisp
[0.258s] [  0%] Built target autoware_system_msgs_generate_messages_cpp
[0.263s] [  0%] Built target velodyne_msgs_generate_messages_py
[0.273s] [  0%] Built target actionlib_generate_messages_nodejs
[0.336s] [  0%] Built target autoware_system_msgs_generate_messages_eus
[0.336s] [  0%] Built target diagnostic_msgs_generate_messages_nodejs
[0.336s] [  0%] Built target diagnostic_msgs_generate_messages_py
[0.340s] [  0%] Built target velodyne_msgs_generate_messages_cpp
[0.377s] [  0%] Built target diagnostic_msgs_generate_messages_eus
[0.392s] [  0%] Built target velodyne_msgs_generate_messages_eus
[0.399s] [  0%] Built target diagnostic_msgs_generate_messages_lisp
[0.414s] [  0%] Built target velodyne_pointcloud_gencfg
[0.446s] [  0%] Built target tf2_msgs_generate_messages_cpp
[0.454s] [  0%] Built target tf2_msgs_generate_messages_nodejs
[0.461s] [  0%] Built target tf2_msgs_generate_messages_eus
[0.490s] [  0%] Built target actionlib_msgs_generate_messages_lisp
[0.497s] [  0%] Built target actionlib_msgs_generate_messages_py
[0.542s] [  0%] Built target geometry_msgs_generate_messages_py
[0.544s] [  0%] Built target autoware_system_msgs_generate_messages_nodejs
[0.547s] [  0%] Built target geometry_msgs_generate_messages_lisp
[0.561s] [  0%] Built target autoware_system_msgs_generate_messages_py
[0.596s] [  0%] Built target sensor_msgs_generate_messages_lisp
[0.623s] [  0%] Built target rosgraph_msgs_generate_messages_lisp
[0.646s] [  0%] Built target rosgraph_msgs_generate_messages_eus
[0.681s] [  0%] Built target rosgraph_msgs_generate_messages_cpp
[0.711s] [  0%] Built target topic_tools_generate_messages_cpp
[0.746s] [  0%] Built target geometry_msgs_generate_messages_eus
[0.774s] [  0%] Built target roscpp_generate_messages_py
[0.795s] [  0%] Built target std_srvs_generate_messages_eus
[0.825s] [  0%] Built target roscpp_generate_messages_lisp
[0.860s] [  0%] Built target bond_generate_messages_eus
[0.890s] [  0%] Built target dynamic_reconfigure_generate_messages_cpp
[0.914s] [  0%] Built target tf_generate_messages_py
[0.941s] [  0%] Built target actionlib_msgs_generate_messages_eus
[0.976s] [  0%] Built target roscpp_generate_messages_eus
[1.008s] [  0%] Built target rosgraph_msgs_generate_messages_py
[1.041s] [  0%] Built target std_msgs_generate_messages_eus
[1.067s] [  0%] Built target pcl_ros_gencfg
[1.093s] [  0%] Built target topic_tools_generate_messages_nodejs
[1.110s] [  0%] Built target tf2_msgs_generate_messages_py
[1.131s] [  0%] Built target actionlib_generate_messages_py
[1.152s] [  0%] Built target rosgraph_msgs_generate_messages_nodejs
[1.171s] [  0%] Built target std_msgs_generate_messages_cpp
[1.188s] [  0%] Built target sensor_msgs_generate_messages_py
[1.210s] [  0%] Built target nodelet_generate_messages_py
[1.232s] [  0%] Built target sensor_msgs_generate_messages_eus
[1.249s] [  0%] Built target sensor_msgs_generate_messages_cpp
[1.267s] [  0%] Built target roscpp_generate_messages_nodejs
[1.285s] [  0%] Built target std_msgs_generate_messages_lisp
[1.302s] [  0%] Built target std_msgs_generate_messages_nodejs
[1.321s] [  0%] Built target bond_generate_messages_lisp
[1.341s] [  0%] Built target std_msgs_generate_messages_py
[1.363s] [  0%] Built target geometry_msgs_generate_messages_nodejs
[1.381s] [  0%] Built target dynamic_reconfigure_generate_messages_eus
[1.401s] [  0%] Built target dynamic_reconfigure_generate_messages_lisp
[1.424s] [  0%] Built target pcl_msgs_generate_messages_cpp
[1.443s] [  0%] Built target dynamic_reconfigure_generate_messages_nodejs
[1.463s] [  0%] Built target dynamic_reconfigure_generate_messages_py
[1.481s] [  0%] Built target tf2_msgs_generate_messages_lisp
[1.503s] [  0%] Built target dynamic_reconfigure_gencfg
[1.520s] [  0%] Built target nodelet_generate_messages_cpp
[1.540s] [  0%] Built target bond_generate_messages_py
[1.560s] [  0%] Built target std_srvs_generate_messages_nodejs
[1.578s] [  0%] Built target geometry_msgs_generate_messages_cpp
[1.596s] [  0%] Built target actionlib_generate_messages_lisp
[1.614s] [  0%] Built target nodelet_generate_messages_eus
[1.640s] [  0%] Built target nodelet_generate_messages_lisp
[1.657s] [  0%] Built target nodelet_generate_messages_nodejs
[1.677s] [  0%] Built target pcl_msgs_generate_messages_nodejs
[1.698s] [  0%] Built target bond_generate_messages_cpp
[1.720s] [  0%] Built target actionlib_msgs_generate_messages_cpp
[1.739s] [  0%] Built target tf_generate_messages_eus
[1.758s] [  0%] Built target bond_generate_messages_nodejs
[1.780s] [  0%] Built target actionlib_msgs_generate_messages_nodejs
[1.799s] [  0%] Built target topic_tools_generate_messages_py
[1.815s] [  0%] Built target nodelet_topic_tools_gencfg
[1.834s] [  0%] Built target std_srvs_generate_messages_lisp
[1.856s] [  0%] Built target topic_tools_generate_messages_lisp
[1.876s] [  0%] Built target pcl_msgs_generate_messages_eus
[1.895s] [  0%] Built target topic_tools_generate_messages_eus
[1.919s] [  0%] Built target std_srvs_generate_messages_cpp
[1.936s] [  0%] Built target std_srvs_generate_messages_py
[1.956s] [  0%] Built target tf_generate_messages_lisp
[1.973s] [  0%] Built target tf_generate_messages_nodejs
[1.991s] [  0%] Built target diagnostic_msgs_generate_messages_cpp
[2.012s] [  0%] Built target pcl_msgs_generate_messages_py
[2.028s] [  0%] Built target actionlib_generate_messages_eus
[2.046s] [  0%] Built target pcl_msgs_generate_messages_lisp
[2.066s] [  0%] Built target tf_generate_messages_cpp
[2.107s] [ 14%] Built target ray_ground_filter_lib
[2.126s] [ 14%] Built target actionlib_generate_messages_cpp
[2.149s] [ 14%] Built target roscpp_generate_messages_cpp
[2.167s] [ 14%] Built target sensor_msgs_generate_messages_nodejs
[2.184s] [ 14%] Built target velodyne_driver_gencfg
[2.206s] [ 14%] Built target velodyne_msgs_generate_messages_lisp
[2.225s] [ 14%] Built target velodyne_msgs_generate_messages_nodejs
[2.263s] [ 28%] Built target compare_map_filter
[2.295s] [ 42%] Built target space_filter
[2.331s] [ 57%] Built target points_concat_filter
[2.366s] [ 71%] Built target cloud_transformer
[2.403s] [ 85%] Built target ring_ground_filter
[2.438s] [100%] Built target ray_ground_filter
[2.447s] Invoked command in '/home/agilex/autoware.ai/build/points_preprocessor' returned '0': CMAKE_PREFIX_PATH=/home/agilex/autoware.ai/install/autoware_health_checker:/home/agilex/autoware.ai/install/autoware_system_msgs:/home/agilex/autoware.ai/install/autoware_config_msgs:/home/agilex/autoware.ai/install/autoware_build_flags:${CMAKE_PREFIX_PATH} LD_LIBRARY_PATH=/home/agilex/autoware.ai/install/autoware_health_checker/lib:${LD_LIBRARY_PATH} PKG_CONFIG_PATH=/home/agilex/autoware.ai/install/autoware_health_checker/lib/x86_64-linux-gnu/pkgconfig:/home/agilex/autoware.ai/install/autoware_health_checker/lib/pkgconfig:/home/agilex/autoware.ai/install/autoware_system_msgs/lib/x86_64-linux-gnu/pkgconfig:/home/agilex/autoware.ai/install/autoware_system_msgs/lib/pkgconfig:/home/agilex/autoware.ai/install/autoware_config_msgs/lib/x86_64-linux-gnu/pkgconfig:/home/agilex/autoware.ai/install/autoware_config_msgs/lib/pkgconfig:/home/agilex/autoware.ai/install/autoware_build_flags/lib/x86_64-linux-gnu/pkgconfig:/home/agilex/autoware.ai/install/autoware_build_flags/lib/pkgconfig:${PKG_CONFIG_PATH} PYTHONPATH=/home/agilex/autoware.ai/install/autoware_system_msgs/lib/python2.7/dist-packages:/home/agilex/autoware.ai/install/autoware_config_msgs/lib/python2.7/dist-packages:${PYTHONPATH} ROS_PACKAGE_PATH=/home/agilex/autoware.ai/install/autoware_health_checker/share:/home/agilex/autoware.ai/install/autoware_system_msgs/share:/home/agilex/autoware.ai/install/autoware_config_msgs/share:/home/agilex/autoware.ai/install/autoware_build_flags/share:${ROS_PACKAGE_PATH} /usr/bin/cmake --build /home/agilex/autoware.ai/build/points_preprocessor -- -j8 -l8
[2.607s] Invoking command in '/home/agilex/autoware.ai/build/points_preprocessor': CMAKE_PREFIX_PATH=/home/agilex/autoware.ai/install/autoware_health_checker:/home/agilex/autoware.ai/install/autoware_system_msgs:/home/agilex/autoware.ai/install/autoware_config_msgs:/home/agilex/autoware.ai/install/autoware_build_flags:${CMAKE_PREFIX_PATH} LD_LIBRARY_PATH=/home/agilex/autoware.ai/install/autoware_health_checker/lib:${LD_LIBRARY_PATH} PKG_CONFIG_PATH=/home/agilex/autoware.ai/install/autoware_health_checker/lib/x86_64-linux-gnu/pkgconfig:/home/agilex/autoware.ai/install/autoware_health_checker/lib/pkgconfig:/home/agilex/autoware.ai/install/autoware_system_msgs/lib/x86_64-linux-gnu/pkgconfig:/home/agilex/autoware.ai/install/autoware_system_msgs/lib/pkgconfig:/home/agilex/autoware.ai/install/autoware_config_msgs/lib/x86_64-linux-gnu/pkgconfig:/home/agilex/autoware.ai/install/autoware_config_msgs/lib/pkgconfig:/home/agilex/autoware.ai/install/autoware_build_flags/lib/x86_64-linux-gnu/pkgconfig:/home/agilex/autoware.ai/install/autoware_build_flags/lib/pkgconfig:${PKG_CONFIG_PATH} PYTHONPATH=/home/agilex/autoware.ai/install/autoware_system_msgs/lib/python2.7/dist-packages:/home/agilex/autoware.ai/install/autoware_config_msgs/lib/python2.7/dist-packages:${PYTHONPATH} ROS_PACKAGE_PATH=/home/agilex/autoware.ai/install/autoware_health_checker/share:/home/agilex/autoware.ai/install/autoware_system_msgs/share:/home/agilex/autoware.ai/install/autoware_config_msgs/share:/home/agilex/autoware.ai/install/autoware_build_flags/share:${ROS_PACKAGE_PATH} /usr/bin/cmake --build /home/agilex/autoware.ai/build/points_preprocessor --target tests -- -j8 -l8
[2.675s] Built target tests
[2.684s] Invoked command in '/home/agilex/autoware.ai/build/points_preprocessor' returned '0': CMAKE_PREFIX_PATH=/home/agilex/autoware.ai/install/autoware_health_checker:/home/agilex/autoware.ai/install/autoware_system_msgs:/home/agilex/autoware.ai/install/autoware_config_msgs:/home/agilex/autoware.ai/install/autoware_build_flags:${CMAKE_PREFIX_PATH} LD_LIBRARY_PATH=/home/agilex/autoware.ai/install/autoware_health_checker/lib:${LD_LIBRARY_PATH} PKG_CONFIG_PATH=/home/agilex/autoware.ai/install/autoware_health_checker/lib/x86_64-linux-gnu/pkgconfig:/home/agilex/autoware.ai/install/autoware_health_checker/lib/pkgconfig:/home/agilex/autoware.ai/install/autoware_system_msgs/lib/x86_64-linux-gnu/pkgconfig:/home/agilex/autoware.ai/install/autoware_system_msgs/lib/pkgconfig:/home/agilex/autoware.ai/install/autoware_config_msgs/lib/x86_64-linux-gnu/pkgconfig:/home/agilex/autoware.ai/install/autoware_config_msgs/lib/pkgconfig:/home/agilex/autoware.ai/install/autoware_build_flags/lib/x86_64-linux-gnu/pkgconfig:/home/agilex/autoware.ai/install/autoware_build_flags/lib/pkgconfig:${PKG_CONFIG_PATH} PYTHONPATH=/home/agilex/autoware.ai/install/autoware_system_msgs/lib/python2.7/dist-packages:/home/agilex/autoware.ai/install/autoware_config_msgs/lib/python2.7/dist-packages:${PYTHONPATH} ROS_PACKAGE_PATH=/home/agilex/autoware.ai/install/autoware_health_checker/share:/home/agilex/autoware.ai/install/autoware_system_msgs/share:/home/agilex/autoware.ai/install/autoware_config_msgs/share:/home/agilex/autoware.ai/install/autoware_build_flags/share:${ROS_PACKAGE_PATH} /usr/bin/cmake --build /home/agilex/autoware.ai/build/points_preprocessor --target tests -- -j8 -l8
[2.837s] Invoking command in '/home/agilex/autoware.ai/build/points_preprocessor': CMAKE_PREFIX_PATH=/home/agilex/autoware.ai/install/autoware_health_checker:/home/agilex/autoware.ai/install/autoware_system_msgs:/home/agilex/autoware.ai/install/autoware_config_msgs:/home/agilex/autoware.ai/install/autoware_build_flags:${CMAKE_PREFIX_PATH} LD_LIBRARY_PATH=/home/agilex/autoware.ai/install/autoware_health_checker/lib:${LD_LIBRARY_PATH} PKG_CONFIG_PATH=/home/agilex/autoware.ai/install/autoware_health_checker/lib/x86_64-linux-gnu/pkgconfig:/home/agilex/autoware.ai/install/autoware_health_checker/lib/pkgconfig:/home/agilex/autoware.ai/install/autoware_system_msgs/lib/x86_64-linux-gnu/pkgconfig:/home/agilex/autoware.ai/install/autoware_system_msgs/lib/pkgconfig:/home/agilex/autoware.ai/install/autoware_config_msgs/lib/x86_64-linux-gnu/pkgconfig:/home/agilex/autoware.ai/install/autoware_config_msgs/lib/pkgconfig:/home/agilex/autoware.ai/install/autoware_build_flags/lib/x86_64-linux-gnu/pkgconfig:/home/agilex/autoware.ai/install/autoware_build_flags/lib/pkgconfig:${PKG_CONFIG_PATH} PYTHONPATH=/home/agilex/autoware.ai/install/autoware_system_msgs/lib/python2.7/dist-packages:/home/agilex/autoware.ai/install/autoware_config_msgs/lib/python2.7/dist-packages:${PYTHONPATH} ROS_PACKAGE_PATH=/home/agilex/autoware.ai/install/autoware_health_checker/share:/home/agilex/autoware.ai/install/autoware_system_msgs/share:/home/agilex/autoware.ai/install/autoware_config_msgs/share:/home/agilex/autoware.ai/install/autoware_build_flags/share:${ROS_PACKAGE_PATH} /usr/bin/cmake --build /home/agilex/autoware.ai/build/points_preprocessor --target install -- -j8 -l8
[2.889s] [  0%] Built target actionlib_generate_messages_nodejs
[2.910s] [  0%] Built target velodyne_msgs_generate_messages_cpp
[2.931s] [  0%] Built target autoware_system_msgs_generate_messages_eus
[2.949s] [  0%] Built target diagnostic_msgs_generate_messages_py
[2.966s] [  0%] Built target diagnostic_msgs_generate_messages_nodejs
[2.983s] [  0%] Built target diagnostic_msgs_generate_messages_lisp
[3.003s] [  0%] Built target diagnostic_msgs_generate_messages_eus
[3.018s] [  0%] Built target velodyne_driver_gencfg
[3.035s] [  0%] Built target velodyne_pointcloud_gencfg
[3.050s] [  0%] Built target tf2_msgs_generate_messages_nodejs
[3.070s] [  0%] Built target tf2_msgs_generate_messages_eus
[3.087s] [  0%] Built target tf2_msgs_generate_messages_cpp
[3.108s] [  0%] Built target actionlib_msgs_generate_messages_py
[3.128s] [  0%] Built target autoware_system_msgs_generate_messages_nodejs
[3.149s] [  0%] Built target actionlib_msgs_generate_messages_lisp
[3.170s] [  0%] Built target geometry_msgs_generate_messages_py
[3.185s] [  0%] Built target geometry_msgs_generate_messages_lisp
[3.207s] [  0%] Built target autoware_system_msgs_generate_messages_py
[3.227s] [  0%] Built target sensor_msgs_generate_messages_nodejs
[3.248s] [  0%] Built target roscpp_generate_messages_cpp
[3.268s] [  0%] Built target actionlib_generate_messages_cpp
[3.284s] [  0%] Built target sensor_msgs_generate_messages_lisp
[3.302s] [  0%] Built target rosgraph_msgs_generate_messages_lisp
[3.324s] [  0%] Built target rosgraph_msgs_generate_messages_eus
[3.340s] [  0%] Built target rosgraph_msgs_generate_messages_cpp
[3.357s] [  0%] Built target topic_tools_generate_messages_cpp
[3.378s] [  0%] Built target geometry_msgs_generate_messages_eus
[3.397s] [  0%] Built target roscpp_generate_messages_py
[3.417s] [  0%] Built target std_srvs_generate_messages_eus
[3.433s] [  0%] Built target roscpp_generate_messages_lisp
[3.449s] [  0%] Built target bond_generate_messages_eus
[3.469s] [  0%] Built target dynamic_reconfigure_generate_messages_cpp
[3.488s] [  0%] Built target tf_generate_messages_py
[3.504s] [  0%] Built target actionlib_msgs_generate_messages_eus
[3.520s] [  0%] Built target roscpp_generate_messages_eus
[3.548s] [  0%] Built target rosgraph_msgs_generate_messages_py
[3.566s] [  0%] Built target std_msgs_generate_messages_eus
[3.587s] [  0%] Built target pcl_ros_gencfg
[3.603s] [  0%] Built target topic_tools_generate_messages_nodejs
[3.619s] [  0%] Built target tf2_msgs_generate_messages_py
[3.637s] [  0%] Built target actionlib_generate_messages_py
[3.656s] [  0%] Built target rosgraph_msgs_generate_messages_nodejs
[3.672s] [  0%] Built target std_msgs_generate_messages_cpp
[3.693s] [  0%] Built target sensor_msgs_generate_messages_py
[3.714s] [  0%] Built target nodelet_generate_messages_py
[3.731s] [  0%] Built target sensor_msgs_generate_messages_eus
[3.750s] [  0%] Built target sensor_msgs_generate_messages_cpp
[3.767s] [  0%] Built target roscpp_generate_messages_nodejs
[3.786s] [  0%] Built target std_msgs_generate_messages_lisp
[3.807s] [  0%] Built target std_msgs_generate_messages_nodejs
[3.824s] [  0%] Built target bond_generate_messages_lisp
[3.840s] [  0%] Built target std_msgs_generate_messages_py
[3.864s] [  0%] Built target geometry_msgs_generate_messages_nodejs
[3.884s] [  0%] Built target dynamic_reconfigure_generate_messages_eus
[3.900s] [  0%] Built target dynamic_reconfigure_generate_messages_lisp
[3.923s] [  0%] Built target pcl_msgs_generate_messages_cpp
[3.946s] [  0%] Built target dynamic_reconfigure_generate_messages_nodejs
[3.964s] [  0%] Built target dynamic_reconfigure_generate_messages_py
[3.983s] [  0%] Built target tf2_msgs_generate_messages_lisp
[4.006s] [  0%] Built target dynamic_reconfigure_gencfg
[4.023s] [  0%] Built target nodelet_generate_messages_cpp
[4.042s] [  0%] Built target bond_generate_messages_py
[4.061s] [  0%] Built target std_srvs_generate_messages_nodejs
[4.080s] [  0%] Built target geometry_msgs_generate_messages_cpp
[4.101s] [  0%] Built target actionlib_generate_messages_lisp
[4.119s] [  0%] Built target nodelet_generate_messages_eus
[4.140s] [  0%] Built target nodelet_generate_messages_lisp
[4.158s] [  0%] Built target nodelet_generate_messages_nodejs
[4.174s] [  0%] Built target pcl_msgs_generate_messages_nodejs
[4.191s] [  0%] Built target bond_generate_messages_cpp
[4.206s] [  0%] Built target actionlib_msgs_generate_messages_cpp
[4.224s] [  0%] Built target tf_generate_messages_eus
[4.240s] [  0%] Built target bond_generate_messages_nodejs
[4.256s] [  0%] Built target actionlib_msgs_generate_messages_nodejs
[4.272s] [  0%] Built target topic_tools_generate_messages_py
[4.292s] [  0%] Built target nodelet_topic_tools_gencfg
[4.309s] [  0%] Built target std_srvs_generate_messages_lisp
[4.327s] [  0%] Built target topic_tools_generate_messages_lisp
[4.345s] [  0%] Built target pcl_msgs_generate_messages_eus
[4.365s] [  0%] Built target topic_tools_generate_messages_eus
[4.382s] [  0%] Built target std_srvs_generate_messages_cpp
[4.400s] [  0%] Built target std_srvs_generate_messages_py
[4.417s] [  0%] Built target tf_generate_messages_lisp
[4.433s] [  0%] Built target tf_generate_messages_nodejs
[4.456s] [  0%] Built target diagnostic_msgs_generate_messages_cpp
[4.473s] [  0%] Built target pcl_msgs_generate_messages_py
[4.492s] [  0%] Built target actionlib_generate_messages_eus
[4.513s] [  0%] Built target pcl_msgs_generate_messages_lisp
[4.531s] [  0%] Built target tf_generate_messages_cpp
[4.572s] [ 14%] Built target ray_ground_filter_lib
[4.589s] [ 14%] Built target velodyne_msgs_generate_messages_eus
[4.605s] [ 14%] Built target velodyne_msgs_generate_messages_lisp
[4.623s] [ 14%] Built target velodyne_msgs_generate_messages_nodejs
[4.640s] [ 14%] Built target velodyne_msgs_generate_messages_py
[4.659s] [ 14%] Built target autoware_system_msgs_generate_messages_cpp
[4.678s] [ 14%] Built target autoware_system_msgs_generate_messages_lisp
[4.709s] [ 28%] Built target compare_map_filter
[4.741s] [ 42%] Built target space_filter
[4.774s] [ 57%] Built target points_concat_filter
[4.807s] [ 71%] Built target cloud_transformer
[4.842s] [ 85%] Built target ring_ground_filter
[4.880s] [100%] Built target ray_ground_filter
[4.900s] [36mInstall the project...[0m
[4.907s] -- Install configuration: "Release"
[4.907s] -- Up-to-date: /home/agilex/autoware.ai/install/points_preprocessor/lib/pkgconfig/points_preprocessor.pc
[4.907s] -- Up-to-date: /home/agilex/autoware.ai/install/points_preprocessor/share/points_preprocessor/cmake/points_preprocessorConfig.cmake
[4.907s] -- Up-to-date: /home/agilex/autoware.ai/install/points_preprocessor/share/points_preprocessor/cmake/points_preprocessorConfig-version.cmake
[4.907s] -- Up-to-date: /home/agilex/autoware.ai/install/points_preprocessor/share/points_preprocessor/package.xml
[4.908s] -- Up-to-date: /home/agilex/autoware.ai/install/points_preprocessor/lib/points_preprocessor/cloud_transformer
[4.909s] -- Up-to-date: /home/agilex/autoware.ai/install/points_preprocessor/lib/points_preprocessor/points_concat_filter
[4.910s] -- Up-to-date: /home/agilex/autoware.ai/install/points_preprocessor/lib/libray_ground_filter_lib.so
[4.911s] -- Up-to-date: /home/agilex/autoware.ai/install/points_preprocessor/lib/points_preprocessor/ray_ground_filter
[4.913s] -- Up-to-date: /home/agilex/autoware.ai/install/points_preprocessor/lib/points_preprocessor/ring_ground_filter
[4.914s] -- Up-to-date: /home/agilex/autoware.ai/install/points_preprocessor/lib/points_preprocessor/space_filter
[4.915s] -- Up-to-date: /home/agilex/autoware.ai/install/points_preprocessor/lib/points_preprocessor/compare_map_filter
[4.916s] -- Up-to-date: /home/agilex/autoware.ai/install/points_preprocessor/include
[4.916s] -- Up-to-date: /home/agilex/autoware.ai/install/points_preprocessor/include/gencolors.cpp
[4.916s] -- Up-to-date: /home/agilex/autoware.ai/install/points_preprocessor/share/points_preprocessor/launch
[4.916s] -- Up-to-date: /home/agilex/autoware.ai/install/points_preprocessor/share/points_preprocessor/launch/ring_ground_filter.launch
[4.916s] -- Up-to-date: /home/agilex/autoware.ai/install/points_preprocessor/share/points_preprocessor/launch/cloud_transformer.launch
[4.916s] -- Up-to-date: /home/agilex/autoware.ai/install/points_preprocessor/share/points_preprocessor/launch/compare_map_filter.launch
[4.916s] -- Up-to-date: /home/agilex/autoware.ai/install/points_preprocessor/share/points_preprocessor/launch/points_concat_filter.launch
[4.916s] -- Up-to-date: /home/agilex/autoware.ai/install/points_preprocessor/share/points_preprocessor/launch/ray_ground_filter.launch
[4.917s] -- Up-to-date: /home/agilex/autoware.ai/install/points_preprocessor/share/points_preprocessor/launch/space_filter.launch
[4.920s] Invoked command in '/home/agilex/autoware.ai/build/points_preprocessor' returned '0': CMAKE_PREFIX_PATH=/home/agilex/autoware.ai/install/autoware_health_checker:/home/agilex/autoware.ai/install/autoware_system_msgs:/home/agilex/autoware.ai/install/autoware_config_msgs:/home/agilex/autoware.ai/install/autoware_build_flags:${CMAKE_PREFIX_PATH} LD_LIBRARY_PATH=/home/agilex/autoware.ai/install/autoware_health_checker/lib:${LD_LIBRARY_PATH} PKG_CONFIG_PATH=/home/agilex/autoware.ai/install/autoware_health_checker/lib/x86_64-linux-gnu/pkgconfig:/home/agilex/autoware.ai/install/autoware_health_checker/lib/pkgconfig:/home/agilex/autoware.ai/install/autoware_system_msgs/lib/x86_64-linux-gnu/pkgconfig:/home/agilex/autoware.ai/install/autoware_system_msgs/lib/pkgconfig:/home/agilex/autoware.ai/install/autoware_config_msgs/lib/x86_64-linux-gnu/pkgconfig:/home/agilex/autoware.ai/install/autoware_config_msgs/lib/pkgconfig:/home/agilex/autoware.ai/install/autoware_build_flags/lib/x86_64-linux-gnu/pkgconfig:/home/agilex/autoware.ai/install/autoware_build_flags/lib/pkgconfig:${PKG_CONFIG_PATH} PYTHONPATH=/home/agilex/autoware.ai/install/autoware_system_msgs/lib/python2.7/dist-packages:/home/agilex/autoware.ai/install/autoware_config_msgs/lib/python2.7/dist-packages:${PYTHONPATH} ROS_PACKAGE_PATH=/home/agilex/autoware.ai/install/autoware_health_checker/share:/home/agilex/autoware.ai/install/autoware_system_msgs/share:/home/agilex/autoware.ai/install/autoware_config_msgs/share:/home/agilex/autoware.ai/install/autoware_build_flags/share:${ROS_PACKAGE_PATH} /usr/bin/cmake --build /home/agilex/autoware.ai/build/points_preprocessor --target install -- -j8 -l8
