[0.025s] Invoking command in '/home/agilex/autoware.ai/build/autoware_system_msgs': /usr/bin/cmake /home/agilex/autoware.ai/src/autoware/messages/autoware_system_msgs -DCMAKE_BUILD_TYPE=Release -DCATKIN_INSTALL_INTO_PREFIX_ROOT=0 -DCMAKE_INSTALL_PREFIX=/home/agilex/autoware.ai/install/autoware_system_msgs
[0.110s] -- The C compiler identification is GNU 7.5.0
[0.171s] -- The CXX compiler identification is GNU 7.5.0
[0.175s] -- Check for working C compiler: /usr/bin/cc
[0.236s] -- Check for working C compiler: /usr/bin/cc -- works
[0.236s] -- Detecting C compiler ABI info
[0.291s] -- Detecting C compiler ABI info - done
[0.297s] -- Detecting C compile features
[0.504s] -- Detecting C compile features - done
[0.507s] -- Check for working CXX compiler: /usr/bin/c++
[0.571s] -- Check for working CXX compiler: /usr/bin/c++ -- works
[0.572s] -- Detecting CXX compiler ABI info
[0.648s] -- Detecting CXX compiler ABI info - done
[0.654s] -- Detecting CXX compile features
[0.976s] -- Detecting CXX compile features - done
[0.977s] -- Using CATKIN_DEVEL_PREFIX: /home/agilex/autoware.ai/build/autoware_system_msgs/devel
[0.977s] -- Using CMAKE_PREFIX_PATH: /opt/ros/melodic
[0.977s] -- This workspace overlays: /opt/ros/melodic
[0.991s] -- Found PythonInterp: /usr/bin/python2 (found suitable version "2.7.17", minimum required is "2") 
[0.991s] -- Using PYTHON_EXECUTABLE: /usr/bin/python2
[0.991s] -- Using Debian Python package layout
[0.991s] -- Using empy: /usr/bin/empy
[1.121s] -- Using CATKIN_ENABLE_TESTING: ON
[1.121s] -- Call enable_testing()
[1.126s] -- Using CATKIN_TEST_RESULTS_DIR: /home/agilex/autoware.ai/build/autoware_system_msgs/test_results
[1.140s] -- Found gtest sources under '/usr/src/googletest': gtests will be built
[1.141s] -- Found gmock sources under '/usr/src/googletest': gmock will be built
[1.152s] -- Found PythonInterp: /usr/bin/python2 (found version "2.7.17") 
[1.153s] -- Looking for pthread.h
[1.221s] -- Looking for pthread.h - found
[1.223s] -- Looking for pthread_create
[1.286s] -- Looking for pthread_create - not found
[1.286s] -- Looking for pthread_create in pthreads
[1.339s] -- Looking for pthread_create in pthreads - not found
[1.340s] -- Looking for pthread_create in pthread
[1.405s] -- Looking for pthread_create in pthread - found
[1.406s] -- Found Threads: TRUE  
[1.410s] -- Using Python nosetests: /usr/bin/nosetests-2.7
[1.448s] -- catkin 0.7.29
[1.448s] -- BUILD_SHARED_LIBS is on
[1.536s] -- Using these message generators: gencpp;geneus;genlisp;gennodejs;genpy
[1.787s] -- autoware_system_msgs: 5 messages, 0 services
[1.911s] -- Configuring done
[1.932s] -- Generating done
[1.935s] -- Build files have been written to: /home/agilex/autoware.ai/build/autoware_system_msgs
[1.956s] Invoked command in '/home/agilex/autoware.ai/build/autoware_system_msgs' returned '0': /usr/bin/cmake /home/agilex/autoware.ai/src/autoware/messages/autoware_system_msgs -DCMAKE_BUILD_TYPE=Release -DCATKIN_INSTALL_INTO_PREFIX_ROOT=0 -DCMAKE_INSTALL_PREFIX=/home/agilex/autoware.ai/install/autoware_system_msgs
[1.957s] Invoking command in '/home/agilex/autoware.ai/build/autoware_system_msgs': /usr/bin/cmake --build /home/agilex/autoware.ai/build/autoware_system_msgs -- -j8 -l8
[2.015s] [35m[1mScanning dependencies of target rosgraph_msgs_generate_messages_lisp[0m
[2.020s] [35m[1mScanning dependencies of target _autoware_system_msgs_generate_messages_check_deps_SystemStatus[0m
[2.022s] [35m[1mScanning dependencies of target _autoware_system_msgs_generate_messages_check_deps_DiagnosticStatus[0m
[2.024s] [35m[1mScanning dependencies of target _autoware_system_msgs_generate_messages_check_deps_DiagnosticStatusArray[0m
[2.026s] [35m[1mScanning dependencies of target std_msgs_generate_messages_lisp[0m
[2.028s] [35m[1mScanning dependencies of target _autoware_system_msgs_generate_messages_check_deps_NodeStatus[0m
[2.038s] [35m[1mScanning dependencies of target _autoware_system_msgs_generate_messages_check_deps_HardwareStatus[0m
[2.041s] [35m[1mScanning dependencies of target rosgraph_msgs_generate_messages_cpp[0m
[2.046s] [  0%] Built target rosgraph_msgs_generate_messages_lisp
[2.048s] [  0%] Built target std_msgs_generate_messages_lisp
[2.061s] [35m[1mScanning dependencies of target std_msgs_generate_messages_cpp[0m
[2.069s] [  0%] Built target rosgraph_msgs_generate_messages_cpp
[2.074s] [  0%] Built target _autoware_system_msgs_generate_messages_check_deps_SystemStatus
[2.076s] [  0%] Built target _autoware_system_msgs_generate_messages_check_deps_NodeStatus
[2.077s] [  0%] Built target _autoware_system_msgs_generate_messages_check_deps_DiagnosticStatusArray
[2.087s] [35m[1mScanning dependencies of target std_msgs_generate_messages_nodejs[0m
[2.091s] [  0%] Built target std_msgs_generate_messages_cpp
[2.095s] [35m[1mScanning dependencies of target rosgraph_msgs_generate_messages_eus[0m
[2.096s] [35m[1mScanning dependencies of target std_msgs_generate_messages_py[0m
[2.096s] [35m[1mScanning dependencies of target rosgraph_msgs_generate_messages_nodejs[0m
[2.101s] [  0%] Built target _autoware_system_msgs_generate_messages_check_deps_DiagnosticStatus
[2.111s] [  0%] Built target rosgraph_msgs_generate_messages_eus
[2.116s] [  0%] Built target _autoware_system_msgs_generate_messages_check_deps_HardwareStatus
[2.117s] [35m[1mScanning dependencies of target rosgraph_msgs_generate_messages_py[0m
[2.129s] [  0%] Built target std_msgs_generate_messages_nodejs
[2.134s] [  0%] Built target std_msgs_generate_messages_py
[2.142s] [35m[1mScanning dependencies of target std_msgs_generate_messages_eus[0m
[2.143s] [  0%] Built target rosgraph_msgs_generate_messages_nodejs
[2.147s] [  0%] Built target rosgraph_msgs_generate_messages_py
[2.155s] [35m[1mScanning dependencies of target autoware_system_msgs_generate_messages_cpp[0m
[2.166s] [35m[1mScanning dependencies of target autoware_system_msgs_generate_messages_nodejs[0m
[2.169s] [  0%] Built target std_msgs_generate_messages_eus
[2.175s] [35m[1mScanning dependencies of target autoware_system_msgs_generate_messages_lisp[0m
[2.177s] [  3%] [34m[1mGenerating C++ code from autoware_system_msgs/DiagnosticStatusArray.msg[0m
[2.179s] [  7%] [34m[1mGenerating C++ code from autoware_system_msgs/NodeStatus.msg[0m
[2.187s] [35m[1mScanning dependencies of target autoware_system_msgs_generate_messages_py[0m
[2.192s] [ 11%] [34m[1mGenerating C++ code from autoware_system_msgs/DiagnosticStatus.msg[0m
[2.203s] [ 14%] [34m[1mGenerating C++ code from autoware_system_msgs/SystemStatus.msg[0m
[2.203s] [ 18%] [34m[1mGenerating C++ code from autoware_system_msgs/HardwareStatus.msg[0m
[2.211s] [ 22%] [34m[1mGenerating Lisp code from autoware_system_msgs/NodeStatus.msg[0m
[2.237s] [ 25%] [34m[1mGenerating Python from MSG autoware_system_msgs/NodeStatus[0m
[2.320s] [ 29%] [34m[1mGenerating Javascript code from autoware_system_msgs/NodeStatus.msg[0m
[2.423s] [ 33%] [34m[1mGenerating Python from MSG autoware_system_msgs/DiagnosticStatusArray[0m
[2.444s] [ 37%] [34m[1mGenerating Javascript code from autoware_system_msgs/DiagnosticStatusArray.msg[0m
[2.473s] [ 40%] [34m[1mGenerating Lisp code from autoware_system_msgs/DiagnosticStatusArray.msg[0m
[2.473s] [ 44%] [34m[1mGenerating Lisp code from autoware_system_msgs/SystemStatus.msg[0m
[2.482s] [ 48%] [34m[1mGenerating Javascript code from autoware_system_msgs/DiagnosticStatus.msg[0m
[2.482s] [ 51%] [34m[1mGenerating Javascript code from autoware_system_msgs/SystemStatus.msg[0m
[2.576s] [ 55%] [34m[1mGenerating Lisp code from autoware_system_msgs/DiagnosticStatus.msg[0m
[2.616s] [ 59%] [34m[1mGenerating Javascript code from autoware_system_msgs/HardwareStatus.msg[0m
[2.668s] [ 62%] [34m[1mGenerating Lisp code from autoware_system_msgs/HardwareStatus.msg[0m
[2.734s] [35m[1mScanning dependencies of target autoware_system_msgs_generate_messages_eus[0m
[2.766s] [ 66%] [34m[1mGenerating Python from MSG autoware_system_msgs/SystemStatus[0m
[2.828s] [ 70%] [34m[1mGenerating Python from MSG autoware_system_msgs/DiagnosticStatus[0m
[2.834s] [ 70%] Built target autoware_system_msgs_generate_messages_nodejs
[2.843s] [ 74%] [34m[1mGenerating EusLisp code from autoware_system_msgs/NodeStatus.msg[0m
[2.863s] [ 77%] [34m[1mGenerating Python from MSG autoware_system_msgs/HardwareStatus[0m
[2.869s] [ 81%] [34m[1mGenerating EusLisp code from autoware_system_msgs/DiagnosticStatusArray.msg[0m
[2.884s] [ 81%] Built target autoware_system_msgs_generate_messages_lisp
[2.937s] [ 85%] [34m[1mGenerating EusLisp code from autoware_system_msgs/SystemStatus.msg[0m
[2.947s] [ 88%] [34m[1mGenerating EusLisp code from autoware_system_msgs/DiagnosticStatus.msg[0m
[3.141s] [ 88%] Built target autoware_system_msgs_generate_messages_cpp
[3.147s] [ 92%] [34m[1mGenerating EusLisp manifest code for autoware_system_msgs[0m
[3.202s] [ 96%] [34m[1mGenerating EusLisp code from autoware_system_msgs/HardwareStatus.msg[0m
[3.292s] [100%] [34m[1mGenerating Python msg __init__.py for autoware_system_msgs[0m
[3.645s] [100%] Built target autoware_system_msgs_generate_messages_py
[4.133s] [100%] Built target autoware_system_msgs_generate_messages_eus
[4.193s] [35m[1mScanning dependencies of target autoware_system_msgs_generate_messages[0m
[4.263s] [100%] Built target autoware_system_msgs_generate_messages
[4.304s] Invoked command in '/home/agilex/autoware.ai/build/autoware_system_msgs' returned '0': /usr/bin/cmake --build /home/agilex/autoware.ai/build/autoware_system_msgs -- -j8 -l8
[4.898s] Invoking command in '/home/agilex/autoware.ai/build/autoware_system_msgs': /usr/bin/cmake --build /home/agilex/autoware.ai/build/autoware_system_msgs --target tests -- -j8 -l8
[5.114s] [35m[1mScanning dependencies of target tests[0m
[5.168s] Built target tests
[5.214s] Invoked command in '/home/agilex/autoware.ai/build/autoware_system_msgs' returned '0': /usr/bin/cmake --build /home/agilex/autoware.ai/build/autoware_system_msgs --target tests -- -j8 -l8
[6.144s] Invoking command in '/home/agilex/autoware.ai/build/autoware_system_msgs': /usr/bin/cmake --build /home/agilex/autoware.ai/build/autoware_system_msgs --target install -- -j8 -l8
[6.329s] [  0%] Built target rosgraph_msgs_generate_messages_cpp
[6.418s] [  0%] Built target _autoware_system_msgs_generate_messages_check_deps_HardwareStatus
[6.437s] [  0%] Built target rosgraph_msgs_generate_messages_lisp
[6.445s] [  0%] Built target std_msgs_generate_messages_cpp
[6.486s] [  0%] Built target std_msgs_generate_messages_lisp
[6.502s] [  0%] Built target _autoware_system_msgs_generate_messages_check_deps_SystemStatus
[6.551s] [  0%] Built target std_msgs_generate_messages_nodejs
[6.552s] [  0%] Built target rosgraph_msgs_generate_messages_py
[6.589s] [  0%] Built target std_msgs_generate_messages_py
[6.589s] [  0%] Built target _autoware_system_msgs_generate_messages_check_deps_DiagnosticStatus
[6.619s] [  0%] Built target rosgraph_msgs_generate_messages_nodejs
[6.652s] [  0%] Built target rosgraph_msgs_generate_messages_eus
[6.681s] [  0%] Built target _autoware_system_msgs_generate_messages_check_deps_NodeStatus
[6.698s] [  0%] Built target _autoware_system_msgs_generate_messages_check_deps_DiagnosticStatusArray
[6.712s] [  0%] Built target std_msgs_generate_messages_eus
[6.833s] [ 18%] Built target autoware_system_msgs_generate_messages_lisp
[6.833s] [ 37%] Built target autoware_system_msgs_generate_messages_nodejs
[6.844s] [ 55%] Built target autoware_system_msgs_generate_messages_cpp
[6.868s] [ 77%] Built target autoware_system_msgs_generate_messages_eus
[6.884s] [100%] Built target autoware_system_msgs_generate_messages_py
[7.069s] [100%] Built target autoware_system_msgs_generate_messages
[7.166s] [36mInstall the project...[0m
[7.201s] -- Install configuration: "Release"
[7.201s] -- Installing: /home/agilex/autoware.ai/install/autoware_system_msgs/share/autoware_system_msgs/msg/DiagnosticStatus.msg
[7.201s] -- Installing: /home/agilex/autoware.ai/install/autoware_system_msgs/share/autoware_system_msgs/msg/DiagnosticStatusArray.msg
[7.202s] -- Installing: /home/agilex/autoware.ai/install/autoware_system_msgs/share/autoware_system_msgs/msg/SystemStatus.msg
[7.202s] -- Installing: /home/agilex/autoware.ai/install/autoware_system_msgs/share/autoware_system_msgs/msg/NodeStatus.msg
[7.202s] -- Installing: /home/agilex/autoware.ai/install/autoware_system_msgs/share/autoware_system_msgs/msg/HardwareStatus.msg
[7.202s] -- Installing: /home/agilex/autoware.ai/install/autoware_system_msgs/share/autoware_system_msgs/cmake/autoware_system_msgs-msg-paths.cmake
[7.203s] -- Installing: /home/agilex/autoware.ai/install/autoware_system_msgs/include/autoware_system_msgs
[7.203s] -- Installing: /home/agilex/autoware.ai/install/autoware_system_msgs/include/autoware_system_msgs/HardwareStatus.h
[7.203s] -- Installing: /home/agilex/autoware.ai/install/autoware_system_msgs/include/autoware_system_msgs/SystemStatus.h
[7.203s] -- Installing: /home/agilex/autoware.ai/install/autoware_system_msgs/include/autoware_system_msgs/DiagnosticStatus.h
[7.204s] -- Installing: /home/agilex/autoware.ai/install/autoware_system_msgs/include/autoware_system_msgs/DiagnosticStatusArray.h
[7.204s] -- Installing: /home/agilex/autoware.ai/install/autoware_system_msgs/include/autoware_system_msgs/NodeStatus.h
[7.204s] -- Installing: /home/agilex/autoware.ai/install/autoware_system_msgs/share/roseus/ros/autoware_system_msgs
[7.204s] -- Installing: /home/agilex/autoware.ai/install/autoware_system_msgs/share/roseus/ros/autoware_system_msgs/manifest.l
[7.205s] -- Installing: /home/agilex/autoware.ai/install/autoware_system_msgs/share/roseus/ros/autoware_system_msgs/msg
[7.205s] -- Installing: /home/agilex/autoware.ai/install/autoware_system_msgs/share/roseus/ros/autoware_system_msgs/msg/SystemStatus.l
[7.205s] -- Installing: /home/agilex/autoware.ai/install/autoware_system_msgs/share/roseus/ros/autoware_system_msgs/msg/DiagnosticStatusArray.l
[7.205s] -- Installing: /home/agilex/autoware.ai/install/autoware_system_msgs/share/roseus/ros/autoware_system_msgs/msg/NodeStatus.l
[7.205s] -- Installing: /home/agilex/autoware.ai/install/autoware_system_msgs/share/roseus/ros/autoware_system_msgs/msg/DiagnosticStatus.l
[7.206s] -- Installing: /home/agilex/autoware.ai/install/autoware_system_msgs/share/roseus/ros/autoware_system_msgs/msg/HardwareStatus.l
[7.206s] -- Installing: /home/agilex/autoware.ai/install/autoware_system_msgs/share/common-lisp/ros/autoware_system_msgs
[7.206s] -- Installing: /home/agilex/autoware.ai/install/autoware_system_msgs/share/common-lisp/ros/autoware_system_msgs/msg
[7.206s] -- Installing: /home/agilex/autoware.ai/install/autoware_system_msgs/share/common-lisp/ros/autoware_system_msgs/msg/autoware_system_msgs-msg.asd
[7.206s] -- Installing: /home/agilex/autoware.ai/install/autoware_system_msgs/share/common-lisp/ros/autoware_system_msgs/msg/_package.lisp
[7.207s] -- Installing: /home/agilex/autoware.ai/install/autoware_system_msgs/share/common-lisp/ros/autoware_system_msgs/msg/HardwareStatus.lisp
[7.207s] -- Installing: /home/agilex/autoware.ai/install/autoware_system_msgs/share/common-lisp/ros/autoware_system_msgs/msg/_package_DiagnosticStatus.lisp
[7.207s] -- Installing: /home/agilex/autoware.ai/install/autoware_system_msgs/share/common-lisp/ros/autoware_system_msgs/msg/NodeStatus.lisp
[7.207s] -- Installing: /home/agilex/autoware.ai/install/autoware_system_msgs/share/common-lisp/ros/autoware_system_msgs/msg/DiagnosticStatus.lisp
[7.208s] -- Installing: /home/agilex/autoware.ai/install/autoware_system_msgs/share/common-lisp/ros/autoware_system_msgs/msg/_package_HardwareStatus.lisp
[7.208s] -- Installing: /home/agilex/autoware.ai/install/autoware_system_msgs/share/common-lisp/ros/autoware_system_msgs/msg/_package_SystemStatus.lisp
[7.208s] -- Installing: /home/agilex/autoware.ai/install/autoware_system_msgs/share/common-lisp/ros/autoware_system_msgs/msg/_package_NodeStatus.lisp
[7.208s] -- Installing: /home/agilex/autoware.ai/install/autoware_system_msgs/share/common-lisp/ros/autoware_system_msgs/msg/DiagnosticStatusArray.lisp
[7.210s] -- Installing: /home/agilex/autoware.ai/install/autoware_system_msgs/share/common-lisp/ros/autoware_system_msgs/msg/SystemStatus.lisp
[7.210s] -- Installing: /home/agilex/autoware.ai/install/autoware_system_msgs/share/common-lisp/ros/autoware_system_msgs/msg/_package_DiagnosticStatusArray.lisp
[7.211s] -- Installing: /home/agilex/autoware.ai/install/autoware_system_msgs/share/gennodejs/ros/autoware_system_msgs
[7.212s] -- Installing: /home/agilex/autoware.ai/install/autoware_system_msgs/share/gennodejs/ros/autoware_system_msgs/msg
[7.212s] -- Installing: /home/agilex/autoware.ai/install/autoware_system_msgs/share/gennodejs/ros/autoware_system_msgs/msg/HardwareStatus.js
[7.212s] -- Installing: /home/agilex/autoware.ai/install/autoware_system_msgs/share/gennodejs/ros/autoware_system_msgs/msg/DiagnosticStatusArray.js
[7.212s] -- Installing: /home/agilex/autoware.ai/install/autoware_system_msgs/share/gennodejs/ros/autoware_system_msgs/msg/SystemStatus.js
[7.212s] -- Installing: /home/agilex/autoware.ai/install/autoware_system_msgs/share/gennodejs/ros/autoware_system_msgs/msg/DiagnosticStatus.js
[7.213s] -- Installing: /home/agilex/autoware.ai/install/autoware_system_msgs/share/gennodejs/ros/autoware_system_msgs/msg/_index.js
[7.213s] -- Installing: /home/agilex/autoware.ai/install/autoware_system_msgs/share/gennodejs/ros/autoware_system_msgs/msg/NodeStatus.js
[7.213s] -- Installing: /home/agilex/autoware.ai/install/autoware_system_msgs/share/gennodejs/ros/autoware_system_msgs/_index.js
[7.276s] Listing /home/agilex/autoware.ai/build/autoware_system_msgs/devel/lib/python2.7/dist-packages/autoware_system_msgs ...
[7.276s] Compiling /home/agilex/autoware.ai/build/autoware_system_msgs/devel/lib/python2.7/dist-packages/autoware_system_msgs/__init__.py ...
[7.276s] Listing /home/agilex/autoware.ai/build/autoware_system_msgs/devel/lib/python2.7/dist-packages/autoware_system_msgs/msg ...
[7.277s] Compiling /home/agilex/autoware.ai/build/autoware_system_msgs/devel/lib/python2.7/dist-packages/autoware_system_msgs/msg/_DiagnosticStatus.py ...
[7.277s] Compiling /home/agilex/autoware.ai/build/autoware_system_msgs/devel/lib/python2.7/dist-packages/autoware_system_msgs/msg/_DiagnosticStatusArray.py ...
[7.277s] Compiling /home/agilex/autoware.ai/build/autoware_system_msgs/devel/lib/python2.7/dist-packages/autoware_system_msgs/msg/_HardwareStatus.py ...
[7.277s] Compiling /home/agilex/autoware.ai/build/autoware_system_msgs/devel/lib/python2.7/dist-packages/autoware_system_msgs/msg/_NodeStatus.py ...
[7.277s] Compiling /home/agilex/autoware.ai/build/autoware_system_msgs/devel/lib/python2.7/dist-packages/autoware_system_msgs/msg/_SystemStatus.py ...
[7.277s] Compiling /home/agilex/autoware.ai/build/autoware_system_msgs/devel/lib/python2.7/dist-packages/autoware_system_msgs/msg/__init__.py ...
[7.279s] -- Installing: /home/agilex/autoware.ai/install/autoware_system_msgs/lib/python2.7/dist-packages/autoware_system_msgs
[7.280s] -- Installing: /home/agilex/autoware.ai/install/autoware_system_msgs/lib/python2.7/dist-packages/autoware_system_msgs/__init__.pyc
[7.280s] -- Installing: /home/agilex/autoware.ai/install/autoware_system_msgs/lib/python2.7/dist-packages/autoware_system_msgs/msg
[7.280s] -- Installing: /home/agilex/autoware.ai/install/autoware_system_msgs/lib/python2.7/dist-packages/autoware_system_msgs/msg/_NodeStatus.py
[7.280s] -- Installing: /home/agilex/autoware.ai/install/autoware_system_msgs/lib/python2.7/dist-packages/autoware_system_msgs/msg/_DiagnosticStatus.py
[7.281s] -- Installing: /home/agilex/autoware.ai/install/autoware_system_msgs/lib/python2.7/dist-packages/autoware_system_msgs/msg/_SystemStatus.pyc
[7.281s] -- Installing: /home/agilex/autoware.ai/install/autoware_system_msgs/lib/python2.7/dist-packages/autoware_system_msgs/msg/_DiagnosticStatusArray.py
[7.281s] -- Installing: /home/agilex/autoware.ai/install/autoware_system_msgs/lib/python2.7/dist-packages/autoware_system_msgs/msg/_HardwareStatus.py
[7.281s] -- Installing: /home/agilex/autoware.ai/install/autoware_system_msgs/lib/python2.7/dist-packages/autoware_system_msgs/msg/_DiagnosticStatusArray.pyc
[7.281s] -- Installing: /home/agilex/autoware.ai/install/autoware_system_msgs/lib/python2.7/dist-packages/autoware_system_msgs/msg/_NodeStatus.pyc
[7.282s] -- Installing: /home/agilex/autoware.ai/install/autoware_system_msgs/lib/python2.7/dist-packages/autoware_system_msgs/msg/_SystemStatus.py
[7.282s] -- Installing: /home/agilex/autoware.ai/install/autoware_system_msgs/lib/python2.7/dist-packages/autoware_system_msgs/msg/__init__.pyc
[7.282s] -- Installing: /home/agilex/autoware.ai/install/autoware_system_msgs/lib/python2.7/dist-packages/autoware_system_msgs/msg/_HardwareStatus.pyc
[7.283s] -- Installing: /home/agilex/autoware.ai/install/autoware_system_msgs/lib/python2.7/dist-packages/autoware_system_msgs/msg/__init__.py
[7.283s] -- Installing: /home/agilex/autoware.ai/install/autoware_system_msgs/lib/python2.7/dist-packages/autoware_system_msgs/msg/_DiagnosticStatus.pyc
[7.283s] -- Installing: /home/agilex/autoware.ai/install/autoware_system_msgs/lib/python2.7/dist-packages/autoware_system_msgs/__init__.py
[7.283s] -- Installing: /home/agilex/autoware.ai/install/autoware_system_msgs/lib/pkgconfig/autoware_system_msgs.pc
[7.283s] -- Installing: /home/agilex/autoware.ai/install/autoware_system_msgs/share/autoware_system_msgs/cmake/autoware_system_msgs-msg-extras.cmake
[7.284s] -- Installing: /home/agilex/autoware.ai/install/autoware_system_msgs/share/autoware_system_msgs/cmake/autoware_system_msgsConfig.cmake
[7.284s] -- Installing: /home/agilex/autoware.ai/install/autoware_system_msgs/share/autoware_system_msgs/cmake/autoware_system_msgsConfig-version.cmake
[7.284s] -- Installing: /home/agilex/autoware.ai/install/autoware_system_msgs/share/autoware_system_msgs/package.xml
[7.286s] -- Up-to-date: /home/agilex/autoware.ai/install/autoware_system_msgs/share/autoware_system_msgs/msg
[7.286s] -- Up-to-date: /home/agilex/autoware.ai/install/autoware_system_msgs/share/autoware_system_msgs/msg/DiagnosticStatus.msg
[7.286s] -- Up-to-date: /home/agilex/autoware.ai/install/autoware_system_msgs/share/autoware_system_msgs/msg/DiagnosticStatusArray.msg
[7.286s] -- Up-to-date: /home/agilex/autoware.ai/install/autoware_system_msgs/share/autoware_system_msgs/msg/SystemStatus.msg
[7.286s] -- Up-to-date: /home/agilex/autoware.ai/install/autoware_system_msgs/share/autoware_system_msgs/msg/HardwareStatus.msg
[7.286s] -- Up-to-date: /home/agilex/autoware.ai/install/autoware_system_msgs/share/autoware_system_msgs/msg/NodeStatus.msg
[7.291s] Invoked command in '/home/agilex/autoware.ai/build/autoware_system_msgs' returned '0': /usr/bin/cmake --build /home/agilex/autoware.ai/build/autoware_system_msgs --target install -- -j8 -l8
