[0.018s] Invoking command in '/home/agilex/autoware.ai/build/kitti_player': CMAKE_PREFIX_PATH=/home/agilex/autoware.ai/install/autoware_build_flags:${CMAKE_PREFIX_PATH} PKG_CONFIG_PATH=/home/agilex/autoware.ai/install/autoware_build_flags/lib/x86_64-linux-gnu/pkgconfig:/home/agilex/autoware.ai/install/autoware_build_flags/lib/pkgconfig:${PKG_CONFIG_PATH} ROS_PACKAGE_PATH=/home/agilex/autoware.ai/install/autoware_build_flags/share:${ROS_PACKAGE_PATH} /usr/bin/cmake /home/agilex/autoware.ai/src/autoware/utilities/kitti_player -DCMAKE_BUILD_TYPE=Release -DCATKIN_INSTALL_INTO_PREFIX_ROOT=0 -DCMAKE_INSTALL_PREFIX=/home/agilex/autoware.ai/install/kitti_player
[0.069s] -- The C compiler identification is GNU 7.5.0
[0.126s] -- The CXX compiler identification is GNU 7.5.0
[0.131s] -- Check for working C compiler: /usr/bin/cc
[0.188s] -- Check for working C compiler: /usr/bin/cc -- works
[0.189s] -- Detecting C compiler ABI info
[0.245s] -- Detecting C compiler ABI info - done
[0.254s] -- Detecting C compile features
[0.424s] -- Detecting C compile features - done
[0.427s] -- Check for working CXX compiler: /usr/bin/c++
[0.493s] -- Check for working CXX compiler: /usr/bin/c++ -- works
[0.494s] -- Detecting CXX compiler ABI info
[0.560s] -- Detecting CXX compiler ABI info - done
[0.568s] -- Detecting CXX compile features
[0.881s] -- Detecting CXX compile features - done
[0.883s] -- CUDA compilation status: .
[0.885s] -- Using CATKIN_DEVEL_PREFIX: /home/agilex/autoware.ai/build/kitti_player/devel
[0.885s] -- Using CMAKE_PREFIX_PATH: /home/agilex/autoware.ai/install/autoware_build_flags;/opt/ros/melodic
[0.886s] -- This workspace overlays: /home/agilex/autoware.ai/install/autoware_build_flags;/opt/ros/melodic
[0.898s] -- Found PythonInterp: /usr/bin/python2 (found suitable version "2.7.17", minimum required is "2") 
[0.898s] -- Using PYTHON_EXECUTABLE: /usr/bin/python2
[0.899s] -- Using Debian Python package layout
[0.899s] -- Using empy: /usr/bin/empy
[1.054s] -- Using CATKIN_ENABLE_TESTING: ON
[1.055s] -- Call enable_testing()
[1.057s] -- Using CATKIN_TEST_RESULTS_DIR: /home/agilex/autoware.ai/build/kitti_player/test_results
[1.074s] -- Found gtest sources under '/usr/src/googletest': gtests will be built
[1.074s] -- Found gmock sources under '/usr/src/googletest': gmock will be built
[1.086s] -- Found PythonInterp: /usr/bin/python2 (found version "2.7.17") 
[1.087s] -- Looking for pthread.h
[1.145s] -- Looking for pthread.h - found
[1.145s] -- Looking for pthread_create
[1.202s] -- Looking for pthread_create - not found
[1.202s] -- Looking for pthread_create in pthreads
[1.254s] -- Looking for pthread_create in pthreads - not found
[1.254s] -- Looking for pthread_create in pthread
[1.321s] -- Looking for pthread_create in pthread - found
[1.322s] -- Found Threads: TRUE  
[1.326s] -- Using Python nosetests: /usr/bin/nosetests-2.7
[1.367s] -- catkin 0.7.29
[1.367s] -- BUILD_SHARED_LIBS is on
[1.536s] -- Using these message generators: gencpp;geneus;genlisp;gennodejs;genpy
[2.402s] -- Checking for module 'eigen3'
[2.416s] --   Found eigen3, version 3.3.4
[2.451s] -- Found eigen: /usr/include/eigen3  
[2.521s] -- Boost version: 1.65.1
[2.522s] -- Found the following Boost libraries:
[2.522s] --   system
[2.522s] --   filesystem
[2.522s] --   thread
[2.522s] --   date_time
[2.523s] --   iostreams
[2.523s] --   serialization
[2.523s] --   chrono
[2.523s] --   atomic
[2.523s] --   regex
[2.526s] -- Checking for module 'libopenni'
[2.539s] --   Found libopenni, version 1.5.4.0
[2.578s] -- Found openni: /usr/lib/libOpenNI.so  
[2.579s] -- Checking for module 'libopenni2'
[2.593s] --   Found libopenni2, version 2.2.0.3
[2.630s] -- Found OpenNI2: /usr/lib/libOpenNI2.so  
[2.634s] -- Could NOT find ensenso (missing: ENSENSO_LIBRARY ENSENSO_INCLUDE_DIR) 
[2.635s] ** WARNING ** io features related to ensenso will be disabled
[2.638s] -- Could NOT find DAVIDSDK (missing: DAVIDSDK_LIBRARY DAVIDSDK_INCLUDE_DIR) 
[2.638s] ** WARNING ** io features related to davidSDK will be disabled
[2.639s] -- Could NOT find DSSDK (missing: _DSSDK_LIBRARIES) 
[2.639s] ** WARNING ** io features related to dssdk will be disabled
[2.640s] ** WARNING ** io features related to pcap will be disabled
[2.640s] ** WARNING ** io features related to png will be disabled
[2.699s] -- The imported target "vtkRenderingPythonTkWidgets" references the file
[2.699s]    "/usr/lib/x86_64-linux-gnu/libvtkRenderingPythonTkWidgets.so"
[2.699s] but this file does not exist.  Possible reasons include:
[2.700s] * The file was deleted, renamed, or moved to another location.
[2.700s] * An install or uninstall procedure did not complete successfully.
[2.700s] * The installation package was faulty and contained
[2.700s]    "/usr/lib/cmake/vtk-6.3/VTKTargets.cmake"
[2.700s] but not all the files it references.
[2.700s] 
[2.701s] -- The imported target "vtk" references the file
[2.701s]    "/usr/bin/vtk"
[2.701s] but this file does not exist.  Possible reasons include:
[2.702s] * The file was deleted, renamed, or moved to another location.
[2.702s] * An install or uninstall procedure did not complete successfully.
[2.702s] * The installation package was faulty and contained
[2.702s]    "/usr/lib/cmake/vtk-6.3/VTKTargets.cmake"
[2.702s] but not all the files it references.
[2.702s] 
[2.766s] -- Found libusb-1.0: /usr/include  
[2.767s] ** WARNING ** io features related to libusb-1.0 will be disabled
[2.767s] -- Checking for module 'flann'
[2.781s] --   Found flann, version 1.9.1
[2.820s] -- Found Flann: /usr/lib/x86_64-linux-gnu/libflann_cpp_s.a  
[2.863s] -- Could NOT find ensenso (missing: ENSENSO_LIBRARY ENSENSO_INCLUDE_DIR) 
[2.863s] ** WARNING ** visualization features related to ensenso will be disabled
[2.865s] -- Could NOT find DAVIDSDK (missing: DAVIDSDK_LIBRARY DAVIDSDK_INCLUDE_DIR) 
[2.866s] ** WARNING ** visualization features related to davidSDK will be disabled
[2.866s] -- Could NOT find DSSDK (missing: _DSSDK_LIBRARIES) 
[2.867s] ** WARNING ** visualization features related to dssdk will be disabled
[2.867s] -- Could NOT find RSSDK (missing: _RSSDK_LIBRARIES) 
[2.868s] ** WARNING ** visualization features related to rssdk will be disabled
[2.903s] -- Found qhull: /usr/lib/x86_64-linux-gnu/libqhull.so  
[2.936s] -- looking for PCL_COMMON
[2.938s] -- Found PCL_COMMON: /usr/lib/x86_64-linux-gnu/libpcl_common.so  
[2.938s] -- looking for PCL_OCTREE
[2.939s] -- Found PCL_OCTREE: /usr/lib/x86_64-linux-gnu/libpcl_octree.so  
[2.940s] -- looking for PCL_IO
[2.941s] -- Found PCL_IO: /usr/lib/x86_64-linux-gnu/libpcl_io.so  
[2.942s] -- looking for PCL_KDTREE
[2.943s] -- Found PCL_KDTREE: /usr/lib/x86_64-linux-gnu/libpcl_kdtree.so  
[2.943s] -- looking for PCL_SEARCH
[2.945s] -- Found PCL_SEARCH: /usr/lib/x86_64-linux-gnu/libpcl_search.so  
[2.945s] -- looking for PCL_SAMPLE_CONSENSUS
[2.947s] -- Found PCL_SAMPLE_CONSENSUS: /usr/lib/x86_64-linux-gnu/libpcl_sample_consensus.so  
[2.947s] -- looking for PCL_FILTERS
[2.949s] -- Found PCL_FILTERS: /usr/lib/x86_64-linux-gnu/libpcl_filters.so  
[2.949s] -- looking for PCL_2D
[2.950s] -- Found PCL_2D: /usr/include/pcl-1.8  
[2.950s] -- looking for PCL_GEOMETRY
[2.951s] -- Found PCL_GEOMETRY: /usr/include/pcl-1.8  
[2.951s] -- looking for PCL_FEATURES
[2.953s] -- Found PCL_FEATURES: /usr/lib/x86_64-linux-gnu/libpcl_features.so  
[2.953s] -- looking for PCL_ML
[2.955s] -- Found PCL_ML: /usr/lib/x86_64-linux-gnu/libpcl_ml.so  
[2.955s] -- looking for PCL_SEGMENTATION
[2.958s] -- Found PCL_SEGMENTATION: /usr/lib/x86_64-linux-gnu/libpcl_segmentation.so  
[2.958s] -- looking for PCL_VISUALIZATION
[2.960s] -- Found PCL_VISUALIZATION: /usr/lib/x86_64-linux-gnu/libpcl_visualization.so  
[2.961s] -- looking for PCL_SURFACE
[2.962s] -- Found PCL_SURFACE: /usr/lib/x86_64-linux-gnu/libpcl_surface.so  
[2.963s] -- looking for PCL_REGISTRATION
[2.964s] -- Found PCL_REGISTRATION: /usr/lib/x86_64-linux-gnu/libpcl_registration.so  
[2.965s] -- looking for PCL_KEYPOINTS
[2.967s] -- Found PCL_KEYPOINTS: /usr/lib/x86_64-linux-gnu/libpcl_keypoints.so  
[2.967s] -- looking for PCL_TRACKING
[2.969s] -- Found PCL_TRACKING: /usr/lib/x86_64-linux-gnu/libpcl_tracking.so  
[2.970s] -- looking for PCL_RECOGNITION
[2.971s] -- Found PCL_RECOGNITION: /usr/lib/x86_64-linux-gnu/libpcl_recognition.so  
[2.973s] -- looking for PCL_STEREO
[2.974s] -- Found PCL_STEREO: /usr/lib/x86_64-linux-gnu/libpcl_stereo.so  
[2.975s] -- looking for PCL_APPS
[2.976s] -- Found PCL_APPS: /usr/lib/x86_64-linux-gnu/libpcl_apps.so  
[2.979s] -- looking for PCL_IN_HAND_SCANNER
[2.980s] -- Found PCL_IN_HAND_SCANNER: /usr/include/pcl-1.8  
[2.980s] -- looking for PCL_MODELER
[2.981s] -- Found PCL_MODELER: /usr/include/pcl-1.8  
[2.981s] -- looking for PCL_POINT_CLOUD_EDITOR
[2.982s] -- Found PCL_POINT_CLOUD_EDITOR: /usr/include/pcl-1.8  
[2.982s] -- looking for PCL_OUTOFCORE
[2.984s] -- Found PCL_OUTOFCORE: /usr/lib/x86_64-linux-gnu/libpcl_outofcore.so  
[2.984s] -- looking for PCL_PEOPLE
[2.986s] -- Found PCL_PEOPLE: /usr/lib/x86_64-linux-gnu/libpcl_people.so  
[3.012s] -- Found PCL: /usr/lib/x86_64-linux-gnu/libboost_system.so;/usr/lib/x86_64-linux-gnu/libboost_filesystem.so;/usr/lib/x86_64-linux-gnu/libboost_thread.so;/usr/lib/x86_64-linux-gnu/libboost_date_time.so;/usr/lib/x86_64-linux-gnu/libboost_iostreams.so;/usr/lib/x86_64-linux-gnu/libboost_serialization.so;/usr/lib/x86_64-linux-gnu/libboost_chrono.so;/usr/lib/x86_64-linux-gnu/libboost_atomic.so;/usr/lib/x86_64-linux-gnu/libboost_regex.so;/usr/lib/x86_64-linux-gnu/libpthread.so;optimized;/usr/lib/x86_64-linux-gnu/libpcl_common.so;debug;/usr/lib/x86_64-linux-gnu/libpcl_common.so;optimized;/usr/lib/x86_64-linux-gnu/libpcl_octree.so;debug;/usr/lib/x86_64-linux-gnu/libpcl_octree.so;/usr/lib/libOpenNI.so;/usr/lib/libOpenNI2.so;vtkChartsCore;vtkCommonColor;vtkCommonDataModel;vtkCommonMath;vtkCommonCore;vtksys;vtkCommonMisc;vtkCommonSystem;vtkCommonTransforms;vtkInfovisCore;vtkFiltersExtraction;vtkCommonExecutionModel;vtkFiltersCore;vtkFiltersGeneral;vtkCommonComputationalGeometry;vtkFiltersStatistics;vtkImagingFourier;vtkImagingCore;vtkalglib;vtkRenderingContext2D;vtkRenderingCore;vtkFiltersGeometry;vtkFiltersSources;vtkRenderingFreeType;/usr/lib/x86_64-linux-gnu/libfreetype.so;/usr/lib/x86_64-linux-gnu/libz.so;vtkftgl;vtkDICOMParser;vtkDomainsChemistry;vtkIOXML;vtkIOGeometry;vtkIOCore;vtkIOXMLParser;/usr/lib/x86_64-linux-gnu/libexpat.so;vtkFiltersAMR;vtkParallelCore;vtkIOLegacy;vtkFiltersFlowPaths;vtkFiltersGeneric;vtkFiltersHybrid;vtkImagingSources;vtkFiltersHyperTree;vtkFiltersImaging;vtkImagingGeneral;vtkFiltersModeling;vtkFiltersParallel;vtkFiltersParallelFlowPaths;vtkParallelMPI;vtkFiltersParallelGeometry;vtkFiltersParallelImaging;vtkFiltersParallelMPI;vtkFiltersParallelStatistics;vtkFiltersProgrammable;vtkFiltersPython;/usr/lib/x86_64-linux-gnu/libpython2.7.so;vtkWrappingPythonCore;vtkWrappingTools;vtkFiltersReebGraph;vtkFiltersSMP;vtkFiltersSelection;vtkFiltersTexture;vtkFiltersVerdict;verdict;vtkGUISupportQt;vtkInteractionStyle;vtkRenderingOpenGL;vtkImagingHybrid;vtkIOImage;vtkmetaio;/usr/lib/x86_64-linux-gnu/libjpeg.so;/usr/lib/x86_64-linux-gnu/libpng.so;/usr/lib/x86_64-linux-gnu/libtiff.so;vtkGUISupportQtOpenGL;vtkGUISupportQtSQL;vtkIOSQL;sqlite3;vtkGUISupportQtWebkit;vtkViewsQt;vtkViewsInfovis;vtkInfovisLayout;vtkInfovisBoostGraphAlgorithms;vtkRenderingLabel;vtkViewsCore;vtkInteractionWidgets;vtkRenderingAnnotation;vtkImagingColor;vtkRenderingVolume;vtkGeovisCore;/usr/lib/x86_64-linux-gnu/libproj.so;vtkIOAMR;/usr/lib/x86_64-linux-gnu/hdf5/openmpi/libhdf5.so;/usr/lib/x86_64-linux-gnu/libsz.so;/usr/lib/x86_64-linux-gnu/libdl.so;/usr/lib/x86_64-linux-gnu/libm.so;/usr/lib/x86_64-linux-gnu/openmpi/lib/libmpi.so;vtkIOEnSight;vtkIOExodus;vtkexoIIc;/usr/lib/x86_64-linux-gnu/libnetcdf_c++.so;/usr/lib/x86_64-linux-gnu/libnetcdf.so;vtkIOExport;vtkRenderingGL2PS;vtkRenderingContextOpenGL;/usr/lib/x86_64-linux-gnu/libgl2ps.so;vtkIOFFMPEG;vtkIOMovie;/usr/lib/x86_64-linux-gnu/libtheoraenc.so;/usr/lib/x86_64-linux-gnu/libtheoradec.so;/usr/lib/x86_64-linux-gnu/libogg.so;vtkIOGDAL;vtkIOGeoJSON;vtkIOImport;vtkIOInfovis;/usr/lib/x86_64-linux-gnu/libxml2.so;vtkIOLSDyna;vtkIOMINC;vtkIOMPIImage;vtkIOMPIParallel;vtkIOParallel;vtkIONetCDF;/usr/lib/x86_64-linux-gnu/libjsoncpp.so;vtkIOMySQL;vtkIOODBC;vtkIOPLY;vtkIOParallelExodus;vtkIOParallelLSDyna;vtkIOParallelNetCDF;vtkIOParallelXML;vtkIOPostgreSQL;vtkIOVPIC;VPIC;vtkIOVideo;vtkIOXdmf2;vtkxdmf2;vtkImagingMath;vtkImagingMorphological;vtkImagingStatistics;vtkImagingStencil;vtkInteractionImage;vtkLocalExample;vtkParallelMPI4Py;vtkPythonInterpreter;vtkRenderingExternal;vtkRenderingFreeTypeFontConfig;vtkRenderingImage;vtkRenderingLIC;vtkRenderingLOD;vtkRenderingMatplotlib;vtkRenderingParallel;vtkRenderingParallelLIC;vtkRenderingQt;vtkRenderingVolumeAMR;vtkRenderingVolumeOpenGL;vtkTestingGenericBridge;vtkTestingIOSQL;vtkTestingRendering;vtkViewsContext2D;vtkViewsGeovis;vtkWrappingJava;optimized;/usr/lib/x86_64-linux-gnu/libpcl_io.so;debug;/usr/lib/x86_64-linux-gnu/libpcl_io.so;optimized;/usr/lib/x86_64-linux-gnu/libflann_cpp_s.a;debug;/usr/lib/x86_64-linux-gnu/libflann_cpp_s.a;optimized;/usr/lib/x86_64-linux-gnu/libpcl_kdtree.so;debug;/usr/lib/x86_64-linux-gnu/libpcl_kdtree.so;optimized;/usr/lib/x86_64-linux-gnu/libpcl_search.so;debug;/usr/lib/x86_64-linux-gnu/libpcl_search.so;optimized;/usr/lib/x86_64-linux-gnu/libpcl_sample_consensus.so;debug;/usr/lib/x86_64-linux-gnu/libpcl_sample_consensus.so;optimized;/usr/lib/x86_64-linux-gnu/libpcl_filters.so;debug;/usr/lib/x86_64-linux-gnu/libpcl_filters.so;optimized;/usr/lib/x86_64-linux-gnu/libpcl_features.so;debug;/usr/lib/x86_64-linux-gnu/libpcl_features.so;optimized;/usr/lib/x86_64-linux-gnu/libpcl_ml.so;debug;/usr/lib/x86_64-linux-gnu/libpcl_ml.so;optimized;/usr/lib/x86_64-linux-gnu/libpcl_segmentation.so;debug;/usr/lib/x86_64-linux-gnu/libpcl_segmentation.so;optimized;/usr/lib/x86_64-linux-gnu/libpcl_visualization.so;debug;/usr/lib/x86_64-linux-gnu/libpcl_visualization.so;optimized;/usr/lib/x86_64-linux-gnu/libqhull.so;debug;/usr/lib/x86_64-linux-gnu/libqhull.so;optimized;/usr/lib/x86_64-linux-gnu/libpcl_surface.so;debug;/usr/lib/x86_64-linux-gnu/libpcl_surface.so;optimized;/usr/lib/x86_64-linux-gnu/libpcl_registration.so;debug;/usr/lib/x86_64-linux-gnu/libpcl_registration.so;optimized;/usr/lib/x86_64-linux-gnu/libpcl_keypoints.so;debug;/usr/lib/x86_64-linux-gnu/libpcl_keypoints.so;optimized;/usr/lib/x86_64-linux-gnu/libpcl_tracking.so;debug;/usr/lib/x86_64-linux-gnu/libpcl_tracking.so;optimized;/usr/lib/x86_64-linux-gnu/libpcl_recognition.so;debug;/usr/lib/x86_64-linux-gnu/libpcl_recognition.so;optimized;/usr/lib/x86_64-linux-gnu/libpcl_stereo.so;debug;/usr/lib/x86_64-linux-gnu/libpcl_stereo.so;optimized;/usr/lib/x86_64-linux-gnu/libpcl_apps.so;debug;/usr/lib/x86_64-linux-gnu/libpcl_apps.so;optimized;/usr/lib/x86_64-linux-gnu/libpcl_outofcore.so;debug;/usr/lib/x86_64-linux-gnu/libpcl_outofcore.so;optimized;/usr/lib/x86_64-linux-gnu/libpcl_people.so;debug;/usr/lib/x86_64-linux-gnu/libpcl_people.so;/usr/lib/x86_64-linux-gnu/libboost_system.so;/usr/lib/x86_64-linux-gnu/libboost_filesystem.so;/usr/lib/x86_64-linux-gnu/libboost_thread.so;/usr/lib/x86_64-linux-gnu/libboost_date_time.so;/usr/lib/x86_64-linux-gnu/libboost_iostreams.so;/usr/lib/x86_64-linux-gnu/libboost_serialization.so;/usr/lib/x86_64-linux-gnu/libboost_chrono.so;/usr/lib/x86_64-linux-gnu/libboost_atomic.so;/usr/lib/x86_64-linux-gnu/libboost_regex.so;/usr/lib/x86_64-linux-gnu/libpthread.so;optimized;/usr/lib/x86_64-linux-gnu/libqhull.so;debug;/usr/lib/x86_64-linux-gnu/libqhull.so;/usr/lib/libOpenNI.so;/usr/lib/libOpenNI2.so;optimized;/usr/lib/x86_64-linux-gnu/libflann_cpp_s.a;debug;/usr/lib/x86_64-linux-gnu/libflann_cpp_s.a;vtkChartsCore;vtkCommonColor;vtkCommonDataModel;vtkCommonMath;vtkCommonCore;vtksys;vtkCommonMisc;vtkCommonSystem;vtkCommonTransforms;vtkInfovisCore;vtkFiltersExtraction;vtkCommonExecutionModel;vtkFiltersCore;vtkFiltersGeneral;vtkCommonComputationalGeometry;vtkFiltersStatistics;vtkImagingFourier;vtkImagingCore;vtkalglib;vtkRenderingContext2D;vtkRenderingCore;vtkFiltersGeometry;vtkFiltersSources;vtkRenderingFreeType;/usr/lib/x86_64-linux-gnu/libfreetype.so;/usr/lib/x86_64-linux-gnu/libz.so;vtkftgl;vtkDICOMParser;vtkDomainsChemistry;vtkIOXML;vtkIOGeometry;vtkIOCore;vtkIOXMLParser;/usr/lib/x86_64-linux-gnu/libexpat.so;vtkFiltersAMR;vtkParallelCore;vtkIOLegacy;vtkFiltersFlowPaths;vtkFiltersGeneric;vtkFiltersHybrid;vtkImagingSources;vtkFiltersHyperTree;vtkFiltersImaging;vtkImagingGeneral;vtkFiltersModeling;vtkFiltersParallel;vtkFiltersParallelFlowPaths;vtkParallelMPI;vtkFiltersParallelGeometry;vtkFiltersParallelImaging;vtkFiltersParallelMPI;vtkFiltersParallelStatistics;vtkFiltersProgrammable;vtkFiltersPython;/usr/lib/x86_64-linux-gnu/libpython2.7.so;vtkWrappingPythonCore;vtkWrappingTools;vtkFiltersReebGraph;vtkFiltersSMP;vtkFiltersSelection;vtkFiltersTexture;vtkFiltersVerdict;verdict;vtkGUISupportQt;vtkInteractionStyle;vtkRenderingOpenGL;vtkImagingHybrid;vtkIOImage;vtkmetaio;/usr/lib/x86_64-linux-gnu/libjpeg.so;/usr/lib/x86_64-linux-gnu/libpng.so;/usr/lib/x86_64-linux-gnu/libtiff.so;vtkGUISupportQtOpenGL;vtkGUISupportQtSQL;vtkIOSQL;sqlite3;vtkGUISupportQtWebkit;vtkViewsQt;vtkViewsInfovis;vtkInfovisLayout;vtkInfovisBoostGraphAlgorithms;vtkRenderingLabel;vtkViewsCore;vtkInteractionWidgets;vtkRenderingAnnotation;vtkImagingColor;vtkRenderingVolume;vtkGeovisCore;/usr/lib/x86_64-linux-gnu/libproj.so;vtkIOAMR;/usr/lib/x86_64-linux-gnu/hdf5/openmpi/libhdf5.so;/usr/lib/x86_64-linux-gnu/libsz.so;/usr/lib/x86_64-linux-gnu/libdl.so;/usr/lib/x86_64-linux-gnu/libm.so;/usr/lib/x86_64-linux-gnu/openmpi/lib/libmpi.so;vtkIOEnSight;vtkIOExodus;vtkexoIIc;/usr/lib/x86_64-linux-gnu/libnetcdf_c++.so;/usr/lib/x86_64-linux-gnu/libnetcdf.so;vtkIOExport;vtkRenderingGL2PS;vtkRenderingContextOpenGL;/usr/lib/x86_64-linux-gnu/libgl2ps.so;vtkIOFFMPEG;vtkIOMovie;/usr/lib/x86_64-linux-gnu/libtheoraenc.so;/usr/lib/x86_64-linux-gnu/libtheoradec.so;/usr/lib/x86_64-linux-gnu/libogg.so;vtkIOGDAL;vtkIOGeoJSON;vtkIOImport;vtkIOInfovis;/usr/lib/x86_64-linux-gnu/libxml2.so;vtkIOLSDyna;vtkIOMINC;vtkIOMPIImage;vtkIOMPIParallel;vtkIOParallel;vtkIONetCDF;/usr/lib/x86_64-linux-gnu/libjsoncpp.so;vtkIOMySQL;vtkIOODBC;vtkIOPLY;vtkIOParallelExodus;vtkIOParallelLSDyna;vtkIOParallelNetCDF;vtkIOParallelXML;vtkIOPostgreSQL;vtkIOVPIC;VPIC;vtkIOVideo;vtkIOXdmf2;vtkxdmf2;vtkImagingMath;vtkImagingMorphological;vtkImagingStatistics;vtkImagingStencil;vtkInteractionImage;vtkLocalExample;vtkParallelMPI4Py;vtkPythonInterpreter;vtkRenderingExternal;vtkRenderingFreeTypeFontConfig;vtkRenderingImage;vtkRenderingLIC;vtkRenderingLOD;vtkRenderingMatplotlib;vtkRenderingParallel;vtkRenderingParallelLIC;vtkRenderingQt;vtkRenderingVolumeAMR;vtkRenderingVolumeOpenGL;vtkTestingGenericBridge;vtkTestingIOSQL;vtkTestingRendering;vtkViewsContext2D;vtkViewsGeovis;vtkWrappingJava (Required is at least version "1.7") 
[3.027s] -- Found OpenCV: /usr (found version "3.2.0") 
[3.167s] -- Configuring done
[3.272s] -- Generating done
[3.282s] -- Build files have been written to: /home/agilex/autoware.ai/build/kitti_player
[3.294s] Invoked command in '/home/agilex/autoware.ai/build/kitti_player' returned '0': CMAKE_PREFIX_PATH=/home/agilex/autoware.ai/install/autoware_build_flags:${CMAKE_PREFIX_PATH} PKG_CONFIG_PATH=/home/agilex/autoware.ai/install/autoware_build_flags/lib/x86_64-linux-gnu/pkgconfig:/home/agilex/autoware.ai/install/autoware_build_flags/lib/pkgconfig:${PKG_CONFIG_PATH} ROS_PACKAGE_PATH=/home/agilex/autoware.ai/install/autoware_build_flags/share:${ROS_PACKAGE_PATH} /usr/bin/cmake /home/agilex/autoware.ai/src/autoware/utilities/kitti_player -DCMAKE_BUILD_TYPE=Release -DCATKIN_INSTALL_INTO_PREFIX_ROOT=0 -DCMAKE_INSTALL_PREFIX=/home/agilex/autoware.ai/install/kitti_player
[3.295s] Invoking command in '/home/agilex/autoware.ai/build/kitti_player': CMAKE_PREFIX_PATH=/home/agilex/autoware.ai/install/autoware_build_flags:${CMAKE_PREFIX_PATH} PKG_CONFIG_PATH=/home/agilex/autoware.ai/install/autoware_build_flags/lib/x86_64-linux-gnu/pkgconfig:/home/agilex/autoware.ai/install/autoware_build_flags/lib/pkgconfig:${PKG_CONFIG_PATH} ROS_PACKAGE_PATH=/home/agilex/autoware.ai/install/autoware_build_flags/share:${ROS_PACKAGE_PATH} /usr/bin/cmake --build /home/agilex/autoware.ai/build/kitti_player -- -j8 -l8
[3.335s] [35m[1mScanning dependencies of target std_srvs_generate_messages_py[0m
[3.344s] [  0%] Built target std_srvs_generate_messages_py
[3.353s] [35m[1mScanning dependencies of target topic_tools_generate_messages_eus[0m
[3.362s] [  0%] Built target topic_tools_generate_messages_eus
[3.373s] [35m[1mScanning dependencies of target stereo_msgs_generate_messages_py[0m
[3.382s] [  0%] Built target stereo_msgs_generate_messages_py
[3.391s] [35m[1mScanning dependencies of target topic_tools_generate_messages_cpp[0m
[3.401s] [  0%] Built target topic_tools_generate_messages_cpp
[3.409s] [35m[1mScanning dependencies of target sensor_msgs_generate_messages_nodejs[0m
[3.420s] [  0%] Built target sensor_msgs_generate_messages_nodejs
[3.429s] [35m[1mScanning dependencies of target roscpp_generate_messages_cpp[0m
[3.441s] [  0%] Built target roscpp_generate_messages_cpp
[3.449s] [35m[1mScanning dependencies of target actionlib_generate_messages_cpp[0m
[3.467s] [  0%] Built target actionlib_generate_messages_cpp
[3.476s] [35m[1mScanning dependencies of target sensor_msgs_generate_messages_lisp[0m
[3.485s] [  0%] Built target sensor_msgs_generate_messages_lisp
[3.494s] [35m[1mScanning dependencies of target geometry_msgs_generate_messages_py[0m
[3.502s] [  0%] Built target geometry_msgs_generate_messages_py
[3.511s] [35m[1mScanning dependencies of target geometry_msgs_generate_messages_lisp[0m
[3.523s] [  0%] Built target geometry_msgs_generate_messages_lisp
[3.532s] [35m[1mScanning dependencies of target std_msgs_generate_messages_nodejs[0m
[3.542s] [  0%] Built target std_msgs_generate_messages_nodejs
[3.551s] [35m[1mScanning dependencies of target bond_generate_messages_lisp[0m
[3.560s] [  0%] Built target bond_generate_messages_lisp
[3.573s] [35m[1mScanning dependencies of target sensor_msgs_generate_messages_eus[0m
[3.582s] [  0%] Built target sensor_msgs_generate_messages_eus
[3.591s] [35m[1mScanning dependencies of target sensor_msgs_generate_messages_cpp[0m
[3.600s] [  0%] Built target sensor_msgs_generate_messages_cpp
[3.609s] [35m[1mScanning dependencies of target tf_generate_messages_nodejs[0m
[3.618s] [  0%] Built target tf_generate_messages_nodejs
[3.628s] [35m[1mScanning dependencies of target std_msgs_generate_messages_cpp[0m
[3.640s] [  0%] Built target std_msgs_generate_messages_cpp
[3.649s] [35m[1mScanning dependencies of target sensor_msgs_generate_messages_py[0m
[3.657s] [  0%] Built target sensor_msgs_generate_messages_py
[3.666s] [35m[1mScanning dependencies of target nodelet_generate_messages_py[0m
[3.675s] [  0%] Built target nodelet_generate_messages_py
[3.683s] [35m[1mScanning dependencies of target geometry_msgs_generate_messages_nodejs[0m
[3.692s] [  0%] Built target geometry_msgs_generate_messages_nodejs
[3.700s] [35m[1mScanning dependencies of target tf_generate_messages_lisp[0m
[3.709s] [  0%] Built target tf_generate_messages_lisp
[3.718s] [35m[1mScanning dependencies of target std_srvs_generate_messages_eus[0m
[3.727s] [  0%] Built target std_srvs_generate_messages_eus
[3.735s] [35m[1mScanning dependencies of target roscpp_generate_messages_lisp[0m
[3.744s] [  0%] Built target roscpp_generate_messages_lisp
[3.756s] [35m[1mScanning dependencies of target bond_generate_messages_eus[0m
[3.765s] [  0%] Built target bond_generate_messages_eus
[3.774s] [35m[1mScanning dependencies of target std_msgs_generate_messages_lisp[0m
[3.782s] [  0%] Built target std_msgs_generate_messages_lisp
[3.792s] [35m[1mScanning dependencies of target roscpp_generate_messages_nodejs[0m
[3.800s] [  0%] Built target roscpp_generate_messages_nodejs
[3.812s] [35m[1mScanning dependencies of target geometry_msgs_generate_messages_eus[0m
[3.820s] [  0%] Built target geometry_msgs_generate_messages_eus
[3.829s] [35m[1mScanning dependencies of target std_msgs_generate_messages_py[0m
[3.837s] [  0%] Built target std_msgs_generate_messages_py
[3.845s] [35m[1mScanning dependencies of target roscpp_generate_messages_py[0m
[3.853s] [  0%] Built target roscpp_generate_messages_py
[3.862s] [35m[1mScanning dependencies of target rosgraph_msgs_generate_messages_cpp[0m
[3.871s] [  0%] Built target rosgraph_msgs_generate_messages_cpp
[3.879s] [35m[1mScanning dependencies of target tf_generate_messages_py[0m
[3.888s] [  0%] Built target tf_generate_messages_py
[3.896s] [35m[1mScanning dependencies of target dynamic_reconfigure_generate_messages_cpp[0m
[3.905s] [  0%] Built target dynamic_reconfigure_generate_messages_cpp
[3.914s] [35m[1mScanning dependencies of target bond_generate_messages_cpp[0m
[3.922s] [  0%] Built target bond_generate_messages_cpp
[3.930s] [35m[1mScanning dependencies of target rosgraph_msgs_generate_messages_eus[0m
[3.939s] [  0%] Built target rosgraph_msgs_generate_messages_eus
[3.951s] [35m[1mScanning dependencies of target rosgraph_msgs_generate_messages_lisp[0m
[3.959s] [  0%] Built target rosgraph_msgs_generate_messages_lisp
[3.968s] [35m[1mScanning dependencies of target std_msgs_generate_messages_eus[0m
[3.977s] [  0%] Built target std_msgs_generate_messages_eus
[3.985s] [35m[1mScanning dependencies of target rosgraph_msgs_generate_messages_nodejs[0m
[4.000s] [  0%] Built target rosgraph_msgs_generate_messages_nodejs
[4.009s] [35m[1mScanning dependencies of target geometry_msgs_generate_messages_cpp[0m
[4.017s] [  0%] Built target geometry_msgs_generate_messages_cpp
[4.026s] [35m[1mScanning dependencies of target actionlib_generate_messages_lisp[0m
[4.034s] [  0%] Built target actionlib_generate_messages_lisp
[4.042s] [35m[1mScanning dependencies of target nodelet_generate_messages_cpp[0m
[4.051s] [  0%] Built target nodelet_generate_messages_cpp
[4.062s] [35m[1mScanning dependencies of target bond_generate_messages_py[0m
[4.071s] [  0%] Built target bond_generate_messages_py
[4.080s] [35m[1mScanning dependencies of target std_srvs_generate_messages_nodejs[0m
[4.089s] [  0%] Built target std_srvs_generate_messages_nodejs
[4.098s] [35m[1mScanning dependencies of target pcl_ros_gencfg[0m
[4.107s] [  0%] Built target pcl_ros_gencfg
[4.116s] [35m[1mScanning dependencies of target tf_generate_messages_eus[0m
[4.125s] [  0%] Built target tf_generate_messages_eus
[4.134s] [35m[1mScanning dependencies of target actionlib_msgs_generate_messages_cpp[0m
[4.143s] [  0%] Built target actionlib_msgs_generate_messages_cpp
[4.153s] [35m[1mScanning dependencies of target std_srvs_generate_messages_cpp[0m
[4.162s] [  0%] Built target std_srvs_generate_messages_cpp
[4.171s] [35m[1mScanning dependencies of target roscpp_generate_messages_eus[0m
[4.180s] [  0%] Built target roscpp_generate_messages_eus
[4.191s] [35m[1mScanning dependencies of target rosgraph_msgs_generate_messages_py[0m
[4.200s] [  0%] Built target rosgraph_msgs_generate_messages_py
[4.215s] [35m[1mScanning dependencies of target actionlib_msgs_generate_messages_eus[0m
[4.224s] [  0%] Built target actionlib_msgs_generate_messages_eus
[4.232s] [35m[1mScanning dependencies of target nodelet_generate_messages_lisp[0m
[4.241s] [  0%] Built target nodelet_generate_messages_lisp
[4.250s] [35m[1mScanning dependencies of target actionlib_msgs_generate_messages_lisp[0m
[4.264s] [  0%] Built target actionlib_msgs_generate_messages_lisp
[4.272s] [35m[1mScanning dependencies of target actionlib_msgs_generate_messages_py[0m
[4.281s] [  0%] Built target actionlib_msgs_generate_messages_py
[4.292s] [35m[1mScanning dependencies of target tf2_msgs_generate_messages_cpp[0m
[4.301s] [  0%] Built target tf2_msgs_generate_messages_cpp
[4.310s] [35m[1mScanning dependencies of target tf2_msgs_generate_messages_eus[0m
[4.319s] [  0%] Built target tf2_msgs_generate_messages_eus
[4.327s] [35m[1mScanning dependencies of target actionlib_generate_messages_py[0m
[4.336s] [  0%] Built target actionlib_generate_messages_py
[4.344s] [35m[1mScanning dependencies of target tf2_msgs_generate_messages_py[0m
[4.353s] [  0%] Built target tf2_msgs_generate_messages_py
[4.361s] [35m[1mScanning dependencies of target tf2_msgs_generate_messages_nodejs[0m
[4.370s] [  0%] Built target tf2_msgs_generate_messages_nodejs
[4.379s] [35m[1mScanning dependencies of target dynamic_reconfigure_generate_messages_eus[0m
[4.388s] [  0%] Built target dynamic_reconfigure_generate_messages_eus
[4.397s] [35m[1mScanning dependencies of target dynamic_reconfigure_generate_messages_lisp[0m
[4.406s] [  0%] Built target dynamic_reconfigure_generate_messages_lisp
[4.414s] [35m[1mScanning dependencies of target pcl_msgs_generate_messages_cpp[0m
[4.423s] [  0%] Built target pcl_msgs_generate_messages_cpp
[4.433s] [35m[1mScanning dependencies of target dynamic_reconfigure_generate_messages_nodejs[0m
[4.442s] [  0%] Built target dynamic_reconfigure_generate_messages_nodejs
[4.450s] [35m[1mScanning dependencies of target dynamic_reconfigure_generate_messages_py[0m
[4.458s] [  0%] Built target dynamic_reconfigure_generate_messages_py
[4.467s] [35m[1mScanning dependencies of target tf2_msgs_generate_messages_lisp[0m
[4.476s] [  0%] Built target tf2_msgs_generate_messages_lisp
[4.484s] [35m[1mScanning dependencies of target dynamic_reconfigure_gencfg[0m
[4.493s] [  0%] Built target dynamic_reconfigure_gencfg
[4.502s] [35m[1mScanning dependencies of target nodelet_generate_messages_eus[0m
[4.510s] [  0%] Built target nodelet_generate_messages_eus
[4.519s] [35m[1mScanning dependencies of target nodelet_generate_messages_nodejs[0m
[4.527s] [  0%] Built target nodelet_generate_messages_nodejs
[4.535s] [35m[1mScanning dependencies of target pcl_msgs_generate_messages_nodejs[0m
[4.544s] [  0%] Built target pcl_msgs_generate_messages_nodejs
[4.553s] [35m[1mScanning dependencies of target bond_generate_messages_nodejs[0m
[4.562s] [  0%] Built target bond_generate_messages_nodejs
[4.571s] [35m[1mScanning dependencies of target topic_tools_generate_messages_py[0m
[4.580s] [  0%] Built target topic_tools_generate_messages_py
[4.589s] [35m[1mScanning dependencies of target actionlib_msgs_generate_messages_nodejs[0m
[4.597s] [  0%] Built target actionlib_msgs_generate_messages_nodejs
[4.606s] [35m[1mScanning dependencies of target nodelet_topic_tools_gencfg[0m
[4.615s] [  0%] Built target nodelet_topic_tools_gencfg
[4.623s] [35m[1mScanning dependencies of target std_srvs_generate_messages_lisp[0m
[4.632s] [  0%] Built target std_srvs_generate_messages_lisp
[4.641s] [35m[1mScanning dependencies of target pcl_msgs_generate_messages_eus[0m
[4.649s] [  0%] Built target pcl_msgs_generate_messages_eus
[4.658s] [35m[1mScanning dependencies of target tf_generate_messages_cpp[0m
[4.667s] [  0%] Built target tf_generate_messages_cpp
[4.675s] [35m[1mScanning dependencies of target actionlib_generate_messages_nodejs[0m
[4.686s] [  0%] Built target actionlib_generate_messages_nodejs
[4.697s] [35m[1mScanning dependencies of target pcl_msgs_generate_messages_lisp[0m
[4.708s] [  0%] Built target pcl_msgs_generate_messages_lisp
[4.717s] [35m[1mScanning dependencies of target actionlib_generate_messages_eus[0m
[4.727s] [  0%] Built target actionlib_generate_messages_eus
[4.736s] [35m[1mScanning dependencies of target pcl_msgs_generate_messages_py[0m
[4.748s] [  0%] Built target pcl_msgs_generate_messages_py
[4.756s] [35m[1mScanning dependencies of target kitti_player_gencfg[0m
[4.764s] [ 33%] [34m[1mGenerating dynamic reconfigure files from cfg/kitti_player.cfg: /home/agilex/autoware.ai/build/kitti_player/devel/include/kitti_player/kitti_playerConfig.h /home/agilex/autoware.ai/build/kitti_player/devel/lib/python2.7/dist-packages/kitti_player/cfg/kitti_playerConfig.py[0m
[4.807s] Generating reconfiguration files for kitti_player in kitti_player
[4.810s] Wrote header file in /home/agilex/autoware.ai/build/kitti_player/devel/include/kitti_player/kitti_playerConfig.h
[4.857s] [ 33%] Built target kitti_player_gencfg
[4.868s] [35m[1mScanning dependencies of target topic_tools_generate_messages_lisp[0m
[4.877s] [ 33%] Built target topic_tools_generate_messages_lisp
[4.885s] [35m[1mScanning dependencies of target topic_tools_generate_messages_nodejs[0m
[4.894s] [ 33%] Built target topic_tools_generate_messages_nodejs
[4.902s] [35m[1mScanning dependencies of target stereo_msgs_generate_messages_cpp[0m
[4.911s] [ 33%] Built target stereo_msgs_generate_messages_cpp
[4.919s] [35m[1mScanning dependencies of target stereo_msgs_generate_messages_eus[0m
[4.928s] [ 33%] Built target stereo_msgs_generate_messages_eus
[4.937s] [35m[1mScanning dependencies of target stereo_msgs_generate_messages_lisp[0m
[4.945s] [ 33%] Built target stereo_msgs_generate_messages_lisp
[4.954s] [35m[1mScanning dependencies of target stereo_msgs_generate_messages_nodejs[0m
[4.962s] [ 33%] Built target stereo_msgs_generate_messages_nodejs
[4.974s] [35m[1mScanning dependencies of target kitti_player[0m
[5.046s] [ 66%] [32mBuilding CXX object CMakeFiles/kitti_player.dir/src/kitti_player.cpp.o[0m
[9.325s] In file included from [01m[K/home/agilex/autoware.ai/src/autoware/utilities/kitti_player/src/kitti_player.cpp:41:0[m[K:
[9.325s] [01m[K/opt/ros/melodic/include/pcl_ros/point_cloud.h:303:27:[m[K [01;35m[Kwarning: [m[Kvariable templates only available with -std=c++14 or -std=gnu++14
[9.325s]      constexpr static bool [01;35m[Kpcl_uses_boost[m[K = true;
[9.325s]                            [01;35m[K^~~~~~~~~~~~~~[m[K
[15.101s] [100%] [32m[1mLinking CXX executable devel/lib/kitti_player/kitti_player[0m
[16.859s] [100%] Built target kitti_player
[16.871s] Invoked command in '/home/agilex/autoware.ai/build/kitti_player' returned '0': CMAKE_PREFIX_PATH=/home/agilex/autoware.ai/install/autoware_build_flags:${CMAKE_PREFIX_PATH} PKG_CONFIG_PATH=/home/agilex/autoware.ai/install/autoware_build_flags/lib/x86_64-linux-gnu/pkgconfig:/home/agilex/autoware.ai/install/autoware_build_flags/lib/pkgconfig:${PKG_CONFIG_PATH} ROS_PACKAGE_PATH=/home/agilex/autoware.ai/install/autoware_build_flags/share:${ROS_PACKAGE_PATH} /usr/bin/cmake --build /home/agilex/autoware.ai/build/kitti_player -- -j8 -l8
[16.996s] Invoking command in '/home/agilex/autoware.ai/build/kitti_player': CMAKE_PREFIX_PATH=/home/agilex/autoware.ai/install/autoware_build_flags:${CMAKE_PREFIX_PATH} PKG_CONFIG_PATH=/home/agilex/autoware.ai/install/autoware_build_flags/lib/x86_64-linux-gnu/pkgconfig:/home/agilex/autoware.ai/install/autoware_build_flags/lib/pkgconfig:${PKG_CONFIG_PATH} ROS_PACKAGE_PATH=/home/agilex/autoware.ai/install/autoware_build_flags/share:${ROS_PACKAGE_PATH} /usr/bin/cmake --build /home/agilex/autoware.ai/build/kitti_player --target tests -- -j8 -l8
[17.049s] [35m[1mScanning dependencies of target tests[0m
[17.057s] Built target tests
[17.069s] Invoked command in '/home/agilex/autoware.ai/build/kitti_player' returned '0': CMAKE_PREFIX_PATH=/home/agilex/autoware.ai/install/autoware_build_flags:${CMAKE_PREFIX_PATH} PKG_CONFIG_PATH=/home/agilex/autoware.ai/install/autoware_build_flags/lib/x86_64-linux-gnu/pkgconfig:/home/agilex/autoware.ai/install/autoware_build_flags/lib/pkgconfig:${PKG_CONFIG_PATH} ROS_PACKAGE_PATH=/home/agilex/autoware.ai/install/autoware_build_flags/share:${ROS_PACKAGE_PATH} /usr/bin/cmake --build /home/agilex/autoware.ai/build/kitti_player --target tests -- -j8 -l8
[17.167s] Invoking command in '/home/agilex/autoware.ai/build/kitti_player': CMAKE_PREFIX_PATH=/home/agilex/autoware.ai/install/autoware_build_flags:${CMAKE_PREFIX_PATH} PKG_CONFIG_PATH=/home/agilex/autoware.ai/install/autoware_build_flags/lib/x86_64-linux-gnu/pkgconfig:/home/agilex/autoware.ai/install/autoware_build_flags/lib/pkgconfig:${PKG_CONFIG_PATH} ROS_PACKAGE_PATH=/home/agilex/autoware.ai/install/autoware_build_flags/share:${ROS_PACKAGE_PATH} /usr/bin/cmake --build /home/agilex/autoware.ai/build/kitti_player --target install -- -j8 -l8
[17.227s] [  0%] Built target std_srvs_generate_messages_py
[17.244s] [  0%] Built target topic_tools_generate_messages_eus
[17.261s] [  0%] Built target stereo_msgs_generate_messages_py
[17.280s] [  0%] Built target topic_tools_generate_messages_cpp
[17.306s] [  0%] Built target sensor_msgs_generate_messages_nodejs
[17.324s] [  0%] Built target roscpp_generate_messages_cpp
[17.341s] [  0%] Built target actionlib_generate_messages_cpp
[17.360s] [  0%] Built target sensor_msgs_generate_messages_lisp
[17.384s] [  0%] Built target geometry_msgs_generate_messages_py
[17.401s] [  0%] Built target geometry_msgs_generate_messages_lisp
[17.421s] [  0%] Built target std_msgs_generate_messages_nodejs
[17.441s] [  0%] Built target bond_generate_messages_lisp
[17.457s] [  0%] Built target sensor_msgs_generate_messages_eus
[17.476s] [  0%] Built target sensor_msgs_generate_messages_cpp
[17.492s] [  0%] Built target tf_generate_messages_nodejs
[17.511s] [  0%] Built target std_msgs_generate_messages_cpp
[17.542s] [  0%] Built target sensor_msgs_generate_messages_py
[17.559s] [  0%] Built target nodelet_generate_messages_py
[17.578s] [  0%] Built target geometry_msgs_generate_messages_nodejs
[17.595s] [  0%] Built target tf_generate_messages_lisp
[17.612s] [  0%] Built target std_srvs_generate_messages_eus
[17.629s] [  0%] Built target roscpp_generate_messages_lisp
[17.646s] [  0%] Built target bond_generate_messages_eus
[17.665s] [  0%] Built target std_msgs_generate_messages_lisp
[17.683s] [  0%] Built target roscpp_generate_messages_nodejs
[17.702s] [  0%] Built target geometry_msgs_generate_messages_eus
[17.719s] [  0%] Built target std_msgs_generate_messages_py
[17.735s] [  0%] Built target roscpp_generate_messages_py
[17.757s] [  0%] Built target rosgraph_msgs_generate_messages_cpp
[17.774s] [  0%] Built target tf_generate_messages_py
[17.790s] [  0%] Built target dynamic_reconfigure_generate_messages_cpp
[17.807s] [  0%] Built target bond_generate_messages_cpp
[17.825s] [  0%] Built target rosgraph_msgs_generate_messages_eus
[17.846s] [  0%] Built target rosgraph_msgs_generate_messages_lisp
[17.867s] [  0%] Built target std_msgs_generate_messages_eus
[17.886s] [  0%] Built target rosgraph_msgs_generate_messages_nodejs
[17.902s] [  0%] Built target geometry_msgs_generate_messages_cpp
[17.925s] [  0%] Built target actionlib_generate_messages_lisp
[17.942s] [  0%] Built target nodelet_generate_messages_cpp
[17.967s] [  0%] Built target bond_generate_messages_py
[17.994s] [  0%] Built target std_srvs_generate_messages_nodejs
[18.023s] [  0%] Built target pcl_ros_gencfg
[18.040s] [  0%] Built target tf_generate_messages_eus
[18.057s] [  0%] Built target actionlib_msgs_generate_messages_cpp
[18.076s] [  0%] Built target std_srvs_generate_messages_cpp
[18.097s] [  0%] Built target roscpp_generate_messages_eus
[18.114s] [  0%] Built target rosgraph_msgs_generate_messages_py
[18.131s] [  0%] Built target actionlib_msgs_generate_messages_eus
[18.148s] [  0%] Built target nodelet_generate_messages_lisp
[18.165s] [  0%] Built target actionlib_msgs_generate_messages_lisp
[18.185s] [  0%] Built target actionlib_msgs_generate_messages_py
[18.206s] [  0%] Built target tf2_msgs_generate_messages_cpp
[18.227s] [  0%] Built target tf2_msgs_generate_messages_eus
[18.244s] [  0%] Built target actionlib_generate_messages_py
[18.267s] [  0%] Built target tf2_msgs_generate_messages_py
[18.283s] [  0%] Built target tf2_msgs_generate_messages_nodejs
[18.300s] [  0%] Built target dynamic_reconfigure_generate_messages_eus
[18.316s] [  0%] Built target dynamic_reconfigure_generate_messages_lisp
[18.333s] [  0%] Built target pcl_msgs_generate_messages_cpp
[18.356s] [  0%] Built target dynamic_reconfigure_generate_messages_nodejs
[18.375s] [  0%] Built target dynamic_reconfigure_generate_messages_py
[18.396s] [  0%] Built target tf2_msgs_generate_messages_lisp
[18.418s] [  0%] Built target dynamic_reconfigure_gencfg
[18.434s] [  0%] Built target nodelet_generate_messages_eus
[18.451s] [  0%] Built target nodelet_generate_messages_nodejs
[18.468s] [  0%] Built target pcl_msgs_generate_messages_nodejs
[18.489s] [  0%] Built target bond_generate_messages_nodejs
[18.508s] [  0%] Built target topic_tools_generate_messages_py
[18.527s] [  0%] Built target actionlib_msgs_generate_messages_nodejs
[18.547s] [  0%] Built target nodelet_topic_tools_gencfg
[18.564s] [  0%] Built target std_srvs_generate_messages_lisp
[18.589s] [  0%] Built target pcl_msgs_generate_messages_eus
[18.606s] [  0%] Built target tf_generate_messages_cpp
[18.622s] [  0%] Built target actionlib_generate_messages_nodejs
[18.640s] [  0%] Built target pcl_msgs_generate_messages_lisp
[18.657s] [  0%] Built target actionlib_generate_messages_eus
[18.674s] [  0%] Built target pcl_msgs_generate_messages_py
[18.699s] [ 33%] Built target kitti_player_gencfg
[18.719s] [ 33%] Built target topic_tools_generate_messages_lisp
[18.736s] [ 33%] Built target topic_tools_generate_messages_nodejs
[18.758s] [ 33%] Built target stereo_msgs_generate_messages_cpp
[18.780s] [ 33%] Built target stereo_msgs_generate_messages_eus
[18.798s] [ 33%] Built target stereo_msgs_generate_messages_lisp
[18.815s] [ 33%] Built target stereo_msgs_generate_messages_nodejs
[18.850s] [100%] Built target kitti_player
[18.872s] [36mInstall the project...[0m
[18.879s] -- Install configuration: "Release"
[18.880s] -- Installing: /home/agilex/autoware.ai/install/kitti_player/include/kitti_player/kitti_playerConfig.h
[18.880s] -- Installing: /home/agilex/autoware.ai/install/kitti_player/lib/python2.7/dist-packages/kitti_player/__init__.py
[18.890s] Listing /home/agilex/autoware.ai/build/kitti_player/devel/lib/python2.7/dist-packages/kitti_player/cfg ...
[18.890s] Compiling /home/agilex/autoware.ai/build/kitti_player/devel/lib/python2.7/dist-packages/kitti_player/cfg/__init__.py ...
[18.890s] Compiling /home/agilex/autoware.ai/build/kitti_player/devel/lib/python2.7/dist-packages/kitti_player/cfg/kitti_playerConfig.py ...
[18.892s] -- Installing: /home/agilex/autoware.ai/install/kitti_player/lib/python2.7/dist-packages/kitti_player/cfg
[18.892s] -- Installing: /home/agilex/autoware.ai/install/kitti_player/lib/python2.7/dist-packages/kitti_player/cfg/kitti_playerConfig.py
[18.892s] -- Installing: /home/agilex/autoware.ai/install/kitti_player/lib/python2.7/dist-packages/kitti_player/cfg/kitti_playerConfig.pyc
[18.892s] -- Installing: /home/agilex/autoware.ai/install/kitti_player/lib/python2.7/dist-packages/kitti_player/cfg/__init__.pyc
[18.892s] -- Installing: /home/agilex/autoware.ai/install/kitti_player/lib/python2.7/dist-packages/kitti_player/cfg/__init__.py
[18.892s] -- Installing: /home/agilex/autoware.ai/install/kitti_player/lib/pkgconfig/kitti_player.pc
[18.892s] -- Installing: /home/agilex/autoware.ai/install/kitti_player/share/kitti_player/cmake/kitti_playerConfig.cmake
[18.892s] -- Installing: /home/agilex/autoware.ai/install/kitti_player/share/kitti_player/cmake/kitti_playerConfig-version.cmake
[18.892s] -- Installing: /home/agilex/autoware.ai/install/kitti_player/share/kitti_player/package.xml
[18.893s] -- Installing: /home/agilex/autoware.ai/install/kitti_player/lib/kitti_player/kitti_player
[18.893s] -- Set runtime path of "/home/agilex/autoware.ai/install/kitti_player/lib/kitti_player/kitti_player" to ""
[18.893s] -- Installing: /home/agilex/autoware.ai/install/kitti_player/share/kitti_player/launch
[18.893s] -- Installing: /home/agilex/autoware.ai/install/kitti_player/share/kitti_player/launch/kittiplayer_libviso2.launch
[18.893s] -- Installing: /home/agilex/autoware.ai/install/kitti_player/share/kitti_player/cfg
[18.893s] -- Installing: /home/agilex/autoware.ai/install/kitti_player/share/kitti_player/cfg/rviz_kitti_player.rviz
[18.893s] -- Installing: /home/agilex/autoware.ai/install/kitti_player/share/kitti_player/cfg/kitti_player.cfg
[18.898s] Invoked command in '/home/agilex/autoware.ai/build/kitti_player' returned '0': CMAKE_PREFIX_PATH=/home/agilex/autoware.ai/install/autoware_build_flags:${CMAKE_PREFIX_PATH} PKG_CONFIG_PATH=/home/agilex/autoware.ai/install/autoware_build_flags/lib/x86_64-linux-gnu/pkgconfig:/home/agilex/autoware.ai/install/autoware_build_flags/lib/pkgconfig:${PKG_CONFIG_PATH} ROS_PACKAGE_PATH=/home/agilex/autoware.ai/install/autoware_build_flags/share:${ROS_PACKAGE_PATH} /usr/bin/cmake --build /home/agilex/autoware.ai/build/kitti_player --target install -- -j8 -l8
