Determining if the pthread_create exist failed with the following output:
Change Dir: /home/agilex/autoware.ai/build/autoware_pointgrey_drivers/CMakeFiles/CMakeTmp

Run Build Command:"/usr/bin/make" "cmTC_cb2dd/fast"
/usr/bin/make -f CMakeFiles/cmTC_cb2dd.dir/build.make CMakeFiles/cmTC_cb2dd.dir/build
make[1]: Entering directory '/home/agilex/autoware.ai/build/autoware_pointgrey_drivers/CMakeFiles/CMakeTmp'
Building C object CMakeFiles/cmTC_cb2dd.dir/CheckSymbolExists.c.o
/usr/bin/cc    -o CMakeFiles/cmTC_cb2dd.dir/CheckSymbolExists.c.o   -c /home/agilex/autoware.ai/build/autoware_pointgrey_drivers/CMakeFiles/CMakeTmp/CheckSymbolExists.c
Linking C executable cmTC_cb2dd
/usr/bin/cmake -E cmake_link_script CMakeFiles/cmTC_cb2dd.dir/link.txt --verbose=1
/usr/bin/cc      -rdynamic CMakeFiles/cmTC_cb2dd.dir/CheckSymbolExists.c.o  -o cmTC_cb2dd 
CMakeFiles/cmTC_cb2dd.dir/CheckSymbolExists.c.o: In function `main':
CheckSymbolExists.c:(.text+0x1b): undefined reference to `pthread_create'
collect2: error: ld returned 1 exit status
CMakeFiles/cmTC_cb2dd.dir/build.make:97: recipe for target 'cmTC_cb2dd' failed
make[1]: *** [cmTC_cb2dd] Error 1
make[1]: Leaving directory '/home/agilex/autoware.ai/build/autoware_pointgrey_drivers/CMakeFiles/CMakeTmp'
Makefile:126: recipe for target 'cmTC_cb2dd/fast' failed
make: *** [cmTC_cb2dd/fast] Error 2

File /home/agilex/autoware.ai/build/autoware_pointgrey_drivers/CMakeFiles/CMakeTmp/CheckSymbolExists.c:
/* */
#include <pthread.h>

int main(int argc, char** argv)
{
  (void)argv;
#ifndef pthread_create
  return ((int*)(&pthread_create))[argc];
#else
  (void)argc;
  return 0;
#endif
}

Determining if the function pthread_create exists in the pthreads failed with the following output:
Change Dir: /home/agilex/autoware.ai/build/autoware_pointgrey_drivers/CMakeFiles/CMakeTmp

Run Build Command:"/usr/bin/make" "cmTC_971fd/fast"
/usr/bin/make -f CMakeFiles/cmTC_971fd.dir/build.make CMakeFiles/cmTC_971fd.dir/build
make[1]: Entering directory '/home/agilex/autoware.ai/build/autoware_pointgrey_drivers/CMakeFiles/CMakeTmp'
Building C object CMakeFiles/cmTC_971fd.dir/CheckFunctionExists.c.o
/usr/bin/cc   -DCHECK_FUNCTION_EXISTS=pthread_create   -o CMakeFiles/cmTC_971fd.dir/CheckFunctionExists.c.o   -c /usr/share/cmake-3.10/Modules/CheckFunctionExists.c
Linking C executable cmTC_971fd
/usr/bin/cmake -E cmake_link_script CMakeFiles/cmTC_971fd.dir/link.txt --verbose=1
/usr/bin/cc  -DCHECK_FUNCTION_EXISTS=pthread_create    -rdynamic CMakeFiles/cmTC_971fd.dir/CheckFunctionExists.c.o  -o cmTC_971fd -lpthreads 
/usr/bin/ld: cannot find -lpthreads
collect2: error: ld returned 1 exit status
CMakeFiles/cmTC_971fd.dir/build.make:97: recipe for target 'cmTC_971fd' failed
make[1]: *** [cmTC_971fd] Error 1
make[1]: Leaving directory '/home/agilex/autoware.ai/build/autoware_pointgrey_drivers/CMakeFiles/CMakeTmp'
Makefile:126: recipe for target 'cmTC_971fd/fast' failed
make: *** [cmTC_971fd/fast] Error 2


