Determining if the pthread_create exist failed with the following output:
Change Dir: /home/agilex/autoware.ai/build/vlg22c_cam/CMakeFiles/CMakeTmp

Run Build Command:"/usr/bin/make" "cmTC_e5069/fast"
/usr/bin/make -f CMakeFiles/cmTC_e5069.dir/build.make CMakeFiles/cmTC_e5069.dir/build
make[1]: Entering directory '/home/agilex/autoware.ai/build/vlg22c_cam/CMakeFiles/CMakeTmp'
Building C object CMakeFiles/cmTC_e5069.dir/CheckSymbolExists.c.o
/usr/bin/cc    -o CMakeFiles/cmTC_e5069.dir/CheckSymbolExists.c.o   -c /home/agilex/autoware.ai/build/vlg22c_cam/CMakeFiles/CMakeTmp/CheckSymbolExists.c
Linking C executable cmTC_e5069
/usr/bin/cmake -E cmake_link_script CMakeFiles/cmTC_e5069.dir/link.txt --verbose=1
/usr/bin/cc      -rdynamic CMakeFiles/cmTC_e5069.dir/CheckSymbolExists.c.o  -o cmTC_e5069 
CMakeFiles/cmTC_e5069.dir/CheckSymbolExists.c.o: In function `main':
CheckSymbolExists.c:(.text+0x1b): undefined reference to `pthread_create'
collect2: error: ld returned 1 exit status
CMakeFiles/cmTC_e5069.dir/build.make:97: recipe for target 'cmTC_e5069' failed
make[1]: *** [cmTC_e5069] Error 1
make[1]: Leaving directory '/home/agilex/autoware.ai/build/vlg22c_cam/CMakeFiles/CMakeTmp'
Makefile:126: recipe for target 'cmTC_e5069/fast' failed
make: *** [cmTC_e5069/fast] Error 2

File /home/agilex/autoware.ai/build/vlg22c_cam/CMakeFiles/CMakeTmp/CheckSymbolExists.c:
/* */
#include <pthread.h>

int main(int argc, char** argv)
{
  (void)argv;
#ifndef pthread_create
  return ((int*)(&pthread_create))[argc];
#else
  (void)argc;
  return 0;
#endif
}

Determining if the function pthread_create exists in the pthreads failed with the following output:
Change Dir: /home/agilex/autoware.ai/build/vlg22c_cam/CMakeFiles/CMakeTmp

Run Build Command:"/usr/bin/make" "cmTC_3dacf/fast"
/usr/bin/make -f CMakeFiles/cmTC_3dacf.dir/build.make CMakeFiles/cmTC_3dacf.dir/build
make[1]: Entering directory '/home/agilex/autoware.ai/build/vlg22c_cam/CMakeFiles/CMakeTmp'
Building C object CMakeFiles/cmTC_3dacf.dir/CheckFunctionExists.c.o
/usr/bin/cc   -DCHECK_FUNCTION_EXISTS=pthread_create   -o CMakeFiles/cmTC_3dacf.dir/CheckFunctionExists.c.o   -c /usr/share/cmake-3.10/Modules/CheckFunctionExists.c
Linking C executable cmTC_3dacf
/usr/bin/cmake -E cmake_link_script CMakeFiles/cmTC_3dacf.dir/link.txt --verbose=1
/usr/bin/cc  -DCHECK_FUNCTION_EXISTS=pthread_create    -rdynamic CMakeFiles/cmTC_3dacf.dir/CheckFunctionExists.c.o  -o cmTC_3dacf -lpthreads 
/usr/bin/ld: cannot find -lpthreads
collect2: error: ld returned 1 exit status
CMakeFiles/cmTC_3dacf.dir/build.make:97: recipe for target 'cmTC_3dacf' failed
make[1]: *** [cmTC_3dacf] Error 1
make[1]: Leaving directory '/home/agilex/autoware.ai/build/vlg22c_cam/CMakeFiles/CMakeTmp'
Makefile:126: recipe for target 'cmTC_3dacf/fast' failed
make: *** [cmTC_3dacf/fast] Error 2


