[0.027s] Invoking command in '/home/agilex/autoware.ai/build/sick_ldmrs_driver': CMAKE_PREFIX_PATH=/home/agilex/autoware.ai/install/sick_ldmrs_msgs:/home/agilex/autoware.ai/install/sick_ldmrs_description:${CMAKE_PREFIX_PATH} PKG_CONFIG_PATH=/home/agilex/autoware.ai/install/sick_ldmrs_msgs/lib/x86_64-linux-gnu/pkgconfig:/home/agilex/autoware.ai/install/sick_ldmrs_msgs/lib/pkgconfig:/home/agilex/autoware.ai/install/sick_ldmrs_description/lib/x86_64-linux-gnu/pkgconfig:/home/agilex/autoware.ai/install/sick_ldmrs_description/lib/pkgconfig:${PKG_CONFIG_PATH} PYTHONPATH=/home/agilex/autoware.ai/install/sick_ldmrs_msgs/lib/python2.7/dist-packages:${PYTHONPATH} ROS_PACKAGE_PATH=/home/agilex/autoware.ai/install/sick_ldmrs_msgs/share:/home/agilex/autoware.ai/install/sick_ldmrs_description/share:${ROS_PACKAGE_PATH} /usr/bin/cmake --build /home/agilex/autoware.ai/build/sick_ldmrs_driver -- -j8 -l8
[0.181s] [  0%] Built target diagnostic_msgs_generate_messages_nodejs
[0.182s] [ 48%] Built target sick_ldmrs
[0.182s] [ 48%] Built target dynamic_reconfigure_generate_messages_lisp
[0.183s] [ 48%] Built target dynamic_reconfigure_generate_messages_py
[0.183s] [ 48%] Built target pcl_msgs_generate_messages_eus
[0.183s] [ 49%] Built target sick_ldmrs_driver_gencfg
[0.183s] [ 49%] Built target pcl_msgs_generate_messages_cpp
[0.185s] [ 49%] Built target sick_ldmrs_msgs_generate_messages_lisp
[0.190s] [ 49%] Built target dynamic_reconfigure_generate_messages_nodejs
[0.192s] [ 49%] Built target roscpp_generate_messages_py
[0.194s] [ 49%] Built target rosgraph_msgs_generate_messages_eus
[0.197s] [ 49%] Built target rosgraph_msgs_generate_messages_lisp
[0.201s] [ 49%] Built target rosgraph_msgs_generate_messages_cpp
[0.220s] [ 49%] Built target pcl_msgs_generate_messages_nodejs
[0.221s] [ 49%] Built target std_msgs_generate_messages_cpp
[0.231s] [ 49%] Built target rosgraph_msgs_generate_messages_nodejs
[0.231s] [ 49%] Built target geometry_msgs_generate_messages_eus
[0.234s] [ 49%] Built target roscpp_generate_messages_lisp
[0.275s] [ 49%] Built target actionlib_msgs_generate_messages_nodejs
[0.275s] [ 49%] Built target sensor_msgs_generate_messages_lisp
[0.275s] [ 49%] Built target diagnostic_msgs_generate_messages_eus
[0.276s] [ 49%] Built target actionlib_msgs_generate_messages_lisp
[0.286s] [ 49%] Built target sick_ldmrs_msgs_generate_messages_nodejs
[0.286s] [ 49%] Built target diagnostic_msgs_generate_messages_py
[0.286s] [ 49%] Built target dynamic_reconfigure_generate_messages_eus
[0.286s] [ 49%] Built target roscpp_generate_messages_nodejs
[0.286s] [ 49%] Built target diagnostic_msgs_generate_messages_lisp
[0.286s] [ 49%] Built target std_msgs_generate_messages_lisp
[0.296s] [ 49%] Built target std_msgs_generate_messages_nodejs
[0.315s] [ 49%] Built target std_msgs_generate_messages_py
[0.315s] [ 49%] Built target geometry_msgs_generate_messages_nodejs
[0.315s] [ 49%] Built target sick_ldmrs_msgs_generate_messages_eus
[0.315s] [ 49%] Built target sensor_msgs_generate_messages_cpp
[0.315s] [ 49%] Built target actionlib_generate_messages_cpp
[0.316s] [ 49%] Built target sensor_msgs_generate_messages_eus
[0.317s] [ 49%] Built target tf_generate_messages_py
[0.317s] [ 49%] Built target sensor_msgs_generate_messages_py
[0.321s] [ 49%] Built target roscpp_generate_messages_cpp
[0.323s] [ 49%] Built target sensor_msgs_generate_messages_nodejs
[0.324s] [ 49%] Built target dynamic_reconfigure_generate_messages_cpp
[0.327s] [ 49%] Built target geometry_msgs_generate_messages_py
[0.335s] [ 49%] Built target dynamic_reconfigure_gencfg
[0.340s] [ 49%] Built target geometry_msgs_generate_messages_lisp
[0.346s] [ 49%] Built target sick_ldmrs_msgs_generate_messages_cpp
[0.347s] [ 49%] Built target tf_generate_messages_lisp
[0.352s] [ 49%] Built target actionlib_generate_messages_eus
[0.354s] [ 49%] Built target tf2_msgs_generate_messages_lisp
[0.359s] [ 49%] Built target diagnostic_msgs_generate_messages_cpp
[0.365s] [ 49%] Built target pcl_msgs_generate_messages_py
[0.374s] [ 49%] Built target tf_generate_messages_nodejs
[0.388s] [ 49%] Built target actionlib_generate_messages_nodejs
[0.388s] [ 49%] Built target geometry_msgs_generate_messages_cpp
[0.388s] [ 49%] Built target pcl_msgs_generate_messages_lisp
[0.392s] [ 49%] Built target sick_ldmrs_msgs_generate_messages_py
[0.393s] [ 49%] Built target tf2_msgs_generate_messages_py
[0.394s] [ 49%] Built target tf_generate_messages_cpp
[0.397s] [ 49%] Built target actionlib_generate_messages_lisp
[0.409s] [ 49%] Built target tf_generate_messages_eus
[0.414s] [ 49%] Built target actionlib_generate_messages_py
[0.415s] [ 49%] Built target roscpp_generate_messages_eus
[0.418s] [ 49%] Built target rosgraph_msgs_generate_messages_py
[0.422s] [ 49%] Built target actionlib_msgs_generate_messages_cpp
[0.423s] [ 49%] Built target actionlib_msgs_generate_messages_py
[0.426s] [ 49%] Built target actionlib_msgs_generate_messages_eus
[0.428s] [ 49%] Built target tf2_msgs_generate_messages_cpp
[0.434s] [ 49%] Built target tf2_msgs_generate_messages_eus
[0.440s] [ 49%] Built target std_msgs_generate_messages_eus
[0.441s] [ 49%] Built target tf2_msgs_generate_messages_nodejs
[0.454s] [ 97%] Built target LDMRS_Example
[0.470s] [100%] Built target sick_ldmrs_node
[0.525s] Invoked command in '/home/agilex/autoware.ai/build/sick_ldmrs_driver' returned '0': CMAKE_PREFIX_PATH=/home/agilex/autoware.ai/install/sick_ldmrs_msgs:/home/agilex/autoware.ai/install/sick_ldmrs_description:${CMAKE_PREFIX_PATH} PKG_CONFIG_PATH=/home/agilex/autoware.ai/install/sick_ldmrs_msgs/lib/x86_64-linux-gnu/pkgconfig:/home/agilex/autoware.ai/install/sick_ldmrs_msgs/lib/pkgconfig:/home/agilex/autoware.ai/install/sick_ldmrs_description/lib/x86_64-linux-gnu/pkgconfig:/home/agilex/autoware.ai/install/sick_ldmrs_description/lib/pkgconfig:${PKG_CONFIG_PATH} PYTHONPATH=/home/agilex/autoware.ai/install/sick_ldmrs_msgs/lib/python2.7/dist-packages:${PYTHONPATH} ROS_PACKAGE_PATH=/home/agilex/autoware.ai/install/sick_ldmrs_msgs/share:/home/agilex/autoware.ai/install/sick_ldmrs_description/share:${ROS_PACKAGE_PATH} /usr/bin/cmake --build /home/agilex/autoware.ai/build/sick_ldmrs_driver -- -j8 -l8
[0.915s] Invoking command in '/home/agilex/autoware.ai/build/sick_ldmrs_driver': CMAKE_PREFIX_PATH=/home/agilex/autoware.ai/install/sick_ldmrs_msgs:/home/agilex/autoware.ai/install/sick_ldmrs_description:${CMAKE_PREFIX_PATH} PKG_CONFIG_PATH=/home/agilex/autoware.ai/install/sick_ldmrs_msgs/lib/x86_64-linux-gnu/pkgconfig:/home/agilex/autoware.ai/install/sick_ldmrs_msgs/lib/pkgconfig:/home/agilex/autoware.ai/install/sick_ldmrs_description/lib/x86_64-linux-gnu/pkgconfig:/home/agilex/autoware.ai/install/sick_ldmrs_description/lib/pkgconfig:${PKG_CONFIG_PATH} PYTHONPATH=/home/agilex/autoware.ai/install/sick_ldmrs_msgs/lib/python2.7/dist-packages:${PYTHONPATH} ROS_PACKAGE_PATH=/home/agilex/autoware.ai/install/sick_ldmrs_msgs/share:/home/agilex/autoware.ai/install/sick_ldmrs_description/share:${ROS_PACKAGE_PATH} /usr/bin/cmake --build /home/agilex/autoware.ai/build/sick_ldmrs_driver --target tests -- -j8 -l8
[1.033s] Built target tests
[1.077s] Invoked command in '/home/agilex/autoware.ai/build/sick_ldmrs_driver' returned '0': CMAKE_PREFIX_PATH=/home/agilex/autoware.ai/install/sick_ldmrs_msgs:/home/agilex/autoware.ai/install/sick_ldmrs_description:${CMAKE_PREFIX_PATH} PKG_CONFIG_PATH=/home/agilex/autoware.ai/install/sick_ldmrs_msgs/lib/x86_64-linux-gnu/pkgconfig:/home/agilex/autoware.ai/install/sick_ldmrs_msgs/lib/pkgconfig:/home/agilex/autoware.ai/install/sick_ldmrs_description/lib/x86_64-linux-gnu/pkgconfig:/home/agilex/autoware.ai/install/sick_ldmrs_description/lib/pkgconfig:${PKG_CONFIG_PATH} PYTHONPATH=/home/agilex/autoware.ai/install/sick_ldmrs_msgs/lib/python2.7/dist-packages:${PYTHONPATH} ROS_PACKAGE_PATH=/home/agilex/autoware.ai/install/sick_ldmrs_msgs/share:/home/agilex/autoware.ai/install/sick_ldmrs_description/share:${ROS_PACKAGE_PATH} /usr/bin/cmake --build /home/agilex/autoware.ai/build/sick_ldmrs_driver --target tests -- -j8 -l8
[1.214s] Invoking command in '/home/agilex/autoware.ai/build/sick_ldmrs_driver': CMAKE_PREFIX_PATH=/home/agilex/autoware.ai/install/sick_ldmrs_msgs:/home/agilex/autoware.ai/install/sick_ldmrs_description:${CMAKE_PREFIX_PATH} PKG_CONFIG_PATH=/home/agilex/autoware.ai/install/sick_ldmrs_msgs/lib/x86_64-linux-gnu/pkgconfig:/home/agilex/autoware.ai/install/sick_ldmrs_msgs/lib/pkgconfig:/home/agilex/autoware.ai/install/sick_ldmrs_description/lib/x86_64-linux-gnu/pkgconfig:/home/agilex/autoware.ai/install/sick_ldmrs_description/lib/pkgconfig:${PKG_CONFIG_PATH} PYTHONPATH=/home/agilex/autoware.ai/install/sick_ldmrs_msgs/lib/python2.7/dist-packages:${PYTHONPATH} ROS_PACKAGE_PATH=/home/agilex/autoware.ai/install/sick_ldmrs_msgs/share:/home/agilex/autoware.ai/install/sick_ldmrs_description/share:${ROS_PACKAGE_PATH} /usr/bin/cmake --build /home/agilex/autoware.ai/build/sick_ldmrs_driver --target install -- -j8 -l8
[1.292s] [  0%] Built target pcl_msgs_generate_messages_eus
[1.293s] [  0%] Built target diagnostic_msgs_generate_messages_nodejs
[1.295s] [  0%] Built target sick_ldmrs_msgs_generate_messages_lisp
[1.297s] [  1%] Built target sick_ldmrs_driver_gencfg
[1.302s] [  1%] Built target dynamic_reconfigure_generate_messages_lisp
[1.317s] [  1%] Built target pcl_msgs_generate_messages_cpp
[1.321s] [  1%] Built target dynamic_reconfigure_generate_messages_py
[1.332s] [  1%] Built target rosgraph_msgs_generate_messages_eus
[1.340s] [ 49%] Built target sick_ldmrs
[1.352s] [ 49%] Built target dynamic_reconfigure_generate_messages_nodejs
[1.362s] [ 49%] Built target rosgraph_msgs_generate_messages_cpp
[1.373s] [ 49%] Built target rosgraph_msgs_generate_messages_lisp
[1.377s] [ 49%] Built target geometry_msgs_generate_messages_eus
[1.385s] [ 49%] Built target pcl_msgs_generate_messages_nodejs
[1.403s] [ 49%] Built target roscpp_generate_messages_lisp
[1.403s] [ 49%] Built target sensor_msgs_generate_messages_lisp
[1.424s] [ 49%] Built target std_msgs_generate_messages_cpp
[1.425s] [ 49%] Built target rosgraph_msgs_generate_messages_nodejs
[1.425s] [ 49%] Built target actionlib_msgs_generate_messages_lisp
[1.452s] [ 49%] Built target actionlib_msgs_generate_messages_nodejs
[1.455s] [ 49%] Built target roscpp_generate_messages_py
[1.455s] [ 49%] Built target dynamic_reconfigure_generate_messages_eus
[1.472s] [ 49%] Built target diagnostic_msgs_generate_messages_py
[1.499s] [ 49%] Built target diagnostic_msgs_generate_messages_eus
[1.501s] [ 49%] Built target std_msgs_generate_messages_nodejs
[1.502s] [ 49%] Built target std_msgs_generate_messages_lisp
[1.505s] [ 49%] Built target roscpp_generate_messages_nodejs
[1.507s] [ 49%] Built target sick_ldmrs_msgs_generate_messages_eus
[1.508s] [ 49%] Built target std_msgs_generate_messages_py
[1.519s] [ 49%] Built target sick_ldmrs_msgs_generate_messages_nodejs
[1.520s] [ 49%] Built target diagnostic_msgs_generate_messages_lisp
[1.549s] [ 49%] Built target geometry_msgs_generate_messages_nodejs
[1.555s] [ 49%] Built target sensor_msgs_generate_messages_nodejs
[1.556s] [ 49%] Built target dynamic_reconfigure_generate_messages_cpp
[1.561s] [ 49%] Built target sensor_msgs_generate_messages_eus
[1.567s] [ 49%] Built target actionlib_generate_messages_cpp
[1.567s] [ 49%] Built target roscpp_generate_messages_cpp
[1.570s] [ 49%] Built target sensor_msgs_generate_messages_py
[1.584s] [ 49%] Built target tf_generate_messages_py
[1.598s] [ 49%] Built target sensor_msgs_generate_messages_cpp
[1.617s] [ 49%] Built target geometry_msgs_generate_messages_lisp
[1.618s] [ 49%] Built target dynamic_reconfigure_gencfg
[1.624s] [ 49%] Built target geometry_msgs_generate_messages_py
[1.640s] [ 49%] Built target sick_ldmrs_msgs_generate_messages_cpp
[1.652s] [ 49%] Built target tf_generate_messages_lisp
[1.668s] [ 49%] Built target tf2_msgs_generate_messages_lisp
[1.669s] [ 49%] Built target tf_generate_messages_nodejs
[1.677s] [ 49%] Built target pcl_msgs_generate_messages_py
[1.685s] [ 49%] Built target pcl_msgs_generate_messages_lisp
[1.688s] [ 49%] Built target geometry_msgs_generate_messages_cpp
[1.695s] [ 49%] Built target actionlib_generate_messages_eus
[1.696s] [ 49%] Built target actionlib_generate_messages_lisp
[1.710s] [ 49%] Built target tf2_msgs_generate_messages_py
[1.729s] [ 49%] Built target tf_generate_messages_cpp
[1.729s] [ 49%] Built target tf_generate_messages_eus
[1.746s] [ 49%] Built target actionlib_generate_messages_py
[1.748s] [ 49%] Built target actionlib_generate_messages_nodejs
[1.749s] [ 49%] Built target diagnostic_msgs_generate_messages_cpp
[1.750s] [ 49%] Built target actionlib_msgs_generate_messages_cpp
[1.764s] [ 49%] Built target roscpp_generate_messages_eus
[1.766s] [ 49%] Built target actionlib_msgs_generate_messages_eus
[1.769s] [ 49%] Built target rosgraph_msgs_generate_messages_py
[1.775s] [ 49%] Built target sick_ldmrs_msgs_generate_messages_py
[1.787s] [ 49%] Built target actionlib_msgs_generate_messages_py
[1.800s] [ 49%] Built target std_msgs_generate_messages_eus
[1.809s] [ 49%] Built target tf2_msgs_generate_messages_eus
[1.830s] [ 49%] Built target tf2_msgs_generate_messages_nodejs
[1.856s] [ 49%] Built target tf2_msgs_generate_messages_cpp
[1.859s] [ 97%] Built target LDMRS_Example
[1.930s] [100%] Built target sick_ldmrs_node
[1.989s] [36mInstall the project...[0m
[2.002s] -- Install configuration: "Release"
[2.002s] -- Up-to-date: /home/agilex/autoware.ai/install/sick_ldmrs_driver/include/sick_ldmrs_driver/SickLDMRSDriverConfig.h
[2.002s] -- Up-to-date: /home/agilex/autoware.ai/install/sick_ldmrs_driver/lib/python2.7/dist-packages/sick_ldmrs_driver/__init__.py
[2.015s] Listing /home/agilex/autoware.ai/build/sick_ldmrs_driver/devel/lib/python2.7/dist-packages/sick_ldmrs_driver/cfg ...
[2.016s] -- Up-to-date: /home/agilex/autoware.ai/install/sick_ldmrs_driver/lib/python2.7/dist-packages/sick_ldmrs_driver/cfg
[2.016s] -- Up-to-date: /home/agilex/autoware.ai/install/sick_ldmrs_driver/lib/python2.7/dist-packages/sick_ldmrs_driver/cfg/SickLDMRSDriverConfig.pyc
[2.016s] -- Up-to-date: /home/agilex/autoware.ai/install/sick_ldmrs_driver/lib/python2.7/dist-packages/sick_ldmrs_driver/cfg/__init__.pyc
[2.016s] -- Up-to-date: /home/agilex/autoware.ai/install/sick_ldmrs_driver/lib/python2.7/dist-packages/sick_ldmrs_driver/cfg/SickLDMRSDriverConfig.py
[2.016s] -- Up-to-date: /home/agilex/autoware.ai/install/sick_ldmrs_driver/lib/python2.7/dist-packages/sick_ldmrs_driver/cfg/__init__.py
[2.016s] -- Up-to-date: /home/agilex/autoware.ai/install/sick_ldmrs_driver/lib/pkgconfig/sick_ldmrs_driver.pc
[2.017s] -- Up-to-date: /home/agilex/autoware.ai/install/sick_ldmrs_driver/share/sick_ldmrs_driver/cmake/sick_ldmrs_driverConfig.cmake
[2.017s] -- Up-to-date: /home/agilex/autoware.ai/install/sick_ldmrs_driver/share/sick_ldmrs_driver/cmake/sick_ldmrs_driverConfig-version.cmake
[2.017s] -- Up-to-date: /home/agilex/autoware.ai/install/sick_ldmrs_driver/share/sick_ldmrs_driver/package.xml
[2.017s] -- Up-to-date: /home/agilex/autoware.ai/install/sick_ldmrs_driver/include/sick_ldmrs_driver
[2.017s] -- Up-to-date: /home/agilex/autoware.ai/install/sick_ldmrs_driver/include/sick_ldmrs_driver/sick_ldmrs_node.hpp
[2.017s] -- Up-to-date: /home/agilex/autoware.ai/install/sick_ldmrs_driver/lib/sick_ldmrs_driver/sick_ldmrs_node
[2.017s] -- Up-to-date: /home/agilex/autoware.ai/install/sick_ldmrs_driver/share/sick_ldmrs_driver/config
[2.017s] -- Up-to-date: /home/agilex/autoware.ai/install/sick_ldmrs_driver/share/sick_ldmrs_driver/config/analyzers.yaml
[2.018s] -- Up-to-date: /home/agilex/autoware.ai/install/sick_ldmrs_driver/share/sick_ldmrs_driver/launch
[2.018s] -- Up-to-date: /home/agilex/autoware.ai/install/sick_ldmrs_driver/share/sick_ldmrs_driver/launch/sick_ldmrs_node.launch
[2.018s] -- Up-to-date: /home/agilex/autoware.ai/install/sick_ldmrs_driver/share/sick_ldmrs_driver/launch/sick_ldmrs_node_with_aggregator.launch
[2.018s] -- Up-to-date: /home/agilex/autoware.ai/install/sick_ldmrs_driver/share/sick_ldmrs_driver/launch/sick_ldmrs.launch
[2.019s] -- Up-to-date: /home/agilex/autoware.ai/install/sick_ldmrs_driver/lib/cmake/SickLDMRS/SickLDMRSConfig.cmake
[2.019s] -- Up-to-date: /home/agilex/autoware.ai/install/sick_ldmrs_driver/lib/cmake/SickLDMRS/SickLDMRSConfigVersion.cmake
[2.020s] -- Up-to-date: /home/agilex/autoware.ai/install/sick_ldmrs_driver/lib/cmake/SickLDMRS/SickLDMRSTargets.cmake
[2.020s] -- Up-to-date: /home/agilex/autoware.ai/install/sick_ldmrs_driver/lib/cmake/SickLDMRS/SickLDMRSTargets-release.cmake
[2.020s] -- Up-to-date: /home/agilex/autoware.ai/install/sick_ldmrs_driver/share/sick_ldmrs/package.xml
[2.022s] -- Up-to-date: /home/agilex/autoware.ai/install/sick_ldmrs_driver/bin/LDMRS_Example
[2.023s] -- Up-to-date: /home/agilex/autoware.ai/install/sick_ldmrs_driver/lib/libsick_ldmrs.so.0.1.0
[2.023s] -- Up-to-date: /home/agilex/autoware.ai/install/sick_ldmrs_driver/lib/libsick_ldmrs.so.0
[2.023s] -- Up-to-date: /home/agilex/autoware.ai/install/sick_ldmrs_driver/lib/libsick_ldmrs.so
[2.023s] -- Up-to-date: /home/agilex/autoware.ai/install/sick_ldmrs_driver/include/sick_ldmrs/.
[2.024s] -- Up-to-date: /home/agilex/autoware.ai/install/sick_ldmrs_driver/include/sick_ldmrs/./BasicDatatypes.hpp
[2.024s] -- Up-to-date: /home/agilex/autoware.ai/install/sick_ldmrs_driver/include/sick_ldmrs/./datatypes
[2.024s] -- Up-to-date: /home/agilex/autoware.ai/install/sick_ldmrs_driver/include/sick_ldmrs/./datatypes/Point2D.hpp
[2.024s] -- Up-to-date: /home/agilex/autoware.ai/install/sick_ldmrs_driver/include/sick_ldmrs/./datatypes/FieldDescription.hpp
[2.024s] -- Up-to-date: /home/agilex/autoware.ai/install/sick_ldmrs_driver/include/sick_ldmrs/./datatypes/ScannerInfo.hpp
[2.024s] -- Up-to-date: /home/agilex/autoware.ai/install/sick_ldmrs_driver/include/sick_ldmrs/./datatypes/Object.hpp
[2.025s] -- Up-to-date: /home/agilex/autoware.ai/install/sick_ldmrs_driver/include/sick_ldmrs/./datatypes/EvalCaseResult.hpp
[2.025s] -- Up-to-date: /home/agilex/autoware.ai/install/sick_ldmrs_driver/include/sick_ldmrs/./datatypes/Box2D.hpp
[2.025s] -- Up-to-date: /home/agilex/autoware.ai/install/sick_ldmrs_driver/include/sick_ldmrs/./datatypes/Polygon2D.hpp
[2.025s] -- Up-to-date: /home/agilex/autoware.ai/install/sick_ldmrs_driver/include/sick_ldmrs/./datatypes/Polygon3D.hpp
[2.025s] -- Up-to-date: /home/agilex/autoware.ai/install/sick_ldmrs_driver/include/sick_ldmrs/./datatypes/Position3D.hpp
[2.025s] -- Up-to-date: /home/agilex/autoware.ai/install/sick_ldmrs_driver/include/sick_ldmrs/./datatypes/EvalCaseResults.hpp
[2.025s] -- Up-to-date: /home/agilex/autoware.ai/install/sick_ldmrs_driver/include/sick_ldmrs/./datatypes/Fields.hpp
[2.025s] -- Up-to-date: /home/agilex/autoware.ai/install/sick_ldmrs_driver/include/sick_ldmrs/./datatypes/Measurement.hpp
[2.025s] -- Up-to-date: /home/agilex/autoware.ai/install/sick_ldmrs_driver/include/sick_ldmrs/./datatypes/Circle2D.hpp
[2.025s] -- Up-to-date: /home/agilex/autoware.ai/install/sick_ldmrs_driver/include/sick_ldmrs/./datatypes/Trigger.hpp
[2.025s] -- Up-to-date: /home/agilex/autoware.ai/install/sick_ldmrs_driver/include/sick_ldmrs/./datatypes/ScanPoint.hpp
[2.025s] -- Up-to-date: /home/agilex/autoware.ai/install/sick_ldmrs_driver/include/sick_ldmrs/./datatypes/Scan.hpp
[2.026s] -- Up-to-date: /home/agilex/autoware.ai/install/sick_ldmrs_driver/include/sick_ldmrs/./datatypes/EvalCase.hpp
[2.026s] -- Up-to-date: /home/agilex/autoware.ai/install/sick_ldmrs_driver/include/sick_ldmrs/./datatypes/Ellipse2D.hpp
[2.026s] -- Up-to-date: /home/agilex/autoware.ai/install/sick_ldmrs_driver/include/sick_ldmrs/./datatypes/FieldParameter.hpp
[2.026s] -- Up-to-date: /home/agilex/autoware.ai/install/sick_ldmrs_driver/include/sick_ldmrs/./datatypes/Point3D.hpp
[2.026s] -- Up-to-date: /home/agilex/autoware.ai/install/sick_ldmrs_driver/include/sick_ldmrs/./datatypes/PositionWGS84.hpp
[2.026s] -- Up-to-date: /home/agilex/autoware.ai/install/sick_ldmrs_driver/include/sick_ldmrs/./datatypes/SensorStateInfo.hpp
[2.029s] -- Up-to-date: /home/agilex/autoware.ai/install/sick_ldmrs_driver/include/sick_ldmrs/./datatypes/Msg.hpp
[2.029s] -- Up-to-date: /home/agilex/autoware.ai/install/sick_ldmrs_driver/include/sick_ldmrs/./datatypes/Line2D.hpp
[2.029s] -- Up-to-date: /home/agilex/autoware.ai/install/sick_ldmrs_driver/include/sick_ldmrs/./datatypes/EvalCases.hpp
[2.029s] -- Up-to-date: /home/agilex/autoware.ai/install/sick_ldmrs_driver/include/sick_ldmrs/./manager.hpp
[2.030s] -- Up-to-date: /home/agilex/autoware.ai/install/sick_ldmrs_driver/include/sick_ldmrs/./devices
[2.030s] -- Up-to-date: /home/agilex/autoware.ai/install/sick_ldmrs_driver/include/sick_ldmrs/./devices/LuxBase.hpp
[2.030s] -- Up-to-date: /home/agilex/autoware.ai/install/sick_ldmrs_driver/include/sick_ldmrs/./devices/BasicDevice.hpp
[2.030s] -- Up-to-date: /home/agilex/autoware.ai/install/sick_ldmrs_driver/include/sick_ldmrs/./devices/LD_MRS.hpp
[2.030s] -- Up-to-date: /home/agilex/autoware.ai/install/sick_ldmrs_driver/include/sick_ldmrs/./tools
[2.030s] -- Up-to-date: /home/agilex/autoware.ai/install/sick_ldmrs_driver/include/sick_ldmrs/./tools/WatchdogTimer.hpp
[2.030s] -- Up-to-date: /home/agilex/autoware.ai/install/sick_ldmrs_driver/include/sick_ldmrs/./tools/toolbox.hpp
[2.030s] -- Up-to-date: /home/agilex/autoware.ai/install/sick_ldmrs_driver/include/sick_ldmrs/./tools/Time.hpp
[2.030s] -- Up-to-date: /home/agilex/autoware.ai/install/sick_ldmrs_driver/include/sick_ldmrs/./tools/SickThread.hpp
[2.030s] -- Up-to-date: /home/agilex/autoware.ai/install/sick_ldmrs_driver/include/sick_ldmrs/./tools/Timer.hpp
[2.030s] -- Up-to-date: /home/agilex/autoware.ai/install/sick_ldmrs_driver/include/sick_ldmrs/./tools/errorhandler.hpp
[2.030s] -- Up-to-date: /home/agilex/autoware.ai/install/sick_ldmrs_driver/include/sick_ldmrs/./tools/MathToolbox.hpp
[2.030s] -- Up-to-date: /home/agilex/autoware.ai/install/sick_ldmrs_driver/include/sick_ldmrs/./tools/BasicDataBuffer.hpp
[2.031s] -- Up-to-date: /home/agilex/autoware.ai/install/sick_ldmrs_driver/include/sick_ldmrs/./tools/Mutex.hpp
[2.031s] -- Up-to-date: /home/agilex/autoware.ai/install/sick_ldmrs_driver/include/sick_ldmrs/./interfaces
[2.031s] -- Up-to-date: /home/agilex/autoware.ai/install/sick_ldmrs_driver/include/sick_ldmrs/./interfaces/tcp.hpp
[2.031s] -- Up-to-date: /home/agilex/autoware.ai/install/sick_ldmrs_driver/include/sick_ldmrs/./interfaces/file.hpp
[2.031s] -- Up-to-date: /home/agilex/autoware.ai/install/sick_ldmrs_driver/include/sick_ldmrs/./application
[2.031s] -- Up-to-date: /home/agilex/autoware.ai/install/sick_ldmrs_driver/include/sick_ldmrs/./application/LdmrsFieldApp.hpp
[2.031s] -- Up-to-date: /home/agilex/autoware.ai/install/sick_ldmrs_driver/include/sick_ldmrs/./application/LdmrsScanpointCoordinateApp.hpp
[2.031s] -- Up-to-date: /home/agilex/autoware.ai/install/sick_ldmrs_driver/include/sick_ldmrs/./application/LdmrsSectorChangeApp.hpp
[2.031s] -- Up-to-date: /home/agilex/autoware.ai/install/sick_ldmrs_driver/include/sick_ldmrs/./application/LdmrsNtpTimeApp.hpp
[2.031s] -- Up-to-date: /home/agilex/autoware.ai/install/sick_ldmrs_driver/include/sick_ldmrs/./application/BasicApplication.hpp
[2.031s] -- Up-to-date: /home/agilex/autoware.ai/install/sick_ldmrs_driver/include/sick_ldmrs/./application/LdmrsApp.hpp
[2.031s] -- Up-to-date: /home/agilex/autoware.ai/install/sick_ldmrs_driver/include/sick_ldmrs/./sopas
[2.031s] -- Up-to-date: /home/agilex/autoware.ai/install/sick_ldmrs_driver/include/sick_ldmrs/./sopas/SopasBase.hpp
[2.032s] -- Up-to-date: /home/agilex/autoware.ai/install/sick_ldmrs_driver/include/sick_ldmrs/./sopas/colab.hpp
[2.032s] -- Up-to-date: /home/agilex/autoware.ai/install/sick_ldmrs_driver/include/sick_ldmrs/./sopas/colaa.hpp
[2.032s] -- Up-to-date: /home/agilex/autoware.ai/install/sick_ldmrs_driver/include/sick_ldmrs/./sopas/LdmrsSopasLayer.hpp
[2.032s] Invoked command in '/home/agilex/autoware.ai/build/sick_ldmrs_driver' returned '0': CMAKE_PREFIX_PATH=/home/agilex/autoware.ai/install/sick_ldmrs_msgs:/home/agilex/autoware.ai/install/sick_ldmrs_description:${CMAKE_PREFIX_PATH} PKG_CONFIG_PATH=/home/agilex/autoware.ai/install/sick_ldmrs_msgs/lib/x86_64-linux-gnu/pkgconfig:/home/agilex/autoware.ai/install/sick_ldmrs_msgs/lib/pkgconfig:/home/agilex/autoware.ai/install/sick_ldmrs_description/lib/x86_64-linux-gnu/pkgconfig:/home/agilex/autoware.ai/install/sick_ldmrs_description/lib/pkgconfig:${PKG_CONFIG_PATH} PYTHONPATH=/home/agilex/autoware.ai/install/sick_ldmrs_msgs/lib/python2.7/dist-packages:${PYTHONPATH} ROS_PACKAGE_PATH=/home/agilex/autoware.ai/install/sick_ldmrs_msgs/share:/home/agilex/autoware.ai/install/sick_ldmrs_description/share:${ROS_PACKAGE_PATH} /usr/bin/cmake --build /home/agilex/autoware.ai/build/sick_ldmrs_driver --target install -- -j8 -l8
