[0.016s] Invoking command in '/home/agilex/autoware.ai/build/vision_segment_enet_detect': CMAKE_PREFIX_PATH=/home/agilex/autoware.ai/install/autoware_build_flags:${CMAKE_PREFIX_PATH} PKG_CONFIG_PATH=/home/agilex/autoware.ai/install/autoware_build_flags/lib/x86_64-linux-gnu/pkgconfig:/home/agilex/autoware.ai/install/autoware_build_flags/lib/pkgconfig:${PKG_CONFIG_PATH} ROS_PACKAGE_PATH=/home/agilex/autoware.ai/install/autoware_build_flags/share:${ROS_PACKAGE_PATH} /usr/bin/cmake /home/agilex/autoware.ai/src/autoware/core_perception/vision_segment_enet_detect -DCMAKE_BUILD_TYPE=Release -DCATKIN_INSTALL_INTO_PREFIX_ROOT=0 -DCMAKE_INSTALL_PREFIX=/home/agilex/autoware.ai/install/vision_segment_enet_detect
[0.085s] -- The C compiler identification is GNU 7.5.0
[0.138s] -- The CXX compiler identification is GNU 7.5.0
[0.142s] -- Check for working C compiler: /usr/bin/cc
[0.203s] -- Check for working C compiler: /usr/bin/cc -- works
[0.204s] -- Detecting C compiler ABI info
[0.258s] -- Detecting C compiler ABI info - done
[0.267s] -- Detecting C compile features
[0.448s] -- Detecting C compile features - done
[0.451s] -- Check for working CXX compiler: /usr/bin/c++
[0.518s] -- Check for working CXX compiler: /usr/bin/c++ -- works
[0.519s] -- Detecting CXX compiler ABI info
[0.588s] -- Detecting CXX compiler ABI info - done
[0.597s] -- Detecting CXX compile features
[0.913s] -- Detecting CXX compile features - done
[0.915s] -- Using CATKIN_DEVEL_PREFIX: /home/agilex/autoware.ai/build/vision_segment_enet_detect/devel
[0.915s] -- Using CMAKE_PREFIX_PATH: /home/agilex/autoware.ai/install/autoware_build_flags;/opt/ros/melodic
[0.915s] -- This workspace overlays: /home/agilex/autoware.ai/install/autoware_build_flags;/opt/ros/melodic
[0.928s] -- Found PythonInterp: /usr/bin/python2 (found suitable version "2.7.17", minimum required is "2") 
[0.928s] -- Using PYTHON_EXECUTABLE: /usr/bin/python2
[0.928s] -- Using Debian Python package layout
[0.929s] -- Using empy: /usr/bin/empy
[1.085s] -- Using CATKIN_ENABLE_TESTING: ON
[1.085s] -- Call enable_testing()
[1.087s] -- Using CATKIN_TEST_RESULTS_DIR: /home/agilex/autoware.ai/build/vision_segment_enet_detect/test_results
[1.104s] -- Found gtest sources under '/usr/src/googletest': gtests will be built
[1.104s] -- Found gmock sources under '/usr/src/googletest': gmock will be built
[1.116s] -- Found PythonInterp: /usr/bin/python2 (found version "2.7.17") 
[1.118s] -- Looking for pthread.h
[1.177s] -- Looking for pthread.h - found
[1.178s] -- Looking for pthread_create
[1.247s] -- Looking for pthread_create - not found
[1.247s] -- Looking for pthread_create in pthreads
[1.301s] -- Looking for pthread_create in pthreads - not found
[1.302s] -- Looking for pthread_create in pthread
[1.365s] -- Looking for pthread_create in pthread - found
[1.366s] -- Found Threads: TRUE  
[1.370s] -- Using Python nosetests: /usr/bin/nosetests-2.7
[1.411s] -- catkin 0.7.29
[1.411s] -- BUILD_SHARED_LIBS is on
[1.599s] -- CUDA compilation status: .
[1.640s] CUDA_TOOLKIT_ROOT_DIR not found or specified
[1.646s] -- Could NOT find CUDA (missing: CUDA_TOOLKIT_ROOT_DIR CUDA_NVCC_EXECUTABLE CUDA_INCLUDE_DIRS CUDA_CUDART_LIBRARY) 
[1.662s] -- Found OpenCV: /usr (found version "3.2.0") 
[1.784s] CMake Warning at /home/agilex/autoware.ai/install/autoware_build_flags/share/autoware_build_flags/cmake/autoware_build_flags-extras.cmake:36 (message):
[1.784s]   CUDA support is disabled.  Set the AUTOWARE_COMPILE_WITH_CUDA environment
[1.784s]   variable and recompile to enable it
[1.784s] Call Stack (most recent call first):
[1.784s]   CMakeLists.txt:35 (AW_CHECK_CUDA)
[1.784s] 
[1.784s] 
[1.784s] ' ENet/Caffe' is not installed. 'vision_segment_enet_detect' will not be built.
[1.785s] -- Configuring done
[1.800s] -- Generating done
[1.804s] -- Build files have been written to: /home/agilex/autoware.ai/build/vision_segment_enet_detect
[1.811s] Invoked command in '/home/agilex/autoware.ai/build/vision_segment_enet_detect' returned '0': CMAKE_PREFIX_PATH=/home/agilex/autoware.ai/install/autoware_build_flags:${CMAKE_PREFIX_PATH} PKG_CONFIG_PATH=/home/agilex/autoware.ai/install/autoware_build_flags/lib/x86_64-linux-gnu/pkgconfig:/home/agilex/autoware.ai/install/autoware_build_flags/lib/pkgconfig:${PKG_CONFIG_PATH} ROS_PACKAGE_PATH=/home/agilex/autoware.ai/install/autoware_build_flags/share:${ROS_PACKAGE_PATH} /usr/bin/cmake /home/agilex/autoware.ai/src/autoware/core_perception/vision_segment_enet_detect -DCMAKE_BUILD_TYPE=Release -DCATKIN_INSTALL_INTO_PREFIX_ROOT=0 -DCMAKE_INSTALL_PREFIX=/home/agilex/autoware.ai/install/vision_segment_enet_detect
[1.811s] Invoking command in '/home/agilex/autoware.ai/build/vision_segment_enet_detect': CMAKE_PREFIX_PATH=/home/agilex/autoware.ai/install/autoware_build_flags:${CMAKE_PREFIX_PATH} PKG_CONFIG_PATH=/home/agilex/autoware.ai/install/autoware_build_flags/lib/x86_64-linux-gnu/pkgconfig:/home/agilex/autoware.ai/install/autoware_build_flags/lib/pkgconfig:${PKG_CONFIG_PATH} ROS_PACKAGE_PATH=/home/agilex/autoware.ai/install/autoware_build_flags/share:${ROS_PACKAGE_PATH} /usr/bin/cmake --build /home/agilex/autoware.ai/build/vision_segment_enet_detect -- -j8 -l8
[1.852s] Invoked command in '/home/agilex/autoware.ai/build/vision_segment_enet_detect' returned '0': CMAKE_PREFIX_PATH=/home/agilex/autoware.ai/install/autoware_build_flags:${CMAKE_PREFIX_PATH} PKG_CONFIG_PATH=/home/agilex/autoware.ai/install/autoware_build_flags/lib/x86_64-linux-gnu/pkgconfig:/home/agilex/autoware.ai/install/autoware_build_flags/lib/pkgconfig:${PKG_CONFIG_PATH} ROS_PACKAGE_PATH=/home/agilex/autoware.ai/install/autoware_build_flags/share:${ROS_PACKAGE_PATH} /usr/bin/cmake --build /home/agilex/autoware.ai/build/vision_segment_enet_detect -- -j8 -l8
[1.912s] Invoking command in '/home/agilex/autoware.ai/build/vision_segment_enet_detect': CMAKE_PREFIX_PATH=/home/agilex/autoware.ai/install/autoware_build_flags:${CMAKE_PREFIX_PATH} PKG_CONFIG_PATH=/home/agilex/autoware.ai/install/autoware_build_flags/lib/x86_64-linux-gnu/pkgconfig:/home/agilex/autoware.ai/install/autoware_build_flags/lib/pkgconfig:${PKG_CONFIG_PATH} ROS_PACKAGE_PATH=/home/agilex/autoware.ai/install/autoware_build_flags/share:${ROS_PACKAGE_PATH} /usr/bin/cmake --build /home/agilex/autoware.ai/build/vision_segment_enet_detect --target tests -- -j8 -l8
[1.959s] [35m[1mScanning dependencies of target tests[0m
[1.967s] Built target tests
[1.979s] Invoked command in '/home/agilex/autoware.ai/build/vision_segment_enet_detect' returned '0': CMAKE_PREFIX_PATH=/home/agilex/autoware.ai/install/autoware_build_flags:${CMAKE_PREFIX_PATH} PKG_CONFIG_PATH=/home/agilex/autoware.ai/install/autoware_build_flags/lib/x86_64-linux-gnu/pkgconfig:/home/agilex/autoware.ai/install/autoware_build_flags/lib/pkgconfig:${PKG_CONFIG_PATH} ROS_PACKAGE_PATH=/home/agilex/autoware.ai/install/autoware_build_flags/share:${ROS_PACKAGE_PATH} /usr/bin/cmake --build /home/agilex/autoware.ai/build/vision_segment_enet_detect --target tests -- -j8 -l8
[2.040s] Invoking command in '/home/agilex/autoware.ai/build/vision_segment_enet_detect': CMAKE_PREFIX_PATH=/home/agilex/autoware.ai/install/autoware_build_flags:${CMAKE_PREFIX_PATH} PKG_CONFIG_PATH=/home/agilex/autoware.ai/install/autoware_build_flags/lib/x86_64-linux-gnu/pkgconfig:/home/agilex/autoware.ai/install/autoware_build_flags/lib/pkgconfig:${PKG_CONFIG_PATH} ROS_PACKAGE_PATH=/home/agilex/autoware.ai/install/autoware_build_flags/share:${ROS_PACKAGE_PATH} /usr/bin/cmake --build /home/agilex/autoware.ai/build/vision_segment_enet_detect --target install -- -j8 -l8
[2.088s] [36mInstall the project...[0m
[2.101s] -- Install configuration: "Release"
[2.101s] -- Installing: /home/agilex/autoware.ai/install/vision_segment_enet_detect/lib/pkgconfig/vision_segment_enet_detect.pc
[2.102s] -- Installing: /home/agilex/autoware.ai/install/vision_segment_enet_detect/share/vision_segment_enet_detect/cmake/vision_segment_enet_detectConfig.cmake
[2.102s] -- Installing: /home/agilex/autoware.ai/install/vision_segment_enet_detect/share/vision_segment_enet_detect/cmake/vision_segment_enet_detectConfig-version.cmake
[2.102s] -- Installing: /home/agilex/autoware.ai/install/vision_segment_enet_detect/share/vision_segment_enet_detect/package.xml
[2.107s] Invoked command in '/home/agilex/autoware.ai/build/vision_segment_enet_detect' returned '0': CMAKE_PREFIX_PATH=/home/agilex/autoware.ai/install/autoware_build_flags:${CMAKE_PREFIX_PATH} PKG_CONFIG_PATH=/home/agilex/autoware.ai/install/autoware_build_flags/lib/x86_64-linux-gnu/pkgconfig:/home/agilex/autoware.ai/install/autoware_build_flags/lib/pkgconfig:${PKG_CONFIG_PATH} ROS_PACKAGE_PATH=/home/agilex/autoware.ai/install/autoware_build_flags/share:${ROS_PACKAGE_PATH} /usr/bin/cmake --build /home/agilex/autoware.ai/build/vision_segment_enet_detect --target install -- -j8 -l8
