[0.032s] Invoking command in '/home/agilex/autoware.ai/build/hokuyo': CMAKE_PREFIX_PATH=/home/agilex/autoware.ai/install/autoware_build_flags:${CMAKE_PREFIX_PATH} PKG_CONFIG_PATH=/home/agilex/autoware.ai/install/autoware_build_flags/lib/x86_64-linux-gnu/pkgconfig:/home/agilex/autoware.ai/install/autoware_build_flags/lib/pkgconfig:${PKG_CONFIG_PATH} ROS_PACKAGE_PATH=/home/agilex/autoware.ai/install/autoware_build_flags/share:${ROS_PACKAGE_PATH} /usr/bin/cmake /home/agilex/autoware.ai/src/drivers/awf_drivers/hokuyo -DCMAKE_BUILD_TYPE=Release -DCATKIN_INSTALL_INTO_PREFIX_ROOT=0 -DCMAKE_INSTALL_PREFIX=/home/agilex/autoware.ai/install/hokuyo
[0.113s] -- The C compiler identification is GNU 7.5.0
[0.210s] -- The CXX compiler identification is GNU 7.5.0
[0.214s] -- Check for working C compiler: /usr/bin/cc
[0.304s] -- Check for working C compiler: /usr/bin/cc -- works
[0.305s] -- Detecting C compiler ABI info
[0.387s] -- Detecting C compiler ABI info - done
[0.395s] -- Detecting C compile features
[0.668s] -- Detecting C compile features - done
[0.671s] -- Check for working CXX compiler: /usr/bin/c++
[0.770s] -- Check for working CXX compiler: /usr/bin/c++ -- works
[0.771s] -- Detecting CXX compiler ABI info
[0.864s] -- Detecting CXX compiler ABI info - done
[0.872s] -- Detecting CXX compile features
[1.255s] -- Detecting CXX compile features - done
[1.257s] -- CUDA compilation status: .
[1.258s] -- Using CATKIN_DEVEL_PREFIX: /home/agilex/autoware.ai/build/hokuyo/devel
[1.259s] -- Using CMAKE_PREFIX_PATH: /home/agilex/autoware.ai/install/autoware_build_flags;/opt/ros/melodic
[1.259s] -- This workspace overlays: /home/agilex/autoware.ai/install/autoware_build_flags;/opt/ros/melodic
[1.272s] -- Found PythonInterp: /usr/bin/python2 (found suitable version "2.7.17", minimum required is "2") 
[1.272s] -- Using PYTHON_EXECUTABLE: /usr/bin/python2
[1.272s] -- Using Debian Python package layout
[1.273s] -- Using empy: /usr/bin/empy
[1.432s] -- Using CATKIN_ENABLE_TESTING: ON
[1.432s] -- Call enable_testing()
[1.434s] -- Using CATKIN_TEST_RESULTS_DIR: /home/agilex/autoware.ai/build/hokuyo/test_results
[1.452s] -- Found gtest sources under '/usr/src/googletest': gtests will be built
[1.452s] -- Found gmock sources under '/usr/src/googletest': gmock will be built
[1.465s] -- Found PythonInterp: /usr/bin/python2 (found version "2.7.17") 
[1.466s] -- Looking for pthread.h
[1.524s] -- Looking for pthread.h - found
[1.524s] -- Looking for pthread_create
[1.583s] -- Looking for pthread_create - not found
[1.584s] -- Looking for pthread_create in pthreads
[1.633s] -- Looking for pthread_create in pthreads - not found
[1.633s] -- Looking for pthread_create in pthread
[1.695s] -- Looking for pthread_create in pthread - found
[1.695s] -- Found Threads: TRUE  
[1.697s] -- Using Python nosetests: /usr/bin/nosetests-2.7
[1.741s] -- catkin 0.7.29
[1.741s] -- BUILD_SHARED_LIBS is on
[1.956s] -- Boost version: 1.65.1
[1.956s] -- Found the following Boost libraries:
[1.957s] --   system
[1.957s] --   serialization
[2.085s] -- Configuring done
[2.103s] -- Generating done
[2.108s] -- Build files have been written to: /home/agilex/autoware.ai/build/hokuyo
[2.115s] Invoked command in '/home/agilex/autoware.ai/build/hokuyo' returned '0': CMAKE_PREFIX_PATH=/home/agilex/autoware.ai/install/autoware_build_flags:${CMAKE_PREFIX_PATH} PKG_CONFIG_PATH=/home/agilex/autoware.ai/install/autoware_build_flags/lib/x86_64-linux-gnu/pkgconfig:/home/agilex/autoware.ai/install/autoware_build_flags/lib/pkgconfig:${PKG_CONFIG_PATH} ROS_PACKAGE_PATH=/home/agilex/autoware.ai/install/autoware_build_flags/share:${ROS_PACKAGE_PATH} /usr/bin/cmake /home/agilex/autoware.ai/src/drivers/awf_drivers/hokuyo -DCMAKE_BUILD_TYPE=Release -DCATKIN_INSTALL_INTO_PREFIX_ROOT=0 -DCMAKE_INSTALL_PREFIX=/home/agilex/autoware.ai/install/hokuyo
[2.116s] Invoking command in '/home/agilex/autoware.ai/build/hokuyo': CMAKE_PREFIX_PATH=/home/agilex/autoware.ai/install/autoware_build_flags:${CMAKE_PREFIX_PATH} PKG_CONFIG_PATH=/home/agilex/autoware.ai/install/autoware_build_flags/lib/x86_64-linux-gnu/pkgconfig:/home/agilex/autoware.ai/install/autoware_build_flags/lib/pkgconfig:${PKG_CONFIG_PATH} ROS_PACKAGE_PATH=/home/agilex/autoware.ai/install/autoware_build_flags/share:${ROS_PACKAGE_PATH} /usr/bin/cmake --build /home/agilex/autoware.ai/build/hokuyo -- -j8 -l8
[2.151s] [35m[1mScanning dependencies of target hokuyo_3d[0m
[2.166s] [ 50%] [32mBuilding CXX object CMakeFiles/hokuyo_3d.dir/nodes/hokuyo_3d/hokuyo_3d.cpp.o[0m
[7.790s] [100%] [32m[1mLinking CXX executable devel/lib/hokuyo/hokuyo_3d[0m
[7.957s] [100%] Built target hokuyo_3d
[7.969s] Invoked command in '/home/agilex/autoware.ai/build/hokuyo' returned '0': CMAKE_PREFIX_PATH=/home/agilex/autoware.ai/install/autoware_build_flags:${CMAKE_PREFIX_PATH} PKG_CONFIG_PATH=/home/agilex/autoware.ai/install/autoware_build_flags/lib/x86_64-linux-gnu/pkgconfig:/home/agilex/autoware.ai/install/autoware_build_flags/lib/pkgconfig:${PKG_CONFIG_PATH} ROS_PACKAGE_PATH=/home/agilex/autoware.ai/install/autoware_build_flags/share:${ROS_PACKAGE_PATH} /usr/bin/cmake --build /home/agilex/autoware.ai/build/hokuyo -- -j8 -l8
[8.030s] Invoking command in '/home/agilex/autoware.ai/build/hokuyo': CMAKE_PREFIX_PATH=/home/agilex/autoware.ai/install/autoware_build_flags:${CMAKE_PREFIX_PATH} PKG_CONFIG_PATH=/home/agilex/autoware.ai/install/autoware_build_flags/lib/x86_64-linux-gnu/pkgconfig:/home/agilex/autoware.ai/install/autoware_build_flags/lib/pkgconfig:${PKG_CONFIG_PATH} ROS_PACKAGE_PATH=/home/agilex/autoware.ai/install/autoware_build_flags/share:${ROS_PACKAGE_PATH} /usr/bin/cmake --build /home/agilex/autoware.ai/build/hokuyo --target tests -- -j8 -l8
[8.084s] [35m[1mScanning dependencies of target tests[0m
[8.094s] Built target tests
[8.107s] Invoked command in '/home/agilex/autoware.ai/build/hokuyo' returned '0': CMAKE_PREFIX_PATH=/home/agilex/autoware.ai/install/autoware_build_flags:${CMAKE_PREFIX_PATH} PKG_CONFIG_PATH=/home/agilex/autoware.ai/install/autoware_build_flags/lib/x86_64-linux-gnu/pkgconfig:/home/agilex/autoware.ai/install/autoware_build_flags/lib/pkgconfig:${PKG_CONFIG_PATH} ROS_PACKAGE_PATH=/home/agilex/autoware.ai/install/autoware_build_flags/share:${ROS_PACKAGE_PATH} /usr/bin/cmake --build /home/agilex/autoware.ai/build/hokuyo --target tests -- -j8 -l8
[8.152s] Invoking command in '/home/agilex/autoware.ai/build/hokuyo': CMAKE_PREFIX_PATH=/home/agilex/autoware.ai/install/autoware_build_flags:${CMAKE_PREFIX_PATH} PKG_CONFIG_PATH=/home/agilex/autoware.ai/install/autoware_build_flags/lib/x86_64-linux-gnu/pkgconfig:/home/agilex/autoware.ai/install/autoware_build_flags/lib/pkgconfig:${PKG_CONFIG_PATH} ROS_PACKAGE_PATH=/home/agilex/autoware.ai/install/autoware_build_flags/share:${ROS_PACKAGE_PATH} /usr/bin/cmake --build /home/agilex/autoware.ai/build/hokuyo --target install -- -j8 -l8
[8.202s] [100%] Built target hokuyo_3d
[8.222s] [36mInstall the project...[0m
[8.230s] -- Install configuration: "Release"
[8.230s] -- Installing: /home/agilex/autoware.ai/install/hokuyo/lib/pkgconfig/hokuyo.pc
[8.230s] -- Installing: /home/agilex/autoware.ai/install/hokuyo/share/hokuyo/cmake/hokuyoConfig.cmake
[8.231s] -- Installing: /home/agilex/autoware.ai/install/hokuyo/share/hokuyo/cmake/hokuyoConfig-version.cmake
[8.231s] -- Installing: /home/agilex/autoware.ai/install/hokuyo/share/hokuyo/package.xml
[8.231s] -- Installing: /home/agilex/autoware.ai/install/hokuyo/lib/hokuyo/hokuyo_3d
[8.232s] -- Set runtime path of "/home/agilex/autoware.ai/install/hokuyo/lib/hokuyo/hokuyo_3d" to ""
[8.232s] -- Installing: /home/agilex/autoware.ai/install/hokuyo/share/hokuyo/launch
[8.232s] -- Installing: /home/agilex/autoware.ai/install/hokuyo/share/hokuyo/launch/hokuyo_3d.launch
[8.232s] -- Installing: /home/agilex/autoware.ai/install/hokuyo/share/hokuyo/launch/top_urg.launch
[8.237s] Invoked command in '/home/agilex/autoware.ai/build/hokuyo' returned '0': CMAKE_PREFIX_PATH=/home/agilex/autoware.ai/install/autoware_build_flags:${CMAKE_PREFIX_PATH} PKG_CONFIG_PATH=/home/agilex/autoware.ai/install/autoware_build_flags/lib/x86_64-linux-gnu/pkgconfig:/home/agilex/autoware.ai/install/autoware_build_flags/lib/pkgconfig:${PKG_CONFIG_PATH} ROS_PACKAGE_PATH=/home/agilex/autoware.ai/install/autoware_build_flags/share:${ROS_PACKAGE_PATH} /usr/bin/cmake --build /home/agilex/autoware.ai/build/hokuyo --target install -- -j8 -l8
