[0.014s] Invoking command in '/home/agilex/autoware.ai/build/log_tools': CMAKE_PREFIX_PATH=/home/agilex/autoware.ai/install/autoware_build_flags:${CMAKE_PREFIX_PATH} PKG_CONFIG_PATH=/home/agilex/autoware.ai/install/autoware_build_flags/lib/x86_64-linux-gnu/pkgconfig:/home/agilex/autoware.ai/install/autoware_build_flags/lib/pkgconfig:${PKG_CONFIG_PATH} ROS_PACKAGE_PATH=/home/agilex/autoware.ai/install/autoware_build_flags/share:${ROS_PACKAGE_PATH} /usr/bin/cmake /home/agilex/autoware.ai/src/autoware/utilities/log_tools -DCMAKE_BUILD_TYPE=Release -DCATKIN_INSTALL_INTO_PREFIX_ROOT=0 -DCMAKE_INSTALL_PREFIX=/home/agilex/autoware.ai/install/log_tools
[0.077s] -- The C compiler identification is GNU 7.5.0
[0.127s] -- The CXX compiler identification is GNU 7.5.0
[0.131s] -- Check for working C compiler: /usr/bin/cc
[0.196s] -- Check for working C compiler: /usr/bin/cc -- works
[0.196s] -- Detecting C compiler ABI info
[0.253s] -- Detecting C compiler ABI info - done
[0.259s] -- Detecting C compile features
[0.434s] -- Detecting C compile features - done
[0.436s] -- Check for working CXX compiler: /usr/bin/c++
[0.514s] -- Check for working CXX compiler: /usr/bin/c++ -- works
[0.514s] -- Detecting CXX compiler ABI info
[0.580s] -- Detecting CXX compiler ABI info - done
[0.588s] -- Detecting CXX compile features
[0.901s] -- Detecting CXX compile features - done
[0.902s] -- CUDA compilation status: .
[0.903s] -- Using CATKIN_DEVEL_PREFIX: /home/agilex/autoware.ai/build/log_tools/devel
[0.904s] -- Using CMAKE_PREFIX_PATH: /home/agilex/autoware.ai/install/autoware_build_flags;/opt/ros/melodic
[0.904s] -- This workspace overlays: /home/agilex/autoware.ai/install/autoware_build_flags;/opt/ros/melodic
[0.915s] -- Found PythonInterp: /usr/bin/python2 (found suitable version "2.7.17", minimum required is "2") 
[0.915s] -- Using PYTHON_EXECUTABLE: /usr/bin/python2
[0.916s] -- Using Debian Python package layout
[0.916s] -- Using empy: /usr/bin/empy
[1.063s] -- Using CATKIN_ENABLE_TESTING: ON
[1.063s] -- Call enable_testing()
[1.071s] -- Using CATKIN_TEST_RESULTS_DIR: /home/agilex/autoware.ai/build/log_tools/test_results
[1.089s] -- Found gtest sources under '/usr/src/googletest': gtests will be built
[1.090s] -- Found gmock sources under '/usr/src/googletest': gmock will be built
[1.102s] -- Found PythonInterp: /usr/bin/python2 (found version "2.7.17") 
[1.103s] -- Looking for pthread.h
[1.162s] -- Looking for pthread.h - found
[1.162s] -- Looking for pthread_create
[1.235s] -- Looking for pthread_create - not found
[1.235s] -- Looking for pthread_create in pthreads
[1.284s] -- Looking for pthread_create in pthreads - not found
[1.284s] -- Looking for pthread_create in pthread
[1.344s] -- Looking for pthread_create in pthread - found
[1.345s] -- Found Threads: TRUE  
[1.349s] -- Using Python nosetests: /usr/bin/nosetests-2.7
[1.390s] -- catkin 0.7.29
[1.390s] -- BUILD_SHARED_LIBS is on
[1.594s] -- Configuring done
[1.602s] -- Generating done
[1.604s] -- Build files have been written to: /home/agilex/autoware.ai/build/log_tools
[1.610s] Invoked command in '/home/agilex/autoware.ai/build/log_tools' returned '0': CMAKE_PREFIX_PATH=/home/agilex/autoware.ai/install/autoware_build_flags:${CMAKE_PREFIX_PATH} PKG_CONFIG_PATH=/home/agilex/autoware.ai/install/autoware_build_flags/lib/x86_64-linux-gnu/pkgconfig:/home/agilex/autoware.ai/install/autoware_build_flags/lib/pkgconfig:${PKG_CONFIG_PATH} ROS_PACKAGE_PATH=/home/agilex/autoware.ai/install/autoware_build_flags/share:${ROS_PACKAGE_PATH} /usr/bin/cmake /home/agilex/autoware.ai/src/autoware/utilities/log_tools -DCMAKE_BUILD_TYPE=Release -DCATKIN_INSTALL_INTO_PREFIX_ROOT=0 -DCMAKE_INSTALL_PREFIX=/home/agilex/autoware.ai/install/log_tools
[1.611s] Invoking command in '/home/agilex/autoware.ai/build/log_tools': CMAKE_PREFIX_PATH=/home/agilex/autoware.ai/install/autoware_build_flags:${CMAKE_PREFIX_PATH} PKG_CONFIG_PATH=/home/agilex/autoware.ai/install/autoware_build_flags/lib/x86_64-linux-gnu/pkgconfig:/home/agilex/autoware.ai/install/autoware_build_flags/lib/pkgconfig:${PKG_CONFIG_PATH} ROS_PACKAGE_PATH=/home/agilex/autoware.ai/install/autoware_build_flags/share:${ROS_PACKAGE_PATH} /usr/bin/cmake --build /home/agilex/autoware.ai/build/log_tools -- -j8 -l8
[1.647s] Invoked command in '/home/agilex/autoware.ai/build/log_tools' returned '0': CMAKE_PREFIX_PATH=/home/agilex/autoware.ai/install/autoware_build_flags:${CMAKE_PREFIX_PATH} PKG_CONFIG_PATH=/home/agilex/autoware.ai/install/autoware_build_flags/lib/x86_64-linux-gnu/pkgconfig:/home/agilex/autoware.ai/install/autoware_build_flags/lib/pkgconfig:${PKG_CONFIG_PATH} ROS_PACKAGE_PATH=/home/agilex/autoware.ai/install/autoware_build_flags/share:${ROS_PACKAGE_PATH} /usr/bin/cmake --build /home/agilex/autoware.ai/build/log_tools -- -j8 -l8
[1.695s] Invoking command in '/home/agilex/autoware.ai/build/log_tools': CMAKE_PREFIX_PATH=/home/agilex/autoware.ai/install/autoware_build_flags:${CMAKE_PREFIX_PATH} PKG_CONFIG_PATH=/home/agilex/autoware.ai/install/autoware_build_flags/lib/x86_64-linux-gnu/pkgconfig:/home/agilex/autoware.ai/install/autoware_build_flags/lib/pkgconfig:${PKG_CONFIG_PATH} ROS_PACKAGE_PATH=/home/agilex/autoware.ai/install/autoware_build_flags/share:${ROS_PACKAGE_PATH} /usr/bin/cmake --build /home/agilex/autoware.ai/build/log_tools --target tests -- -j8 -l8
[1.742s] [35m[1mScanning dependencies of target tests[0m
[1.750s] Built target tests
[1.762s] Invoked command in '/home/agilex/autoware.ai/build/log_tools' returned '0': CMAKE_PREFIX_PATH=/home/agilex/autoware.ai/install/autoware_build_flags:${CMAKE_PREFIX_PATH} PKG_CONFIG_PATH=/home/agilex/autoware.ai/install/autoware_build_flags/lib/x86_64-linux-gnu/pkgconfig:/home/agilex/autoware.ai/install/autoware_build_flags/lib/pkgconfig:${PKG_CONFIG_PATH} ROS_PACKAGE_PATH=/home/agilex/autoware.ai/install/autoware_build_flags/share:${ROS_PACKAGE_PATH} /usr/bin/cmake --build /home/agilex/autoware.ai/build/log_tools --target tests -- -j8 -l8
[1.801s] Invoking command in '/home/agilex/autoware.ai/build/log_tools': CMAKE_PREFIX_PATH=/home/agilex/autoware.ai/install/autoware_build_flags:${CMAKE_PREFIX_PATH} PKG_CONFIG_PATH=/home/agilex/autoware.ai/install/autoware_build_flags/lib/x86_64-linux-gnu/pkgconfig:/home/agilex/autoware.ai/install/autoware_build_flags/lib/pkgconfig:${PKG_CONFIG_PATH} ROS_PACKAGE_PATH=/home/agilex/autoware.ai/install/autoware_build_flags/share:${ROS_PACKAGE_PATH} /usr/bin/cmake --build /home/agilex/autoware.ai/build/log_tools --target install -- -j8 -l8
[1.853s] [36mInstall the project...[0m
[1.860s] -- Install configuration: "Release"
[1.860s] -- Installing: /home/agilex/autoware.ai/install/log_tools/lib/pkgconfig/log_tools.pc
[1.860s] -- Installing: /home/agilex/autoware.ai/install/log_tools/share/log_tools/cmake/log_toolsConfig.cmake
[1.860s] -- Installing: /home/agilex/autoware.ai/install/log_tools/share/log_tools/cmake/log_toolsConfig-version.cmake
[1.861s] -- Installing: /home/agilex/autoware.ai/install/log_tools/share/log_tools/package.xml
[1.861s] -- Installing: /home/agilex/autoware.ai/install/log_tools/lib/log_tools/client.py
[1.861s] -- Installing: /home/agilex/autoware.ai/install/log_tools/lib/log_tools/common.py
[1.861s] -- Installing: /home/agilex/autoware.ai/install/log_tools/lib/log_tools/recorder.py
[1.861s] -- Installing: /home/agilex/autoware.ai/install/log_tools/lib/log_tools/server.py
[1.864s] Invoked command in '/home/agilex/autoware.ai/build/log_tools' returned '0': CMAKE_PREFIX_PATH=/home/agilex/autoware.ai/install/autoware_build_flags:${CMAKE_PREFIX_PATH} PKG_CONFIG_PATH=/home/agilex/autoware.ai/install/autoware_build_flags/lib/x86_64-linux-gnu/pkgconfig:/home/agilex/autoware.ai/install/autoware_build_flags/lib/pkgconfig:${PKG_CONFIG_PATH} ROS_PACKAGE_PATH=/home/agilex/autoware.ai/install/autoware_build_flags/share:${ROS_PACKAGE_PATH} /usr/bin/cmake --build /home/agilex/autoware.ai/build/log_tools --target install -- -j8 -l8
