[0.020s] Invoking command in '/home/agilex/autoware.ai/build/rosinterface': CMAKE_PREFIX_PATH=/home/agilex/autoware.ai/install/autoware_build_flags:${CMAKE_PREFIX_PATH} PKG_CONFIG_PATH=/home/agilex/autoware.ai/install/autoware_build_flags/lib/x86_64-linux-gnu/pkgconfig:/home/agilex/autoware.ai/install/autoware_build_flags/lib/pkgconfig:${PKG_CONFIG_PATH} ROS_PACKAGE_PATH=/home/agilex/autoware.ai/install/autoware_build_flags/share:${ROS_PACKAGE_PATH} /usr/bin/cmake /home/agilex/autoware.ai/src/autoware/visualization/rosinterface -DCMAKE_BUILD_TYPE=Release -DCATKIN_INSTALL_INTO_PREFIX_ROOT=0 -DCMAKE_INSTALL_PREFIX=/home/agilex/autoware.ai/install/rosinterface
[0.114s] -- The C compiler identification is GNU 7.5.0
[0.187s] -- The CXX compiler identification is GNU 7.5.0
[0.191s] -- Check for working C compiler: /usr/bin/cc
[0.265s] -- Check for working C compiler: /usr/bin/cc -- works
[0.267s] -- Detecting C compiler ABI info
[0.338s] -- Detecting C compiler ABI info - done
[0.345s] -- Detecting C compile features
[0.599s] -- Detecting C compile features - done
[0.601s] -- Check for working CXX compiler: /usr/bin/c++
[0.705s] -- Check for working CXX compiler: /usr/bin/c++ -- works
[0.706s] -- Detecting CXX compiler ABI info
[0.796s] -- Detecting CXX compiler ABI info - done
[0.803s] -- Detecting CXX compile features
[1.133s] -- Detecting CXX compile features - done
[1.136s] -- Found PkgConfig: /usr/bin/pkg-config (found version "0.29.1") 
[1.137s] -- CUDA compilation status: .
[1.138s] -- Using CATKIN_DEVEL_PREFIX: /home/agilex/autoware.ai/build/rosinterface/devel
[1.138s] -- Using CMAKE_PREFIX_PATH: /home/agilex/autoware.ai/install/autoware_build_flags;/opt/ros/melodic
[1.138s] -- This workspace overlays: /home/agilex/autoware.ai/install/autoware_build_flags;/opt/ros/melodic
[1.151s] -- Found PythonInterp: /usr/bin/python2 (found suitable version "2.7.17", minimum required is "2") 
[1.151s] -- Using PYTHON_EXECUTABLE: /usr/bin/python2
[1.151s] -- Using Debian Python package layout
[1.152s] -- Using empy: /usr/bin/empy
[1.301s] -- Using CATKIN_ENABLE_TESTING: ON
[1.302s] -- Call enable_testing()
[1.303s] -- Using CATKIN_TEST_RESULTS_DIR: /home/agilex/autoware.ai/build/rosinterface/test_results
[1.321s] -- Found gtest sources under '/usr/src/googletest': gtests will be built
[1.321s] -- Found gmock sources under '/usr/src/googletest': gmock will be built
[1.334s] -- Found PythonInterp: /usr/bin/python2 (found version "2.7.17") 
[1.335s] -- Looking for pthread.h
[1.391s] -- Looking for pthread.h - found
[1.392s] -- Looking for pthread_create
[1.466s] -- Looking for pthread_create - not found
[1.466s] -- Looking for pthread_create in pthreads
[1.521s] -- Looking for pthread_create in pthreads - not found
[1.521s] -- Looking for pthread_create in pthread
[1.583s] -- Looking for pthread_create in pthread - found
[1.584s] -- Found Threads: TRUE  
[1.588s] -- Using Python nosetests: /usr/bin/nosetests-2.7
[1.629s] -- catkin 0.7.29
[1.630s] -- BUILD_SHARED_LIBS is on
[1.800s] -- Using these message generators: gencpp;geneus;genlisp;gennodejs;genpy
[2.020s] -- Configuring done
[2.042s] -- Generating done
[2.048s] -- Build files have been written to: /home/agilex/autoware.ai/build/rosinterface
[2.053s] Invoked command in '/home/agilex/autoware.ai/build/rosinterface' returned '0': CMAKE_PREFIX_PATH=/home/agilex/autoware.ai/install/autoware_build_flags:${CMAKE_PREFIX_PATH} PKG_CONFIG_PATH=/home/agilex/autoware.ai/install/autoware_build_flags/lib/x86_64-linux-gnu/pkgconfig:/home/agilex/autoware.ai/install/autoware_build_flags/lib/pkgconfig:${PKG_CONFIG_PATH} ROS_PACKAGE_PATH=/home/agilex/autoware.ai/install/autoware_build_flags/share:${ROS_PACKAGE_PATH} /usr/bin/cmake /home/agilex/autoware.ai/src/autoware/visualization/rosinterface -DCMAKE_BUILD_TYPE=Release -DCATKIN_INSTALL_INTO_PREFIX_ROOT=0 -DCMAKE_INSTALL_PREFIX=/home/agilex/autoware.ai/install/rosinterface
[2.055s] Invoking command in '/home/agilex/autoware.ai/build/rosinterface': CMAKE_PREFIX_PATH=/home/agilex/autoware.ai/install/autoware_build_flags:${CMAKE_PREFIX_PATH} PKG_CONFIG_PATH=/home/agilex/autoware.ai/install/autoware_build_flags/lib/x86_64-linux-gnu/pkgconfig:/home/agilex/autoware.ai/install/autoware_build_flags/lib/pkgconfig:${PKG_CONFIG_PATH} ROS_PACKAGE_PATH=/home/agilex/autoware.ai/install/autoware_build_flags/share:${ROS_PACKAGE_PATH} /usr/bin/cmake --build /home/agilex/autoware.ai/build/rosinterface -- -j8 -l8
[2.095s] [35m[1mScanning dependencies of target rosinterface_autogen[0m
[2.104s] [ 16%] [34m[1mAutomatic MOC for target rosinterface[0m
[2.136s] [ 16%] Built target rosinterface_autogen
[2.147s] [ 33%] [34m[1mGenerating include/rosinterface/moc_rosinterface.cpp[0m
[2.977s] [35m[1mScanning dependencies of target rosinterface[0m
[3.011s] [ 50%] [32mBuilding CXX object CMakeFiles/rosinterface.dir/ROSInterface/rosinterface.cpp.o[0m
[7.904s] [ 66%] [32mBuilding CXX object CMakeFiles/rosinterface.dir/rosinterface_autogen/mocs_compilation.cpp.o[0m
[7.931s] [ 83%] [32mBuilding CXX object CMakeFiles/rosinterface.dir/include/rosinterface/moc_rosinterface.cpp.o[0m
[12.471s] [100%] [32m[1mLinking CXX shared library devel/lib/librosinterface.so[0m
[12.668s] [100%] Built target rosinterface
[12.680s] Invoked command in '/home/agilex/autoware.ai/build/rosinterface' returned '0': CMAKE_PREFIX_PATH=/home/agilex/autoware.ai/install/autoware_build_flags:${CMAKE_PREFIX_PATH} PKG_CONFIG_PATH=/home/agilex/autoware.ai/install/autoware_build_flags/lib/x86_64-linux-gnu/pkgconfig:/home/agilex/autoware.ai/install/autoware_build_flags/lib/pkgconfig:${PKG_CONFIG_PATH} ROS_PACKAGE_PATH=/home/agilex/autoware.ai/install/autoware_build_flags/share:${ROS_PACKAGE_PATH} /usr/bin/cmake --build /home/agilex/autoware.ai/build/rosinterface -- -j8 -l8
[13.031s] Invoking command in '/home/agilex/autoware.ai/build/rosinterface': CMAKE_PREFIX_PATH=/home/agilex/autoware.ai/install/autoware_build_flags:${CMAKE_PREFIX_PATH} PKG_CONFIG_PATH=/home/agilex/autoware.ai/install/autoware_build_flags/lib/x86_64-linux-gnu/pkgconfig:/home/agilex/autoware.ai/install/autoware_build_flags/lib/pkgconfig:${PKG_CONFIG_PATH} ROS_PACKAGE_PATH=/home/agilex/autoware.ai/install/autoware_build_flags/share:${ROS_PACKAGE_PATH} /usr/bin/cmake --build /home/agilex/autoware.ai/build/rosinterface --target tests -- -j8 -l8
[13.097s] [35m[1mScanning dependencies of target tests[0m
[13.106s] Built target tests
[13.121s] Invoked command in '/home/agilex/autoware.ai/build/rosinterface' returned '0': CMAKE_PREFIX_PATH=/home/agilex/autoware.ai/install/autoware_build_flags:${CMAKE_PREFIX_PATH} PKG_CONFIG_PATH=/home/agilex/autoware.ai/install/autoware_build_flags/lib/x86_64-linux-gnu/pkgconfig:/home/agilex/autoware.ai/install/autoware_build_flags/lib/pkgconfig:${PKG_CONFIG_PATH} ROS_PACKAGE_PATH=/home/agilex/autoware.ai/install/autoware_build_flags/share:${ROS_PACKAGE_PATH} /usr/bin/cmake --build /home/agilex/autoware.ai/build/rosinterface --target tests -- -j8 -l8
[13.445s] Invoking command in '/home/agilex/autoware.ai/build/rosinterface': CMAKE_PREFIX_PATH=/home/agilex/autoware.ai/install/autoware_build_flags:${CMAKE_PREFIX_PATH} PKG_CONFIG_PATH=/home/agilex/autoware.ai/install/autoware_build_flags/lib/x86_64-linux-gnu/pkgconfig:/home/agilex/autoware.ai/install/autoware_build_flags/lib/pkgconfig:${PKG_CONFIG_PATH} ROS_PACKAGE_PATH=/home/agilex/autoware.ai/install/autoware_build_flags/share:${ROS_PACKAGE_PATH} /usr/bin/cmake --build /home/agilex/autoware.ai/build/rosinterface --target install -- -j8 -l8
[13.566s] [ 16%] [34m[1mAutomatic MOC for target rosinterface[0m
[13.618s] [ 16%] Built target rosinterface_autogen
[13.710s] [100%] Built target rosinterface
[13.729s] [36mInstall the project...[0m
[13.739s] -- Install configuration: "Release"
[13.740s] -- Installing: /home/agilex/autoware.ai/install/rosinterface/lib/pkgconfig/rosinterface.pc
[13.740s] -- Installing: /home/agilex/autoware.ai/install/rosinterface/share/rosinterface/cmake/rosinterfaceConfig.cmake
[13.740s] -- Installing: /home/agilex/autoware.ai/install/rosinterface/share/rosinterface/cmake/rosinterfaceConfig-version.cmake
[13.741s] -- Installing: /home/agilex/autoware.ai/install/rosinterface/share/rosinterface/package.xml
[13.741s] -- Installing: /home/agilex/autoware.ai/install/rosinterface/include/rosinterface
[13.741s] -- Installing: /home/agilex/autoware.ai/install/rosinterface/include/rosinterface/rosinterface.h
[13.742s] -- Installing: /home/agilex/autoware.ai/install/rosinterface/lib/librosinterface.so
[13.744s] -- Set runtime path of "/home/agilex/autoware.ai/install/rosinterface/lib/librosinterface.so" to ""
[13.749s] Invoked command in '/home/agilex/autoware.ai/build/rosinterface' returned '0': CMAKE_PREFIX_PATH=/home/agilex/autoware.ai/install/autoware_build_flags:${CMAKE_PREFIX_PATH} PKG_CONFIG_PATH=/home/agilex/autoware.ai/install/autoware_build_flags/lib/x86_64-linux-gnu/pkgconfig:/home/agilex/autoware.ai/install/autoware_build_flags/lib/pkgconfig:${PKG_CONFIG_PATH} ROS_PACKAGE_PATH=/home/agilex/autoware.ai/install/autoware_build_flags/share:${ROS_PACKAGE_PATH} /usr/bin/cmake --build /home/agilex/autoware.ai/build/rosinterface --target install -- -j8 -l8
