[0.011s] Invoking command in '/home/agilex/autoware.ai/build/microstrain_driver': /usr/bin/cmake /home/agilex/autoware.ai/src/drivers/awf_drivers/microstrain -DCMAKE_BUILD_TYPE=Release -DCATKIN_INSTALL_INTO_PREFIX_ROOT=0 -DCMAKE_INSTALL_PREFIX=/home/agilex/autoware.ai/install/microstrain_driver
[0.076s] -- The C compiler identification is GNU 7.5.0
[0.128s] -- The CXX compiler identification is GNU 7.5.0
[0.132s] -- Check for working C compiler: /usr/bin/cc
[0.193s] -- Check for working C compiler: /usr/bin/cc -- works
[0.194s] -- Detecting C compiler ABI info
[0.256s] -- Detecting C compiler ABI info - done
[0.265s] -- Detecting C compile features
[0.461s] -- Detecting C compile features - done
[0.464s] -- Check for working CXX compiler: /usr/bin/c++
[0.537s] -- Check for working CXX compiler: /usr/bin/c++ -- works
[0.538s] -- Detecting CXX compiler ABI info
[0.606s] -- Detecting CXX compiler ABI info - done
[0.616s] -- Detecting CXX compile features
[0.943s] -- Detecting CXX compile features - done
[0.945s] -- Using CATKIN_DEVEL_PREFIX: /home/agilex/autoware.ai/build/microstrain_driver/devel
[0.946s] -- Using CMAKE_PREFIX_PATH: /opt/ros/melodic
[0.946s] -- This workspace overlays: /opt/ros/melodic
[0.960s] -- Found PythonInterp: /usr/bin/python2 (found suitable version "2.7.17", minimum required is "2") 
[0.960s] -- Using PYTHON_EXECUTABLE: /usr/bin/python2
[0.961s] -- Using Debian Python package layout
[0.961s] -- Using empy: /usr/bin/empy
[1.129s] -- Using CATKIN_ENABLE_TESTING: ON
[1.129s] -- Call enable_testing()
[1.131s] -- Using CATKIN_TEST_RESULTS_DIR: /home/agilex/autoware.ai/build/microstrain_driver/test_results
[1.148s] -- Found gtest sources under '/usr/src/googletest': gtests will be built
[1.149s] -- Found gmock sources under '/usr/src/googletest': gmock will be built
[1.162s] -- Found PythonInterp: /usr/bin/python2 (found version "2.7.17") 
[1.163s] -- Looking for pthread.h
[1.223s] -- Looking for pthread.h - found
[1.223s] -- Looking for pthread_create
[1.284s] -- Looking for pthread_create - not found
[1.285s] -- Looking for pthread_create in pthreads
[1.341s] -- Looking for pthread_create in pthreads - not found
[1.342s] -- Looking for pthread_create in pthread
[1.411s] -- Looking for pthread_create in pthread - found
[1.413s] -- Found Threads: TRUE  
[1.417s] -- Using Python nosetests: /usr/bin/nosetests-2.7
[1.459s] -- catkin 0.7.29
[1.459s] -- BUILD_SHARED_LIBS is on
[1.609s] -- Using these message generators: gencpp;geneus;genlisp;gennodejs;genpy
[1.847s] -- Configuring done
[1.880s] -- Generating done
[1.887s] -- Build files have been written to: /home/agilex/autoware.ai/build/microstrain_driver
[1.895s] Invoked command in '/home/agilex/autoware.ai/build/microstrain_driver' returned '0': /usr/bin/cmake /home/agilex/autoware.ai/src/drivers/awf_drivers/microstrain -DCMAKE_BUILD_TYPE=Release -DCATKIN_INSTALL_INTO_PREFIX_ROOT=0 -DCMAKE_INSTALL_PREFIX=/home/agilex/autoware.ai/install/microstrain_driver
[1.896s] Invoking command in '/home/agilex/autoware.ai/build/microstrain_driver': /usr/bin/cmake --build /home/agilex/autoware.ai/build/microstrain_driver -- -j8 -l8
[1.933s] [35m[1mScanning dependencies of target microstrain_driver[0m
[1.955s] [  5%] [32mBuilding CXX object CMakeFiles/microstrain_driver.dir/src/microstrain.cpp.o[0m
[4.540s] [ 11%] [32mBuilding C object CMakeFiles/microstrain_driver.dir/MIPSDK/C/Library/Source/mip_sdk_system.c.o[0m
[4.578s] [ 17%] [32mBuilding C object CMakeFiles/microstrain_driver.dir/MIPSDK/C/Library/Source/mip_sdk_ahrs.c.o[0m
[4.641s] [ 23%] [32mBuilding C object CMakeFiles/microstrain_driver.dir/MIPSDK/C/Library/Source/mip_sdk_gps.c.o[0m
[4.696s] [ 29%] [32mBuilding C object CMakeFiles/microstrain_driver.dir/MIPSDK/C/Library/Source/ring_buffer.c.o[0m
[4.795s] [ 35%] [32mBuilding C object CMakeFiles/microstrain_driver.dir/MIPSDK/C/Utilities/Source/byteswap_utilities.c.o[0m
[4.821s] [ 41%] [32mBuilding C object CMakeFiles/microstrain_driver.dir/MIPSDK/C/Library/Source/mip_sdk_filter.c.o[0m
[5.036s] [ 47%] [32mBuilding C object CMakeFiles/microstrain_driver.dir/MIPSDK/C/Library/Source/mip_sdk_3dm.c.o[0m
[5.227s] [ 52%] [32mBuilding C object CMakeFiles/microstrain_driver.dir/MIPSDK/C/Library/Source/mip_sdk_inteface.c.o[0m
[5.255s] [01m[K/home/agilex/autoware.ai/src/drivers/awf_drivers/microstrain/MIPSDK/C/Library/Source/mip_sdk_inteface.c:[m[K In function '[01m[K__mip_interface_command_response_handler[m[K':
[5.255s] [01m[K/home/agilex/autoware.ai/src/drivers/awf_drivers/microstrain/MIPSDK/C/Library/Source/mip_sdk_inteface.c:755:49:[m[K [01;35m[Kwarning: [m[Kassignment from incompatible pointer type [[01;35m[K-Wincompatible-pointer-types[m[K]
[5.255s]     device_interface->command_response_data      [01;35m[K=[m[K field_header_ptr;
[5.255s] 
[5.255s]                                                  [01;35m[K^[m[K
[5.356s] [ 58%] [32mBuilding C object CMakeFiles/microstrain_driver.dir/MIPSDK/C/Library/Source/mip_sdk_base.c.o[0m
[5.433s] [ 64%] [32mBuilding C object CMakeFiles/microstrain_driver.dir/MIPSDK/C/Library/Source/mip.c.o[0m
[5.445s] [01m[K/home/agilex/autoware.ai/src/drivers/awf_drivers/microstrain/MIPSDK/C/Library/Source/mip.c:[m[K In function '[01m[Kmip_add_field[m[K':
[5.445s] [01m[K/home/agilex/autoware.ai/src/drivers/awf_drivers/microstrain/MIPSDK/C/Library/Source/mip.c:189:3:[m[K [01;35m[Kwarning: [m[Kimplicit declaration of function '[01m[Kmemcpy[m[K' [[01;35m[K-Wimplicit-function-declaration[m[K]
[5.445s]    [01;35m[Kmemcpy[m[K(field_data_ptr, field_data, data_size);
[5.445s] 
[5.445s]    [01;35m[K^~~~~~[m[K
[5.445s] [01m[K/home/agilex/autoware.ai/src/drivers/awf_drivers/microstrain/MIPSDK/C/Library/Source/mip.c:189:3:[m[K [01;35m[Kwarning: [m[Kincompatible implicit declaration of built-in function '[01m[Kmemcpy[m[K'
[5.445s] [01m[K/home/agilex/autoware.ai/src/drivers/awf_drivers/microstrain/MIPSDK/C/Library/Source/mip.c:189:3:[m[K [01;36m[Knote: [m[Kinclude '[01m[K<string.h>[m[K' or provide a declaration of '[01m[Kmemcpy[m[K'
[5.446s] [01m[K/home/agilex/autoware.ai/src/drivers/awf_drivers/microstrain/MIPSDK/C/Library/Source/mip.c:[m[K In function '[01m[Kmip_add_formatted_field[m[K':
[5.446s] [01m[K/home/agilex/autoware.ai/src/drivers/awf_drivers/microstrain/MIPSDK/C/Library/Source/mip.c:250:2:[m[K [01;35m[Kwarning: [m[Kincompatible implicit declaration of built-in function '[01m[Kmemcpy[m[K'
[5.446s]   [01;35m[Kmemcpy[m[K(field_location, field, field_header_ptr->size);
[5.446s] 
[5.446s]   [01;35m[K^~~~~~[m[K
[5.446s] [01m[K/home/agilex/autoware.ai/src/drivers/awf_drivers/microstrain/MIPSDK/C/Library/Source/mip.c:250:2:[m[K [01;36m[Knote: [m[Kinclude '[01m[K<string.h>[m[K' or provide a declaration of '[01m[Kmemcpy[m[K'
[5.507s] [ 70%] [32mBuilding C object CMakeFiles/microstrain_driver.dir/src/mip_sdk_user_functions.c.o[0m
[5.588s] [ 76%] [32m[1mLinking CXX shared library devel/lib/libmicrostrain_driver.so[0m
[5.702s] [ 76%] Built target microstrain_driver
[5.711s] [35m[1mScanning dependencies of target 3dm_gx5_15_node[0m
[5.732s] [ 82%] [32mBuilding CXX object CMakeFiles/3dm_gx5_15_node.dir/src/3dm_gx5_15_node.cpp.o[0m
[6.923s] [ 88%] [32m[1mLinking CXX executable devel/lib/microstrain_driver/3dm_gx5_15_node[0m
[7.072s] [ 88%] Built target 3dm_gx5_15_node
[7.102s] [35m[1mScanning dependencies of target 3dm_gx5_45_node[0m
[7.132s] [ 94%] [32mBuilding CXX object CMakeFiles/3dm_gx5_45_node.dir/src/3dm_gx5_45_node.cpp.o[0m
[8.339s] [100%] [32m[1mLinking CXX executable devel/lib/microstrain_driver/3dm_gx5_45_node[0m
[8.472s] [100%] Built target 3dm_gx5_45_node
[8.483s] Invoked command in '/home/agilex/autoware.ai/build/microstrain_driver' returned '0': /usr/bin/cmake --build /home/agilex/autoware.ai/build/microstrain_driver -- -j8 -l8
[8.566s] Invoking command in '/home/agilex/autoware.ai/build/microstrain_driver': /usr/bin/cmake --build /home/agilex/autoware.ai/build/microstrain_driver --target tests -- -j8 -l8
[8.631s] [35m[1mScanning dependencies of target tests[0m
[8.648s] Built target tests
[8.663s] Invoked command in '/home/agilex/autoware.ai/build/microstrain_driver' returned '0': /usr/bin/cmake --build /home/agilex/autoware.ai/build/microstrain_driver --target tests -- -j8 -l8
[9.057s] Invoking command in '/home/agilex/autoware.ai/build/microstrain_driver': /usr/bin/cmake --build /home/agilex/autoware.ai/build/microstrain_driver --target install -- -j8 -l8
[9.141s] [ 76%] Built target microstrain_driver
[9.188s] [ 88%] Built target 3dm_gx5_15_node
[9.225s] [100%] Built target 3dm_gx5_45_node
[9.249s] [36mInstall the project...[0m
[9.257s] -- Install configuration: "Release"
[9.258s] -- Installing: /home/agilex/autoware.ai/install/microstrain_driver/lib/pkgconfig/microstrain_driver.pc
[9.258s] -- Installing: /home/agilex/autoware.ai/install/microstrain_driver/share/microstrain_driver/cmake/microstrain_driverConfig.cmake
[9.258s] -- Installing: /home/agilex/autoware.ai/install/microstrain_driver/share/microstrain_driver/cmake/microstrain_driverConfig-version.cmake
[9.258s] -- Installing: /home/agilex/autoware.ai/install/microstrain_driver/share/microstrain_driver/package.xml
[9.259s] -- Installing: /home/agilex/autoware.ai/install/microstrain_driver/lib/libmicrostrain_driver.so
[9.259s] -- Set runtime path of "/home/agilex/autoware.ai/install/microstrain_driver/lib/libmicrostrain_driver.so" to ""
[9.260s] -- Installing: /home/agilex/autoware.ai/install/microstrain_driver/lib/microstrain_driver/3dm_gx5_15_node
[9.260s] -- Set runtime path of "/home/agilex/autoware.ai/install/microstrain_driver/lib/microstrain_driver/3dm_gx5_15_node" to ""
[9.260s] -- Installing: /home/agilex/autoware.ai/install/microstrain_driver/lib/microstrain_driver/3dm_gx5_45_node
[9.261s] -- Set runtime path of "/home/agilex/autoware.ai/install/microstrain_driver/lib/microstrain_driver/3dm_gx5_45_node" to ""
[9.261s] -- Installing: /home/agilex/autoware.ai/install/microstrain_driver/share/microstrain_driver/launch
[9.261s] -- Installing: /home/agilex/autoware.ai/install/microstrain_driver/share/microstrain_driver/launch/microstrain.launch
[9.262s] -- Installing: /home/agilex/autoware.ai/install/microstrain_driver/share/microstrain_driver/launch/3dm_gx5_15.launch
[9.267s] Invoked command in '/home/agilex/autoware.ai/build/microstrain_driver' returned '0': /usr/bin/cmake --build /home/agilex/autoware.ai/build/microstrain_driver --target install -- -j8 -l8
