[0.015s] Invoking command in '/home/agilex/autoware.ai/build/ymc': CMAKE_PREFIX_PATH=/home/agilex/autoware.ai/install/ds4_msgs:/home/agilex/autoware.ai/install/autoware_msgs:/home/agilex/autoware.ai/install/autoware_build_flags:${CMAKE_PREFIX_PATH} PKG_CONFIG_PATH=/home/agilex/autoware.ai/install/ds4_msgs/lib/x86_64-linux-gnu/pkgconfig:/home/agilex/autoware.ai/install/ds4_msgs/lib/pkgconfig:/home/agilex/autoware.ai/install/autoware_msgs/lib/x86_64-linux-gnu/pkgconfig:/home/agilex/autoware.ai/install/autoware_msgs/lib/pkgconfig:/home/agilex/autoware.ai/install/autoware_build_flags/lib/x86_64-linux-gnu/pkgconfig:/home/agilex/autoware.ai/install/autoware_build_flags/lib/pkgconfig:${PKG_CONFIG_PATH} PYTHONPATH=/home/agilex/autoware.ai/install/ds4_msgs/lib/python2.7/dist-packages:/home/agilex/autoware.ai/install/autoware_msgs/lib/python2.7/dist-packages:${PYTHONPATH} ROS_PACKAGE_PATH=/home/agilex/autoware.ai/install/ds4_msgs/share:/home/agilex/autoware.ai/install/autoware_msgs/share:/home/agilex/autoware.ai/install/autoware_build_flags/share:${ROS_PACKAGE_PATH} /usr/bin/cmake /home/agilex/autoware.ai/src/drivers/awf_drivers/ymc -DCMAKE_BUILD_TYPE=Release -DCATKIN_INSTALL_INTO_PREFIX_ROOT=0 -DCMAKE_INSTALL_PREFIX=/home/agilex/autoware.ai/install/ymc
[0.083s] -- The C compiler identification is GNU 7.5.0
[0.137s] -- The CXX compiler identification is GNU 7.5.0
[0.142s] -- Check for working C compiler: /usr/bin/cc
[0.201s] -- Check for working C compiler: /usr/bin/cc -- works
[0.202s] -- Detecting C compiler ABI info
[0.261s] -- Detecting C compiler ABI info - done
[0.270s] -- Detecting C compile features
[0.460s] -- Detecting C compile features - done
[0.463s] -- Check for working CXX compiler: /usr/bin/c++
[0.539s] -- Check for working CXX compiler: /usr/bin/c++ -- works
[0.540s] -- Detecting CXX compiler ABI info
[0.613s] -- Detecting CXX compiler ABI info - done
[0.622s] -- Detecting CXX compile features
[0.956s] -- Detecting CXX compile features - done
[0.958s] -- Using CATKIN_DEVEL_PREFIX: /home/agilex/autoware.ai/build/ymc/devel
[0.959s] -- Using CMAKE_PREFIX_PATH: /home/agilex/autoware.ai/install/ds4_msgs;/home/agilex/autoware.ai/install/autoware_msgs;/home/agilex/autoware.ai/install/autoware_build_flags;/opt/ros/melodic
[0.959s] -- This workspace overlays: /home/agilex/autoware.ai/install/ds4_msgs;/home/agilex/autoware.ai/install/autoware_msgs;/home/agilex/autoware.ai/install/autoware_build_flags;/opt/ros/melodic
[0.975s] -- Found PythonInterp: /usr/bin/python2 (found suitable version "2.7.17", minimum required is "2") 
[0.975s] -- Using PYTHON_EXECUTABLE: /usr/bin/python2
[0.976s] -- Using Debian Python package layout
[0.976s] -- Using empy: /usr/bin/empy
[1.154s] -- Using CATKIN_ENABLE_TESTING: ON
[1.154s] -- Call enable_testing()
[1.156s] -- Using CATKIN_TEST_RESULTS_DIR: /home/agilex/autoware.ai/build/ymc/test_results
[1.173s] -- Found gtest sources under '/usr/src/googletest': gtests will be built
[1.174s] -- Found gmock sources under '/usr/src/googletest': gmock will be built
[1.187s] -- Found PythonInterp: /usr/bin/python2 (found version "2.7.17") 
[1.188s] -- Looking for pthread.h
[1.250s] -- Looking for pthread.h - found
[1.251s] -- Looking for pthread_create
[1.310s] -- Looking for pthread_create - not found
[1.310s] -- Looking for pthread_create in pthreads
[1.365s] -- Looking for pthread_create in pthreads - not found
[1.365s] -- Looking for pthread_create in pthread
[1.425s] -- Looking for pthread_create in pthread - found
[1.426s] -- Found Threads: TRUE  
[1.430s] -- Using Python nosetests: /usr/bin/nosetests-2.7
[1.472s] -- catkin 0.7.29
[1.473s] -- BUILD_SHARED_LIBS is on
[1.561s] -- CUDA compilation status: .
[1.667s] -- Using these message generators: gencpp;geneus;genlisp;gennodejs;genpy
[1.849s] -- Configuring done
[1.873s] -- Generating done
[1.880s] -- Build files have been written to: /home/agilex/autoware.ai/build/ymc
[1.888s] Invoked command in '/home/agilex/autoware.ai/build/ymc' returned '0': CMAKE_PREFIX_PATH=/home/agilex/autoware.ai/install/ds4_msgs:/home/agilex/autoware.ai/install/autoware_msgs:/home/agilex/autoware.ai/install/autoware_build_flags:${CMAKE_PREFIX_PATH} PKG_CONFIG_PATH=/home/agilex/autoware.ai/install/ds4_msgs/lib/x86_64-linux-gnu/pkgconfig:/home/agilex/autoware.ai/install/ds4_msgs/lib/pkgconfig:/home/agilex/autoware.ai/install/autoware_msgs/lib/x86_64-linux-gnu/pkgconfig:/home/agilex/autoware.ai/install/autoware_msgs/lib/pkgconfig:/home/agilex/autoware.ai/install/autoware_build_flags/lib/x86_64-linux-gnu/pkgconfig:/home/agilex/autoware.ai/install/autoware_build_flags/lib/pkgconfig:${PKG_CONFIG_PATH} PYTHONPATH=/home/agilex/autoware.ai/install/ds4_msgs/lib/python2.7/dist-packages:/home/agilex/autoware.ai/install/autoware_msgs/lib/python2.7/dist-packages:${PYTHONPATH} ROS_PACKAGE_PATH=/home/agilex/autoware.ai/install/ds4_msgs/share:/home/agilex/autoware.ai/install/autoware_msgs/share:/home/agilex/autoware.ai/install/autoware_build_flags/share:${ROS_PACKAGE_PATH} /usr/bin/cmake /home/agilex/autoware.ai/src/drivers/awf_drivers/ymc -DCMAKE_BUILD_TYPE=Release -DCATKIN_INSTALL_INTO_PREFIX_ROOT=0 -DCMAKE_INSTALL_PREFIX=/home/agilex/autoware.ai/install/ymc
[1.888s] Invoking command in '/home/agilex/autoware.ai/build/ymc': CMAKE_PREFIX_PATH=/home/agilex/autoware.ai/install/ds4_msgs:/home/agilex/autoware.ai/install/autoware_msgs:/home/agilex/autoware.ai/install/autoware_build_flags:${CMAKE_PREFIX_PATH} PKG_CONFIG_PATH=/home/agilex/autoware.ai/install/ds4_msgs/lib/x86_64-linux-gnu/pkgconfig:/home/agilex/autoware.ai/install/ds4_msgs/lib/pkgconfig:/home/agilex/autoware.ai/install/autoware_msgs/lib/x86_64-linux-gnu/pkgconfig:/home/agilex/autoware.ai/install/autoware_msgs/lib/pkgconfig:/home/agilex/autoware.ai/install/autoware_build_flags/lib/x86_64-linux-gnu/pkgconfig:/home/agilex/autoware.ai/install/autoware_build_flags/lib/pkgconfig:${PKG_CONFIG_PATH} PYTHONPATH=/home/agilex/autoware.ai/install/ds4_msgs/lib/python2.7/dist-packages:/home/agilex/autoware.ai/install/autoware_msgs/lib/python2.7/dist-packages:${PYTHONPATH} ROS_PACKAGE_PATH=/home/agilex/autoware.ai/install/ds4_msgs/share:/home/agilex/autoware.ai/install/autoware_msgs/share:/home/agilex/autoware.ai/install/autoware_build_flags/share:${ROS_PACKAGE_PATH} /usr/bin/cmake --build /home/agilex/autoware.ai/build/ymc -- -j8 -l8
[1.924s] [35m[1mScanning dependencies of target sensor_msgs_generate_messages_nodejs[0m
[1.932s] [  0%] Built target sensor_msgs_generate_messages_nodejs
[1.944s] [35m[1mScanning dependencies of target ds4_msgs_generate_messages_cpp[0m
[1.953s] [  0%] Built target ds4_msgs_generate_messages_cpp
[1.961s] [35m[1mScanning dependencies of target actionlib_msgs_generate_messages_lisp[0m
[1.969s] [  0%] Built target actionlib_msgs_generate_messages_lisp
[1.979s] [35m[1mScanning dependencies of target actionlib_msgs_generate_messages_py[0m
[1.990s] [  0%] Built target actionlib_msgs_generate_messages_py
[1.998s] [35m[1mScanning dependencies of target jsk_footstep_msgs_generate_messages_eus[0m
[2.007s] [  0%] Built target jsk_footstep_msgs_generate_messages_eus
[2.016s] [35m[1mScanning dependencies of target pcl_msgs_generate_messages_py[0m
[2.025s] [  0%] Built target pcl_msgs_generate_messages_py
[2.034s] [35m[1mScanning dependencies of target pcl_msgs_generate_messages_nodejs[0m
[2.042s] [  0%] Built target pcl_msgs_generate_messages_nodejs
[2.051s] [35m[1mScanning dependencies of target pcl_msgs_generate_messages_lisp[0m
[2.059s] [  0%] Built target pcl_msgs_generate_messages_lisp
[2.072s] [35m[1mScanning dependencies of target pcl_msgs_generate_messages_eus[0m
[2.081s] [  0%] Built target pcl_msgs_generate_messages_eus
[2.090s] [35m[1mScanning dependencies of target pcl_msgs_generate_messages_cpp[0m
[2.102s] [  0%] Built target pcl_msgs_generate_messages_cpp
[2.112s] [35m[1mScanning dependencies of target jsk_recognition_msgs_generate_messages_py[0m
[2.122s] [  0%] Built target jsk_recognition_msgs_generate_messages_py
[2.131s] [35m[1mScanning dependencies of target jsk_recognition_msgs_generate_messages_lisp[0m
[2.139s] [  0%] Built target jsk_recognition_msgs_generate_messages_lisp
[2.148s] [35m[1mScanning dependencies of target jsk_recognition_msgs_generate_messages_eus[0m
[2.156s] [  0%] Built target jsk_recognition_msgs_generate_messages_eus
[2.165s] [35m[1mScanning dependencies of target rosgraph_msgs_generate_messages_nodejs[0m
[2.175s] [  0%] Built target rosgraph_msgs_generate_messages_nodejs
[2.184s] [35m[1mScanning dependencies of target rosgraph_msgs_generate_messages_py[0m
[2.193s] [  0%] Built target rosgraph_msgs_generate_messages_py
[2.203s] [35m[1mScanning dependencies of target ds4_msgs_generate_messages_lisp[0m
[2.212s] [  0%] Built target ds4_msgs_generate_messages_lisp
[2.222s] [35m[1mScanning dependencies of target std_msgs_generate_messages_eus[0m
[2.231s] [  0%] Built target std_msgs_generate_messages_eus
[2.241s] [35m[1mScanning dependencies of target autoware_msgs_generate_messages_nodejs[0m
[2.251s] [  0%] Built target autoware_msgs_generate_messages_nodejs
[2.269s] [35m[1mScanning dependencies of target rosgraph_msgs_generate_messages_lisp[0m
[2.280s] [  0%] Built target rosgraph_msgs_generate_messages_lisp
[2.289s] [35m[1mScanning dependencies of target jsk_recognition_msgs_generate_messages_nodejs[0m
[2.298s] [  0%] Built target jsk_recognition_msgs_generate_messages_nodejs
[2.307s] [35m[1mScanning dependencies of target rosgraph_msgs_generate_messages_eus[0m
[2.316s] [  0%] Built target rosgraph_msgs_generate_messages_eus
[2.325s] [35m[1mScanning dependencies of target roscpp_generate_messages_py[0m
[2.334s] [  0%] Built target roscpp_generate_messages_py
[2.343s] [35m[1mScanning dependencies of target geometry_msgs_generate_messages_eus[0m
[2.350s] [  0%] Built target geometry_msgs_generate_messages_eus
[2.360s] [35m[1mScanning dependencies of target roscpp_generate_messages_nodejs[0m
[2.369s] [  0%] Built target roscpp_generate_messages_nodejs
[2.378s] [35m[1mScanning dependencies of target roscpp_generate_messages_eus[0m
[2.387s] [  0%] Built target roscpp_generate_messages_eus
[2.395s] [35m[1mScanning dependencies of target roscpp_generate_messages_lisp[0m
[2.404s] [  0%] Built target roscpp_generate_messages_lisp
[2.413s] [35m[1mScanning dependencies of target actionlib_msgs_generate_messages_nodejs[0m
[2.426s] [  0%] Built target actionlib_msgs_generate_messages_nodejs
[2.434s] [35m[1mScanning dependencies of target jsk_footstep_msgs_generate_messages_py[0m
[2.443s] [  0%] Built target jsk_footstep_msgs_generate_messages_py
[2.452s] [35m[1mScanning dependencies of target std_msgs_generate_messages_cpp[0m
[2.468s] [  0%] Built target std_msgs_generate_messages_cpp
[2.476s] [35m[1mScanning dependencies of target std_msgs_generate_messages_py[0m
[2.486s] [  0%] Built target std_msgs_generate_messages_py
[2.495s] [35m[1mScanning dependencies of target autoware_msgs_generate_messages_py[0m
[2.505s] [  0%] Built target autoware_msgs_generate_messages_py
[2.516s] [35m[1mScanning dependencies of target geometry_msgs_generate_messages_nodejs[0m
[2.526s] [  0%] Built target geometry_msgs_generate_messages_nodejs
[2.534s] [35m[1mScanning dependencies of target sensor_msgs_generate_messages_py[0m
[2.543s] [  0%] Built target sensor_msgs_generate_messages_py
[2.552s] [35m[1mScanning dependencies of target std_msgs_generate_messages_lisp[0m
[2.561s] [  0%] Built target std_msgs_generate_messages_lisp
[2.569s] [35m[1mScanning dependencies of target sensor_msgs_generate_messages_cpp[0m
[2.579s] [  0%] Built target sensor_msgs_generate_messages_cpp
[2.587s] [35m[1mScanning dependencies of target sensor_msgs_generate_messages_eus[0m
[2.599s] [  0%] Built target sensor_msgs_generate_messages_eus
[2.609s] [35m[1mScanning dependencies of target std_msgs_generate_messages_nodejs[0m
[2.618s] [  0%] Built target std_msgs_generate_messages_nodejs
[2.626s] [35m[1mScanning dependencies of target geometry_msgs_generate_messages_cpp[0m
[2.636s] [  0%] Built target geometry_msgs_generate_messages_cpp
[2.644s] [35m[1mScanning dependencies of target geometry_msgs_generate_messages_lisp[0m
[2.653s] [  0%] Built target geometry_msgs_generate_messages_lisp
[2.661s] [35m[1mScanning dependencies of target jsk_footstep_msgs_generate_messages_cpp[0m
[2.670s] [  0%] Built target jsk_footstep_msgs_generate_messages_cpp
[2.678s] [35m[1mScanning dependencies of target geometry_msgs_generate_messages_py[0m
[2.688s] [  0%] Built target geometry_msgs_generate_messages_py
[2.699s] [35m[1mScanning dependencies of target rosgraph_msgs_generate_messages_cpp[0m
[2.706s] [  0%] Built target rosgraph_msgs_generate_messages_cpp
[2.716s] [35m[1mScanning dependencies of target autoware_msgs_generate_messages_cpp[0m
[2.725s] [  0%] Built target autoware_msgs_generate_messages_cpp
[2.734s] [35m[1mScanning dependencies of target autoware_msgs_generate_messages_eus[0m
[2.742s] [  0%] Built target autoware_msgs_generate_messages_eus
[2.751s] [35m[1mScanning dependencies of target sensor_msgs_generate_messages_lisp[0m
[2.764s] [  0%] Built target sensor_msgs_generate_messages_lisp
[2.776s] [35m[1mScanning dependencies of target jsk_recognition_msgs_generate_messages_cpp[0m
[2.785s] [  0%] Built target jsk_recognition_msgs_generate_messages_cpp
[2.795s] [35m[1mScanning dependencies of target actionlib_msgs_generate_messages_eus[0m
[2.804s] [  0%] Built target actionlib_msgs_generate_messages_eus
[2.815s] [35m[1mScanning dependencies of target autoware_msgs_generate_messages_lisp[0m
[2.824s] [  0%] Built target autoware_msgs_generate_messages_lisp
[2.836s] [35m[1mScanning dependencies of target roscpp_generate_messages_cpp[0m
[2.851s] [  0%] Built target roscpp_generate_messages_cpp
[2.862s] [35m[1mScanning dependencies of target ds4_msgs_generate_messages_eus[0m
[2.871s] [  0%] Built target ds4_msgs_generate_messages_eus
[2.884s] [35m[1mScanning dependencies of target ds4_msgs_generate_messages_py[0m
[2.895s] [  0%] Built target ds4_msgs_generate_messages_py
[2.906s] [35m[1mScanning dependencies of target ds4_msgs_generate_messages_nodejs[0m
[2.915s] [  0%] Built target ds4_msgs_generate_messages_nodejs
[2.924s] [35m[1mScanning dependencies of target jsk_footstep_msgs_generate_messages_lisp[0m
[2.933s] [  0%] Built target jsk_footstep_msgs_generate_messages_lisp
[2.942s] [35m[1mScanning dependencies of target jsk_footstep_msgs_generate_messages_nodejs[0m
[2.951s] [  0%] Built target jsk_footstep_msgs_generate_messages_nodejs
[2.959s] [35m[1mScanning dependencies of target actionlib_msgs_generate_messages_cpp[0m
[2.969s] [  0%] Built target actionlib_msgs_generate_messages_cpp
[2.978s] [35m[1mScanning dependencies of target g30esli_interface[0m
[3.000s] [ 25%] [32mBuilding CXX object CMakeFiles/g30esli_interface.dir/node/g30esli_interface/g30esli_ros.cpp.o[0m
[4.246s] [ 50%] [32mBuilding CXX object CMakeFiles/g30esli_interface.dir/node/g30esli_interface/g30esli_interface_node.cpp.o[0m
[5.429s] [ 75%] [32mBuilding CXX object CMakeFiles/g30esli_interface.dir/node/g30esli_interface/g30esli_interface.cpp.o[0m
[8.273s] [100%] [32m[1mLinking CXX executable devel/lib/ymc/g30esli_interface[0m
[8.448s] [100%] Built target g30esli_interface
[8.469s] Invoked command in '/home/agilex/autoware.ai/build/ymc' returned '0': CMAKE_PREFIX_PATH=/home/agilex/autoware.ai/install/ds4_msgs:/home/agilex/autoware.ai/install/autoware_msgs:/home/agilex/autoware.ai/install/autoware_build_flags:${CMAKE_PREFIX_PATH} PKG_CONFIG_PATH=/home/agilex/autoware.ai/install/ds4_msgs/lib/x86_64-linux-gnu/pkgconfig:/home/agilex/autoware.ai/install/ds4_msgs/lib/pkgconfig:/home/agilex/autoware.ai/install/autoware_msgs/lib/x86_64-linux-gnu/pkgconfig:/home/agilex/autoware.ai/install/autoware_msgs/lib/pkgconfig:/home/agilex/autoware.ai/install/autoware_build_flags/lib/x86_64-linux-gnu/pkgconfig:/home/agilex/autoware.ai/install/autoware_build_flags/lib/pkgconfig:${PKG_CONFIG_PATH} PYTHONPATH=/home/agilex/autoware.ai/install/ds4_msgs/lib/python2.7/dist-packages:/home/agilex/autoware.ai/install/autoware_msgs/lib/python2.7/dist-packages:${PYTHONPATH} ROS_PACKAGE_PATH=/home/agilex/autoware.ai/install/ds4_msgs/share:/home/agilex/autoware.ai/install/autoware_msgs/share:/home/agilex/autoware.ai/install/autoware_build_flags/share:${ROS_PACKAGE_PATH} /usr/bin/cmake --build /home/agilex/autoware.ai/build/ymc -- -j8 -l8
[8.621s] Invoking command in '/home/agilex/autoware.ai/build/ymc': CMAKE_PREFIX_PATH=/home/agilex/autoware.ai/install/ds4_msgs:/home/agilex/autoware.ai/install/autoware_msgs:/home/agilex/autoware.ai/install/autoware_build_flags:${CMAKE_PREFIX_PATH} PKG_CONFIG_PATH=/home/agilex/autoware.ai/install/ds4_msgs/lib/x86_64-linux-gnu/pkgconfig:/home/agilex/autoware.ai/install/ds4_msgs/lib/pkgconfig:/home/agilex/autoware.ai/install/autoware_msgs/lib/x86_64-linux-gnu/pkgconfig:/home/agilex/autoware.ai/install/autoware_msgs/lib/pkgconfig:/home/agilex/autoware.ai/install/autoware_build_flags/lib/x86_64-linux-gnu/pkgconfig:/home/agilex/autoware.ai/install/autoware_build_flags/lib/pkgconfig:${PKG_CONFIG_PATH} PYTHONPATH=/home/agilex/autoware.ai/install/ds4_msgs/lib/python2.7/dist-packages:/home/agilex/autoware.ai/install/autoware_msgs/lib/python2.7/dist-packages:${PYTHONPATH} ROS_PACKAGE_PATH=/home/agilex/autoware.ai/install/ds4_msgs/share:/home/agilex/autoware.ai/install/autoware_msgs/share:/home/agilex/autoware.ai/install/autoware_build_flags/share:${ROS_PACKAGE_PATH} /usr/bin/cmake --build /home/agilex/autoware.ai/build/ymc --target tests -- -j8 -l8
[8.703s] [35m[1mScanning dependencies of target tests[0m
[8.733s] Built target tests
[8.744s] Invoked command in '/home/agilex/autoware.ai/build/ymc' returned '0': CMAKE_PREFIX_PATH=/home/agilex/autoware.ai/install/ds4_msgs:/home/agilex/autoware.ai/install/autoware_msgs:/home/agilex/autoware.ai/install/autoware_build_flags:${CMAKE_PREFIX_PATH} PKG_CONFIG_PATH=/home/agilex/autoware.ai/install/ds4_msgs/lib/x86_64-linux-gnu/pkgconfig:/home/agilex/autoware.ai/install/ds4_msgs/lib/pkgconfig:/home/agilex/autoware.ai/install/autoware_msgs/lib/x86_64-linux-gnu/pkgconfig:/home/agilex/autoware.ai/install/autoware_msgs/lib/pkgconfig:/home/agilex/autoware.ai/install/autoware_build_flags/lib/x86_64-linux-gnu/pkgconfig:/home/agilex/autoware.ai/install/autoware_build_flags/lib/pkgconfig:${PKG_CONFIG_PATH} PYTHONPATH=/home/agilex/autoware.ai/install/ds4_msgs/lib/python2.7/dist-packages:/home/agilex/autoware.ai/install/autoware_msgs/lib/python2.7/dist-packages:${PYTHONPATH} ROS_PACKAGE_PATH=/home/agilex/autoware.ai/install/ds4_msgs/share:/home/agilex/autoware.ai/install/autoware_msgs/share:/home/agilex/autoware.ai/install/autoware_build_flags/share:${ROS_PACKAGE_PATH} /usr/bin/cmake --build /home/agilex/autoware.ai/build/ymc --target tests -- -j8 -l8
[8.895s] Invoking command in '/home/agilex/autoware.ai/build/ymc': CMAKE_PREFIX_PATH=/home/agilex/autoware.ai/install/ds4_msgs:/home/agilex/autoware.ai/install/autoware_msgs:/home/agilex/autoware.ai/install/autoware_build_flags:${CMAKE_PREFIX_PATH} PKG_CONFIG_PATH=/home/agilex/autoware.ai/install/ds4_msgs/lib/x86_64-linux-gnu/pkgconfig:/home/agilex/autoware.ai/install/ds4_msgs/lib/pkgconfig:/home/agilex/autoware.ai/install/autoware_msgs/lib/x86_64-linux-gnu/pkgconfig:/home/agilex/autoware.ai/install/autoware_msgs/lib/pkgconfig:/home/agilex/autoware.ai/install/autoware_build_flags/lib/x86_64-linux-gnu/pkgconfig:/home/agilex/autoware.ai/install/autoware_build_flags/lib/pkgconfig:${PKG_CONFIG_PATH} PYTHONPATH=/home/agilex/autoware.ai/install/ds4_msgs/lib/python2.7/dist-packages:/home/agilex/autoware.ai/install/autoware_msgs/lib/python2.7/dist-packages:${PYTHONPATH} ROS_PACKAGE_PATH=/home/agilex/autoware.ai/install/ds4_msgs/share:/home/agilex/autoware.ai/install/autoware_msgs/share:/home/agilex/autoware.ai/install/autoware_build_flags/share:${ROS_PACKAGE_PATH} /usr/bin/cmake --build /home/agilex/autoware.ai/build/ymc --target install -- -j8 -l8
[8.942s] [  0%] Built target sensor_msgs_generate_messages_nodejs
[8.961s] [  0%] Built target ds4_msgs_generate_messages_cpp
[8.983s] [  0%] Built target actionlib_msgs_generate_messages_lisp
[9.003s] [  0%] Built target actionlib_msgs_generate_messages_py
[9.022s] [  0%] Built target jsk_footstep_msgs_generate_messages_eus
[9.046s] [  0%] Built target pcl_msgs_generate_messages_py
[9.066s] [  0%] Built target pcl_msgs_generate_messages_nodejs
[9.085s] [  0%] Built target pcl_msgs_generate_messages_lisp
[9.103s] [  0%] Built target pcl_msgs_generate_messages_eus
[9.124s] [  0%] Built target pcl_msgs_generate_messages_cpp
[9.141s] [  0%] Built target jsk_recognition_msgs_generate_messages_py
[9.160s] [  0%] Built target jsk_recognition_msgs_generate_messages_lisp
[9.178s] [  0%] Built target jsk_recognition_msgs_generate_messages_eus
[9.196s] [  0%] Built target rosgraph_msgs_generate_messages_nodejs
[9.214s] [  0%] Built target rosgraph_msgs_generate_messages_py
[9.232s] [  0%] Built target ds4_msgs_generate_messages_lisp
[9.249s] [  0%] Built target std_msgs_generate_messages_eus
[9.265s] [  0%] Built target autoware_msgs_generate_messages_nodejs
[9.283s] [  0%] Built target rosgraph_msgs_generate_messages_lisp
[9.300s] [  0%] Built target jsk_recognition_msgs_generate_messages_nodejs
[9.317s] [  0%] Built target rosgraph_msgs_generate_messages_eus
[9.334s] [  0%] Built target roscpp_generate_messages_py
[9.352s] [  0%] Built target geometry_msgs_generate_messages_eus
[9.369s] [  0%] Built target roscpp_generate_messages_nodejs
[9.386s] [  0%] Built target roscpp_generate_messages_eus
[9.404s] [  0%] Built target roscpp_generate_messages_lisp
[9.421s] [  0%] Built target actionlib_msgs_generate_messages_nodejs
[9.438s] [  0%] Built target jsk_footstep_msgs_generate_messages_py
[9.455s] [  0%] Built target std_msgs_generate_messages_cpp
[9.475s] [  0%] Built target std_msgs_generate_messages_py
[9.493s] [  0%] Built target autoware_msgs_generate_messages_py
[9.511s] [  0%] Built target geometry_msgs_generate_messages_nodejs
[9.531s] [  0%] Built target sensor_msgs_generate_messages_py
[9.548s] [  0%] Built target std_msgs_generate_messages_lisp
[9.565s] [  0%] Built target sensor_msgs_generate_messages_cpp
[9.583s] [  0%] Built target sensor_msgs_generate_messages_eus
[9.600s] [  0%] Built target std_msgs_generate_messages_nodejs
[9.618s] [  0%] Built target geometry_msgs_generate_messages_cpp
[9.636s] [  0%] Built target geometry_msgs_generate_messages_lisp
[9.654s] [  0%] Built target jsk_footstep_msgs_generate_messages_cpp
[9.671s] [  0%] Built target geometry_msgs_generate_messages_py
[9.689s] [  0%] Built target rosgraph_msgs_generate_messages_cpp
[9.707s] [  0%] Built target autoware_msgs_generate_messages_cpp
[9.725s] [  0%] Built target autoware_msgs_generate_messages_eus
[9.742s] [  0%] Built target sensor_msgs_generate_messages_lisp
[9.760s] [  0%] Built target jsk_recognition_msgs_generate_messages_cpp
[9.777s] [  0%] Built target actionlib_msgs_generate_messages_eus
[9.794s] [  0%] Built target autoware_msgs_generate_messages_lisp
[9.810s] [  0%] Built target roscpp_generate_messages_cpp
[9.827s] [  0%] Built target ds4_msgs_generate_messages_eus
[9.846s] [  0%] Built target ds4_msgs_generate_messages_py
[9.865s] [  0%] Built target ds4_msgs_generate_messages_nodejs
[9.884s] [  0%] Built target jsk_footstep_msgs_generate_messages_lisp
[9.901s] [  0%] Built target jsk_footstep_msgs_generate_messages_nodejs
[9.918s] [  0%] Built target actionlib_msgs_generate_messages_cpp
[9.943s] [100%] Built target g30esli_interface
[9.963s] [36mInstall the project...[0m
[9.971s] -- Install configuration: "Release"
[9.971s] -- Installing: /home/agilex/autoware.ai/install/ymc/lib/pkgconfig/ymc.pc
[9.971s] -- Installing: /home/agilex/autoware.ai/install/ymc/share/ymc/cmake/ymcConfig.cmake
[9.971s] -- Installing: /home/agilex/autoware.ai/install/ymc/share/ymc/cmake/ymcConfig-version.cmake
[9.972s] -- Installing: /home/agilex/autoware.ai/install/ymc/share/ymc/package.xml
[9.972s] -- Installing: /home/agilex/autoware.ai/install/ymc/lib/ymc/g30esli_interface
[9.972s] -- Set runtime path of "/home/agilex/autoware.ai/install/ymc/lib/ymc/g30esli_interface" to ""
[9.972s] -- Installing: /home/agilex/autoware.ai/install/ymc/share/ymc/launch
[9.973s] -- Installing: /home/agilex/autoware.ai/install/ymc/share/ymc/launch/g30esli_interface.launch
[9.973s] -- Installing: /home/agilex/autoware.ai/install/ymc/share/ymc/scripts
[9.973s] -- Installing: /home/agilex/autoware.ai/install/ymc/share/ymc/scripts/canset
[9.978s] Invoked command in '/home/agilex/autoware.ai/build/ymc' returned '0': CMAKE_PREFIX_PATH=/home/agilex/autoware.ai/install/ds4_msgs:/home/agilex/autoware.ai/install/autoware_msgs:/home/agilex/autoware.ai/install/autoware_build_flags:${CMAKE_PREFIX_PATH} PKG_CONFIG_PATH=/home/agilex/autoware.ai/install/ds4_msgs/lib/x86_64-linux-gnu/pkgconfig:/home/agilex/autoware.ai/install/ds4_msgs/lib/pkgconfig:/home/agilex/autoware.ai/install/autoware_msgs/lib/x86_64-linux-gnu/pkgconfig:/home/agilex/autoware.ai/install/autoware_msgs/lib/pkgconfig:/home/agilex/autoware.ai/install/autoware_build_flags/lib/x86_64-linux-gnu/pkgconfig:/home/agilex/autoware.ai/install/autoware_build_flags/lib/pkgconfig:${PKG_CONFIG_PATH} PYTHONPATH=/home/agilex/autoware.ai/install/ds4_msgs/lib/python2.7/dist-packages:/home/agilex/autoware.ai/install/autoware_msgs/lib/python2.7/dist-packages:${PYTHONPATH} ROS_PACKAGE_PATH=/home/agilex/autoware.ai/install/ds4_msgs/share:/home/agilex/autoware.ai/install/autoware_msgs/share:/home/agilex/autoware.ai/install/autoware_build_flags/share:${ROS_PACKAGE_PATH} /usr/bin/cmake --build /home/agilex/autoware.ai/build/ymc --target install -- -j8 -l8
