[0.069s] Invoking command in '/home/agilex/autoware.ai/build/op_global_planner': CMAKE_PREFIX_PATH=/home/agilex/autoware.ai/install/op_ros_helpers:/home/agilex/autoware.ai/install/op_simu:/home/agilex/autoware.ai/install/op_planner:/home/agilex/autoware.ai/install/op_utility:/home/agilex/autoware.ai/install/waypoint_follower:/home/agilex/autoware.ai/install/vector_map_server:/home/agilex/autoware.ai/install/map_file:/home/agilex/autoware.ai/install/vector_map:/home/agilex/autoware.ai/install/autoware_health_checker:/home/agilex/autoware.ai/install/amathutils_lib:/home/agilex/autoware.ai/install/vector_map_msgs:/home/agilex/autoware.ai/install/tablet_socket_msgs:/home/agilex/autoware.ai/install/autoware_system_msgs:/home/agilex/autoware.ai/install/autoware_msgs:/home/agilex/autoware.ai/install/autoware_config_msgs:/home/agilex/autoware.ai/install/autoware_can_msgs:/home/agilex/autoware.ai/install/autoware_build_flags:${CMAKE_PREFIX_PATH} LD_LIBRARY_PATH=/home/agilex/autoware.ai/install/op_ros_helpers/lib:/home/agilex/autoware.ai/install/op_simu/lib:/home/agilex/autoware.ai/install/op_planner/lib:/home/agilex/autoware.ai/install/op_utility/lib:/home/agilex/autoware.ai/install/waypoint_follower/lib:/home/agilex/autoware.ai/install/map_file/lib:/home/agilex/autoware.ai/install/vector_map/lib:/home/agilex/autoware.ai/install/autoware_health_checker/lib:/home/agilex/autoware.ai/install/amathutils_lib/lib:${LD_LIBRARY_PATH} PKG_CONFIG_PATH=/home/agilex/autoware.ai/install/op_ros_helpers/lib/x86_64-linux-gnu/pkgconfig:/home/agilex/autoware.ai/install/op_ros_helpers/lib/pkgconfig:/home/agilex/autoware.ai/install/op_simu/lib/x86_64-linux-gnu/pkgconfig:/home/agilex/autoware.ai/install/op_simu/lib/pkgconfig:/home/agilex/autoware.ai/install/op_planner/lib/x86_64-linux-gnu/pkgconfig:/home/agilex/autoware.ai/install/op_planner/lib/pkgconfig:/home/agilex/autoware.ai/install/op_utility/lib/x86_64-linux-gnu/pkgconfig:/home/agilex/autoware.ai/install/op_utility/lib/pkgconfig:/home/agilex/autoware.ai/install/waypoint_follower/lib/x86_64-linux-gnu/pkgconfig:/home/agilex/autoware.ai/install/waypoint_follower/lib/pkgconfig:/home/agilex/autoware.ai/install/vector_map_server/lib/x86_64-linux-gnu/pkgconfig:/home/agilex/autoware.ai/install/vector_map_server/lib/pkgconfig:/home/agilex/autoware.ai/install/map_file/lib/x86_64-linux-gnu/pkgconfig:/home/agilex/autoware.ai/install/map_file/lib/pkgconfig:/home/agilex/autoware.ai/install/vector_map/lib/x86_64-linux-gnu/pkgconfig:/home/agilex/autoware.ai/install/vector_map/lib/pkgconfig:/home/agilex/autoware.ai/install/autoware_health_checker/lib/x86_64-linux-gnu/pkgconfig:/home/agilex/autoware.ai/install/autoware_health_checker/lib/pkgconfig:/home/agilex/autoware.ai/install/amathutils_lib/lib/x86_64-linux-gnu/pkgconfig:/home/agilex/autoware.ai/install/amathutils_lib/lib/pkgconfig:/home/agilex/autoware.ai/install/vector_map_msgs/lib/x86_64-linux-gnu/pkgconfig:/home/agilex/autoware.ai/install/vector_map_msgs/lib/pkgconfig:/home/agilex/autoware.ai/install/tablet_socket_msgs/lib/x86_64-linux-gnu/pkgconfig:/home/agilex/autoware.ai/install/tablet_socket_msgs/lib/pkgconfig:/home/agilex/autoware.ai/install/autoware_system_msgs/lib/x86_64-linux-gnu/pkgconfig:/home/agilex/autoware.ai/install/autoware_system_msgs/lib/pkgconfig:/home/agilex/autoware.ai/install/autoware_msgs/lib/x86_64-linux-gnu/pkgconfig:/home/agilex/autoware.ai/install/autoware_msgs/lib/pkgconfig:/home/agilex/autoware.ai/install/autoware_config_msgs/lib/x86_64-linux-gnu/pkgconfig:/home/agilex/autoware.ai/install/autoware_config_msgs/lib/pkgconfig:/home/agilex/autoware.ai/install/autoware_can_msgs/lib/x86_64-linux-gnu/pkgconfig:/home/agilex/autoware.ai/install/autoware_can_msgs/lib/pkgconfig:/home/agilex/autoware.ai/install/autoware_build_flags/lib/x86_64-linux-gnu/pkgconfig:/home/agilex/autoware.ai/install/autoware_build_flags/lib/pkgconfig:${PKG_CONFIG_PATH} PYTHONPATH=/home/agilex/autoware.ai/install/vector_map_server/lib/python2.7/dist-packages:/home/agilex/autoware.ai/install/vector_map_msgs/lib/python2.7/dist-packages:/home/agilex/autoware.ai/install/tablet_socket_msgs/lib/python2.7/dist-packages:/home/agilex/autoware.ai/install/autoware_system_msgs/lib/python2.7/dist-packages:/home/agilex/autoware.ai/install/autoware_msgs/lib/python2.7/dist-packages:/home/agilex/autoware.ai/install/autoware_config_msgs/lib/python2.7/dist-packages:/home/agilex/autoware.ai/install/autoware_can_msgs/lib/python2.7/dist-packages:${PYTHONPATH} ROS_PACKAGE_PATH=/home/agilex/autoware.ai/install/op_ros_helpers/share:/home/agilex/autoware.ai/install/op_simu/share:/home/agilex/autoware.ai/install/op_planner/share:/home/agilex/autoware.ai/install/op_utility/share:/home/agilex/autoware.ai/install/waypoint_follower/share:/home/agilex/autoware.ai/install/vector_map_server/share:/home/agilex/autoware.ai/install/map_file/share:/home/agilex/autoware.ai/install/vector_map/share:/home/agilex/autoware.ai/install/autoware_health_checker/share:/home/agilex/autoware.ai/install/amathutils_lib/share:/home/agilex/autoware.ai/install/vector_map_msgs/share:/home/agilex/autoware.ai/install/tablet_socket_msgs/share:/home/agilex/autoware.ai/install/autoware_system_msgs/share:/home/agilex/autoware.ai/install/autoware_msgs/share:/home/agilex/autoware.ai/install/autoware_config_msgs/share:/home/agilex/autoware.ai/install/autoware_can_msgs/share:/home/agilex/autoware.ai/install/autoware_build_flags/share:${ROS_PACKAGE_PATH} /usr/bin/cmake --build /home/agilex/autoware.ai/build/op_global_planner -- -j8 -l8
[0.124s] [  0%] Built target autoware_config_msgs_generate_messages_lisp
[0.146s] [  0%] Built target trajectory_msgs_generate_messages_py
[0.168s] [  0%] Built target trajectory_msgs_generate_messages_eus
[0.187s] [  0%] Built target trajectory_msgs_generate_messages_cpp
[0.208s] [  0%] Built target gazebo_msgs_generate_messages_eus
[0.228s] [  0%] Built target gazebo_msgs_generate_messages_lisp
[0.256s] [  0%] Built target autoware_system_msgs_generate_messages_eus
[0.280s] [  0%] Built target autoware_system_msgs_generate_messages_cpp
[0.304s] [  0%] Built target visualization_msgs_generate_messages_nodejs
[0.329s] [  0%] Built target tablet_socket_msgs_generate_messages_lisp
[0.351s] [  0%] Built target topic_tools_generate_messages_nodejs
[0.375s] [  0%] Built target topic_tools_generate_messages_eus
[0.397s] [  0%] Built target topic_tools_generate_messages_cpp
[0.419s] [  0%] Built target std_srvs_generate_messages_py
[0.440s] [  0%] Built target std_srvs_generate_messages_nodejs
[0.458s] [  0%] Built target std_srvs_generate_messages_lisp
[0.482s] [  0%] Built target bond_generate_messages_lisp
[0.499s] [  0%] Built target bond_generate_messages_eus
[0.520s] [  0%] Built target trajectory_msgs_generate_messages_lisp
[0.538s] [  0%] Built target bond_generate_messages_cpp
[0.557s] [  0%] Built target nodelet_generate_messages_nodejs
[0.580s] [  0%] Built target nodelet_generate_messages_eus
[0.598s] [  0%] Built target nodelet_generate_messages_cpp
[0.617s] [  0%] Built target autoware_can_msgs_generate_messages_lisp
[0.643s] [  0%] Built target dynamic_reconfigure_generate_messages_py
[0.662s] [  0%] Built target autoware_can_msgs_generate_messages_py
[0.682s] [  0%] Built target dynamic_reconfigure_generate_messages_nodejs
[0.707s] [  0%] Built target gazebo_msgs_generate_messages_cpp
[0.737s] [  0%] Built target dynamic_reconfigure_generate_messages_lisp
[0.760s] [  0%] Built target dynamic_reconfigure_generate_messages_eus
[0.780s] [  0%] Built target pcl_ros_gencfg
[0.807s] [  0%] Built target trajectory_msgs_generate_messages_nodejs
[0.828s] [  0%] Built target bond_generate_messages_nodejs
[0.847s] [  0%] Built target autoware_config_msgs_generate_messages_py
[0.869s] [  0%] Built target rosgraph_msgs_generate_messages_lisp
[0.894s] [  0%] Built target gazebo_msgs_generate_messages_nodejs
[0.916s] [  0%] Built target rosgraph_msgs_generate_messages_eus
[0.937s] [  0%] Built target geometry_msgs_generate_messages_eus
[0.956s] [  0%] Built target geometry_msgs_generate_messages_py
[0.977s] [  0%] Built target tf_generate_messages_lisp
[0.999s] [  0%] Built target std_srvs_generate_messages_eus
[1.023s] [  0%] Built target jsk_recognition_msgs_generate_messages_nodejs
[1.041s] [  0%] Built target roscpp_generate_messages_lisp
[1.060s] [  0%] Built target geometry_msgs_generate_messages_lisp
[1.078s] [  0%] Built target roscpp_generate_messages_py
[1.099s] [  0%] Built target autoware_config_msgs_generate_messages_nodejs
[1.121s] [  0%] Built target tf_generate_messages_nodejs
[1.148s] [  0%] Built target std_srvs_generate_messages_cpp
[1.173s] [  0%] Built target sensor_msgs_generate_messages_lisp
[1.194s] [  0%] Built target rosgraph_msgs_generate_messages_cpp
[1.211s] [  0%] Built target autoware_msgs_generate_messages_cpp
[1.235s] [  0%] Built target autoware_system_msgs_generate_messages_lisp
[1.253s] [  0%] Built target vector_map_msgs_generate_messages_lisp
[1.272s] [  0%] Built target tf_generate_messages_eus
[1.291s] [  0%] Built target jsk_footstep_msgs_generate_messages_cpp
[1.311s] [  0%] Built target actionlib_msgs_generate_messages_cpp
[1.336s] [  0%] Built target vector_map_msgs_generate_messages_cpp
[1.363s] [  0%] Built target vector_map_msgs_generate_messages_eus
[1.386s] [  0%] Built target tablet_socket_msgs_generate_messages_nodejs
[1.406s] [  0%] Built target dynamic_reconfigure_generate_messages_cpp
[1.426s] [  0%] Built target tf_generate_messages_py
[1.451s] [  0%] Built target nodelet_generate_messages_py
[1.473s] [  0%] Built target sensor_msgs_generate_messages_py
[1.496s] [  0%] Built target visualization_msgs_generate_messages_lisp
[1.517s] [  0%] Built target std_msgs_generate_messages_eus
[1.540s] [  0%] Built target vector_map_msgs_generate_messages_py
[1.561s] [  0%] Built target sensor_msgs_generate_messages_cpp
[1.580s] [  0%] Built target roscpp_generate_messages_nodejs
[1.602s] [  0%] Built target std_msgs_generate_messages_lisp
[1.624s] [  0%] Built target std_msgs_generate_messages_nodejs
[1.646s] [  0%] Built target bond_generate_messages_py
[1.666s] [  0%] Built target vector_map_msgs_generate_messages_nodejs
[1.689s] [  0%] Built target std_msgs_generate_messages_cpp
[1.714s] [  0%] Built target tablet_socket_msgs_generate_messages_py
[1.736s] [  0%] Built target jsk_footstep_msgs_generate_messages_py
[1.758s] [  0%] Built target std_msgs_generate_messages_py
[1.779s] [  0%] Built target nodelet_generate_messages_lisp
[1.801s] [  0%] Built target autoware_msgs_generate_messages_py
[1.825s] [  0%] Built target vector_map_server_generate_messages_eus
[1.851s] [  0%] Built target roscpp_generate_messages_cpp
[1.875s] [  0%] Built target autoware_system_msgs_generate_messages_py
[1.893s] [  0%] Built target sensor_msgs_generate_messages_nodejs
[1.917s] [  0%] Built target actionlib_generate_messages_cpp
[1.937s] [  0%] Built target geometry_msgs_generate_messages_nodejs
[1.959s] [  0%] Built target gazebo_msgs_generate_messages_py
[1.984s] [  0%] Built target topic_tools_generate_messages_py
[2.008s] [  0%] Built target nodelet_topic_tools_gencfg
[2.030s] [  0%] Built target actionlib_msgs_generate_messages_nodejs
[2.050s] [  0%] Built target sensor_msgs_generate_messages_eus
[2.069s] [  0%] Built target geometry_msgs_generate_messages_cpp
[2.086s] [  0%] Built target actionlib_generate_messages_lisp
[2.109s] [  0%] Built target autoware_can_msgs_generate_messages_eus
[2.133s] [  0%] Built target vector_map_server_generate_messages_py
[2.152s] [  0%] Built target roscpp_generate_messages_eus
[2.173s] [  0%] Built target rosgraph_msgs_generate_messages_py
[2.196s] [  0%] Built target actionlib_msgs_generate_messages_eus
[2.216s] [  0%] Built target autoware_msgs_generate_messages_lisp
[2.235s] [  0%] Built target autoware_system_msgs_generate_messages_nodejs
[2.254s] [  0%] Built target actionlib_msgs_generate_messages_lisp
[2.277s] [  0%] Built target actionlib_msgs_generate_messages_py
[2.300s] [  0%] Built target jsk_footstep_msgs_generate_messages_eus
[2.323s] [  0%] Built target tf2_msgs_generate_messages_cpp
[2.345s] [  0%] Built target jsk_recognition_msgs_generate_messages_eus
[2.365s] [  0%] Built target rosgraph_msgs_generate_messages_nodejs
[2.387s] [  0%] Built target autoware_config_msgs_generate_messages_cpp
[2.406s] [  0%] Built target visualization_msgs_generate_messages_cpp
[2.424s] [  0%] Built target tablet_socket_msgs_generate_messages_eus
[2.443s] [  0%] Built target tf2_msgs_generate_messages_eus
[2.471s] [  0%] Built target dynamic_reconfigure_gencfg
[2.494s] [  0%] Built target tf2_msgs_generate_messages_lisp
[2.516s] [  0%] Built target actionlib_generate_messages_py
[2.536s] [  0%] Built target tf2_msgs_generate_messages_py
[2.556s] [  0%] Built target tf2_msgs_generate_messages_nodejs
[2.579s] [  0%] Built target autoware_msgs_generate_messages_eus
[2.598s] [  0%] Built target autoware_msgs_generate_messages_nodejs
[2.619s] [  0%] Built target topic_tools_generate_messages_lisp
[2.642s] [  0%] Built target jsk_recognition_msgs_generate_messages_cpp
[2.666s] [  0%] Built target jsk_recognition_msgs_generate_messages_lisp
[2.685s] [  0%] Built target jsk_recognition_msgs_generate_messages_py
[2.709s] [  0%] Built target pcl_msgs_generate_messages_cpp
[2.728s] [  0%] Built target pcl_msgs_generate_messages_eus
[2.755s] [  0%] Built target tf_generate_messages_cpp
[2.778s] [  0%] Built target actionlib_generate_messages_nodejs
[2.799s] [  0%] Built target pcl_msgs_generate_messages_lisp
[2.819s] [  0%] Built target pcl_msgs_generate_messages_nodejs
[2.863s] [  0%] Built target actionlib_generate_messages_eus
[2.887s] [  0%] Built target pcl_msgs_generate_messages_py
[2.917s] [  0%] Built target autoware_config_msgs_generate_messages_eus
[2.943s] [  0%] Built target vector_map_server_generate_messages_lisp
[2.959s] [  0%] Built target jsk_footstep_msgs_generate_messages_lisp
[2.981s] [  0%] Built target jsk_footstep_msgs_generate_messages_nodejs
[3.004s] [  0%] Built target tablet_socket_msgs_generate_messages_cpp
[3.025s] [  0%] Built target vector_map_server_generate_messages_cpp
[3.055s] [  0%] Built target visualization_msgs_generate_messages_eus
[3.073s] [  0%] Built target vector_map_server_generate_messages_nodejs
[3.097s] [  0%] Built target visualization_msgs_generate_messages_py
[3.115s] [  0%] Built target autoware_can_msgs_generate_messages_cpp
[3.133s] [  0%] Built target autoware_can_msgs_generate_messages_nodejs
[3.176s] [100%] Built target op_global_planner
[3.187s] Invoked command in '/home/agilex/autoware.ai/build/op_global_planner' returned '0': CMAKE_PREFIX_PATH=/home/agilex/autoware.ai/install/op_ros_helpers:/home/agilex/autoware.ai/install/op_simu:/home/agilex/autoware.ai/install/op_planner:/home/agilex/autoware.ai/install/op_utility:/home/agilex/autoware.ai/install/waypoint_follower:/home/agilex/autoware.ai/install/vector_map_server:/home/agilex/autoware.ai/install/map_file:/home/agilex/autoware.ai/install/vector_map:/home/agilex/autoware.ai/install/autoware_health_checker:/home/agilex/autoware.ai/install/amathutils_lib:/home/agilex/autoware.ai/install/vector_map_msgs:/home/agilex/autoware.ai/install/tablet_socket_msgs:/home/agilex/autoware.ai/install/autoware_system_msgs:/home/agilex/autoware.ai/install/autoware_msgs:/home/agilex/autoware.ai/install/autoware_config_msgs:/home/agilex/autoware.ai/install/autoware_can_msgs:/home/agilex/autoware.ai/install/autoware_build_flags:${CMAKE_PREFIX_PATH} LD_LIBRARY_PATH=/home/agilex/autoware.ai/install/op_ros_helpers/lib:/home/agilex/autoware.ai/install/op_simu/lib:/home/agilex/autoware.ai/install/op_planner/lib:/home/agilex/autoware.ai/install/op_utility/lib:/home/agilex/autoware.ai/install/waypoint_follower/lib:/home/agilex/autoware.ai/install/map_file/lib:/home/agilex/autoware.ai/install/vector_map/lib:/home/agilex/autoware.ai/install/autoware_health_checker/lib:/home/agilex/autoware.ai/install/amathutils_lib/lib:${LD_LIBRARY_PATH} PKG_CONFIG_PATH=/home/agilex/autoware.ai/install/op_ros_helpers/lib/x86_64-linux-gnu/pkgconfig:/home/agilex/autoware.ai/install/op_ros_helpers/lib/pkgconfig:/home/agilex/autoware.ai/install/op_simu/lib/x86_64-linux-gnu/pkgconfig:/home/agilex/autoware.ai/install/op_simu/lib/pkgconfig:/home/agilex/autoware.ai/install/op_planner/lib/x86_64-linux-gnu/pkgconfig:/home/agilex/autoware.ai/install/op_planner/lib/pkgconfig:/home/agilex/autoware.ai/install/op_utility/lib/x86_64-linux-gnu/pkgconfig:/home/agilex/autoware.ai/install/op_utility/lib/pkgconfig:/home/agilex/autoware.ai/install/waypoint_follower/lib/x86_64-linux-gnu/pkgconfig:/home/agilex/autoware.ai/install/waypoint_follower/lib/pkgconfig:/home/agilex/autoware.ai/install/vector_map_server/lib/x86_64-linux-gnu/pkgconfig:/home/agilex/autoware.ai/install/vector_map_server/lib/pkgconfig:/home/agilex/autoware.ai/install/map_file/lib/x86_64-linux-gnu/pkgconfig:/home/agilex/autoware.ai/install/map_file/lib/pkgconfig:/home/agilex/autoware.ai/install/vector_map/lib/x86_64-linux-gnu/pkgconfig:/home/agilex/autoware.ai/install/vector_map/lib/pkgconfig:/home/agilex/autoware.ai/install/autoware_health_checker/lib/x86_64-linux-gnu/pkgconfig:/home/agilex/autoware.ai/install/autoware_health_checker/lib/pkgconfig:/home/agilex/autoware.ai/install/amathutils_lib/lib/x86_64-linux-gnu/pkgconfig:/home/agilex/autoware.ai/install/amathutils_lib/lib/pkgconfig:/home/agilex/autoware.ai/install/vector_map_msgs/lib/x86_64-linux-gnu/pkgconfig:/home/agilex/autoware.ai/install/vector_map_msgs/lib/pkgconfig:/home/agilex/autoware.ai/install/tablet_socket_msgs/lib/x86_64-linux-gnu/pkgconfig:/home/agilex/autoware.ai/install/tablet_socket_msgs/lib/pkgconfig:/home/agilex/autoware.ai/install/autoware_system_msgs/lib/x86_64-linux-gnu/pkgconfig:/home/agilex/autoware.ai/install/autoware_system_msgs/lib/pkgconfig:/home/agilex/autoware.ai/install/autoware_msgs/lib/x86_64-linux-gnu/pkgconfig:/home/agilex/autoware.ai/install/autoware_msgs/lib/pkgconfig:/home/agilex/autoware.ai/install/autoware_config_msgs/lib/x86_64-linux-gnu/pkgconfig:/home/agilex/autoware.ai/install/autoware_config_msgs/lib/pkgconfig:/home/agilex/autoware.ai/install/autoware_can_msgs/lib/x86_64-linux-gnu/pkgconfig:/home/agilex/autoware.ai/install/autoware_can_msgs/lib/pkgconfig:/home/agilex/autoware.ai/install/autoware_build_flags/lib/x86_64-linux-gnu/pkgconfig:/home/agilex/autoware.ai/install/autoware_build_flags/lib/pkgconfig:${PKG_CONFIG_PATH} PYTHONPATH=/home/agilex/autoware.ai/install/vector_map_server/lib/python2.7/dist-packages:/home/agilex/autoware.ai/install/vector_map_msgs/lib/python2.7/dist-packages:/home/agilex/autoware.ai/install/tablet_socket_msgs/lib/python2.7/dist-packages:/home/agilex/autoware.ai/install/autoware_system_msgs/lib/python2.7/dist-packages:/home/agilex/autoware.ai/install/autoware_msgs/lib/python2.7/dist-packages:/home/agilex/autoware.ai/install/autoware_config_msgs/lib/python2.7/dist-packages:/home/agilex/autoware.ai/install/autoware_can_msgs/lib/python2.7/dist-packages:${PYTHONPATH} ROS_PACKAGE_PATH=/home/agilex/autoware.ai/install/op_ros_helpers/share:/home/agilex/autoware.ai/install/op_simu/share:/home/agilex/autoware.ai/install/op_planner/share:/home/agilex/autoware.ai/install/op_utility/share:/home/agilex/autoware.ai/install/waypoint_follower/share:/home/agilex/autoware.ai/install/vector_map_server/share:/home/agilex/autoware.ai/install/map_file/share:/home/agilex/autoware.ai/install/vector_map/share:/home/agilex/autoware.ai/install/autoware_health_checker/share:/home/agilex/autoware.ai/install/amathutils_lib/share:/home/agilex/autoware.ai/install/vector_map_msgs/share:/home/agilex/autoware.ai/install/tablet_socket_msgs/share:/home/agilex/autoware.ai/install/autoware_system_msgs/share:/home/agilex/autoware.ai/install/autoware_msgs/share:/home/agilex/autoware.ai/install/autoware_config_msgs/share:/home/agilex/autoware.ai/install/autoware_can_msgs/share:/home/agilex/autoware.ai/install/autoware_build_flags/share:${ROS_PACKAGE_PATH} /usr/bin/cmake --build /home/agilex/autoware.ai/build/op_global_planner -- -j8 -l8
[3.435s] Invoking command in '/home/agilex/autoware.ai/build/op_global_planner': CMAKE_PREFIX_PATH=/home/agilex/autoware.ai/install/op_ros_helpers:/home/agilex/autoware.ai/install/op_simu:/home/agilex/autoware.ai/install/op_planner:/home/agilex/autoware.ai/install/op_utility:/home/agilex/autoware.ai/install/waypoint_follower:/home/agilex/autoware.ai/install/vector_map_server:/home/agilex/autoware.ai/install/map_file:/home/agilex/autoware.ai/install/vector_map:/home/agilex/autoware.ai/install/autoware_health_checker:/home/agilex/autoware.ai/install/amathutils_lib:/home/agilex/autoware.ai/install/vector_map_msgs:/home/agilex/autoware.ai/install/tablet_socket_msgs:/home/agilex/autoware.ai/install/autoware_system_msgs:/home/agilex/autoware.ai/install/autoware_msgs:/home/agilex/autoware.ai/install/autoware_config_msgs:/home/agilex/autoware.ai/install/autoware_can_msgs:/home/agilex/autoware.ai/install/autoware_build_flags:${CMAKE_PREFIX_PATH} LD_LIBRARY_PATH=/home/agilex/autoware.ai/install/op_ros_helpers/lib:/home/agilex/autoware.ai/install/op_simu/lib:/home/agilex/autoware.ai/install/op_planner/lib:/home/agilex/autoware.ai/install/op_utility/lib:/home/agilex/autoware.ai/install/waypoint_follower/lib:/home/agilex/autoware.ai/install/map_file/lib:/home/agilex/autoware.ai/install/vector_map/lib:/home/agilex/autoware.ai/install/autoware_health_checker/lib:/home/agilex/autoware.ai/install/amathutils_lib/lib:${LD_LIBRARY_PATH} PKG_CONFIG_PATH=/home/agilex/autoware.ai/install/op_ros_helpers/lib/x86_64-linux-gnu/pkgconfig:/home/agilex/autoware.ai/install/op_ros_helpers/lib/pkgconfig:/home/agilex/autoware.ai/install/op_simu/lib/x86_64-linux-gnu/pkgconfig:/home/agilex/autoware.ai/install/op_simu/lib/pkgconfig:/home/agilex/autoware.ai/install/op_planner/lib/x86_64-linux-gnu/pkgconfig:/home/agilex/autoware.ai/install/op_planner/lib/pkgconfig:/home/agilex/autoware.ai/install/op_utility/lib/x86_64-linux-gnu/pkgconfig:/home/agilex/autoware.ai/install/op_utility/lib/pkgconfig:/home/agilex/autoware.ai/install/waypoint_follower/lib/x86_64-linux-gnu/pkgconfig:/home/agilex/autoware.ai/install/waypoint_follower/lib/pkgconfig:/home/agilex/autoware.ai/install/vector_map_server/lib/x86_64-linux-gnu/pkgconfig:/home/agilex/autoware.ai/install/vector_map_server/lib/pkgconfig:/home/agilex/autoware.ai/install/map_file/lib/x86_64-linux-gnu/pkgconfig:/home/agilex/autoware.ai/install/map_file/lib/pkgconfig:/home/agilex/autoware.ai/install/vector_map/lib/x86_64-linux-gnu/pkgconfig:/home/agilex/autoware.ai/install/vector_map/lib/pkgconfig:/home/agilex/autoware.ai/install/autoware_health_checker/lib/x86_64-linux-gnu/pkgconfig:/home/agilex/autoware.ai/install/autoware_health_checker/lib/pkgconfig:/home/agilex/autoware.ai/install/amathutils_lib/lib/x86_64-linux-gnu/pkgconfig:/home/agilex/autoware.ai/install/amathutils_lib/lib/pkgconfig:/home/agilex/autoware.ai/install/vector_map_msgs/lib/x86_64-linux-gnu/pkgconfig:/home/agilex/autoware.ai/install/vector_map_msgs/lib/pkgconfig:/home/agilex/autoware.ai/install/tablet_socket_msgs/lib/x86_64-linux-gnu/pkgconfig:/home/agilex/autoware.ai/install/tablet_socket_msgs/lib/pkgconfig:/home/agilex/autoware.ai/install/autoware_system_msgs/lib/x86_64-linux-gnu/pkgconfig:/home/agilex/autoware.ai/install/autoware_system_msgs/lib/pkgconfig:/home/agilex/autoware.ai/install/autoware_msgs/lib/x86_64-linux-gnu/pkgconfig:/home/agilex/autoware.ai/install/autoware_msgs/lib/pkgconfig:/home/agilex/autoware.ai/install/autoware_config_msgs/lib/x86_64-linux-gnu/pkgconfig:/home/agilex/autoware.ai/install/autoware_config_msgs/lib/pkgconfig:/home/agilex/autoware.ai/install/autoware_can_msgs/lib/x86_64-linux-gnu/pkgconfig:/home/agilex/autoware.ai/install/autoware_can_msgs/lib/pkgconfig:/home/agilex/autoware.ai/install/autoware_build_flags/lib/x86_64-linux-gnu/pkgconfig:/home/agilex/autoware.ai/install/autoware_build_flags/lib/pkgconfig:${PKG_CONFIG_PATH} PYTHONPATH=/home/agilex/autoware.ai/install/vector_map_server/lib/python2.7/dist-packages:/home/agilex/autoware.ai/install/vector_map_msgs/lib/python2.7/dist-packages:/home/agilex/autoware.ai/install/tablet_socket_msgs/lib/python2.7/dist-packages:/home/agilex/autoware.ai/install/autoware_system_msgs/lib/python2.7/dist-packages:/home/agilex/autoware.ai/install/autoware_msgs/lib/python2.7/dist-packages:/home/agilex/autoware.ai/install/autoware_config_msgs/lib/python2.7/dist-packages:/home/agilex/autoware.ai/install/autoware_can_msgs/lib/python2.7/dist-packages:${PYTHONPATH} ROS_PACKAGE_PATH=/home/agilex/autoware.ai/install/op_ros_helpers/share:/home/agilex/autoware.ai/install/op_simu/share:/home/agilex/autoware.ai/install/op_planner/share:/home/agilex/autoware.ai/install/op_utility/share:/home/agilex/autoware.ai/install/waypoint_follower/share:/home/agilex/autoware.ai/install/vector_map_server/share:/home/agilex/autoware.ai/install/map_file/share:/home/agilex/autoware.ai/install/vector_map/share:/home/agilex/autoware.ai/install/autoware_health_checker/share:/home/agilex/autoware.ai/install/amathutils_lib/share:/home/agilex/autoware.ai/install/vector_map_msgs/share:/home/agilex/autoware.ai/install/tablet_socket_msgs/share:/home/agilex/autoware.ai/install/autoware_system_msgs/share:/home/agilex/autoware.ai/install/autoware_msgs/share:/home/agilex/autoware.ai/install/autoware_config_msgs/share:/home/agilex/autoware.ai/install/autoware_can_msgs/share:/home/agilex/autoware.ai/install/autoware_build_flags/share:${ROS_PACKAGE_PATH} /usr/bin/cmake --build /home/agilex/autoware.ai/build/op_global_planner --target tests -- -j8 -l8
[3.508s] Built target tests
[3.517s] Invoked command in '/home/agilex/autoware.ai/build/op_global_planner' returned '0': CMAKE_PREFIX_PATH=/home/agilex/autoware.ai/install/op_ros_helpers:/home/agilex/autoware.ai/install/op_simu:/home/agilex/autoware.ai/install/op_planner:/home/agilex/autoware.ai/install/op_utility:/home/agilex/autoware.ai/install/waypoint_follower:/home/agilex/autoware.ai/install/vector_map_server:/home/agilex/autoware.ai/install/map_file:/home/agilex/autoware.ai/install/vector_map:/home/agilex/autoware.ai/install/autoware_health_checker:/home/agilex/autoware.ai/install/amathutils_lib:/home/agilex/autoware.ai/install/vector_map_msgs:/home/agilex/autoware.ai/install/tablet_socket_msgs:/home/agilex/autoware.ai/install/autoware_system_msgs:/home/agilex/autoware.ai/install/autoware_msgs:/home/agilex/autoware.ai/install/autoware_config_msgs:/home/agilex/autoware.ai/install/autoware_can_msgs:/home/agilex/autoware.ai/install/autoware_build_flags:${CMAKE_PREFIX_PATH} LD_LIBRARY_PATH=/home/agilex/autoware.ai/install/op_ros_helpers/lib:/home/agilex/autoware.ai/install/op_simu/lib:/home/agilex/autoware.ai/install/op_planner/lib:/home/agilex/autoware.ai/install/op_utility/lib:/home/agilex/autoware.ai/install/waypoint_follower/lib:/home/agilex/autoware.ai/install/map_file/lib:/home/agilex/autoware.ai/install/vector_map/lib:/home/agilex/autoware.ai/install/autoware_health_checker/lib:/home/agilex/autoware.ai/install/amathutils_lib/lib:${LD_LIBRARY_PATH} PKG_CONFIG_PATH=/home/agilex/autoware.ai/install/op_ros_helpers/lib/x86_64-linux-gnu/pkgconfig:/home/agilex/autoware.ai/install/op_ros_helpers/lib/pkgconfig:/home/agilex/autoware.ai/install/op_simu/lib/x86_64-linux-gnu/pkgconfig:/home/agilex/autoware.ai/install/op_simu/lib/pkgconfig:/home/agilex/autoware.ai/install/op_planner/lib/x86_64-linux-gnu/pkgconfig:/home/agilex/autoware.ai/install/op_planner/lib/pkgconfig:/home/agilex/autoware.ai/install/op_utility/lib/x86_64-linux-gnu/pkgconfig:/home/agilex/autoware.ai/install/op_utility/lib/pkgconfig:/home/agilex/autoware.ai/install/waypoint_follower/lib/x86_64-linux-gnu/pkgconfig:/home/agilex/autoware.ai/install/waypoint_follower/lib/pkgconfig:/home/agilex/autoware.ai/install/vector_map_server/lib/x86_64-linux-gnu/pkgconfig:/home/agilex/autoware.ai/install/vector_map_server/lib/pkgconfig:/home/agilex/autoware.ai/install/map_file/lib/x86_64-linux-gnu/pkgconfig:/home/agilex/autoware.ai/install/map_file/lib/pkgconfig:/home/agilex/autoware.ai/install/vector_map/lib/x86_64-linux-gnu/pkgconfig:/home/agilex/autoware.ai/install/vector_map/lib/pkgconfig:/home/agilex/autoware.ai/install/autoware_health_checker/lib/x86_64-linux-gnu/pkgconfig:/home/agilex/autoware.ai/install/autoware_health_checker/lib/pkgconfig:/home/agilex/autoware.ai/install/amathutils_lib/lib/x86_64-linux-gnu/pkgconfig:/home/agilex/autoware.ai/install/amathutils_lib/lib/pkgconfig:/home/agilex/autoware.ai/install/vector_map_msgs/lib/x86_64-linux-gnu/pkgconfig:/home/agilex/autoware.ai/install/vector_map_msgs/lib/pkgconfig:/home/agilex/autoware.ai/install/tablet_socket_msgs/lib/x86_64-linux-gnu/pkgconfig:/home/agilex/autoware.ai/install/tablet_socket_msgs/lib/pkgconfig:/home/agilex/autoware.ai/install/autoware_system_msgs/lib/x86_64-linux-gnu/pkgconfig:/home/agilex/autoware.ai/install/autoware_system_msgs/lib/pkgconfig:/home/agilex/autoware.ai/install/autoware_msgs/lib/x86_64-linux-gnu/pkgconfig:/home/agilex/autoware.ai/install/autoware_msgs/lib/pkgconfig:/home/agilex/autoware.ai/install/autoware_config_msgs/lib/x86_64-linux-gnu/pkgconfig:/home/agilex/autoware.ai/install/autoware_config_msgs/lib/pkgconfig:/home/agilex/autoware.ai/install/autoware_can_msgs/lib/x86_64-linux-gnu/pkgconfig:/home/agilex/autoware.ai/install/autoware_can_msgs/lib/pkgconfig:/home/agilex/autoware.ai/install/autoware_build_flags/lib/x86_64-linux-gnu/pkgconfig:/home/agilex/autoware.ai/install/autoware_build_flags/lib/pkgconfig:${PKG_CONFIG_PATH} PYTHONPATH=/home/agilex/autoware.ai/install/vector_map_server/lib/python2.7/dist-packages:/home/agilex/autoware.ai/install/vector_map_msgs/lib/python2.7/dist-packages:/home/agilex/autoware.ai/install/tablet_socket_msgs/lib/python2.7/dist-packages:/home/agilex/autoware.ai/install/autoware_system_msgs/lib/python2.7/dist-packages:/home/agilex/autoware.ai/install/autoware_msgs/lib/python2.7/dist-packages:/home/agilex/autoware.ai/install/autoware_config_msgs/lib/python2.7/dist-packages:/home/agilex/autoware.ai/install/autoware_can_msgs/lib/python2.7/dist-packages:${PYTHONPATH} ROS_PACKAGE_PATH=/home/agilex/autoware.ai/install/op_ros_helpers/share:/home/agilex/autoware.ai/install/op_simu/share:/home/agilex/autoware.ai/install/op_planner/share:/home/agilex/autoware.ai/install/op_utility/share:/home/agilex/autoware.ai/install/waypoint_follower/share:/home/agilex/autoware.ai/install/vector_map_server/share:/home/agilex/autoware.ai/install/map_file/share:/home/agilex/autoware.ai/install/vector_map/share:/home/agilex/autoware.ai/install/autoware_health_checker/share:/home/agilex/autoware.ai/install/amathutils_lib/share:/home/agilex/autoware.ai/install/vector_map_msgs/share:/home/agilex/autoware.ai/install/tablet_socket_msgs/share:/home/agilex/autoware.ai/install/autoware_system_msgs/share:/home/agilex/autoware.ai/install/autoware_msgs/share:/home/agilex/autoware.ai/install/autoware_config_msgs/share:/home/agilex/autoware.ai/install/autoware_can_msgs/share:/home/agilex/autoware.ai/install/autoware_build_flags/share:${ROS_PACKAGE_PATH} /usr/bin/cmake --build /home/agilex/autoware.ai/build/op_global_planner --target tests -- -j8 -l8
[3.697s] Invoking command in '/home/agilex/autoware.ai/build/op_global_planner': CMAKE_PREFIX_PATH=/home/agilex/autoware.ai/install/op_ros_helpers:/home/agilex/autoware.ai/install/op_simu:/home/agilex/autoware.ai/install/op_planner:/home/agilex/autoware.ai/install/op_utility:/home/agilex/autoware.ai/install/waypoint_follower:/home/agilex/autoware.ai/install/vector_map_server:/home/agilex/autoware.ai/install/map_file:/home/agilex/autoware.ai/install/vector_map:/home/agilex/autoware.ai/install/autoware_health_checker:/home/agilex/autoware.ai/install/amathutils_lib:/home/agilex/autoware.ai/install/vector_map_msgs:/home/agilex/autoware.ai/install/tablet_socket_msgs:/home/agilex/autoware.ai/install/autoware_system_msgs:/home/agilex/autoware.ai/install/autoware_msgs:/home/agilex/autoware.ai/install/autoware_config_msgs:/home/agilex/autoware.ai/install/autoware_can_msgs:/home/agilex/autoware.ai/install/autoware_build_flags:${CMAKE_PREFIX_PATH} LD_LIBRARY_PATH=/home/agilex/autoware.ai/install/op_ros_helpers/lib:/home/agilex/autoware.ai/install/op_simu/lib:/home/agilex/autoware.ai/install/op_planner/lib:/home/agilex/autoware.ai/install/op_utility/lib:/home/agilex/autoware.ai/install/waypoint_follower/lib:/home/agilex/autoware.ai/install/map_file/lib:/home/agilex/autoware.ai/install/vector_map/lib:/home/agilex/autoware.ai/install/autoware_health_checker/lib:/home/agilex/autoware.ai/install/amathutils_lib/lib:${LD_LIBRARY_PATH} PKG_CONFIG_PATH=/home/agilex/autoware.ai/install/op_ros_helpers/lib/x86_64-linux-gnu/pkgconfig:/home/agilex/autoware.ai/install/op_ros_helpers/lib/pkgconfig:/home/agilex/autoware.ai/install/op_simu/lib/x86_64-linux-gnu/pkgconfig:/home/agilex/autoware.ai/install/op_simu/lib/pkgconfig:/home/agilex/autoware.ai/install/op_planner/lib/x86_64-linux-gnu/pkgconfig:/home/agilex/autoware.ai/install/op_planner/lib/pkgconfig:/home/agilex/autoware.ai/install/op_utility/lib/x86_64-linux-gnu/pkgconfig:/home/agilex/autoware.ai/install/op_utility/lib/pkgconfig:/home/agilex/autoware.ai/install/waypoint_follower/lib/x86_64-linux-gnu/pkgconfig:/home/agilex/autoware.ai/install/waypoint_follower/lib/pkgconfig:/home/agilex/autoware.ai/install/vector_map_server/lib/x86_64-linux-gnu/pkgconfig:/home/agilex/autoware.ai/install/vector_map_server/lib/pkgconfig:/home/agilex/autoware.ai/install/map_file/lib/x86_64-linux-gnu/pkgconfig:/home/agilex/autoware.ai/install/map_file/lib/pkgconfig:/home/agilex/autoware.ai/install/vector_map/lib/x86_64-linux-gnu/pkgconfig:/home/agilex/autoware.ai/install/vector_map/lib/pkgconfig:/home/agilex/autoware.ai/install/autoware_health_checker/lib/x86_64-linux-gnu/pkgconfig:/home/agilex/autoware.ai/install/autoware_health_checker/lib/pkgconfig:/home/agilex/autoware.ai/install/amathutils_lib/lib/x86_64-linux-gnu/pkgconfig:/home/agilex/autoware.ai/install/amathutils_lib/lib/pkgconfig:/home/agilex/autoware.ai/install/vector_map_msgs/lib/x86_64-linux-gnu/pkgconfig:/home/agilex/autoware.ai/install/vector_map_msgs/lib/pkgconfig:/home/agilex/autoware.ai/install/tablet_socket_msgs/lib/x86_64-linux-gnu/pkgconfig:/home/agilex/autoware.ai/install/tablet_socket_msgs/lib/pkgconfig:/home/agilex/autoware.ai/install/autoware_system_msgs/lib/x86_64-linux-gnu/pkgconfig:/home/agilex/autoware.ai/install/autoware_system_msgs/lib/pkgconfig:/home/agilex/autoware.ai/install/autoware_msgs/lib/x86_64-linux-gnu/pkgconfig:/home/agilex/autoware.ai/install/autoware_msgs/lib/pkgconfig:/home/agilex/autoware.ai/install/autoware_config_msgs/lib/x86_64-linux-gnu/pkgconfig:/home/agilex/autoware.ai/install/autoware_config_msgs/lib/pkgconfig:/home/agilex/autoware.ai/install/autoware_can_msgs/lib/x86_64-linux-gnu/pkgconfig:/home/agilex/autoware.ai/install/autoware_can_msgs/lib/pkgconfig:/home/agilex/autoware.ai/install/autoware_build_flags/lib/x86_64-linux-gnu/pkgconfig:/home/agilex/autoware.ai/install/autoware_build_flags/lib/pkgconfig:${PKG_CONFIG_PATH} PYTHONPATH=/home/agilex/autoware.ai/install/vector_map_server/lib/python2.7/dist-packages:/home/agilex/autoware.ai/install/vector_map_msgs/lib/python2.7/dist-packages:/home/agilex/autoware.ai/install/tablet_socket_msgs/lib/python2.7/dist-packages:/home/agilex/autoware.ai/install/autoware_system_msgs/lib/python2.7/dist-packages:/home/agilex/autoware.ai/install/autoware_msgs/lib/python2.7/dist-packages:/home/agilex/autoware.ai/install/autoware_config_msgs/lib/python2.7/dist-packages:/home/agilex/autoware.ai/install/autoware_can_msgs/lib/python2.7/dist-packages:${PYTHONPATH} ROS_PACKAGE_PATH=/home/agilex/autoware.ai/install/op_ros_helpers/share:/home/agilex/autoware.ai/install/op_simu/share:/home/agilex/autoware.ai/install/op_planner/share:/home/agilex/autoware.ai/install/op_utility/share:/home/agilex/autoware.ai/install/waypoint_follower/share:/home/agilex/autoware.ai/install/vector_map_server/share:/home/agilex/autoware.ai/install/map_file/share:/home/agilex/autoware.ai/install/vector_map/share:/home/agilex/autoware.ai/install/autoware_health_checker/share:/home/agilex/autoware.ai/install/amathutils_lib/share:/home/agilex/autoware.ai/install/vector_map_msgs/share:/home/agilex/autoware.ai/install/tablet_socket_msgs/share:/home/agilex/autoware.ai/install/autoware_system_msgs/share:/home/agilex/autoware.ai/install/autoware_msgs/share:/home/agilex/autoware.ai/install/autoware_config_msgs/share:/home/agilex/autoware.ai/install/autoware_can_msgs/share:/home/agilex/autoware.ai/install/autoware_build_flags/share:${ROS_PACKAGE_PATH} /usr/bin/cmake --build /home/agilex/autoware.ai/build/op_global_planner --target install -- -j8 -l8
[3.753s] [  0%] Built target autoware_config_msgs_generate_messages_lisp
[3.771s] [  0%] Built target trajectory_msgs_generate_messages_py
[3.788s] [  0%] Built target trajectory_msgs_generate_messages_eus
[3.809s] [  0%] Built target trajectory_msgs_generate_messages_cpp
[3.833s] [  0%] Built target gazebo_msgs_generate_messages_eus
[3.850s] [  0%] Built target gazebo_msgs_generate_messages_lisp
[3.867s] [  0%] Built target autoware_system_msgs_generate_messages_eus
[3.884s] [  0%] Built target autoware_system_msgs_generate_messages_cpp
[3.901s] [  0%] Built target visualization_msgs_generate_messages_nodejs
[3.918s] [  0%] Built target tablet_socket_msgs_generate_messages_lisp
[3.936s] [  0%] Built target topic_tools_generate_messages_nodejs
[3.952s] [  0%] Built target topic_tools_generate_messages_eus
[3.972s] [  0%] Built target topic_tools_generate_messages_cpp
[3.992s] [  0%] Built target std_srvs_generate_messages_py
[4.009s] [  0%] Built target std_srvs_generate_messages_nodejs
[4.028s] [  0%] Built target std_srvs_generate_messages_lisp
[4.048s] [  0%] Built target bond_generate_messages_lisp
[4.065s] [  0%] Built target bond_generate_messages_eus
[4.085s] [  0%] Built target trajectory_msgs_generate_messages_lisp
[4.107s] [  0%] Built target bond_generate_messages_cpp
[4.126s] [  0%] Built target nodelet_generate_messages_nodejs
[4.143s] [  0%] Built target nodelet_generate_messages_eus
[4.162s] [  0%] Built target nodelet_generate_messages_cpp
[4.180s] [  0%] Built target autoware_can_msgs_generate_messages_lisp
[4.201s] [  0%] Built target dynamic_reconfigure_generate_messages_py
[4.220s] [  0%] Built target autoware_can_msgs_generate_messages_py
[4.238s] [  0%] Built target dynamic_reconfigure_generate_messages_nodejs
[4.255s] [  0%] Built target gazebo_msgs_generate_messages_cpp
[4.272s] [  0%] Built target dynamic_reconfigure_generate_messages_lisp
[4.289s] [  0%] Built target dynamic_reconfigure_generate_messages_eus
[4.309s] [  0%] Built target pcl_ros_gencfg
[4.327s] [  0%] Built target trajectory_msgs_generate_messages_nodejs
[4.347s] [  0%] Built target bond_generate_messages_nodejs
[4.365s] [  0%] Built target autoware_config_msgs_generate_messages_py
[4.383s] [  0%] Built target rosgraph_msgs_generate_messages_lisp
[4.402s] [  0%] Built target gazebo_msgs_generate_messages_nodejs
[4.422s] [  0%] Built target rosgraph_msgs_generate_messages_eus
[4.439s] [  0%] Built target geometry_msgs_generate_messages_eus
[4.455s] [  0%] Built target geometry_msgs_generate_messages_py
[4.470s] [  0%] Built target tf_generate_messages_lisp
[4.487s] [  0%] Built target std_srvs_generate_messages_eus
[4.503s] [  0%] Built target jsk_recognition_msgs_generate_messages_nodejs
[4.524s] [  0%] Built target roscpp_generate_messages_lisp
[4.540s] [  0%] Built target geometry_msgs_generate_messages_lisp
[4.558s] [  0%] Built target roscpp_generate_messages_py
[4.576s] [  0%] Built target autoware_config_msgs_generate_messages_nodejs
[4.592s] [  0%] Built target tf_generate_messages_nodejs
[4.610s] [  0%] Built target std_srvs_generate_messages_cpp
[4.625s] [  0%] Built target sensor_msgs_generate_messages_lisp
[4.641s] [  0%] Built target rosgraph_msgs_generate_messages_cpp
[4.658s] [  0%] Built target autoware_msgs_generate_messages_cpp
[4.674s] [  0%] Built target autoware_system_msgs_generate_messages_lisp
[4.690s] [  0%] Built target vector_map_msgs_generate_messages_lisp
[4.706s] [  0%] Built target tf_generate_messages_eus
[4.723s] [  0%] Built target jsk_footstep_msgs_generate_messages_cpp
[4.739s] [  0%] Built target actionlib_msgs_generate_messages_cpp
[4.755s] [  0%] Built target vector_map_msgs_generate_messages_cpp
[4.771s] [  0%] Built target vector_map_msgs_generate_messages_eus
[4.789s] [  0%] Built target tablet_socket_msgs_generate_messages_nodejs
[4.808s] [  0%] Built target dynamic_reconfigure_generate_messages_cpp
[4.824s] [  0%] Built target tf_generate_messages_py
[4.840s] [  0%] Built target nodelet_generate_messages_py
[4.857s] [  0%] Built target sensor_msgs_generate_messages_py
[4.874s] [  0%] Built target visualization_msgs_generate_messages_lisp
[4.890s] [  0%] Built target std_msgs_generate_messages_eus
[4.906s] [  0%] Built target vector_map_msgs_generate_messages_py
[4.923s] [  0%] Built target sensor_msgs_generate_messages_cpp
[4.940s] [  0%] Built target roscpp_generate_messages_nodejs
[4.956s] [  0%] Built target std_msgs_generate_messages_lisp
[4.973s] [  0%] Built target std_msgs_generate_messages_nodejs
[4.989s] [  0%] Built target bond_generate_messages_py
[5.006s] [  0%] Built target vector_map_msgs_generate_messages_nodejs
[5.023s] [  0%] Built target std_msgs_generate_messages_cpp
[5.039s] [  0%] Built target tablet_socket_msgs_generate_messages_py
[5.057s] [  0%] Built target jsk_footstep_msgs_generate_messages_py
[5.073s] [  0%] Built target std_msgs_generate_messages_py
[5.093s] [  0%] Built target nodelet_generate_messages_lisp
[5.109s] [  0%] Built target autoware_msgs_generate_messages_py
[5.125s] [  0%] Built target vector_map_server_generate_messages_eus
[5.141s] [  0%] Built target roscpp_generate_messages_cpp
[5.157s] [  0%] Built target autoware_system_msgs_generate_messages_py
[5.174s] [  0%] Built target sensor_msgs_generate_messages_nodejs
[5.191s] [  0%] Built target actionlib_generate_messages_cpp
[5.208s] [  0%] Built target geometry_msgs_generate_messages_nodejs
[5.224s] [  0%] Built target gazebo_msgs_generate_messages_py
[5.242s] [  0%] Built target topic_tools_generate_messages_py
[5.257s] [  0%] Built target nodelet_topic_tools_gencfg
[5.273s] [  0%] Built target actionlib_msgs_generate_messages_nodejs
[5.290s] [  0%] Built target sensor_msgs_generate_messages_eus
[5.306s] [  0%] Built target geometry_msgs_generate_messages_cpp
[5.323s] [  0%] Built target actionlib_generate_messages_lisp
[5.340s] [  0%] Built target autoware_can_msgs_generate_messages_eus
[5.355s] [  0%] Built target vector_map_server_generate_messages_py
[5.371s] [  0%] Built target roscpp_generate_messages_eus
[5.388s] [  0%] Built target rosgraph_msgs_generate_messages_py
[5.404s] [  0%] Built target actionlib_msgs_generate_messages_eus
[5.419s] [  0%] Built target autoware_msgs_generate_messages_lisp
[5.435s] [  0%] Built target autoware_system_msgs_generate_messages_nodejs
[5.455s] [  0%] Built target actionlib_msgs_generate_messages_lisp
[5.471s] [  0%] Built target actionlib_msgs_generate_messages_py
[5.487s] [  0%] Built target jsk_footstep_msgs_generate_messages_eus
[5.504s] [  0%] Built target tf2_msgs_generate_messages_cpp
[5.521s] [  0%] Built target jsk_recognition_msgs_generate_messages_eus
[5.537s] [  0%] Built target rosgraph_msgs_generate_messages_nodejs
[5.556s] [  0%] Built target autoware_config_msgs_generate_messages_cpp
[5.570s] [  0%] Built target visualization_msgs_generate_messages_cpp
[5.586s] [  0%] Built target tablet_socket_msgs_generate_messages_eus
[5.602s] [  0%] Built target tf2_msgs_generate_messages_eus
[5.619s] [  0%] Built target dynamic_reconfigure_gencfg
[5.637s] [  0%] Built target tf2_msgs_generate_messages_lisp
[5.652s] [  0%] Built target actionlib_generate_messages_py
[5.669s] [  0%] Built target tf2_msgs_generate_messages_py
[5.685s] [  0%] Built target tf2_msgs_generate_messages_nodejs
[5.702s] [  0%] Built target autoware_msgs_generate_messages_eus
[5.718s] [  0%] Built target autoware_msgs_generate_messages_nodejs
[5.734s] [  0%] Built target topic_tools_generate_messages_lisp
[5.752s] [  0%] Built target jsk_recognition_msgs_generate_messages_cpp
[5.768s] [  0%] Built target jsk_recognition_msgs_generate_messages_lisp
[5.783s] [  0%] Built target jsk_recognition_msgs_generate_messages_py
[5.799s] [  0%] Built target pcl_msgs_generate_messages_cpp
[5.814s] [  0%] Built target pcl_msgs_generate_messages_eus
[5.830s] [  0%] Built target tf_generate_messages_cpp
[5.846s] [  0%] Built target actionlib_generate_messages_nodejs
[5.862s] [  0%] Built target pcl_msgs_generate_messages_lisp
[5.880s] [  0%] Built target pcl_msgs_generate_messages_nodejs
[5.895s] [  0%] Built target actionlib_generate_messages_eus
[5.911s] [  0%] Built target pcl_msgs_generate_messages_py
[5.928s] [  0%] Built target autoware_config_msgs_generate_messages_eus
[5.944s] [  0%] Built target vector_map_server_generate_messages_lisp
[5.960s] [  0%] Built target jsk_footstep_msgs_generate_messages_lisp
[5.976s] [  0%] Built target jsk_footstep_msgs_generate_messages_nodejs
[5.992s] [  0%] Built target tablet_socket_msgs_generate_messages_cpp
[6.008s] [  0%] Built target vector_map_server_generate_messages_cpp
[6.023s] [  0%] Built target visualization_msgs_generate_messages_eus
[6.039s] [  0%] Built target vector_map_server_generate_messages_nodejs
[6.055s] [  0%] Built target visualization_msgs_generate_messages_py
[6.071s] [  0%] Built target autoware_can_msgs_generate_messages_cpp
[6.087s] [  0%] Built target autoware_can_msgs_generate_messages_nodejs
[6.117s] [100%] Built target op_global_planner
[6.135s] [36mInstall the project...[0m
[6.142s] -- Install configuration: "Release"
[6.142s] -- Up-to-date: /home/agilex/autoware.ai/install/op_global_planner/lib/pkgconfig/op_global_planner.pc
[6.143s] -- Up-to-date: /home/agilex/autoware.ai/install/op_global_planner/share/op_global_planner/cmake/op_global_plannerConfig.cmake
[6.143s] -- Up-to-date: /home/agilex/autoware.ai/install/op_global_planner/share/op_global_planner/cmake/op_global_plannerConfig-version.cmake
[6.143s] -- Up-to-date: /home/agilex/autoware.ai/install/op_global_planner/share/op_global_planner/package.xml
[6.143s] -- Up-to-date: /home/agilex/autoware.ai/install/op_global_planner/lib/op_global_planner/op_global_planner
[6.143s] -- Up-to-date: /home/agilex/autoware.ai/install/op_global_planner/share/op_global_planner/launch
[6.144s] -- Up-to-date: /home/agilex/autoware.ai/install/op_global_planner/share/op_global_planner/launch/op_global_planner.launch
[6.147s] Invoked command in '/home/agilex/autoware.ai/build/op_global_planner' returned '0': CMAKE_PREFIX_PATH=/home/agilex/autoware.ai/install/op_ros_helpers:/home/agilex/autoware.ai/install/op_simu:/home/agilex/autoware.ai/install/op_planner:/home/agilex/autoware.ai/install/op_utility:/home/agilex/autoware.ai/install/waypoint_follower:/home/agilex/autoware.ai/install/vector_map_server:/home/agilex/autoware.ai/install/map_file:/home/agilex/autoware.ai/install/vector_map:/home/agilex/autoware.ai/install/autoware_health_checker:/home/agilex/autoware.ai/install/amathutils_lib:/home/agilex/autoware.ai/install/vector_map_msgs:/home/agilex/autoware.ai/install/tablet_socket_msgs:/home/agilex/autoware.ai/install/autoware_system_msgs:/home/agilex/autoware.ai/install/autoware_msgs:/home/agilex/autoware.ai/install/autoware_config_msgs:/home/agilex/autoware.ai/install/autoware_can_msgs:/home/agilex/autoware.ai/install/autoware_build_flags:${CMAKE_PREFIX_PATH} LD_LIBRARY_PATH=/home/agilex/autoware.ai/install/op_ros_helpers/lib:/home/agilex/autoware.ai/install/op_simu/lib:/home/agilex/autoware.ai/install/op_planner/lib:/home/agilex/autoware.ai/install/op_utility/lib:/home/agilex/autoware.ai/install/waypoint_follower/lib:/home/agilex/autoware.ai/install/map_file/lib:/home/agilex/autoware.ai/install/vector_map/lib:/home/agilex/autoware.ai/install/autoware_health_checker/lib:/home/agilex/autoware.ai/install/amathutils_lib/lib:${LD_LIBRARY_PATH} PKG_CONFIG_PATH=/home/agilex/autoware.ai/install/op_ros_helpers/lib/x86_64-linux-gnu/pkgconfig:/home/agilex/autoware.ai/install/op_ros_helpers/lib/pkgconfig:/home/agilex/autoware.ai/install/op_simu/lib/x86_64-linux-gnu/pkgconfig:/home/agilex/autoware.ai/install/op_simu/lib/pkgconfig:/home/agilex/autoware.ai/install/op_planner/lib/x86_64-linux-gnu/pkgconfig:/home/agilex/autoware.ai/install/op_planner/lib/pkgconfig:/home/agilex/autoware.ai/install/op_utility/lib/x86_64-linux-gnu/pkgconfig:/home/agilex/autoware.ai/install/op_utility/lib/pkgconfig:/home/agilex/autoware.ai/install/waypoint_follower/lib/x86_64-linux-gnu/pkgconfig:/home/agilex/autoware.ai/install/waypoint_follower/lib/pkgconfig:/home/agilex/autoware.ai/install/vector_map_server/lib/x86_64-linux-gnu/pkgconfig:/home/agilex/autoware.ai/install/vector_map_server/lib/pkgconfig:/home/agilex/autoware.ai/install/map_file/lib/x86_64-linux-gnu/pkgconfig:/home/agilex/autoware.ai/install/map_file/lib/pkgconfig:/home/agilex/autoware.ai/install/vector_map/lib/x86_64-linux-gnu/pkgconfig:/home/agilex/autoware.ai/install/vector_map/lib/pkgconfig:/home/agilex/autoware.ai/install/autoware_health_checker/lib/x86_64-linux-gnu/pkgconfig:/home/agilex/autoware.ai/install/autoware_health_checker/lib/pkgconfig:/home/agilex/autoware.ai/install/amathutils_lib/lib/x86_64-linux-gnu/pkgconfig:/home/agilex/autoware.ai/install/amathutils_lib/lib/pkgconfig:/home/agilex/autoware.ai/install/vector_map_msgs/lib/x86_64-linux-gnu/pkgconfig:/home/agilex/autoware.ai/install/vector_map_msgs/lib/pkgconfig:/home/agilex/autoware.ai/install/tablet_socket_msgs/lib/x86_64-linux-gnu/pkgconfig:/home/agilex/autoware.ai/install/tablet_socket_msgs/lib/pkgconfig:/home/agilex/autoware.ai/install/autoware_system_msgs/lib/x86_64-linux-gnu/pkgconfig:/home/agilex/autoware.ai/install/autoware_system_msgs/lib/pkgconfig:/home/agilex/autoware.ai/install/autoware_msgs/lib/x86_64-linux-gnu/pkgconfig:/home/agilex/autoware.ai/install/autoware_msgs/lib/pkgconfig:/home/agilex/autoware.ai/install/autoware_config_msgs/lib/x86_64-linux-gnu/pkgconfig:/home/agilex/autoware.ai/install/autoware_config_msgs/lib/pkgconfig:/home/agilex/autoware.ai/install/autoware_can_msgs/lib/x86_64-linux-gnu/pkgconfig:/home/agilex/autoware.ai/install/autoware_can_msgs/lib/pkgconfig:/home/agilex/autoware.ai/install/autoware_build_flags/lib/x86_64-linux-gnu/pkgconfig:/home/agilex/autoware.ai/install/autoware_build_flags/lib/pkgconfig:${PKG_CONFIG_PATH} PYTHONPATH=/home/agilex/autoware.ai/install/vector_map_server/lib/python2.7/dist-packages:/home/agilex/autoware.ai/install/vector_map_msgs/lib/python2.7/dist-packages:/home/agilex/autoware.ai/install/tablet_socket_msgs/lib/python2.7/dist-packages:/home/agilex/autoware.ai/install/autoware_system_msgs/lib/python2.7/dist-packages:/home/agilex/autoware.ai/install/autoware_msgs/lib/python2.7/dist-packages:/home/agilex/autoware.ai/install/autoware_config_msgs/lib/python2.7/dist-packages:/home/agilex/autoware.ai/install/autoware_can_msgs/lib/python2.7/dist-packages:${PYTHONPATH} ROS_PACKAGE_PATH=/home/agilex/autoware.ai/install/op_ros_helpers/share:/home/agilex/autoware.ai/install/op_simu/share:/home/agilex/autoware.ai/install/op_planner/share:/home/agilex/autoware.ai/install/op_utility/share:/home/agilex/autoware.ai/install/waypoint_follower/share:/home/agilex/autoware.ai/install/vector_map_server/share:/home/agilex/autoware.ai/install/map_file/share:/home/agilex/autoware.ai/install/vector_map/share:/home/agilex/autoware.ai/install/autoware_health_checker/share:/home/agilex/autoware.ai/install/amathutils_lib/share:/home/agilex/autoware.ai/install/vector_map_msgs/share:/home/agilex/autoware.ai/install/tablet_socket_msgs/share:/home/agilex/autoware.ai/install/autoware_system_msgs/share:/home/agilex/autoware.ai/install/autoware_msgs/share:/home/agilex/autoware.ai/install/autoware_config_msgs/share:/home/agilex/autoware.ai/install/autoware_can_msgs/share:/home/agilex/autoware.ai/install/autoware_build_flags/share:${ROS_PACKAGE_PATH} /usr/bin/cmake --build /home/agilex/autoware.ai/build/op_global_planner --target install -- -j8 -l8
