[0.021s] Invoking command in '/home/agilex/autoware.ai/build/range_vision_fusion': CMAKE_PREFIX_PATH=/home/agilex/autoware.ai/install/autoware_msgs:/home/agilex/autoware.ai/install/autoware_build_flags:${CMAKE_PREFIX_PATH} PKG_CONFIG_PATH=/home/agilex/autoware.ai/install/autoware_msgs/lib/x86_64-linux-gnu/pkgconfig:/home/agilex/autoware.ai/install/autoware_msgs/lib/pkgconfig:/home/agilex/autoware.ai/install/autoware_build_flags/lib/x86_64-linux-gnu/pkgconfig:/home/agilex/autoware.ai/install/autoware_build_flags/lib/pkgconfig:${PKG_CONFIG_PATH} PYTHONPATH=/home/agilex/autoware.ai/install/autoware_msgs/lib/python2.7/dist-packages:${PYTHONPATH} ROS_PACKAGE_PATH=/home/agilex/autoware.ai/install/autoware_msgs/share:/home/agilex/autoware.ai/install/autoware_build_flags/share:${ROS_PACKAGE_PATH} /usr/bin/cmake /home/agilex/autoware.ai/src/autoware/core_perception/range_vision_fusion -DCMAKE_BUILD_TYPE=Release -DCATKIN_INSTALL_INTO_PREFIX_ROOT=0 -DCMAKE_INSTALL_PREFIX=/home/agilex/autoware.ai/install/range_vision_fusion
[0.125s] -- The C compiler identification is GNU 7.5.0
[0.203s] -- The CXX compiler identification is GNU 7.5.0
[0.207s] -- Check for working C compiler: /usr/bin/cc
[0.266s] -- Check for working C compiler: /usr/bin/cc -- works
[0.267s] -- Detecting C compiler ABI info
[0.325s] -- Detecting C compiler ABI info - done
[0.333s] -- Detecting C compile features
[0.518s] -- Detecting C compile features - done
[0.521s] -- Check for working CXX compiler: /usr/bin/c++
[0.586s] -- Check for working CXX compiler: /usr/bin/c++ -- works
[0.586s] -- Detecting CXX compiler ABI info
[0.671s] -- Detecting CXX compiler ABI info - done
[0.682s] -- Detecting CXX compile features
[0.991s] -- Detecting CXX compile features - done
[0.993s] -- CUDA compilation status: .
[1.049s] -- Using CATKIN_DEVEL_PREFIX: /home/agilex/autoware.ai/build/range_vision_fusion/devel
[1.049s] -- Using CMAKE_PREFIX_PATH: /home/agilex/autoware.ai/install/autoware_msgs;/home/agilex/autoware.ai/install/autoware_build_flags;/opt/ros/melodic
[1.050s] -- This workspace overlays: /home/agilex/autoware.ai/install/autoware_msgs;/home/agilex/autoware.ai/install/autoware_build_flags;/opt/ros/melodic
[1.064s] -- Found PythonInterp: /usr/bin/python2 (found suitable version "2.7.17", minimum required is "2") 
[1.064s] -- Using PYTHON_EXECUTABLE: /usr/bin/python2
[1.064s] -- Using Debian Python package layout
[1.065s] -- Using empy: /usr/bin/empy
[1.228s] -- Using CATKIN_ENABLE_TESTING: ON
[1.229s] -- Call enable_testing()
[1.230s] -- Using CATKIN_TEST_RESULTS_DIR: /home/agilex/autoware.ai/build/range_vision_fusion/test_results
[1.250s] -- Found gtest sources under '/usr/src/googletest': gtests will be built
[1.251s] -- Found gmock sources under '/usr/src/googletest': gmock will be built
[1.303s] -- Found PythonInterp: /usr/bin/python2 (found version "2.7.17") 
[1.304s] -- Looking for pthread.h
[1.451s] -- Looking for pthread.h - found
[1.451s] -- Looking for pthread_create
[1.512s] -- Looking for pthread_create - not found
[1.512s] -- Looking for pthread_create in pthreads
[1.619s] -- Looking for pthread_create in pthreads - not found
[1.619s] -- Looking for pthread_create in pthread
[1.702s] -- Looking for pthread_create in pthread - found
[1.703s] -- Found Threads: TRUE  
[1.706s] -- Using Python nosetests: /usr/bin/nosetests-2.7
[1.746s] -- catkin 0.7.29
[1.746s] -- BUILD_SHARED_LIBS is on
[1.844s] -- Using these message generators: gencpp;geneus;genlisp;gennodejs;genpy
[3.077s] -- Found OpenCV: /usr (found version "3.2.0") 
[3.084s] -- Found OpenGL: /usr/lib/x86_64-linux-gnu/libOpenGL.so   
[3.091s] -- Found PkgConfig: /usr/bin/pkg-config (found version "0.29.1") 
[3.095s] -- Checking for module 'yaml-cpp'
[3.116s] --   Found yaml-cpp, version 0.5.2
[3.321s] -- Configuring done
[3.424s] -- Generating done
[3.435s] -- Build files have been written to: /home/agilex/autoware.ai/build/range_vision_fusion
[3.444s] Invoked command in '/home/agilex/autoware.ai/build/range_vision_fusion' returned '0': CMAKE_PREFIX_PATH=/home/agilex/autoware.ai/install/autoware_msgs:/home/agilex/autoware.ai/install/autoware_build_flags:${CMAKE_PREFIX_PATH} PKG_CONFIG_PATH=/home/agilex/autoware.ai/install/autoware_msgs/lib/x86_64-linux-gnu/pkgconfig:/home/agilex/autoware.ai/install/autoware_msgs/lib/pkgconfig:/home/agilex/autoware.ai/install/autoware_build_flags/lib/x86_64-linux-gnu/pkgconfig:/home/agilex/autoware.ai/install/autoware_build_flags/lib/pkgconfig:${PKG_CONFIG_PATH} PYTHONPATH=/home/agilex/autoware.ai/install/autoware_msgs/lib/python2.7/dist-packages:${PYTHONPATH} ROS_PACKAGE_PATH=/home/agilex/autoware.ai/install/autoware_msgs/share:/home/agilex/autoware.ai/install/autoware_build_flags/share:${ROS_PACKAGE_PATH} /usr/bin/cmake /home/agilex/autoware.ai/src/autoware/core_perception/range_vision_fusion -DCMAKE_BUILD_TYPE=Release -DCATKIN_INSTALL_INTO_PREFIX_ROOT=0 -DCMAKE_INSTALL_PREFIX=/home/agilex/autoware.ai/install/range_vision_fusion
[3.445s] Invoking command in '/home/agilex/autoware.ai/build/range_vision_fusion': CMAKE_PREFIX_PATH=/home/agilex/autoware.ai/install/autoware_msgs:/home/agilex/autoware.ai/install/autoware_build_flags:${CMAKE_PREFIX_PATH} PKG_CONFIG_PATH=/home/agilex/autoware.ai/install/autoware_msgs/lib/x86_64-linux-gnu/pkgconfig:/home/agilex/autoware.ai/install/autoware_msgs/lib/pkgconfig:/home/agilex/autoware.ai/install/autoware_build_flags/lib/x86_64-linux-gnu/pkgconfig:/home/agilex/autoware.ai/install/autoware_build_flags/lib/pkgconfig:${PKG_CONFIG_PATH} PYTHONPATH=/home/agilex/autoware.ai/install/autoware_msgs/lib/python2.7/dist-packages:${PYTHONPATH} ROS_PACKAGE_PATH=/home/agilex/autoware.ai/install/autoware_msgs/share:/home/agilex/autoware.ai/install/autoware_build_flags/share:${ROS_PACKAGE_PATH} /usr/bin/cmake --build /home/agilex/autoware.ai/build/range_vision_fusion -- -j8 -l8
[3.489s] [35m[1mScanning dependencies of target dynamic_reconfigure_generate_messages_cpp[0m
[3.498s] [  0%] Built target dynamic_reconfigure_generate_messages_cpp
[3.507s] [35m[1mScanning dependencies of target visualization_msgs_generate_messages_eus[0m
[3.516s] [  0%] Built target visualization_msgs_generate_messages_eus
[3.525s] [35m[1mScanning dependencies of target topic_tools_generate_messages_nodejs[0m
[3.535s] [  0%] Built target topic_tools_generate_messages_nodejs
[3.544s] [35m[1mScanning dependencies of target pcl_msgs_generate_messages_cpp[0m
[3.553s] [  0%] Built target pcl_msgs_generate_messages_cpp
[3.563s] [35m[1mScanning dependencies of target dynamic_reconfigure_generate_messages_lisp[0m
[3.573s] [  0%] Built target dynamic_reconfigure_generate_messages_lisp
[3.583s] [35m[1mScanning dependencies of target topic_tools_generate_messages_lisp[0m
[3.593s] [  0%] Built target topic_tools_generate_messages_lisp
[3.602s] [35m[1mScanning dependencies of target jsk_recognition_msgs_generate_messages_cpp[0m
[3.613s] [  0%] Built target jsk_recognition_msgs_generate_messages_cpp
[3.622s] [35m[1mScanning dependencies of target sensor_msgs_generate_messages_lisp[0m
[3.631s] [  0%] Built target sensor_msgs_generate_messages_lisp
[3.641s] [35m[1mScanning dependencies of target std_srvs_generate_messages_cpp[0m
[3.650s] [  0%] Built target std_srvs_generate_messages_cpp
[3.659s] [35m[1mScanning dependencies of target autoware_msgs_generate_messages_eus[0m
[3.673s] [  0%] Built target autoware_msgs_generate_messages_eus
[3.682s] [35m[1mScanning dependencies of target autoware_msgs_generate_messages_nodejs[0m
[3.691s] [  0%] Built target autoware_msgs_generate_messages_nodejs
[3.708s] [35m[1mScanning dependencies of target visualization_msgs_generate_messages_lisp[0m
[3.717s] [  0%] Built target visualization_msgs_generate_messages_lisp
[3.725s] [35m[1mScanning dependencies of target std_msgs_generate_messages_eus[0m
[3.734s] [  0%] Built target std_msgs_generate_messages_eus
[3.743s] [35m[1mScanning dependencies of target geometry_msgs_generate_messages_eus[0m
[3.755s] [  0%] Built target geometry_msgs_generate_messages_eus
[3.766s] [35m[1mScanning dependencies of target std_msgs_generate_messages_nodejs[0m
[3.775s] [  0%] Built target std_msgs_generate_messages_nodejs
[3.784s] [35m[1mScanning dependencies of target sensor_msgs_generate_messages_eus[0m
[3.793s] [  0%] Built target sensor_msgs_generate_messages_eus
[3.802s] [35m[1mScanning dependencies of target std_srvs_generate_messages_lisp[0m
[3.810s] [  0%] Built target std_srvs_generate_messages_lisp
[3.819s] [35m[1mScanning dependencies of target roscpp_generate_messages_nodejs[0m
[3.827s] [  0%] Built target roscpp_generate_messages_nodejs
[3.838s] [35m[1mScanning dependencies of target std_msgs_generate_messages_lisp[0m
[3.850s] [  0%] Built target std_msgs_generate_messages_lisp
[3.861s] [35m[1mScanning dependencies of target sensor_msgs_generate_messages_cpp[0m
[3.869s] [  0%] Built target sensor_msgs_generate_messages_cpp
[3.882s] [35m[1mScanning dependencies of target actionlib_msgs_generate_messages_lisp[0m
[3.893s] [  0%] Built target actionlib_msgs_generate_messages_lisp
[3.906s] [35m[1mScanning dependencies of target topic_tools_generate_messages_py[0m
[3.915s] [  0%] Built target topic_tools_generate_messages_py
[3.925s] [35m[1mScanning dependencies of target nodelet_topic_tools_gencfg[0m
[3.934s] [  0%] Built target nodelet_topic_tools_gencfg
[3.943s] [35m[1mScanning dependencies of target actionlib_msgs_generate_messages_nodejs[0m
[3.952s] [  0%] Built target actionlib_msgs_generate_messages_nodejs
[3.962s] [35m[1mScanning dependencies of target geometry_msgs_generate_messages_nodejs[0m
[3.970s] [  0%] Built target geometry_msgs_generate_messages_nodejs
[3.979s] [35m[1mScanning dependencies of target std_srvs_generate_messages_eus[0m
[3.987s] [  0%] Built target std_srvs_generate_messages_eus
[3.996s] [35m[1mScanning dependencies of target jsk_recognition_msgs_generate_messages_nodejs[0m
[4.005s] [  0%] Built target jsk_recognition_msgs_generate_messages_nodejs
[4.014s] [35m[1mScanning dependencies of target roscpp_generate_messages_lisp[0m
[4.023s] [  0%] Built target roscpp_generate_messages_lisp
[4.032s] [35m[1mScanning dependencies of target roscpp_generate_messages_py[0m
[4.041s] [  0%] Built target roscpp_generate_messages_py
[4.050s] [35m[1mScanning dependencies of target jsk_topic_tools_generate_messages_nodejs[0m
[4.059s] [  0%] Built target jsk_topic_tools_generate_messages_nodejs
[4.068s] [35m[1mScanning dependencies of target rosgraph_msgs_generate_messages_lisp[0m
[4.078s] [  0%] Built target rosgraph_msgs_generate_messages_lisp
[4.087s] [35m[1mScanning dependencies of target rosgraph_msgs_generate_messages_nodejs[0m
[4.096s] [  0%] Built target rosgraph_msgs_generate_messages_nodejs
[4.105s] [35m[1mScanning dependencies of target actionlib_msgs_generate_messages_eus[0m
[4.115s] [  0%] Built target actionlib_msgs_generate_messages_eus
[4.124s] [35m[1mScanning dependencies of target roscpp_generate_messages_eus[0m
[4.134s] [  0%] Built target roscpp_generate_messages_eus
[4.143s] [35m[1mScanning dependencies of target rosgraph_msgs_generate_messages_py[0m
[4.153s] [  0%] Built target rosgraph_msgs_generate_messages_py
[4.162s] [35m[1mScanning dependencies of target jsk_recognition_utils_gencfg[0m
[4.179s] [  0%] Built target jsk_recognition_utils_gencfg
[4.188s] [35m[1mScanning dependencies of target jsk_footstep_msgs_generate_messages_cpp[0m
[4.198s] [  0%] Built target jsk_footstep_msgs_generate_messages_cpp
[4.207s] [35m[1mScanning dependencies of target actionlib_msgs_generate_messages_cpp[0m
[4.216s] [  0%] Built target actionlib_msgs_generate_messages_cpp
[4.225s] [35m[1mScanning dependencies of target tf_generate_messages_eus[0m
[4.234s] [  0%] Built target tf_generate_messages_eus
[4.243s] [35m[1mScanning dependencies of target tf_generate_messages_lisp[0m
[4.252s] [  0%] Built target tf_generate_messages_lisp
[4.267s] [35m[1mScanning dependencies of target tf_generate_messages_nodejs[0m
[4.278s] [  0%] Built target tf_generate_messages_nodejs
[4.287s] [35m[1mScanning dependencies of target pcl_msgs_generate_messages_py[0m
[4.298s] [  0%] Built target pcl_msgs_generate_messages_py
[4.307s] [35m[1mScanning dependencies of target actionlib_generate_messages_eus[0m
[4.317s] [  0%] Built target actionlib_generate_messages_eus
[4.326s] [35m[1mScanning dependencies of target geometry_msgs_generate_messages_cpp[0m
[4.335s] [  0%] Built target geometry_msgs_generate_messages_cpp
[4.344s] [35m[1mScanning dependencies of target actionlib_generate_messages_lisp[0m
[4.354s] [  0%] Built target actionlib_generate_messages_lisp
[4.366s] [35m[1mScanning dependencies of target pcl_msgs_generate_messages_lisp[0m
[4.375s] [  0%] Built target pcl_msgs_generate_messages_lisp
[4.384s] [35m[1mScanning dependencies of target tf_generate_messages_cpp[0m
[4.394s] [  0%] Built target tf_generate_messages_cpp
[4.403s] [35m[1mScanning dependencies of target actionlib_generate_messages_nodejs[0m
[4.413s] [  0%] Built target actionlib_generate_messages_nodejs
[4.423s] [35m[1mScanning dependencies of target pcl_ros_gencfg[0m
[4.435s] [  0%] Built target pcl_ros_gencfg
[4.443s] [35m[1mScanning dependencies of target visualization_msgs_generate_messages_cpp[0m
[4.452s] [  0%] Built target visualization_msgs_generate_messages_cpp
[4.461s] [35m[1mScanning dependencies of target tf2_msgs_generate_messages_eus[0m
[4.472s] [  0%] Built target tf2_msgs_generate_messages_eus
[4.481s] [35m[1mScanning dependencies of target dynamic_reconfigure_gencfg[0m
[4.489s] [  0%] Built target dynamic_reconfigure_gencfg
[4.498s] [35m[1mScanning dependencies of target tf2_msgs_generate_messages_lisp[0m
[4.507s] [  0%] Built target tf2_msgs_generate_messages_lisp
[4.516s] [35m[1mScanning dependencies of target actionlib_generate_messages_py[0m
[4.524s] [  0%] Built target actionlib_generate_messages_py
[4.535s] [35m[1mScanning dependencies of target tf2_msgs_generate_messages_py[0m
[4.544s] [  0%] Built target tf2_msgs_generate_messages_py
[4.553s] [35m[1mScanning dependencies of target tf2_msgs_generate_messages_nodejs[0m
[4.565s] [  0%] Built target tf2_msgs_generate_messages_nodejs
[4.574s] [35m[1mScanning dependencies of target dynamic_reconfigure_generate_messages_eus[0m
[4.583s] [  0%] Built target dynamic_reconfigure_generate_messages_eus
[4.593s] [35m[1mScanning dependencies of target dynamic_reconfigure_generate_messages_nodejs[0m
[4.602s] [  0%] Built target dynamic_reconfigure_generate_messages_nodejs
[4.612s] [35m[1mScanning dependencies of target dynamic_reconfigure_generate_messages_py[0m
[4.621s] [  0%] Built target dynamic_reconfigure_generate_messages_py
[4.631s] [35m[1mScanning dependencies of target topic_tools_generate_messages_eus[0m
[4.640s] [  0%] Built target topic_tools_generate_messages_eus
[4.649s] [35m[1mScanning dependencies of target topic_tools_generate_messages_cpp[0m
[4.661s] [  0%] Built target topic_tools_generate_messages_cpp
[4.670s] [35m[1mScanning dependencies of target std_srvs_generate_messages_py[0m
[4.679s] [  0%] Built target std_srvs_generate_messages_py
[4.688s] [35m[1mScanning dependencies of target std_srvs_generate_messages_nodejs[0m
[4.698s] [  0%] Built target std_srvs_generate_messages_nodejs
[4.707s] [35m[1mScanning dependencies of target bond_generate_messages_py[0m
[4.716s] [  0%] Built target bond_generate_messages_py
[4.725s] [35m[1mScanning dependencies of target bond_generate_messages_nodejs[0m
[4.735s] [  0%] Built target bond_generate_messages_nodejs
[4.744s] [35m[1mScanning dependencies of target bond_generate_messages_lisp[0m
[4.753s] [  0%] Built target bond_generate_messages_lisp
[4.763s] [35m[1mScanning dependencies of target bond_generate_messages_eus[0m
[4.773s] [  0%] Built target bond_generate_messages_eus
[4.782s] [35m[1mScanning dependencies of target bond_generate_messages_cpp[0m
[4.792s] [  0%] Built target bond_generate_messages_cpp
[4.800s] [35m[1mScanning dependencies of target nodelet_generate_messages_nodejs[0m
[4.808s] [  0%] Built target nodelet_generate_messages_nodejs
[4.817s] [35m[1mScanning dependencies of target nodelet_generate_messages_eus[0m
[4.836s] [  0%] Built target nodelet_generate_messages_eus
[4.845s] [35m[1mScanning dependencies of target nodelet_generate_messages_cpp[0m
[4.857s] [  0%] Built target nodelet_generate_messages_cpp
[4.867s] [35m[1mScanning dependencies of target jsk_footstep_msgs_generate_messages_nodejs[0m
[4.877s] [  0%] Built target jsk_footstep_msgs_generate_messages_nodejs
[4.888s] [35m[1mScanning dependencies of target jsk_footstep_msgs_generate_messages_lisp[0m
[4.897s] [  0%] Built target jsk_footstep_msgs_generate_messages_lisp
[4.906s] [35m[1mScanning dependencies of target jsk_footstep_msgs_generate_messages_eus[0m
[4.917s] [  0%] Built target jsk_footstep_msgs_generate_messages_eus
[4.927s] [35m[1mScanning dependencies of target jsk_topic_tools_generate_messages_eus[0m
[4.936s] [  0%] Built target jsk_topic_tools_generate_messages_eus
[4.946s] [35m[1mScanning dependencies of target actionlib_msgs_generate_messages_py[0m
[4.955s] [  0%] Built target actionlib_msgs_generate_messages_py
[4.967s] [35m[1mScanning dependencies of target geometry_msgs_generate_messages_py[0m
[4.977s] [  0%] Built target geometry_msgs_generate_messages_py
[4.986s] [35m[1mScanning dependencies of target pcl_msgs_generate_messages_nodejs[0m
[4.996s] [  0%] Built target pcl_msgs_generate_messages_nodejs
[5.005s] [35m[1mScanning dependencies of target jsk_recognition_msgs_generate_messages_py[0m
[5.014s] [  0%] Built target jsk_recognition_msgs_generate_messages_py
[5.023s] [35m[1mScanning dependencies of target pcl_msgs_generate_messages_eus[0m
[5.032s] [  0%] Built target pcl_msgs_generate_messages_eus
[5.041s] [35m[1mScanning dependencies of target rosgraph_msgs_generate_messages_eus[0m
[5.050s] [  0%] Built target rosgraph_msgs_generate_messages_eus
[5.059s] [35m[1mScanning dependencies of target jsk_recognition_msgs_generate_messages_lisp[0m
[5.068s] [  0%] Built target jsk_recognition_msgs_generate_messages_lisp
[5.077s] [35m[1mScanning dependencies of target jsk_recognition_msgs_generate_messages_eus[0m
[5.087s] [  0%] Built target jsk_recognition_msgs_generate_messages_eus
[5.096s] [35m[1mScanning dependencies of target tf2_msgs_generate_messages_cpp[0m
[5.106s] [  0%] Built target tf2_msgs_generate_messages_cpp
[5.117s] [35m[1mScanning dependencies of target nodelet_generate_messages_py[0m
[5.126s] [  0%] Built target nodelet_generate_messages_py
[5.136s] [35m[1mScanning dependencies of target sensor_msgs_generate_messages_py[0m
[5.145s] [  0%] Built target sensor_msgs_generate_messages_py
[5.154s] [35m[1mScanning dependencies of target sensor_msgs_generate_messages_nodejs[0m
[5.163s] [  0%] Built target sensor_msgs_generate_messages_nodejs
[5.175s] [35m[1mScanning dependencies of target roscpp_generate_messages_cpp[0m
[5.184s] [  0%] Built target roscpp_generate_messages_cpp
[5.195s] [35m[1mScanning dependencies of target actionlib_generate_messages_cpp[0m
[5.205s] [  0%] Built target actionlib_generate_messages_cpp
[5.214s] [35m[1mScanning dependencies of target autoware_msgs_generate_messages_lisp[0m
[5.223s] [  0%] Built target autoware_msgs_generate_messages_lisp
[5.233s] [35m[1mScanning dependencies of target jsk_footstep_msgs_generate_messages_py[0m
[5.243s] [  0%] Built target jsk_footstep_msgs_generate_messages_py
[5.253s] [35m[1mScanning dependencies of target std_msgs_generate_messages_cpp[0m
[5.263s] [  0%] Built target std_msgs_generate_messages_cpp
[5.272s] [35m[1mScanning dependencies of target geometry_msgs_generate_messages_lisp[0m
[5.281s] [  0%] Built target geometry_msgs_generate_messages_lisp
[5.290s] [35m[1mScanning dependencies of target nodelet_generate_messages_lisp[0m
[5.298s] [  0%] Built target nodelet_generate_messages_lisp
[5.307s] [35m[1mScanning dependencies of target autoware_msgs_generate_messages_py[0m
[5.318s] [  0%] Built target autoware_msgs_generate_messages_py
[5.326s] [35m[1mScanning dependencies of target std_msgs_generate_messages_py[0m
[5.335s] [  0%] Built target std_msgs_generate_messages_py
[5.344s] [35m[1mScanning dependencies of target autoware_msgs_generate_messages_cpp[0m
[5.353s] [  0%] Built target autoware_msgs_generate_messages_cpp
[5.365s] [35m[1mScanning dependencies of target rosgraph_msgs_generate_messages_cpp[0m
[5.373s] [  0%] Built target rosgraph_msgs_generate_messages_cpp
[5.382s] [35m[1mScanning dependencies of target tf_generate_messages_py[0m
[5.391s] [  0%] Built target tf_generate_messages_py
[5.400s] [35m[1mScanning dependencies of target visualization_msgs_generate_messages_nodejs[0m
[5.409s] [  0%] Built target visualization_msgs_generate_messages_nodejs
[5.419s] [35m[1mScanning dependencies of target visualization_msgs_generate_messages_py[0m
[5.430s] [  0%] Built target visualization_msgs_generate_messages_py
[5.439s] [35m[1mScanning dependencies of target jsk_topic_tools_gencfg[0m
[5.448s] [  0%] Built target jsk_topic_tools_gencfg
[5.458s] [35m[1mScanning dependencies of target jsk_topic_tools_generate_messages_cpp[0m
[5.467s] [  0%] Built target jsk_topic_tools_generate_messages_cpp
[5.476s] [35m[1mScanning dependencies of target jsk_topic_tools_generate_messages_lisp[0m
[5.485s] [  0%] Built target jsk_topic_tools_generate_messages_lisp
[5.495s] [35m[1mScanning dependencies of target jsk_topic_tools_generate_messages_py[0m
[5.504s] [  0%] Built target jsk_topic_tools_generate_messages_py
[5.515s] [35m[1mScanning dependencies of target range_vision_fusion_lib[0m
[5.596s] [ 25%] [32mBuilding CXX object CMakeFiles/range_vision_fusion_lib.dir/src/range_vision_fusion.cpp.o[0m
[18.755s] In file included from [01m[K/usr/include/pcl-1.8/pcl/sample_consensus/sac_model.h:52:0[m[K,
[18.755s]                  from [01m[K/usr/include/pcl-1.8/pcl/sample_consensus/sac_model_plane.h:44[m[K,
[18.755s]                  from [01m[K/usr/include/pcl-1.8/pcl/segmentation/extract_polygonal_prism_data.h:42[m[K,
[18.755s]                  from [01m[K/opt/ros/melodic/include/jsk_recognition_utils/geo/convex_polygon.h:40[m[K,
[18.755s]                  from [01m[K/opt/ros/melodic/include/jsk_recognition_utils/geo/cube.h:40[m[K,
[18.755s]                  from [01m[K/home/agilex/autoware.ai/src/autoware/core_perception/range_vision_fusion/include/range_vision_fusion/range_vision_fusion.h:41[m[K,
[18.756s]                  from [01m[K/home/agilex/autoware.ai/src/autoware/core_perception/range_vision_fusion/src/range_vision_fusion.cpp:23[m[K:
[18.756s] [01m[K/usr/include/pcl-1.8/pcl/sample_consensus/model_types.h:[m[K In function '[01m[Kvoid __static_initialization_and_destruction_0(int, int)[m[K':
[18.756s] [01m[K/usr/include/pcl-1.8/pcl/sample_consensus/model_types.h:99:3:[m[K [01;35m[Kwarning: [m[K'[01m[Kpcl::SAC_SAMPLE_SIZE[m[K' is deprecated: This map is deprecated and is kept only to prevent breaking existing user code. Starting from PCL 1.8.0 model sample size is a protected member of the SampleConsensusModel class [[01;35m[K-Wdeprecated-declarations[m[K]
[18.756s]    [01;35m[KSAC_SAMPLE_SIZE[m[K (sample_size_pairs, sample_size_pairs + sizeof (sample_size_pairs) / sizeof (SampleSizeModel));
[18.756s]    [01;35m[K^~~~~~~~~~~~~~~[m[K
[18.756s] [01m[K/usr/include/pcl-1.8/pcl/sample_consensus/model_types.h:99:3:[m[K [01;36m[Knote: [m[Kdeclared here
[25.658s] [ 50%] [32m[1mLinking CXX shared library devel/lib/librange_vision_fusion_lib.so[0m
[26.148s] [ 50%] Built target range_vision_fusion_lib
[26.158s] [35m[1mScanning dependencies of target range_vision_fusion[0m
[26.256s] [ 75%] [32mBuilding CXX object CMakeFiles/range_vision_fusion.dir/src/range_vision_fusion_node.cpp.o[0m
[38.202s] In file included from [01m[K/usr/include/pcl-1.8/pcl/sample_consensus/sac_model.h:52:0[m[K,
[38.203s]                  from [01m[K/usr/include/pcl-1.8/pcl/sample_consensus/sac_model_plane.h:44[m[K,
[38.203s]                  from [01m[K/usr/include/pcl-1.8/pcl/segmentation/extract_polygonal_prism_data.h:42[m[K,
[38.203s]                  from [01m[K/opt/ros/melodic/include/jsk_recognition_utils/geo/convex_polygon.h:40[m[K,
[38.203s]                  from [01m[K/opt/ros/melodic/include/jsk_recognition_utils/geo/cube.h:40[m[K,
[38.203s]                  from [01m[K/home/agilex/autoware.ai/src/autoware/core_perception/range_vision_fusion/include/range_vision_fusion/range_vision_fusion.h:41[m[K,
[38.203s]                  from [01m[K/home/agilex/autoware.ai/src/autoware/core_perception/range_vision_fusion/src/range_vision_fusion_node.cpp:23[m[K:
[38.203s] [01m[K/usr/include/pcl-1.8/pcl/sample_consensus/model_types.h:[m[K In function '[01m[Kvoid __static_initialization_and_destruction_0(int, int)[m[K':
[38.203s] [01m[K/usr/include/pcl-1.8/pcl/sample_consensus/model_types.h:99:3:[m[K [01;35m[Kwarning: [m[K'[01m[Kpcl::SAC_SAMPLE_SIZE[m[K' is deprecated: This map is deprecated and is kept only to prevent breaking existing user code. Starting from PCL 1.8.0 model sample size is a protected member of the SampleConsensusModel class [[01;35m[K-Wdeprecated-declarations[m[K]
[38.203s]    [01;35m[KSAC_SAMPLE_SIZE[m[K (sample_size_pairs, sample_size_pairs + sizeof (sample_size_pairs) / sizeof (SampleSizeModel));
[38.203s]    [01;35m[K^~~~~~~~~~~~~~~[m[K
[38.203s] [01m[K/usr/include/pcl-1.8/pcl/sample_consensus/model_types.h:99:3:[m[K [01;36m[Knote: [m[Kdeclared here
[39.835s] [100%] [32m[1mLinking CXX executable devel/lib/range_vision_fusion/range_vision_fusion[0m
[40.957s] [100%] Built target range_vision_fusion
[40.981s] Invoked command in '/home/agilex/autoware.ai/build/range_vision_fusion' returned '0': CMAKE_PREFIX_PATH=/home/agilex/autoware.ai/install/autoware_msgs:/home/agilex/autoware.ai/install/autoware_build_flags:${CMAKE_PREFIX_PATH} PKG_CONFIG_PATH=/home/agilex/autoware.ai/install/autoware_msgs/lib/x86_64-linux-gnu/pkgconfig:/home/agilex/autoware.ai/install/autoware_msgs/lib/pkgconfig:/home/agilex/autoware.ai/install/autoware_build_flags/lib/x86_64-linux-gnu/pkgconfig:/home/agilex/autoware.ai/install/autoware_build_flags/lib/pkgconfig:${PKG_CONFIG_PATH} PYTHONPATH=/home/agilex/autoware.ai/install/autoware_msgs/lib/python2.7/dist-packages:${PYTHONPATH} ROS_PACKAGE_PATH=/home/agilex/autoware.ai/install/autoware_msgs/share:/home/agilex/autoware.ai/install/autoware_build_flags/share:${ROS_PACKAGE_PATH} /usr/bin/cmake --build /home/agilex/autoware.ai/build/range_vision_fusion -- -j8 -l8
[41.357s] Invoking command in '/home/agilex/autoware.ai/build/range_vision_fusion': CMAKE_PREFIX_PATH=/home/agilex/autoware.ai/install/autoware_msgs:/home/agilex/autoware.ai/install/autoware_build_flags:${CMAKE_PREFIX_PATH} PKG_CONFIG_PATH=/home/agilex/autoware.ai/install/autoware_msgs/lib/x86_64-linux-gnu/pkgconfig:/home/agilex/autoware.ai/install/autoware_msgs/lib/pkgconfig:/home/agilex/autoware.ai/install/autoware_build_flags/lib/x86_64-linux-gnu/pkgconfig:/home/agilex/autoware.ai/install/autoware_build_flags/lib/pkgconfig:${PKG_CONFIG_PATH} PYTHONPATH=/home/agilex/autoware.ai/install/autoware_msgs/lib/python2.7/dist-packages:${PYTHONPATH} ROS_PACKAGE_PATH=/home/agilex/autoware.ai/install/autoware_msgs/share:/home/agilex/autoware.ai/install/autoware_build_flags/share:${ROS_PACKAGE_PATH} /usr/bin/cmake --build /home/agilex/autoware.ai/build/range_vision_fusion --target tests -- -j8 -l8
[41.481s] [35m[1mScanning dependencies of target tests[0m
[41.493s] Built target tests
[41.505s] Invoked command in '/home/agilex/autoware.ai/build/range_vision_fusion' returned '0': CMAKE_PREFIX_PATH=/home/agilex/autoware.ai/install/autoware_msgs:/home/agilex/autoware.ai/install/autoware_build_flags:${CMAKE_PREFIX_PATH} PKG_CONFIG_PATH=/home/agilex/autoware.ai/install/autoware_msgs/lib/x86_64-linux-gnu/pkgconfig:/home/agilex/autoware.ai/install/autoware_msgs/lib/pkgconfig:/home/agilex/autoware.ai/install/autoware_build_flags/lib/x86_64-linux-gnu/pkgconfig:/home/agilex/autoware.ai/install/autoware_build_flags/lib/pkgconfig:${PKG_CONFIG_PATH} PYTHONPATH=/home/agilex/autoware.ai/install/autoware_msgs/lib/python2.7/dist-packages:${PYTHONPATH} ROS_PACKAGE_PATH=/home/agilex/autoware.ai/install/autoware_msgs/share:/home/agilex/autoware.ai/install/autoware_build_flags/share:${ROS_PACKAGE_PATH} /usr/bin/cmake --build /home/agilex/autoware.ai/build/range_vision_fusion --target tests -- -j8 -l8
[41.799s] Invoking command in '/home/agilex/autoware.ai/build/range_vision_fusion': CMAKE_PREFIX_PATH=/home/agilex/autoware.ai/install/autoware_msgs:/home/agilex/autoware.ai/install/autoware_build_flags:${CMAKE_PREFIX_PATH} PKG_CONFIG_PATH=/home/agilex/autoware.ai/install/autoware_msgs/lib/x86_64-linux-gnu/pkgconfig:/home/agilex/autoware.ai/install/autoware_msgs/lib/pkgconfig:/home/agilex/autoware.ai/install/autoware_build_flags/lib/x86_64-linux-gnu/pkgconfig:/home/agilex/autoware.ai/install/autoware_build_flags/lib/pkgconfig:${PKG_CONFIG_PATH} PYTHONPATH=/home/agilex/autoware.ai/install/autoware_msgs/lib/python2.7/dist-packages:${PYTHONPATH} ROS_PACKAGE_PATH=/home/agilex/autoware.ai/install/autoware_msgs/share:/home/agilex/autoware.ai/install/autoware_build_flags/share:${ROS_PACKAGE_PATH} /usr/bin/cmake --build /home/agilex/autoware.ai/build/range_vision_fusion --target install -- -j8 -l8
[41.852s] [  0%] Built target dynamic_reconfigure_generate_messages_cpp
[41.875s] [  0%] Built target visualization_msgs_generate_messages_eus
[41.899s] [  0%] Built target topic_tools_generate_messages_nodejs
[41.915s] [  0%] Built target pcl_msgs_generate_messages_cpp
[41.935s] [  0%] Built target dynamic_reconfigure_generate_messages_lisp
[41.952s] [  0%] Built target topic_tools_generate_messages_lisp
[41.970s] [  0%] Built target jsk_recognition_msgs_generate_messages_cpp
[41.987s] [  0%] Built target sensor_msgs_generate_messages_lisp
[42.005s] [  0%] Built target std_srvs_generate_messages_cpp
[42.022s] [  0%] Built target autoware_msgs_generate_messages_eus
[42.040s] [  0%] Built target autoware_msgs_generate_messages_nodejs
[42.060s] [  0%] Built target visualization_msgs_generate_messages_lisp
[42.079s] [  0%] Built target std_msgs_generate_messages_eus
[42.098s] [  0%] Built target geometry_msgs_generate_messages_eus
[42.115s] [  0%] Built target std_msgs_generate_messages_nodejs
[42.133s] [  0%] Built target sensor_msgs_generate_messages_eus
[42.150s] [  0%] Built target std_srvs_generate_messages_lisp
[42.172s] [  0%] Built target roscpp_generate_messages_nodejs
[42.191s] [  0%] Built target std_msgs_generate_messages_lisp
[42.209s] [  0%] Built target sensor_msgs_generate_messages_cpp
[42.230s] [  0%] Built target actionlib_msgs_generate_messages_lisp
[42.244s] [  0%] Built target topic_tools_generate_messages_py
[42.262s] [  0%] Built target nodelet_topic_tools_gencfg
[42.281s] [  0%] Built target actionlib_msgs_generate_messages_nodejs
[42.304s] [  0%] Built target geometry_msgs_generate_messages_nodejs
[42.325s] [  0%] Built target std_srvs_generate_messages_eus
[42.350s] [  0%] Built target jsk_recognition_msgs_generate_messages_nodejs
[42.367s] [  0%] Built target roscpp_generate_messages_lisp
[42.387s] [  0%] Built target roscpp_generate_messages_py
[42.406s] [  0%] Built target jsk_topic_tools_generate_messages_nodejs
[42.423s] [  0%] Built target rosgraph_msgs_generate_messages_lisp
[42.440s] [  0%] Built target rosgraph_msgs_generate_messages_nodejs
[42.460s] [  0%] Built target actionlib_msgs_generate_messages_eus
[42.484s] [  0%] Built target roscpp_generate_messages_eus
[42.501s] [  0%] Built target rosgraph_msgs_generate_messages_py
[42.522s] [  0%] Built target jsk_recognition_utils_gencfg
[42.538s] [  0%] Built target jsk_footstep_msgs_generate_messages_cpp
[42.558s] [  0%] Built target actionlib_msgs_generate_messages_cpp
[42.577s] [  0%] Built target tf_generate_messages_eus
[42.599s] [  0%] Built target tf_generate_messages_lisp
[42.617s] [  0%] Built target tf_generate_messages_nodejs
[42.634s] [  0%] Built target pcl_msgs_generate_messages_py
[42.654s] [  0%] Built target actionlib_generate_messages_eus
[42.671s] [  0%] Built target geometry_msgs_generate_messages_cpp
[42.687s] [  0%] Built target actionlib_generate_messages_lisp
[42.713s] [  0%] Built target pcl_msgs_generate_messages_lisp
[42.735s] [  0%] Built target tf_generate_messages_cpp
[42.751s] [  0%] Built target actionlib_generate_messages_nodejs
[42.768s] [  0%] Built target pcl_ros_gencfg
[42.787s] [  0%] Built target visualization_msgs_generate_messages_cpp
[42.807s] [  0%] Built target tf2_msgs_generate_messages_eus
[42.835s] [  0%] Built target dynamic_reconfigure_gencfg
[42.858s] [  0%] Built target tf2_msgs_generate_messages_lisp
[42.889s] [  0%] Built target actionlib_generate_messages_py
[42.936s] [  0%] Built target tf2_msgs_generate_messages_py
[42.972s] [  0%] Built target tf2_msgs_generate_messages_nodejs
[43.004s] [  0%] Built target dynamic_reconfigure_generate_messages_eus
[43.045s] [  0%] Built target dynamic_reconfigure_generate_messages_nodejs
[43.070s] [  0%] Built target dynamic_reconfigure_generate_messages_py
[43.096s] [  0%] Built target topic_tools_generate_messages_eus
[43.121s] [  0%] Built target topic_tools_generate_messages_cpp
[43.154s] [  0%] Built target std_srvs_generate_messages_py
[43.186s] [  0%] Built target std_srvs_generate_messages_nodejs
[43.212s] [  0%] Built target bond_generate_messages_py
[43.231s] [  0%] Built target bond_generate_messages_nodejs
[43.252s] [  0%] Built target bond_generate_messages_lisp
[43.285s] [  0%] Built target bond_generate_messages_eus
[43.324s] [  0%] Built target bond_generate_messages_cpp
[43.345s] [  0%] Built target nodelet_generate_messages_nodejs
[43.368s] [  0%] Built target nodelet_generate_messages_eus
[43.396s] [  0%] Built target nodelet_generate_messages_cpp
[43.413s] [  0%] Built target jsk_footstep_msgs_generate_messages_nodejs
[43.438s] [  0%] Built target jsk_footstep_msgs_generate_messages_lisp
[43.461s] [  0%] Built target jsk_footstep_msgs_generate_messages_eus
[43.485s] [  0%] Built target jsk_topic_tools_generate_messages_eus
[43.504s] [  0%] Built target actionlib_msgs_generate_messages_py
[43.530s] [  0%] Built target geometry_msgs_generate_messages_py
[43.559s] [  0%] Built target pcl_msgs_generate_messages_nodejs
[43.587s] [  0%] Built target jsk_recognition_msgs_generate_messages_py
[43.613s] [  0%] Built target pcl_msgs_generate_messages_eus
[43.637s] [  0%] Built target rosgraph_msgs_generate_messages_eus
[43.653s] [  0%] Built target jsk_recognition_msgs_generate_messages_lisp
[43.675s] [  0%] Built target jsk_recognition_msgs_generate_messages_eus
[43.718s] [  0%] Built target tf2_msgs_generate_messages_cpp
[43.745s] [  0%] Built target nodelet_generate_messages_py
[43.768s] [  0%] Built target sensor_msgs_generate_messages_py
[43.787s] [  0%] Built target sensor_msgs_generate_messages_nodejs
[43.805s] [  0%] Built target roscpp_generate_messages_cpp
[43.823s] [  0%] Built target actionlib_generate_messages_cpp
[43.840s] [  0%] Built target autoware_msgs_generate_messages_lisp
[43.858s] [  0%] Built target jsk_footstep_msgs_generate_messages_py
[43.874s] [  0%] Built target std_msgs_generate_messages_cpp
[43.891s] [  0%] Built target geometry_msgs_generate_messages_lisp
[43.907s] [  0%] Built target nodelet_generate_messages_lisp
[43.925s] [  0%] Built target autoware_msgs_generate_messages_py
[43.951s] [  0%] Built target std_msgs_generate_messages_py
[43.967s] [  0%] Built target autoware_msgs_generate_messages_cpp
[43.984s] [  0%] Built target rosgraph_msgs_generate_messages_cpp
[44.002s] [  0%] Built target tf_generate_messages_py
[44.028s] [  0%] Built target visualization_msgs_generate_messages_nodejs
[44.043s] [  0%] Built target visualization_msgs_generate_messages_py
[44.064s] [  0%] Built target jsk_topic_tools_gencfg
[44.081s] [  0%] Built target jsk_topic_tools_generate_messages_cpp
[44.101s] [  0%] Built target jsk_topic_tools_generate_messages_lisp
[44.118s] [  0%] Built target jsk_topic_tools_generate_messages_py
[44.154s] [ 50%] Built target range_vision_fusion_lib
[44.191s] [100%] Built target range_vision_fusion
[44.210s] [36mInstall the project...[0m
[44.218s] -- Install configuration: "Release"
[44.218s] -- Installing: /home/agilex/autoware.ai/install/range_vision_fusion/lib/pkgconfig/range_vision_fusion.pc
[44.219s] -- Installing: /home/agilex/autoware.ai/install/range_vision_fusion/share/range_vision_fusion/cmake/range_vision_fusionConfig.cmake
[44.219s] -- Installing: /home/agilex/autoware.ai/install/range_vision_fusion/share/range_vision_fusion/cmake/range_vision_fusionConfig-version.cmake
[44.219s] -- Installing: /home/agilex/autoware.ai/install/range_vision_fusion/share/range_vision_fusion/package.xml
[44.219s] -- Installing: /home/agilex/autoware.ai/install/range_vision_fusion/lib/range_vision_fusion/range_vision_fusion
[44.220s] -- Set runtime path of "/home/agilex/autoware.ai/install/range_vision_fusion/lib/range_vision_fusion/range_vision_fusion" to ""
[44.220s] -- Installing: /home/agilex/autoware.ai/install/range_vision_fusion/lib/librange_vision_fusion_lib.so
[44.221s] -- Set runtime path of "/home/agilex/autoware.ai/install/range_vision_fusion/lib/librange_vision_fusion_lib.so" to ""
[44.221s] -- Installing: /home/agilex/autoware.ai/install/range_vision_fusion/include/range_vision_fusion
[44.221s] -- Installing: /home/agilex/autoware.ai/install/range_vision_fusion/include/range_vision_fusion/range_vision_fusion.h
[44.221s] -- Installing: /home/agilex/autoware.ai/install/range_vision_fusion/share/range_vision_fusion/launch
[44.221s] -- Installing: /home/agilex/autoware.ai/install/range_vision_fusion/share/range_vision_fusion/launch/range_vision_fusion.launch
[44.226s] Invoked command in '/home/agilex/autoware.ai/build/range_vision_fusion' returned '0': CMAKE_PREFIX_PATH=/home/agilex/autoware.ai/install/autoware_msgs:/home/agilex/autoware.ai/install/autoware_build_flags:${CMAKE_PREFIX_PATH} PKG_CONFIG_PATH=/home/agilex/autoware.ai/install/autoware_msgs/lib/x86_64-linux-gnu/pkgconfig:/home/agilex/autoware.ai/install/autoware_msgs/lib/pkgconfig:/home/agilex/autoware.ai/install/autoware_build_flags/lib/x86_64-linux-gnu/pkgconfig:/home/agilex/autoware.ai/install/autoware_build_flags/lib/pkgconfig:${PKG_CONFIG_PATH} PYTHONPATH=/home/agilex/autoware.ai/install/autoware_msgs/lib/python2.7/dist-packages:${PYTHONPATH} ROS_PACKAGE_PATH=/home/agilex/autoware.ai/install/autoware_msgs/share:/home/agilex/autoware.ai/install/autoware_build_flags/share:${ROS_PACKAGE_PATH} /usr/bin/cmake --build /home/agilex/autoware.ai/build/range_vision_fusion --target install -- -j8 -l8
