[0.033s] Invoking command in '/home/agilex/autoware.ai/build/autoware_config_msgs': /usr/bin/cmake --build /home/agilex/autoware.ai/build/autoware_config_msgs -- -j8 -l8
[0.112s] [  0%] Built target std_msgs_generate_messages_py
[0.168s] [  0%] Built target _autoware_config_msgs_generate_messages_check_deps_ConfigDecisionMaker
[0.179s] [  0%] Built target _autoware_config_msgs_generate_messages_check_deps_ConfigLaneSelect
[0.202s] [  0%] Built target _autoware_config_msgs_generate_messages_check_deps_ConfigNDT
[0.204s] [  0%] Built target _autoware_config_msgs_generate_messages_check_deps_ConfigCarDPM
[0.210s] [  0%] Built target _autoware_config_msgs_generate_messages_check_deps_ConfigNDTMappingOutput
[0.272s] [  0%] Built target _autoware_config_msgs_generate_messages_check_deps_ConfigRingGroundFilter
[0.286s] [  0%] Built target _autoware_config_msgs_generate_messages_check_deps_ConfigPedestrianKF
[0.321s] [  0%] Built target _autoware_config_msgs_generate_messages_check_deps_ConfigLatticeVelocitySet
[0.352s] [  0%] Built target _autoware_config_msgs_generate_messages_check_deps_ConfigWaypointFollower
[0.374s] [  0%] Built target _autoware_config_msgs_generate_messages_check_deps_ConfigTwistFilter
[0.384s] [  0%] Built target _autoware_config_msgs_generate_messages_check_deps_ConfigWaypointReplanner
[0.387s] [  0%] Built target _autoware_config_msgs_generate_messages_check_deps_ConfigRayGroundFilter
[0.393s] [  0%] Built target _autoware_config_msgs_generate_messages_check_deps_ConfigLaneStop
[0.393s] [  0%] Built target _autoware_config_msgs_generate_messages_check_deps_ConfigDistanceFilter
[0.442s] [  0%] Built target _autoware_config_msgs_generate_messages_check_deps_ConfigVoxelGridFilter
[0.471s] [  0%] Built target _autoware_config_msgs_generate_messages_check_deps_ConfigApproximateNDTMapping
[0.471s] [  0%] Built target _autoware_config_msgs_generate_messages_check_deps_ConfigCarKF
[0.473s] [  0%] Built target _autoware_config_msgs_generate_messages_check_deps_ConfigICP
[0.483s] [  0%] Built target _autoware_config_msgs_generate_messages_check_deps_ConfigCarFusion
[0.517s] [  0%] Built target _autoware_config_msgs_generate_messages_check_deps_ConfigPedestrianFusion
[0.521s] [  0%] Built target _autoware_config_msgs_generate_messages_check_deps_ConfigPedestrianDPM
[0.522s] [  0%] Built target _autoware_config_msgs_generate_messages_check_deps_ConfigPlannerSelector
[0.564s] [  0%] Built target _autoware_config_msgs_generate_messages_check_deps_ConfigVelocitySet
[0.569s] [  0%] Built target _autoware_config_msgs_generate_messages_check_deps_ConfigRandomFilter
[0.597s] [  0%] Built target _autoware_config_msgs_generate_messages_check_deps_ConfigLaneRule
[0.610s] [  0%] Built target _autoware_config_msgs_generate_messages_check_deps_ConfigNDTMapping
[0.612s] [  0%] Built target std_msgs_generate_messages_lisp
[0.620s] [  0%] Built target _autoware_config_msgs_generate_messages_check_deps_ConfigPoints2Polygon
[0.627s] [  0%] Built target _autoware_config_msgs_generate_messages_check_deps_ConfigRcnn
[0.656s] [  0%] Built target _autoware_config_msgs_generate_messages_check_deps_ConfigCompareMapFilter
[0.660s] [  0%] Built target _autoware_config_msgs_generate_messages_check_deps_ConfigRingFilter
[0.665s] [  0%] Built target std_msgs_generate_messages_cpp
[0.670s] [  0%] Built target std_msgs_generate_messages_nodejs
[0.675s] [  0%] Built target std_msgs_generate_messages_eus
[0.681s] [  0%] Built target _autoware_config_msgs_generate_messages_check_deps_ConfigSSD
[0.723s] [ 19%] Built target autoware_config_msgs_generate_messages_lisp
[0.741s] [ 38%] Built target autoware_config_msgs_generate_messages_cpp
[0.755s] [ 59%] Built target autoware_config_msgs_generate_messages_nodejs
[0.758s] [ 79%] Built target autoware_config_msgs_generate_messages_py
[0.780s] [100%] Built target autoware_config_msgs_generate_messages_eus
[0.830s] [100%] Built target autoware_config_msgs_generate_messages
[0.866s] Invoked command in '/home/agilex/autoware.ai/build/autoware_config_msgs' returned '0': /usr/bin/cmake --build /home/agilex/autoware.ai/build/autoware_config_msgs -- -j8 -l8
[1.099s] Invoking command in '/home/agilex/autoware.ai/build/autoware_config_msgs': /usr/bin/cmake --build /home/agilex/autoware.ai/build/autoware_config_msgs --target tests -- -j8 -l8
[1.226s] Built target tests
[1.237s] Invoked command in '/home/agilex/autoware.ai/build/autoware_config_msgs' returned '0': /usr/bin/cmake --build /home/agilex/autoware.ai/build/autoware_config_msgs --target tests -- -j8 -l8
[1.325s] Invoking command in '/home/agilex/autoware.ai/build/autoware_config_msgs': /usr/bin/cmake --build /home/agilex/autoware.ai/build/autoware_config_msgs --target install -- -j8 -l8
[1.399s] [  0%] Built target std_msgs_generate_messages_py
[1.405s] [  0%] Built target _autoware_config_msgs_generate_messages_check_deps_ConfigDecisionMaker
[1.414s] [  0%] Built target _autoware_config_msgs_generate_messages_check_deps_ConfigNDTMappingOutput
[1.417s] [  0%] Built target _autoware_config_msgs_generate_messages_check_deps_ConfigNDT
[1.453s] [  0%] Built target _autoware_config_msgs_generate_messages_check_deps_ConfigLaneSelect
[1.453s] [  0%] Built target _autoware_config_msgs_generate_messages_check_deps_ConfigRayGroundFilter
[1.458s] [  0%] Built target _autoware_config_msgs_generate_messages_check_deps_ConfigCarDPM
[1.468s] [  0%] Built target _autoware_config_msgs_generate_messages_check_deps_ConfigRingGroundFilter
[1.481s] [  0%] Built target _autoware_config_msgs_generate_messages_check_deps_ConfigPedestrianKF
[1.481s] [  0%] Built target _autoware_config_msgs_generate_messages_check_deps_ConfigWaypointReplanner
[1.487s] [  0%] Built target _autoware_config_msgs_generate_messages_check_deps_ConfigLaneStop
[1.488s] [  0%] Built target _autoware_config_msgs_generate_messages_check_deps_ConfigWaypointFollower
[1.510s] [  0%] Built target _autoware_config_msgs_generate_messages_check_deps_ConfigTwistFilter
[1.520s] [  0%] Built target _autoware_config_msgs_generate_messages_check_deps_ConfigDistanceFilter
[1.529s] [  0%] Built target _autoware_config_msgs_generate_messages_check_deps_ConfigLatticeVelocitySet
[1.530s] [  0%] Built target _autoware_config_msgs_generate_messages_check_deps_ConfigApproximateNDTMapping
[1.545s] [  0%] Built target _autoware_config_msgs_generate_messages_check_deps_ConfigCarFusion
[1.545s] [  0%] Built target _autoware_config_msgs_generate_messages_check_deps_ConfigVoxelGridFilter
[1.548s] [  0%] Built target _autoware_config_msgs_generate_messages_check_deps_ConfigPedestrianDPM
[1.562s] [  0%] Built target _autoware_config_msgs_generate_messages_check_deps_ConfigCarKF
[1.573s] [  0%] Built target _autoware_config_msgs_generate_messages_check_deps_ConfigPedestrianFusion
[1.574s] [  0%] Built target _autoware_config_msgs_generate_messages_check_deps_ConfigICP
[1.588s] [  0%] Built target _autoware_config_msgs_generate_messages_check_deps_ConfigRandomFilter
[1.618s] [  0%] Built target _autoware_config_msgs_generate_messages_check_deps_ConfigLaneRule
[1.619s] [  0%] Built target _autoware_config_msgs_generate_messages_check_deps_ConfigPoints2Polygon
[1.619s] [  0%] Built target _autoware_config_msgs_generate_messages_check_deps_ConfigVelocitySet
[1.629s] [  0%] Built target _autoware_config_msgs_generate_messages_check_deps_ConfigPlannerSelector
[1.633s] [  0%] Built target _autoware_config_msgs_generate_messages_check_deps_ConfigCompareMapFilter
[1.634s] [  0%] Built target _autoware_config_msgs_generate_messages_check_deps_ConfigRcnn
[1.645s] [  0%] Built target _autoware_config_msgs_generate_messages_check_deps_ConfigNDTMapping
[1.656s] [  0%] Built target std_msgs_generate_messages_nodejs
[1.657s] [  0%] Built target std_msgs_generate_messages_eus
[1.663s] [  0%] Built target std_msgs_generate_messages_cpp
[1.664s] [  0%] Built target std_msgs_generate_messages_lisp
[1.673s] [  0%] Built target _autoware_config_msgs_generate_messages_check_deps_ConfigSSD
[1.682s] [  0%] Built target _autoware_config_msgs_generate_messages_check_deps_ConfigRingFilter
[1.727s] [ 38%] Built target autoware_config_msgs_generate_messages_nodejs
[1.727s] [ 40%] Built target autoware_config_msgs_generate_messages_eus
[1.735s] [ 61%] Built target autoware_config_msgs_generate_messages_py
[1.737s] [ 80%] Built target autoware_config_msgs_generate_messages_cpp
[1.746s] [100%] Built target autoware_config_msgs_generate_messages_lisp
[1.793s] [100%] Built target autoware_config_msgs_generate_messages
[1.855s] [36mInstall the project...[0m
[1.875s] -- Install configuration: "Release"
[1.875s] -- Up-to-date: /home/agilex/autoware.ai/install/autoware_config_msgs/share/autoware_config_msgs/msg/ConfigApproximateNDTMapping.msg
[1.876s] -- Up-to-date: /home/agilex/autoware.ai/install/autoware_config_msgs/share/autoware_config_msgs/msg/ConfigCarDPM.msg
[1.876s] -- Up-to-date: /home/agilex/autoware.ai/install/autoware_config_msgs/share/autoware_config_msgs/msg/ConfigCarFusion.msg
[1.876s] -- Up-to-date: /home/agilex/autoware.ai/install/autoware_config_msgs/share/autoware_config_msgs/msg/ConfigCarKF.msg
[1.876s] -- Up-to-date: /home/agilex/autoware.ai/install/autoware_config_msgs/share/autoware_config_msgs/msg/ConfigCompareMapFilter.msg
[1.876s] -- Up-to-date: /home/agilex/autoware.ai/install/autoware_config_msgs/share/autoware_config_msgs/msg/ConfigDecisionMaker.msg
[1.876s] -- Up-to-date: /home/agilex/autoware.ai/install/autoware_config_msgs/share/autoware_config_msgs/msg/ConfigDistanceFilter.msg
[1.877s] -- Up-to-date: /home/agilex/autoware.ai/install/autoware_config_msgs/share/autoware_config_msgs/msg/ConfigICP.msg
[1.877s] -- Up-to-date: /home/agilex/autoware.ai/install/autoware_config_msgs/share/autoware_config_msgs/msg/ConfigLaneRule.msg
[1.877s] -- Up-to-date: /home/agilex/autoware.ai/install/autoware_config_msgs/share/autoware_config_msgs/msg/ConfigLaneSelect.msg
[1.877s] -- Up-to-date: /home/agilex/autoware.ai/install/autoware_config_msgs/share/autoware_config_msgs/msg/ConfigLaneStop.msg
[1.877s] -- Up-to-date: /home/agilex/autoware.ai/install/autoware_config_msgs/share/autoware_config_msgs/msg/ConfigLatticeVelocitySet.msg
[1.877s] -- Up-to-date: /home/agilex/autoware.ai/install/autoware_config_msgs/share/autoware_config_msgs/msg/ConfigNDTMapping.msg
[1.877s] -- Up-to-date: /home/agilex/autoware.ai/install/autoware_config_msgs/share/autoware_config_msgs/msg/ConfigNDTMappingOutput.msg
[1.877s] -- Up-to-date: /home/agilex/autoware.ai/install/autoware_config_msgs/share/autoware_config_msgs/msg/ConfigNDT.msg
[1.877s] -- Up-to-date: /home/agilex/autoware.ai/install/autoware_config_msgs/share/autoware_config_msgs/msg/ConfigPedestrianDPM.msg
[1.878s] -- Up-to-date: /home/agilex/autoware.ai/install/autoware_config_msgs/share/autoware_config_msgs/msg/ConfigPedestrianFusion.msg
[1.878s] -- Up-to-date: /home/agilex/autoware.ai/install/autoware_config_msgs/share/autoware_config_msgs/msg/ConfigPedestrianKF.msg
[1.878s] -- Up-to-date: /home/agilex/autoware.ai/install/autoware_config_msgs/share/autoware_config_msgs/msg/ConfigPlannerSelector.msg
[1.878s] -- Up-to-date: /home/agilex/autoware.ai/install/autoware_config_msgs/share/autoware_config_msgs/msg/ConfigPoints2Polygon.msg
[1.878s] -- Up-to-date: /home/agilex/autoware.ai/install/autoware_config_msgs/share/autoware_config_msgs/msg/ConfigRandomFilter.msg
[1.879s] -- Up-to-date: /home/agilex/autoware.ai/install/autoware_config_msgs/share/autoware_config_msgs/msg/ConfigRayGroundFilter.msg
[1.879s] -- Up-to-date: /home/agilex/autoware.ai/install/autoware_config_msgs/share/autoware_config_msgs/msg/ConfigRcnn.msg
[1.879s] -- Up-to-date: /home/agilex/autoware.ai/install/autoware_config_msgs/share/autoware_config_msgs/msg/ConfigRingFilter.msg
[1.879s] -- Up-to-date: /home/agilex/autoware.ai/install/autoware_config_msgs/share/autoware_config_msgs/msg/ConfigRingGroundFilter.msg
[1.879s] -- Up-to-date: /home/agilex/autoware.ai/install/autoware_config_msgs/share/autoware_config_msgs/msg/ConfigSSD.msg
[1.879s] -- Up-to-date: /home/agilex/autoware.ai/install/autoware_config_msgs/share/autoware_config_msgs/msg/ConfigTwistFilter.msg
[1.879s] -- Up-to-date: /home/agilex/autoware.ai/install/autoware_config_msgs/share/autoware_config_msgs/msg/ConfigVelocitySet.msg
[1.879s] -- Up-to-date: /home/agilex/autoware.ai/install/autoware_config_msgs/share/autoware_config_msgs/msg/ConfigVoxelGridFilter.msg
[1.879s] -- Up-to-date: /home/agilex/autoware.ai/install/autoware_config_msgs/share/autoware_config_msgs/msg/ConfigWaypointFollower.msg
[1.879s] -- Up-to-date: /home/agilex/autoware.ai/install/autoware_config_msgs/share/autoware_config_msgs/msg/ConfigWaypointReplanner.msg
[1.880s] -- Up-to-date: /home/agilex/autoware.ai/install/autoware_config_msgs/share/autoware_config_msgs/cmake/autoware_config_msgs-msg-paths.cmake
[1.880s] -- Up-to-date: /home/agilex/autoware.ai/install/autoware_config_msgs/include/autoware_config_msgs
[1.880s] -- Up-to-date: /home/agilex/autoware.ai/install/autoware_config_msgs/include/autoware_config_msgs/ConfigTwistFilter.h
[1.880s] -- Up-to-date: /home/agilex/autoware.ai/install/autoware_config_msgs/include/autoware_config_msgs/ConfigICP.h
[1.880s] -- Up-to-date: /home/agilex/autoware.ai/install/autoware_config_msgs/include/autoware_config_msgs/ConfigPedestrianFusion.h
[1.881s] -- Up-to-date: /home/agilex/autoware.ai/install/autoware_config_msgs/include/autoware_config_msgs/ConfigRingFilter.h
[1.881s] -- Up-to-date: /home/agilex/autoware.ai/install/autoware_config_msgs/include/autoware_config_msgs/ConfigLatticeVelocitySet.h
[1.881s] -- Up-to-date: /home/agilex/autoware.ai/install/autoware_config_msgs/include/autoware_config_msgs/ConfigDecisionMaker.h
[1.881s] -- Up-to-date: /home/agilex/autoware.ai/install/autoware_config_msgs/include/autoware_config_msgs/ConfigPedestrianKF.h
[1.881s] -- Up-to-date: /home/agilex/autoware.ai/install/autoware_config_msgs/include/autoware_config_msgs/ConfigPedestrianDPM.h
[1.881s] -- Up-to-date: /home/agilex/autoware.ai/install/autoware_config_msgs/include/autoware_config_msgs/ConfigCarKF.h
[1.881s] -- Up-to-date: /home/agilex/autoware.ai/install/autoware_config_msgs/include/autoware_config_msgs/ConfigWaypointFollower.h
[1.882s] -- Up-to-date: /home/agilex/autoware.ai/install/autoware_config_msgs/include/autoware_config_msgs/ConfigLaneSelect.h
[1.882s] -- Up-to-date: /home/agilex/autoware.ai/install/autoware_config_msgs/include/autoware_config_msgs/ConfigVelocitySet.h
[1.882s] -- Up-to-date: /home/agilex/autoware.ai/install/autoware_config_msgs/include/autoware_config_msgs/ConfigPoints2Polygon.h
[1.882s] -- Up-to-date: /home/agilex/autoware.ai/install/autoware_config_msgs/include/autoware_config_msgs/ConfigRcnn.h
[1.882s] -- Up-to-date: /home/agilex/autoware.ai/install/autoware_config_msgs/include/autoware_config_msgs/ConfigRingGroundFilter.h
[1.882s] -- Up-to-date: /home/agilex/autoware.ai/install/autoware_config_msgs/include/autoware_config_msgs/ConfigLaneRule.h
[1.882s] -- Up-to-date: /home/agilex/autoware.ai/install/autoware_config_msgs/include/autoware_config_msgs/ConfigWaypointReplanner.h
[1.882s] -- Up-to-date: /home/agilex/autoware.ai/install/autoware_config_msgs/include/autoware_config_msgs/ConfigNDTMapping.h
[1.883s] -- Up-to-date: /home/agilex/autoware.ai/install/autoware_config_msgs/include/autoware_config_msgs/ConfigDistanceFilter.h
[1.883s] -- Up-to-date: /home/agilex/autoware.ai/install/autoware_config_msgs/include/autoware_config_msgs/ConfigApproximateNDTMapping.h
[1.883s] -- Up-to-date: /home/agilex/autoware.ai/install/autoware_config_msgs/include/autoware_config_msgs/ConfigCarFusion.h
[1.883s] -- Up-to-date: /home/agilex/autoware.ai/install/autoware_config_msgs/include/autoware_config_msgs/ConfigCarDPM.h
[1.883s] -- Up-to-date: /home/agilex/autoware.ai/install/autoware_config_msgs/include/autoware_config_msgs/ConfigSSD.h
[1.883s] -- Up-to-date: /home/agilex/autoware.ai/install/autoware_config_msgs/include/autoware_config_msgs/ConfigNDT.h
[1.883s] -- Up-to-date: /home/agilex/autoware.ai/install/autoware_config_msgs/include/autoware_config_msgs/ConfigNDTMappingOutput.h
[1.883s] -- Up-to-date: /home/agilex/autoware.ai/install/autoware_config_msgs/include/autoware_config_msgs/ConfigRayGroundFilter.h
[1.883s] -- Up-to-date: /home/agilex/autoware.ai/install/autoware_config_msgs/include/autoware_config_msgs/ConfigVoxelGridFilter.h
[1.883s] -- Up-to-date: /home/agilex/autoware.ai/install/autoware_config_msgs/include/autoware_config_msgs/ConfigRandomFilter.h
[1.883s] -- Up-to-date: /home/agilex/autoware.ai/install/autoware_config_msgs/include/autoware_config_msgs/ConfigCompareMapFilter.h
[1.883s] -- Up-to-date: /home/agilex/autoware.ai/install/autoware_config_msgs/include/autoware_config_msgs/ConfigLaneStop.h
[1.884s] -- Up-to-date: /home/agilex/autoware.ai/install/autoware_config_msgs/include/autoware_config_msgs/ConfigPlannerSelector.h
[1.884s] -- Up-to-date: /home/agilex/autoware.ai/install/autoware_config_msgs/share/roseus/ros/autoware_config_msgs
[1.884s] -- Up-to-date: /home/agilex/autoware.ai/install/autoware_config_msgs/share/roseus/ros/autoware_config_msgs/manifest.l
[1.884s] -- Up-to-date: /home/agilex/autoware.ai/install/autoware_config_msgs/share/roseus/ros/autoware_config_msgs/msg
[1.884s] -- Up-to-date: /home/agilex/autoware.ai/install/autoware_config_msgs/share/roseus/ros/autoware_config_msgs/msg/ConfigVoxelGridFilter.l
[1.884s] -- Up-to-date: /home/agilex/autoware.ai/install/autoware_config_msgs/share/roseus/ros/autoware_config_msgs/msg/ConfigTwistFilter.l
[1.884s] -- Up-to-date: /home/agilex/autoware.ai/install/autoware_config_msgs/share/roseus/ros/autoware_config_msgs/msg/ConfigPedestrianKF.l
[1.884s] -- Up-to-date: /home/agilex/autoware.ai/install/autoware_config_msgs/share/roseus/ros/autoware_config_msgs/msg/ConfigRayGroundFilter.l
[1.884s] -- Up-to-date: /home/agilex/autoware.ai/install/autoware_config_msgs/share/roseus/ros/autoware_config_msgs/msg/ConfigLaneStop.l
[1.884s] -- Up-to-date: /home/agilex/autoware.ai/install/autoware_config_msgs/share/roseus/ros/autoware_config_msgs/msg/ConfigLatticeVelocitySet.l
[1.884s] -- Up-to-date: /home/agilex/autoware.ai/install/autoware_config_msgs/share/roseus/ros/autoware_config_msgs/msg/ConfigDecisionMaker.l
[1.884s] -- Up-to-date: /home/agilex/autoware.ai/install/autoware_config_msgs/share/roseus/ros/autoware_config_msgs/msg/ConfigPoints2Polygon.l
[1.885s] -- Up-to-date: /home/agilex/autoware.ai/install/autoware_config_msgs/share/roseus/ros/autoware_config_msgs/msg/ConfigLaneRule.l
[1.885s] -- Up-to-date: /home/agilex/autoware.ai/install/autoware_config_msgs/share/roseus/ros/autoware_config_msgs/msg/ConfigRcnn.l
[1.885s] -- Up-to-date: /home/agilex/autoware.ai/install/autoware_config_msgs/share/roseus/ros/autoware_config_msgs/msg/ConfigRingFilter.l
[1.886s] -- Up-to-date: /home/agilex/autoware.ai/install/autoware_config_msgs/share/roseus/ros/autoware_config_msgs/msg/ConfigNDTMappingOutput.l
[1.886s] -- Up-to-date: /home/agilex/autoware.ai/install/autoware_config_msgs/share/roseus/ros/autoware_config_msgs/msg/ConfigCompareMapFilter.l
[1.886s] -- Up-to-date: /home/agilex/autoware.ai/install/autoware_config_msgs/share/roseus/ros/autoware_config_msgs/msg/ConfigSSD.l
[1.886s] -- Up-to-date: /home/agilex/autoware.ai/install/autoware_config_msgs/share/roseus/ros/autoware_config_msgs/msg/ConfigPlannerSelector.l
[1.886s] -- Up-to-date: /home/agilex/autoware.ai/install/autoware_config_msgs/share/roseus/ros/autoware_config_msgs/msg/ConfigRingGroundFilter.l
[1.886s] -- Up-to-date: /home/agilex/autoware.ai/install/autoware_config_msgs/share/roseus/ros/autoware_config_msgs/msg/ConfigPedestrianFusion.l
[1.886s] -- Up-to-date: /home/agilex/autoware.ai/install/autoware_config_msgs/share/roseus/ros/autoware_config_msgs/msg/ConfigICP.l
[1.886s] -- Up-to-date: /home/agilex/autoware.ai/install/autoware_config_msgs/share/roseus/ros/autoware_config_msgs/msg/ConfigCarDPM.l
[1.886s] -- Up-to-date: /home/agilex/autoware.ai/install/autoware_config_msgs/share/roseus/ros/autoware_config_msgs/msg/ConfigCarKF.l
[1.886s] -- Up-to-date: /home/agilex/autoware.ai/install/autoware_config_msgs/share/roseus/ros/autoware_config_msgs/msg/ConfigDistanceFilter.l
[1.886s] -- Up-to-date: /home/agilex/autoware.ai/install/autoware_config_msgs/share/roseus/ros/autoware_config_msgs/msg/ConfigWaypointFollower.l
[1.886s] -- Up-to-date: /home/agilex/autoware.ai/install/autoware_config_msgs/share/roseus/ros/autoware_config_msgs/msg/ConfigVelocitySet.l
[1.886s] -- Up-to-date: /home/agilex/autoware.ai/install/autoware_config_msgs/share/roseus/ros/autoware_config_msgs/msg/ConfigApproximateNDTMapping.l
[1.887s] -- Up-to-date: /home/agilex/autoware.ai/install/autoware_config_msgs/share/roseus/ros/autoware_config_msgs/msg/ConfigNDT.l
[1.887s] -- Up-to-date: /home/agilex/autoware.ai/install/autoware_config_msgs/share/roseus/ros/autoware_config_msgs/msg/ConfigLaneSelect.l
[1.887s] -- Up-to-date: /home/agilex/autoware.ai/install/autoware_config_msgs/share/roseus/ros/autoware_config_msgs/msg/ConfigWaypointReplanner.l
[1.887s] -- Up-to-date: /home/agilex/autoware.ai/install/autoware_config_msgs/share/roseus/ros/autoware_config_msgs/msg/ConfigPedestrianDPM.l
[1.887s] -- Up-to-date: /home/agilex/autoware.ai/install/autoware_config_msgs/share/roseus/ros/autoware_config_msgs/msg/ConfigNDTMapping.l
[1.887s] -- Up-to-date: /home/agilex/autoware.ai/install/autoware_config_msgs/share/roseus/ros/autoware_config_msgs/msg/ConfigCarFusion.l
[1.887s] -- Up-to-date: /home/agilex/autoware.ai/install/autoware_config_msgs/share/roseus/ros/autoware_config_msgs/msg/ConfigRandomFilter.l
[1.887s] -- Up-to-date: /home/agilex/autoware.ai/install/autoware_config_msgs/share/common-lisp/ros/autoware_config_msgs
[1.887s] -- Up-to-date: /home/agilex/autoware.ai/install/autoware_config_msgs/share/common-lisp/ros/autoware_config_msgs/msg
[1.887s] -- Up-to-date: /home/agilex/autoware.ai/install/autoware_config_msgs/share/common-lisp/ros/autoware_config_msgs/msg/ConfigICP.lisp
[1.887s] -- Up-to-date: /home/agilex/autoware.ai/install/autoware_config_msgs/share/common-lisp/ros/autoware_config_msgs/msg/ConfigLaneSelect.lisp
[1.887s] -- Up-to-date: /home/agilex/autoware.ai/install/autoware_config_msgs/share/common-lisp/ros/autoware_config_msgs/msg/ConfigVoxelGridFilter.lisp
[1.887s] -- Up-to-date: /home/agilex/autoware.ai/install/autoware_config_msgs/share/common-lisp/ros/autoware_config_msgs/msg/ConfigWaypointReplanner.lisp
[1.888s] -- Up-to-date: /home/agilex/autoware.ai/install/autoware_config_msgs/share/common-lisp/ros/autoware_config_msgs/msg/ConfigNDT.lisp
[1.888s] -- Up-to-date: /home/agilex/autoware.ai/install/autoware_config_msgs/share/common-lisp/ros/autoware_config_msgs/msg/autoware_config_msgs-msg.asd
[1.888s] -- Up-to-date: /home/agilex/autoware.ai/install/autoware_config_msgs/share/common-lisp/ros/autoware_config_msgs/msg/ConfigTwistFilter.lisp
[1.888s] -- Up-to-date: /home/agilex/autoware.ai/install/autoware_config_msgs/share/common-lisp/ros/autoware_config_msgs/msg/ConfigRandomFilter.lisp
[1.888s] -- Up-to-date: /home/agilex/autoware.ai/install/autoware_config_msgs/share/common-lisp/ros/autoware_config_msgs/msg/_package.lisp
[1.888s] -- Up-to-date: /home/agilex/autoware.ai/install/autoware_config_msgs/share/common-lisp/ros/autoware_config_msgs/msg/_package_ConfigCarFusion.lisp
[1.888s] -- Up-to-date: /home/agilex/autoware.ai/install/autoware_config_msgs/share/common-lisp/ros/autoware_config_msgs/msg/ConfigPoints2Polygon.lisp
[1.889s] -- Up-to-date: /home/agilex/autoware.ai/install/autoware_config_msgs/share/common-lisp/ros/autoware_config_msgs/msg/ConfigApproximateNDTMapping.lisp
[1.889s] -- Up-to-date: /home/agilex/autoware.ai/install/autoware_config_msgs/share/common-lisp/ros/autoware_config_msgs/msg/ConfigVelocitySet.lisp
[1.889s] -- Up-to-date: /home/agilex/autoware.ai/install/autoware_config_msgs/share/common-lisp/ros/autoware_config_msgs/msg/ConfigLaneStop.lisp
[1.889s] -- Up-to-date: /home/agilex/autoware.ai/install/autoware_config_msgs/share/common-lisp/ros/autoware_config_msgs/msg/ConfigCompareMapFilter.lisp
[1.889s] -- Up-to-date: /home/agilex/autoware.ai/install/autoware_config_msgs/share/common-lisp/ros/autoware_config_msgs/msg/_package_ConfigRcnn.lisp
[1.889s] -- Up-to-date: /home/agilex/autoware.ai/install/autoware_config_msgs/share/common-lisp/ros/autoware_config_msgs/msg/ConfigWaypointFollower.lisp
[1.889s] -- Up-to-date: /home/agilex/autoware.ai/install/autoware_config_msgs/share/common-lisp/ros/autoware_config_msgs/msg/_package_ConfigRayGroundFilter.lisp
[1.889s] -- Up-to-date: /home/agilex/autoware.ai/install/autoware_config_msgs/share/common-lisp/ros/autoware_config_msgs/msg/ConfigRingGroundFilter.lisp
[1.889s] -- Up-to-date: /home/agilex/autoware.ai/install/autoware_config_msgs/share/common-lisp/ros/autoware_config_msgs/msg/ConfigRingFilter.lisp
[1.889s] -- Up-to-date: /home/agilex/autoware.ai/install/autoware_config_msgs/share/common-lisp/ros/autoware_config_msgs/msg/_package_ConfigWaypointReplanner.lisp
[1.890s] -- Up-to-date: /home/agilex/autoware.ai/install/autoware_config_msgs/share/common-lisp/ros/autoware_config_msgs/msg/_package_ConfigPedestrianKF.lisp
[1.890s] -- Up-to-date: /home/agilex/autoware.ai/install/autoware_config_msgs/share/common-lisp/ros/autoware_config_msgs/msg/_package_ConfigPedestrianDPM.lisp
[1.890s] -- Up-to-date: /home/agilex/autoware.ai/install/autoware_config_msgs/share/common-lisp/ros/autoware_config_msgs/msg/ConfigLatticeVelocitySet.lisp
[1.890s] -- Up-to-date: /home/agilex/autoware.ai/install/autoware_config_msgs/share/common-lisp/ros/autoware_config_msgs/msg/ConfigNDTMappingOutput.lisp
[1.890s] -- Up-to-date: /home/agilex/autoware.ai/install/autoware_config_msgs/share/common-lisp/ros/autoware_config_msgs/msg/ConfigCarKF.lisp
[1.890s] -- Up-to-date: /home/agilex/autoware.ai/install/autoware_config_msgs/share/common-lisp/ros/autoware_config_msgs/msg/_package_ConfigPlannerSelector.lisp
[1.890s] -- Up-to-date: /home/agilex/autoware.ai/install/autoware_config_msgs/share/common-lisp/ros/autoware_config_msgs/msg/ConfigPedestrianKF.lisp
[1.890s] -- Up-to-date: /home/agilex/autoware.ai/install/autoware_config_msgs/share/common-lisp/ros/autoware_config_msgs/msg/ConfigCarFusion.lisp
[1.890s] -- Up-to-date: /home/agilex/autoware.ai/install/autoware_config_msgs/share/common-lisp/ros/autoware_config_msgs/msg/_package_ConfigDistanceFilter.lisp
[1.890s] -- Up-to-date: /home/agilex/autoware.ai/install/autoware_config_msgs/share/common-lisp/ros/autoware_config_msgs/msg/ConfigLaneRule.lisp
[1.890s] -- Up-to-date: /home/agilex/autoware.ai/install/autoware_config_msgs/share/common-lisp/ros/autoware_config_msgs/msg/_package_ConfigCarDPM.lisp
[1.890s] -- Up-to-date: /home/agilex/autoware.ai/install/autoware_config_msgs/share/common-lisp/ros/autoware_config_msgs/msg/_package_ConfigSSD.lisp
[1.893s] -- Up-to-date: /home/agilex/autoware.ai/install/autoware_config_msgs/share/common-lisp/ros/autoware_config_msgs/msg/_package_ConfigCarKF.lisp
[1.893s] -- Up-to-date: /home/agilex/autoware.ai/install/autoware_config_msgs/share/common-lisp/ros/autoware_config_msgs/msg/_package_ConfigWaypointFollower.lisp
[1.893s] -- Up-to-date: /home/agilex/autoware.ai/install/autoware_config_msgs/share/common-lisp/ros/autoware_config_msgs/msg/ConfigRayGroundFilter.lisp
[1.893s] -- Up-to-date: /home/agilex/autoware.ai/install/autoware_config_msgs/share/common-lisp/ros/autoware_config_msgs/msg/ConfigDecisionMaker.lisp
[1.893s] -- Up-to-date: /home/agilex/autoware.ai/install/autoware_config_msgs/share/common-lisp/ros/autoware_config_msgs/msg/_package_ConfigICP.lisp
[1.894s] -- Up-to-date: /home/agilex/autoware.ai/install/autoware_config_msgs/share/common-lisp/ros/autoware_config_msgs/msg/_package_ConfigRingFilter.lisp
[1.894s] -- Up-to-date: /home/agilex/autoware.ai/install/autoware_config_msgs/share/common-lisp/ros/autoware_config_msgs/msg/ConfigDistanceFilter.lisp
[1.894s] -- Up-to-date: /home/agilex/autoware.ai/install/autoware_config_msgs/share/common-lisp/ros/autoware_config_msgs/msg/_package_ConfigApproximateNDTMapping.lisp
[1.894s] -- Up-to-date: /home/agilex/autoware.ai/install/autoware_config_msgs/share/common-lisp/ros/autoware_config_msgs/msg/_package_ConfigPoints2Polygon.lisp
[1.894s] -- Up-to-date: /home/agilex/autoware.ai/install/autoware_config_msgs/share/common-lisp/ros/autoware_config_msgs/msg/_package_ConfigTwistFilter.lisp
[1.894s] -- Up-to-date: /home/agilex/autoware.ai/install/autoware_config_msgs/share/common-lisp/ros/autoware_config_msgs/msg/_package_ConfigVoxelGridFilter.lisp
[1.894s] -- Up-to-date: /home/agilex/autoware.ai/install/autoware_config_msgs/share/common-lisp/ros/autoware_config_msgs/msg/_package_ConfigNDTMapping.lisp
[1.894s] -- Up-to-date: /home/agilex/autoware.ai/install/autoware_config_msgs/share/common-lisp/ros/autoware_config_msgs/msg/_package_ConfigCompareMapFilter.lisp
[1.894s] -- Up-to-date: /home/agilex/autoware.ai/install/autoware_config_msgs/share/common-lisp/ros/autoware_config_msgs/msg/ConfigSSD.lisp
[1.894s] -- Up-to-date: /home/agilex/autoware.ai/install/autoware_config_msgs/share/common-lisp/ros/autoware_config_msgs/msg/ConfigPedestrianFusion.lisp
[1.894s] -- Up-to-date: /home/agilex/autoware.ai/install/autoware_config_msgs/share/common-lisp/ros/autoware_config_msgs/msg/_package_ConfigRingGroundFilter.lisp
[1.894s] -- Up-to-date: /home/agilex/autoware.ai/install/autoware_config_msgs/share/common-lisp/ros/autoware_config_msgs/msg/ConfigRcnn.lisp
[1.894s] -- Up-to-date: /home/agilex/autoware.ai/install/autoware_config_msgs/share/common-lisp/ros/autoware_config_msgs/msg/ConfigNDTMapping.lisp
[1.895s] -- Up-to-date: /home/agilex/autoware.ai/install/autoware_config_msgs/share/common-lisp/ros/autoware_config_msgs/msg/ConfigPlannerSelector.lisp
[1.895s] -- Up-to-date: /home/agilex/autoware.ai/install/autoware_config_msgs/share/common-lisp/ros/autoware_config_msgs/msg/_package_ConfigVelocitySet.lisp
[1.895s] -- Up-to-date: /home/agilex/autoware.ai/install/autoware_config_msgs/share/common-lisp/ros/autoware_config_msgs/msg/ConfigCarDPM.lisp
[1.895s] -- Up-to-date: /home/agilex/autoware.ai/install/autoware_config_msgs/share/common-lisp/ros/autoware_config_msgs/msg/_package_ConfigDecisionMaker.lisp
[1.895s] -- Up-to-date: /home/agilex/autoware.ai/install/autoware_config_msgs/share/common-lisp/ros/autoware_config_msgs/msg/_package_ConfigLatticeVelocitySet.lisp
[1.895s] -- Up-to-date: /home/agilex/autoware.ai/install/autoware_config_msgs/share/common-lisp/ros/autoware_config_msgs/msg/_package_ConfigLaneRule.lisp
[1.895s] -- Up-to-date: /home/agilex/autoware.ai/install/autoware_config_msgs/share/common-lisp/ros/autoware_config_msgs/msg/_package_ConfigLaneStop.lisp
[1.895s] -- Up-to-date: /home/agilex/autoware.ai/install/autoware_config_msgs/share/common-lisp/ros/autoware_config_msgs/msg/_package_ConfigPedestrianFusion.lisp
[1.895s] -- Up-to-date: /home/agilex/autoware.ai/install/autoware_config_msgs/share/common-lisp/ros/autoware_config_msgs/msg/ConfigPedestrianDPM.lisp
[1.895s] -- Up-to-date: /home/agilex/autoware.ai/install/autoware_config_msgs/share/common-lisp/ros/autoware_config_msgs/msg/_package_ConfigNDTMappingOutput.lisp
[1.896s] -- Up-to-date: /home/agilex/autoware.ai/install/autoware_config_msgs/share/common-lisp/ros/autoware_config_msgs/msg/_package_ConfigLaneSelect.lisp
[1.896s] -- Up-to-date: /home/agilex/autoware.ai/install/autoware_config_msgs/share/common-lisp/ros/autoware_config_msgs/msg/_package_ConfigRandomFilter.lisp
[1.896s] -- Up-to-date: /home/agilex/autoware.ai/install/autoware_config_msgs/share/common-lisp/ros/autoware_config_msgs/msg/_package_ConfigNDT.lisp
[1.896s] -- Up-to-date: /home/agilex/autoware.ai/install/autoware_config_msgs/share/gennodejs/ros/autoware_config_msgs
[1.896s] -- Up-to-date: /home/agilex/autoware.ai/install/autoware_config_msgs/share/gennodejs/ros/autoware_config_msgs/msg
[1.896s] -- Up-to-date: /home/agilex/autoware.ai/install/autoware_config_msgs/share/gennodejs/ros/autoware_config_msgs/msg/ConfigDecisionMaker.js
[1.896s] -- Up-to-date: /home/agilex/autoware.ai/install/autoware_config_msgs/share/gennodejs/ros/autoware_config_msgs/msg/ConfigVelocitySet.js
[1.896s] -- Up-to-date: /home/agilex/autoware.ai/install/autoware_config_msgs/share/gennodejs/ros/autoware_config_msgs/msg/ConfigDistanceFilter.js
[1.896s] -- Up-to-date: /home/agilex/autoware.ai/install/autoware_config_msgs/share/gennodejs/ros/autoware_config_msgs/msg/ConfigRingGroundFilter.js
[1.896s] -- Up-to-date: /home/agilex/autoware.ai/install/autoware_config_msgs/share/gennodejs/ros/autoware_config_msgs/msg/ConfigRingFilter.js
[1.897s] -- Up-to-date: /home/agilex/autoware.ai/install/autoware_config_msgs/share/gennodejs/ros/autoware_config_msgs/msg/ConfigCompareMapFilter.js
[1.897s] -- Up-to-date: /home/agilex/autoware.ai/install/autoware_config_msgs/share/gennodejs/ros/autoware_config_msgs/msg/ConfigWaypointReplanner.js
[1.897s] -- Up-to-date: /home/agilex/autoware.ai/install/autoware_config_msgs/share/gennodejs/ros/autoware_config_msgs/msg/ConfigTwistFilter.js
[1.897s] -- Up-to-date: /home/agilex/autoware.ai/install/autoware_config_msgs/share/gennodejs/ros/autoware_config_msgs/msg/ConfigApproximateNDTMapping.js
[1.897s] -- Up-to-date: /home/agilex/autoware.ai/install/autoware_config_msgs/share/gennodejs/ros/autoware_config_msgs/msg/ConfigNDT.js
[1.897s] -- Up-to-date: /home/agilex/autoware.ai/install/autoware_config_msgs/share/gennodejs/ros/autoware_config_msgs/msg/ConfigPedestrianKF.js
[1.897s] -- Up-to-date: /home/agilex/autoware.ai/install/autoware_config_msgs/share/gennodejs/ros/autoware_config_msgs/msg/ConfigRayGroundFilter.js
[1.897s] -- Up-to-date: /home/agilex/autoware.ai/install/autoware_config_msgs/share/gennodejs/ros/autoware_config_msgs/msg/ConfigLaneRule.js
[1.897s] -- Up-to-date: /home/agilex/autoware.ai/install/autoware_config_msgs/share/gennodejs/ros/autoware_config_msgs/msg/ConfigCarDPM.js
[1.897s] -- Up-to-date: /home/agilex/autoware.ai/install/autoware_config_msgs/share/gennodejs/ros/autoware_config_msgs/msg/ConfigPoints2Polygon.js
[1.897s] -- Up-to-date: /home/agilex/autoware.ai/install/autoware_config_msgs/share/gennodejs/ros/autoware_config_msgs/msg/ConfigSSD.js
[1.897s] -- Up-to-date: /home/agilex/autoware.ai/install/autoware_config_msgs/share/gennodejs/ros/autoware_config_msgs/msg/_index.js
[1.897s] -- Up-to-date: /home/agilex/autoware.ai/install/autoware_config_msgs/share/gennodejs/ros/autoware_config_msgs/msg/ConfigLaneSelect.js
[1.898s] -- Up-to-date: /home/agilex/autoware.ai/install/autoware_config_msgs/share/gennodejs/ros/autoware_config_msgs/msg/ConfigNDTMappingOutput.js
[1.898s] -- Up-to-date: /home/agilex/autoware.ai/install/autoware_config_msgs/share/gennodejs/ros/autoware_config_msgs/msg/ConfigWaypointFollower.js
[1.898s] -- Up-to-date: /home/agilex/autoware.ai/install/autoware_config_msgs/share/gennodejs/ros/autoware_config_msgs/msg/ConfigVoxelGridFilter.js
[1.898s] -- Up-to-date: /home/agilex/autoware.ai/install/autoware_config_msgs/share/gennodejs/ros/autoware_config_msgs/msg/ConfigLaneStop.js
[1.898s] -- Up-to-date: /home/agilex/autoware.ai/install/autoware_config_msgs/share/gennodejs/ros/autoware_config_msgs/msg/ConfigICP.js
[1.898s] -- Up-to-date: /home/agilex/autoware.ai/install/autoware_config_msgs/share/gennodejs/ros/autoware_config_msgs/msg/ConfigPedestrianFusion.js
[1.898s] -- Up-to-date: /home/agilex/autoware.ai/install/autoware_config_msgs/share/gennodejs/ros/autoware_config_msgs/msg/ConfigPlannerSelector.js
[1.898s] -- Up-to-date: /home/agilex/autoware.ai/install/autoware_config_msgs/share/gennodejs/ros/autoware_config_msgs/msg/ConfigRcnn.js
[1.898s] -- Up-to-date: /home/agilex/autoware.ai/install/autoware_config_msgs/share/gennodejs/ros/autoware_config_msgs/msg/ConfigNDTMapping.js
[1.899s] -- Up-to-date: /home/agilex/autoware.ai/install/autoware_config_msgs/share/gennodejs/ros/autoware_config_msgs/msg/ConfigCarKF.js
[1.899s] -- Up-to-date: /home/agilex/autoware.ai/install/autoware_config_msgs/share/gennodejs/ros/autoware_config_msgs/msg/ConfigLatticeVelocitySet.js
[1.899s] -- Up-to-date: /home/agilex/autoware.ai/install/autoware_config_msgs/share/gennodejs/ros/autoware_config_msgs/msg/ConfigCarFusion.js
[1.899s] -- Up-to-date: /home/agilex/autoware.ai/install/autoware_config_msgs/share/gennodejs/ros/autoware_config_msgs/msg/ConfigRandomFilter.js
[1.899s] -- Up-to-date: /home/agilex/autoware.ai/install/autoware_config_msgs/share/gennodejs/ros/autoware_config_msgs/msg/ConfigPedestrianDPM.js
[1.899s] -- Up-to-date: /home/agilex/autoware.ai/install/autoware_config_msgs/share/gennodejs/ros/autoware_config_msgs/_index.js
[1.912s] Listing /home/agilex/autoware.ai/build/autoware_config_msgs/devel/lib/python2.7/dist-packages/autoware_config_msgs ...
[1.912s] Listing /home/agilex/autoware.ai/build/autoware_config_msgs/devel/lib/python2.7/dist-packages/autoware_config_msgs/msg ...
[1.912s] -- Up-to-date: /home/agilex/autoware.ai/install/autoware_config_msgs/lib/python2.7/dist-packages/autoware_config_msgs
[1.913s] -- Up-to-date: /home/agilex/autoware.ai/install/autoware_config_msgs/lib/python2.7/dist-packages/autoware_config_msgs/__init__.pyc
[1.913s] -- Up-to-date: /home/agilex/autoware.ai/install/autoware_config_msgs/lib/python2.7/dist-packages/autoware_config_msgs/msg
[1.913s] -- Up-to-date: /home/agilex/autoware.ai/install/autoware_config_msgs/lib/python2.7/dist-packages/autoware_config_msgs/msg/_ConfigWaypointFollower.py
[1.913s] -- Up-to-date: /home/agilex/autoware.ai/install/autoware_config_msgs/lib/python2.7/dist-packages/autoware_config_msgs/msg/_ConfigCarFusion.py
[1.913s] -- Up-to-date: /home/agilex/autoware.ai/install/autoware_config_msgs/lib/python2.7/dist-packages/autoware_config_msgs/msg/_ConfigApproximateNDTMapping.py
[1.914s] -- Up-to-date: /home/agilex/autoware.ai/install/autoware_config_msgs/lib/python2.7/dist-packages/autoware_config_msgs/msg/_ConfigNDT.py
[1.914s] -- Up-to-date: /home/agilex/autoware.ai/install/autoware_config_msgs/lib/python2.7/dist-packages/autoware_config_msgs/msg/_ConfigWaypointReplanner.py
[1.914s] -- Up-to-date: /home/agilex/autoware.ai/install/autoware_config_msgs/lib/python2.7/dist-packages/autoware_config_msgs/msg/_ConfigTwistFilter.py
[1.914s] -- Up-to-date: /home/agilex/autoware.ai/install/autoware_config_msgs/lib/python2.7/dist-packages/autoware_config_msgs/msg/_ConfigDecisionMaker.pyc
[1.914s] -- Up-to-date: /home/agilex/autoware.ai/install/autoware_config_msgs/lib/python2.7/dist-packages/autoware_config_msgs/msg/_ConfigApproximateNDTMapping.pyc
[1.914s] -- Up-to-date: /home/agilex/autoware.ai/install/autoware_config_msgs/lib/python2.7/dist-packages/autoware_config_msgs/msg/_ConfigCompareMapFilter.pyc
[1.914s] -- Up-to-date: /home/agilex/autoware.ai/install/autoware_config_msgs/lib/python2.7/dist-packages/autoware_config_msgs/msg/_ConfigRingFilter.pyc
[1.915s] -- Up-to-date: /home/agilex/autoware.ai/install/autoware_config_msgs/lib/python2.7/dist-packages/autoware_config_msgs/msg/_ConfigRandomFilter.pyc
[1.915s] -- Up-to-date: /home/agilex/autoware.ai/install/autoware_config_msgs/lib/python2.7/dist-packages/autoware_config_msgs/msg/_ConfigPoints2Polygon.py
[1.915s] -- Up-to-date: /home/agilex/autoware.ai/install/autoware_config_msgs/lib/python2.7/dist-packages/autoware_config_msgs/msg/_ConfigDistanceFilter.pyc
[1.915s] -- Up-to-date: /home/agilex/autoware.ai/install/autoware_config_msgs/lib/python2.7/dist-packages/autoware_config_msgs/msg/_ConfigVelocitySet.py
[1.915s] -- Up-to-date: /home/agilex/autoware.ai/install/autoware_config_msgs/lib/python2.7/dist-packages/autoware_config_msgs/msg/_ConfigVelocitySet.pyc
[1.915s] -- Up-to-date: /home/agilex/autoware.ai/install/autoware_config_msgs/lib/python2.7/dist-packages/autoware_config_msgs/msg/_ConfigRingGroundFilter.py
[1.915s] -- Up-to-date: /home/agilex/autoware.ai/install/autoware_config_msgs/lib/python2.7/dist-packages/autoware_config_msgs/msg/_ConfigSSD.pyc
[1.916s] -- Up-to-date: /home/agilex/autoware.ai/install/autoware_config_msgs/lib/python2.7/dist-packages/autoware_config_msgs/msg/_ConfigCarFusion.pyc
[1.920s] -- Up-to-date: /home/agilex/autoware.ai/install/autoware_config_msgs/lib/python2.7/dist-packages/autoware_config_msgs/msg/_ConfigTwistFilter.pyc
[1.921s] -- Up-to-date: /home/agilex/autoware.ai/install/autoware_config_msgs/lib/python2.7/dist-packages/autoware_config_msgs/msg/_ConfigNDTMappingOutput.py
[1.921s] -- Up-to-date: /home/agilex/autoware.ai/install/autoware_config_msgs/lib/python2.7/dist-packages/autoware_config_msgs/msg/_ConfigPedestrianKF.py
[1.921s] -- Up-to-date: /home/agilex/autoware.ai/install/autoware_config_msgs/lib/python2.7/dist-packages/autoware_config_msgs/msg/_ConfigRcnn.pyc
[1.921s] -- Up-to-date: /home/agilex/autoware.ai/install/autoware_config_msgs/lib/python2.7/dist-packages/autoware_config_msgs/msg/_ConfigPoints2Polygon.pyc
[1.921s] -- Up-to-date: /home/agilex/autoware.ai/install/autoware_config_msgs/lib/python2.7/dist-packages/autoware_config_msgs/msg/_ConfigRingGroundFilter.pyc
[1.921s] -- Up-to-date: /home/agilex/autoware.ai/install/autoware_config_msgs/lib/python2.7/dist-packages/autoware_config_msgs/msg/_ConfigLaneSelect.pyc
[1.921s] -- Up-to-date: /home/agilex/autoware.ai/install/autoware_config_msgs/lib/python2.7/dist-packages/autoware_config_msgs/msg/_ConfigLaneStop.pyc
[1.921s] -- Up-to-date: /home/agilex/autoware.ai/install/autoware_config_msgs/lib/python2.7/dist-packages/autoware_config_msgs/msg/_ConfigLatticeVelocitySet.py
[1.921s] -- Up-to-date: /home/agilex/autoware.ai/install/autoware_config_msgs/lib/python2.7/dist-packages/autoware_config_msgs/msg/_ConfigPedestrianFusion.pyc
[1.921s] -- Up-to-date: /home/agilex/autoware.ai/install/autoware_config_msgs/lib/python2.7/dist-packages/autoware_config_msgs/msg/_ConfigLaneStop.py
[1.921s] -- Up-to-date: /home/agilex/autoware.ai/install/autoware_config_msgs/lib/python2.7/dist-packages/autoware_config_msgs/msg/_ConfigSSD.py
[1.921s] -- Up-to-date: /home/agilex/autoware.ai/install/autoware_config_msgs/lib/python2.7/dist-packages/autoware_config_msgs/msg/_ConfigNDT.pyc
[1.922s] -- Up-to-date: /home/agilex/autoware.ai/install/autoware_config_msgs/lib/python2.7/dist-packages/autoware_config_msgs/msg/_ConfigLaneRule.py
[1.922s] -- Up-to-date: /home/agilex/autoware.ai/install/autoware_config_msgs/lib/python2.7/dist-packages/autoware_config_msgs/msg/_ConfigICP.pyc
[1.922s] -- Up-to-date: /home/agilex/autoware.ai/install/autoware_config_msgs/lib/python2.7/dist-packages/autoware_config_msgs/msg/_ConfigWaypointReplanner.pyc
[1.922s] -- Up-to-date: /home/agilex/autoware.ai/install/autoware_config_msgs/lib/python2.7/dist-packages/autoware_config_msgs/msg/__init__.pyc
[1.922s] -- Up-to-date: /home/agilex/autoware.ai/install/autoware_config_msgs/lib/python2.7/dist-packages/autoware_config_msgs/msg/_ConfigVoxelGridFilter.py
[1.922s] -- Up-to-date: /home/agilex/autoware.ai/install/autoware_config_msgs/lib/python2.7/dist-packages/autoware_config_msgs/msg/_ConfigRandomFilter.py
[1.922s] -- Up-to-date: /home/agilex/autoware.ai/install/autoware_config_msgs/lib/python2.7/dist-packages/autoware_config_msgs/msg/_ConfigRingFilter.py
[1.922s] -- Up-to-date: /home/agilex/autoware.ai/install/autoware_config_msgs/lib/python2.7/dist-packages/autoware_config_msgs/msg/_ConfigLaneRule.pyc
[1.922s] -- Up-to-date: /home/agilex/autoware.ai/install/autoware_config_msgs/lib/python2.7/dist-packages/autoware_config_msgs/msg/_ConfigNDTMapping.py
[1.922s] -- Up-to-date: /home/agilex/autoware.ai/install/autoware_config_msgs/lib/python2.7/dist-packages/autoware_config_msgs/msg/_ConfigNDTMappingOutput.pyc
[1.922s] -- Up-to-date: /home/agilex/autoware.ai/install/autoware_config_msgs/lib/python2.7/dist-packages/autoware_config_msgs/msg/_ConfigPedestrianFusion.py
[1.922s] -- Up-to-date: /home/agilex/autoware.ai/install/autoware_config_msgs/lib/python2.7/dist-packages/autoware_config_msgs/msg/__init__.py
[1.923s] -- Up-to-date: /home/agilex/autoware.ai/install/autoware_config_msgs/lib/python2.7/dist-packages/autoware_config_msgs/msg/_ConfigLatticeVelocitySet.pyc
[1.923s] -- Up-to-date: /home/agilex/autoware.ai/install/autoware_config_msgs/lib/python2.7/dist-packages/autoware_config_msgs/msg/_ConfigVoxelGridFilter.pyc
[1.923s] -- Up-to-date: /home/agilex/autoware.ai/install/autoware_config_msgs/lib/python2.7/dist-packages/autoware_config_msgs/msg/_ConfigCarDPM.pyc
[1.923s] -- Up-to-date: /home/agilex/autoware.ai/install/autoware_config_msgs/lib/python2.7/dist-packages/autoware_config_msgs/msg/_ConfigCarKF.py
[1.923s] -- Up-to-date: /home/agilex/autoware.ai/install/autoware_config_msgs/lib/python2.7/dist-packages/autoware_config_msgs/msg/_ConfigRcnn.py
[1.923s] -- Up-to-date: /home/agilex/autoware.ai/install/autoware_config_msgs/lib/python2.7/dist-packages/autoware_config_msgs/msg/_ConfigDecisionMaker.py
[1.923s] -- Up-to-date: /home/agilex/autoware.ai/install/autoware_config_msgs/lib/python2.7/dist-packages/autoware_config_msgs/msg/_ConfigPedestrianDPM.py
[1.923s] -- Up-to-date: /home/agilex/autoware.ai/install/autoware_config_msgs/lib/python2.7/dist-packages/autoware_config_msgs/msg/_ConfigICP.py
[1.923s] -- Up-to-date: /home/agilex/autoware.ai/install/autoware_config_msgs/lib/python2.7/dist-packages/autoware_config_msgs/msg/_ConfigRayGroundFilter.pyc
[1.923s] -- Up-to-date: /home/agilex/autoware.ai/install/autoware_config_msgs/lib/python2.7/dist-packages/autoware_config_msgs/msg/_ConfigCompareMapFilter.py
[1.923s] -- Up-to-date: /home/agilex/autoware.ai/install/autoware_config_msgs/lib/python2.7/dist-packages/autoware_config_msgs/msg/_ConfigPlannerSelector.pyc
[1.924s] -- Up-to-date: /home/agilex/autoware.ai/install/autoware_config_msgs/lib/python2.7/dist-packages/autoware_config_msgs/msg/_ConfigCarKF.pyc
[1.924s] -- Up-to-date: /home/agilex/autoware.ai/install/autoware_config_msgs/lib/python2.7/dist-packages/autoware_config_msgs/msg/_ConfigDistanceFilter.py
[1.924s] -- Up-to-date: /home/agilex/autoware.ai/install/autoware_config_msgs/lib/python2.7/dist-packages/autoware_config_msgs/msg/_ConfigRayGroundFilter.py
[1.924s] -- Up-to-date: /home/agilex/autoware.ai/install/autoware_config_msgs/lib/python2.7/dist-packages/autoware_config_msgs/msg/_ConfigNDTMapping.pyc
[1.924s] -- Up-to-date: /home/agilex/autoware.ai/install/autoware_config_msgs/lib/python2.7/dist-packages/autoware_config_msgs/msg/_ConfigLaneSelect.py
[1.924s] -- Up-to-date: /home/agilex/autoware.ai/install/autoware_config_msgs/lib/python2.7/dist-packages/autoware_config_msgs/msg/_ConfigPedestrianDPM.pyc
[1.924s] -- Up-to-date: /home/agilex/autoware.ai/install/autoware_config_msgs/lib/python2.7/dist-packages/autoware_config_msgs/msg/_ConfigPlannerSelector.py
[1.924s] -- Up-to-date: /home/agilex/autoware.ai/install/autoware_config_msgs/lib/python2.7/dist-packages/autoware_config_msgs/msg/_ConfigCarDPM.py
[1.924s] -- Up-to-date: /home/agilex/autoware.ai/install/autoware_config_msgs/lib/python2.7/dist-packages/autoware_config_msgs/msg/_ConfigPedestrianKF.pyc
[1.924s] -- Up-to-date: /home/agilex/autoware.ai/install/autoware_config_msgs/lib/python2.7/dist-packages/autoware_config_msgs/msg/_ConfigWaypointFollower.pyc
[1.924s] -- Up-to-date: /home/agilex/autoware.ai/install/autoware_config_msgs/lib/python2.7/dist-packages/autoware_config_msgs/__init__.py
[1.924s] -- Up-to-date: /home/agilex/autoware.ai/install/autoware_config_msgs/lib/pkgconfig/autoware_config_msgs.pc
[1.925s] -- Up-to-date: /home/agilex/autoware.ai/install/autoware_config_msgs/share/autoware_config_msgs/cmake/autoware_config_msgs-msg-extras.cmake
[1.925s] -- Up-to-date: /home/agilex/autoware.ai/install/autoware_config_msgs/share/autoware_config_msgs/cmake/autoware_config_msgsConfig.cmake
[1.925s] -- Up-to-date: /home/agilex/autoware.ai/install/autoware_config_msgs/share/autoware_config_msgs/cmake/autoware_config_msgsConfig-version.cmake
[1.925s] -- Up-to-date: /home/agilex/autoware.ai/install/autoware_config_msgs/share/autoware_config_msgs/package.xml
[1.928s] Invoked command in '/home/agilex/autoware.ai/build/autoware_config_msgs' returned '0': /usr/bin/cmake --build /home/agilex/autoware.ai/build/autoware_config_msgs --target install -- -j8 -l8
