[0.034s] Invoking command in '/home/agilex/autoware.ai/build/autoware_can_msgs': /usr/bin/cmake --build /home/agilex/autoware.ai/build/autoware_can_msgs -- -j8 -l8
[0.210s] [  0%] Built target std_msgs_generate_messages_eus
[0.211s] [  0%] Built target std_msgs_generate_messages_lisp
[0.211s] [  0%] Built target std_msgs_generate_messages_cpp
[0.212s] [  0%] Built target std_msgs_generate_messages_py
[0.237s] [  0%] Built target std_msgs_generate_messages_nodejs
[0.292s] [  0%] Built target _autoware_can_msgs_generate_messages_check_deps_CANData
[0.305s] [  0%] Built target _autoware_can_msgs_generate_messages_check_deps_CANPacket
[0.319s] [  0%] Built target _autoware_can_msgs_generate_messages_check_deps_CANInfo
[0.361s] [ 17%] Built target autoware_can_msgs_generate_messages_nodejs
[0.405s] [ 41%] Built target autoware_can_msgs_generate_messages_py
[0.415s] [ 58%] Built target autoware_can_msgs_generate_messages_lisp
[0.420s] [ 76%] Built target autoware_can_msgs_generate_messages_cpp
[0.428s] [100%] Built target autoware_can_msgs_generate_messages_eus
[0.475s] [100%] Built target autoware_can_msgs_generate_messages
[0.484s] Invoked command in '/home/agilex/autoware.ai/build/autoware_can_msgs' returned '0': /usr/bin/cmake --build /home/agilex/autoware.ai/build/autoware_can_msgs -- -j8 -l8
[0.741s] Invoking command in '/home/agilex/autoware.ai/build/autoware_can_msgs': /usr/bin/cmake --build /home/agilex/autoware.ai/build/autoware_can_msgs --target tests -- -j8 -l8
[0.894s] Built target tests
[0.940s] Invoked command in '/home/agilex/autoware.ai/build/autoware_can_msgs' returned '0': /usr/bin/cmake --build /home/agilex/autoware.ai/build/autoware_can_msgs --target tests -- -j8 -l8
[1.082s] Invoking command in '/home/agilex/autoware.ai/build/autoware_can_msgs': /usr/bin/cmake --build /home/agilex/autoware.ai/build/autoware_can_msgs --target install -- -j8 -l8
[1.151s] [  0%] Built target std_msgs_generate_messages_nodejs
[1.157s] [  0%] Built target std_msgs_generate_messages_cpp
[1.164s] [  0%] Built target std_msgs_generate_messages_lisp
[1.167s] [  0%] Built target std_msgs_generate_messages_eus
[1.182s] [  0%] Built target std_msgs_generate_messages_py
[1.205s] [  0%] Built target _autoware_can_msgs_generate_messages_check_deps_CANPacket
[1.219s] [  0%] Built target _autoware_can_msgs_generate_messages_check_deps_CANData
[1.248s] [  0%] Built target _autoware_can_msgs_generate_messages_check_deps_CANInfo
[1.272s] [ 23%] Built target autoware_can_msgs_generate_messages_eus
[1.272s] [ 41%] Built target autoware_can_msgs_generate_messages_lisp
[1.277s] [ 64%] Built target autoware_can_msgs_generate_messages_py
[1.281s] [ 82%] Built target autoware_can_msgs_generate_messages_nodejs
[1.282s] [100%] Built target autoware_can_msgs_generate_messages_cpp
[1.301s] [100%] Built target autoware_can_msgs_generate_messages
[1.316s] [36mInstall the project...[0m
[1.325s] -- Install configuration: "Release"
[1.326s] -- Up-to-date: /home/agilex/autoware.ai/install/autoware_can_msgs/share/autoware_can_msgs/msg/CANInfo.msg
[1.326s] -- Up-to-date: /home/agilex/autoware.ai/install/autoware_can_msgs/share/autoware_can_msgs/msg/CANData.msg
[1.326s] -- Up-to-date: /home/agilex/autoware.ai/install/autoware_can_msgs/share/autoware_can_msgs/msg/CANPacket.msg
[1.326s] -- Up-to-date: /home/agilex/autoware.ai/install/autoware_can_msgs/share/autoware_can_msgs/cmake/autoware_can_msgs-msg-paths.cmake
[1.326s] -- Up-to-date: /home/agilex/autoware.ai/install/autoware_can_msgs/include/autoware_can_msgs
[1.326s] -- Up-to-date: /home/agilex/autoware.ai/install/autoware_can_msgs/include/autoware_can_msgs/CANData.h
[1.326s] -- Up-to-date: /home/agilex/autoware.ai/install/autoware_can_msgs/include/autoware_can_msgs/CANInfo.h
[1.326s] -- Up-to-date: /home/agilex/autoware.ai/install/autoware_can_msgs/include/autoware_can_msgs/CANPacket.h
[1.326s] -- Up-to-date: /home/agilex/autoware.ai/install/autoware_can_msgs/share/roseus/ros/autoware_can_msgs
[1.326s] -- Up-to-date: /home/agilex/autoware.ai/install/autoware_can_msgs/share/roseus/ros/autoware_can_msgs/manifest.l
[1.327s] -- Up-to-date: /home/agilex/autoware.ai/install/autoware_can_msgs/share/roseus/ros/autoware_can_msgs/msg
[1.327s] -- Up-to-date: /home/agilex/autoware.ai/install/autoware_can_msgs/share/roseus/ros/autoware_can_msgs/msg/CANData.l
[1.327s] -- Up-to-date: /home/agilex/autoware.ai/install/autoware_can_msgs/share/roseus/ros/autoware_can_msgs/msg/CANInfo.l
[1.327s] -- Up-to-date: /home/agilex/autoware.ai/install/autoware_can_msgs/share/roseus/ros/autoware_can_msgs/msg/CANPacket.l
[1.327s] -- Up-to-date: /home/agilex/autoware.ai/install/autoware_can_msgs/share/common-lisp/ros/autoware_can_msgs
[1.327s] -- Up-to-date: /home/agilex/autoware.ai/install/autoware_can_msgs/share/common-lisp/ros/autoware_can_msgs/msg
[1.327s] -- Up-to-date: /home/agilex/autoware.ai/install/autoware_can_msgs/share/common-lisp/ros/autoware_can_msgs/msg/_package_CANInfo.lisp
[1.327s] -- Up-to-date: /home/agilex/autoware.ai/install/autoware_can_msgs/share/common-lisp/ros/autoware_can_msgs/msg/_package.lisp
[1.327s] -- Up-to-date: /home/agilex/autoware.ai/install/autoware_can_msgs/share/common-lisp/ros/autoware_can_msgs/msg/_package_CANPacket.lisp
[1.327s] -- Up-to-date: /home/agilex/autoware.ai/install/autoware_can_msgs/share/common-lisp/ros/autoware_can_msgs/msg/CANPacket.lisp
[1.327s] -- Up-to-date: /home/agilex/autoware.ai/install/autoware_can_msgs/share/common-lisp/ros/autoware_can_msgs/msg/CANInfo.lisp
[1.327s] -- Up-to-date: /home/agilex/autoware.ai/install/autoware_can_msgs/share/common-lisp/ros/autoware_can_msgs/msg/_package_CANData.lisp
[1.327s] -- Up-to-date: /home/agilex/autoware.ai/install/autoware_can_msgs/share/common-lisp/ros/autoware_can_msgs/msg/autoware_can_msgs-msg.asd
[1.327s] -- Up-to-date: /home/agilex/autoware.ai/install/autoware_can_msgs/share/common-lisp/ros/autoware_can_msgs/msg/CANData.lisp
[1.335s] -- Up-to-date: /home/agilex/autoware.ai/install/autoware_can_msgs/share/gennodejs/ros/autoware_can_msgs
[1.335s] -- Up-to-date: /home/agilex/autoware.ai/install/autoware_can_msgs/share/gennodejs/ros/autoware_can_msgs/msg
[1.335s] -- Up-to-date: /home/agilex/autoware.ai/install/autoware_can_msgs/share/gennodejs/ros/autoware_can_msgs/msg/CANPacket.js
[1.336s] -- Up-to-date: /home/agilex/autoware.ai/install/autoware_can_msgs/share/gennodejs/ros/autoware_can_msgs/msg/_index.js
[1.336s] -- Up-to-date: /home/agilex/autoware.ai/install/autoware_can_msgs/share/gennodejs/ros/autoware_can_msgs/msg/CANInfo.js
[1.336s] -- Up-to-date: /home/agilex/autoware.ai/install/autoware_can_msgs/share/gennodejs/ros/autoware_can_msgs/msg/CANData.js
[1.336s] -- Up-to-date: /home/agilex/autoware.ai/install/autoware_can_msgs/share/gennodejs/ros/autoware_can_msgs/_index.js
[1.339s] Listing /home/agilex/autoware.ai/build/autoware_can_msgs/devel/lib/python2.7/dist-packages/autoware_can_msgs ...
[1.342s] Listing /home/agilex/autoware.ai/build/autoware_can_msgs/devel/lib/python2.7/dist-packages/autoware_can_msgs/msg ...
[1.342s] -- Up-to-date: /home/agilex/autoware.ai/install/autoware_can_msgs/lib/python2.7/dist-packages/autoware_can_msgs
[1.342s] -- Up-to-date: /home/agilex/autoware.ai/install/autoware_can_msgs/lib/python2.7/dist-packages/autoware_can_msgs/__init__.pyc
[1.342s] -- Up-to-date: /home/agilex/autoware.ai/install/autoware_can_msgs/lib/python2.7/dist-packages/autoware_can_msgs/msg
[1.342s] -- Up-to-date: /home/agilex/autoware.ai/install/autoware_can_msgs/lib/python2.7/dist-packages/autoware_can_msgs/msg/_CANData.pyc
[1.343s] -- Up-to-date: /home/agilex/autoware.ai/install/autoware_can_msgs/lib/python2.7/dist-packages/autoware_can_msgs/msg/__init__.pyc
[1.343s] -- Up-to-date: /home/agilex/autoware.ai/install/autoware_can_msgs/lib/python2.7/dist-packages/autoware_can_msgs/msg/_CANInfo.py
[1.343s] -- Up-to-date: /home/agilex/autoware.ai/install/autoware_can_msgs/lib/python2.7/dist-packages/autoware_can_msgs/msg/_CANData.py
[1.343s] -- Up-to-date: /home/agilex/autoware.ai/install/autoware_can_msgs/lib/python2.7/dist-packages/autoware_can_msgs/msg/_CANPacket.pyc
[1.343s] -- Up-to-date: /home/agilex/autoware.ai/install/autoware_can_msgs/lib/python2.7/dist-packages/autoware_can_msgs/msg/__init__.py
[1.343s] -- Up-to-date: /home/agilex/autoware.ai/install/autoware_can_msgs/lib/python2.7/dist-packages/autoware_can_msgs/msg/_CANInfo.pyc
[1.343s] -- Up-to-date: /home/agilex/autoware.ai/install/autoware_can_msgs/lib/python2.7/dist-packages/autoware_can_msgs/msg/_CANPacket.py
[1.343s] -- Up-to-date: /home/agilex/autoware.ai/install/autoware_can_msgs/lib/python2.7/dist-packages/autoware_can_msgs/__init__.py
[1.344s] -- Up-to-date: /home/agilex/autoware.ai/install/autoware_can_msgs/lib/pkgconfig/autoware_can_msgs.pc
[1.344s] -- Up-to-date: /home/agilex/autoware.ai/install/autoware_can_msgs/share/autoware_can_msgs/cmake/autoware_can_msgs-msg-extras.cmake
[1.344s] -- Up-to-date: /home/agilex/autoware.ai/install/autoware_can_msgs/share/autoware_can_msgs/cmake/autoware_can_msgsConfig.cmake
[1.344s] -- Up-to-date: /home/agilex/autoware.ai/install/autoware_can_msgs/share/autoware_can_msgs/cmake/autoware_can_msgsConfig-version.cmake
[1.344s] -- Up-to-date: /home/agilex/autoware.ai/install/autoware_can_msgs/share/autoware_can_msgs/package.xml
[1.349s] Invoked command in '/home/agilex/autoware.ai/build/autoware_can_msgs' returned '0': /usr/bin/cmake --build /home/agilex/autoware.ai/build/autoware_can_msgs --target install -- -j8 -l8
