[0.005s] Invoking command in '/home/agilex/autoware.ai/build/autoware_map_msgs': /usr/bin/cmake /home/agilex/autoware.ai/src/autoware/messages/autoware_map_msgs -DCMAKE_BUILD_TYPE=Release -DCATKIN_INSTALL_INTO_PREFIX_ROOT=0 -DCMAKE_INSTALL_PREFIX=/home/agilex/autoware.ai/install/autoware_map_msgs
[0.084s] -- The C compiler identification is GNU 7.5.0
[0.143s] -- The CXX compiler identification is GNU 7.5.0
[0.148s] -- Check for working C compiler: /usr/bin/cc
[0.241s] -- Check for working C compiler: /usr/bin/cc -- works
[0.241s] -- Detecting C compiler ABI info
[0.329s] -- Detecting C compiler ABI info - done
[0.340s] -- Detecting C compile features
[0.630s] -- Detecting C compile features - done
[0.633s] -- Check for working CXX compiler: /usr/bin/c++
[0.716s] -- Check for working CXX compiler: /usr/bin/c++ -- works
[0.716s] -- Detecting CXX compiler ABI info
[0.806s] -- Detecting CXX compiler ABI info - done
[0.814s] -- Detecting CXX compile features
[1.189s] -- Detecting CXX compile features - done
[1.191s] -- Using CATKIN_DEVEL_PREFIX: /home/agilex/autoware.ai/build/autoware_map_msgs/devel
[1.192s] -- Using CMAKE_PREFIX_PATH: /opt/ros/melodic
[1.192s] -- This workspace overlays: /opt/ros/melodic
[1.209s] -- Found PythonInterp: /usr/bin/python2 (found suitable version "2.7.17", minimum required is "2") 
[1.210s] -- Using PYTHON_EXECUTABLE: /usr/bin/python2
[1.210s] -- Using Debian Python package layout
[1.210s] -- Using empy: /usr/bin/empy
[1.366s] -- Using CATKIN_ENABLE_TESTING: ON
[1.366s] -- Call enable_testing()
[1.368s] -- Using CATKIN_TEST_RESULTS_DIR: /home/agilex/autoware.ai/build/autoware_map_msgs/test_results
[1.385s] -- Found gtest sources under '/usr/src/googletest': gtests will be built
[1.385s] -- Found gmock sources under '/usr/src/googletest': gmock will be built
[1.398s] -- Found PythonInterp: /usr/bin/python2 (found version "2.7.17") 
[1.399s] -- Looking for pthread.h
[1.455s] -- Looking for pthread.h - found
[1.455s] -- Looking for pthread_create
[1.522s] -- Looking for pthread_create - not found
[1.523s] -- Looking for pthread_create in pthreads
[1.575s] -- Looking for pthread_create in pthreads - not found
[1.581s] -- Looking for pthread_create in pthread
[1.631s] -- Looking for pthread_create in pthread - found
[1.633s] -- Found Threads: TRUE  
[1.637s] -- Using Python nosetests: /usr/bin/nosetests-2.7
[1.679s] -- catkin 0.7.29
[1.679s] -- BUILD_SHARED_LIBS is on
[1.796s] -- Using these message generators: gencpp;geneus;genlisp;gennodejs;genpy
[2.038s] -- autoware_map_msgs: 30 messages, 0 services
[2.207s] -- Configuring done
[2.250s] -- Generating done
[2.257s] -- Build files have been written to: /home/agilex/autoware.ai/build/autoware_map_msgs
[2.266s] Invoked command in '/home/agilex/autoware.ai/build/autoware_map_msgs' returned '0': /usr/bin/cmake /home/agilex/autoware.ai/src/autoware/messages/autoware_map_msgs -DCMAKE_BUILD_TYPE=Release -DCATKIN_INSTALL_INTO_PREFIX_ROOT=0 -DCMAKE_INSTALL_PREFIX=/home/agilex/autoware.ai/install/autoware_map_msgs
[2.267s] Invoking command in '/home/agilex/autoware.ai/build/autoware_map_msgs': /usr/bin/cmake --build /home/agilex/autoware.ai/build/autoware_map_msgs -- -j8 -l8
[2.302s] [35m[1mScanning dependencies of target _autoware_map_msgs_generate_messages_check_deps_OppositeLaneRelationArray[0m
[2.333s] [  0%] Built target _autoware_map_msgs_generate_messages_check_deps_OppositeLaneRelationArray
[2.342s] [35m[1mScanning dependencies of target _autoware_map_msgs_generate_messages_check_deps_OppositeLaneRelation[0m
[2.373s] [  0%] Built target _autoware_map_msgs_generate_messages_check_deps_OppositeLaneRelation
[2.382s] [35m[1mScanning dependencies of target _autoware_map_msgs_generate_messages_check_deps_Area[0m
[2.416s] [  0%] Built target _autoware_map_msgs_generate_messages_check_deps_Area
[2.425s] [35m[1mScanning dependencies of target _autoware_map_msgs_generate_messages_check_deps_SignalArray[0m
[2.454s] [  0%] Built target _autoware_map_msgs_generate_messages_check_deps_SignalArray
[2.463s] [35m[1mScanning dependencies of target _autoware_map_msgs_generate_messages_check_deps_AreaArray[0m
[2.494s] [  0%] Built target _autoware_map_msgs_generate_messages_check_deps_AreaArray
[2.503s] [35m[1mScanning dependencies of target _autoware_map_msgs_generate_messages_check_deps_LaneAttributeRelation[0m
[2.549s] [  0%] Built target _autoware_map_msgs_generate_messages_check_deps_LaneAttributeRelation
[2.558s] [35m[1mScanning dependencies of target _autoware_map_msgs_generate_messages_check_deps_PointArray[0m
[2.593s] [  0%] Built target _autoware_map_msgs_generate_messages_check_deps_PointArray
[2.602s] [35m[1mScanning dependencies of target _autoware_map_msgs_generate_messages_check_deps_LaneSignalLightRelationArray[0m
[2.634s] [  0%] Built target _autoware_map_msgs_generate_messages_check_deps_LaneSignalLightRelationArray
[2.645s] [35m[1mScanning dependencies of target _autoware_map_msgs_generate_messages_check_deps_Signal[0m
[2.681s] [  0%] Built target _autoware_map_msgs_generate_messages_check_deps_Signal
[2.690s] [35m[1mScanning dependencies of target _autoware_map_msgs_generate_messages_check_deps_WayareaArray[0m
[2.725s] [  0%] Built target _autoware_map_msgs_generate_messages_check_deps_WayareaArray
[2.735s] [35m[1mScanning dependencies of target _autoware_map_msgs_generate_messages_check_deps_WaypointLaneRelation[0m
[2.770s] [  0%] Built target _autoware_map_msgs_generate_messages_check_deps_WaypointLaneRelation
[2.783s] [35m[1mScanning dependencies of target _autoware_map_msgs_generate_messages_check_deps_Waypoint[0m
[2.822s] [  0%] Built target _autoware_map_msgs_generate_messages_check_deps_Waypoint
[2.831s] [35m[1mScanning dependencies of target _autoware_map_msgs_generate_messages_check_deps_WaypointRelation[0m
[2.866s] [  0%] Built target _autoware_map_msgs_generate_messages_check_deps_WaypointRelation
[2.877s] [35m[1mScanning dependencies of target _autoware_map_msgs_generate_messages_check_deps_WaypointSignalRelationArray[0m
[2.915s] [  0%] Built target _autoware_map_msgs_generate_messages_check_deps_WaypointSignalRelationArray
[2.923s] [35m[1mScanning dependencies of target _autoware_map_msgs_generate_messages_check_deps_Lane[0m
[2.963s] [  0%] Built target _autoware_map_msgs_generate_messages_check_deps_Lane
[2.973s] [35m[1mScanning dependencies of target _autoware_map_msgs_generate_messages_check_deps_LaneArray[0m
[3.010s] [  0%] Built target _autoware_map_msgs_generate_messages_check_deps_LaneArray
[3.022s] [35m[1mScanning dependencies of target _autoware_map_msgs_generate_messages_check_deps_Point[0m
[3.058s] [  0%] Built target _autoware_map_msgs_generate_messages_check_deps_Point
[3.072s] [35m[1mScanning dependencies of target _autoware_map_msgs_generate_messages_check_deps_WaypointLaneRelationArray[0m
[3.107s] [  0%] Built target _autoware_map_msgs_generate_messages_check_deps_WaypointLaneRelationArray
[3.120s] [35m[1mScanning dependencies of target _autoware_map_msgs_generate_messages_check_deps_LaneAttributeRelationArray[0m
[3.154s] [  0%] Built target _autoware_map_msgs_generate_messages_check_deps_LaneAttributeRelationArray
[3.165s] [35m[1mScanning dependencies of target _autoware_map_msgs_generate_messages_check_deps_LaneChangeRelationArray[0m
[3.200s] [  0%] Built target _autoware_map_msgs_generate_messages_check_deps_LaneChangeRelationArray
[3.210s] [35m[1mScanning dependencies of target _autoware_map_msgs_generate_messages_check_deps_SignalLight[0m
[3.242s] [  0%] Built target _autoware_map_msgs_generate_messages_check_deps_SignalLight
[3.253s] [35m[1mScanning dependencies of target _autoware_map_msgs_generate_messages_check_deps_LaneChangeRelation[0m
[3.289s] [  0%] Built target _autoware_map_msgs_generate_messages_check_deps_LaneChangeRelation
[3.299s] [35m[1mScanning dependencies of target std_msgs_generate_messages_lisp[0m
[3.312s] [  0%] Built target std_msgs_generate_messages_lisp
[3.329s] [35m[1mScanning dependencies of target _autoware_map_msgs_generate_messages_check_deps_WaypointSignalRelation[0m
[3.363s] [  0%] Built target _autoware_map_msgs_generate_messages_check_deps_WaypointSignalRelation
[3.373s] [35m[1mScanning dependencies of target _autoware_map_msgs_generate_messages_check_deps_SignalLightArray[0m
[3.409s] [  0%] Built target _autoware_map_msgs_generate_messages_check_deps_SignalLightArray
[3.420s] [35m[1mScanning dependencies of target std_msgs_generate_messages_eus[0m
[3.430s] [  0%] Built target std_msgs_generate_messages_eus
[3.440s] [35m[1mScanning dependencies of target std_msgs_generate_messages_nodejs[0m
[3.452s] [  0%] Built target std_msgs_generate_messages_nodejs
[3.465s] [35m[1mScanning dependencies of target std_msgs_generate_messages_py[0m
[3.474s] [  0%] Built target std_msgs_generate_messages_py
[3.484s] [35m[1mScanning dependencies of target std_msgs_generate_messages_cpp[0m
[3.497s] [  0%] Built target std_msgs_generate_messages_cpp
[3.507s] [35m[1mScanning dependencies of target _autoware_map_msgs_generate_messages_check_deps_LaneRelationArray[0m
[3.544s] [  0%] Built target _autoware_map_msgs_generate_messages_check_deps_LaneRelationArray
[3.554s] [35m[1mScanning dependencies of target _autoware_map_msgs_generate_messages_check_deps_WaypointArray[0m
[3.589s] [  0%] Built target _autoware_map_msgs_generate_messages_check_deps_WaypointArray
[3.598s] [35m[1mScanning dependencies of target _autoware_map_msgs_generate_messages_check_deps_WaypointRelationArray[0m
[3.636s] [  0%] Built target _autoware_map_msgs_generate_messages_check_deps_WaypointRelationArray
[3.646s] [35m[1mScanning dependencies of target _autoware_map_msgs_generate_messages_check_deps_LaneSignalLightRelation[0m
[3.683s] [  0%] Built target _autoware_map_msgs_generate_messages_check_deps_LaneSignalLightRelation
[3.693s] [35m[1mScanning dependencies of target _autoware_map_msgs_generate_messages_check_deps_Wayarea[0m
[3.727s] [  0%] Built target _autoware_map_msgs_generate_messages_check_deps_Wayarea
[3.739s] [35m[1mScanning dependencies of target _autoware_map_msgs_generate_messages_check_deps_LaneRelation[0m
[3.774s] [  0%] Built target _autoware_map_msgs_generate_messages_check_deps_LaneRelation
[3.785s] [35m[1mScanning dependencies of target autoware_map_msgs_generate_messages_lisp[0m
[3.797s] [  1%] [34m[1mGenerating Lisp code from autoware_map_msgs/LaneSignalLightRelationArray.msg[0m
[3.839s] [  1%] [34m[1mGenerating Lisp code from autoware_map_msgs/OppositeLaneRelation.msg[0m
[3.881s] [  2%] [34m[1mGenerating Lisp code from autoware_map_msgs/LaneSignalLightRelation.msg[0m
[3.923s] [  3%] [34m[1mGenerating Lisp code from autoware_map_msgs/WaypointLaneRelationArray.msg[0m
[3.964s] [  3%] [34m[1mGenerating Lisp code from autoware_map_msgs/WaypointLaneRelation.msg[0m
[4.008s] [  4%] [34m[1mGenerating Lisp code from autoware_map_msgs/WaypointRelationArray.msg[0m
[4.054s] [  4%] [34m[1mGenerating Lisp code from autoware_map_msgs/Waypoint.msg[0m
[4.098s] [  5%] [34m[1mGenerating Lisp code from autoware_map_msgs/LaneAttributeRelation.msg[0m
[4.144s] [  6%] [34m[1mGenerating Lisp code from autoware_map_msgs/WaypointSignalRelationArray.msg[0m
[4.186s] [  6%] [34m[1mGenerating Lisp code from autoware_map_msgs/LaneArray.msg[0m
[4.228s] [  7%] [34m[1mGenerating Lisp code from autoware_map_msgs/Point.msg[0m
[4.273s] [  8%] [34m[1mGenerating Lisp code from autoware_map_msgs/Signal.msg[0m
[4.318s] [  8%] [34m[1mGenerating Lisp code from autoware_map_msgs/LaneAttributeRelationArray.msg[0m
[4.359s] [  9%] [34m[1mGenerating Lisp code from autoware_map_msgs/LaneChangeRelationArray.msg[0m
[4.396s] [  9%] [34m[1mGenerating Lisp code from autoware_map_msgs/WayareaArray.msg[0m
[4.436s] [ 10%] [34m[1mGenerating Lisp code from autoware_map_msgs/SignalLight.msg[0m
[4.476s] [ 11%] [34m[1mGenerating Lisp code from autoware_map_msgs/WaypointSignalRelation.msg[0m
[4.514s] [ 11%] [34m[1mGenerating Lisp code from autoware_map_msgs/Lane.msg[0m
[4.553s] [ 12%] [34m[1mGenerating Lisp code from autoware_map_msgs/LaneChangeRelation.msg[0m
[4.591s] [ 12%] [34m[1mGenerating Lisp code from autoware_map_msgs/AreaArray.msg[0m
[4.628s] [ 13%] [34m[1mGenerating Lisp code from autoware_map_msgs/SignalLightArray.msg[0m
[4.666s] [ 15%] [34m[1mGenerating Lisp code from autoware_map_msgs/PointArray.msg[0m
[4.705s] [ 15%] [34m[1mGenerating Lisp code from autoware_map_msgs/OppositeLaneRelationArray.msg[0m
[4.742s] [ 16%] [34m[1mGenerating Lisp code from autoware_map_msgs/SignalArray.msg[0m
[4.789s] [ 16%] [34m[1mGenerating Lisp code from autoware_map_msgs/Area.msg[0m
[4.828s] [ 17%] [34m[1mGenerating Lisp code from autoware_map_msgs/WaypointRelation.msg[0m
[4.866s] [ 18%] [34m[1mGenerating Lisp code from autoware_map_msgs/Wayarea.msg[0m
[4.903s] [ 18%] [34m[1mGenerating Lisp code from autoware_map_msgs/LaneRelation.msg[0m
[4.939s] [ 19%] [34m[1mGenerating Lisp code from autoware_map_msgs/WaypointArray.msg[0m
[4.978s] [ 19%] [34m[1mGenerating Lisp code from autoware_map_msgs/LaneRelationArray.msg[0m
[5.016s] [ 19%] Built target autoware_map_msgs_generate_messages_lisp
[5.025s] [35m[1mScanning dependencies of target autoware_map_msgs_generate_messages_cpp[0m
[5.035s] [ 19%] [34m[1mGenerating C++ code from autoware_map_msgs/LaneSignalLightRelationArray.msg[0m
[5.188s] [ 20%] [34m[1mGenerating C++ code from autoware_map_msgs/LaneSignalLightRelation.msg[0m
[5.394s] [ 20%] [34m[1mGenerating C++ code from autoware_map_msgs/WaypointLaneRelationArray.msg[0m
[5.557s] [ 21%] [34m[1mGenerating C++ code from autoware_map_msgs/WaypointLaneRelation.msg[0m
[5.725s] [ 21%] [34m[1mGenerating C++ code from autoware_map_msgs/WaypointRelationArray.msg[0m
[5.886s] [ 22%] [34m[1mGenerating C++ code from autoware_map_msgs/Waypoint.msg[0m
[6.055s] [ 23%] [34m[1mGenerating C++ code from autoware_map_msgs/LaneAttributeRelation.msg[0m
[6.219s] [ 23%] [34m[1mGenerating C++ code from autoware_map_msgs/WaypointSignalRelationArray.msg[0m
[6.366s] [ 24%] [34m[1mGenerating C++ code from autoware_map_msgs/LaneArray.msg[0m
[6.510s] [ 24%] [34m[1mGenerating C++ code from autoware_map_msgs/Point.msg[0m
[6.654s] [ 25%] [34m[1mGenerating C++ code from autoware_map_msgs/Signal.msg[0m
[6.801s] [ 26%] [34m[1mGenerating C++ code from autoware_map_msgs/LaneAttributeRelationArray.msg[0m
[6.951s] [ 26%] [34m[1mGenerating C++ code from autoware_map_msgs/LaneChangeRelationArray.msg[0m
[7.099s] [ 27%] [34m[1mGenerating C++ code from autoware_map_msgs/WayareaArray.msg[0m
[7.247s] [ 29%] [34m[1mGenerating C++ code from autoware_map_msgs/SignalLight.msg[0m
[7.401s] [ 29%] [34m[1mGenerating C++ code from autoware_map_msgs/WaypointSignalRelation.msg[0m
[7.551s] [ 30%] [34m[1mGenerating C++ code from autoware_map_msgs/Lane.msg[0m
[7.701s] [ 30%] [34m[1mGenerating C++ code from autoware_map_msgs/LaneChangeRelation.msg[0m
[7.853s] [ 31%] [34m[1mGenerating C++ code from autoware_map_msgs/AreaArray.msg[0m
[8.004s] [ 32%] [34m[1mGenerating C++ code from autoware_map_msgs/SignalLightArray.msg[0m
[8.155s] [ 32%] [34m[1mGenerating C++ code from autoware_map_msgs/PointArray.msg[0m
[8.303s] [ 33%] [34m[1mGenerating C++ code from autoware_map_msgs/OppositeLaneRelationArray.msg[0m
[8.453s] [ 33%] [34m[1mGenerating C++ code from autoware_map_msgs/SignalArray.msg[0m
[8.608s] [ 34%] [34m[1mGenerating C++ code from autoware_map_msgs/Area.msg[0m
[8.760s] [ 35%] [34m[1mGenerating C++ code from autoware_map_msgs/WaypointRelation.msg[0m
[8.910s] [ 35%] [34m[1mGenerating C++ code from autoware_map_msgs/Wayarea.msg[0m
[9.059s] [ 36%] [34m[1mGenerating C++ code from autoware_map_msgs/LaneRelation.msg[0m
[9.207s] [ 37%] [34m[1mGenerating C++ code from autoware_map_msgs/OppositeLaneRelation.msg[0m
[9.356s] [ 37%] [34m[1mGenerating C++ code from autoware_map_msgs/WaypointArray.msg[0m
[9.502s] [ 38%] [34m[1mGenerating C++ code from autoware_map_msgs/LaneRelationArray.msg[0m
[9.653s] [ 38%] Built target autoware_map_msgs_generate_messages_cpp
[9.663s] [35m[1mScanning dependencies of target autoware_map_msgs_generate_messages_py[0m
[9.672s] [ 38%] [34m[1mGenerating Python from MSG autoware_map_msgs/LaneSignalLightRelationArray[0m
[9.809s] [ 38%] [34m[1mGenerating Python from MSG autoware_map_msgs/WaypointLaneRelationArray[0m
[9.944s] [ 39%] [34m[1mGenerating Python from MSG autoware_map_msgs/WaypointLaneRelation[0m
[10.081s] [ 40%] [34m[1mGenerating Python from MSG autoware_map_msgs/WaypointRelationArray[0m
[10.216s] [ 40%] [34m[1mGenerating Python from MSG autoware_map_msgs/Waypoint[0m
[10.359s] [ 41%] [34m[1mGenerating Python from MSG autoware_map_msgs/LaneAttributeRelation[0m
[10.496s] [ 41%] [34m[1mGenerating Python from MSG autoware_map_msgs/WaypointSignalRelationArray[0m
[10.649s] [ 43%] [34m[1mGenerating Python from MSG autoware_map_msgs/LaneArray[0m
[10.789s] [ 44%] [34m[1mGenerating Python from MSG autoware_map_msgs/Point[0m
[10.926s] [ 44%] [34m[1mGenerating Python from MSG autoware_map_msgs/Signal[0m
[11.062s] [ 45%] [34m[1mGenerating Python from MSG autoware_map_msgs/LaneAttributeRelationArray[0m
[11.201s] [ 46%] [34m[1mGenerating Python from MSG autoware_map_msgs/LaneChangeRelationArray[0m
[11.349s] [ 46%] [34m[1mGenerating Python from MSG autoware_map_msgs/WayareaArray[0m
[11.500s] [ 47%] [34m[1mGenerating Python from MSG autoware_map_msgs/SignalLight[0m
[11.637s] [ 47%] [34m[1mGenerating Python from MSG autoware_map_msgs/WaypointSignalRelation[0m
[11.771s] [ 48%] [34m[1mGenerating Python from MSG autoware_map_msgs/Lane[0m
[11.910s] [ 49%] [34m[1mGenerating Python from MSG autoware_map_msgs/LaneChangeRelation[0m
[12.060s] [ 49%] [34m[1mGenerating Python from MSG autoware_map_msgs/AreaArray[0m
[12.187s] [ 50%] [34m[1mGenerating Python from MSG autoware_map_msgs/SignalLightArray[0m
[12.322s] [ 50%] [34m[1mGenerating Python from MSG autoware_map_msgs/PointArray[0m
[12.454s] [ 51%] [34m[1mGenerating Python from MSG autoware_map_msgs/OppositeLaneRelationArray[0m
[12.597s] [ 52%] [34m[1mGenerating Python from MSG autoware_map_msgs/SignalArray[0m
[12.743s] [ 52%] [34m[1mGenerating Python from MSG autoware_map_msgs/Area[0m
[12.885s] [ 53%] [34m[1mGenerating Python from MSG autoware_map_msgs/WaypointRelation[0m
[13.026s] [ 54%] [34m[1mGenerating Python from MSG autoware_map_msgs/Wayarea[0m
[13.167s] [ 54%] [34m[1mGenerating Python from MSG autoware_map_msgs/LaneRelation[0m
[13.311s] [ 55%] [34m[1mGenerating Python from MSG autoware_map_msgs/LaneSignalLightRelation[0m
[13.446s] [ 55%] [34m[1mGenerating Python from MSG autoware_map_msgs/OppositeLaneRelation[0m
[13.577s] [ 56%] [34m[1mGenerating Python from MSG autoware_map_msgs/WaypointArray[0m
[13.715s] [ 58%] [34m[1mGenerating Python from MSG autoware_map_msgs/LaneRelationArray[0m
[13.842s] [ 59%] [34m[1mGenerating Python msg __init__.py for autoware_map_msgs[0m
[13.980s] [ 59%] Built target autoware_map_msgs_generate_messages_py
[13.988s] [35m[1mScanning dependencies of target autoware_map_msgs_generate_messages_nodejs[0m
[13.998s] [ 60%] [34m[1mGenerating Javascript code from autoware_map_msgs/LaneSignalLightRelationArray.msg[0m
[14.037s] [ 61%] [34m[1mGenerating Javascript code from autoware_map_msgs/WaypointLaneRelation.msg[0m
[14.076s] [ 61%] [34m[1mGenerating Javascript code from autoware_map_msgs/WaypointRelationArray.msg[0m
[14.114s] [ 62%] [34m[1mGenerating Javascript code from autoware_map_msgs/Waypoint.msg[0m
[14.152s] [ 62%] [34m[1mGenerating Javascript code from autoware_map_msgs/LaneAttributeRelation.msg[0m
[14.189s] [ 63%] [34m[1mGenerating Javascript code from autoware_map_msgs/WaypointSignalRelationArray.msg[0m
[14.228s] [ 64%] [34m[1mGenerating Javascript code from autoware_map_msgs/LaneArray.msg[0m
[14.267s] [ 64%] [34m[1mGenerating Javascript code from autoware_map_msgs/Point.msg[0m
[14.310s] [ 65%] [34m[1mGenerating Javascript code from autoware_map_msgs/Signal.msg[0m
[14.354s] [ 66%] [34m[1mGenerating Javascript code from autoware_map_msgs/LaneAttributeRelationArray.msg[0m
[14.396s] [ 66%] [34m[1mGenerating Javascript code from autoware_map_msgs/LaneChangeRelationArray.msg[0m
[14.433s] [ 67%] [34m[1mGenerating Javascript code from autoware_map_msgs/WayareaArray.msg[0m
[14.470s] [ 67%] [34m[1mGenerating Javascript code from autoware_map_msgs/SignalLight.msg[0m
[14.507s] [ 68%] [34m[1mGenerating Javascript code from autoware_map_msgs/WaypointSignalRelation.msg[0m
[14.547s] [ 69%] [34m[1mGenerating Javascript code from autoware_map_msgs/Lane.msg[0m
[14.584s] [ 69%] [34m[1mGenerating Javascript code from autoware_map_msgs/LaneChangeRelation.msg[0m
[14.620s] [ 70%] [34m[1mGenerating Javascript code from autoware_map_msgs/AreaArray.msg[0m
[14.667s] [ 70%] [34m[1mGenerating Javascript code from autoware_map_msgs/SignalLightArray.msg[0m
[14.709s] [ 72%] [34m[1mGenerating Javascript code from autoware_map_msgs/PointArray.msg[0m
[14.750s] [ 73%] [34m[1mGenerating Javascript code from autoware_map_msgs/OppositeLaneRelationArray.msg[0m
[14.790s] [ 73%] [34m[1mGenerating Javascript code from autoware_map_msgs/SignalArray.msg[0m
[14.828s] [ 74%] [34m[1mGenerating Javascript code from autoware_map_msgs/Area.msg[0m
[14.868s] [ 75%] [34m[1mGenerating Javascript code from autoware_map_msgs/WaypointRelation.msg[0m
[14.905s] [ 75%] [34m[1mGenerating Javascript code from autoware_map_msgs/Wayarea.msg[0m
[14.946s] [ 76%] [34m[1mGenerating Javascript code from autoware_map_msgs/LaneRelation.msg[0m
[14.991s] [ 77%] [34m[1mGenerating Javascript code from autoware_map_msgs/WaypointLaneRelationArray.msg[0m
[15.033s] [ 77%] [34m[1mGenerating Javascript code from autoware_map_msgs/LaneSignalLightRelation.msg[0m
[15.071s] [ 78%] [34m[1mGenerating Javascript code from autoware_map_msgs/OppositeLaneRelation.msg[0m
[15.117s] [ 78%] [34m[1mGenerating Javascript code from autoware_map_msgs/WaypointArray.msg[0m
[15.178s] [ 79%] [34m[1mGenerating Javascript code from autoware_map_msgs/LaneRelationArray.msg[0m
[15.234s] [ 79%] Built target autoware_map_msgs_generate_messages_nodejs
[15.250s] [35m[1mScanning dependencies of target autoware_map_msgs_generate_messages_eus[0m
[15.265s] [ 80%] [34m[1mGenerating EusLisp code from autoware_map_msgs/LaneSignalLightRelationArray.msg[0m
[15.343s] [ 81%] [34m[1mGenerating EusLisp code from autoware_map_msgs/WaypointRelationArray.msg[0m
[15.404s] [ 81%] [34m[1mGenerating EusLisp code from autoware_map_msgs/Waypoint.msg[0m
[15.467s] [ 82%] [34m[1mGenerating EusLisp code from autoware_map_msgs/LaneAttributeRelation.msg[0m
[15.530s] [ 83%] [34m[1mGenerating EusLisp code from autoware_map_msgs/WaypointSignalRelationArray.msg[0m
[15.601s] [ 83%] [34m[1mGenerating EusLisp code from autoware_map_msgs/LaneArray.msg[0m
[15.670s] [ 84%] [34m[1mGenerating EusLisp code from autoware_map_msgs/Point.msg[0m
[15.752s] [ 84%] [34m[1mGenerating EusLisp code from autoware_map_msgs/Signal.msg[0m
[15.827s] [ 86%] [34m[1mGenerating EusLisp code from autoware_map_msgs/LaneAttributeRelationArray.msg[0m
[15.884s] [ 87%] [34m[1mGenerating EusLisp code from autoware_map_msgs/LaneChangeRelationArray.msg[0m
[15.942s] [ 87%] [34m[1mGenerating EusLisp code from autoware_map_msgs/WayareaArray.msg[0m
[15.999s] [ 88%] [34m[1mGenerating EusLisp code from autoware_map_msgs/SignalLight.msg[0m
[16.059s] [ 89%] [34m[1mGenerating EusLisp code from autoware_map_msgs/WaypointSignalRelation.msg[0m
[16.119s] [ 89%] [34m[1mGenerating EusLisp code from autoware_map_msgs/Lane.msg[0m
[16.181s] [ 90%] [34m[1mGenerating EusLisp code from autoware_map_msgs/LaneChangeRelation.msg[0m
[16.241s] [ 90%] [34m[1mGenerating EusLisp code from autoware_map_msgs/AreaArray.msg[0m
[16.301s] [ 91%] [34m[1mGenerating EusLisp code from autoware_map_msgs/SignalLightArray.msg[0m
[16.366s] [ 92%] [34m[1mGenerating EusLisp code from autoware_map_msgs/PointArray.msg[0m
[16.427s] [ 92%] [34m[1mGenerating EusLisp code from autoware_map_msgs/OppositeLaneRelationArray.msg[0m
[16.486s] [ 93%] [34m[1mGenerating EusLisp code from autoware_map_msgs/SignalArray.msg[0m
[16.551s] [ 93%] [34m[1mGenerating EusLisp code from autoware_map_msgs/Area.msg[0m
[16.615s] [ 94%] [34m[1mGenerating EusLisp code from autoware_map_msgs/WaypointRelation.msg[0m
[16.690s] [ 95%] [34m[1mGenerating EusLisp code from autoware_map_msgs/Wayarea.msg[0m
[16.750s] [ 95%] [34m[1mGenerating EusLisp code from autoware_map_msgs/LaneRelation.msg[0m
[16.811s] [ 96%] [34m[1mGenerating EusLisp manifest code for autoware_map_msgs[0m
[17.481s] [ 96%] [34m[1mGenerating EusLisp code from autoware_map_msgs/WaypointLaneRelation.msg[0m
[17.542s] [ 97%] [34m[1mGenerating EusLisp code from autoware_map_msgs/WaypointLaneRelationArray.msg[0m
[17.604s] [ 98%] [34m[1mGenerating EusLisp code from autoware_map_msgs/LaneSignalLightRelation.msg[0m
[17.664s] [ 98%] [34m[1mGenerating EusLisp code from autoware_map_msgs/OppositeLaneRelation.msg[0m
[17.723s] [100%] [34m[1mGenerating EusLisp code from autoware_map_msgs/WaypointArray.msg[0m
[17.782s] [100%] [34m[1mGenerating EusLisp code from autoware_map_msgs/LaneRelationArray.msg[0m
[17.841s] [100%] Built target autoware_map_msgs_generate_messages_eus
[17.850s] [35m[1mScanning dependencies of target autoware_map_msgs_generate_messages[0m
[17.859s] [100%] Built target autoware_map_msgs_generate_messages
[17.871s] Invoked command in '/home/agilex/autoware.ai/build/autoware_map_msgs' returned '0': /usr/bin/cmake --build /home/agilex/autoware.ai/build/autoware_map_msgs -- -j8 -l8
[17.924s] Invoking command in '/home/agilex/autoware.ai/build/autoware_map_msgs': /usr/bin/cmake --build /home/agilex/autoware.ai/build/autoware_map_msgs --target tests -- -j8 -l8
[17.974s] [35m[1mScanning dependencies of target tests[0m
[17.983s] Built target tests
[17.995s] Invoked command in '/home/agilex/autoware.ai/build/autoware_map_msgs' returned '0': /usr/bin/cmake --build /home/agilex/autoware.ai/build/autoware_map_msgs --target tests -- -j8 -l8
[18.050s] Invoking command in '/home/agilex/autoware.ai/build/autoware_map_msgs': /usr/bin/cmake --build /home/agilex/autoware.ai/build/autoware_map_msgs --target install -- -j8 -l8
[18.126s] [  0%] Built target _autoware_map_msgs_generate_messages_check_deps_OppositeLaneRelationArray
[18.165s] [  0%] Built target _autoware_map_msgs_generate_messages_check_deps_OppositeLaneRelation
[18.207s] [  0%] Built target _autoware_map_msgs_generate_messages_check_deps_Area
[18.246s] [  0%] Built target _autoware_map_msgs_generate_messages_check_deps_SignalArray
[18.286s] [  0%] Built target _autoware_map_msgs_generate_messages_check_deps_AreaArray
[18.325s] [  0%] Built target _autoware_map_msgs_generate_messages_check_deps_LaneAttributeRelation
[18.364s] [  0%] Built target _autoware_map_msgs_generate_messages_check_deps_PointArray
[18.410s] [  0%] Built target _autoware_map_msgs_generate_messages_check_deps_LaneSignalLightRelationArray
[18.456s] [  0%] Built target _autoware_map_msgs_generate_messages_check_deps_Signal
[18.504s] [  0%] Built target _autoware_map_msgs_generate_messages_check_deps_WayareaArray
[18.551s] [  0%] Built target _autoware_map_msgs_generate_messages_check_deps_WaypointLaneRelation
[18.598s] [  0%] Built target _autoware_map_msgs_generate_messages_check_deps_Waypoint
[18.639s] [  0%] Built target _autoware_map_msgs_generate_messages_check_deps_WaypointRelation
[18.679s] [  0%] Built target _autoware_map_msgs_generate_messages_check_deps_WaypointSignalRelationArray
[18.725s] [  0%] Built target _autoware_map_msgs_generate_messages_check_deps_Lane
[18.764s] [  0%] Built target _autoware_map_msgs_generate_messages_check_deps_LaneArray
[18.804s] [  0%] Built target _autoware_map_msgs_generate_messages_check_deps_Point
[18.844s] [  0%] Built target _autoware_map_msgs_generate_messages_check_deps_WaypointLaneRelationArray
[18.889s] [  0%] Built target _autoware_map_msgs_generate_messages_check_deps_LaneAttributeRelationArray
[18.927s] [  0%] Built target _autoware_map_msgs_generate_messages_check_deps_LaneChangeRelationArray
[18.965s] [  0%] Built target _autoware_map_msgs_generate_messages_check_deps_SignalLight
[19.007s] [  0%] Built target _autoware_map_msgs_generate_messages_check_deps_LaneChangeRelation
[19.035s] [  0%] Built target std_msgs_generate_messages_lisp
[19.078s] [  0%] Built target _autoware_map_msgs_generate_messages_check_deps_WaypointSignalRelation
[19.117s] [  0%] Built target _autoware_map_msgs_generate_messages_check_deps_SignalLightArray
[19.135s] [  0%] Built target std_msgs_generate_messages_eus
[19.153s] [  0%] Built target std_msgs_generate_messages_nodejs
[19.170s] [  0%] Built target std_msgs_generate_messages_py
[19.196s] [  0%] Built target std_msgs_generate_messages_cpp
[19.245s] [  0%] Built target _autoware_map_msgs_generate_messages_check_deps_LaneRelationArray
[19.292s] [  0%] Built target _autoware_map_msgs_generate_messages_check_deps_WaypointArray
[19.330s] [  0%] Built target _autoware_map_msgs_generate_messages_check_deps_WaypointRelationArray
[19.371s] [  0%] Built target _autoware_map_msgs_generate_messages_check_deps_LaneSignalLightRelation
[19.412s] [  0%] Built target _autoware_map_msgs_generate_messages_check_deps_Wayarea
[19.453s] [  0%] Built target _autoware_map_msgs_generate_messages_check_deps_LaneRelation
[19.473s] [ 19%] Built target autoware_map_msgs_generate_messages_lisp
[19.503s] [ 38%] Built target autoware_map_msgs_generate_messages_cpp
[19.528s] [ 59%] Built target autoware_map_msgs_generate_messages_py
[19.547s] [ 79%] Built target autoware_map_msgs_generate_messages_nodejs
[19.572s] [100%] Built target autoware_map_msgs_generate_messages_eus
[19.591s] [100%] Built target autoware_map_msgs_generate_messages
[19.610s] [36mInstall the project...[0m
[19.625s] -- Install configuration: "Release"
[19.626s] -- Installing: /home/agilex/autoware.ai/install/autoware_map_msgs/share/autoware_map_msgs/msg/Point.msg
[19.626s] -- Installing: /home/agilex/autoware.ai/install/autoware_map_msgs/share/autoware_map_msgs/msg/Waypoint.msg
[19.626s] -- Installing: /home/agilex/autoware.ai/install/autoware_map_msgs/share/autoware_map_msgs/msg/Lane.msg
[19.626s] -- Installing: /home/agilex/autoware.ai/install/autoware_map_msgs/share/autoware_map_msgs/msg/SignalLight.msg
[19.627s] -- Installing: /home/agilex/autoware.ai/install/autoware_map_msgs/share/autoware_map_msgs/msg/Signal.msg
[19.627s] -- Installing: /home/agilex/autoware.ai/install/autoware_map_msgs/share/autoware_map_msgs/msg/LaneSignalLightRelation.msg
[19.627s] -- Installing: /home/agilex/autoware.ai/install/autoware_map_msgs/share/autoware_map_msgs/msg/WaypointSignalRelation.msg
[19.627s] -- Installing: /home/agilex/autoware.ai/install/autoware_map_msgs/share/autoware_map_msgs/msg/Area.msg
[19.628s] -- Installing: /home/agilex/autoware.ai/install/autoware_map_msgs/share/autoware_map_msgs/msg/WaypointRelation.msg
[19.628s] -- Installing: /home/agilex/autoware.ai/install/autoware_map_msgs/share/autoware_map_msgs/msg/LaneRelation.msg
[19.628s] -- Installing: /home/agilex/autoware.ai/install/autoware_map_msgs/share/autoware_map_msgs/msg/WaypointLaneRelation.msg
[19.628s] -- Installing: /home/agilex/autoware.ai/install/autoware_map_msgs/share/autoware_map_msgs/msg/LaneAttributeRelation.msg
[19.628s] -- Installing: /home/agilex/autoware.ai/install/autoware_map_msgs/share/autoware_map_msgs/msg/LaneChangeRelation.msg
[19.629s] -- Installing: /home/agilex/autoware.ai/install/autoware_map_msgs/share/autoware_map_msgs/msg/OppositeLaneRelation.msg
[19.629s] -- Installing: /home/agilex/autoware.ai/install/autoware_map_msgs/share/autoware_map_msgs/msg/Wayarea.msg
[19.629s] -- Installing: /home/agilex/autoware.ai/install/autoware_map_msgs/share/autoware_map_msgs/msg/PointArray.msg
[19.629s] -- Installing: /home/agilex/autoware.ai/install/autoware_map_msgs/share/autoware_map_msgs/msg/WaypointArray.msg
[19.630s] -- Installing: /home/agilex/autoware.ai/install/autoware_map_msgs/share/autoware_map_msgs/msg/LaneArray.msg
[19.630s] -- Installing: /home/agilex/autoware.ai/install/autoware_map_msgs/share/autoware_map_msgs/msg/SignalLightArray.msg
[19.630s] -- Installing: /home/agilex/autoware.ai/install/autoware_map_msgs/share/autoware_map_msgs/msg/SignalArray.msg
[19.630s] -- Installing: /home/agilex/autoware.ai/install/autoware_map_msgs/share/autoware_map_msgs/msg/LaneSignalLightRelationArray.msg
[19.630s] -- Installing: /home/agilex/autoware.ai/install/autoware_map_msgs/share/autoware_map_msgs/msg/WaypointSignalRelationArray.msg
[19.631s] -- Installing: /home/agilex/autoware.ai/install/autoware_map_msgs/share/autoware_map_msgs/msg/AreaArray.msg
[19.631s] -- Installing: /home/agilex/autoware.ai/install/autoware_map_msgs/share/autoware_map_msgs/msg/WaypointRelationArray.msg
[19.631s] -- Installing: /home/agilex/autoware.ai/install/autoware_map_msgs/share/autoware_map_msgs/msg/LaneRelationArray.msg
[19.631s] -- Installing: /home/agilex/autoware.ai/install/autoware_map_msgs/share/autoware_map_msgs/msg/WaypointLaneRelationArray.msg
[19.631s] -- Installing: /home/agilex/autoware.ai/install/autoware_map_msgs/share/autoware_map_msgs/msg/LaneAttributeRelationArray.msg
[19.632s] -- Installing: /home/agilex/autoware.ai/install/autoware_map_msgs/share/autoware_map_msgs/msg/LaneChangeRelationArray.msg
[19.632s] -- Installing: /home/agilex/autoware.ai/install/autoware_map_msgs/share/autoware_map_msgs/msg/OppositeLaneRelationArray.msg
[19.632s] -- Installing: /home/agilex/autoware.ai/install/autoware_map_msgs/share/autoware_map_msgs/msg/WayareaArray.msg
[19.632s] -- Installing: /home/agilex/autoware.ai/install/autoware_map_msgs/share/autoware_map_msgs/cmake/autoware_map_msgs-msg-paths.cmake
[19.633s] -- Installing: /home/agilex/autoware.ai/install/autoware_map_msgs/include/autoware_map_msgs
[19.633s] -- Installing: /home/agilex/autoware.ai/install/autoware_map_msgs/include/autoware_map_msgs/PointArray.h
[19.633s] -- Installing: /home/agilex/autoware.ai/install/autoware_map_msgs/include/autoware_map_msgs/AreaArray.h
[19.633s] -- Installing: /home/agilex/autoware.ai/install/autoware_map_msgs/include/autoware_map_msgs/SignalArray.h
[19.633s] -- Installing: /home/agilex/autoware.ai/install/autoware_map_msgs/include/autoware_map_msgs/LaneChangeRelationArray.h
[19.633s] -- Installing: /home/agilex/autoware.ai/install/autoware_map_msgs/include/autoware_map_msgs/LaneSignalLightRelationArray.h
[19.633s] -- Installing: /home/agilex/autoware.ai/install/autoware_map_msgs/include/autoware_map_msgs/WaypointLaneRelationArray.h
[19.633s] -- Installing: /home/agilex/autoware.ai/install/autoware_map_msgs/include/autoware_map_msgs/SignalLight.h
[19.633s] -- Installing: /home/agilex/autoware.ai/install/autoware_map_msgs/include/autoware_map_msgs/WaypointRelation.h
[19.633s] -- Installing: /home/agilex/autoware.ai/install/autoware_map_msgs/include/autoware_map_msgs/OppositeLaneRelationArray.h
[19.634s] -- Installing: /home/agilex/autoware.ai/install/autoware_map_msgs/include/autoware_map_msgs/WaypointRelationArray.h
[19.634s] -- Installing: /home/agilex/autoware.ai/install/autoware_map_msgs/include/autoware_map_msgs/WaypointSignalRelation.h
[19.634s] -- Installing: /home/agilex/autoware.ai/install/autoware_map_msgs/include/autoware_map_msgs/LaneRelation.h
[19.634s] -- Installing: /home/agilex/autoware.ai/install/autoware_map_msgs/include/autoware_map_msgs/LaneRelationArray.h
[19.634s] -- Installing: /home/agilex/autoware.ai/install/autoware_map_msgs/include/autoware_map_msgs/OppositeLaneRelation.h
[19.634s] -- Installing: /home/agilex/autoware.ai/install/autoware_map_msgs/include/autoware_map_msgs/WaypointSignalRelationArray.h
[19.634s] -- Installing: /home/agilex/autoware.ai/install/autoware_map_msgs/include/autoware_map_msgs/WayareaArray.h
[19.634s] -- Installing: /home/agilex/autoware.ai/install/autoware_map_msgs/include/autoware_map_msgs/WaypointArray.h
[19.634s] -- Installing: /home/agilex/autoware.ai/install/autoware_map_msgs/include/autoware_map_msgs/Waypoint.h
[19.634s] -- Installing: /home/agilex/autoware.ai/install/autoware_map_msgs/include/autoware_map_msgs/LaneAttributeRelationArray.h
[19.634s] -- Installing: /home/agilex/autoware.ai/install/autoware_map_msgs/include/autoware_map_msgs/Area.h
[19.634s] -- Installing: /home/agilex/autoware.ai/install/autoware_map_msgs/include/autoware_map_msgs/WaypointLaneRelation.h
[19.635s] -- Installing: /home/agilex/autoware.ai/install/autoware_map_msgs/include/autoware_map_msgs/LaneArray.h
[19.635s] -- Installing: /home/agilex/autoware.ai/install/autoware_map_msgs/include/autoware_map_msgs/SignalLightArray.h
[19.635s] -- Installing: /home/agilex/autoware.ai/install/autoware_map_msgs/include/autoware_map_msgs/Signal.h
[19.635s] -- Installing: /home/agilex/autoware.ai/install/autoware_map_msgs/include/autoware_map_msgs/LaneAttributeRelation.h
[19.635s] -- Installing: /home/agilex/autoware.ai/install/autoware_map_msgs/include/autoware_map_msgs/Wayarea.h
[19.635s] -- Installing: /home/agilex/autoware.ai/install/autoware_map_msgs/include/autoware_map_msgs/Point.h
[19.635s] -- Installing: /home/agilex/autoware.ai/install/autoware_map_msgs/include/autoware_map_msgs/Lane.h
[19.635s] -- Installing: /home/agilex/autoware.ai/install/autoware_map_msgs/include/autoware_map_msgs/LaneChangeRelation.h
[19.635s] -- Installing: /home/agilex/autoware.ai/install/autoware_map_msgs/include/autoware_map_msgs/LaneSignalLightRelation.h
[19.635s] -- Installing: /home/agilex/autoware.ai/install/autoware_map_msgs/share/roseus/ros/autoware_map_msgs
[19.635s] -- Installing: /home/agilex/autoware.ai/install/autoware_map_msgs/share/roseus/ros/autoware_map_msgs/manifest.l
[19.636s] -- Installing: /home/agilex/autoware.ai/install/autoware_map_msgs/share/roseus/ros/autoware_map_msgs/msg
[19.636s] -- Installing: /home/agilex/autoware.ai/install/autoware_map_msgs/share/roseus/ros/autoware_map_msgs/msg/Waypoint.l
[19.636s] -- Installing: /home/agilex/autoware.ai/install/autoware_map_msgs/share/roseus/ros/autoware_map_msgs/msg/LaneChangeRelationArray.l
[19.636s] -- Installing: /home/agilex/autoware.ai/install/autoware_map_msgs/share/roseus/ros/autoware_map_msgs/msg/Point.l
[19.636s] -- Installing: /home/agilex/autoware.ai/install/autoware_map_msgs/share/roseus/ros/autoware_map_msgs/msg/LaneRelation.l
[19.636s] -- Installing: /home/agilex/autoware.ai/install/autoware_map_msgs/share/roseus/ros/autoware_map_msgs/msg/SignalArray.l
[19.636s] -- Installing: /home/agilex/autoware.ai/install/autoware_map_msgs/share/roseus/ros/autoware_map_msgs/msg/Lane.l
[19.636s] -- Installing: /home/agilex/autoware.ai/install/autoware_map_msgs/share/roseus/ros/autoware_map_msgs/msg/WayareaArray.l
[19.636s] -- Installing: /home/agilex/autoware.ai/install/autoware_map_msgs/share/roseus/ros/autoware_map_msgs/msg/Signal.l
[19.636s] -- Installing: /home/agilex/autoware.ai/install/autoware_map_msgs/share/roseus/ros/autoware_map_msgs/msg/OppositeLaneRelation.l
[19.637s] -- Installing: /home/agilex/autoware.ai/install/autoware_map_msgs/share/roseus/ros/autoware_map_msgs/msg/Wayarea.l
[19.637s] -- Installing: /home/agilex/autoware.ai/install/autoware_map_msgs/share/roseus/ros/autoware_map_msgs/msg/SignalLightArray.l
[19.637s] -- Installing: /home/agilex/autoware.ai/install/autoware_map_msgs/share/roseus/ros/autoware_map_msgs/msg/WaypointSignalRelationArray.l
[19.637s] -- Installing: /home/agilex/autoware.ai/install/autoware_map_msgs/share/roseus/ros/autoware_map_msgs/msg/AreaArray.l
[19.637s] -- Installing: /home/agilex/autoware.ai/install/autoware_map_msgs/share/roseus/ros/autoware_map_msgs/msg/WaypointRelationArray.l
[19.637s] -- Installing: /home/agilex/autoware.ai/install/autoware_map_msgs/share/roseus/ros/autoware_map_msgs/msg/OppositeLaneRelationArray.l
[19.638s] -- Installing: /home/agilex/autoware.ai/install/autoware_map_msgs/share/roseus/ros/autoware_map_msgs/msg/LaneAttributeRelationArray.l
[19.638s] -- Installing: /home/agilex/autoware.ai/install/autoware_map_msgs/share/roseus/ros/autoware_map_msgs/msg/WaypointLaneRelation.l
[19.638s] -- Installing: /home/agilex/autoware.ai/install/autoware_map_msgs/share/roseus/ros/autoware_map_msgs/msg/LaneArray.l
[19.638s] -- Installing: /home/agilex/autoware.ai/install/autoware_map_msgs/share/roseus/ros/autoware_map_msgs/msg/WaypointRelation.l
[19.638s] -- Installing: /home/agilex/autoware.ai/install/autoware_map_msgs/share/roseus/ros/autoware_map_msgs/msg/SignalLight.l
[19.638s] -- Installing: /home/agilex/autoware.ai/install/autoware_map_msgs/share/roseus/ros/autoware_map_msgs/msg/LaneChangeRelation.l
[19.638s] -- Installing: /home/agilex/autoware.ai/install/autoware_map_msgs/share/roseus/ros/autoware_map_msgs/msg/PointArray.l
[19.639s] -- Installing: /home/agilex/autoware.ai/install/autoware_map_msgs/share/roseus/ros/autoware_map_msgs/msg/WaypointSignalRelation.l
[19.639s] -- Installing: /home/agilex/autoware.ai/install/autoware_map_msgs/share/roseus/ros/autoware_map_msgs/msg/LaneAttributeRelation.l
[19.639s] -- Installing: /home/agilex/autoware.ai/install/autoware_map_msgs/share/roseus/ros/autoware_map_msgs/msg/Area.l
[19.639s] -- Installing: /home/agilex/autoware.ai/install/autoware_map_msgs/share/roseus/ros/autoware_map_msgs/msg/WaypointLaneRelationArray.l
[19.639s] -- Installing: /home/agilex/autoware.ai/install/autoware_map_msgs/share/roseus/ros/autoware_map_msgs/msg/LaneRelationArray.l
[19.639s] -- Installing: /home/agilex/autoware.ai/install/autoware_map_msgs/share/roseus/ros/autoware_map_msgs/msg/LaneSignalLightRelationArray.l
[19.640s] -- Installing: /home/agilex/autoware.ai/install/autoware_map_msgs/share/roseus/ros/autoware_map_msgs/msg/WaypointArray.l
[19.640s] -- Installing: /home/agilex/autoware.ai/install/autoware_map_msgs/share/roseus/ros/autoware_map_msgs/msg/LaneSignalLightRelation.l
[19.640s] -- Installing: /home/agilex/autoware.ai/install/autoware_map_msgs/share/common-lisp/ros/autoware_map_msgs
[19.640s] -- Installing: /home/agilex/autoware.ai/install/autoware_map_msgs/share/common-lisp/ros/autoware_map_msgs/msg
[19.640s] -- Installing: /home/agilex/autoware.ai/install/autoware_map_msgs/share/common-lisp/ros/autoware_map_msgs/msg/_package_AreaArray.lisp
[19.640s] -- Installing: /home/agilex/autoware.ai/install/autoware_map_msgs/share/common-lisp/ros/autoware_map_msgs/msg/_package_SignalLightArray.lisp
[19.640s] -- Installing: /home/agilex/autoware.ai/install/autoware_map_msgs/share/common-lisp/ros/autoware_map_msgs/msg/WaypointLaneRelationArray.lisp
[19.641s] -- Installing: /home/agilex/autoware.ai/install/autoware_map_msgs/share/common-lisp/ros/autoware_map_msgs/msg/_package_LaneAttributeRelation.lisp
[19.641s] -- Installing: /home/agilex/autoware.ai/install/autoware_map_msgs/share/common-lisp/ros/autoware_map_msgs/msg/_package.lisp
[19.641s] -- Installing: /home/agilex/autoware.ai/install/autoware_map_msgs/share/common-lisp/ros/autoware_map_msgs/msg/LaneAttributeRelationArray.lisp
[19.641s] -- Installing: /home/agilex/autoware.ai/install/autoware_map_msgs/share/common-lisp/ros/autoware_map_msgs/msg/Area.lisp
[19.641s] -- Installing: /home/agilex/autoware.ai/install/autoware_map_msgs/share/common-lisp/ros/autoware_map_msgs/msg/Wayarea.lisp
[19.641s] -- Installing: /home/agilex/autoware.ai/install/autoware_map_msgs/share/common-lisp/ros/autoware_map_msgs/msg/LaneChangeRelation.lisp
[19.641s] -- Installing: /home/agilex/autoware.ai/install/autoware_map_msgs/share/common-lisp/ros/autoware_map_msgs/msg/WaypointLaneRelation.lisp
[19.642s] -- Installing: /home/agilex/autoware.ai/install/autoware_map_msgs/share/common-lisp/ros/autoware_map_msgs/msg/_package_Waypoint.lisp
[19.642s] -- Installing: /home/agilex/autoware.ai/install/autoware_map_msgs/share/common-lisp/ros/autoware_map_msgs/msg/_package_LaneSignalLightRelation.lisp
[19.642s] -- Installing: /home/agilex/autoware.ai/install/autoware_map_msgs/share/common-lisp/ros/autoware_map_msgs/msg/LaneChangeRelationArray.lisp
[19.642s] -- Installing: /home/agilex/autoware.ai/install/autoware_map_msgs/share/common-lisp/ros/autoware_map_msgs/msg/autoware_map_msgs-msg.asd
[19.642s] -- Installing: /home/agilex/autoware.ai/install/autoware_map_msgs/share/common-lisp/ros/autoware_map_msgs/msg/SignalLight.lisp
[19.642s] -- Installing: /home/agilex/autoware.ai/install/autoware_map_msgs/share/common-lisp/ros/autoware_map_msgs/msg/_package_LaneRelation.lisp
[19.642s] -- Installing: /home/agilex/autoware.ai/install/autoware_map_msgs/share/common-lisp/ros/autoware_map_msgs/msg/PointArray.lisp
[19.642s] -- Installing: /home/agilex/autoware.ai/install/autoware_map_msgs/share/common-lisp/ros/autoware_map_msgs/msg/_package_Signal.lisp
[19.642s] -- Installing: /home/agilex/autoware.ai/install/autoware_map_msgs/share/common-lisp/ros/autoware_map_msgs/msg/OppositeLaneRelation.lisp
[19.643s] -- Installing: /home/agilex/autoware.ai/install/autoware_map_msgs/share/common-lisp/ros/autoware_map_msgs/msg/SignalLightArray.lisp
[19.643s] -- Installing: /home/agilex/autoware.ai/install/autoware_map_msgs/share/common-lisp/ros/autoware_map_msgs/msg/_package_PointArray.lisp
[19.643s] -- Installing: /home/agilex/autoware.ai/install/autoware_map_msgs/share/common-lisp/ros/autoware_map_msgs/msg/_package_WaypointRelation.lisp
[19.643s] -- Installing: /home/agilex/autoware.ai/install/autoware_map_msgs/share/common-lisp/ros/autoware_map_msgs/msg/Signal.lisp
[19.643s] -- Installing: /home/agilex/autoware.ai/install/autoware_map_msgs/share/common-lisp/ros/autoware_map_msgs/msg/_package_WaypointArray.lisp
[19.643s] -- Installing: /home/agilex/autoware.ai/install/autoware_map_msgs/share/common-lisp/ros/autoware_map_msgs/msg/_package_LaneChangeRelationArray.lisp
[19.643s] -- Installing: /home/agilex/autoware.ai/install/autoware_map_msgs/share/common-lisp/ros/autoware_map_msgs/msg/_package_WaypointSignalRelation.lisp
[19.643s] -- Installing: /home/agilex/autoware.ai/install/autoware_map_msgs/share/common-lisp/ros/autoware_map_msgs/msg/_package_WaypointLaneRelationArray.lisp
[19.643s] -- Installing: /home/agilex/autoware.ai/install/autoware_map_msgs/share/common-lisp/ros/autoware_map_msgs/msg/Waypoint.lisp
[19.644s] -- Installing: /home/agilex/autoware.ai/install/autoware_map_msgs/share/common-lisp/ros/autoware_map_msgs/msg/WaypointArray.lisp
[19.644s] -- Installing: /home/agilex/autoware.ai/install/autoware_map_msgs/share/common-lisp/ros/autoware_map_msgs/msg/_package_SignalLight.lisp
[19.644s] -- Installing: /home/agilex/autoware.ai/install/autoware_map_msgs/share/common-lisp/ros/autoware_map_msgs/msg/WaypointSignalRelation.lisp
[19.644s] -- Installing: /home/agilex/autoware.ai/install/autoware_map_msgs/share/common-lisp/ros/autoware_map_msgs/msg/LaneSignalLightRelationArray.lisp
[19.644s] -- Installing: /home/agilex/autoware.ai/install/autoware_map_msgs/share/common-lisp/ros/autoware_map_msgs/msg/_package_Point.lisp
[19.644s] -- Installing: /home/agilex/autoware.ai/install/autoware_map_msgs/share/common-lisp/ros/autoware_map_msgs/msg/AreaArray.lisp
[19.644s] -- Installing: /home/agilex/autoware.ai/install/autoware_map_msgs/share/common-lisp/ros/autoware_map_msgs/msg/_package_LaneArray.lisp
[19.644s] -- Installing: /home/agilex/autoware.ai/install/autoware_map_msgs/share/common-lisp/ros/autoware_map_msgs/msg/_package_LaneSignalLightRelationArray.lisp
[19.644s] -- Installing: /home/agilex/autoware.ai/install/autoware_map_msgs/share/common-lisp/ros/autoware_map_msgs/msg/_package_OppositeLaneRelationArray.lisp
[19.644s] -- Installing: /home/agilex/autoware.ai/install/autoware_map_msgs/share/common-lisp/ros/autoware_map_msgs/msg/WaypointRelationArray.lisp
[19.644s] -- Installing: /home/agilex/autoware.ai/install/autoware_map_msgs/share/common-lisp/ros/autoware_map_msgs/msg/_package_SignalArray.lisp
[19.645s] -- Installing: /home/agilex/autoware.ai/install/autoware_map_msgs/share/common-lisp/ros/autoware_map_msgs/msg/Point.lisp
[19.645s] -- Installing: /home/agilex/autoware.ai/install/autoware_map_msgs/share/common-lisp/ros/autoware_map_msgs/msg/WaypointRelation.lisp
[19.645s] -- Installing: /home/agilex/autoware.ai/install/autoware_map_msgs/share/common-lisp/ros/autoware_map_msgs/msg/OppositeLaneRelationArray.lisp
[19.645s] -- Installing: /home/agilex/autoware.ai/install/autoware_map_msgs/share/common-lisp/ros/autoware_map_msgs/msg/LaneSignalLightRelation.lisp
[19.645s] -- Installing: /home/agilex/autoware.ai/install/autoware_map_msgs/share/common-lisp/ros/autoware_map_msgs/msg/_package_OppositeLaneRelation.lisp
[19.645s] -- Installing: /home/agilex/autoware.ai/install/autoware_map_msgs/share/common-lisp/ros/autoware_map_msgs/msg/_package_LaneChangeRelation.lisp
[19.645s] -- Installing: /home/agilex/autoware.ai/install/autoware_map_msgs/share/common-lisp/ros/autoware_map_msgs/msg/_package_LaneAttributeRelationArray.lisp
[19.645s] -- Installing: /home/agilex/autoware.ai/install/autoware_map_msgs/share/common-lisp/ros/autoware_map_msgs/msg/_package_Wayarea.lisp
[19.645s] -- Installing: /home/agilex/autoware.ai/install/autoware_map_msgs/share/common-lisp/ros/autoware_map_msgs/msg/Lane.lisp
[19.645s] -- Installing: /home/agilex/autoware.ai/install/autoware_map_msgs/share/common-lisp/ros/autoware_map_msgs/msg/_package_Area.lisp
[19.645s] -- Installing: /home/agilex/autoware.ai/install/autoware_map_msgs/share/common-lisp/ros/autoware_map_msgs/msg/LaneAttributeRelation.lisp
[19.645s] -- Installing: /home/agilex/autoware.ai/install/autoware_map_msgs/share/common-lisp/ros/autoware_map_msgs/msg/SignalArray.lisp
[19.646s] -- Installing: /home/agilex/autoware.ai/install/autoware_map_msgs/share/common-lisp/ros/autoware_map_msgs/msg/LaneArray.lisp
[19.646s] -- Installing: /home/agilex/autoware.ai/install/autoware_map_msgs/share/common-lisp/ros/autoware_map_msgs/msg/_package_WaypointSignalRelationArray.lisp
[19.646s] -- Installing: /home/agilex/autoware.ai/install/autoware_map_msgs/share/common-lisp/ros/autoware_map_msgs/msg/LaneRelationArray.lisp
[19.646s] -- Installing: /home/agilex/autoware.ai/install/autoware_map_msgs/share/common-lisp/ros/autoware_map_msgs/msg/_package_Lane.lisp
[19.646s] -- Installing: /home/agilex/autoware.ai/install/autoware_map_msgs/share/common-lisp/ros/autoware_map_msgs/msg/LaneRelation.lisp
[19.646s] -- Installing: /home/agilex/autoware.ai/install/autoware_map_msgs/share/common-lisp/ros/autoware_map_msgs/msg/WayareaArray.lisp
[19.646s] -- Installing: /home/agilex/autoware.ai/install/autoware_map_msgs/share/common-lisp/ros/autoware_map_msgs/msg/_package_LaneRelationArray.lisp
[19.646s] -- Installing: /home/agilex/autoware.ai/install/autoware_map_msgs/share/common-lisp/ros/autoware_map_msgs/msg/WaypointSignalRelationArray.lisp
[19.646s] -- Installing: /home/agilex/autoware.ai/install/autoware_map_msgs/share/common-lisp/ros/autoware_map_msgs/msg/_package_WaypointLaneRelation.lisp
[19.646s] -- Installing: /home/agilex/autoware.ai/install/autoware_map_msgs/share/common-lisp/ros/autoware_map_msgs/msg/_package_WaypointRelationArray.lisp
[19.646s] -- Installing: /home/agilex/autoware.ai/install/autoware_map_msgs/share/common-lisp/ros/autoware_map_msgs/msg/_package_WayareaArray.lisp
[19.646s] -- Installing: /home/agilex/autoware.ai/install/autoware_map_msgs/share/gennodejs/ros/autoware_map_msgs
[19.646s] -- Installing: /home/agilex/autoware.ai/install/autoware_map_msgs/share/gennodejs/ros/autoware_map_msgs/msg
[19.647s] -- Installing: /home/agilex/autoware.ai/install/autoware_map_msgs/share/gennodejs/ros/autoware_map_msgs/msg/LaneAttributeRelationArray.js
[19.647s] -- Installing: /home/agilex/autoware.ai/install/autoware_map_msgs/share/gennodejs/ros/autoware_map_msgs/msg/Wayarea.js
[19.647s] -- Installing: /home/agilex/autoware.ai/install/autoware_map_msgs/share/gennodejs/ros/autoware_map_msgs/msg/LaneRelationArray.js
[19.647s] -- Installing: /home/agilex/autoware.ai/install/autoware_map_msgs/share/gennodejs/ros/autoware_map_msgs/msg/LaneAttributeRelation.js
[19.647s] -- Installing: /home/agilex/autoware.ai/install/autoware_map_msgs/share/gennodejs/ros/autoware_map_msgs/msg/WaypointArray.js
[19.647s] -- Installing: /home/agilex/autoware.ai/install/autoware_map_msgs/share/gennodejs/ros/autoware_map_msgs/msg/WaypointRelationArray.js
[19.647s] -- Installing: /home/agilex/autoware.ai/install/autoware_map_msgs/share/gennodejs/ros/autoware_map_msgs/msg/LaneArray.js
[19.647s] -- Installing: /home/agilex/autoware.ai/install/autoware_map_msgs/share/gennodejs/ros/autoware_map_msgs/msg/Signal.js
[19.647s] -- Installing: /home/agilex/autoware.ai/install/autoware_map_msgs/share/gennodejs/ros/autoware_map_msgs/msg/WaypointLaneRelationArray.js
[19.647s] -- Installing: /home/agilex/autoware.ai/install/autoware_map_msgs/share/gennodejs/ros/autoware_map_msgs/msg/SignalLight.js
[19.647s] -- Installing: /home/agilex/autoware.ai/install/autoware_map_msgs/share/gennodejs/ros/autoware_map_msgs/msg/SignalArray.js
[19.647s] -- Installing: /home/agilex/autoware.ai/install/autoware_map_msgs/share/gennodejs/ros/autoware_map_msgs/msg/Area.js
[19.648s] -- Installing: /home/agilex/autoware.ai/install/autoware_map_msgs/share/gennodejs/ros/autoware_map_msgs/msg/SignalLightArray.js
[19.648s] -- Installing: /home/agilex/autoware.ai/install/autoware_map_msgs/share/gennodejs/ros/autoware_map_msgs/msg/WaypointSignalRelation.js
[19.648s] -- Installing: /home/agilex/autoware.ai/install/autoware_map_msgs/share/gennodejs/ros/autoware_map_msgs/msg/Lane.js
[19.648s] -- Installing: /home/agilex/autoware.ai/install/autoware_map_msgs/share/gennodejs/ros/autoware_map_msgs/msg/_index.js
[19.648s] -- Installing: /home/agilex/autoware.ai/install/autoware_map_msgs/share/gennodejs/ros/autoware_map_msgs/msg/WaypointLaneRelation.js
[19.648s] -- Installing: /home/agilex/autoware.ai/install/autoware_map_msgs/share/gennodejs/ros/autoware_map_msgs/msg/LaneSignalLightRelation.js
[19.648s] -- Installing: /home/agilex/autoware.ai/install/autoware_map_msgs/share/gennodejs/ros/autoware_map_msgs/msg/PointArray.js
[19.648s] -- Installing: /home/agilex/autoware.ai/install/autoware_map_msgs/share/gennodejs/ros/autoware_map_msgs/msg/Waypoint.js
[19.648s] -- Installing: /home/agilex/autoware.ai/install/autoware_map_msgs/share/gennodejs/ros/autoware_map_msgs/msg/WayareaArray.js
[19.648s] -- Installing: /home/agilex/autoware.ai/install/autoware_map_msgs/share/gennodejs/ros/autoware_map_msgs/msg/LaneChangeRelation.js
[19.648s] -- Installing: /home/agilex/autoware.ai/install/autoware_map_msgs/share/gennodejs/ros/autoware_map_msgs/msg/LaneRelation.js
[19.648s] -- Installing: /home/agilex/autoware.ai/install/autoware_map_msgs/share/gennodejs/ros/autoware_map_msgs/msg/OppositeLaneRelation.js
[19.648s] -- Installing: /home/agilex/autoware.ai/install/autoware_map_msgs/share/gennodejs/ros/autoware_map_msgs/msg/OppositeLaneRelationArray.js
[19.649s] -- Installing: /home/agilex/autoware.ai/install/autoware_map_msgs/share/gennodejs/ros/autoware_map_msgs/msg/Point.js
[19.649s] -- Installing: /home/agilex/autoware.ai/install/autoware_map_msgs/share/gennodejs/ros/autoware_map_msgs/msg/WaypointSignalRelationArray.js
[19.649s] -- Installing: /home/agilex/autoware.ai/install/autoware_map_msgs/share/gennodejs/ros/autoware_map_msgs/msg/LaneSignalLightRelationArray.js
[19.649s] -- Installing: /home/agilex/autoware.ai/install/autoware_map_msgs/share/gennodejs/ros/autoware_map_msgs/msg/AreaArray.js
[19.649s] -- Installing: /home/agilex/autoware.ai/install/autoware_map_msgs/share/gennodejs/ros/autoware_map_msgs/msg/WaypointRelation.js
[19.649s] -- Installing: /home/agilex/autoware.ai/install/autoware_map_msgs/share/gennodejs/ros/autoware_map_msgs/msg/LaneChangeRelationArray.js
[19.649s] -- Installing: /home/agilex/autoware.ai/install/autoware_map_msgs/share/gennodejs/ros/autoware_map_msgs/_index.js
[19.675s] Listing /home/agilex/autoware.ai/build/autoware_map_msgs/devel/lib/python2.7/dist-packages/autoware_map_msgs ...
[19.675s] Compiling /home/agilex/autoware.ai/build/autoware_map_msgs/devel/lib/python2.7/dist-packages/autoware_map_msgs/__init__.py ...
[19.675s] Listing /home/agilex/autoware.ai/build/autoware_map_msgs/devel/lib/python2.7/dist-packages/autoware_map_msgs/msg ...
[19.675s] Compiling /home/agilex/autoware.ai/build/autoware_map_msgs/devel/lib/python2.7/dist-packages/autoware_map_msgs/msg/_Area.py ...
[19.675s] Compiling /home/agilex/autoware.ai/build/autoware_map_msgs/devel/lib/python2.7/dist-packages/autoware_map_msgs/msg/_AreaArray.py ...
[19.675s] Compiling /home/agilex/autoware.ai/build/autoware_map_msgs/devel/lib/python2.7/dist-packages/autoware_map_msgs/msg/_Lane.py ...
[19.675s] Compiling /home/agilex/autoware.ai/build/autoware_map_msgs/devel/lib/python2.7/dist-packages/autoware_map_msgs/msg/_LaneArray.py ...
[19.675s] Compiling /home/agilex/autoware.ai/build/autoware_map_msgs/devel/lib/python2.7/dist-packages/autoware_map_msgs/msg/_LaneAttributeRelation.py ...
[19.675s] Compiling /home/agilex/autoware.ai/build/autoware_map_msgs/devel/lib/python2.7/dist-packages/autoware_map_msgs/msg/_LaneAttributeRelationArray.py ...
[19.675s] Compiling /home/agilex/autoware.ai/build/autoware_map_msgs/devel/lib/python2.7/dist-packages/autoware_map_msgs/msg/_LaneChangeRelation.py ...
[19.675s]   File "/home/agilex/autoware.ai/build/autoware_map_msgs/devel/lib/python2.7/dist-packages/autoware_map_msgs/msg/_LaneChangeRelation.py", line 34
[19.675s]     None = 0
[19.676s] SyntaxError: cannot assign to None
[19.676s] 
[19.676s] Compiling /home/agilex/autoware.ai/build/autoware_map_msgs/devel/lib/python2.7/dist-packages/autoware_map_msgs/msg/_LaneChangeRelationArray.py ...
[19.676s] Compiling /home/agilex/autoware.ai/build/autoware_map_msgs/devel/lib/python2.7/dist-packages/autoware_map_msgs/msg/_LaneRelation.py ...
[19.676s]   File "/home/agilex/autoware.ai/build/autoware_map_msgs/devel/lib/python2.7/dist-packages/autoware_map_msgs/msg/_LaneRelation.py", line 33
[19.676s]     None = 0
[19.676s] SyntaxError: cannot assign to None
[19.676s] 
[19.676s] Compiling /home/agilex/autoware.ai/build/autoware_map_msgs/devel/lib/python2.7/dist-packages/autoware_map_msgs/msg/_LaneRelationArray.py ...
[19.676s] Compiling /home/agilex/autoware.ai/build/autoware_map_msgs/devel/lib/python2.7/dist-packages/autoware_map_msgs/msg/_LaneSignalLightRelation.py ...
[19.676s] Compiling /home/agilex/autoware.ai/build/autoware_map_msgs/devel/lib/python2.7/dist-packages/autoware_map_msgs/msg/_LaneSignalLightRelationArray.py ...
[19.676s] Compiling /home/agilex/autoware.ai/build/autoware_map_msgs/devel/lib/python2.7/dist-packages/autoware_map_msgs/msg/_OppositeLaneRelation.py ...
[19.676s] Compiling /home/agilex/autoware.ai/build/autoware_map_msgs/devel/lib/python2.7/dist-packages/autoware_map_msgs/msg/_OppositeLaneRelationArray.py ...
[19.677s] Compiling /home/agilex/autoware.ai/build/autoware_map_msgs/devel/lib/python2.7/dist-packages/autoware_map_msgs/msg/_Point.py ...
[19.677s] Compiling /home/agilex/autoware.ai/build/autoware_map_msgs/devel/lib/python2.7/dist-packages/autoware_map_msgs/msg/_PointArray.py ...
[19.677s] Compiling /home/agilex/autoware.ai/build/autoware_map_msgs/devel/lib/python2.7/dist-packages/autoware_map_msgs/msg/_Signal.py ...
[19.677s] Compiling /home/agilex/autoware.ai/build/autoware_map_msgs/devel/lib/python2.7/dist-packages/autoware_map_msgs/msg/_SignalArray.py ...
[19.677s] Compiling /home/agilex/autoware.ai/build/autoware_map_msgs/devel/lib/python2.7/dist-packages/autoware_map_msgs/msg/_SignalLight.py ...
[19.677s] Compiling /home/agilex/autoware.ai/build/autoware_map_msgs/devel/lib/python2.7/dist-packages/autoware_map_msgs/msg/_SignalLightArray.py ...
[19.677s] Compiling /home/agilex/autoware.ai/build/autoware_map_msgs/devel/lib/python2.7/dist-packages/autoware_map_msgs/msg/_Wayarea.py ...
[19.677s] Compiling /home/agilex/autoware.ai/build/autoware_map_msgs/devel/lib/python2.7/dist-packages/autoware_map_msgs/msg/_WayareaArray.py ...
[19.677s] Compiling /home/agilex/autoware.ai/build/autoware_map_msgs/devel/lib/python2.7/dist-packages/autoware_map_msgs/msg/_Waypoint.py ...
[19.677s] Compiling /home/agilex/autoware.ai/build/autoware_map_msgs/devel/lib/python2.7/dist-packages/autoware_map_msgs/msg/_WaypointArray.py ...
[19.680s] Compiling /home/agilex/autoware.ai/build/autoware_map_msgs/devel/lib/python2.7/dist-packages/autoware_map_msgs/msg/_WaypointLaneRelation.py ...
[19.680s] Compiling /home/agilex/autoware.ai/build/autoware_map_msgs/devel/lib/python2.7/dist-packages/autoware_map_msgs/msg/_WaypointLaneRelationArray.py ...
[19.680s] Compiling /home/agilex/autoware.ai/build/autoware_map_msgs/devel/lib/python2.7/dist-packages/autoware_map_msgs/msg/_WaypointRelation.py ...
[19.680s] Compiling /home/agilex/autoware.ai/build/autoware_map_msgs/devel/lib/python2.7/dist-packages/autoware_map_msgs/msg/_WaypointRelationArray.py ...
[19.680s] Compiling /home/agilex/autoware.ai/build/autoware_map_msgs/devel/lib/python2.7/dist-packages/autoware_map_msgs/msg/_WaypointSignalRelation.py ...
[19.680s] Compiling /home/agilex/autoware.ai/build/autoware_map_msgs/devel/lib/python2.7/dist-packages/autoware_map_msgs/msg/_WaypointSignalRelationArray.py ...
[19.680s] Compiling /home/agilex/autoware.ai/build/autoware_map_msgs/devel/lib/python2.7/dist-packages/autoware_map_msgs/msg/__init__.py ...
[19.681s] -- Installing: /home/agilex/autoware.ai/install/autoware_map_msgs/lib/python2.7/dist-packages/autoware_map_msgs
[19.682s] -- Installing: /home/agilex/autoware.ai/install/autoware_map_msgs/lib/python2.7/dist-packages/autoware_map_msgs/__init__.pyc
[19.682s] -- Installing: /home/agilex/autoware.ai/install/autoware_map_msgs/lib/python2.7/dist-packages/autoware_map_msgs/msg
[19.682s] -- Installing: /home/agilex/autoware.ai/install/autoware_map_msgs/lib/python2.7/dist-packages/autoware_map_msgs/msg/_SignalArray.pyc
[19.682s] -- Installing: /home/agilex/autoware.ai/install/autoware_map_msgs/lib/python2.7/dist-packages/autoware_map_msgs/msg/_WayareaArray.py
[19.682s] -- Installing: /home/agilex/autoware.ai/install/autoware_map_msgs/lib/python2.7/dist-packages/autoware_map_msgs/msg/_LaneSignalLightRelationArray.pyc
[19.682s] -- Installing: /home/agilex/autoware.ai/install/autoware_map_msgs/lib/python2.7/dist-packages/autoware_map_msgs/msg/_Wayarea.pyc
[19.683s] -- Installing: /home/agilex/autoware.ai/install/autoware_map_msgs/lib/python2.7/dist-packages/autoware_map_msgs/msg/_Wayarea.py
[19.683s] -- Installing: /home/agilex/autoware.ai/install/autoware_map_msgs/lib/python2.7/dist-packages/autoware_map_msgs/msg/_AreaArray.pyc
[19.683s] -- Installing: /home/agilex/autoware.ai/install/autoware_map_msgs/lib/python2.7/dist-packages/autoware_map_msgs/msg/_PointArray.py
[19.683s] -- Installing: /home/agilex/autoware.ai/install/autoware_map_msgs/lib/python2.7/dist-packages/autoware_map_msgs/msg/_LaneRelationArray.pyc
[19.683s] -- Installing: /home/agilex/autoware.ai/install/autoware_map_msgs/lib/python2.7/dist-packages/autoware_map_msgs/msg/_Signal.pyc
[19.683s] -- Installing: /home/agilex/autoware.ai/install/autoware_map_msgs/lib/python2.7/dist-packages/autoware_map_msgs/msg/_SignalLight.py
[19.683s] -- Installing: /home/agilex/autoware.ai/install/autoware_map_msgs/lib/python2.7/dist-packages/autoware_map_msgs/msg/_Waypoint.pyc
[19.683s] -- Installing: /home/agilex/autoware.ai/install/autoware_map_msgs/lib/python2.7/dist-packages/autoware_map_msgs/msg/_WaypointRelation.py
[19.683s] -- Installing: /home/agilex/autoware.ai/install/autoware_map_msgs/lib/python2.7/dist-packages/autoware_map_msgs/msg/_WaypointLaneRelationArray.py
[19.684s] -- Installing: /home/agilex/autoware.ai/install/autoware_map_msgs/lib/python2.7/dist-packages/autoware_map_msgs/msg/_LaneSignalLightRelation.py
[19.684s] -- Installing: /home/agilex/autoware.ai/install/autoware_map_msgs/lib/python2.7/dist-packages/autoware_map_msgs/msg/_WayareaArray.pyc
[19.684s] -- Installing: /home/agilex/autoware.ai/install/autoware_map_msgs/lib/python2.7/dist-packages/autoware_map_msgs/msg/_SignalLightArray.py
[19.684s] -- Installing: /home/agilex/autoware.ai/install/autoware_map_msgs/lib/python2.7/dist-packages/autoware_map_msgs/msg/_Point.py
[19.684s] -- Installing: /home/agilex/autoware.ai/install/autoware_map_msgs/lib/python2.7/dist-packages/autoware_map_msgs/msg/_LaneArray.pyc
[19.684s] -- Installing: /home/agilex/autoware.ai/install/autoware_map_msgs/lib/python2.7/dist-packages/autoware_map_msgs/msg/_Point.pyc
[19.684s] -- Installing: /home/agilex/autoware.ai/install/autoware_map_msgs/lib/python2.7/dist-packages/autoware_map_msgs/msg/_WaypointArray.py
[19.684s] -- Installing: /home/agilex/autoware.ai/install/autoware_map_msgs/lib/python2.7/dist-packages/autoware_map_msgs/msg/_LaneSignalLightRelationArray.py
[19.684s] -- Installing: /home/agilex/autoware.ai/install/autoware_map_msgs/lib/python2.7/dist-packages/autoware_map_msgs/msg/_WaypointSignalRelationArray.py
[19.685s] -- Installing: /home/agilex/autoware.ai/install/autoware_map_msgs/lib/python2.7/dist-packages/autoware_map_msgs/msg/_LaneAttributeRelationArray.py
[19.685s] -- Installing: /home/agilex/autoware.ai/install/autoware_map_msgs/lib/python2.7/dist-packages/autoware_map_msgs/msg/_Signal.py
[19.685s] -- Installing: /home/agilex/autoware.ai/install/autoware_map_msgs/lib/python2.7/dist-packages/autoware_map_msgs/msg/_WaypointRelationArray.py
[19.685s] -- Installing: /home/agilex/autoware.ai/install/autoware_map_msgs/lib/python2.7/dist-packages/autoware_map_msgs/msg/_WaypointRelation.pyc
[19.685s] -- Installing: /home/agilex/autoware.ai/install/autoware_map_msgs/lib/python2.7/dist-packages/autoware_map_msgs/msg/_OppositeLaneRelation.py
[19.685s] -- Installing: /home/agilex/autoware.ai/install/autoware_map_msgs/lib/python2.7/dist-packages/autoware_map_msgs/msg/_LaneSignalLightRelation.pyc
[19.685s] -- Installing: /home/agilex/autoware.ai/install/autoware_map_msgs/lib/python2.7/dist-packages/autoware_map_msgs/msg/_AreaArray.py
[19.685s] -- Installing: /home/agilex/autoware.ai/install/autoware_map_msgs/lib/python2.7/dist-packages/autoware_map_msgs/msg/__init__.pyc
[19.685s] -- Installing: /home/agilex/autoware.ai/install/autoware_map_msgs/lib/python2.7/dist-packages/autoware_map_msgs/msg/_LaneRelation.py
[19.685s] -- Installing: /home/agilex/autoware.ai/install/autoware_map_msgs/lib/python2.7/dist-packages/autoware_map_msgs/msg/_WaypointSignalRelation.py
[19.686s] -- Installing: /home/agilex/autoware.ai/install/autoware_map_msgs/lib/python2.7/dist-packages/autoware_map_msgs/msg/_SignalLight.pyc
[19.686s] -- Installing: /home/agilex/autoware.ai/install/autoware_map_msgs/lib/python2.7/dist-packages/autoware_map_msgs/msg/_WaypointLaneRelation.pyc
[19.686s] -- Installing: /home/agilex/autoware.ai/install/autoware_map_msgs/lib/python2.7/dist-packages/autoware_map_msgs/msg/_WaypointLaneRelationArray.pyc
[19.686s] -- Installing: /home/agilex/autoware.ai/install/autoware_map_msgs/lib/python2.7/dist-packages/autoware_map_msgs/msg/_LaneChangeRelation.py
[19.686s] -- Installing: /home/agilex/autoware.ai/install/autoware_map_msgs/lib/python2.7/dist-packages/autoware_map_msgs/msg/_Waypoint.py
[19.686s] -- Installing: /home/agilex/autoware.ai/install/autoware_map_msgs/lib/python2.7/dist-packages/autoware_map_msgs/msg/_WaypointLaneRelation.py
[19.686s] -- Installing: /home/agilex/autoware.ai/install/autoware_map_msgs/lib/python2.7/dist-packages/autoware_map_msgs/msg/_Lane.pyc
[19.686s] -- Installing: /home/agilex/autoware.ai/install/autoware_map_msgs/lib/python2.7/dist-packages/autoware_map_msgs/msg/_OppositeLaneRelationArray.py
[19.686s] -- Installing: /home/agilex/autoware.ai/install/autoware_map_msgs/lib/python2.7/dist-packages/autoware_map_msgs/msg/_LaneChangeRelationArray.pyc
[19.687s] -- Installing: /home/agilex/autoware.ai/install/autoware_map_msgs/lib/python2.7/dist-packages/autoware_map_msgs/msg/__init__.py
[19.687s] -- Installing: /home/agilex/autoware.ai/install/autoware_map_msgs/lib/python2.7/dist-packages/autoware_map_msgs/msg/_LaneRelationArray.py
[19.687s] -- Installing: /home/agilex/autoware.ai/install/autoware_map_msgs/lib/python2.7/dist-packages/autoware_map_msgs/msg/_LaneChangeRelationArray.py
[19.687s] -- Installing: /home/agilex/autoware.ai/install/autoware_map_msgs/lib/python2.7/dist-packages/autoware_map_msgs/msg/_Area.py
[19.687s] -- Installing: /home/agilex/autoware.ai/install/autoware_map_msgs/lib/python2.7/dist-packages/autoware_map_msgs/msg/_WaypointSignalRelationArray.pyc
[19.687s] -- Installing: /home/agilex/autoware.ai/install/autoware_map_msgs/lib/python2.7/dist-packages/autoware_map_msgs/msg/_LaneArray.py
[19.687s] -- Installing: /home/agilex/autoware.ai/install/autoware_map_msgs/lib/python2.7/dist-packages/autoware_map_msgs/msg/_LaneAttributeRelation.py
[19.687s] -- Installing: /home/agilex/autoware.ai/install/autoware_map_msgs/lib/python2.7/dist-packages/autoware_map_msgs/msg/_LaneAttributeRelation.pyc
[19.688s] -- Installing: /home/agilex/autoware.ai/install/autoware_map_msgs/lib/python2.7/dist-packages/autoware_map_msgs/msg/_Lane.py
[19.688s] -- Installing: /home/agilex/autoware.ai/install/autoware_map_msgs/lib/python2.7/dist-packages/autoware_map_msgs/msg/_SignalLightArray.pyc
[19.688s] -- Installing: /home/agilex/autoware.ai/install/autoware_map_msgs/lib/python2.7/dist-packages/autoware_map_msgs/msg/_SignalArray.py
[19.688s] -- Installing: /home/agilex/autoware.ai/install/autoware_map_msgs/lib/python2.7/dist-packages/autoware_map_msgs/msg/_LaneAttributeRelationArray.pyc
[19.688s] -- Installing: /home/agilex/autoware.ai/install/autoware_map_msgs/lib/python2.7/dist-packages/autoware_map_msgs/msg/_WaypointArray.pyc
[19.688s] -- Installing: /home/agilex/autoware.ai/install/autoware_map_msgs/lib/python2.7/dist-packages/autoware_map_msgs/msg/_Area.pyc
[19.688s] -- Installing: /home/agilex/autoware.ai/install/autoware_map_msgs/lib/python2.7/dist-packages/autoware_map_msgs/msg/_WaypointRelationArray.pyc
[19.688s] -- Installing: /home/agilex/autoware.ai/install/autoware_map_msgs/lib/python2.7/dist-packages/autoware_map_msgs/msg/_PointArray.pyc
[19.688s] -- Installing: /home/agilex/autoware.ai/install/autoware_map_msgs/lib/python2.7/dist-packages/autoware_map_msgs/msg/_OppositeLaneRelationArray.pyc
[19.688s] -- Installing: /home/agilex/autoware.ai/install/autoware_map_msgs/lib/python2.7/dist-packages/autoware_map_msgs/msg/_WaypointSignalRelation.pyc
[19.688s] -- Installing: /home/agilex/autoware.ai/install/autoware_map_msgs/lib/python2.7/dist-packages/autoware_map_msgs/msg/_OppositeLaneRelation.pyc
[19.688s] -- Installing: /home/agilex/autoware.ai/install/autoware_map_msgs/lib/python2.7/dist-packages/autoware_map_msgs/__init__.py
[19.688s] -- Installing: /home/agilex/autoware.ai/install/autoware_map_msgs/lib/pkgconfig/autoware_map_msgs.pc
[19.689s] -- Installing: /home/agilex/autoware.ai/install/autoware_map_msgs/share/autoware_map_msgs/cmake/autoware_map_msgs-msg-extras.cmake
[19.689s] -- Installing: /home/agilex/autoware.ai/install/autoware_map_msgs/share/autoware_map_msgs/cmake/autoware_map_msgsConfig.cmake
[19.689s] -- Installing: /home/agilex/autoware.ai/install/autoware_map_msgs/share/autoware_map_msgs/cmake/autoware_map_msgsConfig-version.cmake
[19.689s] -- Installing: /home/agilex/autoware.ai/install/autoware_map_msgs/share/autoware_map_msgs/package.xml
[19.691s] Invoked command in '/home/agilex/autoware.ai/build/autoware_map_msgs' returned '0': /usr/bin/cmake --build /home/agilex/autoware.ai/build/autoware_map_msgs --target install -- -j8 -l8
