[0.022s] Invoking command in '/home/agilex/autoware.ai/build/autoware_map_msgs': /usr/bin/cmake --build /home/agilex/autoware.ai/build/autoware_map_msgs -- -j8 -l8
[0.111s] [  0%] Built target _autoware_map_msgs_generate_messages_check_deps_LaneSignalLightRelation
[0.127s] [  0%] Built target _autoware_map_msgs_generate_messages_check_deps_WaypointArray
[0.127s] [  0%] Built target _autoware_map_msgs_generate_messages_check_deps_OppositeLaneRelation
[0.132s] [  0%] Built target _autoware_map_msgs_generate_messages_check_deps_LaneRelationArray
[0.134s] [  0%] Built target _autoware_map_msgs_generate_messages_check_deps_OppositeLaneRelationArray
[0.141s] [  0%] Built target _autoware_map_msgs_generate_messages_check_deps_WaypointRelationArray
[0.149s] [  0%] Built target _autoware_map_msgs_generate_messages_check_deps_Wayarea
[0.166s] [  0%] Built target _autoware_map_msgs_generate_messages_check_deps_LaneRelation
[0.186s] [  0%] Built target _autoware_map_msgs_generate_messages_check_deps_SignalArray
[0.186s] [  0%] Built target _autoware_map_msgs_generate_messages_check_deps_Area
[0.192s] [  0%] Built target _autoware_map_msgs_generate_messages_check_deps_PointArray
[0.211s] [  0%] Built target _autoware_map_msgs_generate_messages_check_deps_AreaArray
[0.226s] [  0%] Built target _autoware_map_msgs_generate_messages_check_deps_LaneSignalLightRelationArray
[0.228s] [  0%] Built target _autoware_map_msgs_generate_messages_check_deps_Signal
[0.232s] [  0%] Built target _autoware_map_msgs_generate_messages_check_deps_LaneAttributeRelation
[0.256s] [  0%] Built target _autoware_map_msgs_generate_messages_check_deps_WayareaArray
[0.268s] [  0%] Built target _autoware_map_msgs_generate_messages_check_deps_Waypoint
[0.279s] [  0%] Built target _autoware_map_msgs_generate_messages_check_deps_WaypointSignalRelationArray
[0.283s] [  0%] Built target _autoware_map_msgs_generate_messages_check_deps_WaypointLaneRelation
[0.285s] [  0%] Built target _autoware_map_msgs_generate_messages_check_deps_WaypointRelation
[0.311s] [  0%] Built target _autoware_map_msgs_generate_messages_check_deps_LaneArray
[0.318s] [  0%] Built target _autoware_map_msgs_generate_messages_check_deps_Lane
[0.344s] [  0%] Built target _autoware_map_msgs_generate_messages_check_deps_Point
[0.398s] [  0%] Built target _autoware_map_msgs_generate_messages_check_deps_LaneChangeRelation
[0.401s] [  0%] Built target _autoware_map_msgs_generate_messages_check_deps_SignalLight
[0.414s] [  0%] Built target std_msgs_generate_messages_lisp
[0.433s] [  0%] Built target _autoware_map_msgs_generate_messages_check_deps_LaneAttributeRelationArray
[0.433s] [  0%] Built target _autoware_map_msgs_generate_messages_check_deps_WaypointLaneRelationArray
[0.460s] [  0%] Built target std_msgs_generate_messages_eus
[0.460s] [  0%] Built target _autoware_map_msgs_generate_messages_check_deps_WaypointSignalRelation
[0.468s] [  0%] Built target _autoware_map_msgs_generate_messages_check_deps_SignalLightArray
[0.470s] [  0%] Built target _autoware_map_msgs_generate_messages_check_deps_LaneChangeRelationArray
[0.488s] [  0%] Built target std_msgs_generate_messages_nodejs
[0.489s] [  0%] Built target std_msgs_generate_messages_cpp
[0.492s] [  0%] Built target std_msgs_generate_messages_py
[0.521s] [ 20%] Built target autoware_map_msgs_generate_messages_eus
[0.528s] [ 40%] Built target autoware_map_msgs_generate_messages_nodejs
[0.542s] [ 60%] Built target autoware_map_msgs_generate_messages_lisp
[0.546s] [ 80%] Built target autoware_map_msgs_generate_messages_py
[0.548s] [100%] Built target autoware_map_msgs_generate_messages_cpp
[0.609s] [100%] Built target autoware_map_msgs_generate_messages
[0.620s] Invoked command in '/home/agilex/autoware.ai/build/autoware_map_msgs' returned '0': /usr/bin/cmake --build /home/agilex/autoware.ai/build/autoware_map_msgs -- -j8 -l8
[0.916s] Invoking command in '/home/agilex/autoware.ai/build/autoware_map_msgs': /usr/bin/cmake --build /home/agilex/autoware.ai/build/autoware_map_msgs --target tests -- -j8 -l8
[1.029s] Built target tests
[1.053s] Invoked command in '/home/agilex/autoware.ai/build/autoware_map_msgs' returned '0': /usr/bin/cmake --build /home/agilex/autoware.ai/build/autoware_map_msgs --target tests -- -j8 -l8
[1.262s] Invoking command in '/home/agilex/autoware.ai/build/autoware_map_msgs': /usr/bin/cmake --build /home/agilex/autoware.ai/build/autoware_map_msgs --target install -- -j8 -l8
[1.441s] [  0%] Built target _autoware_map_msgs_generate_messages_check_deps_WaypointRelationArray
[1.443s] [  0%] Built target _autoware_map_msgs_generate_messages_check_deps_WaypointArray
[1.445s] [  0%] Built target _autoware_map_msgs_generate_messages_check_deps_LaneRelation
[1.474s] [  0%] Built target _autoware_map_msgs_generate_messages_check_deps_LaneRelationArray
[1.481s] [  0%] Built target _autoware_map_msgs_generate_messages_check_deps_LaneSignalLightRelation
[1.485s] [  0%] Built target _autoware_map_msgs_generate_messages_check_deps_OppositeLaneRelation
[1.497s] [  0%] Built target _autoware_map_msgs_generate_messages_check_deps_Wayarea
[1.506s] [  0%] Built target _autoware_map_msgs_generate_messages_check_deps_OppositeLaneRelationArray
[1.518s] [  0%] Built target _autoware_map_msgs_generate_messages_check_deps_SignalArray
[1.525s] [  0%] Built target _autoware_map_msgs_generate_messages_check_deps_Area
[1.533s] [  0%] Built target _autoware_map_msgs_generate_messages_check_deps_AreaArray
[1.551s] [  0%] Built target _autoware_map_msgs_generate_messages_check_deps_LaneSignalLightRelationArray
[1.579s] [  0%] Built target _autoware_map_msgs_generate_messages_check_deps_Signal
[1.583s] [  0%] Built target _autoware_map_msgs_generate_messages_check_deps_LaneAttributeRelation
[1.585s] [  0%] Built target _autoware_map_msgs_generate_messages_check_deps_Waypoint
[1.606s] [  0%] Built target _autoware_map_msgs_generate_messages_check_deps_WayareaArray
[1.607s] [  0%] Built target _autoware_map_msgs_generate_messages_check_deps_PointArray
[1.609s] [  0%] Built target _autoware_map_msgs_generate_messages_check_deps_WaypointRelation
[1.627s] [  0%] Built target _autoware_map_msgs_generate_messages_check_deps_WaypointLaneRelation
[1.655s] [  0%] Built target _autoware_map_msgs_generate_messages_check_deps_WaypointSignalRelationArray
[1.658s] [  0%] Built target _autoware_map_msgs_generate_messages_check_deps_Lane
[1.686s] [  0%] Built target _autoware_map_msgs_generate_messages_check_deps_Point
[1.694s] [  0%] Built target std_msgs_generate_messages_lisp
[1.694s] [  0%] Built target _autoware_map_msgs_generate_messages_check_deps_WaypointLaneRelationArray
[1.700s] [  0%] Built target _autoware_map_msgs_generate_messages_check_deps_LaneChangeRelationArray
[1.706s] [  0%] Built target _autoware_map_msgs_generate_messages_check_deps_LaneArray
[1.706s] [  0%] Built target _autoware_map_msgs_generate_messages_check_deps_LaneAttributeRelationArray
[1.734s] [  0%] Built target std_msgs_generate_messages_py
[1.736s] [  0%] Built target std_msgs_generate_messages_cpp
[1.738s] [  0%] Built target std_msgs_generate_messages_eus
[1.738s] [  0%] Built target _autoware_map_msgs_generate_messages_check_deps_SignalLight
[1.740s] [  0%] Built target _autoware_map_msgs_generate_messages_check_deps_LaneChangeRelation
[1.757s] [  0%] Built target _autoware_map_msgs_generate_messages_check_deps_SignalLightArray
[1.759s] [  0%] Built target _autoware_map_msgs_generate_messages_check_deps_WaypointSignalRelation
[1.762s] [  0%] Built target std_msgs_generate_messages_nodejs
[1.790s] [ 19%] Built target autoware_map_msgs_generate_messages_lisp
[1.793s] [ 39%] Built target autoware_map_msgs_generate_messages_py
[1.793s] [ 60%] Built target autoware_map_msgs_generate_messages_eus
[1.802s] [ 80%] Built target autoware_map_msgs_generate_messages_nodejs
[1.810s] [100%] Built target autoware_map_msgs_generate_messages_cpp
[1.830s] [100%] Built target autoware_map_msgs_generate_messages
[1.856s] [36mInstall the project...[0m
[1.863s] -- Install configuration: "Release"
[1.864s] -- Up-to-date: /home/agilex/autoware.ai/install/autoware_map_msgs/share/autoware_map_msgs/msg/Point.msg
[1.865s] -- Up-to-date: /home/agilex/autoware.ai/install/autoware_map_msgs/share/autoware_map_msgs/msg/Waypoint.msg
[1.865s] -- Up-to-date: /home/agilex/autoware.ai/install/autoware_map_msgs/share/autoware_map_msgs/msg/Lane.msg
[1.865s] -- Up-to-date: /home/agilex/autoware.ai/install/autoware_map_msgs/share/autoware_map_msgs/msg/SignalLight.msg
[1.866s] -- Up-to-date: /home/agilex/autoware.ai/install/autoware_map_msgs/share/autoware_map_msgs/msg/Signal.msg
[1.866s] -- Up-to-date: /home/agilex/autoware.ai/install/autoware_map_msgs/share/autoware_map_msgs/msg/LaneSignalLightRelation.msg
[1.866s] -- Up-to-date: /home/agilex/autoware.ai/install/autoware_map_msgs/share/autoware_map_msgs/msg/WaypointSignalRelation.msg
[1.866s] -- Up-to-date: /home/agilex/autoware.ai/install/autoware_map_msgs/share/autoware_map_msgs/msg/Area.msg
[1.866s] -- Up-to-date: /home/agilex/autoware.ai/install/autoware_map_msgs/share/autoware_map_msgs/msg/WaypointRelation.msg
[1.866s] -- Up-to-date: /home/agilex/autoware.ai/install/autoware_map_msgs/share/autoware_map_msgs/msg/LaneRelation.msg
[1.866s] -- Up-to-date: /home/agilex/autoware.ai/install/autoware_map_msgs/share/autoware_map_msgs/msg/WaypointLaneRelation.msg
[1.866s] -- Up-to-date: /home/agilex/autoware.ai/install/autoware_map_msgs/share/autoware_map_msgs/msg/LaneAttributeRelation.msg
[1.866s] -- Up-to-date: /home/agilex/autoware.ai/install/autoware_map_msgs/share/autoware_map_msgs/msg/LaneChangeRelation.msg
[1.867s] -- Up-to-date: /home/agilex/autoware.ai/install/autoware_map_msgs/share/autoware_map_msgs/msg/OppositeLaneRelation.msg
[1.867s] -- Up-to-date: /home/agilex/autoware.ai/install/autoware_map_msgs/share/autoware_map_msgs/msg/Wayarea.msg
[1.867s] -- Up-to-date: /home/agilex/autoware.ai/install/autoware_map_msgs/share/autoware_map_msgs/msg/PointArray.msg
[1.867s] -- Up-to-date: /home/agilex/autoware.ai/install/autoware_map_msgs/share/autoware_map_msgs/msg/WaypointArray.msg
[1.867s] -- Up-to-date: /home/agilex/autoware.ai/install/autoware_map_msgs/share/autoware_map_msgs/msg/LaneArray.msg
[1.867s] -- Up-to-date: /home/agilex/autoware.ai/install/autoware_map_msgs/share/autoware_map_msgs/msg/SignalLightArray.msg
[1.867s] -- Up-to-date: /home/agilex/autoware.ai/install/autoware_map_msgs/share/autoware_map_msgs/msg/SignalArray.msg
[1.867s] -- Up-to-date: /home/agilex/autoware.ai/install/autoware_map_msgs/share/autoware_map_msgs/msg/LaneSignalLightRelationArray.msg
[1.867s] -- Up-to-date: /home/agilex/autoware.ai/install/autoware_map_msgs/share/autoware_map_msgs/msg/WaypointSignalRelationArray.msg
[1.867s] -- Up-to-date: /home/agilex/autoware.ai/install/autoware_map_msgs/share/autoware_map_msgs/msg/AreaArray.msg
[1.868s] -- Up-to-date: /home/agilex/autoware.ai/install/autoware_map_msgs/share/autoware_map_msgs/msg/WaypointRelationArray.msg
[1.868s] -- Up-to-date: /home/agilex/autoware.ai/install/autoware_map_msgs/share/autoware_map_msgs/msg/LaneRelationArray.msg
[1.868s] -- Up-to-date: /home/agilex/autoware.ai/install/autoware_map_msgs/share/autoware_map_msgs/msg/WaypointLaneRelationArray.msg
[1.868s] -- Up-to-date: /home/agilex/autoware.ai/install/autoware_map_msgs/share/autoware_map_msgs/msg/LaneAttributeRelationArray.msg
[1.868s] -- Up-to-date: /home/agilex/autoware.ai/install/autoware_map_msgs/share/autoware_map_msgs/msg/LaneChangeRelationArray.msg
[1.868s] -- Up-to-date: /home/agilex/autoware.ai/install/autoware_map_msgs/share/autoware_map_msgs/msg/OppositeLaneRelationArray.msg
[1.868s] -- Up-to-date: /home/agilex/autoware.ai/install/autoware_map_msgs/share/autoware_map_msgs/msg/WayareaArray.msg
[1.868s] -- Up-to-date: /home/agilex/autoware.ai/install/autoware_map_msgs/share/autoware_map_msgs/cmake/autoware_map_msgs-msg-paths.cmake
[1.868s] -- Up-to-date: /home/agilex/autoware.ai/install/autoware_map_msgs/include/autoware_map_msgs
[1.869s] -- Up-to-date: /home/agilex/autoware.ai/install/autoware_map_msgs/include/autoware_map_msgs/PointArray.h
[1.869s] -- Up-to-date: /home/agilex/autoware.ai/install/autoware_map_msgs/include/autoware_map_msgs/AreaArray.h
[1.869s] -- Up-to-date: /home/agilex/autoware.ai/install/autoware_map_msgs/include/autoware_map_msgs/SignalArray.h
[1.869s] -- Up-to-date: /home/agilex/autoware.ai/install/autoware_map_msgs/include/autoware_map_msgs/LaneChangeRelationArray.h
[1.869s] -- Up-to-date: /home/agilex/autoware.ai/install/autoware_map_msgs/include/autoware_map_msgs/LaneSignalLightRelationArray.h
[1.869s] -- Up-to-date: /home/agilex/autoware.ai/install/autoware_map_msgs/include/autoware_map_msgs/WaypointLaneRelationArray.h
[1.869s] -- Up-to-date: /home/agilex/autoware.ai/install/autoware_map_msgs/include/autoware_map_msgs/SignalLight.h
[1.870s] -- Up-to-date: /home/agilex/autoware.ai/install/autoware_map_msgs/include/autoware_map_msgs/WaypointRelation.h
[1.870s] -- Up-to-date: /home/agilex/autoware.ai/install/autoware_map_msgs/include/autoware_map_msgs/OppositeLaneRelationArray.h
[1.870s] -- Up-to-date: /home/agilex/autoware.ai/install/autoware_map_msgs/include/autoware_map_msgs/WaypointRelationArray.h
[1.870s] -- Up-to-date: /home/agilex/autoware.ai/install/autoware_map_msgs/include/autoware_map_msgs/WaypointSignalRelation.h
[1.872s] -- Up-to-date: /home/agilex/autoware.ai/install/autoware_map_msgs/include/autoware_map_msgs/LaneRelation.h
[1.872s] -- Up-to-date: /home/agilex/autoware.ai/install/autoware_map_msgs/include/autoware_map_msgs/LaneRelationArray.h
[1.872s] -- Up-to-date: /home/agilex/autoware.ai/install/autoware_map_msgs/include/autoware_map_msgs/OppositeLaneRelation.h
[1.873s] -- Up-to-date: /home/agilex/autoware.ai/install/autoware_map_msgs/include/autoware_map_msgs/WaypointSignalRelationArray.h
[1.873s] -- Up-to-date: /home/agilex/autoware.ai/install/autoware_map_msgs/include/autoware_map_msgs/WayareaArray.h
[1.873s] -- Up-to-date: /home/agilex/autoware.ai/install/autoware_map_msgs/include/autoware_map_msgs/WaypointArray.h
[1.873s] -- Up-to-date: /home/agilex/autoware.ai/install/autoware_map_msgs/include/autoware_map_msgs/Waypoint.h
[1.874s] -- Up-to-date: /home/agilex/autoware.ai/install/autoware_map_msgs/include/autoware_map_msgs/LaneAttributeRelationArray.h
[1.874s] -- Up-to-date: /home/agilex/autoware.ai/install/autoware_map_msgs/include/autoware_map_msgs/Area.h
[1.875s] -- Up-to-date: /home/agilex/autoware.ai/install/autoware_map_msgs/include/autoware_map_msgs/WaypointLaneRelation.h
[1.875s] -- Up-to-date: /home/agilex/autoware.ai/install/autoware_map_msgs/include/autoware_map_msgs/LaneArray.h
[1.875s] -- Up-to-date: /home/agilex/autoware.ai/install/autoware_map_msgs/include/autoware_map_msgs/SignalLightArray.h
[1.875s] -- Up-to-date: /home/agilex/autoware.ai/install/autoware_map_msgs/include/autoware_map_msgs/Signal.h
[1.875s] -- Up-to-date: /home/agilex/autoware.ai/install/autoware_map_msgs/include/autoware_map_msgs/LaneAttributeRelation.h
[1.875s] -- Up-to-date: /home/agilex/autoware.ai/install/autoware_map_msgs/include/autoware_map_msgs/Wayarea.h
[1.879s] -- Up-to-date: /home/agilex/autoware.ai/install/autoware_map_msgs/include/autoware_map_msgs/Point.h
[1.879s] -- Up-to-date: /home/agilex/autoware.ai/install/autoware_map_msgs/include/autoware_map_msgs/Lane.h
[1.880s] -- Up-to-date: /home/agilex/autoware.ai/install/autoware_map_msgs/include/autoware_map_msgs/LaneChangeRelation.h
[1.880s] -- Up-to-date: /home/agilex/autoware.ai/install/autoware_map_msgs/include/autoware_map_msgs/LaneSignalLightRelation.h
[1.880s] -- Up-to-date: /home/agilex/autoware.ai/install/autoware_map_msgs/share/roseus/ros/autoware_map_msgs
[1.880s] -- Up-to-date: /home/agilex/autoware.ai/install/autoware_map_msgs/share/roseus/ros/autoware_map_msgs/manifest.l
[1.880s] -- Up-to-date: /home/agilex/autoware.ai/install/autoware_map_msgs/share/roseus/ros/autoware_map_msgs/msg
[1.880s] -- Up-to-date: /home/agilex/autoware.ai/install/autoware_map_msgs/share/roseus/ros/autoware_map_msgs/msg/Waypoint.l
[1.880s] -- Up-to-date: /home/agilex/autoware.ai/install/autoware_map_msgs/share/roseus/ros/autoware_map_msgs/msg/LaneChangeRelationArray.l
[1.880s] -- Up-to-date: /home/agilex/autoware.ai/install/autoware_map_msgs/share/roseus/ros/autoware_map_msgs/msg/Point.l
[1.881s] -- Up-to-date: /home/agilex/autoware.ai/install/autoware_map_msgs/share/roseus/ros/autoware_map_msgs/msg/LaneRelation.l
[1.881s] -- Up-to-date: /home/agilex/autoware.ai/install/autoware_map_msgs/share/roseus/ros/autoware_map_msgs/msg/SignalArray.l
[1.881s] -- Up-to-date: /home/agilex/autoware.ai/install/autoware_map_msgs/share/roseus/ros/autoware_map_msgs/msg/Lane.l
[1.881s] -- Up-to-date: /home/agilex/autoware.ai/install/autoware_map_msgs/share/roseus/ros/autoware_map_msgs/msg/WayareaArray.l
[1.881s] -- Up-to-date: /home/agilex/autoware.ai/install/autoware_map_msgs/share/roseus/ros/autoware_map_msgs/msg/Signal.l
[1.881s] -- Up-to-date: /home/agilex/autoware.ai/install/autoware_map_msgs/share/roseus/ros/autoware_map_msgs/msg/OppositeLaneRelation.l
[1.882s] -- Up-to-date: /home/agilex/autoware.ai/install/autoware_map_msgs/share/roseus/ros/autoware_map_msgs/msg/Wayarea.l
[1.882s] -- Up-to-date: /home/agilex/autoware.ai/install/autoware_map_msgs/share/roseus/ros/autoware_map_msgs/msg/SignalLightArray.l
[1.883s] -- Up-to-date: /home/agilex/autoware.ai/install/autoware_map_msgs/share/roseus/ros/autoware_map_msgs/msg/WaypointSignalRelationArray.l
[1.883s] -- Up-to-date: /home/agilex/autoware.ai/install/autoware_map_msgs/share/roseus/ros/autoware_map_msgs/msg/AreaArray.l
[1.883s] -- Up-to-date: /home/agilex/autoware.ai/install/autoware_map_msgs/share/roseus/ros/autoware_map_msgs/msg/WaypointRelationArray.l
[1.883s] -- Up-to-date: /home/agilex/autoware.ai/install/autoware_map_msgs/share/roseus/ros/autoware_map_msgs/msg/OppositeLaneRelationArray.l
[1.883s] -- Up-to-date: /home/agilex/autoware.ai/install/autoware_map_msgs/share/roseus/ros/autoware_map_msgs/msg/LaneAttributeRelationArray.l
[1.883s] -- Up-to-date: /home/agilex/autoware.ai/install/autoware_map_msgs/share/roseus/ros/autoware_map_msgs/msg/WaypointLaneRelation.l
[1.883s] -- Up-to-date: /home/agilex/autoware.ai/install/autoware_map_msgs/share/roseus/ros/autoware_map_msgs/msg/LaneArray.l
[1.884s] -- Up-to-date: /home/agilex/autoware.ai/install/autoware_map_msgs/share/roseus/ros/autoware_map_msgs/msg/WaypointRelation.l
[1.884s] -- Up-to-date: /home/agilex/autoware.ai/install/autoware_map_msgs/share/roseus/ros/autoware_map_msgs/msg/SignalLight.l
[1.885s] -- Up-to-date: /home/agilex/autoware.ai/install/autoware_map_msgs/share/roseus/ros/autoware_map_msgs/msg/LaneChangeRelation.l
[1.885s] -- Up-to-date: /home/agilex/autoware.ai/install/autoware_map_msgs/share/roseus/ros/autoware_map_msgs/msg/PointArray.l
[1.886s] -- Up-to-date: /home/agilex/autoware.ai/install/autoware_map_msgs/share/roseus/ros/autoware_map_msgs/msg/WaypointSignalRelation.l
[1.886s] -- Up-to-date: /home/agilex/autoware.ai/install/autoware_map_msgs/share/roseus/ros/autoware_map_msgs/msg/LaneAttributeRelation.l
[1.887s] -- Up-to-date: /home/agilex/autoware.ai/install/autoware_map_msgs/share/roseus/ros/autoware_map_msgs/msg/Area.l
[1.888s] -- Up-to-date: /home/agilex/autoware.ai/install/autoware_map_msgs/share/roseus/ros/autoware_map_msgs/msg/WaypointLaneRelationArray.l
[1.888s] -- Up-to-date: /home/agilex/autoware.ai/install/autoware_map_msgs/share/roseus/ros/autoware_map_msgs/msg/LaneRelationArray.l
[1.889s] -- Up-to-date: /home/agilex/autoware.ai/install/autoware_map_msgs/share/roseus/ros/autoware_map_msgs/msg/LaneSignalLightRelationArray.l
[1.889s] -- Up-to-date: /home/agilex/autoware.ai/install/autoware_map_msgs/share/roseus/ros/autoware_map_msgs/msg/WaypointArray.l
[1.890s] -- Up-to-date: /home/agilex/autoware.ai/install/autoware_map_msgs/share/roseus/ros/autoware_map_msgs/msg/LaneSignalLightRelation.l
[1.890s] -- Up-to-date: /home/agilex/autoware.ai/install/autoware_map_msgs/share/common-lisp/ros/autoware_map_msgs
[1.890s] -- Up-to-date: /home/agilex/autoware.ai/install/autoware_map_msgs/share/common-lisp/ros/autoware_map_msgs/msg
[1.890s] -- Up-to-date: /home/agilex/autoware.ai/install/autoware_map_msgs/share/common-lisp/ros/autoware_map_msgs/msg/_package_AreaArray.lisp
[1.890s] -- Up-to-date: /home/agilex/autoware.ai/install/autoware_map_msgs/share/common-lisp/ros/autoware_map_msgs/msg/_package_SignalLightArray.lisp
[1.890s] -- Up-to-date: /home/agilex/autoware.ai/install/autoware_map_msgs/share/common-lisp/ros/autoware_map_msgs/msg/WaypointLaneRelationArray.lisp
[1.890s] -- Up-to-date: /home/agilex/autoware.ai/install/autoware_map_msgs/share/common-lisp/ros/autoware_map_msgs/msg/_package_LaneAttributeRelation.lisp
[1.890s] -- Up-to-date: /home/agilex/autoware.ai/install/autoware_map_msgs/share/common-lisp/ros/autoware_map_msgs/msg/_package.lisp
[1.891s] -- Up-to-date: /home/agilex/autoware.ai/install/autoware_map_msgs/share/common-lisp/ros/autoware_map_msgs/msg/LaneAttributeRelationArray.lisp
[1.891s] -- Up-to-date: /home/agilex/autoware.ai/install/autoware_map_msgs/share/common-lisp/ros/autoware_map_msgs/msg/Area.lisp
[1.891s] -- Up-to-date: /home/agilex/autoware.ai/install/autoware_map_msgs/share/common-lisp/ros/autoware_map_msgs/msg/Wayarea.lisp
[1.891s] -- Up-to-date: /home/agilex/autoware.ai/install/autoware_map_msgs/share/common-lisp/ros/autoware_map_msgs/msg/LaneChangeRelation.lisp
[1.891s] -- Up-to-date: /home/agilex/autoware.ai/install/autoware_map_msgs/share/common-lisp/ros/autoware_map_msgs/msg/WaypointLaneRelation.lisp
[1.891s] -- Up-to-date: /home/agilex/autoware.ai/install/autoware_map_msgs/share/common-lisp/ros/autoware_map_msgs/msg/_package_Waypoint.lisp
[1.891s] -- Up-to-date: /home/agilex/autoware.ai/install/autoware_map_msgs/share/common-lisp/ros/autoware_map_msgs/msg/_package_LaneSignalLightRelation.lisp
[1.891s] -- Up-to-date: /home/agilex/autoware.ai/install/autoware_map_msgs/share/common-lisp/ros/autoware_map_msgs/msg/LaneChangeRelationArray.lisp
[1.891s] -- Up-to-date: /home/agilex/autoware.ai/install/autoware_map_msgs/share/common-lisp/ros/autoware_map_msgs/msg/autoware_map_msgs-msg.asd
[1.891s] -- Up-to-date: /home/agilex/autoware.ai/install/autoware_map_msgs/share/common-lisp/ros/autoware_map_msgs/msg/SignalLight.lisp
[1.891s] -- Up-to-date: /home/agilex/autoware.ai/install/autoware_map_msgs/share/common-lisp/ros/autoware_map_msgs/msg/_package_LaneRelation.lisp
[1.891s] -- Up-to-date: /home/agilex/autoware.ai/install/autoware_map_msgs/share/common-lisp/ros/autoware_map_msgs/msg/PointArray.lisp
[1.892s] -- Up-to-date: /home/agilex/autoware.ai/install/autoware_map_msgs/share/common-lisp/ros/autoware_map_msgs/msg/_package_Signal.lisp
[1.892s] -- Up-to-date: /home/agilex/autoware.ai/install/autoware_map_msgs/share/common-lisp/ros/autoware_map_msgs/msg/OppositeLaneRelation.lisp
[1.892s] -- Up-to-date: /home/agilex/autoware.ai/install/autoware_map_msgs/share/common-lisp/ros/autoware_map_msgs/msg/SignalLightArray.lisp
[1.892s] -- Up-to-date: /home/agilex/autoware.ai/install/autoware_map_msgs/share/common-lisp/ros/autoware_map_msgs/msg/_package_PointArray.lisp
[1.892s] -- Up-to-date: /home/agilex/autoware.ai/install/autoware_map_msgs/share/common-lisp/ros/autoware_map_msgs/msg/_package_WaypointRelation.lisp
[1.892s] -- Up-to-date: /home/agilex/autoware.ai/install/autoware_map_msgs/share/common-lisp/ros/autoware_map_msgs/msg/Signal.lisp
[1.892s] -- Up-to-date: /home/agilex/autoware.ai/install/autoware_map_msgs/share/common-lisp/ros/autoware_map_msgs/msg/_package_WaypointArray.lisp
[1.892s] -- Up-to-date: /home/agilex/autoware.ai/install/autoware_map_msgs/share/common-lisp/ros/autoware_map_msgs/msg/_package_LaneChangeRelationArray.lisp
[1.892s] -- Up-to-date: /home/agilex/autoware.ai/install/autoware_map_msgs/share/common-lisp/ros/autoware_map_msgs/msg/_package_WaypointSignalRelation.lisp
[1.892s] -- Up-to-date: /home/agilex/autoware.ai/install/autoware_map_msgs/share/common-lisp/ros/autoware_map_msgs/msg/_package_WaypointLaneRelationArray.lisp
[1.892s] -- Up-to-date: /home/agilex/autoware.ai/install/autoware_map_msgs/share/common-lisp/ros/autoware_map_msgs/msg/Waypoint.lisp
[1.892s] -- Up-to-date: /home/agilex/autoware.ai/install/autoware_map_msgs/share/common-lisp/ros/autoware_map_msgs/msg/WaypointArray.lisp
[1.893s] -- Up-to-date: /home/agilex/autoware.ai/install/autoware_map_msgs/share/common-lisp/ros/autoware_map_msgs/msg/_package_SignalLight.lisp
[1.893s] -- Up-to-date: /home/agilex/autoware.ai/install/autoware_map_msgs/share/common-lisp/ros/autoware_map_msgs/msg/WaypointSignalRelation.lisp
[1.893s] -- Up-to-date: /home/agilex/autoware.ai/install/autoware_map_msgs/share/common-lisp/ros/autoware_map_msgs/msg/LaneSignalLightRelationArray.lisp
[1.893s] -- Up-to-date: /home/agilex/autoware.ai/install/autoware_map_msgs/share/common-lisp/ros/autoware_map_msgs/msg/_package_Point.lisp
[1.893s] -- Up-to-date: /home/agilex/autoware.ai/install/autoware_map_msgs/share/common-lisp/ros/autoware_map_msgs/msg/AreaArray.lisp
[1.893s] -- Up-to-date: /home/agilex/autoware.ai/install/autoware_map_msgs/share/common-lisp/ros/autoware_map_msgs/msg/_package_LaneArray.lisp
[1.894s] -- Up-to-date: /home/agilex/autoware.ai/install/autoware_map_msgs/share/common-lisp/ros/autoware_map_msgs/msg/_package_LaneSignalLightRelationArray.lisp
[1.895s] -- Up-to-date: /home/agilex/autoware.ai/install/autoware_map_msgs/share/common-lisp/ros/autoware_map_msgs/msg/_package_OppositeLaneRelationArray.lisp
[1.895s] -- Up-to-date: /home/agilex/autoware.ai/install/autoware_map_msgs/share/common-lisp/ros/autoware_map_msgs/msg/WaypointRelationArray.lisp
[1.896s] -- Up-to-date: /home/agilex/autoware.ai/install/autoware_map_msgs/share/common-lisp/ros/autoware_map_msgs/msg/_package_SignalArray.lisp
[1.896s] -- Up-to-date: /home/agilex/autoware.ai/install/autoware_map_msgs/share/common-lisp/ros/autoware_map_msgs/msg/Point.lisp
[1.896s] -- Up-to-date: /home/agilex/autoware.ai/install/autoware_map_msgs/share/common-lisp/ros/autoware_map_msgs/msg/WaypointRelation.lisp
[1.896s] -- Up-to-date: /home/agilex/autoware.ai/install/autoware_map_msgs/share/common-lisp/ros/autoware_map_msgs/msg/OppositeLaneRelationArray.lisp
[1.896s] -- Up-to-date: /home/agilex/autoware.ai/install/autoware_map_msgs/share/common-lisp/ros/autoware_map_msgs/msg/LaneSignalLightRelation.lisp
[1.896s] -- Up-to-date: /home/agilex/autoware.ai/install/autoware_map_msgs/share/common-lisp/ros/autoware_map_msgs/msg/_package_OppositeLaneRelation.lisp
[1.897s] -- Up-to-date: /home/agilex/autoware.ai/install/autoware_map_msgs/share/common-lisp/ros/autoware_map_msgs/msg/_package_LaneChangeRelation.lisp
[1.897s] -- Up-to-date: /home/agilex/autoware.ai/install/autoware_map_msgs/share/common-lisp/ros/autoware_map_msgs/msg/_package_LaneAttributeRelationArray.lisp
[1.897s] -- Up-to-date: /home/agilex/autoware.ai/install/autoware_map_msgs/share/common-lisp/ros/autoware_map_msgs/msg/_package_Wayarea.lisp
[1.897s] -- Up-to-date: /home/agilex/autoware.ai/install/autoware_map_msgs/share/common-lisp/ros/autoware_map_msgs/msg/Lane.lisp
[1.898s] -- Up-to-date: /home/agilex/autoware.ai/install/autoware_map_msgs/share/common-lisp/ros/autoware_map_msgs/msg/_package_Area.lisp
[1.898s] -- Up-to-date: /home/agilex/autoware.ai/install/autoware_map_msgs/share/common-lisp/ros/autoware_map_msgs/msg/LaneAttributeRelation.lisp
[1.898s] -- Up-to-date: /home/agilex/autoware.ai/install/autoware_map_msgs/share/common-lisp/ros/autoware_map_msgs/msg/SignalArray.lisp
[1.898s] -- Up-to-date: /home/agilex/autoware.ai/install/autoware_map_msgs/share/common-lisp/ros/autoware_map_msgs/msg/LaneArray.lisp
[1.898s] -- Up-to-date: /home/agilex/autoware.ai/install/autoware_map_msgs/share/common-lisp/ros/autoware_map_msgs/msg/_package_WaypointSignalRelationArray.lisp
[1.898s] -- Up-to-date: /home/agilex/autoware.ai/install/autoware_map_msgs/share/common-lisp/ros/autoware_map_msgs/msg/LaneRelationArray.lisp
[1.899s] -- Up-to-date: /home/agilex/autoware.ai/install/autoware_map_msgs/share/common-lisp/ros/autoware_map_msgs/msg/_package_Lane.lisp
[1.899s] -- Up-to-date: /home/agilex/autoware.ai/install/autoware_map_msgs/share/common-lisp/ros/autoware_map_msgs/msg/LaneRelation.lisp
[1.899s] -- Up-to-date: /home/agilex/autoware.ai/install/autoware_map_msgs/share/common-lisp/ros/autoware_map_msgs/msg/WayareaArray.lisp
[1.900s] -- Up-to-date: /home/agilex/autoware.ai/install/autoware_map_msgs/share/common-lisp/ros/autoware_map_msgs/msg/_package_LaneRelationArray.lisp
[1.900s] -- Up-to-date: /home/agilex/autoware.ai/install/autoware_map_msgs/share/common-lisp/ros/autoware_map_msgs/msg/WaypointSignalRelationArray.lisp
[1.900s] -- Up-to-date: /home/agilex/autoware.ai/install/autoware_map_msgs/share/common-lisp/ros/autoware_map_msgs/msg/_package_WaypointLaneRelation.lisp
[1.900s] -- Up-to-date: /home/agilex/autoware.ai/install/autoware_map_msgs/share/common-lisp/ros/autoware_map_msgs/msg/_package_WaypointRelationArray.lisp
[1.900s] -- Up-to-date: /home/agilex/autoware.ai/install/autoware_map_msgs/share/common-lisp/ros/autoware_map_msgs/msg/_package_WayareaArray.lisp
[1.901s] -- Up-to-date: /home/agilex/autoware.ai/install/autoware_map_msgs/share/gennodejs/ros/autoware_map_msgs
[1.902s] -- Up-to-date: /home/agilex/autoware.ai/install/autoware_map_msgs/share/gennodejs/ros/autoware_map_msgs/msg
[1.902s] -- Up-to-date: /home/agilex/autoware.ai/install/autoware_map_msgs/share/gennodejs/ros/autoware_map_msgs/msg/LaneAttributeRelationArray.js
[1.902s] -- Up-to-date: /home/agilex/autoware.ai/install/autoware_map_msgs/share/gennodejs/ros/autoware_map_msgs/msg/Wayarea.js
[1.902s] -- Up-to-date: /home/agilex/autoware.ai/install/autoware_map_msgs/share/gennodejs/ros/autoware_map_msgs/msg/LaneRelationArray.js
[1.903s] -- Up-to-date: /home/agilex/autoware.ai/install/autoware_map_msgs/share/gennodejs/ros/autoware_map_msgs/msg/LaneAttributeRelation.js
[1.903s] -- Up-to-date: /home/agilex/autoware.ai/install/autoware_map_msgs/share/gennodejs/ros/autoware_map_msgs/msg/WaypointArray.js
[1.903s] -- Up-to-date: /home/agilex/autoware.ai/install/autoware_map_msgs/share/gennodejs/ros/autoware_map_msgs/msg/WaypointRelationArray.js
[1.903s] -- Up-to-date: /home/agilex/autoware.ai/install/autoware_map_msgs/share/gennodejs/ros/autoware_map_msgs/msg/LaneArray.js
[1.903s] -- Up-to-date: /home/agilex/autoware.ai/install/autoware_map_msgs/share/gennodejs/ros/autoware_map_msgs/msg/Signal.js
[1.903s] -- Up-to-date: /home/agilex/autoware.ai/install/autoware_map_msgs/share/gennodejs/ros/autoware_map_msgs/msg/WaypointLaneRelationArray.js
[1.903s] -- Up-to-date: /home/agilex/autoware.ai/install/autoware_map_msgs/share/gennodejs/ros/autoware_map_msgs/msg/SignalLight.js
[1.903s] -- Up-to-date: /home/agilex/autoware.ai/install/autoware_map_msgs/share/gennodejs/ros/autoware_map_msgs/msg/SignalArray.js
[1.903s] -- Up-to-date: /home/agilex/autoware.ai/install/autoware_map_msgs/share/gennodejs/ros/autoware_map_msgs/msg/Area.js
[1.905s] -- Up-to-date: /home/agilex/autoware.ai/install/autoware_map_msgs/share/gennodejs/ros/autoware_map_msgs/msg/SignalLightArray.js
[1.905s] -- Up-to-date: /home/agilex/autoware.ai/install/autoware_map_msgs/share/gennodejs/ros/autoware_map_msgs/msg/WaypointSignalRelation.js
[1.905s] -- Up-to-date: /home/agilex/autoware.ai/install/autoware_map_msgs/share/gennodejs/ros/autoware_map_msgs/msg/Lane.js
[1.905s] -- Up-to-date: /home/agilex/autoware.ai/install/autoware_map_msgs/share/gennodejs/ros/autoware_map_msgs/msg/_index.js
[1.905s] -- Up-to-date: /home/agilex/autoware.ai/install/autoware_map_msgs/share/gennodejs/ros/autoware_map_msgs/msg/WaypointLaneRelation.js
[1.905s] -- Up-to-date: /home/agilex/autoware.ai/install/autoware_map_msgs/share/gennodejs/ros/autoware_map_msgs/msg/LaneSignalLightRelation.js
[1.905s] -- Up-to-date: /home/agilex/autoware.ai/install/autoware_map_msgs/share/gennodejs/ros/autoware_map_msgs/msg/PointArray.js
[1.906s] -- Up-to-date: /home/agilex/autoware.ai/install/autoware_map_msgs/share/gennodejs/ros/autoware_map_msgs/msg/Waypoint.js
[1.906s] -- Up-to-date: /home/agilex/autoware.ai/install/autoware_map_msgs/share/gennodejs/ros/autoware_map_msgs/msg/WayareaArray.js
[1.907s] -- Up-to-date: /home/agilex/autoware.ai/install/autoware_map_msgs/share/gennodejs/ros/autoware_map_msgs/msg/LaneChangeRelation.js
[1.907s] -- Up-to-date: /home/agilex/autoware.ai/install/autoware_map_msgs/share/gennodejs/ros/autoware_map_msgs/msg/LaneRelation.js
[1.907s] -- Up-to-date: /home/agilex/autoware.ai/install/autoware_map_msgs/share/gennodejs/ros/autoware_map_msgs/msg/OppositeLaneRelation.js
[1.908s] -- Up-to-date: /home/agilex/autoware.ai/install/autoware_map_msgs/share/gennodejs/ros/autoware_map_msgs/msg/OppositeLaneRelationArray.js
[1.908s] -- Up-to-date: /home/agilex/autoware.ai/install/autoware_map_msgs/share/gennodejs/ros/autoware_map_msgs/msg/Point.js
[1.909s] -- Up-to-date: /home/agilex/autoware.ai/install/autoware_map_msgs/share/gennodejs/ros/autoware_map_msgs/msg/WaypointSignalRelationArray.js
[1.909s] -- Up-to-date: /home/agilex/autoware.ai/install/autoware_map_msgs/share/gennodejs/ros/autoware_map_msgs/msg/LaneSignalLightRelationArray.js
[1.909s] -- Up-to-date: /home/agilex/autoware.ai/install/autoware_map_msgs/share/gennodejs/ros/autoware_map_msgs/msg/AreaArray.js
[1.909s] -- Up-to-date: /home/agilex/autoware.ai/install/autoware_map_msgs/share/gennodejs/ros/autoware_map_msgs/msg/WaypointRelation.js
[1.910s] -- Up-to-date: /home/agilex/autoware.ai/install/autoware_map_msgs/share/gennodejs/ros/autoware_map_msgs/msg/LaneChangeRelationArray.js
[1.910s] -- Up-to-date: /home/agilex/autoware.ai/install/autoware_map_msgs/share/gennodejs/ros/autoware_map_msgs/_index.js
[1.914s] Listing /home/agilex/autoware.ai/build/autoware_map_msgs/devel/lib/python2.7/dist-packages/autoware_map_msgs ...
[1.914s] Listing /home/agilex/autoware.ai/build/autoware_map_msgs/devel/lib/python2.7/dist-packages/autoware_map_msgs/msg ...
[1.914s] Compiling /home/agilex/autoware.ai/build/autoware_map_msgs/devel/lib/python2.7/dist-packages/autoware_map_msgs/msg/_LaneChangeRelation.py ...
[1.916s]   File "/home/agilex/autoware.ai/build/autoware_map_msgs/devel/lib/python2.7/dist-packages/autoware_map_msgs/msg/_LaneChangeRelation.py", line 34
[1.916s]     None = 0
[1.916s] SyntaxError: cannot assign to None
[1.916s] 
[1.916s] Compiling /home/agilex/autoware.ai/build/autoware_map_msgs/devel/lib/python2.7/dist-packages/autoware_map_msgs/msg/_LaneRelation.py ...
[1.916s]   File "/home/agilex/autoware.ai/build/autoware_map_msgs/devel/lib/python2.7/dist-packages/autoware_map_msgs/msg/_LaneRelation.py", line 33
[1.916s]     None = 0
[1.918s] SyntaxError: cannot assign to None
[1.918s] 
[1.918s] -- Up-to-date: /home/agilex/autoware.ai/install/autoware_map_msgs/lib/python2.7/dist-packages/autoware_map_msgs
[1.919s] -- Up-to-date: /home/agilex/autoware.ai/install/autoware_map_msgs/lib/python2.7/dist-packages/autoware_map_msgs/__init__.pyc
[1.919s] -- Up-to-date: /home/agilex/autoware.ai/install/autoware_map_msgs/lib/python2.7/dist-packages/autoware_map_msgs/msg
[1.919s] -- Up-to-date: /home/agilex/autoware.ai/install/autoware_map_msgs/lib/python2.7/dist-packages/autoware_map_msgs/msg/_SignalArray.pyc
[1.919s] -- Up-to-date: /home/agilex/autoware.ai/install/autoware_map_msgs/lib/python2.7/dist-packages/autoware_map_msgs/msg/_WayareaArray.py
[1.919s] -- Up-to-date: /home/agilex/autoware.ai/install/autoware_map_msgs/lib/python2.7/dist-packages/autoware_map_msgs/msg/_LaneSignalLightRelationArray.pyc
[1.919s] -- Up-to-date: /home/agilex/autoware.ai/install/autoware_map_msgs/lib/python2.7/dist-packages/autoware_map_msgs/msg/_Wayarea.pyc
[1.919s] -- Up-to-date: /home/agilex/autoware.ai/install/autoware_map_msgs/lib/python2.7/dist-packages/autoware_map_msgs/msg/_Wayarea.py
[1.919s] -- Up-to-date: /home/agilex/autoware.ai/install/autoware_map_msgs/lib/python2.7/dist-packages/autoware_map_msgs/msg/_AreaArray.pyc
[1.919s] -- Up-to-date: /home/agilex/autoware.ai/install/autoware_map_msgs/lib/python2.7/dist-packages/autoware_map_msgs/msg/_PointArray.py
[1.919s] -- Up-to-date: /home/agilex/autoware.ai/install/autoware_map_msgs/lib/python2.7/dist-packages/autoware_map_msgs/msg/_LaneRelationArray.pyc
[1.920s] -- Up-to-date: /home/agilex/autoware.ai/install/autoware_map_msgs/lib/python2.7/dist-packages/autoware_map_msgs/msg/_Signal.pyc
[1.920s] -- Up-to-date: /home/agilex/autoware.ai/install/autoware_map_msgs/lib/python2.7/dist-packages/autoware_map_msgs/msg/_SignalLight.py
[1.920s] -- Up-to-date: /home/agilex/autoware.ai/install/autoware_map_msgs/lib/python2.7/dist-packages/autoware_map_msgs/msg/_Waypoint.pyc
[1.920s] -- Up-to-date: /home/agilex/autoware.ai/install/autoware_map_msgs/lib/python2.7/dist-packages/autoware_map_msgs/msg/_WaypointRelation.py
[1.921s] -- Up-to-date: /home/agilex/autoware.ai/install/autoware_map_msgs/lib/python2.7/dist-packages/autoware_map_msgs/msg/_WaypointLaneRelationArray.py
[1.922s] -- Up-to-date: /home/agilex/autoware.ai/install/autoware_map_msgs/lib/python2.7/dist-packages/autoware_map_msgs/msg/_LaneSignalLightRelation.py
[1.922s] -- Up-to-date: /home/agilex/autoware.ai/install/autoware_map_msgs/lib/python2.7/dist-packages/autoware_map_msgs/msg/_WayareaArray.pyc
[1.922s] -- Up-to-date: /home/agilex/autoware.ai/install/autoware_map_msgs/lib/python2.7/dist-packages/autoware_map_msgs/msg/_SignalLightArray.py
[1.922s] -- Up-to-date: /home/agilex/autoware.ai/install/autoware_map_msgs/lib/python2.7/dist-packages/autoware_map_msgs/msg/_Point.py
[1.922s] -- Up-to-date: /home/agilex/autoware.ai/install/autoware_map_msgs/lib/python2.7/dist-packages/autoware_map_msgs/msg/_LaneArray.pyc
[1.922s] -- Up-to-date: /home/agilex/autoware.ai/install/autoware_map_msgs/lib/python2.7/dist-packages/autoware_map_msgs/msg/_Point.pyc
[1.922s] -- Up-to-date: /home/agilex/autoware.ai/install/autoware_map_msgs/lib/python2.7/dist-packages/autoware_map_msgs/msg/_WaypointArray.py
[1.923s] -- Up-to-date: /home/agilex/autoware.ai/install/autoware_map_msgs/lib/python2.7/dist-packages/autoware_map_msgs/msg/_LaneSignalLightRelationArray.py
[1.923s] -- Up-to-date: /home/agilex/autoware.ai/install/autoware_map_msgs/lib/python2.7/dist-packages/autoware_map_msgs/msg/_WaypointSignalRelationArray.py
[1.923s] -- Up-to-date: /home/agilex/autoware.ai/install/autoware_map_msgs/lib/python2.7/dist-packages/autoware_map_msgs/msg/_LaneAttributeRelationArray.py
[1.923s] -- Up-to-date: /home/agilex/autoware.ai/install/autoware_map_msgs/lib/python2.7/dist-packages/autoware_map_msgs/msg/_Signal.py
[1.923s] -- Up-to-date: /home/agilex/autoware.ai/install/autoware_map_msgs/lib/python2.7/dist-packages/autoware_map_msgs/msg/_WaypointRelationArray.py
[1.923s] -- Up-to-date: /home/agilex/autoware.ai/install/autoware_map_msgs/lib/python2.7/dist-packages/autoware_map_msgs/msg/_WaypointRelation.pyc
[1.923s] -- Up-to-date: /home/agilex/autoware.ai/install/autoware_map_msgs/lib/python2.7/dist-packages/autoware_map_msgs/msg/_OppositeLaneRelation.py
[1.923s] -- Up-to-date: /home/agilex/autoware.ai/install/autoware_map_msgs/lib/python2.7/dist-packages/autoware_map_msgs/msg/_LaneSignalLightRelation.pyc
[1.923s] -- Up-to-date: /home/agilex/autoware.ai/install/autoware_map_msgs/lib/python2.7/dist-packages/autoware_map_msgs/msg/_AreaArray.py
[1.923s] -- Up-to-date: /home/agilex/autoware.ai/install/autoware_map_msgs/lib/python2.7/dist-packages/autoware_map_msgs/msg/__init__.pyc
[1.923s] -- Up-to-date: /home/agilex/autoware.ai/install/autoware_map_msgs/lib/python2.7/dist-packages/autoware_map_msgs/msg/_LaneRelation.py
[1.924s] -- Up-to-date: /home/agilex/autoware.ai/install/autoware_map_msgs/lib/python2.7/dist-packages/autoware_map_msgs/msg/_WaypointSignalRelation.py
[1.924s] -- Up-to-date: /home/agilex/autoware.ai/install/autoware_map_msgs/lib/python2.7/dist-packages/autoware_map_msgs/msg/_SignalLight.pyc
[1.924s] -- Up-to-date: /home/agilex/autoware.ai/install/autoware_map_msgs/lib/python2.7/dist-packages/autoware_map_msgs/msg/_WaypointLaneRelation.pyc
[1.924s] -- Up-to-date: /home/agilex/autoware.ai/install/autoware_map_msgs/lib/python2.7/dist-packages/autoware_map_msgs/msg/_WaypointLaneRelationArray.pyc
[1.924s] -- Up-to-date: /home/agilex/autoware.ai/install/autoware_map_msgs/lib/python2.7/dist-packages/autoware_map_msgs/msg/_LaneChangeRelation.py
[1.924s] -- Up-to-date: /home/agilex/autoware.ai/install/autoware_map_msgs/lib/python2.7/dist-packages/autoware_map_msgs/msg/_Waypoint.py
[1.925s] -- Up-to-date: /home/agilex/autoware.ai/install/autoware_map_msgs/lib/python2.7/dist-packages/autoware_map_msgs/msg/_WaypointLaneRelation.py
[1.926s] -- Up-to-date: /home/agilex/autoware.ai/install/autoware_map_msgs/lib/python2.7/dist-packages/autoware_map_msgs/msg/_Lane.pyc
[1.927s] -- Up-to-date: /home/agilex/autoware.ai/install/autoware_map_msgs/lib/python2.7/dist-packages/autoware_map_msgs/msg/_OppositeLaneRelationArray.py
[1.927s] -- Up-to-date: /home/agilex/autoware.ai/install/autoware_map_msgs/lib/python2.7/dist-packages/autoware_map_msgs/msg/_LaneChangeRelationArray.pyc
[1.927s] -- Up-to-date: /home/agilex/autoware.ai/install/autoware_map_msgs/lib/python2.7/dist-packages/autoware_map_msgs/msg/__init__.py
[1.927s] -- Up-to-date: /home/agilex/autoware.ai/install/autoware_map_msgs/lib/python2.7/dist-packages/autoware_map_msgs/msg/_LaneRelationArray.py
[1.928s] -- Up-to-date: /home/agilex/autoware.ai/install/autoware_map_msgs/lib/python2.7/dist-packages/autoware_map_msgs/msg/_LaneChangeRelationArray.py
[1.930s] -- Up-to-date: /home/agilex/autoware.ai/install/autoware_map_msgs/lib/python2.7/dist-packages/autoware_map_msgs/msg/_Area.py
[1.930s] -- Up-to-date: /home/agilex/autoware.ai/install/autoware_map_msgs/lib/python2.7/dist-packages/autoware_map_msgs/msg/_WaypointSignalRelationArray.pyc
[1.930s] -- Up-to-date: /home/agilex/autoware.ai/install/autoware_map_msgs/lib/python2.7/dist-packages/autoware_map_msgs/msg/_LaneArray.py
[1.930s] -- Up-to-date: /home/agilex/autoware.ai/install/autoware_map_msgs/lib/python2.7/dist-packages/autoware_map_msgs/msg/_LaneAttributeRelation.py
[1.930s] -- Up-to-date: /home/agilex/autoware.ai/install/autoware_map_msgs/lib/python2.7/dist-packages/autoware_map_msgs/msg/_LaneAttributeRelation.pyc
[1.930s] -- Up-to-date: /home/agilex/autoware.ai/install/autoware_map_msgs/lib/python2.7/dist-packages/autoware_map_msgs/msg/_Lane.py
[1.930s] -- Up-to-date: /home/agilex/autoware.ai/install/autoware_map_msgs/lib/python2.7/dist-packages/autoware_map_msgs/msg/_SignalLightArray.pyc
[1.930s] -- Up-to-date: /home/agilex/autoware.ai/install/autoware_map_msgs/lib/python2.7/dist-packages/autoware_map_msgs/msg/_SignalArray.py
[1.931s] -- Up-to-date: /home/agilex/autoware.ai/install/autoware_map_msgs/lib/python2.7/dist-packages/autoware_map_msgs/msg/_LaneAttributeRelationArray.pyc
[1.932s] -- Up-to-date: /home/agilex/autoware.ai/install/autoware_map_msgs/lib/python2.7/dist-packages/autoware_map_msgs/msg/_WaypointArray.pyc
[1.932s] -- Up-to-date: /home/agilex/autoware.ai/install/autoware_map_msgs/lib/python2.7/dist-packages/autoware_map_msgs/msg/_Area.pyc
[1.932s] -- Up-to-date: /home/agilex/autoware.ai/install/autoware_map_msgs/lib/python2.7/dist-packages/autoware_map_msgs/msg/_WaypointRelationArray.pyc
[1.932s] -- Up-to-date: /home/agilex/autoware.ai/install/autoware_map_msgs/lib/python2.7/dist-packages/autoware_map_msgs/msg/_PointArray.pyc
[1.932s] -- Up-to-date: /home/agilex/autoware.ai/install/autoware_map_msgs/lib/python2.7/dist-packages/autoware_map_msgs/msg/_OppositeLaneRelationArray.pyc
[1.932s] -- Up-to-date: /home/agilex/autoware.ai/install/autoware_map_msgs/lib/python2.7/dist-packages/autoware_map_msgs/msg/_WaypointSignalRelation.pyc
[1.932s] -- Up-to-date: /home/agilex/autoware.ai/install/autoware_map_msgs/lib/python2.7/dist-packages/autoware_map_msgs/msg/_OppositeLaneRelation.pyc
[1.932s] -- Up-to-date: /home/agilex/autoware.ai/install/autoware_map_msgs/lib/python2.7/dist-packages/autoware_map_msgs/__init__.py
[1.932s] -- Up-to-date: /home/agilex/autoware.ai/install/autoware_map_msgs/lib/pkgconfig/autoware_map_msgs.pc
[1.932s] -- Up-to-date: /home/agilex/autoware.ai/install/autoware_map_msgs/share/autoware_map_msgs/cmake/autoware_map_msgs-msg-extras.cmake
[1.933s] -- Up-to-date: /home/agilex/autoware.ai/install/autoware_map_msgs/share/autoware_map_msgs/cmake/autoware_map_msgsConfig.cmake
[1.933s] -- Up-to-date: /home/agilex/autoware.ai/install/autoware_map_msgs/share/autoware_map_msgs/cmake/autoware_map_msgsConfig-version.cmake
[1.933s] -- Up-to-date: /home/agilex/autoware.ai/install/autoware_map_msgs/share/autoware_map_msgs/package.xml
[1.934s] Invoked command in '/home/agilex/autoware.ai/build/autoware_map_msgs' returned '0': /usr/bin/cmake --build /home/agilex/autoware.ai/build/autoware_map_msgs --target install -- -j8 -l8
