[0.059s] Invoking command in '/home/agilex/autoware.ai/build/lattice_planner': CMAKE_PREFIX_PATH=/home/agilex/autoware.ai/install/waypoint_planner:/home/agilex/autoware.ai/install/waypoint_follower:/home/agilex/autoware.ai/install/vector_map:/home/agilex/autoware.ai/install/autoware_health_checker:/home/agilex/autoware.ai/install/astar_search:/home/agilex/autoware.ai/install/amathutils_lib:/home/agilex/autoware.ai/install/vector_map_msgs:/home/agilex/autoware.ai/install/tablet_socket_msgs:/home/agilex/autoware.ai/install/gnss:/home/agilex/autoware.ai/install/autoware_system_msgs:/home/agilex/autoware.ai/install/autoware_msgs:/home/agilex/autoware.ai/install/autoware_config_msgs:/home/agilex/autoware.ai/install/autoware_can_msgs:/home/agilex/autoware.ai/install/autoware_build_flags:${CMAKE_PREFIX_PATH} LD_LIBRARY_PATH=/home/agilex/autoware.ai/install/waypoint_follower/lib:/home/agilex/autoware.ai/install/vector_map/lib:/home/agilex/autoware.ai/install/autoware_health_checker/lib:/home/agilex/autoware.ai/install/astar_search/lib:/home/agilex/autoware.ai/install/amathutils_lib/lib:/home/agilex/autoware.ai/install/gnss/lib:${LD_LIBRARY_PATH} PKG_CONFIG_PATH=/home/agilex/autoware.ai/install/waypoint_planner/lib/x86_64-linux-gnu/pkgconfig:/home/agilex/autoware.ai/install/waypoint_planner/lib/pkgconfig:/home/agilex/autoware.ai/install/waypoint_follower/lib/x86_64-linux-gnu/pkgconfig:/home/agilex/autoware.ai/install/waypoint_follower/lib/pkgconfig:/home/agilex/autoware.ai/install/vector_map/lib/x86_64-linux-gnu/pkgconfig:/home/agilex/autoware.ai/install/vector_map/lib/pkgconfig:/home/agilex/autoware.ai/install/autoware_health_checker/lib/x86_64-linux-gnu/pkgconfig:/home/agilex/autoware.ai/install/autoware_health_checker/lib/pkgconfig:/home/agilex/autoware.ai/install/astar_search/lib/x86_64-linux-gnu/pkgconfig:/home/agilex/autoware.ai/install/astar_search/lib/pkgconfig:/home/agilex/autoware.ai/install/amathutils_lib/lib/x86_64-linux-gnu/pkgconfig:/home/agilex/autoware.ai/install/amathutils_lib/lib/pkgconfig:/home/agilex/autoware.ai/install/vector_map_msgs/lib/x86_64-linux-gnu/pkgconfig:/home/agilex/autoware.ai/install/vector_map_msgs/lib/pkgconfig:/home/agilex/autoware.ai/install/tablet_socket_msgs/lib/x86_64-linux-gnu/pkgconfig:/home/agilex/autoware.ai/install/tablet_socket_msgs/lib/pkgconfig:/home/agilex/autoware.ai/install/gnss/lib/x86_64-linux-gnu/pkgconfig:/home/agilex/autoware.ai/install/gnss/lib/pkgconfig:/home/agilex/autoware.ai/install/autoware_system_msgs/lib/x86_64-linux-gnu/pkgconfig:/home/agilex/autoware.ai/install/autoware_system_msgs/lib/pkgconfig:/home/agilex/autoware.ai/install/autoware_msgs/lib/x86_64-linux-gnu/pkgconfig:/home/agilex/autoware.ai/install/autoware_msgs/lib/pkgconfig:/home/agilex/autoware.ai/install/autoware_config_msgs/lib/x86_64-linux-gnu/pkgconfig:/home/agilex/autoware.ai/install/autoware_config_msgs/lib/pkgconfig:/home/agilex/autoware.ai/install/autoware_can_msgs/lib/x86_64-linux-gnu/pkgconfig:/home/agilex/autoware.ai/install/autoware_can_msgs/lib/pkgconfig:/home/agilex/autoware.ai/install/autoware_build_flags/lib/x86_64-linux-gnu/pkgconfig:/home/agilex/autoware.ai/install/autoware_build_flags/lib/pkgconfig:${PKG_CONFIG_PATH} PYTHONPATH=/home/agilex/autoware.ai/install/vector_map_msgs/lib/python2.7/dist-packages:/home/agilex/autoware.ai/install/tablet_socket_msgs/lib/python2.7/dist-packages:/home/agilex/autoware.ai/install/autoware_system_msgs/lib/python2.7/dist-packages:/home/agilex/autoware.ai/install/autoware_msgs/lib/python2.7/dist-packages:/home/agilex/autoware.ai/install/autoware_config_msgs/lib/python2.7/dist-packages:/home/agilex/autoware.ai/install/autoware_can_msgs/lib/python2.7/dist-packages:${PYTHONPATH} ROS_PACKAGE_PATH=/home/agilex/autoware.ai/install/waypoint_planner/share:/home/agilex/autoware.ai/install/waypoint_follower/share:/home/agilex/autoware.ai/install/vector_map/share:/home/agilex/autoware.ai/install/autoware_health_checker/share:/home/agilex/autoware.ai/install/astar_search/share:/home/agilex/autoware.ai/install/amathutils_lib/share:/home/agilex/autoware.ai/install/vector_map_msgs/share:/home/agilex/autoware.ai/install/tablet_socket_msgs/share:/home/agilex/autoware.ai/install/gnss/share:/home/agilex/autoware.ai/install/autoware_system_msgs/share:/home/agilex/autoware.ai/install/autoware_msgs/share:/home/agilex/autoware.ai/install/autoware_config_msgs/share:/home/agilex/autoware.ai/install/autoware_can_msgs/share:/home/agilex/autoware.ai/install/autoware_build_flags/share:${ROS_PACKAGE_PATH} /usr/bin/cmake --build /home/agilex/autoware.ai/build/lattice_planner -- -j8 -l8
[0.117s] [  0%] Built target bond_generate_messages_nodejs
[0.137s] [  0%] Built target gazebo_msgs_generate_messages_eus
[0.154s] [  0%] Built target gazebo_msgs_generate_messages_lisp
[0.180s] [  0%] Built target autoware_system_msgs_generate_messages_eus
[0.194s] [  0%] Built target autoware_system_msgs_generate_messages_cpp
[0.217s] [  0%] Built target tablet_socket_msgs_generate_messages_cpp
[0.241s] [  0%] Built target autoware_config_msgs_generate_messages_lisp
[0.259s] [  0%] Built target autoware_config_msgs_generate_messages_eus
[0.285s] [  0%] Built target tablet_socket_msgs_generate_messages_py
[0.308s] [  0%] Built target jsk_footstep_msgs_generate_messages_py
[0.328s] [  0%] Built target jsk_footstep_msgs_generate_messages_nodejs
[0.348s] [  0%] Built target jsk_footstep_msgs_generate_messages_lisp
[0.366s] [  0%] Built target jsk_footstep_msgs_generate_messages_eus
[0.389s] [  0%] Built target jsk_recognition_msgs_generate_messages_py
[0.407s] [  0%] Built target jsk_recognition_msgs_generate_messages_lisp
[0.425s] [  0%] Built target jsk_recognition_msgs_generate_messages_eus
[0.447s] [  0%] Built target autoware_msgs_generate_messages_nodejs
[0.470s] [  0%] Built target autoware_msgs_generate_messages_lisp
[0.489s] [  0%] Built target autoware_msgs_generate_messages_eus
[0.518s] [  0%] Built target autoware_msgs_generate_messages_cpp
[0.542s] [  0%] Built target topic_tools_generate_messages_nodejs
[0.564s] [  0%] Built target jsk_recognition_msgs_generate_messages_cpp
[0.581s] [  0%] Built target topic_tools_generate_messages_lisp
[0.598s] [  0%] Built target topic_tools_generate_messages_eus
[0.620s] [  0%] Built target topic_tools_generate_messages_cpp
[0.638s] [  0%] Built target std_srvs_generate_messages_py
[0.662s] [  0%] Built target std_srvs_generate_messages_nodejs
[0.680s] [  0%] Built target pcl_msgs_generate_messages_nodejs
[0.704s] [  0%] Built target pcl_msgs_generate_messages_eus
[0.722s] [  0%] Built target pcl_msgs_generate_messages_cpp
[0.744s] [  0%] Built target pcl_ros_gencfg
[0.762s] [  0%] Built target nodelet_generate_messages_cpp
[0.784s] [  0%] Built target pcl_msgs_generate_messages_py
[0.803s] [  0%] Built target actionlib_generate_messages_eus
[0.821s] [  0%] Built target autoware_system_msgs_generate_messages_py
[0.840s] [  0%] Built target sensor_msgs_generate_messages_nodejs
[0.862s] [  0%] Built target roscpp_generate_messages_cpp
[0.883s] [  0%] Built target actionlib_generate_messages_cpp
[0.903s] [  0%] Built target sensor_msgs_generate_messages_lisp
[0.924s] [  0%] Built target std_srvs_generate_messages_cpp
[0.943s] [  0%] Built target geometry_msgs_generate_messages_py
[0.963s] [  0%] Built target geometry_msgs_generate_messages_lisp
[0.990s] [  0%] Built target actionlib_generate_messages_lisp
[1.015s] [  0%] Built target geometry_msgs_generate_messages_cpp
[1.035s] [  0%] Built target autoware_config_msgs_generate_messages_nodejs
[1.052s] [  0%] Built target tf_generate_messages_nodejs
[1.073s] [  0%] Built target geometry_msgs_generate_messages_eus
[1.091s] [  0%] Built target roscpp_generate_messages_py
[1.114s] [  0%] Built target tf_generate_messages_lisp
[1.134s] [  0%] Built target jsk_recognition_msgs_generate_messages_nodejs
[1.158s] [  0%] Built target std_srvs_generate_messages_eus
[1.181s] [  0%] Built target roscpp_generate_messages_lisp
[1.200s] [  0%] Built target bond_generate_messages_eus
[1.222s] [  0%] Built target rosgraph_msgs_generate_messages_cpp
[1.242s] [  0%] Built target tablet_socket_msgs_generate_messages_nodejs
[1.263s] [  0%] Built target tf_generate_messages_py
[1.287s] [  0%] Built target dynamic_reconfigure_generate_messages_cpp
[1.307s] [  0%] Built target autoware_system_msgs_generate_messages_lisp
[1.326s] [  0%] Built target vector_map_msgs_generate_messages_lisp
[1.348s] [  0%] Built target jsk_footstep_msgs_generate_messages_cpp
[1.367s] [  0%] Built target actionlib_msgs_generate_messages_cpp
[1.390s] [  0%] Built target tf_generate_messages_eus
[1.411s] [  0%] Built target trajectory_msgs_generate_messages_lisp
[1.434s] [  0%] Built target bond_generate_messages_cpp
[1.456s] [  0%] Built target gazebo_msgs_generate_messages_nodejs
[1.478s] [  0%] Built target rosgraph_msgs_generate_messages_eus
[1.500s] [  0%] Built target rosgraph_msgs_generate_messages_lisp
[1.526s] [  0%] Built target sensor_msgs_generate_messages_eus
[1.544s] [  0%] Built target std_srvs_generate_messages_lisp
[1.563s] [  0%] Built target sensor_msgs_generate_messages_cpp
[1.582s] [  0%] Built target roscpp_generate_messages_nodejs
[1.604s] [  0%] Built target std_msgs_generate_messages_lisp
[1.627s] [  0%] Built target pcl_msgs_generate_messages_lisp
[1.646s] [  0%] Built target actionlib_generate_messages_nodejs
[1.666s] [  0%] Built target tf_generate_messages_cpp
[1.684s] [  0%] Built target std_msgs_generate_messages_cpp
[1.701s] [  0%] Built target tablet_socket_msgs_generate_messages_lisp
[1.719s] [  0%] Built target visualization_msgs_generate_messages_nodejs
[1.740s] [  0%] Built target bond_generate_messages_py
[1.765s] [  0%] Built target vector_map_msgs_generate_messages_nodejs
[1.788s] [  0%] Built target sensor_msgs_generate_messages_py
[1.807s] [  0%] Built target nodelet_generate_messages_py
[1.826s] [  0%] Built target autoware_config_msgs_generate_messages_cpp
[1.846s] [  0%] Built target rosgraph_msgs_generate_messages_nodejs
[1.865s] [  0%] Built target visualization_msgs_generate_messages_lisp
[1.891s] [  0%] Built target std_msgs_generate_messages_eus
[1.906s] [  0%] Built target vector_map_msgs_generate_messages_py
[1.928s] [  0%] Built target std_msgs_generate_messages_nodejs
[1.943s] [  0%] Built target bond_generate_messages_lisp
[1.964s] [  0%] Built target std_msgs_generate_messages_py
[1.985s] [  0%] Built target autoware_can_msgs_generate_messages_eus
[2.004s] [  0%] Built target roscpp_generate_messages_eus
[2.021s] [  0%] Built target rosgraph_msgs_generate_messages_py
[2.039s] [  0%] Built target actionlib_msgs_generate_messages_eus
[2.060s] [  0%] Built target autoware_msgs_generate_messages_py
[2.079s] [  0%] Built target nodelet_generate_messages_lisp
[2.101s] [  0%] Built target autoware_system_msgs_generate_messages_nodejs
[2.123s] [  0%] Built target actionlib_msgs_generate_messages_lisp
[2.142s] [  0%] Built target topic_tools_generate_messages_py
[2.164s] [  0%] Built target nodelet_topic_tools_gencfg
[2.190s] [  0%] Built target actionlib_msgs_generate_messages_nodejs
[2.210s] [  0%] Built target actionlib_msgs_generate_messages_py
[2.228s] [  0%] Built target gazebo_msgs_generate_messages_py
[2.250s] [  0%] Built target geometry_msgs_generate_messages_nodejs
[2.269s] [  0%] Built target tf2_msgs_generate_messages_cpp
[2.295s] [  0%] Built target actionlib_generate_messages_py
[2.315s] [  0%] Built target tf2_msgs_generate_messages_py
[2.340s] [  0%] Built target tf2_msgs_generate_messages_nodejs
[2.362s] [  0%] Built target tablet_socket_msgs_generate_messages_eus
[2.386s] [  0%] Built target tf2_msgs_generate_messages_eus
[2.408s] [  0%] Built target visualization_msgs_generate_messages_cpp
[2.427s] [  0%] Built target visualization_msgs_generate_messages_eus
[2.452s] [  0%] Built target visualization_msgs_generate_messages_py
[2.473s] [  0%] Built target autoware_can_msgs_generate_messages_py
[2.494s] [  0%] Built target dynamic_reconfigure_generate_messages_nodejs
[2.515s] [  0%] Built target vector_map_msgs_generate_messages_cpp
[2.538s] [  0%] Built target vector_map_msgs_generate_messages_eus
[2.557s] [  0%] Built target dynamic_reconfigure_generate_messages_eus
[2.576s] [  0%] Built target gazebo_msgs_generate_messages_cpp
[2.600s] [  0%] Built target dynamic_reconfigure_generate_messages_lisp
[2.623s] [  0%] Built target autoware_can_msgs_generate_messages_lisp
[2.640s] [  0%] Built target dynamic_reconfigure_generate_messages_py
[2.663s] [  0%] Built target tf2_msgs_generate_messages_lisp
[2.682s] [  0%] Built target dynamic_reconfigure_gencfg
[2.701s] [  0%] Built target nodelet_generate_messages_eus
[2.720s] [  0%] Built target nodelet_generate_messages_nodejs
[2.741s] [  0%] Built target trajectory_msgs_generate_messages_nodejs
[2.762s] [  0%] Built target autoware_config_msgs_generate_messages_py
[2.783s] [  0%] Built target trajectory_msgs_generate_messages_cpp
[2.809s] [  0%] Built target trajectory_msgs_generate_messages_eus
[2.829s] [  0%] Built target trajectory_msgs_generate_messages_py
[2.852s] [  0%] Built target autoware_can_msgs_generate_messages_cpp
[2.870s] [  0%] Built target autoware_can_msgs_generate_messages_nodejs
[2.898s] [ 18%] Built target libtraj_gen
[2.942s] [ 45%] Built target lattice_velocity_set
[2.975s] [ 63%] Built target lattice_trajectory_gen
[3.003s] [ 81%] Built target lattice_twist_convert
[3.031s] [100%] Built target path_select
[3.042s] Invoked command in '/home/agilex/autoware.ai/build/lattice_planner' returned '0': CMAKE_PREFIX_PATH=/home/agilex/autoware.ai/install/waypoint_planner:/home/agilex/autoware.ai/install/waypoint_follower:/home/agilex/autoware.ai/install/vector_map:/home/agilex/autoware.ai/install/autoware_health_checker:/home/agilex/autoware.ai/install/astar_search:/home/agilex/autoware.ai/install/amathutils_lib:/home/agilex/autoware.ai/install/vector_map_msgs:/home/agilex/autoware.ai/install/tablet_socket_msgs:/home/agilex/autoware.ai/install/gnss:/home/agilex/autoware.ai/install/autoware_system_msgs:/home/agilex/autoware.ai/install/autoware_msgs:/home/agilex/autoware.ai/install/autoware_config_msgs:/home/agilex/autoware.ai/install/autoware_can_msgs:/home/agilex/autoware.ai/install/autoware_build_flags:${CMAKE_PREFIX_PATH} LD_LIBRARY_PATH=/home/agilex/autoware.ai/install/waypoint_follower/lib:/home/agilex/autoware.ai/install/vector_map/lib:/home/agilex/autoware.ai/install/autoware_health_checker/lib:/home/agilex/autoware.ai/install/astar_search/lib:/home/agilex/autoware.ai/install/amathutils_lib/lib:/home/agilex/autoware.ai/install/gnss/lib:${LD_LIBRARY_PATH} PKG_CONFIG_PATH=/home/agilex/autoware.ai/install/waypoint_planner/lib/x86_64-linux-gnu/pkgconfig:/home/agilex/autoware.ai/install/waypoint_planner/lib/pkgconfig:/home/agilex/autoware.ai/install/waypoint_follower/lib/x86_64-linux-gnu/pkgconfig:/home/agilex/autoware.ai/install/waypoint_follower/lib/pkgconfig:/home/agilex/autoware.ai/install/vector_map/lib/x86_64-linux-gnu/pkgconfig:/home/agilex/autoware.ai/install/vector_map/lib/pkgconfig:/home/agilex/autoware.ai/install/autoware_health_checker/lib/x86_64-linux-gnu/pkgconfig:/home/agilex/autoware.ai/install/autoware_health_checker/lib/pkgconfig:/home/agilex/autoware.ai/install/astar_search/lib/x86_64-linux-gnu/pkgconfig:/home/agilex/autoware.ai/install/astar_search/lib/pkgconfig:/home/agilex/autoware.ai/install/amathutils_lib/lib/x86_64-linux-gnu/pkgconfig:/home/agilex/autoware.ai/install/amathutils_lib/lib/pkgconfig:/home/agilex/autoware.ai/install/vector_map_msgs/lib/x86_64-linux-gnu/pkgconfig:/home/agilex/autoware.ai/install/vector_map_msgs/lib/pkgconfig:/home/agilex/autoware.ai/install/tablet_socket_msgs/lib/x86_64-linux-gnu/pkgconfig:/home/agilex/autoware.ai/install/tablet_socket_msgs/lib/pkgconfig:/home/agilex/autoware.ai/install/gnss/lib/x86_64-linux-gnu/pkgconfig:/home/agilex/autoware.ai/install/gnss/lib/pkgconfig:/home/agilex/autoware.ai/install/autoware_system_msgs/lib/x86_64-linux-gnu/pkgconfig:/home/agilex/autoware.ai/install/autoware_system_msgs/lib/pkgconfig:/home/agilex/autoware.ai/install/autoware_msgs/lib/x86_64-linux-gnu/pkgconfig:/home/agilex/autoware.ai/install/autoware_msgs/lib/pkgconfig:/home/agilex/autoware.ai/install/autoware_config_msgs/lib/x86_64-linux-gnu/pkgconfig:/home/agilex/autoware.ai/install/autoware_config_msgs/lib/pkgconfig:/home/agilex/autoware.ai/install/autoware_can_msgs/lib/x86_64-linux-gnu/pkgconfig:/home/agilex/autoware.ai/install/autoware_can_msgs/lib/pkgconfig:/home/agilex/autoware.ai/install/autoware_build_flags/lib/x86_64-linux-gnu/pkgconfig:/home/agilex/autoware.ai/install/autoware_build_flags/lib/pkgconfig:${PKG_CONFIG_PATH} PYTHONPATH=/home/agilex/autoware.ai/install/vector_map_msgs/lib/python2.7/dist-packages:/home/agilex/autoware.ai/install/tablet_socket_msgs/lib/python2.7/dist-packages:/home/agilex/autoware.ai/install/autoware_system_msgs/lib/python2.7/dist-packages:/home/agilex/autoware.ai/install/autoware_msgs/lib/python2.7/dist-packages:/home/agilex/autoware.ai/install/autoware_config_msgs/lib/python2.7/dist-packages:/home/agilex/autoware.ai/install/autoware_can_msgs/lib/python2.7/dist-packages:${PYTHONPATH} ROS_PACKAGE_PATH=/home/agilex/autoware.ai/install/waypoint_planner/share:/home/agilex/autoware.ai/install/waypoint_follower/share:/home/agilex/autoware.ai/install/vector_map/share:/home/agilex/autoware.ai/install/autoware_health_checker/share:/home/agilex/autoware.ai/install/astar_search/share:/home/agilex/autoware.ai/install/amathutils_lib/share:/home/agilex/autoware.ai/install/vector_map_msgs/share:/home/agilex/autoware.ai/install/tablet_socket_msgs/share:/home/agilex/autoware.ai/install/gnss/share:/home/agilex/autoware.ai/install/autoware_system_msgs/share:/home/agilex/autoware.ai/install/autoware_msgs/share:/home/agilex/autoware.ai/install/autoware_config_msgs/share:/home/agilex/autoware.ai/install/autoware_can_msgs/share:/home/agilex/autoware.ai/install/autoware_build_flags/share:${ROS_PACKAGE_PATH} /usr/bin/cmake --build /home/agilex/autoware.ai/build/lattice_planner -- -j8 -l8
[3.220s] Invoking command in '/home/agilex/autoware.ai/build/lattice_planner': CMAKE_PREFIX_PATH=/home/agilex/autoware.ai/install/waypoint_planner:/home/agilex/autoware.ai/install/waypoint_follower:/home/agilex/autoware.ai/install/vector_map:/home/agilex/autoware.ai/install/autoware_health_checker:/home/agilex/autoware.ai/install/astar_search:/home/agilex/autoware.ai/install/amathutils_lib:/home/agilex/autoware.ai/install/vector_map_msgs:/home/agilex/autoware.ai/install/tablet_socket_msgs:/home/agilex/autoware.ai/install/gnss:/home/agilex/autoware.ai/install/autoware_system_msgs:/home/agilex/autoware.ai/install/autoware_msgs:/home/agilex/autoware.ai/install/autoware_config_msgs:/home/agilex/autoware.ai/install/autoware_can_msgs:/home/agilex/autoware.ai/install/autoware_build_flags:${CMAKE_PREFIX_PATH} LD_LIBRARY_PATH=/home/agilex/autoware.ai/install/waypoint_follower/lib:/home/agilex/autoware.ai/install/vector_map/lib:/home/agilex/autoware.ai/install/autoware_health_checker/lib:/home/agilex/autoware.ai/install/astar_search/lib:/home/agilex/autoware.ai/install/amathutils_lib/lib:/home/agilex/autoware.ai/install/gnss/lib:${LD_LIBRARY_PATH} PKG_CONFIG_PATH=/home/agilex/autoware.ai/install/waypoint_planner/lib/x86_64-linux-gnu/pkgconfig:/home/agilex/autoware.ai/install/waypoint_planner/lib/pkgconfig:/home/agilex/autoware.ai/install/waypoint_follower/lib/x86_64-linux-gnu/pkgconfig:/home/agilex/autoware.ai/install/waypoint_follower/lib/pkgconfig:/home/agilex/autoware.ai/install/vector_map/lib/x86_64-linux-gnu/pkgconfig:/home/agilex/autoware.ai/install/vector_map/lib/pkgconfig:/home/agilex/autoware.ai/install/autoware_health_checker/lib/x86_64-linux-gnu/pkgconfig:/home/agilex/autoware.ai/install/autoware_health_checker/lib/pkgconfig:/home/agilex/autoware.ai/install/astar_search/lib/x86_64-linux-gnu/pkgconfig:/home/agilex/autoware.ai/install/astar_search/lib/pkgconfig:/home/agilex/autoware.ai/install/amathutils_lib/lib/x86_64-linux-gnu/pkgconfig:/home/agilex/autoware.ai/install/amathutils_lib/lib/pkgconfig:/home/agilex/autoware.ai/install/vector_map_msgs/lib/x86_64-linux-gnu/pkgconfig:/home/agilex/autoware.ai/install/vector_map_msgs/lib/pkgconfig:/home/agilex/autoware.ai/install/tablet_socket_msgs/lib/x86_64-linux-gnu/pkgconfig:/home/agilex/autoware.ai/install/tablet_socket_msgs/lib/pkgconfig:/home/agilex/autoware.ai/install/gnss/lib/x86_64-linux-gnu/pkgconfig:/home/agilex/autoware.ai/install/gnss/lib/pkgconfig:/home/agilex/autoware.ai/install/autoware_system_msgs/lib/x86_64-linux-gnu/pkgconfig:/home/agilex/autoware.ai/install/autoware_system_msgs/lib/pkgconfig:/home/agilex/autoware.ai/install/autoware_msgs/lib/x86_64-linux-gnu/pkgconfig:/home/agilex/autoware.ai/install/autoware_msgs/lib/pkgconfig:/home/agilex/autoware.ai/install/autoware_config_msgs/lib/x86_64-linux-gnu/pkgconfig:/home/agilex/autoware.ai/install/autoware_config_msgs/lib/pkgconfig:/home/agilex/autoware.ai/install/autoware_can_msgs/lib/x86_64-linux-gnu/pkgconfig:/home/agilex/autoware.ai/install/autoware_can_msgs/lib/pkgconfig:/home/agilex/autoware.ai/install/autoware_build_flags/lib/x86_64-linux-gnu/pkgconfig:/home/agilex/autoware.ai/install/autoware_build_flags/lib/pkgconfig:${PKG_CONFIG_PATH} PYTHONPATH=/home/agilex/autoware.ai/install/vector_map_msgs/lib/python2.7/dist-packages:/home/agilex/autoware.ai/install/tablet_socket_msgs/lib/python2.7/dist-packages:/home/agilex/autoware.ai/install/autoware_system_msgs/lib/python2.7/dist-packages:/home/agilex/autoware.ai/install/autoware_msgs/lib/python2.7/dist-packages:/home/agilex/autoware.ai/install/autoware_config_msgs/lib/python2.7/dist-packages:/home/agilex/autoware.ai/install/autoware_can_msgs/lib/python2.7/dist-packages:${PYTHONPATH} ROS_PACKAGE_PATH=/home/agilex/autoware.ai/install/waypoint_planner/share:/home/agilex/autoware.ai/install/waypoint_follower/share:/home/agilex/autoware.ai/install/vector_map/share:/home/agilex/autoware.ai/install/autoware_health_checker/share:/home/agilex/autoware.ai/install/astar_search/share:/home/agilex/autoware.ai/install/amathutils_lib/share:/home/agilex/autoware.ai/install/vector_map_msgs/share:/home/agilex/autoware.ai/install/tablet_socket_msgs/share:/home/agilex/autoware.ai/install/gnss/share:/home/agilex/autoware.ai/install/autoware_system_msgs/share:/home/agilex/autoware.ai/install/autoware_msgs/share:/home/agilex/autoware.ai/install/autoware_config_msgs/share:/home/agilex/autoware.ai/install/autoware_can_msgs/share:/home/agilex/autoware.ai/install/autoware_build_flags/share:${ROS_PACKAGE_PATH} /usr/bin/cmake --build /home/agilex/autoware.ai/build/lattice_planner --target tests -- -j8 -l8
[3.292s] Built target tests
[3.302s] Invoked command in '/home/agilex/autoware.ai/build/lattice_planner' returned '0': CMAKE_PREFIX_PATH=/home/agilex/autoware.ai/install/waypoint_planner:/home/agilex/autoware.ai/install/waypoint_follower:/home/agilex/autoware.ai/install/vector_map:/home/agilex/autoware.ai/install/autoware_health_checker:/home/agilex/autoware.ai/install/astar_search:/home/agilex/autoware.ai/install/amathutils_lib:/home/agilex/autoware.ai/install/vector_map_msgs:/home/agilex/autoware.ai/install/tablet_socket_msgs:/home/agilex/autoware.ai/install/gnss:/home/agilex/autoware.ai/install/autoware_system_msgs:/home/agilex/autoware.ai/install/autoware_msgs:/home/agilex/autoware.ai/install/autoware_config_msgs:/home/agilex/autoware.ai/install/autoware_can_msgs:/home/agilex/autoware.ai/install/autoware_build_flags:${CMAKE_PREFIX_PATH} LD_LIBRARY_PATH=/home/agilex/autoware.ai/install/waypoint_follower/lib:/home/agilex/autoware.ai/install/vector_map/lib:/home/agilex/autoware.ai/install/autoware_health_checker/lib:/home/agilex/autoware.ai/install/astar_search/lib:/home/agilex/autoware.ai/install/amathutils_lib/lib:/home/agilex/autoware.ai/install/gnss/lib:${LD_LIBRARY_PATH} PKG_CONFIG_PATH=/home/agilex/autoware.ai/install/waypoint_planner/lib/x86_64-linux-gnu/pkgconfig:/home/agilex/autoware.ai/install/waypoint_planner/lib/pkgconfig:/home/agilex/autoware.ai/install/waypoint_follower/lib/x86_64-linux-gnu/pkgconfig:/home/agilex/autoware.ai/install/waypoint_follower/lib/pkgconfig:/home/agilex/autoware.ai/install/vector_map/lib/x86_64-linux-gnu/pkgconfig:/home/agilex/autoware.ai/install/vector_map/lib/pkgconfig:/home/agilex/autoware.ai/install/autoware_health_checker/lib/x86_64-linux-gnu/pkgconfig:/home/agilex/autoware.ai/install/autoware_health_checker/lib/pkgconfig:/home/agilex/autoware.ai/install/astar_search/lib/x86_64-linux-gnu/pkgconfig:/home/agilex/autoware.ai/install/astar_search/lib/pkgconfig:/home/agilex/autoware.ai/install/amathutils_lib/lib/x86_64-linux-gnu/pkgconfig:/home/agilex/autoware.ai/install/amathutils_lib/lib/pkgconfig:/home/agilex/autoware.ai/install/vector_map_msgs/lib/x86_64-linux-gnu/pkgconfig:/home/agilex/autoware.ai/install/vector_map_msgs/lib/pkgconfig:/home/agilex/autoware.ai/install/tablet_socket_msgs/lib/x86_64-linux-gnu/pkgconfig:/home/agilex/autoware.ai/install/tablet_socket_msgs/lib/pkgconfig:/home/agilex/autoware.ai/install/gnss/lib/x86_64-linux-gnu/pkgconfig:/home/agilex/autoware.ai/install/gnss/lib/pkgconfig:/home/agilex/autoware.ai/install/autoware_system_msgs/lib/x86_64-linux-gnu/pkgconfig:/home/agilex/autoware.ai/install/autoware_system_msgs/lib/pkgconfig:/home/agilex/autoware.ai/install/autoware_msgs/lib/x86_64-linux-gnu/pkgconfig:/home/agilex/autoware.ai/install/autoware_msgs/lib/pkgconfig:/home/agilex/autoware.ai/install/autoware_config_msgs/lib/x86_64-linux-gnu/pkgconfig:/home/agilex/autoware.ai/install/autoware_config_msgs/lib/pkgconfig:/home/agilex/autoware.ai/install/autoware_can_msgs/lib/x86_64-linux-gnu/pkgconfig:/home/agilex/autoware.ai/install/autoware_can_msgs/lib/pkgconfig:/home/agilex/autoware.ai/install/autoware_build_flags/lib/x86_64-linux-gnu/pkgconfig:/home/agilex/autoware.ai/install/autoware_build_flags/lib/pkgconfig:${PKG_CONFIG_PATH} PYTHONPATH=/home/agilex/autoware.ai/install/vector_map_msgs/lib/python2.7/dist-packages:/home/agilex/autoware.ai/install/tablet_socket_msgs/lib/python2.7/dist-packages:/home/agilex/autoware.ai/install/autoware_system_msgs/lib/python2.7/dist-packages:/home/agilex/autoware.ai/install/autoware_msgs/lib/python2.7/dist-packages:/home/agilex/autoware.ai/install/autoware_config_msgs/lib/python2.7/dist-packages:/home/agilex/autoware.ai/install/autoware_can_msgs/lib/python2.7/dist-packages:${PYTHONPATH} ROS_PACKAGE_PATH=/home/agilex/autoware.ai/install/waypoint_planner/share:/home/agilex/autoware.ai/install/waypoint_follower/share:/home/agilex/autoware.ai/install/vector_map/share:/home/agilex/autoware.ai/install/autoware_health_checker/share:/home/agilex/autoware.ai/install/astar_search/share:/home/agilex/autoware.ai/install/amathutils_lib/share:/home/agilex/autoware.ai/install/vector_map_msgs/share:/home/agilex/autoware.ai/install/tablet_socket_msgs/share:/home/agilex/autoware.ai/install/gnss/share:/home/agilex/autoware.ai/install/autoware_system_msgs/share:/home/agilex/autoware.ai/install/autoware_msgs/share:/home/agilex/autoware.ai/install/autoware_config_msgs/share:/home/agilex/autoware.ai/install/autoware_can_msgs/share:/home/agilex/autoware.ai/install/autoware_build_flags/share:${ROS_PACKAGE_PATH} /usr/bin/cmake --build /home/agilex/autoware.ai/build/lattice_planner --target tests -- -j8 -l8
[3.483s] Invoking command in '/home/agilex/autoware.ai/build/lattice_planner': CMAKE_PREFIX_PATH=/home/agilex/autoware.ai/install/waypoint_planner:/home/agilex/autoware.ai/install/waypoint_follower:/home/agilex/autoware.ai/install/vector_map:/home/agilex/autoware.ai/install/autoware_health_checker:/home/agilex/autoware.ai/install/astar_search:/home/agilex/autoware.ai/install/amathutils_lib:/home/agilex/autoware.ai/install/vector_map_msgs:/home/agilex/autoware.ai/install/tablet_socket_msgs:/home/agilex/autoware.ai/install/gnss:/home/agilex/autoware.ai/install/autoware_system_msgs:/home/agilex/autoware.ai/install/autoware_msgs:/home/agilex/autoware.ai/install/autoware_config_msgs:/home/agilex/autoware.ai/install/autoware_can_msgs:/home/agilex/autoware.ai/install/autoware_build_flags:${CMAKE_PREFIX_PATH} LD_LIBRARY_PATH=/home/agilex/autoware.ai/install/waypoint_follower/lib:/home/agilex/autoware.ai/install/vector_map/lib:/home/agilex/autoware.ai/install/autoware_health_checker/lib:/home/agilex/autoware.ai/install/astar_search/lib:/home/agilex/autoware.ai/install/amathutils_lib/lib:/home/agilex/autoware.ai/install/gnss/lib:${LD_LIBRARY_PATH} PKG_CONFIG_PATH=/home/agilex/autoware.ai/install/waypoint_planner/lib/x86_64-linux-gnu/pkgconfig:/home/agilex/autoware.ai/install/waypoint_planner/lib/pkgconfig:/home/agilex/autoware.ai/install/waypoint_follower/lib/x86_64-linux-gnu/pkgconfig:/home/agilex/autoware.ai/install/waypoint_follower/lib/pkgconfig:/home/agilex/autoware.ai/install/vector_map/lib/x86_64-linux-gnu/pkgconfig:/home/agilex/autoware.ai/install/vector_map/lib/pkgconfig:/home/agilex/autoware.ai/install/autoware_health_checker/lib/x86_64-linux-gnu/pkgconfig:/home/agilex/autoware.ai/install/autoware_health_checker/lib/pkgconfig:/home/agilex/autoware.ai/install/astar_search/lib/x86_64-linux-gnu/pkgconfig:/home/agilex/autoware.ai/install/astar_search/lib/pkgconfig:/home/agilex/autoware.ai/install/amathutils_lib/lib/x86_64-linux-gnu/pkgconfig:/home/agilex/autoware.ai/install/amathutils_lib/lib/pkgconfig:/home/agilex/autoware.ai/install/vector_map_msgs/lib/x86_64-linux-gnu/pkgconfig:/home/agilex/autoware.ai/install/vector_map_msgs/lib/pkgconfig:/home/agilex/autoware.ai/install/tablet_socket_msgs/lib/x86_64-linux-gnu/pkgconfig:/home/agilex/autoware.ai/install/tablet_socket_msgs/lib/pkgconfig:/home/agilex/autoware.ai/install/gnss/lib/x86_64-linux-gnu/pkgconfig:/home/agilex/autoware.ai/install/gnss/lib/pkgconfig:/home/agilex/autoware.ai/install/autoware_system_msgs/lib/x86_64-linux-gnu/pkgconfig:/home/agilex/autoware.ai/install/autoware_system_msgs/lib/pkgconfig:/home/agilex/autoware.ai/install/autoware_msgs/lib/x86_64-linux-gnu/pkgconfig:/home/agilex/autoware.ai/install/autoware_msgs/lib/pkgconfig:/home/agilex/autoware.ai/install/autoware_config_msgs/lib/x86_64-linux-gnu/pkgconfig:/home/agilex/autoware.ai/install/autoware_config_msgs/lib/pkgconfig:/home/agilex/autoware.ai/install/autoware_can_msgs/lib/x86_64-linux-gnu/pkgconfig:/home/agilex/autoware.ai/install/autoware_can_msgs/lib/pkgconfig:/home/agilex/autoware.ai/install/autoware_build_flags/lib/x86_64-linux-gnu/pkgconfig:/home/agilex/autoware.ai/install/autoware_build_flags/lib/pkgconfig:${PKG_CONFIG_PATH} PYTHONPATH=/home/agilex/autoware.ai/install/vector_map_msgs/lib/python2.7/dist-packages:/home/agilex/autoware.ai/install/tablet_socket_msgs/lib/python2.7/dist-packages:/home/agilex/autoware.ai/install/autoware_system_msgs/lib/python2.7/dist-packages:/home/agilex/autoware.ai/install/autoware_msgs/lib/python2.7/dist-packages:/home/agilex/autoware.ai/install/autoware_config_msgs/lib/python2.7/dist-packages:/home/agilex/autoware.ai/install/autoware_can_msgs/lib/python2.7/dist-packages:${PYTHONPATH} ROS_PACKAGE_PATH=/home/agilex/autoware.ai/install/waypoint_planner/share:/home/agilex/autoware.ai/install/waypoint_follower/share:/home/agilex/autoware.ai/install/vector_map/share:/home/agilex/autoware.ai/install/autoware_health_checker/share:/home/agilex/autoware.ai/install/astar_search/share:/home/agilex/autoware.ai/install/amathutils_lib/share:/home/agilex/autoware.ai/install/vector_map_msgs/share:/home/agilex/autoware.ai/install/tablet_socket_msgs/share:/home/agilex/autoware.ai/install/gnss/share:/home/agilex/autoware.ai/install/autoware_system_msgs/share:/home/agilex/autoware.ai/install/autoware_msgs/share:/home/agilex/autoware.ai/install/autoware_config_msgs/share:/home/agilex/autoware.ai/install/autoware_can_msgs/share:/home/agilex/autoware.ai/install/autoware_build_flags/share:${ROS_PACKAGE_PATH} /usr/bin/cmake --build /home/agilex/autoware.ai/build/lattice_planner --target install -- -j8 -l8
[3.545s] [  0%] Built target bond_generate_messages_nodejs
[3.562s] [  0%] Built target gazebo_msgs_generate_messages_eus
[3.579s] [  0%] Built target gazebo_msgs_generate_messages_lisp
[3.601s] [  0%] Built target autoware_system_msgs_generate_messages_eus
[3.621s] [  0%] Built target autoware_system_msgs_generate_messages_cpp
[3.640s] [  0%] Built target tablet_socket_msgs_generate_messages_cpp
[3.660s] [  0%] Built target autoware_config_msgs_generate_messages_lisp
[3.685s] [  0%] Built target autoware_config_msgs_generate_messages_eus
[3.702s] [  0%] Built target tablet_socket_msgs_generate_messages_py
[3.724s] [  0%] Built target jsk_footstep_msgs_generate_messages_py
[3.743s] [  0%] Built target jsk_footstep_msgs_generate_messages_nodejs
[3.761s] [  0%] Built target jsk_footstep_msgs_generate_messages_lisp
[3.783s] [  0%] Built target jsk_footstep_msgs_generate_messages_eus
[3.805s] [  0%] Built target jsk_recognition_msgs_generate_messages_py
[3.824s] [  0%] Built target jsk_recognition_msgs_generate_messages_lisp
[3.848s] [  0%] Built target jsk_recognition_msgs_generate_messages_eus
[3.866s] [  0%] Built target autoware_msgs_generate_messages_nodejs
[3.887s] [  0%] Built target autoware_msgs_generate_messages_lisp
[3.915s] [  0%] Built target autoware_msgs_generate_messages_eus
[3.933s] [  0%] Built target autoware_msgs_generate_messages_cpp
[3.958s] [  0%] Built target topic_tools_generate_messages_nodejs
[3.980s] [  0%] Built target jsk_recognition_msgs_generate_messages_cpp
[4.006s] [  0%] Built target topic_tools_generate_messages_lisp
[4.025s] [  0%] Built target topic_tools_generate_messages_eus
[4.047s] [  0%] Built target topic_tools_generate_messages_cpp
[4.064s] [  0%] Built target std_srvs_generate_messages_py
[4.087s] [  0%] Built target std_srvs_generate_messages_nodejs
[4.105s] [  0%] Built target pcl_msgs_generate_messages_nodejs
[4.128s] [  0%] Built target pcl_msgs_generate_messages_eus
[4.148s] [  0%] Built target pcl_msgs_generate_messages_cpp
[4.172s] [  0%] Built target pcl_ros_gencfg
[4.189s] [  0%] Built target nodelet_generate_messages_cpp
[4.209s] [  0%] Built target pcl_msgs_generate_messages_py
[4.225s] [  0%] Built target actionlib_generate_messages_eus
[4.242s] [  0%] Built target autoware_system_msgs_generate_messages_py
[4.265s] [  0%] Built target sensor_msgs_generate_messages_nodejs
[4.284s] [  0%] Built target roscpp_generate_messages_cpp
[4.309s] [  0%] Built target actionlib_generate_messages_cpp
[4.328s] [  0%] Built target sensor_msgs_generate_messages_lisp
[4.350s] [  0%] Built target std_srvs_generate_messages_cpp
[4.367s] [  0%] Built target geometry_msgs_generate_messages_py
[4.388s] [  0%] Built target geometry_msgs_generate_messages_lisp
[4.406s] [  0%] Built target actionlib_generate_messages_lisp
[4.429s] [  0%] Built target geometry_msgs_generate_messages_cpp
[4.451s] [  0%] Built target autoware_config_msgs_generate_messages_nodejs
[4.471s] [  0%] Built target tf_generate_messages_nodejs
[4.489s] [  0%] Built target geometry_msgs_generate_messages_eus
[4.508s] [  0%] Built target roscpp_generate_messages_py
[4.532s] [  0%] Built target tf_generate_messages_lisp
[4.550s] [  0%] Built target jsk_recognition_msgs_generate_messages_nodejs
[4.574s] [  0%] Built target std_srvs_generate_messages_eus
[4.593s] [  0%] Built target roscpp_generate_messages_lisp
[4.611s] [  0%] Built target bond_generate_messages_eus
[4.630s] [  0%] Built target rosgraph_msgs_generate_messages_cpp
[4.657s] [  0%] Built target tablet_socket_msgs_generate_messages_nodejs
[4.676s] [  0%] Built target tf_generate_messages_py
[4.694s] [  0%] Built target dynamic_reconfigure_generate_messages_cpp
[4.715s] [  0%] Built target autoware_system_msgs_generate_messages_lisp
[4.735s] [  0%] Built target vector_map_msgs_generate_messages_lisp
[4.762s] [  0%] Built target jsk_footstep_msgs_generate_messages_cpp
[4.780s] [  0%] Built target actionlib_msgs_generate_messages_cpp
[4.800s] [  0%] Built target tf_generate_messages_eus
[4.818s] [  0%] Built target trajectory_msgs_generate_messages_lisp
[4.841s] [  0%] Built target bond_generate_messages_cpp
[4.862s] [  0%] Built target gazebo_msgs_generate_messages_nodejs
[4.881s] [  0%] Built target rosgraph_msgs_generate_messages_eus
[4.899s] [  0%] Built target rosgraph_msgs_generate_messages_lisp
[4.915s] [  0%] Built target sensor_msgs_generate_messages_eus
[4.933s] [  0%] Built target std_srvs_generate_messages_lisp
[4.952s] [  0%] Built target sensor_msgs_generate_messages_cpp
[4.970s] [  0%] Built target roscpp_generate_messages_nodejs
[4.988s] [  0%] Built target std_msgs_generate_messages_lisp
[5.008s] [  0%] Built target pcl_msgs_generate_messages_lisp
[5.029s] [  0%] Built target actionlib_generate_messages_nodejs
[5.048s] [  0%] Built target tf_generate_messages_cpp
[5.069s] [  0%] Built target std_msgs_generate_messages_cpp
[5.087s] [  0%] Built target tablet_socket_msgs_generate_messages_lisp
[5.108s] [  0%] Built target visualization_msgs_generate_messages_nodejs
[5.127s] [  0%] Built target bond_generate_messages_py
[5.148s] [  0%] Built target vector_map_msgs_generate_messages_nodejs
[5.173s] [  0%] Built target sensor_msgs_generate_messages_py
[5.195s] [  0%] Built target nodelet_generate_messages_py
[5.215s] [  0%] Built target autoware_config_msgs_generate_messages_cpp
[5.234s] [  0%] Built target rosgraph_msgs_generate_messages_nodejs
[5.253s] [  0%] Built target visualization_msgs_generate_messages_lisp
[5.278s] [  0%] Built target std_msgs_generate_messages_eus
[5.295s] [  0%] Built target vector_map_msgs_generate_messages_py
[5.313s] [  0%] Built target std_msgs_generate_messages_nodejs
[5.330s] [  0%] Built target bond_generate_messages_lisp
[5.352s] [  0%] Built target std_msgs_generate_messages_py
[5.379s] [  0%] Built target autoware_can_msgs_generate_messages_eus
[5.400s] [  0%] Built target roscpp_generate_messages_eus
[5.419s] [  0%] Built target rosgraph_msgs_generate_messages_py
[5.439s] [  0%] Built target actionlib_msgs_generate_messages_eus
[5.463s] [  0%] Built target autoware_msgs_generate_messages_py
[5.482s] [  0%] Built target nodelet_generate_messages_lisp
[5.506s] [  0%] Built target autoware_system_msgs_generate_messages_nodejs
[5.525s] [  0%] Built target actionlib_msgs_generate_messages_lisp
[5.548s] [  0%] Built target topic_tools_generate_messages_py
[5.568s] [  0%] Built target nodelet_topic_tools_gencfg
[5.588s] [  0%] Built target actionlib_msgs_generate_messages_nodejs
[5.606s] [  0%] Built target actionlib_msgs_generate_messages_py
[5.623s] [  0%] Built target gazebo_msgs_generate_messages_py
[5.641s] [  0%] Built target geometry_msgs_generate_messages_nodejs
[5.662s] [  0%] Built target tf2_msgs_generate_messages_cpp
[5.680s] [  0%] Built target actionlib_generate_messages_py
[5.700s] [  0%] Built target tf2_msgs_generate_messages_py
[5.723s] [  0%] Built target tf2_msgs_generate_messages_nodejs
[5.741s] [  0%] Built target tablet_socket_msgs_generate_messages_eus
[5.763s] [  0%] Built target tf2_msgs_generate_messages_eus
[5.780s] [  0%] Built target visualization_msgs_generate_messages_cpp
[5.802s] [  0%] Built target visualization_msgs_generate_messages_eus
[5.819s] [  0%] Built target visualization_msgs_generate_messages_py
[5.838s] [  0%] Built target autoware_can_msgs_generate_messages_py
[5.860s] [  0%] Built target dynamic_reconfigure_generate_messages_nodejs
[5.879s] [  0%] Built target vector_map_msgs_generate_messages_cpp
[5.899s] [  0%] Built target vector_map_msgs_generate_messages_eus
[5.919s] [  0%] Built target dynamic_reconfigure_generate_messages_eus
[5.939s] [  0%] Built target gazebo_msgs_generate_messages_cpp
[5.959s] [  0%] Built target dynamic_reconfigure_generate_messages_lisp
[5.978s] [  0%] Built target autoware_can_msgs_generate_messages_lisp
[5.998s] [  0%] Built target dynamic_reconfigure_generate_messages_py
[6.017s] [  0%] Built target tf2_msgs_generate_messages_lisp
[6.037s] [  0%] Built target dynamic_reconfigure_gencfg
[6.055s] [  0%] Built target nodelet_generate_messages_eus
[6.075s] [  0%] Built target nodelet_generate_messages_nodejs
[6.095s] [  0%] Built target trajectory_msgs_generate_messages_nodejs
[6.113s] [  0%] Built target autoware_config_msgs_generate_messages_py
[6.142s] [  0%] Built target trajectory_msgs_generate_messages_cpp
[6.161s] [  0%] Built target trajectory_msgs_generate_messages_eus
[6.180s] [  0%] Built target trajectory_msgs_generate_messages_py
[6.200s] [  0%] Built target autoware_can_msgs_generate_messages_cpp
[6.218s] [  0%] Built target autoware_can_msgs_generate_messages_nodejs
[6.241s] [ 18%] Built target libtraj_gen
[6.276s] [ 45%] Built target lattice_velocity_set
[6.306s] [ 63%] Built target lattice_trajectory_gen
[6.334s] [ 81%] Built target lattice_twist_convert
[6.364s] [100%] Built target path_select
[6.385s] [36mInstall the project...[0m
[6.392s] -- Install configuration: "Release"
[6.392s] -- Up-to-date: /home/agilex/autoware.ai/install/lattice_planner/lib/pkgconfig/lattice_planner.pc
[6.393s] -- Up-to-date: /home/agilex/autoware.ai/install/lattice_planner/share/lattice_planner/cmake/lattice_plannerConfig.cmake
[6.393s] -- Up-to-date: /home/agilex/autoware.ai/install/lattice_planner/share/lattice_planner/cmake/lattice_plannerConfig-version.cmake
[6.393s] -- Up-to-date: /home/agilex/autoware.ai/install/lattice_planner/share/lattice_planner/package.xml
[6.393s] -- Up-to-date: /home/agilex/autoware.ai/install/lattice_planner/lib/liblibtraj_gen.so
[6.394s] -- Up-to-date: /home/agilex/autoware.ai/install/lattice_planner/lib/lattice_planner/lattice_trajectory_gen
[6.396s] -- Up-to-date: /home/agilex/autoware.ai/install/lattice_planner/lib/lattice_planner/lattice_twist_convert
[6.397s] -- Up-to-date: /home/agilex/autoware.ai/install/lattice_planner/lib/lattice_planner/lattice_velocity_set
[6.397s] -- Up-to-date: /home/agilex/autoware.ai/install/lattice_planner/lib/lattice_planner/path_select
[6.398s] -- Up-to-date: /home/agilex/autoware.ai/install/lattice_planner/share/lattice_planner/launch
[6.398s] -- Up-to-date: /home/agilex/autoware.ai/install/lattice_planner/share/lattice_planner/launch/lattice_trajectory_gen.launch
[6.398s] -- Up-to-date: /home/agilex/autoware.ai/install/lattice_planner/share/lattice_planner/launch/lattice_velocity_set.launch
[6.404s] Invoked command in '/home/agilex/autoware.ai/build/lattice_planner' returned '0': CMAKE_PREFIX_PATH=/home/agilex/autoware.ai/install/waypoint_planner:/home/agilex/autoware.ai/install/waypoint_follower:/home/agilex/autoware.ai/install/vector_map:/home/agilex/autoware.ai/install/autoware_health_checker:/home/agilex/autoware.ai/install/astar_search:/home/agilex/autoware.ai/install/amathutils_lib:/home/agilex/autoware.ai/install/vector_map_msgs:/home/agilex/autoware.ai/install/tablet_socket_msgs:/home/agilex/autoware.ai/install/gnss:/home/agilex/autoware.ai/install/autoware_system_msgs:/home/agilex/autoware.ai/install/autoware_msgs:/home/agilex/autoware.ai/install/autoware_config_msgs:/home/agilex/autoware.ai/install/autoware_can_msgs:/home/agilex/autoware.ai/install/autoware_build_flags:${CMAKE_PREFIX_PATH} LD_LIBRARY_PATH=/home/agilex/autoware.ai/install/waypoint_follower/lib:/home/agilex/autoware.ai/install/vector_map/lib:/home/agilex/autoware.ai/install/autoware_health_checker/lib:/home/agilex/autoware.ai/install/astar_search/lib:/home/agilex/autoware.ai/install/amathutils_lib/lib:/home/agilex/autoware.ai/install/gnss/lib:${LD_LIBRARY_PATH} PKG_CONFIG_PATH=/home/agilex/autoware.ai/install/waypoint_planner/lib/x86_64-linux-gnu/pkgconfig:/home/agilex/autoware.ai/install/waypoint_planner/lib/pkgconfig:/home/agilex/autoware.ai/install/waypoint_follower/lib/x86_64-linux-gnu/pkgconfig:/home/agilex/autoware.ai/install/waypoint_follower/lib/pkgconfig:/home/agilex/autoware.ai/install/vector_map/lib/x86_64-linux-gnu/pkgconfig:/home/agilex/autoware.ai/install/vector_map/lib/pkgconfig:/home/agilex/autoware.ai/install/autoware_health_checker/lib/x86_64-linux-gnu/pkgconfig:/home/agilex/autoware.ai/install/autoware_health_checker/lib/pkgconfig:/home/agilex/autoware.ai/install/astar_search/lib/x86_64-linux-gnu/pkgconfig:/home/agilex/autoware.ai/install/astar_search/lib/pkgconfig:/home/agilex/autoware.ai/install/amathutils_lib/lib/x86_64-linux-gnu/pkgconfig:/home/agilex/autoware.ai/install/amathutils_lib/lib/pkgconfig:/home/agilex/autoware.ai/install/vector_map_msgs/lib/x86_64-linux-gnu/pkgconfig:/home/agilex/autoware.ai/install/vector_map_msgs/lib/pkgconfig:/home/agilex/autoware.ai/install/tablet_socket_msgs/lib/x86_64-linux-gnu/pkgconfig:/home/agilex/autoware.ai/install/tablet_socket_msgs/lib/pkgconfig:/home/agilex/autoware.ai/install/gnss/lib/x86_64-linux-gnu/pkgconfig:/home/agilex/autoware.ai/install/gnss/lib/pkgconfig:/home/agilex/autoware.ai/install/autoware_system_msgs/lib/x86_64-linux-gnu/pkgconfig:/home/agilex/autoware.ai/install/autoware_system_msgs/lib/pkgconfig:/home/agilex/autoware.ai/install/autoware_msgs/lib/x86_64-linux-gnu/pkgconfig:/home/agilex/autoware.ai/install/autoware_msgs/lib/pkgconfig:/home/agilex/autoware.ai/install/autoware_config_msgs/lib/x86_64-linux-gnu/pkgconfig:/home/agilex/autoware.ai/install/autoware_config_msgs/lib/pkgconfig:/home/agilex/autoware.ai/install/autoware_can_msgs/lib/x86_64-linux-gnu/pkgconfig:/home/agilex/autoware.ai/install/autoware_can_msgs/lib/pkgconfig:/home/agilex/autoware.ai/install/autoware_build_flags/lib/x86_64-linux-gnu/pkgconfig:/home/agilex/autoware.ai/install/autoware_build_flags/lib/pkgconfig:${PKG_CONFIG_PATH} PYTHONPATH=/home/agilex/autoware.ai/install/vector_map_msgs/lib/python2.7/dist-packages:/home/agilex/autoware.ai/install/tablet_socket_msgs/lib/python2.7/dist-packages:/home/agilex/autoware.ai/install/autoware_system_msgs/lib/python2.7/dist-packages:/home/agilex/autoware.ai/install/autoware_msgs/lib/python2.7/dist-packages:/home/agilex/autoware.ai/install/autoware_config_msgs/lib/python2.7/dist-packages:/home/agilex/autoware.ai/install/autoware_can_msgs/lib/python2.7/dist-packages:${PYTHONPATH} ROS_PACKAGE_PATH=/home/agilex/autoware.ai/install/waypoint_planner/share:/home/agilex/autoware.ai/install/waypoint_follower/share:/home/agilex/autoware.ai/install/vector_map/share:/home/agilex/autoware.ai/install/autoware_health_checker/share:/home/agilex/autoware.ai/install/astar_search/share:/home/agilex/autoware.ai/install/amathutils_lib/share:/home/agilex/autoware.ai/install/vector_map_msgs/share:/home/agilex/autoware.ai/install/tablet_socket_msgs/share:/home/agilex/autoware.ai/install/gnss/share:/home/agilex/autoware.ai/install/autoware_system_msgs/share:/home/agilex/autoware.ai/install/autoware_msgs/share:/home/agilex/autoware.ai/install/autoware_config_msgs/share:/home/agilex/autoware.ai/install/autoware_can_msgs/share:/home/agilex/autoware.ai/install/autoware_build_flags/share:${ROS_PACKAGE_PATH} /usr/bin/cmake --build /home/agilex/autoware.ai/build/lattice_planner --target install -- -j8 -l8
