[0.018s] Invoking command in '/home/agilex/autoware.ai/build/autoware_build_flags': /usr/bin/cmake /home/agilex/autoware.ai/src/autoware/common/autoware_build_flags -DCMAKE_BUILD_TYPE=Release -DCATKIN_INSTALL_INTO_PREFIX_ROOT=0 -DCMAKE_INSTALL_PREFIX=/home/agilex/autoware.ai/install/autoware_build_flags
[0.068s] -- The C compiler identification is GNU 7.5.0
[0.133s] -- The CXX compiler identification is GNU 7.5.0
[0.137s] -- Check for working C compiler: /usr/bin/cc
[0.213s] -- Check for working C compiler: /usr/bin/cc -- works
[0.213s] -- Detecting C compiler ABI info
[0.312s] -- Detecting C compiler ABI info - done
[0.319s] -- Detecting C compile features
[0.494s] -- Detecting C compile features - done
[0.496s] -- Check for working CXX compiler: /usr/bin/c++
[0.572s] -- Check for working CXX compiler: /usr/bin/c++ -- works
[0.572s] -- Detecting CXX compiler ABI info
[0.640s] -- Detecting CXX compiler ABI info - done
[0.646s] -- Detecting CXX compile features
[0.952s] -- Detecting CXX compile features - done
[0.954s] -- Using CATKIN_DEVEL_PREFIX: /home/agilex/autoware.ai/build/autoware_build_flags/devel
[0.954s] -- Using CMAKE_PREFIX_PATH: /opt/ros/melodic
[0.954s] -- This workspace overlays: /opt/ros/melodic
[0.964s] -- Found PythonInterp: /usr/bin/python2 (found suitable version "2.7.17", minimum required is "2") 
[0.964s] -- Using PYTHON_EXECUTABLE: /usr/bin/python2
[0.964s] -- Using Debian Python package layout
[0.964s] -- Using empy: /usr/bin/empy
[1.113s] -- Using CATKIN_ENABLE_TESTING: ON
[1.113s] -- Call enable_testing()
[1.114s] -- Using CATKIN_TEST_RESULTS_DIR: /home/agilex/autoware.ai/build/autoware_build_flags/test_results
[1.128s] -- Found gtest sources under '/usr/src/googletest': gtests will be built
[1.129s] -- Found gmock sources under '/usr/src/googletest': gmock will be built
[1.139s] -- Found PythonInterp: /usr/bin/python2 (found version "2.7.17") 
[1.140s] -- Looking for pthread.h
[1.198s] -- Looking for pthread.h - found
[1.198s] -- Looking for pthread_create
[1.258s] -- Looking for pthread_create - not found
[1.258s] -- Looking for pthread_create in pthreads
[1.309s] -- Looking for pthread_create in pthreads - not found
[1.310s] -- Looking for pthread_create in pthread
[1.372s] -- Looking for pthread_create in pthread - found
[1.373s] -- Found Threads: TRUE  
[1.377s] -- Using Python nosetests: /usr/bin/nosetests-2.7
[1.416s] -- catkin 0.7.29
[1.416s] -- BUILD_SHARED_LIBS is on
[1.616s] -- Configuring done
[1.624s] -- Generating done
[1.626s] -- Build files have been written to: /home/agilex/autoware.ai/build/autoware_build_flags
[1.631s] Invoked command in '/home/agilex/autoware.ai/build/autoware_build_flags' returned '0': /usr/bin/cmake /home/agilex/autoware.ai/src/autoware/common/autoware_build_flags -DCMAKE_BUILD_TYPE=Release -DCATKIN_INSTALL_INTO_PREFIX_ROOT=0 -DCMAKE_INSTALL_PREFIX=/home/agilex/autoware.ai/install/autoware_build_flags
[1.634s] Invoking command in '/home/agilex/autoware.ai/build/autoware_build_flags': /usr/bin/cmake --build /home/agilex/autoware.ai/build/autoware_build_flags -- -j8 -l8
[1.680s] Invoked command in '/home/agilex/autoware.ai/build/autoware_build_flags' returned '0': /usr/bin/cmake --build /home/agilex/autoware.ai/build/autoware_build_flags -- -j8 -l8
[1.703s] Invoking command in '/home/agilex/autoware.ai/build/autoware_build_flags': /usr/bin/cmake --build /home/agilex/autoware.ai/build/autoware_build_flags --target tests -- -j8 -l8
[1.748s] [35m[1mScanning dependencies of target tests[0m
[1.756s] Built target tests
[1.767s] Invoked command in '/home/agilex/autoware.ai/build/autoware_build_flags' returned '0': /usr/bin/cmake --build /home/agilex/autoware.ai/build/autoware_build_flags --target tests -- -j8 -l8
[1.804s] Invoking command in '/home/agilex/autoware.ai/build/autoware_build_flags': /usr/bin/cmake --build /home/agilex/autoware.ai/build/autoware_build_flags --target install -- -j8 -l8
[1.865s] [36mInstall the project...[0m
[1.875s] -- Install configuration: "Release"
[1.875s] -- Installing: /home/agilex/autoware.ai/install/autoware_build_flags/lib/pkgconfig/autoware_build_flags.pc
[1.875s] -- Installing: /home/agilex/autoware.ai/install/autoware_build_flags/share/autoware_build_flags/cmake/autoware_build_flags-extras.cmake
[1.876s] -- Installing: /home/agilex/autoware.ai/install/autoware_build_flags/share/autoware_build_flags/cmake/autoware_build_flagsConfig.cmake
[1.876s] -- Installing: /home/agilex/autoware.ai/install/autoware_build_flags/share/autoware_build_flags/cmake/autoware_build_flagsConfig-version.cmake
[1.876s] -- Installing: /home/agilex/autoware.ai/install/autoware_build_flags/share/autoware_build_flags/package.xml
[1.878s] Invoked command in '/home/agilex/autoware.ai/build/autoware_build_flags' returned '0': /usr/bin/cmake --build /home/agilex/autoware.ai/build/autoware_build_flags --target install -- -j8 -l8
