[0.014s] Invoking command in '/home/agilex/autoware.ai/build/pc2_downsampler': /usr/bin/cmake /home/agilex/autoware.ai/src/autoware/utilities/pc2_downsampler -DCMAKE_BUILD_TYPE=Release -DCATKIN_INSTALL_INTO_PREFIX_ROOT=0 -DCMAKE_INSTALL_PREFIX=/home/agilex/autoware.ai/install/pc2_downsampler
[0.092s] -- The C compiler identification is GNU 7.5.0
[0.153s] -- The CXX compiler identification is GNU 7.5.0
[0.157s] -- Check for working C compiler: /usr/bin/cc
[0.221s] -- Check for working C compiler: /usr/bin/cc -- works
[0.222s] -- Detecting C compiler ABI info
[0.285s] -- Detecting C compiler ABI info - done
[0.290s] -- Detecting C compile features
[0.610s] -- Detecting C compile features - done
[0.613s] -- Check for working CXX compiler: /usr/bin/c++
[0.723s] -- Check for working CXX compiler: /usr/bin/c++ -- works
[0.724s] -- Detecting CXX compiler ABI info
[0.893s] -- Detecting CXX compiler ABI info - done
[0.923s] -- Detecting CXX compile features
[1.299s] -- Detecting CXX compile features - done
[1.301s] -- Using CATKIN_DEVEL_PREFIX: /home/agilex/autoware.ai/build/pc2_downsampler/devel
[1.301s] -- Using CMAKE_PREFIX_PATH: /opt/ros/melodic
[1.301s] -- This workspace overlays: /opt/ros/melodic
[1.314s] -- Found PythonInterp: /usr/bin/python2 (found suitable version "2.7.17", minimum required is "2") 
[1.314s] -- Using PYTHON_EXECUTABLE: /usr/bin/python2
[1.315s] -- Using Debian Python package layout
[1.315s] -- Using empy: /usr/bin/empy
[1.475s] -- Using CATKIN_ENABLE_TESTING: ON
[1.475s] -- Call enable_testing()
[1.477s] -- Using CATKIN_TEST_RESULTS_DIR: /home/agilex/autoware.ai/build/pc2_downsampler/test_results
[1.494s] -- Found gtest sources under '/usr/src/googletest': gtests will be built
[1.494s] -- Found gmock sources under '/usr/src/googletest': gmock will be built
[1.507s] -- Found PythonInterp: /usr/bin/python2 (found version "2.7.17") 
[1.509s] -- Looking for pthread.h
[1.567s] -- Looking for pthread.h - found
[1.568s] -- Looking for pthread_create
[1.629s] -- Looking for pthread_create - not found
[1.630s] -- Looking for pthread_create in pthreads
[1.680s] -- Looking for pthread_create in pthreads - not found
[1.681s] -- Looking for pthread_create in pthread
[1.741s] -- Looking for pthread_create in pthread - found
[1.743s] -- Found Threads: TRUE  
[1.747s] -- Using Python nosetests: /usr/bin/nosetests-2.7
[1.793s] -- catkin 0.7.29
[1.794s] -- BUILD_SHARED_LIBS is on
[1.997s] -- Configuring done
[2.008s] -- Generating done
[2.008s] -- Build files have been written to: /home/agilex/autoware.ai/build/pc2_downsampler
[2.015s] Invoked command in '/home/agilex/autoware.ai/build/pc2_downsampler' returned '0': /usr/bin/cmake /home/agilex/autoware.ai/src/autoware/utilities/pc2_downsampler -DCMAKE_BUILD_TYPE=Release -DCATKIN_INSTALL_INTO_PREFIX_ROOT=0 -DCMAKE_INSTALL_PREFIX=/home/agilex/autoware.ai/install/pc2_downsampler
[2.015s] Invoking command in '/home/agilex/autoware.ai/build/pc2_downsampler': /usr/bin/cmake --build /home/agilex/autoware.ai/build/pc2_downsampler -- -j8 -l8
[2.054s] Invoked command in '/home/agilex/autoware.ai/build/pc2_downsampler' returned '0': /usr/bin/cmake --build /home/agilex/autoware.ai/build/pc2_downsampler -- -j8 -l8
[2.084s] Invoking command in '/home/agilex/autoware.ai/build/pc2_downsampler': /usr/bin/cmake --build /home/agilex/autoware.ai/build/pc2_downsampler --target tests -- -j8 -l8
[2.156s] [35m[1mScanning dependencies of target tests[0m
[2.165s] Built target tests
[2.185s] Invoked command in '/home/agilex/autoware.ai/build/pc2_downsampler' returned '0': /usr/bin/cmake --build /home/agilex/autoware.ai/build/pc2_downsampler --target tests -- -j8 -l8
[2.215s] Invoking command in '/home/agilex/autoware.ai/build/pc2_downsampler': /usr/bin/cmake --build /home/agilex/autoware.ai/build/pc2_downsampler --target install -- -j8 -l8
[2.258s] [36mInstall the project...[0m
[2.266s] -- Install configuration: "Release"
[2.267s] -- Installing: /home/agilex/autoware.ai/install/pc2_downsampler/lib/pkgconfig/pc2_downsampler.pc
[2.267s] -- Installing: /home/agilex/autoware.ai/install/pc2_downsampler/share/pc2_downsampler/cmake/pc2_downsamplerConfig.cmake
[2.267s] -- Installing: /home/agilex/autoware.ai/install/pc2_downsampler/share/pc2_downsampler/cmake/pc2_downsamplerConfig-version.cmake
[2.268s] -- Installing: /home/agilex/autoware.ai/install/pc2_downsampler/share/pc2_downsampler/package.xml
[2.268s] -- Installing: /home/agilex/autoware.ai/install/pc2_downsampler/lib/pc2_downsampler/app.py
[2.273s] Invoked command in '/home/agilex/autoware.ai/build/pc2_downsampler' returned '0': /usr/bin/cmake --build /home/agilex/autoware.ai/build/pc2_downsampler --target install -- -j8 -l8
