[0.012s] Invoking command in '/home/agilex/autoware.ai/build/garmin': CMAKE_PREFIX_PATH=/home/agilex/autoware.ai/install/autoware_build_flags:${CMAKE_PREFIX_PATH} PKG_CONFIG_PATH=/home/agilex/autoware.ai/install/autoware_build_flags/lib/x86_64-linux-gnu/pkgconfig:/home/agilex/autoware.ai/install/autoware_build_flags/lib/pkgconfig:${PKG_CONFIG_PATH} ROS_PACKAGE_PATH=/home/agilex/autoware.ai/install/autoware_build_flags/share:${ROS_PACKAGE_PATH} /usr/bin/cmake /home/agilex/autoware.ai/src/drivers/awf_drivers/garmin -DCMAKE_BUILD_TYPE=Release -DCATKIN_INSTALL_INTO_PREFIX_ROOT=0 -DCMAKE_INSTALL_PREFIX=/home/agilex/autoware.ai/install/garmin
[0.073s] -- The C compiler identification is GNU 7.5.0
[0.126s] -- The CXX compiler identification is GNU 7.5.0
[0.131s] -- Check for working C compiler: /usr/bin/cc
[0.186s] -- Check for working C compiler: /usr/bin/cc -- works
[0.187s] -- Detecting C compiler ABI info
[0.246s] -- Detecting C compiler ABI info - done
[0.255s] -- Detecting C compile features
[0.424s] -- Detecting C compile features - done
[0.427s] -- Check for working CXX compiler: /usr/bin/c++
[0.503s] -- Check for working CXX compiler: /usr/bin/c++ -- works
[0.504s] -- Detecting CXX compiler ABI info
[0.572s] -- Detecting CXX compiler ABI info - done
[0.583s] -- Detecting CXX compile features
[0.923s] -- Detecting CXX compile features - done
[0.924s] -- CUDA compilation status: .
[0.926s] -- Using CATKIN_DEVEL_PREFIX: /home/agilex/autoware.ai/build/garmin/devel
[0.926s] -- Using CMAKE_PREFIX_PATH: /home/agilex/autoware.ai/install/autoware_build_flags;/opt/ros/melodic
[0.927s] -- This workspace overlays: /home/agilex/autoware.ai/install/autoware_build_flags;/opt/ros/melodic
[0.939s] -- Found PythonInterp: /usr/bin/python2 (found suitable version "2.7.17", minimum required is "2") 
[0.940s] -- Using PYTHON_EXECUTABLE: /usr/bin/python2
[0.940s] -- Using Debian Python package layout
[0.940s] -- Using empy: /usr/bin/empy
[1.098s] -- Using CATKIN_ENABLE_TESTING: ON
[1.099s] -- Call enable_testing()
[1.100s] -- Using CATKIN_TEST_RESULTS_DIR: /home/agilex/autoware.ai/build/garmin/test_results
[1.117s] -- Found gtest sources under '/usr/src/googletest': gtests will be built
[1.117s] -- Found gmock sources under '/usr/src/googletest': gmock will be built
[1.130s] -- Found PythonInterp: /usr/bin/python2 (found version "2.7.17") 
[1.131s] -- Looking for pthread.h
[1.188s] -- Looking for pthread.h - found
[1.188s] -- Looking for pthread_create
[1.246s] -- Looking for pthread_create - not found
[1.246s] -- Looking for pthread_create in pthreads
[1.292s] -- Looking for pthread_create in pthreads - not found
[1.292s] -- Looking for pthread_create in pthread
[1.351s] -- Looking for pthread_create in pthread - found
[1.352s] -- Found Threads: TRUE  
[1.356s] -- Using Python nosetests: /usr/bin/nosetests-2.7
[1.398s] -- catkin 0.7.29
[1.399s] -- BUILD_SHARED_LIBS is on
[1.708s] -- Configuring done
[1.727s] -- Generating done
[1.731s] -- Build files have been written to: /home/agilex/autoware.ai/build/garmin
[1.738s] Invoked command in '/home/agilex/autoware.ai/build/garmin' returned '0': CMAKE_PREFIX_PATH=/home/agilex/autoware.ai/install/autoware_build_flags:${CMAKE_PREFIX_PATH} PKG_CONFIG_PATH=/home/agilex/autoware.ai/install/autoware_build_flags/lib/x86_64-linux-gnu/pkgconfig:/home/agilex/autoware.ai/install/autoware_build_flags/lib/pkgconfig:${PKG_CONFIG_PATH} ROS_PACKAGE_PATH=/home/agilex/autoware.ai/install/autoware_build_flags/share:${ROS_PACKAGE_PATH} /usr/bin/cmake /home/agilex/autoware.ai/src/drivers/awf_drivers/garmin -DCMAKE_BUILD_TYPE=Release -DCATKIN_INSTALL_INTO_PREFIX_ROOT=0 -DCMAKE_INSTALL_PREFIX=/home/agilex/autoware.ai/install/garmin
[1.739s] Invoking command in '/home/agilex/autoware.ai/build/garmin': CMAKE_PREFIX_PATH=/home/agilex/autoware.ai/install/autoware_build_flags:${CMAKE_PREFIX_PATH} PKG_CONFIG_PATH=/home/agilex/autoware.ai/install/autoware_build_flags/lib/x86_64-linux-gnu/pkgconfig:/home/agilex/autoware.ai/install/autoware_build_flags/lib/pkgconfig:${PKG_CONFIG_PATH} ROS_PACKAGE_PATH=/home/agilex/autoware.ai/install/autoware_build_flags/share:${ROS_PACKAGE_PATH} /usr/bin/cmake --build /home/agilex/autoware.ai/build/garmin -- -j8 -l8
[1.785s] [35m[1mScanning dependencies of target garmin_gps_18x_lvc[0m
[1.812s] [ 50%] [32mBuilding CXX object CMakeFiles/garmin_gps_18x_lvc.dir/src/garmin_gps_18x_lvc.cc.o[0m
[5.783s] [100%] [32m[1mLinking CXX executable devel/lib/garmin/garmin_gps_18x_lvc[0m
[5.936s] [100%] Built target garmin_gps_18x_lvc
[5.944s] Invoked command in '/home/agilex/autoware.ai/build/garmin' returned '0': CMAKE_PREFIX_PATH=/home/agilex/autoware.ai/install/autoware_build_flags:${CMAKE_PREFIX_PATH} PKG_CONFIG_PATH=/home/agilex/autoware.ai/install/autoware_build_flags/lib/x86_64-linux-gnu/pkgconfig:/home/agilex/autoware.ai/install/autoware_build_flags/lib/pkgconfig:${PKG_CONFIG_PATH} ROS_PACKAGE_PATH=/home/agilex/autoware.ai/install/autoware_build_flags/share:${ROS_PACKAGE_PATH} /usr/bin/cmake --build /home/agilex/autoware.ai/build/garmin -- -j8 -l8
[6.003s] Invoking command in '/home/agilex/autoware.ai/build/garmin': CMAKE_PREFIX_PATH=/home/agilex/autoware.ai/install/autoware_build_flags:${CMAKE_PREFIX_PATH} PKG_CONFIG_PATH=/home/agilex/autoware.ai/install/autoware_build_flags/lib/x86_64-linux-gnu/pkgconfig:/home/agilex/autoware.ai/install/autoware_build_flags/lib/pkgconfig:${PKG_CONFIG_PATH} ROS_PACKAGE_PATH=/home/agilex/autoware.ai/install/autoware_build_flags/share:${ROS_PACKAGE_PATH} /usr/bin/cmake --build /home/agilex/autoware.ai/build/garmin --target tests -- -j8 -l8
[6.052s] [35m[1mScanning dependencies of target tests[0m
[6.062s] Built target tests
[6.073s] Invoked command in '/home/agilex/autoware.ai/build/garmin' returned '0': CMAKE_PREFIX_PATH=/home/agilex/autoware.ai/install/autoware_build_flags:${CMAKE_PREFIX_PATH} PKG_CONFIG_PATH=/home/agilex/autoware.ai/install/autoware_build_flags/lib/x86_64-linux-gnu/pkgconfig:/home/agilex/autoware.ai/install/autoware_build_flags/lib/pkgconfig:${PKG_CONFIG_PATH} ROS_PACKAGE_PATH=/home/agilex/autoware.ai/install/autoware_build_flags/share:${ROS_PACKAGE_PATH} /usr/bin/cmake --build /home/agilex/autoware.ai/build/garmin --target tests -- -j8 -l8
[6.124s] Invoking command in '/home/agilex/autoware.ai/build/garmin': CMAKE_PREFIX_PATH=/home/agilex/autoware.ai/install/autoware_build_flags:${CMAKE_PREFIX_PATH} PKG_CONFIG_PATH=/home/agilex/autoware.ai/install/autoware_build_flags/lib/x86_64-linux-gnu/pkgconfig:/home/agilex/autoware.ai/install/autoware_build_flags/lib/pkgconfig:${PKG_CONFIG_PATH} ROS_PACKAGE_PATH=/home/agilex/autoware.ai/install/autoware_build_flags/share:${ROS_PACKAGE_PATH} /usr/bin/cmake --build /home/agilex/autoware.ai/build/garmin --target install -- -j8 -l8
[6.171s] [100%] Built target garmin_gps_18x_lvc
[6.191s] [36mInstall the project...[0m
[6.200s] -- Install configuration: "Release"
[6.200s] -- Installing: /home/agilex/autoware.ai/install/garmin/lib/pkgconfig/garmin.pc
[6.200s] -- Installing: /home/agilex/autoware.ai/install/garmin/share/garmin/cmake/garminConfig.cmake
[6.200s] -- Installing: /home/agilex/autoware.ai/install/garmin/share/garmin/cmake/garminConfig-version.cmake
[6.200s] -- Installing: /home/agilex/autoware.ai/install/garmin/share/garmin/package.xml
[6.200s] -- Installing: /home/agilex/autoware.ai/install/garmin/lib/garmin/garmin_gps_18x_lvc
[6.201s] -- Set runtime path of "/home/agilex/autoware.ai/install/garmin/lib/garmin/garmin_gps_18x_lvc" to ""
[6.206s] Invoked command in '/home/agilex/autoware.ai/build/garmin' returned '0': CMAKE_PREFIX_PATH=/home/agilex/autoware.ai/install/autoware_build_flags:${CMAKE_PREFIX_PATH} PKG_CONFIG_PATH=/home/agilex/autoware.ai/install/autoware_build_flags/lib/x86_64-linux-gnu/pkgconfig:/home/agilex/autoware.ai/install/autoware_build_flags/lib/pkgconfig:${PKG_CONFIG_PATH} ROS_PACKAGE_PATH=/home/agilex/autoware.ai/install/autoware_build_flags/share:${ROS_PACKAGE_PATH} /usr/bin/cmake --build /home/agilex/autoware.ai/build/garmin --target install -- -j8 -l8
