[0.082s] Invoking command in '/home/agilex/autoware.ai/build/sick_ldmrs_tools': CMAKE_PREFIX_PATH=/home/agilex/autoware.ai/install/sick_ldmrs_driver:/home/agilex/autoware.ai/install/sick_ldmrs_msgs:/home/agilex/autoware.ai/install/sick_ldmrs_description:${CMAKE_PREFIX_PATH} LD_LIBRARY_PATH=/home/agilex/autoware.ai/install/sick_ldmrs_driver/lib:${LD_LIBRARY_PATH} PATH=/home/agilex/autoware.ai/install/sick_ldmrs_driver/bin:${PATH} PKG_CONFIG_PATH=/home/agilex/autoware.ai/install/sick_ldmrs_driver/lib/x86_64-linux-gnu/pkgconfig:/home/agilex/autoware.ai/install/sick_ldmrs_driver/lib/pkgconfig:/home/agilex/autoware.ai/install/sick_ldmrs_msgs/lib/x86_64-linux-gnu/pkgconfig:/home/agilex/autoware.ai/install/sick_ldmrs_msgs/lib/pkgconfig:/home/agilex/autoware.ai/install/sick_ldmrs_description/lib/x86_64-linux-gnu/pkgconfig:/home/agilex/autoware.ai/install/sick_ldmrs_description/lib/pkgconfig:${PKG_CONFIG_PATH} PYTHONPATH=/home/agilex/autoware.ai/install/sick_ldmrs_driver/lib/python2.7/dist-packages:/home/agilex/autoware.ai/install/sick_ldmrs_msgs/lib/python2.7/dist-packages:${PYTHONPATH} ROS_PACKAGE_PATH=/home/agilex/autoware.ai/install/sick_ldmrs_driver/share:/home/agilex/autoware.ai/install/sick_ldmrs_msgs/share:/home/agilex/autoware.ai/install/sick_ldmrs_description/share:${ROS_PACKAGE_PATH} /usr/bin/cmake --build /home/agilex/autoware.ai/build/sick_ldmrs_tools -- -j8 -l8
[0.166s] [  0%] Built target sick_ldmrs_msgs_generate_messages_nodejs
[0.171s] [  0%] Built target sick_ldmrs_msgs_generate_messages_cpp
[0.176s] [  0%] Built target sick_ldmrs_msgs_generate_messages_lisp
[0.178s] [  0%] Built target visualization_msgs_generate_messages_py
[0.183s] [  0%] Built target actionlib_msgs_generate_messages_py
[0.185s] [  0%] Built target visualization_msgs_generate_messages_nodejs
[0.189s] [  0%] Built target tf2_msgs_generate_messages_nodejs
[0.198s] [  0%] Built target visualization_msgs_generate_messages_cpp
[0.200s] [  0%] Built target tf2_msgs_generate_messages_eus
[0.202s] [  0%] Built target visualization_msgs_generate_messages_eus
[0.209s] [  0%] Built target tf2_msgs_generate_messages_cpp
[0.212s] [  0%] Built target geometry_msgs_generate_messages_py
[0.220s] [  0%] Built target topic_tools_generate_messages_nodejs
[0.227s] [  0%] Built target actionlib_generate_messages_py
[0.228s] [  0%] Built target geometry_msgs_generate_messages_lisp
[0.233s] [  0%] Built target tf2_msgs_generate_messages_py
[0.239s] [  0%] Built target pcl_ros_gencfg
[0.256s] [  0%] Built target sensor_msgs_generate_messages_lisp
[0.266s] [  0%] Built target sensor_msgs_generate_messages_nodejs
[0.268s] [  0%] Built target sick_ldmrs_msgs_generate_messages_py
[0.268s] [  0%] Built target dynamic_reconfigure_generate_messages_lisp
[0.271s] [  0%] Built target pcl_msgs_generate_messages_cpp
[0.275s] [  0%] Built target roscpp_generate_messages_cpp
[0.276s] [  0%] Built target actionlib_generate_messages_cpp
[0.287s] [  0%] Built target pcl_msgs_generate_messages_eus
[0.295s] [  0%] Built target std_msgs_generate_messages_nodejs
[0.302s] [  0%] Built target bond_generate_messages_lisp
[0.306s] [  0%] Built target std_msgs_generate_messages_cpp
[0.309s] [  0%] Built target pcl_msgs_generate_messages_nodejs
[0.313s] [  0%] Built target sensor_msgs_generate_messages_cpp
[0.320s] [  0%] Built target nodelet_generate_messages_nodejs
[0.323s] [  0%] Built target sensor_msgs_generate_messages_py
[0.326s] [  0%] Built target sensor_msgs_generate_messages_eus
[0.329s] [  0%] Built target nodelet_generate_messages_py
[0.332s] [  0%] Built target std_srvs_generate_messages_eus
[0.349s] [  0%] Built target roscpp_generate_messages_lisp
[0.353s] [  0%] Built target geometry_msgs_generate_messages_nodejs
[0.357s] [  0%] Built target roscpp_generate_messages_nodejs
[0.361s] [  0%] Built target std_msgs_generate_messages_lisp
[0.361s] [  0%] Built target bond_generate_messages_eus
[0.365s] [  0%] Built target std_msgs_generate_messages_py
[0.373s] [  0%] Built target sick_ldmrs_msgs_generate_messages_eus
[0.382s] [  0%] Built target geometry_msgs_generate_messages_eus
[0.391s] [  0%] Built target rosgraph_msgs_generate_messages_cpp
[0.394s] [  0%] Built target roscpp_generate_messages_py
[0.401s] [  0%] Built target dynamic_reconfigure_generate_messages_cpp
[0.413s] [  0%] Built target rosgraph_msgs_generate_messages_eus
[0.418s] [  0%] Built target tf_generate_messages_py
[0.422s] [  0%] Built target topic_tools_generate_messages_eus
[0.424s] [  0%] Built target rosgraph_msgs_generate_messages_lisp
[0.425s] [  0%] Built target topic_tools_generate_messages_cpp
[0.428s] [  0%] Built target visualization_msgs_generate_messages_lisp
[0.433s] [  0%] Built target std_msgs_generate_messages_eus
[0.437s] [  0%] Built target rosgraph_msgs_generate_messages_nodejs
[0.460s] [  0%] Built target dynamic_reconfigure_generate_messages_py
[0.464s] [  0%] Built target dynamic_reconfigure_generate_messages_eus
[0.464s] [  0%] Built target tf2_msgs_generate_messages_lisp
[0.472s] [  0%] Built target nodelet_generate_messages_cpp
[0.473s] [  0%] Built target dynamic_reconfigure_generate_messages_nodejs
[0.480s] [  0%] Built target dynamic_reconfigure_gencfg
[0.481s] [  0%] Built target std_srvs_generate_messages_nodejs
[0.489s] [  0%] Built target bond_generate_messages_py
[0.502s] [  0%] Built target actionlib_generate_messages_lisp
[0.504s] [  0%] Built target geometry_msgs_generate_messages_cpp
[0.513s] [  0%] Built target nodelet_generate_messages_eus
[0.517s] [  0%] Built target bond_generate_messages_cpp
[0.518s] [  0%] Built target rosgraph_msgs_generate_messages_py
[0.524s] [  0%] Built target nodelet_generate_messages_lisp
[0.527s] [  0%] Built target actionlib_msgs_generate_messages_eus
[0.550s] [  0%] Built target bond_generate_messages_nodejs
[0.558s] [  0%] Built target roscpp_generate_messages_eus
[0.562s] [  0%] Built target topic_tools_generate_messages_py
[0.569s] [  0%] Built target topic_tools_generate_messages_lisp
[0.584s] [  0%] Built target actionlib_msgs_generate_messages_nodejs
[0.584s] [  0%] Built target std_srvs_generate_messages_lisp
[0.592s] [  0%] Built target std_srvs_generate_messages_cpp
[0.609s] [  0%] Built target tf_generate_messages_eus
[0.610s] [  0%] Built target nodelet_topic_tools_gencfg
[0.613s] [  0%] Built target actionlib_msgs_generate_messages_cpp
[0.617s] [  0%] Built target std_srvs_generate_messages_py
[0.624s] [  0%] Built target tf_generate_messages_nodejs
[0.624s] [  0%] Built target actionlib_generate_messages_eus
[0.637s] [  0%] Built target tf_generate_messages_cpp
[0.639s] [  0%] Built target pcl_msgs_generate_messages_py
[0.644s] [  0%] Built target pcl_msgs_generate_messages_lisp
[0.648s] [  0%] Built target actionlib_generate_messages_nodejs
[0.660s] [  0%] Built target actionlib_msgs_generate_messages_lisp
[0.667s] [  0%] Built target tf_generate_messages_lisp
[0.714s] [ 12%] Built target sick_ldmrs_filter_last
[0.718s] [ 25%] Built target sick_ldmrs_filter_first
[0.722s] [ 37%] Built target sick_ldmrs_object_marker
[0.737s] [ 50%] Built target sick_ldmrs_filter_layer
[0.745s] [ 62%] Built target sick_ldmrs_make_organized
[0.754s] [ 75%] Built target sick_ldmrs_print_resolution
[0.769s] [100%] Built target sick_ldmrs_remove_background
[0.769s] [100%] Built target sick_ldmrs_all_layer_assembler
[0.785s] Invoked command in '/home/agilex/autoware.ai/build/sick_ldmrs_tools' returned '0': CMAKE_PREFIX_PATH=/home/agilex/autoware.ai/install/sick_ldmrs_driver:/home/agilex/autoware.ai/install/sick_ldmrs_msgs:/home/agilex/autoware.ai/install/sick_ldmrs_description:${CMAKE_PREFIX_PATH} LD_LIBRARY_PATH=/home/agilex/autoware.ai/install/sick_ldmrs_driver/lib:${LD_LIBRARY_PATH} PATH=/home/agilex/autoware.ai/install/sick_ldmrs_driver/bin:${PATH} PKG_CONFIG_PATH=/home/agilex/autoware.ai/install/sick_ldmrs_driver/lib/x86_64-linux-gnu/pkgconfig:/home/agilex/autoware.ai/install/sick_ldmrs_driver/lib/pkgconfig:/home/agilex/autoware.ai/install/sick_ldmrs_msgs/lib/x86_64-linux-gnu/pkgconfig:/home/agilex/autoware.ai/install/sick_ldmrs_msgs/lib/pkgconfig:/home/agilex/autoware.ai/install/sick_ldmrs_description/lib/x86_64-linux-gnu/pkgconfig:/home/agilex/autoware.ai/install/sick_ldmrs_description/lib/pkgconfig:${PKG_CONFIG_PATH} PYTHONPATH=/home/agilex/autoware.ai/install/sick_ldmrs_driver/lib/python2.7/dist-packages:/home/agilex/autoware.ai/install/sick_ldmrs_msgs/lib/python2.7/dist-packages:${PYTHONPATH} ROS_PACKAGE_PATH=/home/agilex/autoware.ai/install/sick_ldmrs_driver/share:/home/agilex/autoware.ai/install/sick_ldmrs_msgs/share:/home/agilex/autoware.ai/install/sick_ldmrs_description/share:${ROS_PACKAGE_PATH} /usr/bin/cmake --build /home/agilex/autoware.ai/build/sick_ldmrs_tools -- -j8 -l8
[1.445s] Invoking command in '/home/agilex/autoware.ai/build/sick_ldmrs_tools': CMAKE_PREFIX_PATH=/home/agilex/autoware.ai/install/sick_ldmrs_driver:/home/agilex/autoware.ai/install/sick_ldmrs_msgs:/home/agilex/autoware.ai/install/sick_ldmrs_description:${CMAKE_PREFIX_PATH} LD_LIBRARY_PATH=/home/agilex/autoware.ai/install/sick_ldmrs_driver/lib:${LD_LIBRARY_PATH} PATH=/home/agilex/autoware.ai/install/sick_ldmrs_driver/bin:${PATH} PKG_CONFIG_PATH=/home/agilex/autoware.ai/install/sick_ldmrs_driver/lib/x86_64-linux-gnu/pkgconfig:/home/agilex/autoware.ai/install/sick_ldmrs_driver/lib/pkgconfig:/home/agilex/autoware.ai/install/sick_ldmrs_msgs/lib/x86_64-linux-gnu/pkgconfig:/home/agilex/autoware.ai/install/sick_ldmrs_msgs/lib/pkgconfig:/home/agilex/autoware.ai/install/sick_ldmrs_description/lib/x86_64-linux-gnu/pkgconfig:/home/agilex/autoware.ai/install/sick_ldmrs_description/lib/pkgconfig:${PKG_CONFIG_PATH} PYTHONPATH=/home/agilex/autoware.ai/install/sick_ldmrs_driver/lib/python2.7/dist-packages:/home/agilex/autoware.ai/install/sick_ldmrs_msgs/lib/python2.7/dist-packages:${PYTHONPATH} ROS_PACKAGE_PATH=/home/agilex/autoware.ai/install/sick_ldmrs_driver/share:/home/agilex/autoware.ai/install/sick_ldmrs_msgs/share:/home/agilex/autoware.ai/install/sick_ldmrs_description/share:${ROS_PACKAGE_PATH} /usr/bin/cmake --build /home/agilex/autoware.ai/build/sick_ldmrs_tools --target tests -- -j8 -l8
[1.551s] Built target tests
[1.636s] Invoked command in '/home/agilex/autoware.ai/build/sick_ldmrs_tools' returned '0': CMAKE_PREFIX_PATH=/home/agilex/autoware.ai/install/sick_ldmrs_driver:/home/agilex/autoware.ai/install/sick_ldmrs_msgs:/home/agilex/autoware.ai/install/sick_ldmrs_description:${CMAKE_PREFIX_PATH} LD_LIBRARY_PATH=/home/agilex/autoware.ai/install/sick_ldmrs_driver/lib:${LD_LIBRARY_PATH} PATH=/home/agilex/autoware.ai/install/sick_ldmrs_driver/bin:${PATH} PKG_CONFIG_PATH=/home/agilex/autoware.ai/install/sick_ldmrs_driver/lib/x86_64-linux-gnu/pkgconfig:/home/agilex/autoware.ai/install/sick_ldmrs_driver/lib/pkgconfig:/home/agilex/autoware.ai/install/sick_ldmrs_msgs/lib/x86_64-linux-gnu/pkgconfig:/home/agilex/autoware.ai/install/sick_ldmrs_msgs/lib/pkgconfig:/home/agilex/autoware.ai/install/sick_ldmrs_description/lib/x86_64-linux-gnu/pkgconfig:/home/agilex/autoware.ai/install/sick_ldmrs_description/lib/pkgconfig:${PKG_CONFIG_PATH} PYTHONPATH=/home/agilex/autoware.ai/install/sick_ldmrs_driver/lib/python2.7/dist-packages:/home/agilex/autoware.ai/install/sick_ldmrs_msgs/lib/python2.7/dist-packages:${PYTHONPATH} ROS_PACKAGE_PATH=/home/agilex/autoware.ai/install/sick_ldmrs_driver/share:/home/agilex/autoware.ai/install/sick_ldmrs_msgs/share:/home/agilex/autoware.ai/install/sick_ldmrs_description/share:${ROS_PACKAGE_PATH} /usr/bin/cmake --build /home/agilex/autoware.ai/build/sick_ldmrs_tools --target tests -- -j8 -l8
[2.263s] Invoking command in '/home/agilex/autoware.ai/build/sick_ldmrs_tools': CMAKE_PREFIX_PATH=/home/agilex/autoware.ai/install/sick_ldmrs_driver:/home/agilex/autoware.ai/install/sick_ldmrs_msgs:/home/agilex/autoware.ai/install/sick_ldmrs_description:${CMAKE_PREFIX_PATH} LD_LIBRARY_PATH=/home/agilex/autoware.ai/install/sick_ldmrs_driver/lib:${LD_LIBRARY_PATH} PATH=/home/agilex/autoware.ai/install/sick_ldmrs_driver/bin:${PATH} PKG_CONFIG_PATH=/home/agilex/autoware.ai/install/sick_ldmrs_driver/lib/x86_64-linux-gnu/pkgconfig:/home/agilex/autoware.ai/install/sick_ldmrs_driver/lib/pkgconfig:/home/agilex/autoware.ai/install/sick_ldmrs_msgs/lib/x86_64-linux-gnu/pkgconfig:/home/agilex/autoware.ai/install/sick_ldmrs_msgs/lib/pkgconfig:/home/agilex/autoware.ai/install/sick_ldmrs_description/lib/x86_64-linux-gnu/pkgconfig:/home/agilex/autoware.ai/install/sick_ldmrs_description/lib/pkgconfig:${PKG_CONFIG_PATH} PYTHONPATH=/home/agilex/autoware.ai/install/sick_ldmrs_driver/lib/python2.7/dist-packages:/home/agilex/autoware.ai/install/sick_ldmrs_msgs/lib/python2.7/dist-packages:${PYTHONPATH} ROS_PACKAGE_PATH=/home/agilex/autoware.ai/install/sick_ldmrs_driver/share:/home/agilex/autoware.ai/install/sick_ldmrs_msgs/share:/home/agilex/autoware.ai/install/sick_ldmrs_description/share:${ROS_PACKAGE_PATH} /usr/bin/cmake --build /home/agilex/autoware.ai/build/sick_ldmrs_tools --target install -- -j8 -l8
[2.377s] [  0%] Built target sick_ldmrs_msgs_generate_messages_cpp
[2.384s] [  0%] Built target sick_ldmrs_msgs_generate_messages_lisp
[2.385s] [  0%] Built target tf2_msgs_generate_messages_nodejs
[2.396s] [  0%] Built target visualization_msgs_generate_messages_py
[2.401s] [  0%] Built target actionlib_msgs_generate_messages_py
[2.401s] [  0%] Built target visualization_msgs_generate_messages_eus
[2.405s] [  0%] Built target sick_ldmrs_msgs_generate_messages_nodejs
[2.410s] [  0%] Built target visualization_msgs_generate_messages_nodejs
[2.425s] [  0%] Built target visualization_msgs_generate_messages_cpp
[2.431s] [  0%] Built target tf2_msgs_generate_messages_cpp
[2.439s] [  0%] Built target tf2_msgs_generate_messages_eus
[2.442s] [  0%] Built target geometry_msgs_generate_messages_py
[2.445s] [  0%] Built target tf2_msgs_generate_messages_py
[2.448s] [  0%] Built target sick_ldmrs_msgs_generate_messages_py
[2.454s] [  0%] Built target topic_tools_generate_messages_nodejs
[2.455s] [  0%] Built target pcl_ros_gencfg
[2.459s] [  0%] Built target actionlib_generate_messages_py
[2.474s] [  0%] Built target geometry_msgs_generate_messages_lisp
[2.476s] [  0%] Built target roscpp_generate_messages_cpp
[2.486s] [  0%] Built target sensor_msgs_generate_messages_nodejs
[2.486s] [  0%] Built target pcl_msgs_generate_messages_eus
[2.494s] [  0%] Built target sensor_msgs_generate_messages_lisp
[2.501s] [  0%] Built target pcl_msgs_generate_messages_cpp
[2.501s] [  0%] Built target actionlib_generate_messages_cpp
[2.507s] [  0%] Built target dynamic_reconfigure_generate_messages_lisp
[2.512s] [  0%] Built target pcl_msgs_generate_messages_nodejs
[2.521s] [  0%] Built target std_msgs_generate_messages_nodejs
[2.527s] [  0%] Built target bond_generate_messages_lisp
[2.528s] [  0%] Built target sensor_msgs_generate_messages_eus
[2.530s] [  0%] Built target nodelet_generate_messages_nodejs
[2.531s] [  0%] Built target std_msgs_generate_messages_cpp
[2.545s] [  0%] Built target sensor_msgs_generate_messages_py
[2.546s] [  0%] Built target sensor_msgs_generate_messages_cpp
[2.555s] [  0%] Built target nodelet_generate_messages_py
[2.557s] [  0%] Built target roscpp_generate_messages_lisp
[2.570s] [  0%] Built target geometry_msgs_generate_messages_eus
[2.571s] [  0%] Built target bond_generate_messages_eus
[2.575s] [  0%] Built target roscpp_generate_messages_nodejs
[2.575s] [  0%] Built target std_srvs_generate_messages_eus
[2.589s] [  0%] Built target geometry_msgs_generate_messages_nodejs
[2.589s] [  0%] Built target std_msgs_generate_messages_lisp
[2.591s] [  0%] Built target roscpp_generate_messages_py
[2.601s] [  0%] Built target dynamic_reconfigure_generate_messages_cpp
[2.610s] [  0%] Built target sick_ldmrs_msgs_generate_messages_eus
[2.613s] [  0%] Built target tf_generate_messages_py
[2.623s] [  0%] Built target topic_tools_generate_messages_eus
[2.629s] [  0%] Built target rosgraph_msgs_generate_messages_cpp
[2.631s] [  0%] Built target std_msgs_generate_messages_py
[2.631s] [  0%] Built target topic_tools_generate_messages_cpp
[2.631s] [  0%] Built target rosgraph_msgs_generate_messages_eus
[2.640s] [  0%] Built target rosgraph_msgs_generate_messages_lisp
[2.652s] [  0%] Built target visualization_msgs_generate_messages_lisp
[2.658s] [  0%] Built target std_msgs_generate_messages_eus
[2.659s] [  0%] Built target dynamic_reconfigure_generate_messages_py
[2.660s] [  0%] Built target dynamic_reconfigure_generate_messages_eus
[2.683s] [  0%] Built target std_srvs_generate_messages_nodejs
[2.684s] [  0%] Built target tf2_msgs_generate_messages_lisp
[2.684s] [  0%] Built target dynamic_reconfigure_generate_messages_nodejs
[2.693s] [  0%] Built target dynamic_reconfigure_gencfg
[2.693s] [  0%] Built target geometry_msgs_generate_messages_cpp
[2.694s] [  0%] Built target rosgraph_msgs_generate_messages_nodejs
[2.694s] [  0%] Built target nodelet_generate_messages_cpp
[2.701s] [  0%] Built target bond_generate_messages_py
[2.716s] [  0%] Built target nodelet_generate_messages_eus
[2.729s] [  0%] Built target bond_generate_messages_cpp
[2.730s] [  0%] Built target rosgraph_msgs_generate_messages_py
[2.731s] [  0%] Built target roscpp_generate_messages_eus
[2.734s] [  0%] Built target nodelet_generate_messages_lisp
[2.743s] [  0%] Built target actionlib_msgs_generate_messages_eus
[2.744s] [  0%] Built target actionlib_msgs_generate_messages_nodejs
[2.744s] [  0%] Built target actionlib_generate_messages_lisp
[2.751s] [  0%] Built target topic_tools_generate_messages_py
[2.754s] [  0%] Built target topic_tools_generate_messages_lisp
[2.760s] [  0%] Built target bond_generate_messages_nodejs
[2.768s] [  0%] Built target std_srvs_generate_messages_lisp
[2.775s] [  0%] Built target actionlib_msgs_generate_messages_cpp
[2.775s] [  0%] Built target std_srvs_generate_messages_cpp
[2.779s] [  0%] Built target nodelet_topic_tools_gencfg
[2.781s] [  0%] Built target tf_generate_messages_eus
[2.788s] [  0%] Built target std_srvs_generate_messages_py
[2.794s] [  0%] Built target tf_generate_messages_lisp
[2.808s] [  0%] Built target actionlib_generate_messages_nodejs
[2.812s] [  0%] Built target pcl_msgs_generate_messages_py
[2.816s] [  0%] Built target tf_generate_messages_nodejs
[2.821s] [  0%] Built target actionlib_msgs_generate_messages_lisp
[2.822s] [  0%] Built target pcl_msgs_generate_messages_lisp
[2.823s] [  0%] Built target actionlib_generate_messages_eus
[2.824s] [  0%] Built target tf_generate_messages_cpp
[2.866s] [ 12%] Built target sick_ldmrs_print_resolution
[2.876s] [ 25%] Built target sick_ldmrs_object_marker
[2.885s] [ 37%] Built target sick_ldmrs_filter_first
[2.886s] [ 50%] Built target sick_ldmrs_make_organized
[2.889s] [ 62%] Built target sick_ldmrs_all_layer_assembler
[2.897s] [ 75%] Built target sick_ldmrs_filter_last
[2.901s] [ 87%] Built target sick_ldmrs_remove_background
[2.901s] [100%] Built target sick_ldmrs_filter_layer
[2.937s] [36mInstall the project...[0m
[2.946s] -- Install configuration: "Release"
[2.946s] -- Up-to-date: /home/agilex/autoware.ai/install/sick_ldmrs_tools/lib/pkgconfig/sick_ldmrs_tools.pc
[2.946s] -- Up-to-date: /home/agilex/autoware.ai/install/sick_ldmrs_tools/share/sick_ldmrs_tools/cmake/sick_ldmrs_toolsConfig.cmake
[2.946s] -- Up-to-date: /home/agilex/autoware.ai/install/sick_ldmrs_tools/share/sick_ldmrs_tools/cmake/sick_ldmrs_toolsConfig-version.cmake
[2.946s] -- Up-to-date: /home/agilex/autoware.ai/install/sick_ldmrs_tools/share/sick_ldmrs_tools/package.xml
[2.947s] -- Up-to-date: /home/agilex/autoware.ai/install/sick_ldmrs_tools/lib/sick_ldmrs_tools/sick_ldmrs_object_marker
[2.948s] -- Up-to-date: /home/agilex/autoware.ai/install/sick_ldmrs_tools/lib/sick_ldmrs_tools/sick_ldmrs_filter_layer
[2.951s] -- Up-to-date: /home/agilex/autoware.ai/install/sick_ldmrs_tools/lib/sick_ldmrs_tools/sick_ldmrs_filter_first
[2.953s] -- Up-to-date: /home/agilex/autoware.ai/install/sick_ldmrs_tools/lib/sick_ldmrs_tools/sick_ldmrs_filter_last
[2.953s] -- Up-to-date: /home/agilex/autoware.ai/install/sick_ldmrs_tools/lib/sick_ldmrs_tools/sick_ldmrs_all_layer_assembler
[2.953s] -- Up-to-date: /home/agilex/autoware.ai/install/sick_ldmrs_tools/lib/sick_ldmrs_tools/sick_ldmrs_make_organized
[2.954s] -- Up-to-date: /home/agilex/autoware.ai/install/sick_ldmrs_tools/lib/sick_ldmrs_tools/sick_ldmrs_remove_background
[2.955s] -- Up-to-date: /home/agilex/autoware.ai/install/sick_ldmrs_tools/lib/sick_ldmrs_tools/sick_ldmrs_print_resolution
[2.955s] -- Up-to-date: /home/agilex/autoware.ai/install/sick_ldmrs_tools/share/sick_ldmrs_tools/config
[2.955s] -- Up-to-date: /home/agilex/autoware.ai/install/sick_ldmrs_tools/share/sick_ldmrs_tools/config/sick_ldmrs.rviz
[2.955s] -- Up-to-date: /home/agilex/autoware.ai/install/sick_ldmrs_tools/share/sick_ldmrs_tools/launch
[2.955s] -- Up-to-date: /home/agilex/autoware.ai/install/sick_ldmrs_tools/share/sick_ldmrs_tools/launch/sick_ldmrs_demo.launch
[2.966s] Invoked command in '/home/agilex/autoware.ai/build/sick_ldmrs_tools' returned '0': CMAKE_PREFIX_PATH=/home/agilex/autoware.ai/install/sick_ldmrs_driver:/home/agilex/autoware.ai/install/sick_ldmrs_msgs:/home/agilex/autoware.ai/install/sick_ldmrs_description:${CMAKE_PREFIX_PATH} LD_LIBRARY_PATH=/home/agilex/autoware.ai/install/sick_ldmrs_driver/lib:${LD_LIBRARY_PATH} PATH=/home/agilex/autoware.ai/install/sick_ldmrs_driver/bin:${PATH} PKG_CONFIG_PATH=/home/agilex/autoware.ai/install/sick_ldmrs_driver/lib/x86_64-linux-gnu/pkgconfig:/home/agilex/autoware.ai/install/sick_ldmrs_driver/lib/pkgconfig:/home/agilex/autoware.ai/install/sick_ldmrs_msgs/lib/x86_64-linux-gnu/pkgconfig:/home/agilex/autoware.ai/install/sick_ldmrs_msgs/lib/pkgconfig:/home/agilex/autoware.ai/install/sick_ldmrs_description/lib/x86_64-linux-gnu/pkgconfig:/home/agilex/autoware.ai/install/sick_ldmrs_description/lib/pkgconfig:${PKG_CONFIG_PATH} PYTHONPATH=/home/agilex/autoware.ai/install/sick_ldmrs_driver/lib/python2.7/dist-packages:/home/agilex/autoware.ai/install/sick_ldmrs_msgs/lib/python2.7/dist-packages:${PYTHONPATH} ROS_PACKAGE_PATH=/home/agilex/autoware.ai/install/sick_ldmrs_driver/share:/home/agilex/autoware.ai/install/sick_ldmrs_msgs/share:/home/agilex/autoware.ai/install/sick_ldmrs_description/share:${ROS_PACKAGE_PATH} /usr/bin/cmake --build /home/agilex/autoware.ai/build/sick_ldmrs_tools --target install -- -j8 -l8
