Determining if the pthread_create exist failed with the following output:
Change Dir: /home/agilex/autoware.ai/build/vector_map_msgs/CMakeFiles/CMakeTmp

Run Build Command:"/usr/bin/make" "cmTC_83314/fast"
/usr/bin/make -f CMakeFiles/cmTC_83314.dir/build.make CMakeFiles/cmTC_83314.dir/build
make[1]: Entering directory '/home/agilex/autoware.ai/build/vector_map_msgs/CMakeFiles/CMakeTmp'
Building C object CMakeFiles/cmTC_83314.dir/CheckSymbolExists.c.o
/usr/bin/cc    -o CMakeFiles/cmTC_83314.dir/CheckSymbolExists.c.o   -c /home/agilex/autoware.ai/build/vector_map_msgs/CMakeFiles/CMakeTmp/CheckSymbolExists.c
Linking C executable cmTC_83314
/usr/bin/cmake -E cmake_link_script CMakeFiles/cmTC_83314.dir/link.txt --verbose=1
/usr/bin/cc      -rdynamic CMakeFiles/cmTC_83314.dir/CheckSymbolExists.c.o  -o cmTC_83314 
CMakeFiles/cmTC_83314.dir/CheckSymbolExists.c.o: In function `main':
CheckSymbolExists.c:(.text+0x1b): undefined reference to `pthread_create'
collect2: error: ld returned 1 exit status
CMakeFiles/cmTC_83314.dir/build.make:97: recipe for target 'cmTC_83314' failed
make[1]: *** [cmTC_83314] Error 1
make[1]: Leaving directory '/home/agilex/autoware.ai/build/vector_map_msgs/CMakeFiles/CMakeTmp'
Makefile:126: recipe for target 'cmTC_83314/fast' failed
make: *** [cmTC_83314/fast] Error 2

File /home/agilex/autoware.ai/build/vector_map_msgs/CMakeFiles/CMakeTmp/CheckSymbolExists.c:
/* */
#include <pthread.h>

int main(int argc, char** argv)
{
  (void)argv;
#ifndef pthread_create
  return ((int*)(&pthread_create))[argc];
#else
  (void)argc;
  return 0;
#endif
}

Determining if the function pthread_create exists in the pthreads failed with the following output:
Change Dir: /home/agilex/autoware.ai/build/vector_map_msgs/CMakeFiles/CMakeTmp

Run Build Command:"/usr/bin/make" "cmTC_2cefc/fast"
/usr/bin/make -f CMakeFiles/cmTC_2cefc.dir/build.make CMakeFiles/cmTC_2cefc.dir/build
make[1]: Entering directory '/home/agilex/autoware.ai/build/vector_map_msgs/CMakeFiles/CMakeTmp'
Building C object CMakeFiles/cmTC_2cefc.dir/CheckFunctionExists.c.o
/usr/bin/cc   -DCHECK_FUNCTION_EXISTS=pthread_create   -o CMakeFiles/cmTC_2cefc.dir/CheckFunctionExists.c.o   -c /usr/share/cmake-3.10/Modules/CheckFunctionExists.c
Linking C executable cmTC_2cefc
/usr/bin/cmake -E cmake_link_script CMakeFiles/cmTC_2cefc.dir/link.txt --verbose=1
/usr/bin/cc  -DCHECK_FUNCTION_EXISTS=pthread_create    -rdynamic CMakeFiles/cmTC_2cefc.dir/CheckFunctionExists.c.o  -o cmTC_2cefc -lpthreads 
/usr/bin/ld: cannot find -lpthreads
collect2: error: ld returned 1 exit status
CMakeFiles/cmTC_2cefc.dir/build.make:97: recipe for target 'cmTC_2cefc' failed
make[1]: *** [cmTC_2cefc] Error 1
make[1]: Leaving directory '/home/agilex/autoware.ai/build/vector_map_msgs/CMakeFiles/CMakeTmp'
Makefile:126: recipe for target 'cmTC_2cefc/fast' failed
make: *** [cmTC_2cefc/fast] Error 2


