[0.071s] Invoking command in '/home/agilex/autoware.ai/build/op_local_planner': CMAKE_PREFIX_PATH=/home/agilex/autoware.ai/install/op_ros_helpers:/home/agilex/autoware.ai/install/op_simu:/home/agilex/autoware.ai/install/op_planner:/home/agilex/autoware.ai/install/op_utility:/home/agilex/autoware.ai/install/waypoint_follower:/home/agilex/autoware.ai/install/vector_map_server:/home/agilex/autoware.ai/install/map_file:/home/agilex/autoware.ai/install/vector_map:/home/agilex/autoware.ai/install/autoware_health_checker:/home/agilex/autoware.ai/install/amathutils_lib:/home/agilex/autoware.ai/install/vector_map_msgs:/home/agilex/autoware.ai/install/tablet_socket_msgs:/home/agilex/autoware.ai/install/autoware_system_msgs:/home/agilex/autoware.ai/install/autoware_msgs:/home/agilex/autoware.ai/install/autoware_config_msgs:/home/agilex/autoware.ai/install/autoware_can_msgs:/home/agilex/autoware.ai/install/autoware_build_flags:${CMAKE_PREFIX_PATH} LD_LIBRARY_PATH=/home/agilex/autoware.ai/install/op_ros_helpers/lib:/home/agilex/autoware.ai/install/op_simu/lib:/home/agilex/autoware.ai/install/op_planner/lib:/home/agilex/autoware.ai/install/op_utility/lib:/home/agilex/autoware.ai/install/waypoint_follower/lib:/home/agilex/autoware.ai/install/map_file/lib:/home/agilex/autoware.ai/install/vector_map/lib:/home/agilex/autoware.ai/install/autoware_health_checker/lib:/home/agilex/autoware.ai/install/amathutils_lib/lib:${LD_LIBRARY_PATH} PKG_CONFIG_PATH=/home/agilex/autoware.ai/install/op_ros_helpers/lib/x86_64-linux-gnu/pkgconfig:/home/agilex/autoware.ai/install/op_ros_helpers/lib/pkgconfig:/home/agilex/autoware.ai/install/op_simu/lib/x86_64-linux-gnu/pkgconfig:/home/agilex/autoware.ai/install/op_simu/lib/pkgconfig:/home/agilex/autoware.ai/install/op_planner/lib/x86_64-linux-gnu/pkgconfig:/home/agilex/autoware.ai/install/op_planner/lib/pkgconfig:/home/agilex/autoware.ai/install/op_utility/lib/x86_64-linux-gnu/pkgconfig:/home/agilex/autoware.ai/install/op_utility/lib/pkgconfig:/home/agilex/autoware.ai/install/waypoint_follower/lib/x86_64-linux-gnu/pkgconfig:/home/agilex/autoware.ai/install/waypoint_follower/lib/pkgconfig:/home/agilex/autoware.ai/install/vector_map_server/lib/x86_64-linux-gnu/pkgconfig:/home/agilex/autoware.ai/install/vector_map_server/lib/pkgconfig:/home/agilex/autoware.ai/install/map_file/lib/x86_64-linux-gnu/pkgconfig:/home/agilex/autoware.ai/install/map_file/lib/pkgconfig:/home/agilex/autoware.ai/install/vector_map/lib/x86_64-linux-gnu/pkgconfig:/home/agilex/autoware.ai/install/vector_map/lib/pkgconfig:/home/agilex/autoware.ai/install/autoware_health_checker/lib/x86_64-linux-gnu/pkgconfig:/home/agilex/autoware.ai/install/autoware_health_checker/lib/pkgconfig:/home/agilex/autoware.ai/install/amathutils_lib/lib/x86_64-linux-gnu/pkgconfig:/home/agilex/autoware.ai/install/amathutils_lib/lib/pkgconfig:/home/agilex/autoware.ai/install/vector_map_msgs/lib/x86_64-linux-gnu/pkgconfig:/home/agilex/autoware.ai/install/vector_map_msgs/lib/pkgconfig:/home/agilex/autoware.ai/install/tablet_socket_msgs/lib/x86_64-linux-gnu/pkgconfig:/home/agilex/autoware.ai/install/tablet_socket_msgs/lib/pkgconfig:/home/agilex/autoware.ai/install/autoware_system_msgs/lib/x86_64-linux-gnu/pkgconfig:/home/agilex/autoware.ai/install/autoware_system_msgs/lib/pkgconfig:/home/agilex/autoware.ai/install/autoware_msgs/lib/x86_64-linux-gnu/pkgconfig:/home/agilex/autoware.ai/install/autoware_msgs/lib/pkgconfig:/home/agilex/autoware.ai/install/autoware_config_msgs/lib/x86_64-linux-gnu/pkgconfig:/home/agilex/autoware.ai/install/autoware_config_msgs/lib/pkgconfig:/home/agilex/autoware.ai/install/autoware_can_msgs/lib/x86_64-linux-gnu/pkgconfig:/home/agilex/autoware.ai/install/autoware_can_msgs/lib/pkgconfig:/home/agilex/autoware.ai/install/autoware_build_flags/lib/x86_64-linux-gnu/pkgconfig:/home/agilex/autoware.ai/install/autoware_build_flags/lib/pkgconfig:${PKG_CONFIG_PATH} PYTHONPATH=/home/agilex/autoware.ai/install/vector_map_server/lib/python2.7/dist-packages:/home/agilex/autoware.ai/install/vector_map_msgs/lib/python2.7/dist-packages:/home/agilex/autoware.ai/install/tablet_socket_msgs/lib/python2.7/dist-packages:/home/agilex/autoware.ai/install/autoware_system_msgs/lib/python2.7/dist-packages:/home/agilex/autoware.ai/install/autoware_msgs/lib/python2.7/dist-packages:/home/agilex/autoware.ai/install/autoware_config_msgs/lib/python2.7/dist-packages:/home/agilex/autoware.ai/install/autoware_can_msgs/lib/python2.7/dist-packages:${PYTHONPATH} ROS_PACKAGE_PATH=/home/agilex/autoware.ai/install/op_ros_helpers/share:/home/agilex/autoware.ai/install/op_simu/share:/home/agilex/autoware.ai/install/op_planner/share:/home/agilex/autoware.ai/install/op_utility/share:/home/agilex/autoware.ai/install/waypoint_follower/share:/home/agilex/autoware.ai/install/vector_map_server/share:/home/agilex/autoware.ai/install/map_file/share:/home/agilex/autoware.ai/install/vector_map/share:/home/agilex/autoware.ai/install/autoware_health_checker/share:/home/agilex/autoware.ai/install/amathutils_lib/share:/home/agilex/autoware.ai/install/vector_map_msgs/share:/home/agilex/autoware.ai/install/tablet_socket_msgs/share:/home/agilex/autoware.ai/install/autoware_system_msgs/share:/home/agilex/autoware.ai/install/autoware_msgs/share:/home/agilex/autoware.ai/install/autoware_config_msgs/share:/home/agilex/autoware.ai/install/autoware_can_msgs/share:/home/agilex/autoware.ai/install/autoware_build_flags/share:${ROS_PACKAGE_PATH} /usr/bin/cmake /home/agilex/autoware.ai/src/autoware/core_planning/op_local_planner -DCMAKE_BUILD_TYPE=Release -DCATKIN_INSTALL_INTO_PREFIX_ROOT=0 -DCMAKE_INSTALL_PREFIX=/home/agilex/autoware.ai/install/op_local_planner
[0.149s] -- The C compiler identification is GNU 7.5.0
[0.214s] -- The CXX compiler identification is GNU 7.5.0
[0.219s] -- Check for working C compiler: /usr/bin/cc
[0.319s] -- Check for working C compiler: /usr/bin/cc -- works
[0.319s] -- Detecting C compiler ABI info
[0.406s] -- Detecting C compiler ABI info - done
[0.414s] -- Detecting C compile features
[0.693s] -- Detecting C compile features - done
[0.696s] -- Check for working CXX compiler: /usr/bin/c++
[0.781s] -- Check for working CXX compiler: /usr/bin/c++ -- works
[0.782s] -- Detecting CXX compiler ABI info
[0.899s] -- Detecting CXX compiler ABI info - done
[0.907s] -- Detecting CXX compile features
[1.271s] -- Detecting CXX compile features - done
[1.273s] -- CUDA compilation status: .
[1.308s] -- Using CATKIN_DEVEL_PREFIX: /home/agilex/autoware.ai/build/op_local_planner/devel
[1.309s] -- Using CMAKE_PREFIX_PATH: /home/agilex/autoware.ai/install/op_ros_helpers;/home/agilex/autoware.ai/install/op_simu;/home/agilex/autoware.ai/install/op_planner;/home/agilex/autoware.ai/install/op_utility;/home/agilex/autoware.ai/install/waypoint_follower;/home/agilex/autoware.ai/install/vector_map_server;/home/agilex/autoware.ai/install/map_file;/home/agilex/autoware.ai/install/vector_map;/home/agilex/autoware.ai/install/autoware_health_checker;/home/agilex/autoware.ai/install/amathutils_lib;/home/agilex/autoware.ai/install/vector_map_msgs;/home/agilex/autoware.ai/install/tablet_socket_msgs;/home/agilex/autoware.ai/install/autoware_system_msgs;/home/agilex/autoware.ai/install/autoware_msgs;/home/agilex/autoware.ai/install/autoware_config_msgs;/home/agilex/autoware.ai/install/autoware_can_msgs;/home/agilex/autoware.ai/install/autoware_build_flags;/opt/ros/melodic
[1.309s] -- This workspace overlays: /home/agilex/autoware.ai/install/op_ros_helpers;/home/agilex/autoware.ai/install/op_simu;/home/agilex/autoware.ai/install/op_planner;/home/agilex/autoware.ai/install/op_utility;/home/agilex/autoware.ai/install/waypoint_follower;/home/agilex/autoware.ai/install/vector_map_server;/home/agilex/autoware.ai/install/map_file;/home/agilex/autoware.ai/install/vector_map;/home/agilex/autoware.ai/install/autoware_health_checker;/home/agilex/autoware.ai/install/amathutils_lib;/home/agilex/autoware.ai/install/vector_map_msgs;/home/agilex/autoware.ai/install/tablet_socket_msgs;/home/agilex/autoware.ai/install/autoware_system_msgs;/home/agilex/autoware.ai/install/autoware_msgs;/home/agilex/autoware.ai/install/autoware_config_msgs;/home/agilex/autoware.ai/install/autoware_can_msgs;/home/agilex/autoware.ai/install/autoware_build_flags;/opt/ros/melodic
[1.327s] -- Found PythonInterp: /usr/bin/python2 (found suitable version "2.7.17", minimum required is "2") 
[1.327s] -- Using PYTHON_EXECUTABLE: /usr/bin/python2
[1.327s] -- Using Debian Python package layout
[1.328s] -- Using empy: /usr/bin/empy
[1.486s] -- Using CATKIN_ENABLE_TESTING: ON
[1.486s] -- Call enable_testing()
[1.488s] -- Using CATKIN_TEST_RESULTS_DIR: /home/agilex/autoware.ai/build/op_local_planner/test_results
[1.509s] -- Found gtest sources under '/usr/src/googletest': gtests will be built
[1.509s] -- Found gmock sources under '/usr/src/googletest': gmock will be built
[1.525s] -- Found PythonInterp: /usr/bin/python2 (found version "2.7.17") 
[1.525s] -- Looking for pthread.h
[1.596s] -- Looking for pthread.h - found
[1.597s] -- Looking for pthread_create
[1.663s] -- Looking for pthread_create - not found
[1.663s] -- Looking for pthread_create in pthreads
[1.719s] -- Looking for pthread_create in pthreads - not found
[1.719s] -- Looking for pthread_create in pthread
[1.785s] -- Looking for pthread_create in pthread - found
[1.787s] -- Found Threads: TRUE  
[1.792s] -- Using Python nosetests: /usr/bin/nosetests-2.7
[1.843s] -- catkin 0.7.29
[1.843s] -- BUILD_SHARED_LIBS is on
[2.581s] -- Using these message generators: gencpp;geneus;genlisp;gennodejs;genpy
[3.976s] -- Configuring done
[4.146s] -- Generating done
[4.161s] -- Build files have been written to: /home/agilex/autoware.ai/build/op_local_planner
[4.173s] Invoked command in '/home/agilex/autoware.ai/build/op_local_planner' returned '0': CMAKE_PREFIX_PATH=/home/agilex/autoware.ai/install/op_ros_helpers:/home/agilex/autoware.ai/install/op_simu:/home/agilex/autoware.ai/install/op_planner:/home/agilex/autoware.ai/install/op_utility:/home/agilex/autoware.ai/install/waypoint_follower:/home/agilex/autoware.ai/install/vector_map_server:/home/agilex/autoware.ai/install/map_file:/home/agilex/autoware.ai/install/vector_map:/home/agilex/autoware.ai/install/autoware_health_checker:/home/agilex/autoware.ai/install/amathutils_lib:/home/agilex/autoware.ai/install/vector_map_msgs:/home/agilex/autoware.ai/install/tablet_socket_msgs:/home/agilex/autoware.ai/install/autoware_system_msgs:/home/agilex/autoware.ai/install/autoware_msgs:/home/agilex/autoware.ai/install/autoware_config_msgs:/home/agilex/autoware.ai/install/autoware_can_msgs:/home/agilex/autoware.ai/install/autoware_build_flags:${CMAKE_PREFIX_PATH} LD_LIBRARY_PATH=/home/agilex/autoware.ai/install/op_ros_helpers/lib:/home/agilex/autoware.ai/install/op_simu/lib:/home/agilex/autoware.ai/install/op_planner/lib:/home/agilex/autoware.ai/install/op_utility/lib:/home/agilex/autoware.ai/install/waypoint_follower/lib:/home/agilex/autoware.ai/install/map_file/lib:/home/agilex/autoware.ai/install/vector_map/lib:/home/agilex/autoware.ai/install/autoware_health_checker/lib:/home/agilex/autoware.ai/install/amathutils_lib/lib:${LD_LIBRARY_PATH} PKG_CONFIG_PATH=/home/agilex/autoware.ai/install/op_ros_helpers/lib/x86_64-linux-gnu/pkgconfig:/home/agilex/autoware.ai/install/op_ros_helpers/lib/pkgconfig:/home/agilex/autoware.ai/install/op_simu/lib/x86_64-linux-gnu/pkgconfig:/home/agilex/autoware.ai/install/op_simu/lib/pkgconfig:/home/agilex/autoware.ai/install/op_planner/lib/x86_64-linux-gnu/pkgconfig:/home/agilex/autoware.ai/install/op_planner/lib/pkgconfig:/home/agilex/autoware.ai/install/op_utility/lib/x86_64-linux-gnu/pkgconfig:/home/agilex/autoware.ai/install/op_utility/lib/pkgconfig:/home/agilex/autoware.ai/install/waypoint_follower/lib/x86_64-linux-gnu/pkgconfig:/home/agilex/autoware.ai/install/waypoint_follower/lib/pkgconfig:/home/agilex/autoware.ai/install/vector_map_server/lib/x86_64-linux-gnu/pkgconfig:/home/agilex/autoware.ai/install/vector_map_server/lib/pkgconfig:/home/agilex/autoware.ai/install/map_file/lib/x86_64-linux-gnu/pkgconfig:/home/agilex/autoware.ai/install/map_file/lib/pkgconfig:/home/agilex/autoware.ai/install/vector_map/lib/x86_64-linux-gnu/pkgconfig:/home/agilex/autoware.ai/install/vector_map/lib/pkgconfig:/home/agilex/autoware.ai/install/autoware_health_checker/lib/x86_64-linux-gnu/pkgconfig:/home/agilex/autoware.ai/install/autoware_health_checker/lib/pkgconfig:/home/agilex/autoware.ai/install/amathutils_lib/lib/x86_64-linux-gnu/pkgconfig:/home/agilex/autoware.ai/install/amathutils_lib/lib/pkgconfig:/home/agilex/autoware.ai/install/vector_map_msgs/lib/x86_64-linux-gnu/pkgconfig:/home/agilex/autoware.ai/install/vector_map_msgs/lib/pkgconfig:/home/agilex/autoware.ai/install/tablet_socket_msgs/lib/x86_64-linux-gnu/pkgconfig:/home/agilex/autoware.ai/install/tablet_socket_msgs/lib/pkgconfig:/home/agilex/autoware.ai/install/autoware_system_msgs/lib/x86_64-linux-gnu/pkgconfig:/home/agilex/autoware.ai/install/autoware_system_msgs/lib/pkgconfig:/home/agilex/autoware.ai/install/autoware_msgs/lib/x86_64-linux-gnu/pkgconfig:/home/agilex/autoware.ai/install/autoware_msgs/lib/pkgconfig:/home/agilex/autoware.ai/install/autoware_config_msgs/lib/x86_64-linux-gnu/pkgconfig:/home/agilex/autoware.ai/install/autoware_config_msgs/lib/pkgconfig:/home/agilex/autoware.ai/install/autoware_can_msgs/lib/x86_64-linux-gnu/pkgconfig:/home/agilex/autoware.ai/install/autoware_can_msgs/lib/pkgconfig:/home/agilex/autoware.ai/install/autoware_build_flags/lib/x86_64-linux-gnu/pkgconfig:/home/agilex/autoware.ai/install/autoware_build_flags/lib/pkgconfig:${PKG_CONFIG_PATH} PYTHONPATH=/home/agilex/autoware.ai/install/vector_map_server/lib/python2.7/dist-packages:/home/agilex/autoware.ai/install/vector_map_msgs/lib/python2.7/dist-packages:/home/agilex/autoware.ai/install/tablet_socket_msgs/lib/python2.7/dist-packages:/home/agilex/autoware.ai/install/autoware_system_msgs/lib/python2.7/dist-packages:/home/agilex/autoware.ai/install/autoware_msgs/lib/python2.7/dist-packages:/home/agilex/autoware.ai/install/autoware_config_msgs/lib/python2.7/dist-packages:/home/agilex/autoware.ai/install/autoware_can_msgs/lib/python2.7/dist-packages:${PYTHONPATH} ROS_PACKAGE_PATH=/home/agilex/autoware.ai/install/op_ros_helpers/share:/home/agilex/autoware.ai/install/op_simu/share:/home/agilex/autoware.ai/install/op_planner/share:/home/agilex/autoware.ai/install/op_utility/share:/home/agilex/autoware.ai/install/waypoint_follower/share:/home/agilex/autoware.ai/install/vector_map_server/share:/home/agilex/autoware.ai/install/map_file/share:/home/agilex/autoware.ai/install/vector_map/share:/home/agilex/autoware.ai/install/autoware_health_checker/share:/home/agilex/autoware.ai/install/amathutils_lib/share:/home/agilex/autoware.ai/install/vector_map_msgs/share:/home/agilex/autoware.ai/install/tablet_socket_msgs/share:/home/agilex/autoware.ai/install/autoware_system_msgs/share:/home/agilex/autoware.ai/install/autoware_msgs/share:/home/agilex/autoware.ai/install/autoware_config_msgs/share:/home/agilex/autoware.ai/install/autoware_can_msgs/share:/home/agilex/autoware.ai/install/autoware_build_flags/share:${ROS_PACKAGE_PATH} /usr/bin/cmake /home/agilex/autoware.ai/src/autoware/core_planning/op_local_planner -DCMAKE_BUILD_TYPE=Release -DCATKIN_INSTALL_INTO_PREFIX_ROOT=0 -DCMAKE_INSTALL_PREFIX=/home/agilex/autoware.ai/install/op_local_planner
[4.174s] Invoking command in '/home/agilex/autoware.ai/build/op_local_planner': CMAKE_PREFIX_PATH=/home/agilex/autoware.ai/install/op_ros_helpers:/home/agilex/autoware.ai/install/op_simu:/home/agilex/autoware.ai/install/op_planner:/home/agilex/autoware.ai/install/op_utility:/home/agilex/autoware.ai/install/waypoint_follower:/home/agilex/autoware.ai/install/vector_map_server:/home/agilex/autoware.ai/install/map_file:/home/agilex/autoware.ai/install/vector_map:/home/agilex/autoware.ai/install/autoware_health_checker:/home/agilex/autoware.ai/install/amathutils_lib:/home/agilex/autoware.ai/install/vector_map_msgs:/home/agilex/autoware.ai/install/tablet_socket_msgs:/home/agilex/autoware.ai/install/autoware_system_msgs:/home/agilex/autoware.ai/install/autoware_msgs:/home/agilex/autoware.ai/install/autoware_config_msgs:/home/agilex/autoware.ai/install/autoware_can_msgs:/home/agilex/autoware.ai/install/autoware_build_flags:${CMAKE_PREFIX_PATH} LD_LIBRARY_PATH=/home/agilex/autoware.ai/install/op_ros_helpers/lib:/home/agilex/autoware.ai/install/op_simu/lib:/home/agilex/autoware.ai/install/op_planner/lib:/home/agilex/autoware.ai/install/op_utility/lib:/home/agilex/autoware.ai/install/waypoint_follower/lib:/home/agilex/autoware.ai/install/map_file/lib:/home/agilex/autoware.ai/install/vector_map/lib:/home/agilex/autoware.ai/install/autoware_health_checker/lib:/home/agilex/autoware.ai/install/amathutils_lib/lib:${LD_LIBRARY_PATH} PKG_CONFIG_PATH=/home/agilex/autoware.ai/install/op_ros_helpers/lib/x86_64-linux-gnu/pkgconfig:/home/agilex/autoware.ai/install/op_ros_helpers/lib/pkgconfig:/home/agilex/autoware.ai/install/op_simu/lib/x86_64-linux-gnu/pkgconfig:/home/agilex/autoware.ai/install/op_simu/lib/pkgconfig:/home/agilex/autoware.ai/install/op_planner/lib/x86_64-linux-gnu/pkgconfig:/home/agilex/autoware.ai/install/op_planner/lib/pkgconfig:/home/agilex/autoware.ai/install/op_utility/lib/x86_64-linux-gnu/pkgconfig:/home/agilex/autoware.ai/install/op_utility/lib/pkgconfig:/home/agilex/autoware.ai/install/waypoint_follower/lib/x86_64-linux-gnu/pkgconfig:/home/agilex/autoware.ai/install/waypoint_follower/lib/pkgconfig:/home/agilex/autoware.ai/install/vector_map_server/lib/x86_64-linux-gnu/pkgconfig:/home/agilex/autoware.ai/install/vector_map_server/lib/pkgconfig:/home/agilex/autoware.ai/install/map_file/lib/x86_64-linux-gnu/pkgconfig:/home/agilex/autoware.ai/install/map_file/lib/pkgconfig:/home/agilex/autoware.ai/install/vector_map/lib/x86_64-linux-gnu/pkgconfig:/home/agilex/autoware.ai/install/vector_map/lib/pkgconfig:/home/agilex/autoware.ai/install/autoware_health_checker/lib/x86_64-linux-gnu/pkgconfig:/home/agilex/autoware.ai/install/autoware_health_checker/lib/pkgconfig:/home/agilex/autoware.ai/install/amathutils_lib/lib/x86_64-linux-gnu/pkgconfig:/home/agilex/autoware.ai/install/amathutils_lib/lib/pkgconfig:/home/agilex/autoware.ai/install/vector_map_msgs/lib/x86_64-linux-gnu/pkgconfig:/home/agilex/autoware.ai/install/vector_map_msgs/lib/pkgconfig:/home/agilex/autoware.ai/install/tablet_socket_msgs/lib/x86_64-linux-gnu/pkgconfig:/home/agilex/autoware.ai/install/tablet_socket_msgs/lib/pkgconfig:/home/agilex/autoware.ai/install/autoware_system_msgs/lib/x86_64-linux-gnu/pkgconfig:/home/agilex/autoware.ai/install/autoware_system_msgs/lib/pkgconfig:/home/agilex/autoware.ai/install/autoware_msgs/lib/x86_64-linux-gnu/pkgconfig:/home/agilex/autoware.ai/install/autoware_msgs/lib/pkgconfig:/home/agilex/autoware.ai/install/autoware_config_msgs/lib/x86_64-linux-gnu/pkgconfig:/home/agilex/autoware.ai/install/autoware_config_msgs/lib/pkgconfig:/home/agilex/autoware.ai/install/autoware_can_msgs/lib/x86_64-linux-gnu/pkgconfig:/home/agilex/autoware.ai/install/autoware_can_msgs/lib/pkgconfig:/home/agilex/autoware.ai/install/autoware_build_flags/lib/x86_64-linux-gnu/pkgconfig:/home/agilex/autoware.ai/install/autoware_build_flags/lib/pkgconfig:${PKG_CONFIG_PATH} PYTHONPATH=/home/agilex/autoware.ai/install/vector_map_server/lib/python2.7/dist-packages:/home/agilex/autoware.ai/install/vector_map_msgs/lib/python2.7/dist-packages:/home/agilex/autoware.ai/install/tablet_socket_msgs/lib/python2.7/dist-packages:/home/agilex/autoware.ai/install/autoware_system_msgs/lib/python2.7/dist-packages:/home/agilex/autoware.ai/install/autoware_msgs/lib/python2.7/dist-packages:/home/agilex/autoware.ai/install/autoware_config_msgs/lib/python2.7/dist-packages:/home/agilex/autoware.ai/install/autoware_can_msgs/lib/python2.7/dist-packages:${PYTHONPATH} ROS_PACKAGE_PATH=/home/agilex/autoware.ai/install/op_ros_helpers/share:/home/agilex/autoware.ai/install/op_simu/share:/home/agilex/autoware.ai/install/op_planner/share:/home/agilex/autoware.ai/install/op_utility/share:/home/agilex/autoware.ai/install/waypoint_follower/share:/home/agilex/autoware.ai/install/vector_map_server/share:/home/agilex/autoware.ai/install/map_file/share:/home/agilex/autoware.ai/install/vector_map/share:/home/agilex/autoware.ai/install/autoware_health_checker/share:/home/agilex/autoware.ai/install/amathutils_lib/share:/home/agilex/autoware.ai/install/vector_map_msgs/share:/home/agilex/autoware.ai/install/tablet_socket_msgs/share:/home/agilex/autoware.ai/install/autoware_system_msgs/share:/home/agilex/autoware.ai/install/autoware_msgs/share:/home/agilex/autoware.ai/install/autoware_config_msgs/share:/home/agilex/autoware.ai/install/autoware_can_msgs/share:/home/agilex/autoware.ai/install/autoware_build_flags/share:${ROS_PACKAGE_PATH} /usr/bin/cmake --build /home/agilex/autoware.ai/build/op_local_planner -- -j8 -l8
[4.221s] [35m[1mScanning dependencies of target op_trajectory_evaluator[0m
[4.290s] [  7%] [32mBuilding CXX object CMakeFiles/op_trajectory_evaluator.dir/nodes/op_trajectory_evaluator/op_trajectory_evaluator.cpp.o[0m
[5.860s] [ 14%] [32mBuilding CXX object CMakeFiles/op_trajectory_evaluator.dir/nodes/op_trajectory_evaluator/op_trajectory_evaluator_core.cpp.o[0m
[15.262s] [ 21%] [32m[1mLinking CXX executable devel/lib/op_local_planner/op_trajectory_evaluator[0m
[15.598s] [ 21%] Built target op_trajectory_evaluator
[15.607s] [35m[1mScanning dependencies of target gazebo_msgs_generate_messages_lisp[0m
[15.616s] [ 21%] Built target gazebo_msgs_generate_messages_lisp
[15.624s] [35m[1mScanning dependencies of target autoware_system_msgs_generate_messages_eus[0m
[15.633s] [ 21%] Built target autoware_system_msgs_generate_messages_eus
[15.642s] [35m[1mScanning dependencies of target autoware_system_msgs_generate_messages_cpp[0m
[15.651s] [ 21%] Built target autoware_system_msgs_generate_messages_cpp
[15.660s] [35m[1mScanning dependencies of target tablet_socket_msgs_generate_messages_cpp[0m
[15.670s] [ 21%] Built target tablet_socket_msgs_generate_messages_cpp
[15.679s] [35m[1mScanning dependencies of target autoware_config_msgs_generate_messages_lisp[0m
[15.687s] [ 21%] Built target autoware_config_msgs_generate_messages_lisp
[15.696s] [35m[1mScanning dependencies of target autoware_config_msgs_generate_messages_eus[0m
[15.705s] [ 21%] Built target autoware_config_msgs_generate_messages_eus
[15.714s] [35m[1mScanning dependencies of target visualization_msgs_generate_messages_py[0m
[15.723s] [ 21%] Built target visualization_msgs_generate_messages_py
[15.731s] [35m[1mScanning dependencies of target tablet_socket_msgs_generate_messages_lisp[0m
[15.740s] [ 21%] Built target tablet_socket_msgs_generate_messages_lisp
[15.749s] [35m[1mScanning dependencies of target visualization_msgs_generate_messages_nodejs[0m
[15.758s] [ 21%] Built target visualization_msgs_generate_messages_nodejs
[15.767s] [35m[1mScanning dependencies of target autoware_msgs_generate_messages_nodejs[0m
[15.776s] [ 21%] Built target autoware_msgs_generate_messages_nodejs
[15.785s] [35m[1mScanning dependencies of target autoware_msgs_generate_messages_lisp[0m
[15.794s] [ 21%] Built target autoware_msgs_generate_messages_lisp
[15.803s] [35m[1mScanning dependencies of target autoware_msgs_generate_messages_eus[0m
[15.812s] [ 21%] Built target autoware_msgs_generate_messages_eus
[15.820s] [35m[1mScanning dependencies of target autoware_msgs_generate_messages_cpp[0m
[15.830s] [ 21%] Built target autoware_msgs_generate_messages_cpp
[15.840s] [35m[1mScanning dependencies of target vector_map_server_generate_messages_nodejs[0m
[15.849s] [ 21%] Built target vector_map_server_generate_messages_nodejs
[15.858s] [35m[1mScanning dependencies of target visualization_msgs_generate_messages_eus[0m
[15.867s] [ 21%] Built target visualization_msgs_generate_messages_eus
[15.876s] [35m[1mScanning dependencies of target vector_map_server_generate_messages_cpp[0m
[15.885s] [ 21%] Built target vector_map_server_generate_messages_cpp
[15.894s] [35m[1mScanning dependencies of target tablet_socket_msgs_generate_messages_py[0m
[15.903s] [ 21%] Built target tablet_socket_msgs_generate_messages_py
[15.912s] [35m[1mScanning dependencies of target jsk_footstep_msgs_generate_messages_py[0m
[15.921s] [ 21%] Built target jsk_footstep_msgs_generate_messages_py
[15.930s] [35m[1mScanning dependencies of target vector_map_server_generate_messages_lisp[0m
[15.939s] [ 21%] Built target vector_map_server_generate_messages_lisp
[15.948s] [35m[1mScanning dependencies of target jsk_footstep_msgs_generate_messages_nodejs[0m
[15.957s] [ 21%] Built target jsk_footstep_msgs_generate_messages_nodejs
[15.966s] [35m[1mScanning dependencies of target jsk_footstep_msgs_generate_messages_lisp[0m
[15.976s] [ 21%] Built target jsk_footstep_msgs_generate_messages_lisp
[15.985s] [35m[1mScanning dependencies of target jsk_footstep_msgs_generate_messages_eus[0m
[15.994s] [ 21%] Built target jsk_footstep_msgs_generate_messages_eus
[16.003s] [35m[1mScanning dependencies of target jsk_recognition_msgs_generate_messages_py[0m
[16.012s] [ 21%] Built target jsk_recognition_msgs_generate_messages_py
[16.022s] [35m[1mScanning dependencies of target jsk_recognition_msgs_generate_messages_lisp[0m
[16.031s] [ 21%] Built target jsk_recognition_msgs_generate_messages_lisp
[16.041s] [35m[1mScanning dependencies of target jsk_recognition_msgs_generate_messages_eus[0m
[16.050s] [ 21%] Built target jsk_recognition_msgs_generate_messages_eus
[16.060s] [35m[1mScanning dependencies of target tf2_msgs_generate_messages_nodejs[0m
[16.069s] [ 21%] Built target tf2_msgs_generate_messages_nodejs
[16.081s] [35m[1mScanning dependencies of target tablet_socket_msgs_generate_messages_eus[0m
[16.090s] [ 21%] Built target tablet_socket_msgs_generate_messages_eus
[16.099s] [35m[1mScanning dependencies of target visualization_msgs_generate_messages_cpp[0m
[16.109s] [ 21%] Built target visualization_msgs_generate_messages_cpp
[16.118s] [35m[1mScanning dependencies of target tf2_msgs_generate_messages_eus[0m
[16.128s] [ 21%] Built target tf2_msgs_generate_messages_eus
[16.137s] [35m[1mScanning dependencies of target tf2_msgs_generate_messages_cpp[0m
[16.146s] [ 21%] Built target tf2_msgs_generate_messages_cpp
[16.155s] [35m[1mScanning dependencies of target actionlib_msgs_generate_messages_py[0m
[16.165s] [ 21%] Built target actionlib_msgs_generate_messages_py
[16.174s] [35m[1mScanning dependencies of target autoware_system_msgs_generate_messages_nodejs[0m
[16.184s] [ 21%] Built target autoware_system_msgs_generate_messages_nodejs
[16.193s] [35m[1mScanning dependencies of target actionlib_msgs_generate_messages_lisp[0m
[16.202s] [ 21%] Built target actionlib_msgs_generate_messages_lisp
[16.211s] [35m[1mScanning dependencies of target tf2_msgs_generate_messages_py[0m
[16.221s] [ 21%] Built target tf2_msgs_generate_messages_py
[16.230s] [35m[1mScanning dependencies of target actionlib_generate_messages_py[0m
[16.239s] [ 21%] Built target actionlib_generate_messages_py
[16.248s] [35m[1mScanning dependencies of target actionlib_generate_messages_cpp[0m
[16.257s] [ 21%] Built target actionlib_generate_messages_cpp
[16.267s] [35m[1mScanning dependencies of target pcl_msgs_generate_messages_cpp[0m
[16.277s] [ 21%] Built target pcl_msgs_generate_messages_cpp
[16.286s] [35m[1mScanning dependencies of target op_trajectory_generator[0m
[16.349s] [ 28%] [32mBuilding CXX object CMakeFiles/op_trajectory_generator.dir/nodes/op_trajectory_generator/op_trajectory_generator.cpp.o[0m
[17.527s] [ 35%] [32mBuilding CXX object CMakeFiles/op_trajectory_generator.dir/nodes/op_trajectory_generator/op_trajectory_generator_core.cpp.o[0m
[22.349s] [35m[1mScanning dependencies of target gazebo_msgs_generate_messages_cpp[0m
[22.369s] [ 35%] Built target gazebo_msgs_generate_messages_cpp
[22.382s] [35m[1mScanning dependencies of target gazebo_msgs_generate_messages_eus[0m
[22.403s] [ 35%] Built target gazebo_msgs_generate_messages_eus
[22.413s] [35m[1mScanning dependencies of target dynamic_reconfigure_generate_messages_lisp[0m
[22.430s] [ 35%] Built target dynamic_reconfigure_generate_messages_lisp
[22.452s] [35m[1mScanning dependencies of target autoware_can_msgs_generate_messages_nodejs[0m
[22.472s] [ 35%] Built target autoware_can_msgs_generate_messages_nodejs
[22.483s] [35m[1mScanning dependencies of target autoware_can_msgs_generate_messages_cpp[0m
[22.494s] [ 35%] Built target autoware_can_msgs_generate_messages_cpp
[22.510s] [35m[1mScanning dependencies of target gazebo_msgs_generate_messages_py[0m
[22.524s] [ 35%] Built target gazebo_msgs_generate_messages_py
[22.542s] [35m[1mScanning dependencies of target geometry_msgs_generate_messages_py[0m
[22.555s] [ 35%] Built target geometry_msgs_generate_messages_py
[22.568s] [35m[1mScanning dependencies of target geometry_msgs_generate_messages_lisp[0m
[22.594s] [ 35%] Built target geometry_msgs_generate_messages_lisp
[22.608s] [35m[1mScanning dependencies of target actionlib_generate_messages_lisp[0m
[22.628s] [ 35%] Built target actionlib_generate_messages_lisp
[22.642s] [35m[1mScanning dependencies of target geometry_msgs_generate_messages_cpp[0m
[22.678s] [ 35%] Built target geometry_msgs_generate_messages_cpp
[22.690s] [35m[1mScanning dependencies of target rosgraph_msgs_generate_messages_lisp[0m
[22.715s] [ 35%] Built target rosgraph_msgs_generate_messages_lisp
[22.731s] [35m[1mScanning dependencies of target gazebo_msgs_generate_messages_nodejs[0m
[22.748s] [ 35%] Built target gazebo_msgs_generate_messages_nodejs
[22.765s] [35m[1mScanning dependencies of target rosgraph_msgs_generate_messages_eus[0m
[22.778s] [ 35%] Built target rosgraph_msgs_generate_messages_eus
[22.796s] [35m[1mScanning dependencies of target geometry_msgs_generate_messages_eus[0m
[22.814s] [ 35%] Built target geometry_msgs_generate_messages_eus
[22.824s] [35m[1mScanning dependencies of target roscpp_generate_messages_py[0m
[22.838s] [ 35%] Built target roscpp_generate_messages_py
[22.852s] [35m[1mScanning dependencies of target bond_generate_messages_eus[0m
[22.865s] [ 35%] Built target bond_generate_messages_eus
[22.883s] [35m[1mScanning dependencies of target sensor_msgs_generate_messages_lisp[0m
[22.894s] [ 35%] Built target sensor_msgs_generate_messages_lisp
[22.904s] [35m[1mScanning dependencies of target jsk_recognition_msgs_generate_messages_nodejs[0m
[22.917s] [ 35%] Built target jsk_recognition_msgs_generate_messages_nodejs
[22.938s] [35m[1mScanning dependencies of target roscpp_generate_messages_lisp[0m
[22.953s] [ 35%] Built target roscpp_generate_messages_lisp
[22.965s] [35m[1mScanning dependencies of target std_srvs_generate_messages_eus[0m
[22.987s] [ 35%] Built target std_srvs_generate_messages_eus
[23.010s] [35m[1mScanning dependencies of target rosgraph_msgs_generate_messages_cpp[0m
[23.023s] [ 35%] Built target rosgraph_msgs_generate_messages_cpp
[23.039s] [35m[1mScanning dependencies of target topic_tools_generate_messages_cpp[0m
[23.065s] [ 35%] Built target topic_tools_generate_messages_cpp
[23.088s] [35m[1mScanning dependencies of target autoware_system_msgs_generate_messages_lisp[0m
[23.129s] [ 35%] Built target autoware_system_msgs_generate_messages_lisp
[23.162s] [35m[1mScanning dependencies of target vector_map_msgs_generate_messages_lisp[0m
[23.181s] [ 35%] Built target vector_map_msgs_generate_messages_lisp
[23.203s] [35m[1mScanning dependencies of target std_srvs_generate_messages_cpp[0m
[23.262s] [ 35%] Built target std_srvs_generate_messages_cpp
[23.317s] [35m[1mScanning dependencies of target op_behavior_selector[0m
[23.480s] [ 42%] [32mBuilding CXX object CMakeFiles/op_behavior_selector.dir/nodes/op_behavior_selector/op_behavior_selector.cpp.o[0m
[24.494s] [35m[1mScanning dependencies of target vector_map_msgs_generate_messages_cpp[0m
[24.584s] [ 42%] Built target vector_map_msgs_generate_messages_cpp
[24.659s] [35m[1mScanning dependencies of target trajectory_msgs_generate_messages_cpp[0m
[24.726s] [ 42%] Built target trajectory_msgs_generate_messages_cpp
[24.790s] [35m[1mScanning dependencies of target vector_map_msgs_generate_messages_eus[0m
[24.893s] [ 42%] Built target vector_map_msgs_generate_messages_eus
[24.998s] [35m[1mScanning dependencies of target vector_map_server_generate_messages_py[0m
[25.091s] [ 42%] Built target vector_map_server_generate_messages_py
[25.138s] [35m[1mScanning dependencies of target actionlib_msgs_generate_messages_eus[0m
[25.190s] [ 42%] Built target actionlib_msgs_generate_messages_eus
[25.310s] [35m[1mScanning dependencies of target roscpp_generate_messages_eus[0m
[25.365s] [ 42%] Built target roscpp_generate_messages_eus
[25.438s] [35m[1mScanning dependencies of target autoware_can_msgs_generate_messages_eus[0m
[25.518s] [ 42%] Built target autoware_can_msgs_generate_messages_eus
[25.579s] [35m[1mScanning dependencies of target rosgraph_msgs_generate_messages_py[0m
[25.657s] [ 42%] Built target rosgraph_msgs_generate_messages_py
[25.748s] [35m[1mScanning dependencies of target autoware_config_msgs_generate_messages_cpp[0m
[25.818s] [ 42%] Built target autoware_config_msgs_generate_messages_cpp
[25.858s] [ 50%] [32m[1mLinking CXX executable devel/lib/op_local_planner/op_trajectory_generator[0m
[25.889s] [35m[1mScanning dependencies of target rosgraph_msgs_generate_messages_nodejs[0m
[25.945s] [35m[1mScanning dependencies of target visualization_msgs_generate_messages_lisp[0m
[25.953s] [ 50%] Built target rosgraph_msgs_generate_messages_nodejs
[26.013s] [35m[1mScanning dependencies of target trajectory_msgs_generate_messages_eus[0m
[26.022s] [ 50%] Built target visualization_msgs_generate_messages_lisp
[26.069s] [35m[1mScanning dependencies of target std_msgs_generate_messages_eus[0m
[26.069s] [ 50%] Built target trajectory_msgs_generate_messages_eus
[26.133s] [ 50%] Built target std_msgs_generate_messages_eus
[26.146s] [35m[1mScanning dependencies of target vector_map_msgs_generate_messages_py[0m
[26.178s] [35m[1mScanning dependencies of target roscpp_generate_messages_nodejs[0m
[26.186s] [ 50%] Built target vector_map_msgs_generate_messages_py
[26.230s] [35m[1mScanning dependencies of target std_msgs_generate_messages_lisp[0m
[26.238s] [ 50%] Built target roscpp_generate_messages_nodejs
[26.300s] [ 50%] Built target std_msgs_generate_messages_lisp
[26.308s] [35m[1mScanning dependencies of target std_msgs_generate_messages_nodejs[0m
[26.373s] [35m[1mScanning dependencies of target bond_generate_messages_lisp[0m
[26.377s] [ 50%] Built target std_msgs_generate_messages_nodejs
[26.389s] [ 57%] [32mBuilding CXX object CMakeFiles/op_behavior_selector.dir/nodes/op_behavior_selector/op_behavior_selector_core.cpp.o[0m
[26.398s] [ 57%] Built target op_trajectory_generator
[26.409s] [35m[1mScanning dependencies of target std_msgs_generate_messages_cpp[0m
[26.442s] [ 57%] Built target bond_generate_messages_lisp
[26.455s] [35m[1mScanning dependencies of target std_msgs_generate_messages_py[0m
[26.455s] [ 57%] Built target std_msgs_generate_messages_cpp
[26.491s] [35m[1mScanning dependencies of target geometry_msgs_generate_messages_nodejs[0m
[26.510s] [ 57%] Built target std_msgs_generate_messages_py
[26.529s] [35m[1mScanning dependencies of target vector_map_server_generate_messages_eus[0m
[26.562s] [ 57%] Built target geometry_msgs_generate_messages_nodejs
[26.586s] [35m[1mScanning dependencies of target roscpp_generate_messages_cpp[0m
[26.588s] [ 57%] Built target vector_map_server_generate_messages_eus
[26.596s] [35m[1mScanning dependencies of target autoware_system_msgs_generate_messages_py[0m
[26.646s] [35m[1mScanning dependencies of target sensor_msgs_generate_messages_nodejs[0m
[26.653s] [ 57%] Built target roscpp_generate_messages_cpp
[26.658s] [ 57%] Built target autoware_system_msgs_generate_messages_py
[26.705s] [35m[1mScanning dependencies of target pcl_msgs_generate_messages_eus[0m
[26.721s] [ 57%] Built target sensor_msgs_generate_messages_nodejs
[26.730s] [35m[1mScanning dependencies of target topic_tools_generate_messages_eus[0m
[26.773s] [ 57%] Built target pcl_msgs_generate_messages_eus
[26.781s] [35m[1mScanning dependencies of target pcl_msgs_generate_messages_nodejs[0m
[26.803s] [ 57%] Built target pcl_msgs_generate_messages_nodejs
[26.805s] [ 57%] Built target topic_tools_generate_messages_eus
[36.814s] [35m[1mScanning dependencies of target sensor_msgs_generate_messages_cpp[0m
[36.814s] [35m[1mScanning dependencies of target pcl_msgs_generate_messages_py[0m
[36.823s] [ 57%] Built target sensor_msgs_generate_messages_cpp
[36.823s] [ 57%] Built target pcl_msgs_generate_messages_py
[36.832s] [35m[1mScanning dependencies of target nodelet_generate_messages_nodejs[0m
[36.832s] [35m[1mScanning dependencies of target actionlib_generate_messages_eus[0m
[36.841s] [ 57%] Built target actionlib_generate_messages_eus
[36.841s] [ 57%] Built target nodelet_generate_messages_nodejs
[36.851s] [35m[1mScanning dependencies of target nodelet_generate_messages_py[0m
[36.852s] [35m[1mScanning dependencies of target sensor_msgs_generate_messages_eus[0m
[36.860s] [ 57%] Built target nodelet_generate_messages_py
[36.860s] [ 57%] Built target sensor_msgs_generate_messages_eus
[36.870s] [35m[1mScanning dependencies of target tablet_socket_msgs_generate_messages_nodejs[0m
[36.871s] [35m[1mScanning dependencies of target dynamic_reconfigure_generate_messages_cpp[0m
[36.880s] [ 57%] Built target dynamic_reconfigure_generate_messages_cpp
[36.880s] [ 57%] Built target tablet_socket_msgs_generate_messages_nodejs
[36.889s] [35m[1mScanning dependencies of target sensor_msgs_generate_messages_py[0m
[36.889s] [35m[1mScanning dependencies of target tf_generate_messages_py[0m
[36.898s] [ 57%] Built target tf_generate_messages_py
[36.898s] [35m[1mScanning dependencies of target topic_tools_generate_messages_nodejs[0m
[36.901s] [ 57%] Built target sensor_msgs_generate_messages_py
[36.907s] [35m[1mScanning dependencies of target pcl_ros_gencfg[0m
[36.907s] [ 57%] Built target topic_tools_generate_messages_nodejs
[36.910s] [35m[1mScanning dependencies of target dynamic_reconfigure_generate_messages_eus[0m
[36.917s] [35m[1mScanning dependencies of target autoware_can_msgs_generate_messages_py[0m
[36.921s] [ 57%] Built target pcl_ros_gencfg
[36.925s] [ 57%] Built target dynamic_reconfigure_generate_messages_eus
[36.927s] [ 57%] Built target autoware_can_msgs_generate_messages_py
[36.930s] [35m[1mScanning dependencies of target dynamic_reconfigure_generate_messages_nodejs[0m
[36.934s] [35m[1mScanning dependencies of target autoware_can_msgs_generate_messages_lisp[0m
[36.937s] [35m[1mScanning dependencies of target dynamic_reconfigure_generate_messages_py[0m
[36.942s] [ 57%] Built target dynamic_reconfigure_generate_messages_nodejs
[36.943s] [ 57%] Built target autoware_can_msgs_generate_messages_lisp
[36.948s] [ 57%] Built target dynamic_reconfigure_generate_messages_py
[36.952s] [35m[1mScanning dependencies of target tf2_msgs_generate_messages_lisp[0m
[36.952s] [35m[1mScanning dependencies of target dynamic_reconfigure_gencfg[0m
[36.957s] [35m[1mScanning dependencies of target nodelet_generate_messages_cpp[0m
[36.961s] [ 57%] Built target tf2_msgs_generate_messages_lisp
[36.963s] [ 57%] Built target dynamic_reconfigure_gencfg
[36.968s] [ 57%] Built target nodelet_generate_messages_cpp
[36.970s] [35m[1mScanning dependencies of target vector_map_msgs_generate_messages_nodejs[0m
[36.972s] [35m[1mScanning dependencies of target bond_generate_messages_py[0m
[36.977s] [35m[1mScanning dependencies of target std_srvs_generate_messages_nodejs[0m
[36.980s] [ 57%] Built target vector_map_msgs_generate_messages_nodejs
[36.983s] [ 57%] Built target bond_generate_messages_py
[36.987s] [ 57%] Built target std_srvs_generate_messages_nodejs
[36.989s] [35m[1mScanning dependencies of target nodelet_generate_messages_eus[0m
[36.993s] [35m[1mScanning dependencies of target autoware_msgs_generate_messages_py[0m
[36.996s] [35m[1mScanning dependencies of target nodelet_generate_messages_lisp[0m
[37.000s] [ 57%] Built target nodelet_generate_messages_eus
[37.002s] [ 57%] Built target autoware_msgs_generate_messages_py
[37.006s] [ 57%] Built target nodelet_generate_messages_lisp
[37.009s] [35m[1mScanning dependencies of target trajectory_msgs_generate_messages_lisp[0m
[37.011s] [35m[1mScanning dependencies of target bond_generate_messages_cpp[0m
[37.016s] [35m[1mScanning dependencies of target jsk_footstep_msgs_generate_messages_cpp[0m
[37.021s] [ 57%] Built target trajectory_msgs_generate_messages_lisp
[37.022s] [ 57%] Built target bond_generate_messages_cpp
[37.027s] [ 57%] Built target jsk_footstep_msgs_generate_messages_cpp
[37.030s] [35m[1mScanning dependencies of target actionlib_msgs_generate_messages_cpp[0m
[37.034s] [35m[1mScanning dependencies of target tf_generate_messages_eus[0m
[37.041s] [ 57%] Built target actionlib_msgs_generate_messages_cpp
[37.041s] [35m[1mScanning dependencies of target trajectory_msgs_generate_messages_nodejs[0m
[37.044s] [ 57%] Built target tf_generate_messages_eus
[37.050s] [ 57%] Built target trajectory_msgs_generate_messages_nodejs
[37.050s] [35m[1mScanning dependencies of target autoware_config_msgs_generate_messages_py[0m
[37.053s] [35m[1mScanning dependencies of target bond_generate_messages_nodejs[0m
[37.059s] [ 57%] Built target autoware_config_msgs_generate_messages_py
[37.059s] [35m[1mScanning dependencies of target actionlib_msgs_generate_messages_nodejs[0m
[37.062s] [ 57%] Built target bond_generate_messages_nodejs
[37.068s] [ 57%] Built target actionlib_msgs_generate_messages_nodejs
[37.069s] [35m[1mScanning dependencies of target topic_tools_generate_messages_py[0m
[37.076s] [35m[1mScanning dependencies of target nodelet_topic_tools_gencfg[0m
[37.077s] [35m[1mScanning dependencies of target std_srvs_generate_messages_lisp[0m
[37.082s] [ 57%] Built target topic_tools_generate_messages_py
[37.085s] [ 57%] Built target nodelet_topic_tools_gencfg
[37.087s] [ 57%] Built target std_srvs_generate_messages_lisp
[37.092s] [35m[1mScanning dependencies of target jsk_recognition_msgs_generate_messages_cpp[0m
[37.094s] [35m[1mScanning dependencies of target topic_tools_generate_messages_lisp[0m
[37.095s] [35m[1mScanning dependencies of target std_srvs_generate_messages_py[0m
[37.101s] [ 57%] Built target jsk_recognition_msgs_generate_messages_cpp
[37.104s] [ 57%] Built target topic_tools_generate_messages_lisp
[37.104s] [ 57%] Built target std_srvs_generate_messages_py
[37.112s] [35m[1mScanning dependencies of target actionlib_generate_messages_nodejs[0m
[37.114s] [35m[1mScanning dependencies of target pcl_msgs_generate_messages_lisp[0m
[37.117s] [35m[1mScanning dependencies of target tf_generate_messages_cpp[0m
[37.121s] [ 57%] Built target actionlib_generate_messages_nodejs
[37.125s] [ 57%] Built target pcl_msgs_generate_messages_lisp
[37.126s] [ 57%] Built target tf_generate_messages_cpp
[37.131s] [35m[1mScanning dependencies of target tf_generate_messages_lisp[0m
[37.134s] [35m[1mScanning dependencies of target autoware_config_msgs_generate_messages_nodejs[0m
[37.136s] [35m[1mScanning dependencies of target trajectory_msgs_generate_messages_py[0m
[37.140s] [ 57%] Built target tf_generate_messages_lisp
[37.143s] [ 57%] Built target autoware_config_msgs_generate_messages_nodejs
[37.147s] [ 57%] Built target trajectory_msgs_generate_messages_py
[37.149s] [35m[1mScanning dependencies of target tf_generate_messages_nodejs[0m
[37.153s] [35m[1mScanning dependencies of target op_motion_predictor[0m
[37.158s] [ 57%] Built target tf_generate_messages_nodejs
[37.211s] [ 64%] [32mBuilding CXX object CMakeFiles/op_motion_predictor.dir/nodes/op_motion_predictor/op_motion_predictor.cpp.o[0m
[37.213s] [ 71%] [32mBuilding CXX object CMakeFiles/op_motion_predictor.dir/nodes/op_motion_predictor/op_motion_predictor_core.cpp.o[0m
[39.114s] [ 78%] [32m[1mLinking CXX executable devel/lib/op_local_planner/op_behavior_selector[0m
[39.467s] [ 78%] Built target op_behavior_selector
[48.398s] [ 85%] [32m[1mLinking CXX executable devel/lib/op_local_planner/op_motion_predictor[0m
[48.702s] [ 85%] Built target op_motion_predictor
[48.710s] [35m[1mScanning dependencies of target op_common_params[0m
[48.729s] [ 92%] [32mBuilding CXX object CMakeFiles/op_common_params.dir/nodes/op_common_params/op_common_params.cpp.o[0m
[49.848s] [100%] [32m[1mLinking CXX executable devel/lib/op_local_planner/op_common_params[0m
[50.099s] [100%] Built target op_common_params
[50.107s] Invoked command in '/home/agilex/autoware.ai/build/op_local_planner' returned '0': CMAKE_PREFIX_PATH=/home/agilex/autoware.ai/install/op_ros_helpers:/home/agilex/autoware.ai/install/op_simu:/home/agilex/autoware.ai/install/op_planner:/home/agilex/autoware.ai/install/op_utility:/home/agilex/autoware.ai/install/waypoint_follower:/home/agilex/autoware.ai/install/vector_map_server:/home/agilex/autoware.ai/install/map_file:/home/agilex/autoware.ai/install/vector_map:/home/agilex/autoware.ai/install/autoware_health_checker:/home/agilex/autoware.ai/install/amathutils_lib:/home/agilex/autoware.ai/install/vector_map_msgs:/home/agilex/autoware.ai/install/tablet_socket_msgs:/home/agilex/autoware.ai/install/autoware_system_msgs:/home/agilex/autoware.ai/install/autoware_msgs:/home/agilex/autoware.ai/install/autoware_config_msgs:/home/agilex/autoware.ai/install/autoware_can_msgs:/home/agilex/autoware.ai/install/autoware_build_flags:${CMAKE_PREFIX_PATH} LD_LIBRARY_PATH=/home/agilex/autoware.ai/install/op_ros_helpers/lib:/home/agilex/autoware.ai/install/op_simu/lib:/home/agilex/autoware.ai/install/op_planner/lib:/home/agilex/autoware.ai/install/op_utility/lib:/home/agilex/autoware.ai/install/waypoint_follower/lib:/home/agilex/autoware.ai/install/map_file/lib:/home/agilex/autoware.ai/install/vector_map/lib:/home/agilex/autoware.ai/install/autoware_health_checker/lib:/home/agilex/autoware.ai/install/amathutils_lib/lib:${LD_LIBRARY_PATH} PKG_CONFIG_PATH=/home/agilex/autoware.ai/install/op_ros_helpers/lib/x86_64-linux-gnu/pkgconfig:/home/agilex/autoware.ai/install/op_ros_helpers/lib/pkgconfig:/home/agilex/autoware.ai/install/op_simu/lib/x86_64-linux-gnu/pkgconfig:/home/agilex/autoware.ai/install/op_simu/lib/pkgconfig:/home/agilex/autoware.ai/install/op_planner/lib/x86_64-linux-gnu/pkgconfig:/home/agilex/autoware.ai/install/op_planner/lib/pkgconfig:/home/agilex/autoware.ai/install/op_utility/lib/x86_64-linux-gnu/pkgconfig:/home/agilex/autoware.ai/install/op_utility/lib/pkgconfig:/home/agilex/autoware.ai/install/waypoint_follower/lib/x86_64-linux-gnu/pkgconfig:/home/agilex/autoware.ai/install/waypoint_follower/lib/pkgconfig:/home/agilex/autoware.ai/install/vector_map_server/lib/x86_64-linux-gnu/pkgconfig:/home/agilex/autoware.ai/install/vector_map_server/lib/pkgconfig:/home/agilex/autoware.ai/install/map_file/lib/x86_64-linux-gnu/pkgconfig:/home/agilex/autoware.ai/install/map_file/lib/pkgconfig:/home/agilex/autoware.ai/install/vector_map/lib/x86_64-linux-gnu/pkgconfig:/home/agilex/autoware.ai/install/vector_map/lib/pkgconfig:/home/agilex/autoware.ai/install/autoware_health_checker/lib/x86_64-linux-gnu/pkgconfig:/home/agilex/autoware.ai/install/autoware_health_checker/lib/pkgconfig:/home/agilex/autoware.ai/install/amathutils_lib/lib/x86_64-linux-gnu/pkgconfig:/home/agilex/autoware.ai/install/amathutils_lib/lib/pkgconfig:/home/agilex/autoware.ai/install/vector_map_msgs/lib/x86_64-linux-gnu/pkgconfig:/home/agilex/autoware.ai/install/vector_map_msgs/lib/pkgconfig:/home/agilex/autoware.ai/install/tablet_socket_msgs/lib/x86_64-linux-gnu/pkgconfig:/home/agilex/autoware.ai/install/tablet_socket_msgs/lib/pkgconfig:/home/agilex/autoware.ai/install/autoware_system_msgs/lib/x86_64-linux-gnu/pkgconfig:/home/agilex/autoware.ai/install/autoware_system_msgs/lib/pkgconfig:/home/agilex/autoware.ai/install/autoware_msgs/lib/x86_64-linux-gnu/pkgconfig:/home/agilex/autoware.ai/install/autoware_msgs/lib/pkgconfig:/home/agilex/autoware.ai/install/autoware_config_msgs/lib/x86_64-linux-gnu/pkgconfig:/home/agilex/autoware.ai/install/autoware_config_msgs/lib/pkgconfig:/home/agilex/autoware.ai/install/autoware_can_msgs/lib/x86_64-linux-gnu/pkgconfig:/home/agilex/autoware.ai/install/autoware_can_msgs/lib/pkgconfig:/home/agilex/autoware.ai/install/autoware_build_flags/lib/x86_64-linux-gnu/pkgconfig:/home/agilex/autoware.ai/install/autoware_build_flags/lib/pkgconfig:${PKG_CONFIG_PATH} PYTHONPATH=/home/agilex/autoware.ai/install/vector_map_server/lib/python2.7/dist-packages:/home/agilex/autoware.ai/install/vector_map_msgs/lib/python2.7/dist-packages:/home/agilex/autoware.ai/install/tablet_socket_msgs/lib/python2.7/dist-packages:/home/agilex/autoware.ai/install/autoware_system_msgs/lib/python2.7/dist-packages:/home/agilex/autoware.ai/install/autoware_msgs/lib/python2.7/dist-packages:/home/agilex/autoware.ai/install/autoware_config_msgs/lib/python2.7/dist-packages:/home/agilex/autoware.ai/install/autoware_can_msgs/lib/python2.7/dist-packages:${PYTHONPATH} ROS_PACKAGE_PATH=/home/agilex/autoware.ai/install/op_ros_helpers/share:/home/agilex/autoware.ai/install/op_simu/share:/home/agilex/autoware.ai/install/op_planner/share:/home/agilex/autoware.ai/install/op_utility/share:/home/agilex/autoware.ai/install/waypoint_follower/share:/home/agilex/autoware.ai/install/vector_map_server/share:/home/agilex/autoware.ai/install/map_file/share:/home/agilex/autoware.ai/install/vector_map/share:/home/agilex/autoware.ai/install/autoware_health_checker/share:/home/agilex/autoware.ai/install/amathutils_lib/share:/home/agilex/autoware.ai/install/vector_map_msgs/share:/home/agilex/autoware.ai/install/tablet_socket_msgs/share:/home/agilex/autoware.ai/install/autoware_system_msgs/share:/home/agilex/autoware.ai/install/autoware_msgs/share:/home/agilex/autoware.ai/install/autoware_config_msgs/share:/home/agilex/autoware.ai/install/autoware_can_msgs/share:/home/agilex/autoware.ai/install/autoware_build_flags/share:${ROS_PACKAGE_PATH} /usr/bin/cmake --build /home/agilex/autoware.ai/build/op_local_planner -- -j8 -l8
[50.194s] Invoking command in '/home/agilex/autoware.ai/build/op_local_planner': CMAKE_PREFIX_PATH=/home/agilex/autoware.ai/install/op_ros_helpers:/home/agilex/autoware.ai/install/op_simu:/home/agilex/autoware.ai/install/op_planner:/home/agilex/autoware.ai/install/op_utility:/home/agilex/autoware.ai/install/waypoint_follower:/home/agilex/autoware.ai/install/vector_map_server:/home/agilex/autoware.ai/install/map_file:/home/agilex/autoware.ai/install/vector_map:/home/agilex/autoware.ai/install/autoware_health_checker:/home/agilex/autoware.ai/install/amathutils_lib:/home/agilex/autoware.ai/install/vector_map_msgs:/home/agilex/autoware.ai/install/tablet_socket_msgs:/home/agilex/autoware.ai/install/autoware_system_msgs:/home/agilex/autoware.ai/install/autoware_msgs:/home/agilex/autoware.ai/install/autoware_config_msgs:/home/agilex/autoware.ai/install/autoware_can_msgs:/home/agilex/autoware.ai/install/autoware_build_flags:${CMAKE_PREFIX_PATH} LD_LIBRARY_PATH=/home/agilex/autoware.ai/install/op_ros_helpers/lib:/home/agilex/autoware.ai/install/op_simu/lib:/home/agilex/autoware.ai/install/op_planner/lib:/home/agilex/autoware.ai/install/op_utility/lib:/home/agilex/autoware.ai/install/waypoint_follower/lib:/home/agilex/autoware.ai/install/map_file/lib:/home/agilex/autoware.ai/install/vector_map/lib:/home/agilex/autoware.ai/install/autoware_health_checker/lib:/home/agilex/autoware.ai/install/amathutils_lib/lib:${LD_LIBRARY_PATH} PKG_CONFIG_PATH=/home/agilex/autoware.ai/install/op_ros_helpers/lib/x86_64-linux-gnu/pkgconfig:/home/agilex/autoware.ai/install/op_ros_helpers/lib/pkgconfig:/home/agilex/autoware.ai/install/op_simu/lib/x86_64-linux-gnu/pkgconfig:/home/agilex/autoware.ai/install/op_simu/lib/pkgconfig:/home/agilex/autoware.ai/install/op_planner/lib/x86_64-linux-gnu/pkgconfig:/home/agilex/autoware.ai/install/op_planner/lib/pkgconfig:/home/agilex/autoware.ai/install/op_utility/lib/x86_64-linux-gnu/pkgconfig:/home/agilex/autoware.ai/install/op_utility/lib/pkgconfig:/home/agilex/autoware.ai/install/waypoint_follower/lib/x86_64-linux-gnu/pkgconfig:/home/agilex/autoware.ai/install/waypoint_follower/lib/pkgconfig:/home/agilex/autoware.ai/install/vector_map_server/lib/x86_64-linux-gnu/pkgconfig:/home/agilex/autoware.ai/install/vector_map_server/lib/pkgconfig:/home/agilex/autoware.ai/install/map_file/lib/x86_64-linux-gnu/pkgconfig:/home/agilex/autoware.ai/install/map_file/lib/pkgconfig:/home/agilex/autoware.ai/install/vector_map/lib/x86_64-linux-gnu/pkgconfig:/home/agilex/autoware.ai/install/vector_map/lib/pkgconfig:/home/agilex/autoware.ai/install/autoware_health_checker/lib/x86_64-linux-gnu/pkgconfig:/home/agilex/autoware.ai/install/autoware_health_checker/lib/pkgconfig:/home/agilex/autoware.ai/install/amathutils_lib/lib/x86_64-linux-gnu/pkgconfig:/home/agilex/autoware.ai/install/amathutils_lib/lib/pkgconfig:/home/agilex/autoware.ai/install/vector_map_msgs/lib/x86_64-linux-gnu/pkgconfig:/home/agilex/autoware.ai/install/vector_map_msgs/lib/pkgconfig:/home/agilex/autoware.ai/install/tablet_socket_msgs/lib/x86_64-linux-gnu/pkgconfig:/home/agilex/autoware.ai/install/tablet_socket_msgs/lib/pkgconfig:/home/agilex/autoware.ai/install/autoware_system_msgs/lib/x86_64-linux-gnu/pkgconfig:/home/agilex/autoware.ai/install/autoware_system_msgs/lib/pkgconfig:/home/agilex/autoware.ai/install/autoware_msgs/lib/x86_64-linux-gnu/pkgconfig:/home/agilex/autoware.ai/install/autoware_msgs/lib/pkgconfig:/home/agilex/autoware.ai/install/autoware_config_msgs/lib/x86_64-linux-gnu/pkgconfig:/home/agilex/autoware.ai/install/autoware_config_msgs/lib/pkgconfig:/home/agilex/autoware.ai/install/autoware_can_msgs/lib/x86_64-linux-gnu/pkgconfig:/home/agilex/autoware.ai/install/autoware_can_msgs/lib/pkgconfig:/home/agilex/autoware.ai/install/autoware_build_flags/lib/x86_64-linux-gnu/pkgconfig:/home/agilex/autoware.ai/install/autoware_build_flags/lib/pkgconfig:${PKG_CONFIG_PATH} PYTHONPATH=/home/agilex/autoware.ai/install/vector_map_server/lib/python2.7/dist-packages:/home/agilex/autoware.ai/install/vector_map_msgs/lib/python2.7/dist-packages:/home/agilex/autoware.ai/install/tablet_socket_msgs/lib/python2.7/dist-packages:/home/agilex/autoware.ai/install/autoware_system_msgs/lib/python2.7/dist-packages:/home/agilex/autoware.ai/install/autoware_msgs/lib/python2.7/dist-packages:/home/agilex/autoware.ai/install/autoware_config_msgs/lib/python2.7/dist-packages:/home/agilex/autoware.ai/install/autoware_can_msgs/lib/python2.7/dist-packages:${PYTHONPATH} ROS_PACKAGE_PATH=/home/agilex/autoware.ai/install/op_ros_helpers/share:/home/agilex/autoware.ai/install/op_simu/share:/home/agilex/autoware.ai/install/op_planner/share:/home/agilex/autoware.ai/install/op_utility/share:/home/agilex/autoware.ai/install/waypoint_follower/share:/home/agilex/autoware.ai/install/vector_map_server/share:/home/agilex/autoware.ai/install/map_file/share:/home/agilex/autoware.ai/install/vector_map/share:/home/agilex/autoware.ai/install/autoware_health_checker/share:/home/agilex/autoware.ai/install/amathutils_lib/share:/home/agilex/autoware.ai/install/vector_map_msgs/share:/home/agilex/autoware.ai/install/tablet_socket_msgs/share:/home/agilex/autoware.ai/install/autoware_system_msgs/share:/home/agilex/autoware.ai/install/autoware_msgs/share:/home/agilex/autoware.ai/install/autoware_config_msgs/share:/home/agilex/autoware.ai/install/autoware_can_msgs/share:/home/agilex/autoware.ai/install/autoware_build_flags/share:${ROS_PACKAGE_PATH} /usr/bin/cmake --build /home/agilex/autoware.ai/build/op_local_planner --target tests -- -j8 -l8
[50.241s] [35m[1mScanning dependencies of target tests[0m
[50.249s] Built target tests
[50.258s] Invoked command in '/home/agilex/autoware.ai/build/op_local_planner' returned '0': CMAKE_PREFIX_PATH=/home/agilex/autoware.ai/install/op_ros_helpers:/home/agilex/autoware.ai/install/op_simu:/home/agilex/autoware.ai/install/op_planner:/home/agilex/autoware.ai/install/op_utility:/home/agilex/autoware.ai/install/waypoint_follower:/home/agilex/autoware.ai/install/vector_map_server:/home/agilex/autoware.ai/install/map_file:/home/agilex/autoware.ai/install/vector_map:/home/agilex/autoware.ai/install/autoware_health_checker:/home/agilex/autoware.ai/install/amathutils_lib:/home/agilex/autoware.ai/install/vector_map_msgs:/home/agilex/autoware.ai/install/tablet_socket_msgs:/home/agilex/autoware.ai/install/autoware_system_msgs:/home/agilex/autoware.ai/install/autoware_msgs:/home/agilex/autoware.ai/install/autoware_config_msgs:/home/agilex/autoware.ai/install/autoware_can_msgs:/home/agilex/autoware.ai/install/autoware_build_flags:${CMAKE_PREFIX_PATH} LD_LIBRARY_PATH=/home/agilex/autoware.ai/install/op_ros_helpers/lib:/home/agilex/autoware.ai/install/op_simu/lib:/home/agilex/autoware.ai/install/op_planner/lib:/home/agilex/autoware.ai/install/op_utility/lib:/home/agilex/autoware.ai/install/waypoint_follower/lib:/home/agilex/autoware.ai/install/map_file/lib:/home/agilex/autoware.ai/install/vector_map/lib:/home/agilex/autoware.ai/install/autoware_health_checker/lib:/home/agilex/autoware.ai/install/amathutils_lib/lib:${LD_LIBRARY_PATH} PKG_CONFIG_PATH=/home/agilex/autoware.ai/install/op_ros_helpers/lib/x86_64-linux-gnu/pkgconfig:/home/agilex/autoware.ai/install/op_ros_helpers/lib/pkgconfig:/home/agilex/autoware.ai/install/op_simu/lib/x86_64-linux-gnu/pkgconfig:/home/agilex/autoware.ai/install/op_simu/lib/pkgconfig:/home/agilex/autoware.ai/install/op_planner/lib/x86_64-linux-gnu/pkgconfig:/home/agilex/autoware.ai/install/op_planner/lib/pkgconfig:/home/agilex/autoware.ai/install/op_utility/lib/x86_64-linux-gnu/pkgconfig:/home/agilex/autoware.ai/install/op_utility/lib/pkgconfig:/home/agilex/autoware.ai/install/waypoint_follower/lib/x86_64-linux-gnu/pkgconfig:/home/agilex/autoware.ai/install/waypoint_follower/lib/pkgconfig:/home/agilex/autoware.ai/install/vector_map_server/lib/x86_64-linux-gnu/pkgconfig:/home/agilex/autoware.ai/install/vector_map_server/lib/pkgconfig:/home/agilex/autoware.ai/install/map_file/lib/x86_64-linux-gnu/pkgconfig:/home/agilex/autoware.ai/install/map_file/lib/pkgconfig:/home/agilex/autoware.ai/install/vector_map/lib/x86_64-linux-gnu/pkgconfig:/home/agilex/autoware.ai/install/vector_map/lib/pkgconfig:/home/agilex/autoware.ai/install/autoware_health_checker/lib/x86_64-linux-gnu/pkgconfig:/home/agilex/autoware.ai/install/autoware_health_checker/lib/pkgconfig:/home/agilex/autoware.ai/install/amathutils_lib/lib/x86_64-linux-gnu/pkgconfig:/home/agilex/autoware.ai/install/amathutils_lib/lib/pkgconfig:/home/agilex/autoware.ai/install/vector_map_msgs/lib/x86_64-linux-gnu/pkgconfig:/home/agilex/autoware.ai/install/vector_map_msgs/lib/pkgconfig:/home/agilex/autoware.ai/install/tablet_socket_msgs/lib/x86_64-linux-gnu/pkgconfig:/home/agilex/autoware.ai/install/tablet_socket_msgs/lib/pkgconfig:/home/agilex/autoware.ai/install/autoware_system_msgs/lib/x86_64-linux-gnu/pkgconfig:/home/agilex/autoware.ai/install/autoware_system_msgs/lib/pkgconfig:/home/agilex/autoware.ai/install/autoware_msgs/lib/x86_64-linux-gnu/pkgconfig:/home/agilex/autoware.ai/install/autoware_msgs/lib/pkgconfig:/home/agilex/autoware.ai/install/autoware_config_msgs/lib/x86_64-linux-gnu/pkgconfig:/home/agilex/autoware.ai/install/autoware_config_msgs/lib/pkgconfig:/home/agilex/autoware.ai/install/autoware_can_msgs/lib/x86_64-linux-gnu/pkgconfig:/home/agilex/autoware.ai/install/autoware_can_msgs/lib/pkgconfig:/home/agilex/autoware.ai/install/autoware_build_flags/lib/x86_64-linux-gnu/pkgconfig:/home/agilex/autoware.ai/install/autoware_build_flags/lib/pkgconfig:${PKG_CONFIG_PATH} PYTHONPATH=/home/agilex/autoware.ai/install/vector_map_server/lib/python2.7/dist-packages:/home/agilex/autoware.ai/install/vector_map_msgs/lib/python2.7/dist-packages:/home/agilex/autoware.ai/install/tablet_socket_msgs/lib/python2.7/dist-packages:/home/agilex/autoware.ai/install/autoware_system_msgs/lib/python2.7/dist-packages:/home/agilex/autoware.ai/install/autoware_msgs/lib/python2.7/dist-packages:/home/agilex/autoware.ai/install/autoware_config_msgs/lib/python2.7/dist-packages:/home/agilex/autoware.ai/install/autoware_can_msgs/lib/python2.7/dist-packages:${PYTHONPATH} ROS_PACKAGE_PATH=/home/agilex/autoware.ai/install/op_ros_helpers/share:/home/agilex/autoware.ai/install/op_simu/share:/home/agilex/autoware.ai/install/op_planner/share:/home/agilex/autoware.ai/install/op_utility/share:/home/agilex/autoware.ai/install/waypoint_follower/share:/home/agilex/autoware.ai/install/vector_map_server/share:/home/agilex/autoware.ai/install/map_file/share:/home/agilex/autoware.ai/install/vector_map/share:/home/agilex/autoware.ai/install/autoware_health_checker/share:/home/agilex/autoware.ai/install/amathutils_lib/share:/home/agilex/autoware.ai/install/vector_map_msgs/share:/home/agilex/autoware.ai/install/tablet_socket_msgs/share:/home/agilex/autoware.ai/install/autoware_system_msgs/share:/home/agilex/autoware.ai/install/autoware_msgs/share:/home/agilex/autoware.ai/install/autoware_config_msgs/share:/home/agilex/autoware.ai/install/autoware_can_msgs/share:/home/agilex/autoware.ai/install/autoware_build_flags/share:${ROS_PACKAGE_PATH} /usr/bin/cmake --build /home/agilex/autoware.ai/build/op_local_planner --target tests -- -j8 -l8
[50.341s] Invoking command in '/home/agilex/autoware.ai/build/op_local_planner': CMAKE_PREFIX_PATH=/home/agilex/autoware.ai/install/op_ros_helpers:/home/agilex/autoware.ai/install/op_simu:/home/agilex/autoware.ai/install/op_planner:/home/agilex/autoware.ai/install/op_utility:/home/agilex/autoware.ai/install/waypoint_follower:/home/agilex/autoware.ai/install/vector_map_server:/home/agilex/autoware.ai/install/map_file:/home/agilex/autoware.ai/install/vector_map:/home/agilex/autoware.ai/install/autoware_health_checker:/home/agilex/autoware.ai/install/amathutils_lib:/home/agilex/autoware.ai/install/vector_map_msgs:/home/agilex/autoware.ai/install/tablet_socket_msgs:/home/agilex/autoware.ai/install/autoware_system_msgs:/home/agilex/autoware.ai/install/autoware_msgs:/home/agilex/autoware.ai/install/autoware_config_msgs:/home/agilex/autoware.ai/install/autoware_can_msgs:/home/agilex/autoware.ai/install/autoware_build_flags:${CMAKE_PREFIX_PATH} LD_LIBRARY_PATH=/home/agilex/autoware.ai/install/op_ros_helpers/lib:/home/agilex/autoware.ai/install/op_simu/lib:/home/agilex/autoware.ai/install/op_planner/lib:/home/agilex/autoware.ai/install/op_utility/lib:/home/agilex/autoware.ai/install/waypoint_follower/lib:/home/agilex/autoware.ai/install/map_file/lib:/home/agilex/autoware.ai/install/vector_map/lib:/home/agilex/autoware.ai/install/autoware_health_checker/lib:/home/agilex/autoware.ai/install/amathutils_lib/lib:${LD_LIBRARY_PATH} PKG_CONFIG_PATH=/home/agilex/autoware.ai/install/op_ros_helpers/lib/x86_64-linux-gnu/pkgconfig:/home/agilex/autoware.ai/install/op_ros_helpers/lib/pkgconfig:/home/agilex/autoware.ai/install/op_simu/lib/x86_64-linux-gnu/pkgconfig:/home/agilex/autoware.ai/install/op_simu/lib/pkgconfig:/home/agilex/autoware.ai/install/op_planner/lib/x86_64-linux-gnu/pkgconfig:/home/agilex/autoware.ai/install/op_planner/lib/pkgconfig:/home/agilex/autoware.ai/install/op_utility/lib/x86_64-linux-gnu/pkgconfig:/home/agilex/autoware.ai/install/op_utility/lib/pkgconfig:/home/agilex/autoware.ai/install/waypoint_follower/lib/x86_64-linux-gnu/pkgconfig:/home/agilex/autoware.ai/install/waypoint_follower/lib/pkgconfig:/home/agilex/autoware.ai/install/vector_map_server/lib/x86_64-linux-gnu/pkgconfig:/home/agilex/autoware.ai/install/vector_map_server/lib/pkgconfig:/home/agilex/autoware.ai/install/map_file/lib/x86_64-linux-gnu/pkgconfig:/home/agilex/autoware.ai/install/map_file/lib/pkgconfig:/home/agilex/autoware.ai/install/vector_map/lib/x86_64-linux-gnu/pkgconfig:/home/agilex/autoware.ai/install/vector_map/lib/pkgconfig:/home/agilex/autoware.ai/install/autoware_health_checker/lib/x86_64-linux-gnu/pkgconfig:/home/agilex/autoware.ai/install/autoware_health_checker/lib/pkgconfig:/home/agilex/autoware.ai/install/amathutils_lib/lib/x86_64-linux-gnu/pkgconfig:/home/agilex/autoware.ai/install/amathutils_lib/lib/pkgconfig:/home/agilex/autoware.ai/install/vector_map_msgs/lib/x86_64-linux-gnu/pkgconfig:/home/agilex/autoware.ai/install/vector_map_msgs/lib/pkgconfig:/home/agilex/autoware.ai/install/tablet_socket_msgs/lib/x86_64-linux-gnu/pkgconfig:/home/agilex/autoware.ai/install/tablet_socket_msgs/lib/pkgconfig:/home/agilex/autoware.ai/install/autoware_system_msgs/lib/x86_64-linux-gnu/pkgconfig:/home/agilex/autoware.ai/install/autoware_system_msgs/lib/pkgconfig:/home/agilex/autoware.ai/install/autoware_msgs/lib/x86_64-linux-gnu/pkgconfig:/home/agilex/autoware.ai/install/autoware_msgs/lib/pkgconfig:/home/agilex/autoware.ai/install/autoware_config_msgs/lib/x86_64-linux-gnu/pkgconfig:/home/agilex/autoware.ai/install/autoware_config_msgs/lib/pkgconfig:/home/agilex/autoware.ai/install/autoware_can_msgs/lib/x86_64-linux-gnu/pkgconfig:/home/agilex/autoware.ai/install/autoware_can_msgs/lib/pkgconfig:/home/agilex/autoware.ai/install/autoware_build_flags/lib/x86_64-linux-gnu/pkgconfig:/home/agilex/autoware.ai/install/autoware_build_flags/lib/pkgconfig:${PKG_CONFIG_PATH} PYTHONPATH=/home/agilex/autoware.ai/install/vector_map_server/lib/python2.7/dist-packages:/home/agilex/autoware.ai/install/vector_map_msgs/lib/python2.7/dist-packages:/home/agilex/autoware.ai/install/tablet_socket_msgs/lib/python2.7/dist-packages:/home/agilex/autoware.ai/install/autoware_system_msgs/lib/python2.7/dist-packages:/home/agilex/autoware.ai/install/autoware_msgs/lib/python2.7/dist-packages:/home/agilex/autoware.ai/install/autoware_config_msgs/lib/python2.7/dist-packages:/home/agilex/autoware.ai/install/autoware_can_msgs/lib/python2.7/dist-packages:${PYTHONPATH} ROS_PACKAGE_PATH=/home/agilex/autoware.ai/install/op_ros_helpers/share:/home/agilex/autoware.ai/install/op_simu/share:/home/agilex/autoware.ai/install/op_planner/share:/home/agilex/autoware.ai/install/op_utility/share:/home/agilex/autoware.ai/install/waypoint_follower/share:/home/agilex/autoware.ai/install/vector_map_server/share:/home/agilex/autoware.ai/install/map_file/share:/home/agilex/autoware.ai/install/vector_map/share:/home/agilex/autoware.ai/install/autoware_health_checker/share:/home/agilex/autoware.ai/install/amathutils_lib/share:/home/agilex/autoware.ai/install/vector_map_msgs/share:/home/agilex/autoware.ai/install/tablet_socket_msgs/share:/home/agilex/autoware.ai/install/autoware_system_msgs/share:/home/agilex/autoware.ai/install/autoware_msgs/share:/home/agilex/autoware.ai/install/autoware_config_msgs/share:/home/agilex/autoware.ai/install/autoware_can_msgs/share:/home/agilex/autoware.ai/install/autoware_build_flags/share:${ROS_PACKAGE_PATH} /usr/bin/cmake --build /home/agilex/autoware.ai/build/op_local_planner --target install -- -j8 -l8
[50.385s] [  0%] Built target tf_generate_messages_nodejs
[50.385s] [  0%] Built target trajectory_msgs_generate_messages_eus
[50.388s] [  0%] Built target trajectory_msgs_generate_messages_py
[50.399s] [ 42%] Built target op_trajectory_evaluator
[50.399s] [ 42%] Built target op_motion_predictor
[50.402s] [ 42%] Built target gazebo_msgs_generate_messages_lisp
[50.403s] [ 42%] Built target autoware_system_msgs_generate_messages_eus
[50.405s] [ 42%] Built target autoware_system_msgs_generate_messages_cpp
[50.415s] [ 42%] Built target tablet_socket_msgs_generate_messages_cpp
[50.418s] [ 42%] Built target autoware_config_msgs_generate_messages_eus
[50.420s] [ 42%] Built target gazebo_msgs_generate_messages_eus
[50.421s] [ 42%] Built target visualization_msgs_generate_messages_py
[50.421s] [ 42%] Built target tablet_socket_msgs_generate_messages_lisp
[50.434s] [ 42%] Built target autoware_msgs_generate_messages_nodejs
[50.434s] [ 42%] Built target visualization_msgs_generate_messages_nodejs
[50.437s] [ 42%] Built target autoware_msgs_generate_messages_cpp
[50.437s] [ 42%] Built target autoware_msgs_generate_messages_eus
[50.437s] [ 42%] Built target autoware_msgs_generate_messages_lisp
[50.451s] [ 42%] Built target vector_map_server_generate_messages_nodejs
[50.452s] [ 42%] Built target autoware_config_msgs_generate_messages_lisp
[50.455s] [ 42%] Built target vector_map_server_generate_messages_cpp
[50.455s] [ 42%] Built target jsk_footstep_msgs_generate_messages_py
[50.457s] [ 42%] Built target visualization_msgs_generate_messages_eus
[50.469s] [ 42%] Built target vector_map_server_generate_messages_lisp
[50.470s] [ 42%] Built target jsk_footstep_msgs_generate_messages_nodejs
[50.472s] [ 42%] Built target jsk_footstep_msgs_generate_messages_lisp
[50.472s] [ 42%] Built target jsk_footstep_msgs_generate_messages_eus
[50.474s] [ 42%] Built target jsk_recognition_msgs_generate_messages_py
[50.487s] [ 42%] Built target jsk_recognition_msgs_generate_messages_lisp
[50.487s] [ 42%] Built target jsk_recognition_msgs_generate_messages_eus
[50.490s] [ 42%] Built target tf2_msgs_generate_messages_nodejs
[50.492s] [ 42%] Built target visualization_msgs_generate_messages_cpp
[50.492s] [ 42%] Built target tablet_socket_msgs_generate_messages_py
[50.503s] [ 42%] Built target tf2_msgs_generate_messages_eus
[50.504s] [ 42%] Built target tf2_msgs_generate_messages_cpp
[50.507s] [ 42%] Built target actionlib_msgs_generate_messages_py
[50.510s] [ 42%] Built target tablet_socket_msgs_generate_messages_eus
[50.510s] [ 42%] Built target autoware_system_msgs_generate_messages_nodejs
[50.518s] [ 42%] Built target tf2_msgs_generate_messages_py
[50.521s] [ 42%] Built target actionlib_generate_messages_py
[50.523s] [ 42%] Built target actionlib_generate_messages_cpp
[50.528s] [ 42%] Built target pcl_msgs_generate_messages_cpp
[50.529s] [ 42%] Built target actionlib_msgs_generate_messages_lisp
[50.537s] [ 42%] Built target gazebo_msgs_generate_messages_cpp
[50.537s] [ 42%] Built target dynamic_reconfigure_generate_messages_lisp
[50.542s] [ 42%] Built target autoware_can_msgs_generate_messages_nodejs
[50.545s] [ 42%] Built target autoware_can_msgs_generate_messages_cpp
[50.548s] [ 42%] Built target gazebo_msgs_generate_messages_py
[50.554s] [ 42%] Built target geometry_msgs_generate_messages_py
[50.561s] [ 42%] Built target actionlib_generate_messages_lisp
[50.562s] [ 42%] Built target geometry_msgs_generate_messages_cpp
[50.567s] [ 42%] Built target rosgraph_msgs_generate_messages_lisp
[50.567s] [ 64%] Built target op_trajectory_generator
[50.570s] [ 64%] Built target gazebo_msgs_generate_messages_nodejs
[50.578s] [ 64%] Built target geometry_msgs_generate_messages_eus
[50.584s] [ 64%] Built target rosgraph_msgs_generate_messages_eus
[50.585s] [ 64%] Built target roscpp_generate_messages_py
[50.585s] [ 64%] Built target geometry_msgs_generate_messages_lisp
[50.591s] [ 64%] Built target sensor_msgs_generate_messages_lisp
[50.596s] [ 64%] Built target jsk_recognition_msgs_generate_messages_nodejs
[50.600s] [ 64%] Built target std_srvs_generate_messages_eus
[50.601s] [ 64%] Built target roscpp_generate_messages_lisp
[50.601s] [ 64%] Built target bond_generate_messages_eus
[50.612s] [ 64%] Built target topic_tools_generate_messages_cpp
[50.615s] [ 64%] Built target autoware_system_msgs_generate_messages_lisp
[50.619s] [ 64%] Built target vector_map_msgs_generate_messages_lisp
[50.623s] [ 64%] Built target std_srvs_generate_messages_cpp
[50.629s] [ 64%] Built target vector_map_msgs_generate_messages_cpp
[50.631s] [ 64%] Built target vector_map_msgs_generate_messages_eus
[50.633s] [ 85%] Built target op_behavior_selector
[50.636s] [ 85%] Built target vector_map_server_generate_messages_py
[50.643s] [ 85%] Built target actionlib_msgs_generate_messages_eus
[50.646s] [ 85%] Built target roscpp_generate_messages_eus
[50.647s] [ 85%] Built target autoware_can_msgs_generate_messages_eus
[50.653s] [ 85%] Built target rosgraph_msgs_generate_messages_py
[50.660s] [ 85%] Built target autoware_config_msgs_generate_messages_cpp
[50.660s] [ 85%] Built target rosgraph_msgs_generate_messages_nodejs
[50.664s] [ 85%] Built target visualization_msgs_generate_messages_lisp
[50.668s] [ 85%] Built target vector_map_msgs_generate_messages_py
[50.668s] [ 85%] Built target std_msgs_generate_messages_eus
[50.676s] [ 85%] Built target std_msgs_generate_messages_lisp
[50.676s] [ 85%] Built target roscpp_generate_messages_nodejs
[50.683s] [ 85%] Built target std_msgs_generate_messages_nodejs
[50.688s] [ 85%] Built target rosgraph_msgs_generate_messages_cpp
[50.689s] [ 85%] Built target bond_generate_messages_lisp
[50.692s] [ 85%] Built target std_msgs_generate_messages_py
[50.693s] [ 85%] Built target geometry_msgs_generate_messages_nodejs
[50.703s] [ 85%] Built target vector_map_server_generate_messages_eus
[50.706s] [ 85%] Built target autoware_system_msgs_generate_messages_py
[50.706s] [ 85%] Built target roscpp_generate_messages_cpp
[50.707s] [ 85%] Built target sensor_msgs_generate_messages_nodejs
[50.712s] [ 85%] Built target pcl_msgs_generate_messages_eus
[50.720s] [ 85%] Built target topic_tools_generate_messages_eus
[50.721s] [ 85%] Built target std_msgs_generate_messages_cpp
[50.721s] [ 85%] Built target pcl_msgs_generate_messages_nodejs
[50.723s] [ 85%] Built target actionlib_generate_messages_eus
[50.729s] [ 85%] Built target pcl_msgs_generate_messages_py
[50.741s] [ 85%] Built target nodelet_generate_messages_py
[50.742s] [ 85%] Built target sensor_msgs_generate_messages_cpp
[50.742s] [ 85%] Built target sensor_msgs_generate_messages_eus
[50.743s] [ 85%] Built target sensor_msgs_generate_messages_py
[50.745s] [ 85%] Built target tablet_socket_msgs_generate_messages_nodejs
[50.758s] [ 85%] Built target dynamic_reconfigure_generate_messages_cpp
[50.758s] [ 85%] Built target pcl_ros_gencfg
[50.760s] [ 85%] Built target tf_generate_messages_py
[50.763s] [ 85%] Built target topic_tools_generate_messages_nodejs
[50.766s] [ 85%] Built target dynamic_reconfigure_generate_messages_eus
[50.775s] [ 85%] Built target autoware_can_msgs_generate_messages_py
[50.777s] [ 85%] Built target dynamic_reconfigure_generate_messages_nodejs
[50.777s] [ 85%] Built target autoware_can_msgs_generate_messages_lisp
[50.780s] [ 85%] Built target dynamic_reconfigure_generate_messages_py
[50.785s] [ 85%] Built target tf2_msgs_generate_messages_lisp
[50.791s] [ 85%] Built target dynamic_reconfigure_gencfg
[50.793s] [ 85%] Built target nodelet_generate_messages_cpp
[50.793s] [ 85%] Built target nodelet_generate_messages_nodejs
[50.798s] [ 85%] Built target bond_generate_messages_py
[50.807s] [ 85%] Built target std_srvs_generate_messages_nodejs
[50.810s] [ 85%] Built target nodelet_generate_messages_eus
[50.813s] [ 85%] Built target vector_map_msgs_generate_messages_nodejs
[50.813s] [ 85%] Built target autoware_msgs_generate_messages_py
[50.816s] [ 85%] Built target trajectory_msgs_generate_messages_lisp
[50.825s] [ 85%] Built target bond_generate_messages_cpp
[50.829s] [ 85%] Built target jsk_footstep_msgs_generate_messages_cpp
[50.832s] [ 85%] Built target actionlib_msgs_generate_messages_cpp
[50.833s] [ 85%] Built target trajectory_msgs_generate_messages_nodejs
[50.838s] [ 85%] Built target tf_generate_messages_eus
[50.845s] [ 85%] Built target autoware_config_msgs_generate_messages_py
[50.846s] [ 85%] Built target bond_generate_messages_nodejs
[50.852s] [ 85%] Built target actionlib_msgs_generate_messages_nodejs
[50.854s] [ 85%] Built target topic_tools_generate_messages_py
[50.858s] [ 85%] Built target nodelet_topic_tools_gencfg
[50.864s] [ 85%] Built target std_srvs_generate_messages_lisp
[50.867s] [ 85%] Built target jsk_recognition_msgs_generate_messages_cpp
[50.871s] [ 85%] Built target topic_tools_generate_messages_lisp
[50.873s] [ 85%] Built target std_srvs_generate_messages_py
[50.880s] [ 85%] Built target actionlib_generate_messages_nodejs
[50.883s] [ 85%] Built target pcl_msgs_generate_messages_lisp
[50.887s] [ 85%] Built target tf_generate_messages_cpp
[50.889s] [ 85%] Built target tf_generate_messages_lisp
[50.893s] [ 85%] Built target autoware_config_msgs_generate_messages_nodejs
[50.897s] [ 85%] Built target nodelet_generate_messages_lisp
[50.901s] [ 85%] Built target trajectory_msgs_generate_messages_cpp
[50.923s] [100%] Built target op_common_params
[50.941s] [36mInstall the project...[0m
[50.948s] -- Install configuration: "Release"
[50.948s] -- Installing: /home/agilex/autoware.ai/install/op_local_planner/lib/pkgconfig/op_local_planner.pc
[50.948s] -- Installing: /home/agilex/autoware.ai/install/op_local_planner/share/op_local_planner/cmake/op_local_plannerConfig.cmake
[50.948s] -- Installing: /home/agilex/autoware.ai/install/op_local_planner/share/op_local_planner/cmake/op_local_plannerConfig-version.cmake
[50.949s] -- Installing: /home/agilex/autoware.ai/install/op_local_planner/share/op_local_planner/package.xml
[50.949s] -- Installing: /home/agilex/autoware.ai/install/op_local_planner/lib/op_local_planner/op_common_params
[50.949s] -- Set runtime path of "/home/agilex/autoware.ai/install/op_local_planner/lib/op_local_planner/op_common_params" to ""
[50.949s] -- Installing: /home/agilex/autoware.ai/install/op_local_planner/lib/op_local_planner/op_trajectory_generator
[50.950s] -- Set runtime path of "/home/agilex/autoware.ai/install/op_local_planner/lib/op_local_planner/op_trajectory_generator" to ""
[50.950s] -- Installing: /home/agilex/autoware.ai/install/op_local_planner/lib/op_local_planner/op_trajectory_evaluator
[50.950s] -- Set runtime path of "/home/agilex/autoware.ai/install/op_local_planner/lib/op_local_planner/op_trajectory_evaluator" to ""
[50.950s] -- Installing: /home/agilex/autoware.ai/install/op_local_planner/lib/op_local_planner/op_behavior_selector
[50.951s] -- Set runtime path of "/home/agilex/autoware.ai/install/op_local_planner/lib/op_local_planner/op_behavior_selector" to ""
[50.951s] -- Installing: /home/agilex/autoware.ai/install/op_local_planner/lib/op_local_planner/op_motion_predictor
[50.952s] -- Set runtime path of "/home/agilex/autoware.ai/install/op_local_planner/lib/op_local_planner/op_motion_predictor" to ""
[50.952s] -- Installing: /home/agilex/autoware.ai/install/op_local_planner/share/op_local_planner/launch
[50.952s] -- Installing: /home/agilex/autoware.ai/install/op_local_planner/share/op_local_planner/launch/op_common_params.launch
[50.952s] -- Installing: /home/agilex/autoware.ai/install/op_local_planner/share/op_local_planner/launch/op_trajectory_evaluator.launch
[50.952s] -- Installing: /home/agilex/autoware.ai/install/op_local_planner/share/op_local_planner/launch/op_trajectory_generator.launch
[50.952s] -- Installing: /home/agilex/autoware.ai/install/op_local_planner/share/op_local_planner/launch/op_motion_predictor.launch
[50.952s] -- Installing: /home/agilex/autoware.ai/install/op_local_planner/share/op_local_planner/launch/op_behavior_selector.launch
[50.956s] Invoked command in '/home/agilex/autoware.ai/build/op_local_planner' returned '0': CMAKE_PREFIX_PATH=/home/agilex/autoware.ai/install/op_ros_helpers:/home/agilex/autoware.ai/install/op_simu:/home/agilex/autoware.ai/install/op_planner:/home/agilex/autoware.ai/install/op_utility:/home/agilex/autoware.ai/install/waypoint_follower:/home/agilex/autoware.ai/install/vector_map_server:/home/agilex/autoware.ai/install/map_file:/home/agilex/autoware.ai/install/vector_map:/home/agilex/autoware.ai/install/autoware_health_checker:/home/agilex/autoware.ai/install/amathutils_lib:/home/agilex/autoware.ai/install/vector_map_msgs:/home/agilex/autoware.ai/install/tablet_socket_msgs:/home/agilex/autoware.ai/install/autoware_system_msgs:/home/agilex/autoware.ai/install/autoware_msgs:/home/agilex/autoware.ai/install/autoware_config_msgs:/home/agilex/autoware.ai/install/autoware_can_msgs:/home/agilex/autoware.ai/install/autoware_build_flags:${CMAKE_PREFIX_PATH} LD_LIBRARY_PATH=/home/agilex/autoware.ai/install/op_ros_helpers/lib:/home/agilex/autoware.ai/install/op_simu/lib:/home/agilex/autoware.ai/install/op_planner/lib:/home/agilex/autoware.ai/install/op_utility/lib:/home/agilex/autoware.ai/install/waypoint_follower/lib:/home/agilex/autoware.ai/install/map_file/lib:/home/agilex/autoware.ai/install/vector_map/lib:/home/agilex/autoware.ai/install/autoware_health_checker/lib:/home/agilex/autoware.ai/install/amathutils_lib/lib:${LD_LIBRARY_PATH} PKG_CONFIG_PATH=/home/agilex/autoware.ai/install/op_ros_helpers/lib/x86_64-linux-gnu/pkgconfig:/home/agilex/autoware.ai/install/op_ros_helpers/lib/pkgconfig:/home/agilex/autoware.ai/install/op_simu/lib/x86_64-linux-gnu/pkgconfig:/home/agilex/autoware.ai/install/op_simu/lib/pkgconfig:/home/agilex/autoware.ai/install/op_planner/lib/x86_64-linux-gnu/pkgconfig:/home/agilex/autoware.ai/install/op_planner/lib/pkgconfig:/home/agilex/autoware.ai/install/op_utility/lib/x86_64-linux-gnu/pkgconfig:/home/agilex/autoware.ai/install/op_utility/lib/pkgconfig:/home/agilex/autoware.ai/install/waypoint_follower/lib/x86_64-linux-gnu/pkgconfig:/home/agilex/autoware.ai/install/waypoint_follower/lib/pkgconfig:/home/agilex/autoware.ai/install/vector_map_server/lib/x86_64-linux-gnu/pkgconfig:/home/agilex/autoware.ai/install/vector_map_server/lib/pkgconfig:/home/agilex/autoware.ai/install/map_file/lib/x86_64-linux-gnu/pkgconfig:/home/agilex/autoware.ai/install/map_file/lib/pkgconfig:/home/agilex/autoware.ai/install/vector_map/lib/x86_64-linux-gnu/pkgconfig:/home/agilex/autoware.ai/install/vector_map/lib/pkgconfig:/home/agilex/autoware.ai/install/autoware_health_checker/lib/x86_64-linux-gnu/pkgconfig:/home/agilex/autoware.ai/install/autoware_health_checker/lib/pkgconfig:/home/agilex/autoware.ai/install/amathutils_lib/lib/x86_64-linux-gnu/pkgconfig:/home/agilex/autoware.ai/install/amathutils_lib/lib/pkgconfig:/home/agilex/autoware.ai/install/vector_map_msgs/lib/x86_64-linux-gnu/pkgconfig:/home/agilex/autoware.ai/install/vector_map_msgs/lib/pkgconfig:/home/agilex/autoware.ai/install/tablet_socket_msgs/lib/x86_64-linux-gnu/pkgconfig:/home/agilex/autoware.ai/install/tablet_socket_msgs/lib/pkgconfig:/home/agilex/autoware.ai/install/autoware_system_msgs/lib/x86_64-linux-gnu/pkgconfig:/home/agilex/autoware.ai/install/autoware_system_msgs/lib/pkgconfig:/home/agilex/autoware.ai/install/autoware_msgs/lib/x86_64-linux-gnu/pkgconfig:/home/agilex/autoware.ai/install/autoware_msgs/lib/pkgconfig:/home/agilex/autoware.ai/install/autoware_config_msgs/lib/x86_64-linux-gnu/pkgconfig:/home/agilex/autoware.ai/install/autoware_config_msgs/lib/pkgconfig:/home/agilex/autoware.ai/install/autoware_can_msgs/lib/x86_64-linux-gnu/pkgconfig:/home/agilex/autoware.ai/install/autoware_can_msgs/lib/pkgconfig:/home/agilex/autoware.ai/install/autoware_build_flags/lib/x86_64-linux-gnu/pkgconfig:/home/agilex/autoware.ai/install/autoware_build_flags/lib/pkgconfig:${PKG_CONFIG_PATH} PYTHONPATH=/home/agilex/autoware.ai/install/vector_map_server/lib/python2.7/dist-packages:/home/agilex/autoware.ai/install/vector_map_msgs/lib/python2.7/dist-packages:/home/agilex/autoware.ai/install/tablet_socket_msgs/lib/python2.7/dist-packages:/home/agilex/autoware.ai/install/autoware_system_msgs/lib/python2.7/dist-packages:/home/agilex/autoware.ai/install/autoware_msgs/lib/python2.7/dist-packages:/home/agilex/autoware.ai/install/autoware_config_msgs/lib/python2.7/dist-packages:/home/agilex/autoware.ai/install/autoware_can_msgs/lib/python2.7/dist-packages:${PYTHONPATH} ROS_PACKAGE_PATH=/home/agilex/autoware.ai/install/op_ros_helpers/share:/home/agilex/autoware.ai/install/op_simu/share:/home/agilex/autoware.ai/install/op_planner/share:/home/agilex/autoware.ai/install/op_utility/share:/home/agilex/autoware.ai/install/waypoint_follower/share:/home/agilex/autoware.ai/install/vector_map_server/share:/home/agilex/autoware.ai/install/map_file/share:/home/agilex/autoware.ai/install/vector_map/share:/home/agilex/autoware.ai/install/autoware_health_checker/share:/home/agilex/autoware.ai/install/amathutils_lib/share:/home/agilex/autoware.ai/install/vector_map_msgs/share:/home/agilex/autoware.ai/install/tablet_socket_msgs/share:/home/agilex/autoware.ai/install/autoware_system_msgs/share:/home/agilex/autoware.ai/install/autoware_msgs/share:/home/agilex/autoware.ai/install/autoware_config_msgs/share:/home/agilex/autoware.ai/install/autoware_can_msgs/share:/home/agilex/autoware.ai/install/autoware_build_flags/share:${ROS_PACKAGE_PATH} /usr/bin/cmake --build /home/agilex/autoware.ai/build/op_local_planner --target install -- -j8 -l8
