[0.014s] Invoking command in '/home/agilex/autoware.ai/build/vision_lane_detect': CMAKE_PREFIX_PATH=/home/agilex/autoware.ai/install/autoware_msgs:${CMAKE_PREFIX_PATH} PKG_CONFIG_PATH=/home/agilex/autoware.ai/install/autoware_msgs/lib/x86_64-linux-gnu/pkgconfig:/home/agilex/autoware.ai/install/autoware_msgs/lib/pkgconfig:${PKG_CONFIG_PATH} PYTHONPATH=/home/agilex/autoware.ai/install/autoware_msgs/lib/python2.7/dist-packages:${PYTHONPATH} ROS_PACKAGE_PATH=/home/agilex/autoware.ai/install/autoware_msgs/share:${ROS_PACKAGE_PATH} /usr/bin/cmake /home/agilex/autoware.ai/src/autoware/core_perception/vision_lane_detect -DCMAKE_BUILD_TYPE=Release -DCATKIN_INSTALL_INTO_PREFIX_ROOT=0 -DCMAKE_INSTALL_PREFIX=/home/agilex/autoware.ai/install/vision_lane_detect
[0.101s] -- The C compiler identification is GNU 7.5.0
[0.155s] -- The CXX compiler identification is GNU 7.5.0
[0.160s] -- Check for working C compiler: /usr/bin/cc
[0.215s] -- Check for working C compiler: /usr/bin/cc -- works
[0.215s] -- Detecting C compiler ABI info
[0.281s] -- Detecting C compiler ABI info - done
[0.286s] -- Detecting C compile features
[0.481s] -- Detecting C compile features - done
[0.484s] -- Check for working CXX compiler: /usr/bin/c++
[0.561s] -- Check for working CXX compiler: /usr/bin/c++ -- works
[0.561s] -- Detecting CXX compiler ABI info
[0.629s] -- Detecting CXX compiler ABI info - done
[0.638s] -- Detecting CXX compile features
[0.948s] -- Detecting CXX compile features - done
[1.004s] -- Using CATKIN_DEVEL_PREFIX: /home/agilex/autoware.ai/build/vision_lane_detect/devel
[1.004s] -- Using CMAKE_PREFIX_PATH: /home/agilex/autoware.ai/install/autoware_msgs;/opt/ros/melodic
[1.004s] -- This workspace overlays: /home/agilex/autoware.ai/install/autoware_msgs;/opt/ros/melodic
[1.022s] -- Found PythonInterp: /usr/bin/python2 (found suitable version "2.7.17", minimum required is "2") 
[1.022s] -- Using PYTHON_EXECUTABLE: /usr/bin/python2
[1.023s] -- Using Debian Python package layout
[1.023s] -- Using empy: /usr/bin/empy
[1.174s] -- Using CATKIN_ENABLE_TESTING: ON
[1.174s] -- Call enable_testing()
[1.176s] -- Using CATKIN_TEST_RESULTS_DIR: /home/agilex/autoware.ai/build/vision_lane_detect/test_results
[1.193s] -- Found gtest sources under '/usr/src/googletest': gtests will be built
[1.193s] -- Found gmock sources under '/usr/src/googletest': gmock will be built
[1.206s] -- Found PythonInterp: /usr/bin/python2 (found version "2.7.17") 
[1.207s] -- Looking for pthread.h
[1.272s] -- Looking for pthread.h - found
[1.272s] -- Looking for pthread_create
[1.334s] -- Looking for pthread_create - not found
[1.334s] -- Looking for pthread_create in pthreads
[1.389s] -- Looking for pthread_create in pthreads - not found
[1.390s] -- Looking for pthread_create in pthread
[1.455s] -- Looking for pthread_create in pthread - found
[1.455s] -- Found Threads: TRUE  
[1.457s] -- Using Python nosetests: /usr/bin/nosetests-2.7
[1.499s] -- catkin 0.7.29
[1.499s] -- BUILD_SHARED_LIBS is on
[1.599s] -- Using these message generators: gencpp;geneus;genlisp;gennodejs;genpy
[1.741s] -- Found OpenCV: /usr (found version "3.2.0") 
[1.747s] -- Found OpenGL: /usr/lib/x86_64-linux-gnu/libOpenGL.so   
[1.867s] -- Configuring done
[1.899s] -- Generating done
[1.905s] -- Build files have been written to: /home/agilex/autoware.ai/build/vision_lane_detect
[1.910s] Invoked command in '/home/agilex/autoware.ai/build/vision_lane_detect' returned '0': CMAKE_PREFIX_PATH=/home/agilex/autoware.ai/install/autoware_msgs:${CMAKE_PREFIX_PATH} PKG_CONFIG_PATH=/home/agilex/autoware.ai/install/autoware_msgs/lib/x86_64-linux-gnu/pkgconfig:/home/agilex/autoware.ai/install/autoware_msgs/lib/pkgconfig:${PKG_CONFIG_PATH} PYTHONPATH=/home/agilex/autoware.ai/install/autoware_msgs/lib/python2.7/dist-packages:${PYTHONPATH} ROS_PACKAGE_PATH=/home/agilex/autoware.ai/install/autoware_msgs/share:${ROS_PACKAGE_PATH} /usr/bin/cmake /home/agilex/autoware.ai/src/autoware/core_perception/vision_lane_detect -DCMAKE_BUILD_TYPE=Release -DCATKIN_INSTALL_INTO_PREFIX_ROOT=0 -DCMAKE_INSTALL_PREFIX=/home/agilex/autoware.ai/install/vision_lane_detect
[1.913s] Invoking command in '/home/agilex/autoware.ai/build/vision_lane_detect': CMAKE_PREFIX_PATH=/home/agilex/autoware.ai/install/autoware_msgs:${CMAKE_PREFIX_PATH} PKG_CONFIG_PATH=/home/agilex/autoware.ai/install/autoware_msgs/lib/x86_64-linux-gnu/pkgconfig:/home/agilex/autoware.ai/install/autoware_msgs/lib/pkgconfig:${PKG_CONFIG_PATH} PYTHONPATH=/home/agilex/autoware.ai/install/autoware_msgs/lib/python2.7/dist-packages:${PYTHONPATH} ROS_PACKAGE_PATH=/home/agilex/autoware.ai/install/autoware_msgs/share:${ROS_PACKAGE_PATH} /usr/bin/cmake --build /home/agilex/autoware.ai/build/vision_lane_detect -- -j8 -l8
[1.951s] [35m[1mScanning dependencies of target jsk_footstep_msgs_generate_messages_nodejs[0m
[1.959s] [  0%] Built target jsk_footstep_msgs_generate_messages_nodejs
[1.968s] [35m[1mScanning dependencies of target actionlib_msgs_generate_messages_lisp[0m
[1.978s] [  0%] Built target actionlib_msgs_generate_messages_lisp
[1.988s] [35m[1mScanning dependencies of target sensor_msgs_generate_messages_cpp[0m
[1.996s] [  0%] Built target sensor_msgs_generate_messages_cpp
[2.005s] [35m[1mScanning dependencies of target std_msgs_generate_messages_lisp[0m
[2.014s] [  0%] Built target std_msgs_generate_messages_lisp
[2.022s] [35m[1mScanning dependencies of target sensor_msgs_generate_messages_eus[0m
[2.033s] [  0%] Built target sensor_msgs_generate_messages_eus
[2.043s] [35m[1mScanning dependencies of target pcl_msgs_generate_messages_py[0m
[2.051s] [  0%] Built target pcl_msgs_generate_messages_py
[2.059s] [35m[1mScanning dependencies of target std_msgs_generate_messages_nodejs[0m
[2.068s] [  0%] Built target std_msgs_generate_messages_nodejs
[2.077s] [35m[1mScanning dependencies of target roscpp_generate_messages_nodejs[0m
[2.086s] [  0%] Built target roscpp_generate_messages_nodejs
[2.097s] [35m[1mScanning dependencies of target roscpp_generate_messages_eus[0m
[2.110s] [  0%] Built target roscpp_generate_messages_eus
[2.119s] [35m[1mScanning dependencies of target geometry_msgs_generate_messages_eus[0m
[2.128s] [  0%] Built target geometry_msgs_generate_messages_eus
[2.137s] [35m[1mScanning dependencies of target std_msgs_generate_messages_eus[0m
[2.159s] [  0%] Built target std_msgs_generate_messages_eus
[2.172s] [35m[1mScanning dependencies of target autoware_msgs_generate_messages_nodejs[0m
[2.182s] [  0%] Built target autoware_msgs_generate_messages_nodejs
[2.192s] [35m[1mScanning dependencies of target pcl_msgs_generate_messages_lisp[0m
[2.199s] [  0%] Built target pcl_msgs_generate_messages_lisp
[2.207s] [35m[1mScanning dependencies of target autoware_msgs_generate_messages_eus[0m
[2.217s] [  0%] Built target autoware_msgs_generate_messages_eus
[2.227s] [35m[1mScanning dependencies of target sensor_msgs_generate_messages_lisp[0m
[2.236s] [  0%] Built target sensor_msgs_generate_messages_lisp
[2.244s] [35m[1mScanning dependencies of target jsk_recognition_msgs_generate_messages_cpp[0m
[2.254s] [  0%] Built target jsk_recognition_msgs_generate_messages_cpp
[2.264s] [35m[1mScanning dependencies of target pcl_msgs_generate_messages_cpp[0m
[2.273s] [  0%] Built target pcl_msgs_generate_messages_cpp
[2.281s] [35m[1mScanning dependencies of target rosgraph_msgs_generate_messages_cpp[0m
[2.290s] [  0%] Built target rosgraph_msgs_generate_messages_cpp
[2.298s] [35m[1mScanning dependencies of target autoware_msgs_generate_messages_cpp[0m
[2.306s] [  0%] Built target autoware_msgs_generate_messages_cpp
[2.319s] [35m[1mScanning dependencies of target geometry_msgs_generate_messages_nodejs[0m
[2.326s] [  0%] Built target geometry_msgs_generate_messages_nodejs
[2.335s] [35m[1mScanning dependencies of target std_msgs_generate_messages_py[0m
[2.344s] [  0%] Built target std_msgs_generate_messages_py
[2.351s] [35m[1mScanning dependencies of target autoware_msgs_generate_messages_py[0m
[2.360s] [  0%] Built target autoware_msgs_generate_messages_py
[2.368s] [35m[1mScanning dependencies of target geometry_msgs_generate_messages_lisp[0m
[2.380s] [  0%] Built target geometry_msgs_generate_messages_lisp
[2.387s] [35m[1mScanning dependencies of target geometry_msgs_generate_messages_cpp[0m
[2.397s] [  0%] Built target geometry_msgs_generate_messages_cpp
[2.406s] [35m[1mScanning dependencies of target std_msgs_generate_messages_cpp[0m
[2.415s] [  0%] Built target std_msgs_generate_messages_cpp
[2.425s] [35m[1mScanning dependencies of target jsk_footstep_msgs_generate_messages_py[0m
[2.435s] [  0%] Built target jsk_footstep_msgs_generate_messages_py
[2.444s] [35m[1mScanning dependencies of target actionlib_msgs_generate_messages_eus[0m
[2.455s] [  0%] Built target actionlib_msgs_generate_messages_eus
[2.463s] [35m[1mScanning dependencies of target autoware_msgs_generate_messages_lisp[0m
[2.472s] [  0%] Built target autoware_msgs_generate_messages_lisp
[2.481s] [35m[1mScanning dependencies of target roscpp_generate_messages_cpp[0m
[2.489s] [  0%] Built target roscpp_generate_messages_cpp
[2.500s] [35m[1mScanning dependencies of target sensor_msgs_generate_messages_nodejs[0m
[2.510s] [  0%] Built target sensor_msgs_generate_messages_nodejs
[2.525s] [35m[1mScanning dependencies of target sensor_msgs_generate_messages_py[0m
[2.535s] [  0%] Built target sensor_msgs_generate_messages_py
[2.544s] [35m[1mScanning dependencies of target jsk_recognition_msgs_generate_messages_eus[0m
[2.554s] [  0%] Built target jsk_recognition_msgs_generate_messages_eus
[2.562s] [35m[1mScanning dependencies of target actionlib_msgs_generate_messages_cpp[0m
[2.570s] [  0%] Built target actionlib_msgs_generate_messages_cpp
[2.582s] [35m[1mScanning dependencies of target jsk_recognition_msgs_generate_messages_lisp[0m
[2.595s] [  0%] Built target jsk_recognition_msgs_generate_messages_lisp
[2.605s] [35m[1mScanning dependencies of target rosgraph_msgs_generate_messages_eus[0m
[2.615s] [  0%] Built target rosgraph_msgs_generate_messages_eus
[2.624s] [35m[1mScanning dependencies of target jsk_recognition_msgs_generate_messages_nodejs[0m
[2.634s] [  0%] Built target jsk_recognition_msgs_generate_messages_nodejs
[2.643s] [35m[1mScanning dependencies of target pcl_msgs_generate_messages_eus[0m
[2.652s] [  0%] Built target pcl_msgs_generate_messages_eus
[2.664s] [35m[1mScanning dependencies of target jsk_recognition_msgs_generate_messages_py[0m
[2.676s] [  0%] Built target jsk_recognition_msgs_generate_messages_py
[2.685s] [35m[1mScanning dependencies of target pcl_msgs_generate_messages_nodejs[0m
[2.694s] [  0%] Built target pcl_msgs_generate_messages_nodejs
[2.708s] [35m[1mScanning dependencies of target geometry_msgs_generate_messages_py[0m
[2.721s] [  0%] Built target geometry_msgs_generate_messages_py
[2.731s] [35m[1mScanning dependencies of target jsk_footstep_msgs_generate_messages_cpp[0m
[2.744s] [  0%] Built target jsk_footstep_msgs_generate_messages_cpp
[2.756s] [35m[1mScanning dependencies of target actionlib_msgs_generate_messages_py[0m
[2.764s] [  0%] Built target actionlib_msgs_generate_messages_py
[2.772s] [35m[1mScanning dependencies of target jsk_footstep_msgs_generate_messages_eus[0m
[2.781s] [  0%] Built target jsk_footstep_msgs_generate_messages_eus
[2.792s] [35m[1mScanning dependencies of target jsk_footstep_msgs_generate_messages_lisp[0m
[2.802s] [  0%] Built target jsk_footstep_msgs_generate_messages_lisp
[2.811s] [35m[1mScanning dependencies of target actionlib_msgs_generate_messages_nodejs[0m
[2.820s] [  0%] Built target actionlib_msgs_generate_messages_nodejs
[2.833s] [35m[1mScanning dependencies of target roscpp_generate_messages_lisp[0m
[2.842s] [  0%] Built target roscpp_generate_messages_lisp
[2.852s] [35m[1mScanning dependencies of target roscpp_generate_messages_py[0m
[2.861s] [  0%] Built target roscpp_generate_messages_py
[2.874s] [35m[1mScanning dependencies of target rosgraph_msgs_generate_messages_lisp[0m
[2.887s] [  0%] Built target rosgraph_msgs_generate_messages_lisp
[2.895s] [35m[1mScanning dependencies of target rosgraph_msgs_generate_messages_nodejs[0m
[2.908s] [  0%] Built target rosgraph_msgs_generate_messages_nodejs
[2.920s] [35m[1mScanning dependencies of target rosgraph_msgs_generate_messages_py[0m
[2.928s] [  0%] Built target rosgraph_msgs_generate_messages_py
[2.937s] [35m[1mScanning dependencies of target vision_lane_detect[0m
[2.953s] [ 50%] [32mBuilding CXX object CMakeFiles/vision_lane_detect.dir/nodes/vision_lane_detect/vision_lane_detect.cpp.o[0m
[5.404s] [100%] [32m[1mLinking CXX executable devel/lib/vision_lane_detect/vision_lane_detect[0m
[5.797s] [100%] Built target vision_lane_detect
[5.810s] Invoked command in '/home/agilex/autoware.ai/build/vision_lane_detect' returned '0': CMAKE_PREFIX_PATH=/home/agilex/autoware.ai/install/autoware_msgs:${CMAKE_PREFIX_PATH} PKG_CONFIG_PATH=/home/agilex/autoware.ai/install/autoware_msgs/lib/x86_64-linux-gnu/pkgconfig:/home/agilex/autoware.ai/install/autoware_msgs/lib/pkgconfig:${PKG_CONFIG_PATH} PYTHONPATH=/home/agilex/autoware.ai/install/autoware_msgs/lib/python2.7/dist-packages:${PYTHONPATH} ROS_PACKAGE_PATH=/home/agilex/autoware.ai/install/autoware_msgs/share:${ROS_PACKAGE_PATH} /usr/bin/cmake --build /home/agilex/autoware.ai/build/vision_lane_detect -- -j8 -l8
[5.865s] Invoking command in '/home/agilex/autoware.ai/build/vision_lane_detect': CMAKE_PREFIX_PATH=/home/agilex/autoware.ai/install/autoware_msgs:${CMAKE_PREFIX_PATH} PKG_CONFIG_PATH=/home/agilex/autoware.ai/install/autoware_msgs/lib/x86_64-linux-gnu/pkgconfig:/home/agilex/autoware.ai/install/autoware_msgs/lib/pkgconfig:${PKG_CONFIG_PATH} PYTHONPATH=/home/agilex/autoware.ai/install/autoware_msgs/lib/python2.7/dist-packages:${PYTHONPATH} ROS_PACKAGE_PATH=/home/agilex/autoware.ai/install/autoware_msgs/share:${ROS_PACKAGE_PATH} /usr/bin/cmake --build /home/agilex/autoware.ai/build/vision_lane_detect --target tests -- -j8 -l8
[5.915s] [35m[1mScanning dependencies of target tests[0m
[5.925s] Built target tests
[5.934s] Invoked command in '/home/agilex/autoware.ai/build/vision_lane_detect' returned '0': CMAKE_PREFIX_PATH=/home/agilex/autoware.ai/install/autoware_msgs:${CMAKE_PREFIX_PATH} PKG_CONFIG_PATH=/home/agilex/autoware.ai/install/autoware_msgs/lib/x86_64-linux-gnu/pkgconfig:/home/agilex/autoware.ai/install/autoware_msgs/lib/pkgconfig:${PKG_CONFIG_PATH} PYTHONPATH=/home/agilex/autoware.ai/install/autoware_msgs/lib/python2.7/dist-packages:${PYTHONPATH} ROS_PACKAGE_PATH=/home/agilex/autoware.ai/install/autoware_msgs/share:${ROS_PACKAGE_PATH} /usr/bin/cmake --build /home/agilex/autoware.ai/build/vision_lane_detect --target tests -- -j8 -l8
[6.009s] Invoking command in '/home/agilex/autoware.ai/build/vision_lane_detect': CMAKE_PREFIX_PATH=/home/agilex/autoware.ai/install/autoware_msgs:${CMAKE_PREFIX_PATH} PKG_CONFIG_PATH=/home/agilex/autoware.ai/install/autoware_msgs/lib/x86_64-linux-gnu/pkgconfig:/home/agilex/autoware.ai/install/autoware_msgs/lib/pkgconfig:${PKG_CONFIG_PATH} PYTHONPATH=/home/agilex/autoware.ai/install/autoware_msgs/lib/python2.7/dist-packages:${PYTHONPATH} ROS_PACKAGE_PATH=/home/agilex/autoware.ai/install/autoware_msgs/share:${ROS_PACKAGE_PATH} /usr/bin/cmake --build /home/agilex/autoware.ai/build/vision_lane_detect --target install -- -j8 -l8
[6.055s] [  0%] Built target jsk_footstep_msgs_generate_messages_nodejs
[6.078s] [  0%] Built target actionlib_msgs_generate_messages_lisp
[6.106s] [  0%] Built target sensor_msgs_generate_messages_cpp
[6.125s] [  0%] Built target std_msgs_generate_messages_lisp
[6.147s] [  0%] Built target sensor_msgs_generate_messages_eus
[6.164s] [  0%] Built target pcl_msgs_generate_messages_py
[6.182s] [  0%] Built target std_msgs_generate_messages_nodejs
[6.200s] [  0%] Built target roscpp_generate_messages_nodejs
[6.219s] [  0%] Built target roscpp_generate_messages_eus
[6.237s] [  0%] Built target geometry_msgs_generate_messages_eus
[6.255s] [  0%] Built target std_msgs_generate_messages_eus
[6.272s] [  0%] Built target autoware_msgs_generate_messages_nodejs
[6.290s] [  0%] Built target pcl_msgs_generate_messages_lisp
[6.307s] [  0%] Built target autoware_msgs_generate_messages_eus
[6.325s] [  0%] Built target sensor_msgs_generate_messages_lisp
[6.342s] [  0%] Built target jsk_recognition_msgs_generate_messages_cpp
[6.360s] [  0%] Built target pcl_msgs_generate_messages_cpp
[6.377s] [  0%] Built target rosgraph_msgs_generate_messages_cpp
[6.398s] [  0%] Built target autoware_msgs_generate_messages_cpp
[6.424s] [  0%] Built target geometry_msgs_generate_messages_nodejs
[6.442s] [  0%] Built target std_msgs_generate_messages_py
[6.459s] [  0%] Built target autoware_msgs_generate_messages_py
[6.477s] [  0%] Built target geometry_msgs_generate_messages_lisp
[6.494s] [  0%] Built target geometry_msgs_generate_messages_cpp
[6.512s] [  0%] Built target std_msgs_generate_messages_cpp
[6.532s] [  0%] Built target jsk_footstep_msgs_generate_messages_py
[6.550s] [  0%] Built target actionlib_msgs_generate_messages_eus
[6.574s] [  0%] Built target autoware_msgs_generate_messages_lisp
[6.592s] [  0%] Built target roscpp_generate_messages_cpp
[6.610s] [  0%] Built target sensor_msgs_generate_messages_nodejs
[6.632s] [  0%] Built target sensor_msgs_generate_messages_py
[6.653s] [  0%] Built target jsk_recognition_msgs_generate_messages_eus
[6.673s] [  0%] Built target actionlib_msgs_generate_messages_cpp
[6.691s] [  0%] Built target jsk_recognition_msgs_generate_messages_lisp
[6.708s] [  0%] Built target rosgraph_msgs_generate_messages_eus
[6.728s] [  0%] Built target jsk_recognition_msgs_generate_messages_nodejs
[6.745s] [  0%] Built target pcl_msgs_generate_messages_eus
[6.767s] [  0%] Built target jsk_recognition_msgs_generate_messages_py
[6.787s] [  0%] Built target pcl_msgs_generate_messages_nodejs
[6.807s] [  0%] Built target geometry_msgs_generate_messages_py
[6.827s] [  0%] Built target jsk_footstep_msgs_generate_messages_cpp
[6.853s] [  0%] Built target actionlib_msgs_generate_messages_py
[6.870s] [  0%] Built target jsk_footstep_msgs_generate_messages_eus
[6.891s] [  0%] Built target jsk_footstep_msgs_generate_messages_lisp
[6.910s] [  0%] Built target actionlib_msgs_generate_messages_nodejs
[6.931s] [  0%] Built target roscpp_generate_messages_lisp
[6.950s] [  0%] Built target roscpp_generate_messages_py
[6.967s] [  0%] Built target rosgraph_msgs_generate_messages_lisp
[6.984s] [  0%] Built target rosgraph_msgs_generate_messages_nodejs
[7.001s] [  0%] Built target rosgraph_msgs_generate_messages_py
[7.024s] [100%] Built target vision_lane_detect
[7.043s] [36mInstall the project...[0m
[7.051s] -- Install configuration: "Release"
[7.051s] -- Installing: /home/agilex/autoware.ai/install/vision_lane_detect/lib/pkgconfig/vision_lane_detect.pc
[7.051s] -- Installing: /home/agilex/autoware.ai/install/vision_lane_detect/share/vision_lane_detect/cmake/vision_lane_detectConfig.cmake
[7.051s] -- Installing: /home/agilex/autoware.ai/install/vision_lane_detect/share/vision_lane_detect/cmake/vision_lane_detectConfig-version.cmake
[7.051s] -- Installing: /home/agilex/autoware.ai/install/vision_lane_detect/share/vision_lane_detect/package.xml
[7.051s] -- Installing: /home/agilex/autoware.ai/install/vision_lane_detect/lib/vision_lane_detect/vision_lane_detect
[7.052s] -- Set runtime path of "/home/agilex/autoware.ai/install/vision_lane_detect/lib/vision_lane_detect/vision_lane_detect" to ""
[7.057s] Invoked command in '/home/agilex/autoware.ai/build/vision_lane_detect' returned '0': CMAKE_PREFIX_PATH=/home/agilex/autoware.ai/install/autoware_msgs:${CMAKE_PREFIX_PATH} PKG_CONFIG_PATH=/home/agilex/autoware.ai/install/autoware_msgs/lib/x86_64-linux-gnu/pkgconfig:/home/agilex/autoware.ai/install/autoware_msgs/lib/pkgconfig:${PKG_CONFIG_PATH} PYTHONPATH=/home/agilex/autoware.ai/install/autoware_msgs/lib/python2.7/dist-packages:${PYTHONPATH} ROS_PACKAGE_PATH=/home/agilex/autoware.ai/install/autoware_msgs/share:${ROS_PACKAGE_PATH} /usr/bin/cmake --build /home/agilex/autoware.ai/build/vision_lane_detect --target install -- -j8 -l8
