[01m[K/home/agilex/autoware.ai/src/autoware/common/waypoint_follower/nodes/pure_pursuit/pure_pursuit_core.cpp:[m[K In member function '[01m[Kvoid waypoint_follower::PurePursuitNode::publishDeviationCurrentPosition(const Point&, const std::vector<autoware_msgs::Waypoint_<std::allocator<void> >, std::allocator<autoware_msgs::Waypoint_<std::allocator<void> > > >&) const[m[K':
[01m[K/home/agilex/autoware.ai/src/autoware/common/waypoint_follower/nodes/pure_pursuit/pure_pursuit_core.cpp:206:10:[m[K [01;35m[Kwarning: [m[Kunused variable '[01m[Klinear_flag_in[m[K' [[01;35m[K-Wunused-variable[m[K]
   double [01;35m[Klinear_flag_in[m[K =
          [01;35m[K^~~~~~~~~~~~~~[m[K
In file included from [01m[K/home/agilex/autoware.ai/src/autoware/common/waypoint_follower/nodes/pure_pursuit/pure_pursuit.cpp:17:0[m[K:
[01m[K/home/agilex/autoware.ai/src/autoware/common/waypoint_follower/nodes/pure_pursuit/pure_pursuit.h:[m[K In constructor '[01m[Kwaypoint_follower::PurePursuit::PurePursuit()[m[K':
[01m[K/home/agilex/autoware.ai/src/autoware/common/waypoint_follower/nodes/pure_pursuit/pure_pursuit.h:104:10:[m[K [01;35m[Kwarning: [m[K'[01m[Kwaypoint_follower::PurePursuit::current_linear_velocity_[m[K' will be initialized after [[01;35m[K-Wreorder[m[K]
   double [01;35m[Kcurrent_linear_velocity_[m[K;
          [01;35m[K^~~~~~~~~~~~~~~~~~~~~~~~[m[K
[01m[K/home/agilex/autoware.ai/src/autoware/common/waypoint_follower/nodes/pure_pursuit/pure_pursuit.h:102:10:[m[K [01;35m[Kwarning: [m[K  '[01m[Kdouble waypoint_follower::PurePursuit::minimum_lookahead_distance_[m[K' [[01;35m[K-Wreorder[m[K]
   double [01;35m[Kminimum_lookahead_distance_[m[K;
          [01;35m[K^~~~~~~~~~~~~~~~~~~~~~~~~~~[m[K
[01m[K/home/agilex/autoware.ai/src/autoware/common/waypoint_follower/nodes/pure_pursuit/pure_pursuit.cpp:22:1:[m[K [01;35m[Kwarning: [m[K  when initialized here [[01;35m[K-Wreorder[m[K]
 [01;35m[KPurePursuit[m[K::PurePursuit()
 [01;35m[K^~~~~~~~~~~[m[K
In file included from [01m[K/home/agilex/autoware.ai/src/autoware/common/waypoint_follower/test/src/test_mpc_utils.cpp:20:0[m[K:
/usr/src/googletest/googletest/include/gtest/gtest.h: In instantiation of '[01m[Ktesting::AssertionResult testing::internal::CmpHelperEQ(const char*, const char*, const T1&, const T2&) [with T1 = int; T2 = unsigned int][m[K':
[01m[K/usr/src/googletest/googletest/include/gtest/gtest.h:1459:23:[m[K   required from '[01m[Kstatic testing::AssertionResult testing::internal::EqHelper<true>::Compare(const char*, const char*, const T1&, const T2&, typename testing::internal::EnableIf<(! testing::internal::is_pointer<T2>::value)>::type*) [with T1 = int; T2 = unsigned int; typename testing::internal::EnableIf<(! testing::internal::is_pointer<T2>::value)>::type = void][m[K'
[01m[K/home/agilex/autoware.ai/src/autoware/common/waypoint_follower/test/src/test_mpc_utils.cpp:165:5:[m[K   required from here
[01m[K/usr/src/googletest/googletest/include/gtest/gtest.h:1392:11:[m[K [01;35m[Kwarning: [m[Kcomparison between signed and unsigned integer expressions [[01;35m[K-Wsign-compare[m[K]
   if ([01;35m[Klhs == rhs[m[K) {
       [01;35m[K~~~~^~~~~~[m[K
