Determining if the pthread_create exist failed with the following output:
Change Dir: /home/agilex/autoware.ai/build/multi_lidar_calibrator/CMakeFiles/CMakeTmp

Run Build Command:"/usr/bin/make" "cmTC_b570b/fast"
/usr/bin/make -f CMakeFiles/cmTC_b570b.dir/build.make CMakeFiles/cmTC_b570b.dir/build
make[1]: Entering directory '/home/agilex/autoware.ai/build/multi_lidar_calibrator/CMakeFiles/CMakeTmp'
Building C object CMakeFiles/cmTC_b570b.dir/CheckSymbolExists.c.o
/usr/bin/cc    -o CMakeFiles/cmTC_b570b.dir/CheckSymbolExists.c.o   -c /home/agilex/autoware.ai/build/multi_lidar_calibrator/CMakeFiles/CMakeTmp/CheckSymbolExists.c
Linking C executable cmTC_b570b
/usr/bin/cmake -E cmake_link_script CMakeFiles/cmTC_b570b.dir/link.txt --verbose=1
/usr/bin/cc      -rdynamic CMakeFiles/cmTC_b570b.dir/CheckSymbolExists.c.o  -o cmTC_b570b 
CMakeFiles/cmTC_b570b.dir/CheckSymbolExists.c.o: In function `main':
CheckSymbolExists.c:(.text+0x1b): undefined reference to `pthread_create'
collect2: error: ld returned 1 exit status
CMakeFiles/cmTC_b570b.dir/build.make:97: recipe for target 'cmTC_b570b' failed
make[1]: *** [cmTC_b570b] Error 1
make[1]: Leaving directory '/home/agilex/autoware.ai/build/multi_lidar_calibrator/CMakeFiles/CMakeTmp'
Makefile:126: recipe for target 'cmTC_b570b/fast' failed
make: *** [cmTC_b570b/fast] Error 2

File /home/agilex/autoware.ai/build/multi_lidar_calibrator/CMakeFiles/CMakeTmp/CheckSymbolExists.c:
/* */
#include <pthread.h>

int main(int argc, char** argv)
{
  (void)argv;
#ifndef pthread_create
  return ((int*)(&pthread_create))[argc];
#else
  (void)argc;
  return 0;
#endif
}

Determining if the function pthread_create exists in the pthreads failed with the following output:
Change Dir: /home/agilex/autoware.ai/build/multi_lidar_calibrator/CMakeFiles/CMakeTmp

Run Build Command:"/usr/bin/make" "cmTC_c98be/fast"
/usr/bin/make -f CMakeFiles/cmTC_c98be.dir/build.make CMakeFiles/cmTC_c98be.dir/build
make[1]: Entering directory '/home/agilex/autoware.ai/build/multi_lidar_calibrator/CMakeFiles/CMakeTmp'
Building C object CMakeFiles/cmTC_c98be.dir/CheckFunctionExists.c.o
/usr/bin/cc   -DCHECK_FUNCTION_EXISTS=pthread_create   -o CMakeFiles/cmTC_c98be.dir/CheckFunctionExists.c.o   -c /usr/share/cmake-3.10/Modules/CheckFunctionExists.c
Linking C executable cmTC_c98be
/usr/bin/cmake -E cmake_link_script CMakeFiles/cmTC_c98be.dir/link.txt --verbose=1
/usr/bin/cc  -DCHECK_FUNCTION_EXISTS=pthread_create    -rdynamic CMakeFiles/cmTC_c98be.dir/CheckFunctionExists.c.o  -o cmTC_c98be -lpthreads 
/usr/bin/ld: cannot find -lpthreads
collect2: error: ld returned 1 exit status
CMakeFiles/cmTC_c98be.dir/build.make:97: recipe for target 'cmTC_c98be' failed
make[1]: *** [cmTC_c98be] Error 1
make[1]: Leaving directory '/home/agilex/autoware.ai/build/multi_lidar_calibrator/CMakeFiles/CMakeTmp'
Makefile:126: recipe for target 'cmTC_c98be/fast' failed
make: *** [cmTC_c98be/fast] Error 2


