Determining if the pthread_create exist failed with the following output:
Change Dir: /home/agilex/autoware.ai/build/log_tools/CMakeFiles/CMakeTmp

Run Build Command:"/usr/bin/make" "cmTC_60d6c/fast"
/usr/bin/make -f CMakeFiles/cmTC_60d6c.dir/build.make CMakeFiles/cmTC_60d6c.dir/build
make[1]: Entering directory '/home/agilex/autoware.ai/build/log_tools/CMakeFiles/CMakeTmp'
Building C object CMakeFiles/cmTC_60d6c.dir/CheckSymbolExists.c.o
/usr/bin/cc    -o CMakeFiles/cmTC_60d6c.dir/CheckSymbolExists.c.o   -c /home/agilex/autoware.ai/build/log_tools/CMakeFiles/CMakeTmp/CheckSymbolExists.c
Linking C executable cmTC_60d6c
/usr/bin/cmake -E cmake_link_script CMakeFiles/cmTC_60d6c.dir/link.txt --verbose=1
/usr/bin/cc      -rdynamic CMakeFiles/cmTC_60d6c.dir/CheckSymbolExists.c.o  -o cmTC_60d6c 
CMakeFiles/cmTC_60d6c.dir/CheckSymbolExists.c.o: In function `main':
CheckSymbolExists.c:(.text+0x1b): undefined reference to `pthread_create'
collect2: error: ld returned 1 exit status
CMakeFiles/cmTC_60d6c.dir/build.make:97: recipe for target 'cmTC_60d6c' failed
make[1]: *** [cmTC_60d6c] Error 1
make[1]: Leaving directory '/home/agilex/autoware.ai/build/log_tools/CMakeFiles/CMakeTmp'
Makefile:126: recipe for target 'cmTC_60d6c/fast' failed
make: *** [cmTC_60d6c/fast] Error 2

File /home/agilex/autoware.ai/build/log_tools/CMakeFiles/CMakeTmp/CheckSymbolExists.c:
/* */
#include <pthread.h>

int main(int argc, char** argv)
{
  (void)argv;
#ifndef pthread_create
  return ((int*)(&pthread_create))[argc];
#else
  (void)argc;
  return 0;
#endif
}

Determining if the function pthread_create exists in the pthreads failed with the following output:
Change Dir: /home/agilex/autoware.ai/build/log_tools/CMakeFiles/CMakeTmp

Run Build Command:"/usr/bin/make" "cmTC_5f60a/fast"
/usr/bin/make -f CMakeFiles/cmTC_5f60a.dir/build.make CMakeFiles/cmTC_5f60a.dir/build
make[1]: Entering directory '/home/agilex/autoware.ai/build/log_tools/CMakeFiles/CMakeTmp'
Building C object CMakeFiles/cmTC_5f60a.dir/CheckFunctionExists.c.o
/usr/bin/cc   -DCHECK_FUNCTION_EXISTS=pthread_create   -o CMakeFiles/cmTC_5f60a.dir/CheckFunctionExists.c.o   -c /usr/share/cmake-3.10/Modules/CheckFunctionExists.c
Linking C executable cmTC_5f60a
/usr/bin/cmake -E cmake_link_script CMakeFiles/cmTC_5f60a.dir/link.txt --verbose=1
/usr/bin/cc  -DCHECK_FUNCTION_EXISTS=pthread_create    -rdynamic CMakeFiles/cmTC_5f60a.dir/CheckFunctionExists.c.o  -o cmTC_5f60a -lpthreads 
/usr/bin/ld: cannot find -lpthreads
collect2: error: ld returned 1 exit status
CMakeFiles/cmTC_5f60a.dir/build.make:97: recipe for target 'cmTC_5f60a' failed
make[1]: *** [cmTC_5f60a] Error 1
make[1]: Leaving directory '/home/agilex/autoware.ai/build/log_tools/CMakeFiles/CMakeTmp'
Makefile:126: recipe for target 'cmTC_5f60a/fast' failed
make: *** [cmTC_5f60a/fast] Error 2


