[0.035s] Invoking command in '/home/agilex/autoware.ai/build/road_occupancy_processor': CMAKE_PREFIX_PATH=/home/agilex/autoware.ai/install/vector_map:/home/agilex/autoware.ai/install/vector_map_msgs:/home/agilex/autoware.ai/install/autoware_build_flags:${CMAKE_PREFIX_PATH} LD_LIBRARY_PATH=/home/agilex/autoware.ai/install/vector_map/lib:${LD_LIBRARY_PATH} PKG_CONFIG_PATH=/home/agilex/autoware.ai/install/vector_map/lib/x86_64-linux-gnu/pkgconfig:/home/agilex/autoware.ai/install/vector_map/lib/pkgconfig:/home/agilex/autoware.ai/install/vector_map_msgs/lib/x86_64-linux-gnu/pkgconfig:/home/agilex/autoware.ai/install/vector_map_msgs/lib/pkgconfig:/home/agilex/autoware.ai/install/autoware_build_flags/lib/x86_64-linux-gnu/pkgconfig:/home/agilex/autoware.ai/install/autoware_build_flags/lib/pkgconfig:${PKG_CONFIG_PATH} PYTHONPATH=/home/agilex/autoware.ai/install/vector_map_msgs/lib/python2.7/dist-packages:${PYTHONPATH} ROS_PACKAGE_PATH=/home/agilex/autoware.ai/install/vector_map/share:/home/agilex/autoware.ai/install/vector_map_msgs/share:/home/agilex/autoware.ai/install/autoware_build_flags/share:${ROS_PACKAGE_PATH} /usr/bin/cmake --build /home/agilex/autoware.ai/build/road_occupancy_processor -- -j8 -l8
[0.130s] [  0%] Built target nodelet_generate_messages_eus
[0.156s] [  0%] Built target topic_tools_generate_messages_eus
[0.189s] [  0%] Built target topic_tools_generate_messages_cpp
[0.222s] [  0%] Built target std_srvs_generate_messages_py
[0.247s] [  0%] Built target std_srvs_generate_messages_nodejs
[0.266s] [  0%] Built target bond_generate_messages_nodejs
[0.292s] [  0%] Built target bond_generate_messages_lisp
[0.311s] [  0%] Built target bond_generate_messages_eus
[0.343s] [  0%] Built target bond_generate_messages_cpp
[0.364s] [  0%] Built target pcl_ros_gencfg
[0.416s] [  0%] Built target nodelet_generate_messages_cpp
[0.438s] [  0%] Built target sensor_msgs_generate_messages_nodejs
[0.456s] [  0%] Built target roscpp_generate_messages_cpp
[0.477s] [  0%] Built target actionlib_generate_messages_cpp
[0.494s] [  0%] Built target nav_msgs_generate_messages_cpp
[0.517s] [  0%] Built target sensor_msgs_generate_messages_lisp
[0.535s] [  0%] Built target std_srvs_generate_messages_cpp
[0.553s] [  0%] Built target geometry_msgs_generate_messages_py
[0.569s] [  0%] Built target geometry_msgs_generate_messages_lisp
[0.586s] [  0%] Built target actionlib_generate_messages_lisp
[0.603s] [  0%] Built target geometry_msgs_generate_messages_cpp
[0.631s] [  0%] Built target tf_generate_messages_nodejs
[0.659s] [  0%] Built target geometry_msgs_generate_messages_eus
[0.678s] [  0%] Built target grid_map_msgs_generate_messages_cpp
[0.699s] [  0%] Built target roscpp_generate_messages_py
[0.716s] [  0%] Built target tf_generate_messages_lisp
[0.736s] [  0%] Built target std_srvs_generate_messages_eus
[0.760s] [  0%] Built target roscpp_generate_messages_lisp
[0.780s] [  0%] Built target rosgraph_msgs_generate_messages_cpp
[0.800s] [  0%] Built target tf_generate_messages_py
[0.823s] [  0%] Built target dynamic_reconfigure_generate_messages_cpp
[0.844s] [  0%] Built target actionlib_msgs_generate_messages_cpp
[0.863s] [  0%] Built target tf_generate_messages_eus
[0.882s] [  0%] Built target rosgraph_msgs_generate_messages_eus
[0.902s] [  0%] Built target rosgraph_msgs_generate_messages_lisp
[0.924s] [  0%] Built target sensor_msgs_generate_messages_eus
[0.949s] [  0%] Built target std_srvs_generate_messages_lisp
[0.965s] [  0%] Built target sensor_msgs_generate_messages_cpp
[0.981s] [  0%] Built target roscpp_generate_messages_nodejs
[1.000s] [  0%] Built target std_msgs_generate_messages_lisp
[1.020s] [  0%] Built target std_msgs_generate_messages_cpp
[1.038s] [  0%] Built target visualization_msgs_generate_messages_nodejs
[1.059s] [  0%] Built target bond_generate_messages_py
[1.082s] [  0%] Built target sensor_msgs_generate_messages_py
[1.101s] [  0%] Built target nodelet_generate_messages_py
[1.119s] [  0%] Built target rosgraph_msgs_generate_messages_nodejs
[1.140s] [  0%] Built target visualization_msgs_generate_messages_lisp
[1.165s] [  0%] Built target std_msgs_generate_messages_eus
[1.181s] [  0%] Built target std_msgs_generate_messages_nodejs
[1.197s] [  0%] Built target std_msgs_generate_messages_py
[1.219s] [  0%] Built target roscpp_generate_messages_eus
[1.236s] [  0%] Built target rosgraph_msgs_generate_messages_py
[1.255s] [  0%] Built target actionlib_msgs_generate_messages_eus
[1.273s] [  0%] Built target nodelet_generate_messages_lisp
[1.293s] [  0%] Built target grid_map_msgs_generate_messages_lisp
[1.313s] [  0%] Built target actionlib_msgs_generate_messages_lisp
[1.332s] [  0%] Built target topic_tools_generate_messages_py
[1.349s] [  0%] Built target nodelet_topic_tools_gencfg
[1.366s] [  0%] Built target actionlib_msgs_generate_messages_nodejs
[1.388s] [  0%] Built target actionlib_msgs_generate_messages_py
[1.412s] [  0%] Built target geometry_msgs_generate_messages_nodejs
[1.432s] [  0%] Built target tf2_msgs_generate_messages_cpp
[1.449s] [  0%] Built target actionlib_generate_messages_py
[1.467s] [  0%] Built target tf2_msgs_generate_messages_py
[1.488s] [  0%] Built target tf2_msgs_generate_messages_nodejs
[1.508s] [  0%] Built target nav_msgs_generate_messages_eus
[1.533s] [  0%] Built target tf2_msgs_generate_messages_eus
[1.555s] [  0%] Built target visualization_msgs_generate_messages_cpp
[1.577s] [  0%] Built target visualization_msgs_generate_messages_eus
[1.593s] [  0%] Built target visualization_msgs_generate_messages_py
[1.610s] [  0%] Built target dynamic_reconfigure_generate_messages_nodejs
[1.635s] [  0%] Built target pcl_msgs_generate_messages_cpp
[1.664s] [  0%] Built target dynamic_reconfigure_generate_messages_lisp
[1.683s] [  0%] Built target pcl_msgs_generate_messages_eus
[1.703s] [  0%] Built target actionlib_generate_messages_nodejs
[1.726s] [  0%] Built target tf_generate_messages_cpp
[1.747s] [  0%] Built target pcl_msgs_generate_messages_lisp
[1.764s] [  0%] Built target nav_msgs_generate_messages_lisp
[1.786s] [  0%] Built target pcl_msgs_generate_messages_nodejs
[1.809s] [  0%] Built target nodelet_generate_messages_nodejs
[1.832s] [  0%] Built target actionlib_generate_messages_eus
[1.853s] [  0%] Built target pcl_msgs_generate_messages_py
[1.872s] [  0%] Built target dynamic_reconfigure_generate_messages_eus
[1.892s] [  0%] Built target dynamic_reconfigure_generate_messages_py
[1.909s] [  0%] Built target nav_msgs_generate_messages_py
[1.931s] [  0%] Built target tf2_msgs_generate_messages_lisp
[1.950s] [  0%] Built target dynamic_reconfigure_gencfg
[1.969s] [  0%] Built target topic_tools_generate_messages_lisp
[1.986s] [  0%] Built target topic_tools_generate_messages_nodejs
[2.005s] [  0%] Built target nav_msgs_generate_messages_nodejs
[2.023s] [  0%] Built target grid_map_msgs_generate_messages_eus
[2.043s] [  0%] Built target grid_map_msgs_generate_messages_nodejs
[2.060s] [  0%] Built target grid_map_msgs_generate_messages_py
[2.096s] [ 50%] Built target road_occupancy_processor_lib
[2.131s] [100%] Built target road_occupancy_processor
[2.141s] Invoked command in '/home/agilex/autoware.ai/build/road_occupancy_processor' returned '0': CMAKE_PREFIX_PATH=/home/agilex/autoware.ai/install/vector_map:/home/agilex/autoware.ai/install/vector_map_msgs:/home/agilex/autoware.ai/install/autoware_build_flags:${CMAKE_PREFIX_PATH} LD_LIBRARY_PATH=/home/agilex/autoware.ai/install/vector_map/lib:${LD_LIBRARY_PATH} PKG_CONFIG_PATH=/home/agilex/autoware.ai/install/vector_map/lib/x86_64-linux-gnu/pkgconfig:/home/agilex/autoware.ai/install/vector_map/lib/pkgconfig:/home/agilex/autoware.ai/install/vector_map_msgs/lib/x86_64-linux-gnu/pkgconfig:/home/agilex/autoware.ai/install/vector_map_msgs/lib/pkgconfig:/home/agilex/autoware.ai/install/autoware_build_flags/lib/x86_64-linux-gnu/pkgconfig:/home/agilex/autoware.ai/install/autoware_build_flags/lib/pkgconfig:${PKG_CONFIG_PATH} PYTHONPATH=/home/agilex/autoware.ai/install/vector_map_msgs/lib/python2.7/dist-packages:${PYTHONPATH} ROS_PACKAGE_PATH=/home/agilex/autoware.ai/install/vector_map/share:/home/agilex/autoware.ai/install/vector_map_msgs/share:/home/agilex/autoware.ai/install/autoware_build_flags/share:${ROS_PACKAGE_PATH} /usr/bin/cmake --build /home/agilex/autoware.ai/build/road_occupancy_processor -- -j8 -l8
[2.273s] Invoking command in '/home/agilex/autoware.ai/build/road_occupancy_processor': CMAKE_PREFIX_PATH=/home/agilex/autoware.ai/install/vector_map:/home/agilex/autoware.ai/install/vector_map_msgs:/home/agilex/autoware.ai/install/autoware_build_flags:${CMAKE_PREFIX_PATH} LD_LIBRARY_PATH=/home/agilex/autoware.ai/install/vector_map/lib:${LD_LIBRARY_PATH} PKG_CONFIG_PATH=/home/agilex/autoware.ai/install/vector_map/lib/x86_64-linux-gnu/pkgconfig:/home/agilex/autoware.ai/install/vector_map/lib/pkgconfig:/home/agilex/autoware.ai/install/vector_map_msgs/lib/x86_64-linux-gnu/pkgconfig:/home/agilex/autoware.ai/install/vector_map_msgs/lib/pkgconfig:/home/agilex/autoware.ai/install/autoware_build_flags/lib/x86_64-linux-gnu/pkgconfig:/home/agilex/autoware.ai/install/autoware_build_flags/lib/pkgconfig:${PKG_CONFIG_PATH} PYTHONPATH=/home/agilex/autoware.ai/install/vector_map_msgs/lib/python2.7/dist-packages:${PYTHONPATH} ROS_PACKAGE_PATH=/home/agilex/autoware.ai/install/vector_map/share:/home/agilex/autoware.ai/install/vector_map_msgs/share:/home/agilex/autoware.ai/install/autoware_build_flags/share:${ROS_PACKAGE_PATH} /usr/bin/cmake --build /home/agilex/autoware.ai/build/road_occupancy_processor --target tests -- -j8 -l8
[2.339s] Built target tests
[2.348s] Invoked command in '/home/agilex/autoware.ai/build/road_occupancy_processor' returned '0': CMAKE_PREFIX_PATH=/home/agilex/autoware.ai/install/vector_map:/home/agilex/autoware.ai/install/vector_map_msgs:/home/agilex/autoware.ai/install/autoware_build_flags:${CMAKE_PREFIX_PATH} LD_LIBRARY_PATH=/home/agilex/autoware.ai/install/vector_map/lib:${LD_LIBRARY_PATH} PKG_CONFIG_PATH=/home/agilex/autoware.ai/install/vector_map/lib/x86_64-linux-gnu/pkgconfig:/home/agilex/autoware.ai/install/vector_map/lib/pkgconfig:/home/agilex/autoware.ai/install/vector_map_msgs/lib/x86_64-linux-gnu/pkgconfig:/home/agilex/autoware.ai/install/vector_map_msgs/lib/pkgconfig:/home/agilex/autoware.ai/install/autoware_build_flags/lib/x86_64-linux-gnu/pkgconfig:/home/agilex/autoware.ai/install/autoware_build_flags/lib/pkgconfig:${PKG_CONFIG_PATH} PYTHONPATH=/home/agilex/autoware.ai/install/vector_map_msgs/lib/python2.7/dist-packages:${PYTHONPATH} ROS_PACKAGE_PATH=/home/agilex/autoware.ai/install/vector_map/share:/home/agilex/autoware.ai/install/vector_map_msgs/share:/home/agilex/autoware.ai/install/autoware_build_flags/share:${ROS_PACKAGE_PATH} /usr/bin/cmake --build /home/agilex/autoware.ai/build/road_occupancy_processor --target tests -- -j8 -l8
[2.470s] Invoking command in '/home/agilex/autoware.ai/build/road_occupancy_processor': CMAKE_PREFIX_PATH=/home/agilex/autoware.ai/install/vector_map:/home/agilex/autoware.ai/install/vector_map_msgs:/home/agilex/autoware.ai/install/autoware_build_flags:${CMAKE_PREFIX_PATH} LD_LIBRARY_PATH=/home/agilex/autoware.ai/install/vector_map/lib:${LD_LIBRARY_PATH} PKG_CONFIG_PATH=/home/agilex/autoware.ai/install/vector_map/lib/x86_64-linux-gnu/pkgconfig:/home/agilex/autoware.ai/install/vector_map/lib/pkgconfig:/home/agilex/autoware.ai/install/vector_map_msgs/lib/x86_64-linux-gnu/pkgconfig:/home/agilex/autoware.ai/install/vector_map_msgs/lib/pkgconfig:/home/agilex/autoware.ai/install/autoware_build_flags/lib/x86_64-linux-gnu/pkgconfig:/home/agilex/autoware.ai/install/autoware_build_flags/lib/pkgconfig:${PKG_CONFIG_PATH} PYTHONPATH=/home/agilex/autoware.ai/install/vector_map_msgs/lib/python2.7/dist-packages:${PYTHONPATH} ROS_PACKAGE_PATH=/home/agilex/autoware.ai/install/vector_map/share:/home/agilex/autoware.ai/install/vector_map_msgs/share:/home/agilex/autoware.ai/install/autoware_build_flags/share:${ROS_PACKAGE_PATH} /usr/bin/cmake --build /home/agilex/autoware.ai/build/road_occupancy_processor --target install -- -j8 -l8
[2.534s] [  0%] Built target nodelet_generate_messages_eus
[2.554s] [  0%] Built target topic_tools_generate_messages_eus
[2.574s] [  0%] Built target topic_tools_generate_messages_cpp
[2.601s] [  0%] Built target std_srvs_generate_messages_py
[2.618s] [  0%] Built target std_srvs_generate_messages_nodejs
[2.635s] [  0%] Built target bond_generate_messages_nodejs
[2.654s] [  0%] Built target bond_generate_messages_lisp
[2.676s] [  0%] Built target bond_generate_messages_eus
[2.700s] [  0%] Built target bond_generate_messages_cpp
[2.717s] [  0%] Built target pcl_ros_gencfg
[2.735s] [  0%] Built target nodelet_generate_messages_cpp
[2.752s] [  0%] Built target sensor_msgs_generate_messages_nodejs
[2.772s] [  0%] Built target roscpp_generate_messages_cpp
[2.794s] [  0%] Built target actionlib_generate_messages_cpp
[2.812s] [  0%] Built target nav_msgs_generate_messages_cpp
[2.833s] [  0%] Built target sensor_msgs_generate_messages_lisp
[2.854s] [  0%] Built target std_srvs_generate_messages_cpp
[2.872s] [  0%] Built target geometry_msgs_generate_messages_py
[2.896s] [  0%] Built target geometry_msgs_generate_messages_lisp
[2.915s] [  0%] Built target actionlib_generate_messages_lisp
[2.937s] [  0%] Built target geometry_msgs_generate_messages_cpp
[2.955s] [  0%] Built target tf_generate_messages_nodejs
[2.971s] [  0%] Built target geometry_msgs_generate_messages_eus
[2.988s] [  0%] Built target grid_map_msgs_generate_messages_cpp
[3.008s] [  0%] Built target roscpp_generate_messages_py
[3.023s] [  0%] Built target tf_generate_messages_lisp
[3.041s] [  0%] Built target std_srvs_generate_messages_eus
[3.060s] [  0%] Built target roscpp_generate_messages_lisp
[3.078s] [  0%] Built target rosgraph_msgs_generate_messages_cpp
[3.098s] [  0%] Built target tf_generate_messages_py
[3.117s] [  0%] Built target dynamic_reconfigure_generate_messages_cpp
[3.133s] [  0%] Built target actionlib_msgs_generate_messages_cpp
[3.153s] [  0%] Built target tf_generate_messages_eus
[3.172s] [  0%] Built target rosgraph_msgs_generate_messages_eus
[3.191s] [  0%] Built target rosgraph_msgs_generate_messages_lisp
[3.207s] [  0%] Built target sensor_msgs_generate_messages_eus
[3.228s] [  0%] Built target std_srvs_generate_messages_lisp
[3.248s] [  0%] Built target sensor_msgs_generate_messages_cpp
[3.270s] [  0%] Built target roscpp_generate_messages_nodejs
[3.287s] [  0%] Built target std_msgs_generate_messages_lisp
[3.307s] [  0%] Built target std_msgs_generate_messages_cpp
[3.325s] [  0%] Built target visualization_msgs_generate_messages_nodejs
[3.343s] [  0%] Built target bond_generate_messages_py
[3.360s] [  0%] Built target sensor_msgs_generate_messages_py
[3.376s] [  0%] Built target nodelet_generate_messages_py
[3.397s] [  0%] Built target rosgraph_msgs_generate_messages_nodejs
[3.416s] [  0%] Built target visualization_msgs_generate_messages_lisp
[3.435s] [  0%] Built target std_msgs_generate_messages_eus
[3.457s] [  0%] Built target std_msgs_generate_messages_nodejs
[3.472s] [  0%] Built target std_msgs_generate_messages_py
[3.491s] [  0%] Built target roscpp_generate_messages_eus
[3.511s] [  0%] Built target rosgraph_msgs_generate_messages_py
[3.530s] [  0%] Built target actionlib_msgs_generate_messages_eus
[3.550s] [  0%] Built target nodelet_generate_messages_lisp
[3.572s] [  0%] Built target grid_map_msgs_generate_messages_lisp
[3.591s] [  0%] Built target actionlib_msgs_generate_messages_lisp
[3.613s] [  0%] Built target topic_tools_generate_messages_py
[3.629s] [  0%] Built target nodelet_topic_tools_gencfg
[3.650s] [  0%] Built target actionlib_msgs_generate_messages_nodejs
[3.673s] [  0%] Built target actionlib_msgs_generate_messages_py
[3.696s] [  0%] Built target geometry_msgs_generate_messages_nodejs
[3.713s] [  0%] Built target tf2_msgs_generate_messages_cpp
[3.732s] [  0%] Built target actionlib_generate_messages_py
[3.752s] [  0%] Built target tf2_msgs_generate_messages_py
[3.771s] [  0%] Built target tf2_msgs_generate_messages_nodejs
[3.791s] [  0%] Built target nav_msgs_generate_messages_eus
[3.811s] [  0%] Built target tf2_msgs_generate_messages_eus
[3.834s] [  0%] Built target visualization_msgs_generate_messages_cpp
[3.854s] [  0%] Built target visualization_msgs_generate_messages_eus
[3.870s] [  0%] Built target visualization_msgs_generate_messages_py
[3.894s] [  0%] Built target dynamic_reconfigure_generate_messages_nodejs
[3.913s] [  0%] Built target pcl_msgs_generate_messages_cpp
[3.934s] [  0%] Built target dynamic_reconfigure_generate_messages_lisp
[3.957s] [  0%] Built target pcl_msgs_generate_messages_eus
[3.981s] [  0%] Built target actionlib_generate_messages_nodejs
[3.997s] [  0%] Built target tf_generate_messages_cpp
[4.016s] [  0%] Built target pcl_msgs_generate_messages_lisp
[4.035s] [  0%] Built target nav_msgs_generate_messages_lisp
[4.051s] [  0%] Built target pcl_msgs_generate_messages_nodejs
[4.068s] [  0%] Built target nodelet_generate_messages_nodejs
[4.092s] [  0%] Built target actionlib_generate_messages_eus
[4.113s] [  0%] Built target pcl_msgs_generate_messages_py
[4.131s] [  0%] Built target dynamic_reconfigure_generate_messages_eus
[4.147s] [  0%] Built target dynamic_reconfigure_generate_messages_py
[4.166s] [  0%] Built target nav_msgs_generate_messages_py
[4.188s] [  0%] Built target tf2_msgs_generate_messages_lisp
[4.204s] [  0%] Built target dynamic_reconfigure_gencfg
[4.220s] [  0%] Built target topic_tools_generate_messages_lisp
[4.238s] [  0%] Built target topic_tools_generate_messages_nodejs
[4.256s] [  0%] Built target nav_msgs_generate_messages_nodejs
[4.272s] [  0%] Built target grid_map_msgs_generate_messages_eus
[4.288s] [  0%] Built target grid_map_msgs_generate_messages_nodejs
[4.306s] [  0%] Built target grid_map_msgs_generate_messages_py
[4.347s] [ 50%] Built target road_occupancy_processor_lib
[4.388s] [100%] Built target road_occupancy_processor
[4.405s] [36mInstall the project...[0m
[4.412s] -- Install configuration: "Release"
[4.412s] -- Up-to-date: /home/agilex/autoware.ai/install/road_occupancy_processor/lib/pkgconfig/road_occupancy_processor.pc
[4.413s] -- Up-to-date: /home/agilex/autoware.ai/install/road_occupancy_processor/share/road_occupancy_processor/cmake/road_occupancy_processorConfig.cmake
[4.413s] -- Up-to-date: /home/agilex/autoware.ai/install/road_occupancy_processor/share/road_occupancy_processor/cmake/road_occupancy_processorConfig-version.cmake
[4.413s] -- Up-to-date: /home/agilex/autoware.ai/install/road_occupancy_processor/share/road_occupancy_processor/package.xml
[4.413s] -- Up-to-date: /home/agilex/autoware.ai/install/road_occupancy_processor/lib/road_occupancy_processor/road_occupancy_processor
[4.415s] -- Up-to-date: /home/agilex/autoware.ai/install/road_occupancy_processor/lib/libroad_occupancy_processor_lib.so
[4.415s] -- Up-to-date: /home/agilex/autoware.ai/install/road_occupancy_processor/include/road_occupancy_processor
[4.415s] -- Up-to-date: /home/agilex/autoware.ai/install/road_occupancy_processor/include/road_occupancy_processor/road_occupancy_processor.h
[4.415s] -- Up-to-date: /home/agilex/autoware.ai/install/road_occupancy_processor/share/road_occupancy_processor/launch
[4.415s] -- Up-to-date: /home/agilex/autoware.ai/install/road_occupancy_processor/share/road_occupancy_processor/launch/road_occupancy_processor.launch
[4.418s] Invoked command in '/home/agilex/autoware.ai/build/road_occupancy_processor' returned '0': CMAKE_PREFIX_PATH=/home/agilex/autoware.ai/install/vector_map:/home/agilex/autoware.ai/install/vector_map_msgs:/home/agilex/autoware.ai/install/autoware_build_flags:${CMAKE_PREFIX_PATH} LD_LIBRARY_PATH=/home/agilex/autoware.ai/install/vector_map/lib:${LD_LIBRARY_PATH} PKG_CONFIG_PATH=/home/agilex/autoware.ai/install/vector_map/lib/x86_64-linux-gnu/pkgconfig:/home/agilex/autoware.ai/install/vector_map/lib/pkgconfig:/home/agilex/autoware.ai/install/vector_map_msgs/lib/x86_64-linux-gnu/pkgconfig:/home/agilex/autoware.ai/install/vector_map_msgs/lib/pkgconfig:/home/agilex/autoware.ai/install/autoware_build_flags/lib/x86_64-linux-gnu/pkgconfig:/home/agilex/autoware.ai/install/autoware_build_flags/lib/pkgconfig:${PKG_CONFIG_PATH} PYTHONPATH=/home/agilex/autoware.ai/install/vector_map_msgs/lib/python2.7/dist-packages:${PYTHONPATH} ROS_PACKAGE_PATH=/home/agilex/autoware.ai/install/vector_map/share:/home/agilex/autoware.ai/install/vector_map_msgs/share:/home/agilex/autoware.ai/install/autoware_build_flags/share:${ROS_PACKAGE_PATH} /usr/bin/cmake --build /home/agilex/autoware.ai/build/road_occupancy_processor --target install -- -j8 -l8
