[0.020s] Invoking command in '/home/agilex/autoware.ai/build/lidar_naive_l_shape_detect': CMAKE_PREFIX_PATH=/home/agilex/autoware.ai/install/autoware_msgs:/home/agilex/autoware.ai/install/autoware_build_flags:${CMAKE_PREFIX_PATH} PKG_CONFIG_PATH=/home/agilex/autoware.ai/install/autoware_msgs/lib/x86_64-linux-gnu/pkgconfig:/home/agilex/autoware.ai/install/autoware_msgs/lib/pkgconfig:/home/agilex/autoware.ai/install/autoware_build_flags/lib/x86_64-linux-gnu/pkgconfig:/home/agilex/autoware.ai/install/autoware_build_flags/lib/pkgconfig:${PKG_CONFIG_PATH} PYTHONPATH=/home/agilex/autoware.ai/install/autoware_msgs/lib/python2.7/dist-packages:${PYTHONPATH} ROS_PACKAGE_PATH=/home/agilex/autoware.ai/install/autoware_msgs/share:/home/agilex/autoware.ai/install/autoware_build_flags/share:${ROS_PACKAGE_PATH} /usr/bin/cmake /home/agilex/autoware.ai/src/autoware/core_perception/lidar_naive_l_shape_detect -DCMAKE_BUILD_TYPE=Release -DCATKIN_INSTALL_INTO_PREFIX_ROOT=0 -DCMAKE_INSTALL_PREFIX=/home/agilex/autoware.ai/install/lidar_naive_l_shape_detect
[0.081s] -- The C compiler identification is GNU 7.5.0
[0.137s] -- The CXX compiler identification is GNU 7.5.0
[0.141s] -- Check for working C compiler: /usr/bin/cc
[0.198s] -- Check for working C compiler: /usr/bin/cc -- works
[0.201s] -- Detecting C compiler ABI info
[0.259s] -- Detecting C compiler ABI info - done
[0.260s] -- Detecting C compile features
[0.444s] -- Detecting C compile features - done
[0.447s] -- Check for working CXX compiler: /usr/bin/c++
[0.519s] -- Check for working CXX compiler: /usr/bin/c++ -- works
[0.519s] -- Detecting CXX compiler ABI info
[0.588s] -- Detecting CXX compiler ABI info - done
[0.595s] -- Detecting CXX compile features
[0.909s] -- Detecting CXX compile features - done
[0.910s] -- CUDA compilation status: .
[0.965s] -- Using CATKIN_DEVEL_PREFIX: /home/agilex/autoware.ai/build/lidar_naive_l_shape_detect/devel
[0.965s] -- Using CMAKE_PREFIX_PATH: /home/agilex/autoware.ai/install/autoware_msgs;/home/agilex/autoware.ai/install/autoware_build_flags;/opt/ros/melodic
[0.965s] -- This workspace overlays: /home/agilex/autoware.ai/install/autoware_msgs;/home/agilex/autoware.ai/install/autoware_build_flags;/opt/ros/melodic
[0.977s] -- Found PythonInterp: /usr/bin/python2 (found suitable version "2.7.17", minimum required is "2") 
[0.977s] -- Using PYTHON_EXECUTABLE: /usr/bin/python2
[0.977s] -- Using Debian Python package layout
[0.978s] -- Using empy: /usr/bin/empy
[1.127s] -- Using CATKIN_ENABLE_TESTING: ON
[1.127s] -- Call enable_testing()
[1.129s] -- Using CATKIN_TEST_RESULTS_DIR: /home/agilex/autoware.ai/build/lidar_naive_l_shape_detect/test_results
[1.145s] -- Found gtest sources under '/usr/src/googletest': gtests will be built
[1.145s] -- Found gmock sources under '/usr/src/googletest': gmock will be built
[1.159s] -- Found PythonInterp: /usr/bin/python2 (found version "2.7.17") 
[1.159s] -- Looking for pthread.h
[1.224s] -- Looking for pthread.h - found
[1.224s] -- Looking for pthread_create
[1.290s] -- Looking for pthread_create - not found
[1.290s] -- Looking for pthread_create in pthreads
[1.335s] -- Looking for pthread_create in pthreads - not found
[1.335s] -- Looking for pthread_create in pthread
[1.401s] -- Looking for pthread_create in pthread - found
[1.402s] -- Found Threads: TRUE  
[1.406s] -- Using Python nosetests: /usr/bin/nosetests-2.7
[1.445s] -- catkin 0.7.29
[1.445s] -- BUILD_SHARED_LIBS is on
[1.541s] -- Using these message generators: gencpp;geneus;genlisp;gennodejs;genpy
[2.334s] -- Found OpenCV: /usr (found version "3.2.0") 
[2.461s] -- Configuring done
[2.516s] -- Generating done
[2.526s] -- Build files have been written to: /home/agilex/autoware.ai/build/lidar_naive_l_shape_detect
[2.534s] Invoked command in '/home/agilex/autoware.ai/build/lidar_naive_l_shape_detect' returned '0': CMAKE_PREFIX_PATH=/home/agilex/autoware.ai/install/autoware_msgs:/home/agilex/autoware.ai/install/autoware_build_flags:${CMAKE_PREFIX_PATH} PKG_CONFIG_PATH=/home/agilex/autoware.ai/install/autoware_msgs/lib/x86_64-linux-gnu/pkgconfig:/home/agilex/autoware.ai/install/autoware_msgs/lib/pkgconfig:/home/agilex/autoware.ai/install/autoware_build_flags/lib/x86_64-linux-gnu/pkgconfig:/home/agilex/autoware.ai/install/autoware_build_flags/lib/pkgconfig:${PKG_CONFIG_PATH} PYTHONPATH=/home/agilex/autoware.ai/install/autoware_msgs/lib/python2.7/dist-packages:${PYTHONPATH} ROS_PACKAGE_PATH=/home/agilex/autoware.ai/install/autoware_msgs/share:/home/agilex/autoware.ai/install/autoware_build_flags/share:${ROS_PACKAGE_PATH} /usr/bin/cmake /home/agilex/autoware.ai/src/autoware/core_perception/lidar_naive_l_shape_detect -DCMAKE_BUILD_TYPE=Release -DCATKIN_INSTALL_INTO_PREFIX_ROOT=0 -DCMAKE_INSTALL_PREFIX=/home/agilex/autoware.ai/install/lidar_naive_l_shape_detect
[2.535s] Invoking command in '/home/agilex/autoware.ai/build/lidar_naive_l_shape_detect': CMAKE_PREFIX_PATH=/home/agilex/autoware.ai/install/autoware_msgs:/home/agilex/autoware.ai/install/autoware_build_flags:${CMAKE_PREFIX_PATH} PKG_CONFIG_PATH=/home/agilex/autoware.ai/install/autoware_msgs/lib/x86_64-linux-gnu/pkgconfig:/home/agilex/autoware.ai/install/autoware_msgs/lib/pkgconfig:/home/agilex/autoware.ai/install/autoware_build_flags/lib/x86_64-linux-gnu/pkgconfig:/home/agilex/autoware.ai/install/autoware_build_flags/lib/pkgconfig:${PKG_CONFIG_PATH} PYTHONPATH=/home/agilex/autoware.ai/install/autoware_msgs/lib/python2.7/dist-packages:${PYTHONPATH} ROS_PACKAGE_PATH=/home/agilex/autoware.ai/install/autoware_msgs/share:/home/agilex/autoware.ai/install/autoware_build_flags/share:${ROS_PACKAGE_PATH} /usr/bin/cmake --build /home/agilex/autoware.ai/build/lidar_naive_l_shape_detect -- -j8 -l8
[2.579s] [35m[1mScanning dependencies of target std_srvs_generate_messages_lisp[0m
[2.587s] [  0%] Built target std_srvs_generate_messages_lisp
[2.596s] [35m[1mScanning dependencies of target tf_generate_messages_nodejs[0m
[2.605s] [  0%] Built target tf_generate_messages_nodejs
[2.614s] [35m[1mScanning dependencies of target tf_generate_messages_lisp[0m
[2.622s] [  0%] Built target tf_generate_messages_lisp
[2.631s] [35m[1mScanning dependencies of target topic_tools_generate_messages_nodejs[0m
[2.645s] [  0%] Built target topic_tools_generate_messages_nodejs
[2.653s] [35m[1mScanning dependencies of target topic_tools_generate_messages_eus[0m
[2.661s] [  0%] Built target topic_tools_generate_messages_eus
[2.672s] [35m[1mScanning dependencies of target topic_tools_generate_messages_cpp[0m
[2.682s] [  0%] Built target topic_tools_generate_messages_cpp
[2.690s] [35m[1mScanning dependencies of target std_srvs_generate_messages_py[0m
[2.704s] [  0%] Built target std_srvs_generate_messages_py
[2.713s] [35m[1mScanning dependencies of target jsk_footstep_msgs_generate_messages_nodejs[0m
[2.725s] [  0%] Built target jsk_footstep_msgs_generate_messages_nodejs
[2.734s] [35m[1mScanning dependencies of target jsk_footstep_msgs_generate_messages_lisp[0m
[2.743s] [  0%] Built target jsk_footstep_msgs_generate_messages_lisp
[2.754s] [35m[1mScanning dependencies of target jsk_footstep_msgs_generate_messages_eus[0m
[2.762s] [  0%] Built target jsk_footstep_msgs_generate_messages_eus
[2.774s] [35m[1mScanning dependencies of target actionlib_msgs_generate_messages_py[0m
[2.784s] [  0%] Built target actionlib_msgs_generate_messages_py
[2.793s] [35m[1mScanning dependencies of target geometry_msgs_generate_messages_py[0m
[2.801s] [  0%] Built target geometry_msgs_generate_messages_py
[2.820s] [35m[1mScanning dependencies of target pcl_msgs_generate_messages_nodejs[0m
[2.828s] [  0%] Built target pcl_msgs_generate_messages_nodejs
[2.837s] [35m[1mScanning dependencies of target nodelet_generate_messages_nodejs[0m
[2.850s] [  0%] Built target nodelet_generate_messages_nodejs
[2.859s] [35m[1mScanning dependencies of target jsk_recognition_msgs_generate_messages_py[0m
[2.869s] [  0%] Built target jsk_recognition_msgs_generate_messages_py
[2.882s] [35m[1mScanning dependencies of target pcl_msgs_generate_messages_eus[0m
[2.890s] [  0%] Built target pcl_msgs_generate_messages_eus
[2.899s] [35m[1mScanning dependencies of target rosgraph_msgs_generate_messages_eus[0m
[2.907s] [  0%] Built target rosgraph_msgs_generate_messages_eus
[2.918s] [35m[1mScanning dependencies of target jsk_recognition_msgs_generate_messages_lisp[0m
[2.927s] [  0%] Built target jsk_recognition_msgs_generate_messages_lisp
[2.936s] [35m[1mScanning dependencies of target tf_generate_messages_eus[0m
[2.947s] [  0%] Built target tf_generate_messages_eus
[2.956s] [35m[1mScanning dependencies of target jsk_footstep_msgs_generate_messages_cpp[0m
[2.965s] [  0%] Built target jsk_footstep_msgs_generate_messages_cpp
[2.975s] [35m[1mScanning dependencies of target actionlib_msgs_generate_messages_cpp[0m
[2.988s] [  0%] Built target actionlib_msgs_generate_messages_cpp
[2.996s] [35m[1mScanning dependencies of target jsk_recognition_msgs_generate_messages_eus[0m
[3.005s] [  0%] Built target jsk_recognition_msgs_generate_messages_eus
[3.013s] [35m[1mScanning dependencies of target sensor_msgs_generate_messages_nodejs[0m
[3.023s] [  0%] Built target sensor_msgs_generate_messages_nodejs
[3.035s] [35m[1mScanning dependencies of target roscpp_generate_messages_cpp[0m
[3.043s] [  0%] Built target roscpp_generate_messages_cpp
[3.056s] [35m[1mScanning dependencies of target autoware_msgs_generate_messages_lisp[0m
[3.066s] [  0%] Built target autoware_msgs_generate_messages_lisp
[3.074s] [35m[1mScanning dependencies of target jsk_footstep_msgs_generate_messages_py[0m
[3.083s] [  0%] Built target jsk_footstep_msgs_generate_messages_py
[3.091s] [35m[1mScanning dependencies of target std_msgs_generate_messages_cpp[0m
[3.100s] [  0%] Built target std_msgs_generate_messages_cpp
[3.109s] [35m[1mScanning dependencies of target sensor_msgs_generate_messages_py[0m
[3.117s] [  0%] Built target sensor_msgs_generate_messages_py
[3.127s] [35m[1mScanning dependencies of target nodelet_generate_messages_py[0m
[3.136s] [  0%] Built target nodelet_generate_messages_py
[3.144s] [35m[1mScanning dependencies of target actionlib_generate_messages_lisp[0m
[3.152s] [  0%] Built target actionlib_generate_messages_lisp
[3.161s] [35m[1mScanning dependencies of target geometry_msgs_generate_messages_cpp[0m
[3.173s] [  0%] Built target geometry_msgs_generate_messages_cpp
[3.181s] [35m[1mScanning dependencies of target geometry_msgs_generate_messages_lisp[0m
[3.191s] [  0%] Built target geometry_msgs_generate_messages_lisp
[3.200s] [35m[1mScanning dependencies of target nodelet_generate_messages_lisp[0m
[3.209s] [  0%] Built target nodelet_generate_messages_lisp
[3.222s] [35m[1mScanning dependencies of target autoware_msgs_generate_messages_py[0m
[3.239s] [  0%] Built target autoware_msgs_generate_messages_py
[3.248s] [35m[1mScanning dependencies of target std_msgs_generate_messages_py[0m
[3.260s] [  0%] Built target std_msgs_generate_messages_py
[3.279s] [35m[1mScanning dependencies of target autoware_msgs_generate_messages_cpp[0m
[3.287s] [  0%] Built target autoware_msgs_generate_messages_cpp
[3.296s] [35m[1mScanning dependencies of target rosgraph_msgs_generate_messages_cpp[0m
[3.305s] [  0%] Built target rosgraph_msgs_generate_messages_cpp
[3.321s] [35m[1mScanning dependencies of target tf_generate_messages_py[0m
[3.327s] [  0%] Built target tf_generate_messages_py
[3.335s] [35m[1mScanning dependencies of target dynamic_reconfigure_generate_messages_cpp[0m
[3.344s] [  0%] Built target dynamic_reconfigure_generate_messages_cpp
[3.354s] [35m[1mScanning dependencies of target pcl_msgs_generate_messages_cpp[0m
[3.365s] [  0%] Built target pcl_msgs_generate_messages_cpp
[3.378s] [35m[1mScanning dependencies of target dynamic_reconfigure_generate_messages_lisp[0m
[3.388s] [  0%] Built target dynamic_reconfigure_generate_messages_lisp
[3.400s] [35m[1mScanning dependencies of target topic_tools_generate_messages_lisp[0m
[3.409s] [  0%] Built target topic_tools_generate_messages_lisp
[3.418s] [35m[1mScanning dependencies of target jsk_recognition_msgs_generate_messages_cpp[0m
[3.433s] [  0%] Built target jsk_recognition_msgs_generate_messages_cpp
[3.442s] [35m[1mScanning dependencies of target sensor_msgs_generate_messages_lisp[0m
[3.452s] [  0%] Built target sensor_msgs_generate_messages_lisp
[3.460s] [35m[1mScanning dependencies of target std_srvs_generate_messages_cpp[0m
[3.472s] [  0%] Built target std_srvs_generate_messages_cpp
[3.481s] [35m[1mScanning dependencies of target autoware_msgs_generate_messages_eus[0m
[3.489s] [  0%] Built target autoware_msgs_generate_messages_eus
[3.500s] [35m[1mScanning dependencies of target actionlib_generate_messages_nodejs[0m
[3.510s] [  0%] Built target actionlib_generate_messages_nodejs
[3.521s] [35m[1mScanning dependencies of target tf_generate_messages_cpp[0m
[3.532s] [  0%] Built target tf_generate_messages_cpp
[3.542s] [35m[1mScanning dependencies of target pcl_msgs_generate_messages_lisp[0m
[3.551s] [  0%] Built target pcl_msgs_generate_messages_lisp
[3.561s] [35m[1mScanning dependencies of target autoware_msgs_generate_messages_nodejs[0m
[3.571s] [  0%] Built target autoware_msgs_generate_messages_nodejs
[3.584s] [35m[1mScanning dependencies of target std_msgs_generate_messages_eus[0m
[3.593s] [  0%] Built target std_msgs_generate_messages_eus
[3.602s] [35m[1mScanning dependencies of target geometry_msgs_generate_messages_eus[0m
[3.613s] [  0%] Built target geometry_msgs_generate_messages_eus
[3.620s] [35m[1mScanning dependencies of target std_msgs_generate_messages_nodejs[0m
[3.628s] [  0%] Built target std_msgs_generate_messages_nodejs
[3.636s] [35m[1mScanning dependencies of target bond_generate_messages_lisp[0m
[3.645s] [  0%] Built target bond_generate_messages_lisp
[3.654s] [35m[1mScanning dependencies of target actionlib_generate_messages_eus[0m
[3.662s] [  0%] Built target actionlib_generate_messages_eus
[3.671s] [35m[1mScanning dependencies of target pcl_msgs_generate_messages_py[0m
[3.681s] [  0%] Built target pcl_msgs_generate_messages_py
[3.689s] [35m[1mScanning dependencies of target sensor_msgs_generate_messages_eus[0m
[3.698s] [  0%] Built target sensor_msgs_generate_messages_eus
[3.712s] [35m[1mScanning dependencies of target roscpp_generate_messages_nodejs[0m
[3.729s] [  0%] Built target roscpp_generate_messages_nodejs
[3.739s] [35m[1mScanning dependencies of target std_msgs_generate_messages_lisp[0m
[3.750s] [  0%] Built target std_msgs_generate_messages_lisp
[3.763s] [35m[1mScanning dependencies of target sensor_msgs_generate_messages_cpp[0m
[3.770s] [  0%] Built target sensor_msgs_generate_messages_cpp
[3.778s] [35m[1mScanning dependencies of target actionlib_msgs_generate_messages_lisp[0m
[3.790s] [  0%] Built target actionlib_msgs_generate_messages_lisp
[3.798s] [35m[1mScanning dependencies of target geometry_msgs_generate_messages_nodejs[0m
[3.807s] [  0%] Built target geometry_msgs_generate_messages_nodejs
[3.816s] [35m[1mScanning dependencies of target jsk_recognition_msgs_generate_messages_nodejs[0m
[3.830s] [  0%] Built target jsk_recognition_msgs_generate_messages_nodejs
[3.842s] [35m[1mScanning dependencies of target std_srvs_generate_messages_eus[0m
[3.854s] [  0%] Built target std_srvs_generate_messages_eus
[3.863s] [35m[1mScanning dependencies of target roscpp_generate_messages_lisp[0m
[3.871s] [  0%] Built target roscpp_generate_messages_lisp
[3.880s] [35m[1mScanning dependencies of target bond_generate_messages_eus[0m
[3.889s] [  0%] Built target bond_generate_messages_eus
[3.899s] [35m[1mScanning dependencies of target roscpp_generate_messages_py[0m
[3.908s] [  0%] Built target roscpp_generate_messages_py
[3.920s] [35m[1mScanning dependencies of target rosgraph_msgs_generate_messages_lisp[0m
[3.932s] [  0%] Built target rosgraph_msgs_generate_messages_lisp
[3.940s] [35m[1mScanning dependencies of target rosgraph_msgs_generate_messages_nodejs[0m
[3.955s] [  0%] Built target rosgraph_msgs_generate_messages_nodejs
[3.964s] [35m[1mScanning dependencies of target actionlib_msgs_generate_messages_eus[0m
[3.973s] [  0%] Built target actionlib_msgs_generate_messages_eus
[3.986s] [35m[1mScanning dependencies of target roscpp_generate_messages_eus[0m
[3.995s] [  0%] Built target roscpp_generate_messages_eus
[4.004s] [35m[1mScanning dependencies of target rosgraph_msgs_generate_messages_py[0m
[4.012s] [  0%] Built target rosgraph_msgs_generate_messages_py
[4.021s] [35m[1mScanning dependencies of target pcl_ros_gencfg[0m
[4.032s] [  0%] Built target pcl_ros_gencfg
[4.041s] [35m[1mScanning dependencies of target dynamic_reconfigure_generate_messages_eus[0m
[4.052s] [  0%] Built target dynamic_reconfigure_generate_messages_eus
[4.060s] [35m[1mScanning dependencies of target dynamic_reconfigure_generate_messages_nodejs[0m
[4.069s] [  0%] Built target dynamic_reconfigure_generate_messages_nodejs
[4.080s] [35m[1mScanning dependencies of target dynamic_reconfigure_generate_messages_py[0m
[4.089s] [  0%] Built target dynamic_reconfigure_generate_messages_py
[4.097s] [35m[1mScanning dependencies of target tf2_msgs_generate_messages_lisp[0m
[4.106s] [  0%] Built target tf2_msgs_generate_messages_lisp
[4.115s] [35m[1mScanning dependencies of target dynamic_reconfigure_gencfg[0m
[4.129s] [  0%] Built target dynamic_reconfigure_gencfg
[4.136s] [35m[1mScanning dependencies of target nodelet_generate_messages_cpp[0m
[4.146s] [  0%] Built target nodelet_generate_messages_cpp
[4.157s] [35m[1mScanning dependencies of target bond_generate_messages_py[0m
[4.165s] [  0%] Built target bond_generate_messages_py
[4.180s] [35m[1mScanning dependencies of target std_srvs_generate_messages_nodejs[0m
[4.191s] [  0%] Built target std_srvs_generate_messages_nodejs
[4.204s] [35m[1mScanning dependencies of target nodelet_generate_messages_eus[0m
[4.216s] [  0%] Built target nodelet_generate_messages_eus
[4.226s] [35m[1mScanning dependencies of target bond_generate_messages_cpp[0m
[4.237s] [  0%] Built target bond_generate_messages_cpp
[4.246s] [35m[1mScanning dependencies of target bond_generate_messages_nodejs[0m
[4.255s] [  0%] Built target bond_generate_messages_nodejs
[4.269s] [35m[1mScanning dependencies of target topic_tools_generate_messages_py[0m
[4.285s] [  0%] Built target topic_tools_generate_messages_py
[4.293s] [35m[1mScanning dependencies of target actionlib_msgs_generate_messages_nodejs[0m
[4.303s] [  0%] Built target actionlib_msgs_generate_messages_nodejs
[4.311s] [35m[1mScanning dependencies of target nodelet_topic_tools_gencfg[0m
[4.324s] [  0%] Built target nodelet_topic_tools_gencfg
[4.332s] [35m[1mScanning dependencies of target actionlib_generate_messages_cpp[0m
[4.342s] [  0%] Built target actionlib_generate_messages_cpp
[4.351s] [35m[1mScanning dependencies of target actionlib_generate_messages_py[0m
[4.360s] [  0%] Built target actionlib_generate_messages_py
[4.370s] [35m[1mScanning dependencies of target tf2_msgs_generate_messages_py[0m
[4.379s] [  0%] Built target tf2_msgs_generate_messages_py
[4.388s] [35m[1mScanning dependencies of target tf2_msgs_generate_messages_cpp[0m
[4.397s] [  0%] Built target tf2_msgs_generate_messages_cpp
[4.406s] [35m[1mScanning dependencies of target tf2_msgs_generate_messages_eus[0m
[4.415s] [  0%] Built target tf2_msgs_generate_messages_eus
[4.424s] [35m[1mScanning dependencies of target tf2_msgs_generate_messages_nodejs[0m
[4.433s] [  0%] Built target tf2_msgs_generate_messages_nodejs
[4.442s] [35m[1mScanning dependencies of target lidar_naive_l_shape_detect[0m
[4.506s] [ 33%] [32mBuilding CXX object CMakeFiles/lidar_naive_l_shape_detect.dir/nodes/lidar_naive_l_shape_detect/lidar_naive_l_shape_detect_node.cpp.o[0m
[10.630s] [ 66%] [32mBuilding CXX object CMakeFiles/lidar_naive_l_shape_detect.dir/nodes/lidar_naive_l_shape_detect/lidar_naive_l_shape_detect.cpp.o[0m
[18.654s] [100%] [32m[1mLinking CXX executable devel/lib/lidar_naive_l_shape_detect/lidar_naive_l_shape_detect[0m
[19.100s] [100%] Built target lidar_naive_l_shape_detect
[19.112s] Invoked command in '/home/agilex/autoware.ai/build/lidar_naive_l_shape_detect' returned '0': CMAKE_PREFIX_PATH=/home/agilex/autoware.ai/install/autoware_msgs:/home/agilex/autoware.ai/install/autoware_build_flags:${CMAKE_PREFIX_PATH} PKG_CONFIG_PATH=/home/agilex/autoware.ai/install/autoware_msgs/lib/x86_64-linux-gnu/pkgconfig:/home/agilex/autoware.ai/install/autoware_msgs/lib/pkgconfig:/home/agilex/autoware.ai/install/autoware_build_flags/lib/x86_64-linux-gnu/pkgconfig:/home/agilex/autoware.ai/install/autoware_build_flags/lib/pkgconfig:${PKG_CONFIG_PATH} PYTHONPATH=/home/agilex/autoware.ai/install/autoware_msgs/lib/python2.7/dist-packages:${PYTHONPATH} ROS_PACKAGE_PATH=/home/agilex/autoware.ai/install/autoware_msgs/share:/home/agilex/autoware.ai/install/autoware_build_flags/share:${ROS_PACKAGE_PATH} /usr/bin/cmake --build /home/agilex/autoware.ai/build/lidar_naive_l_shape_detect -- -j8 -l8
[19.193s] Invoking command in '/home/agilex/autoware.ai/build/lidar_naive_l_shape_detect': CMAKE_PREFIX_PATH=/home/agilex/autoware.ai/install/autoware_msgs:/home/agilex/autoware.ai/install/autoware_build_flags:${CMAKE_PREFIX_PATH} PKG_CONFIG_PATH=/home/agilex/autoware.ai/install/autoware_msgs/lib/x86_64-linux-gnu/pkgconfig:/home/agilex/autoware.ai/install/autoware_msgs/lib/pkgconfig:/home/agilex/autoware.ai/install/autoware_build_flags/lib/x86_64-linux-gnu/pkgconfig:/home/agilex/autoware.ai/install/autoware_build_flags/lib/pkgconfig:${PKG_CONFIG_PATH} PYTHONPATH=/home/agilex/autoware.ai/install/autoware_msgs/lib/python2.7/dist-packages:${PYTHONPATH} ROS_PACKAGE_PATH=/home/agilex/autoware.ai/install/autoware_msgs/share:/home/agilex/autoware.ai/install/autoware_build_flags/share:${ROS_PACKAGE_PATH} /usr/bin/cmake --build /home/agilex/autoware.ai/build/lidar_naive_l_shape_detect --target tests -- -j8 -l8
[19.244s] [35m[1mScanning dependencies of target tests[0m
[19.253s] Built target tests
[19.265s] Invoked command in '/home/agilex/autoware.ai/build/lidar_naive_l_shape_detect' returned '0': CMAKE_PREFIX_PATH=/home/agilex/autoware.ai/install/autoware_msgs:/home/agilex/autoware.ai/install/autoware_build_flags:${CMAKE_PREFIX_PATH} PKG_CONFIG_PATH=/home/agilex/autoware.ai/install/autoware_msgs/lib/x86_64-linux-gnu/pkgconfig:/home/agilex/autoware.ai/install/autoware_msgs/lib/pkgconfig:/home/agilex/autoware.ai/install/autoware_build_flags/lib/x86_64-linux-gnu/pkgconfig:/home/agilex/autoware.ai/install/autoware_build_flags/lib/pkgconfig:${PKG_CONFIG_PATH} PYTHONPATH=/home/agilex/autoware.ai/install/autoware_msgs/lib/python2.7/dist-packages:${PYTHONPATH} ROS_PACKAGE_PATH=/home/agilex/autoware.ai/install/autoware_msgs/share:/home/agilex/autoware.ai/install/autoware_build_flags/share:${ROS_PACKAGE_PATH} /usr/bin/cmake --build /home/agilex/autoware.ai/build/lidar_naive_l_shape_detect --target tests -- -j8 -l8
[19.338s] Invoking command in '/home/agilex/autoware.ai/build/lidar_naive_l_shape_detect': CMAKE_PREFIX_PATH=/home/agilex/autoware.ai/install/autoware_msgs:/home/agilex/autoware.ai/install/autoware_build_flags:${CMAKE_PREFIX_PATH} PKG_CONFIG_PATH=/home/agilex/autoware.ai/install/autoware_msgs/lib/x86_64-linux-gnu/pkgconfig:/home/agilex/autoware.ai/install/autoware_msgs/lib/pkgconfig:/home/agilex/autoware.ai/install/autoware_build_flags/lib/x86_64-linux-gnu/pkgconfig:/home/agilex/autoware.ai/install/autoware_build_flags/lib/pkgconfig:${PKG_CONFIG_PATH} PYTHONPATH=/home/agilex/autoware.ai/install/autoware_msgs/lib/python2.7/dist-packages:${PYTHONPATH} ROS_PACKAGE_PATH=/home/agilex/autoware.ai/install/autoware_msgs/share:/home/agilex/autoware.ai/install/autoware_build_flags/share:${ROS_PACKAGE_PATH} /usr/bin/cmake --build /home/agilex/autoware.ai/build/lidar_naive_l_shape_detect --target install -- -j8 -l8
[19.389s] [  0%] Built target std_srvs_generate_messages_lisp
[19.407s] [  0%] Built target tf_generate_messages_nodejs
[19.426s] [  0%] Built target tf_generate_messages_lisp
[19.444s] [  0%] Built target topic_tools_generate_messages_nodejs
[19.462s] [  0%] Built target topic_tools_generate_messages_eus
[19.479s] [  0%] Built target topic_tools_generate_messages_cpp
[19.496s] [  0%] Built target std_srvs_generate_messages_py
[19.514s] [  0%] Built target jsk_footstep_msgs_generate_messages_nodejs
[19.531s] [  0%] Built target jsk_footstep_msgs_generate_messages_lisp
[19.549s] [  0%] Built target jsk_footstep_msgs_generate_messages_eus
[19.568s] [  0%] Built target actionlib_msgs_generate_messages_py
[19.585s] [  0%] Built target geometry_msgs_generate_messages_py
[19.601s] [  0%] Built target pcl_msgs_generate_messages_nodejs
[19.618s] [  0%] Built target nodelet_generate_messages_nodejs
[19.640s] [  0%] Built target jsk_recognition_msgs_generate_messages_py
[19.660s] [  0%] Built target pcl_msgs_generate_messages_eus
[19.678s] [  0%] Built target rosgraph_msgs_generate_messages_eus
[19.695s] [  0%] Built target jsk_recognition_msgs_generate_messages_lisp
[19.712s] [  0%] Built target tf_generate_messages_eus
[19.729s] [  0%] Built target jsk_footstep_msgs_generate_messages_cpp
[19.749s] [  0%] Built target actionlib_msgs_generate_messages_cpp
[19.772s] [  0%] Built target jsk_recognition_msgs_generate_messages_eus
[19.788s] [  0%] Built target sensor_msgs_generate_messages_nodejs
[19.805s] [  0%] Built target roscpp_generate_messages_cpp
[19.822s] [  0%] Built target autoware_msgs_generate_messages_lisp
[19.840s] [  0%] Built target jsk_footstep_msgs_generate_messages_py
[19.859s] [  0%] Built target std_msgs_generate_messages_cpp
[19.876s] [  0%] Built target sensor_msgs_generate_messages_py
[19.893s] [  0%] Built target nodelet_generate_messages_py
[19.909s] [  0%] Built target actionlib_generate_messages_lisp
[19.928s] [  0%] Built target geometry_msgs_generate_messages_cpp
[19.944s] [  0%] Built target geometry_msgs_generate_messages_lisp
[19.971s] [  0%] Built target nodelet_generate_messages_lisp
[19.988s] [  0%] Built target autoware_msgs_generate_messages_py
[20.010s] [  0%] Built target std_msgs_generate_messages_py
[20.028s] [  0%] Built target autoware_msgs_generate_messages_cpp
[20.047s] [  0%] Built target rosgraph_msgs_generate_messages_cpp
[20.065s] [  0%] Built target tf_generate_messages_py
[20.083s] [  0%] Built target dynamic_reconfigure_generate_messages_cpp
[20.101s] [  0%] Built target pcl_msgs_generate_messages_cpp
[20.119s] [  0%] Built target dynamic_reconfigure_generate_messages_lisp
[20.136s] [  0%] Built target topic_tools_generate_messages_lisp
[20.152s] [  0%] Built target jsk_recognition_msgs_generate_messages_cpp
[20.169s] [  0%] Built target sensor_msgs_generate_messages_lisp
[20.188s] [  0%] Built target std_srvs_generate_messages_cpp
[20.205s] [  0%] Built target autoware_msgs_generate_messages_eus
[20.222s] [  0%] Built target actionlib_generate_messages_nodejs
[20.238s] [  0%] Built target tf_generate_messages_cpp
[20.258s] [  0%] Built target pcl_msgs_generate_messages_lisp
[20.276s] [  0%] Built target autoware_msgs_generate_messages_nodejs
[20.294s] [  0%] Built target std_msgs_generate_messages_eus
[20.312s] [  0%] Built target geometry_msgs_generate_messages_eus
[20.330s] [  0%] Built target std_msgs_generate_messages_nodejs
[20.352s] [  0%] Built target bond_generate_messages_lisp
[20.372s] [  0%] Built target actionlib_generate_messages_eus
[20.389s] [  0%] Built target pcl_msgs_generate_messages_py
[20.408s] [  0%] Built target sensor_msgs_generate_messages_eus
[20.432s] [  0%] Built target roscpp_generate_messages_nodejs
[20.452s] [  0%] Built target std_msgs_generate_messages_lisp
[20.481s] [  0%] Built target sensor_msgs_generate_messages_cpp
[20.500s] [  0%] Built target actionlib_msgs_generate_messages_lisp
[20.521s] [  0%] Built target geometry_msgs_generate_messages_nodejs
[20.540s] [  0%] Built target jsk_recognition_msgs_generate_messages_nodejs
[20.582s] [  0%] Built target std_srvs_generate_messages_eus
[20.625s] [  0%] Built target roscpp_generate_messages_lisp
[20.659s] [  0%] Built target bond_generate_messages_eus
[20.698s] [  0%] Built target roscpp_generate_messages_py
[20.738s] [  0%] Built target rosgraph_msgs_generate_messages_lisp
[20.776s] [  0%] Built target rosgraph_msgs_generate_messages_nodejs
[20.806s] [  0%] Built target actionlib_msgs_generate_messages_eus
[20.857s] [  0%] Built target roscpp_generate_messages_eus
[20.892s] [  0%] Built target rosgraph_msgs_generate_messages_py
[20.943s] [  0%] Built target pcl_ros_gencfg
[20.976s] [  0%] Built target dynamic_reconfigure_generate_messages_eus
[21.011s] [  0%] Built target dynamic_reconfigure_generate_messages_nodejs
[21.047s] [  0%] Built target dynamic_reconfigure_generate_messages_py
[21.091s] [  0%] Built target tf2_msgs_generate_messages_lisp
[21.125s] [  0%] Built target dynamic_reconfigure_gencfg
[21.177s] [  0%] Built target nodelet_generate_messages_cpp
[21.229s] [  0%] Built target bond_generate_messages_py
[21.259s] [  0%] Built target std_srvs_generate_messages_nodejs
[21.290s] [  0%] Built target nodelet_generate_messages_eus
[21.331s] [  0%] Built target bond_generate_messages_cpp
[21.366s] [  0%] Built target bond_generate_messages_nodejs
[21.410s] [  0%] Built target topic_tools_generate_messages_py
[21.451s] [  0%] Built target actionlib_msgs_generate_messages_nodejs
[21.476s] [  0%] Built target nodelet_topic_tools_gencfg
[21.494s] [  0%] Built target actionlib_generate_messages_cpp
[21.511s] [  0%] Built target actionlib_generate_messages_py
[21.529s] [  0%] Built target tf2_msgs_generate_messages_py
[21.547s] [  0%] Built target tf2_msgs_generate_messages_cpp
[21.565s] [  0%] Built target tf2_msgs_generate_messages_eus
[21.585s] [  0%] Built target tf2_msgs_generate_messages_nodejs
[21.619s] [100%] Built target lidar_naive_l_shape_detect
[21.639s] [36mInstall the project...[0m
[21.649s] -- Install configuration: "Release"
[21.650s] -- Installing: /home/agilex/autoware.ai/install/lidar_naive_l_shape_detect/lib/pkgconfig/lidar_naive_l_shape_detect.pc
[21.650s] -- Installing: /home/agilex/autoware.ai/install/lidar_naive_l_shape_detect/share/lidar_naive_l_shape_detect/cmake/lidar_naive_l_shape_detectConfig.cmake
[21.651s] -- Installing: /home/agilex/autoware.ai/install/lidar_naive_l_shape_detect/share/lidar_naive_l_shape_detect/cmake/lidar_naive_l_shape_detectConfig-version.cmake
[21.651s] -- Installing: /home/agilex/autoware.ai/install/lidar_naive_l_shape_detect/share/lidar_naive_l_shape_detect/package.xml
[21.651s] -- Installing: /home/agilex/autoware.ai/install/lidar_naive_l_shape_detect/lib/lidar_naive_l_shape_detect/lidar_naive_l_shape_detect
[21.652s] -- Set runtime path of "/home/agilex/autoware.ai/install/lidar_naive_l_shape_detect/lib/lidar_naive_l_shape_detect/lidar_naive_l_shape_detect" to ""
[21.652s] -- Installing: /home/agilex/autoware.ai/install/lidar_naive_l_shape_detect/share/lidar_naive_l_shape_detect/launch
[21.652s] -- Installing: /home/agilex/autoware.ai/install/lidar_naive_l_shape_detect/share/lidar_naive_l_shape_detect/launch/lidar_naive_l_shape_detect.launch
[21.656s] Invoked command in '/home/agilex/autoware.ai/build/lidar_naive_l_shape_detect' returned '0': CMAKE_PREFIX_PATH=/home/agilex/autoware.ai/install/autoware_msgs:/home/agilex/autoware.ai/install/autoware_build_flags:${CMAKE_PREFIX_PATH} PKG_CONFIG_PATH=/home/agilex/autoware.ai/install/autoware_msgs/lib/x86_64-linux-gnu/pkgconfig:/home/agilex/autoware.ai/install/autoware_msgs/lib/pkgconfig:/home/agilex/autoware.ai/install/autoware_build_flags/lib/x86_64-linux-gnu/pkgconfig:/home/agilex/autoware.ai/install/autoware_build_flags/lib/pkgconfig:${PKG_CONFIG_PATH} PYTHONPATH=/home/agilex/autoware.ai/install/autoware_msgs/lib/python2.7/dist-packages:${PYTHONPATH} ROS_PACKAGE_PATH=/home/agilex/autoware.ai/install/autoware_msgs/share:/home/agilex/autoware.ai/install/autoware_build_flags/share:${ROS_PACKAGE_PATH} /usr/bin/cmake --build /home/agilex/autoware.ai/build/lidar_naive_l_shape_detect --target install -- -j8 -l8
