[0.011s] Invoking command in '/home/agilex/autoware.ai/build/autoware_external_msgs': /usr/bin/cmake /home/agilex/autoware.ai/src/autoware/messages/autoware_external_msgs -DCMAKE_BUILD_TYPE=Release -DCATKIN_INSTALL_INTO_PREFIX_ROOT=0 -DCMAKE_INSTALL_PREFIX=/home/agilex/autoware.ai/install/autoware_external_msgs
[0.068s] -- The C compiler identification is GNU 7.5.0
[0.124s] -- The CXX compiler identification is GNU 7.5.0
[0.128s] -- Check for working C compiler: /usr/bin/cc
[0.203s] -- Check for working C compiler: /usr/bin/cc -- works
[0.204s] -- Detecting C compiler ABI info
[0.297s] -- Detecting C compiler ABI info - done
[0.305s] -- Detecting C compile features
[0.590s] -- Detecting C compile features - done
[0.593s] -- Check for working CXX compiler: /usr/bin/c++
[0.693s] -- Check for working CXX compiler: /usr/bin/c++ -- works
[0.694s] -- Detecting CXX compiler ABI info
[0.789s] -- Detecting CXX compiler ABI info - done
[0.798s] -- Detecting CXX compile features
[1.179s] -- Detecting CXX compile features - done
[1.180s] -- Using CATKIN_DEVEL_PREFIX: /home/agilex/autoware.ai/build/autoware_external_msgs/devel
[1.181s] -- Using CMAKE_PREFIX_PATH: /opt/ros/melodic
[1.181s] -- This workspace overlays: /opt/ros/melodic
[1.194s] -- Found PythonInterp: /usr/bin/python2 (found suitable version "2.7.17", minimum required is "2") 
[1.194s] -- Using PYTHON_EXECUTABLE: /usr/bin/python2
[1.195s] -- Using Debian Python package layout
[1.195s] -- Using empy: /usr/bin/empy
[1.353s] -- Using CATKIN_ENABLE_TESTING: ON
[1.353s] -- Call enable_testing()
[1.355s] -- Using CATKIN_TEST_RESULTS_DIR: /home/agilex/autoware.ai/build/autoware_external_msgs/test_results
[1.374s] -- Found gtest sources under '/usr/src/googletest': gtests will be built
[1.374s] -- Found gmock sources under '/usr/src/googletest': gmock will be built
[1.387s] -- Found PythonInterp: /usr/bin/python2 (found version "2.7.17") 
[1.388s] -- Looking for pthread.h
[1.456s] -- Looking for pthread.h - found
[1.457s] -- Looking for pthread_create
[1.516s] -- Looking for pthread_create - not found
[1.516s] -- Looking for pthread_create in pthreads
[1.569s] -- Looking for pthread_create in pthreads - not found
[1.569s] -- Looking for pthread_create in pthread
[1.628s] -- Looking for pthread_create in pthread - found
[1.629s] -- Found Threads: TRUE  
[1.633s] -- Using Python nosetests: /usr/bin/nosetests-2.7
[1.674s] -- catkin 0.7.29
[1.674s] -- BUILD_SHARED_LIBS is on
[1.873s] -- Configuring done
[1.882s] -- Generating done
[1.884s] -- Build files have been written to: /home/agilex/autoware.ai/build/autoware_external_msgs
[1.893s] Invoked command in '/home/agilex/autoware.ai/build/autoware_external_msgs' returned '0': /usr/bin/cmake /home/agilex/autoware.ai/src/autoware/messages/autoware_external_msgs -DCMAKE_BUILD_TYPE=Release -DCATKIN_INSTALL_INTO_PREFIX_ROOT=0 -DCMAKE_INSTALL_PREFIX=/home/agilex/autoware.ai/install/autoware_external_msgs
[1.893s] Invoking command in '/home/agilex/autoware.ai/build/autoware_external_msgs': /usr/bin/cmake --build /home/agilex/autoware.ai/build/autoware_external_msgs -- -j8 -l8
[1.929s] Invoked command in '/home/agilex/autoware.ai/build/autoware_external_msgs' returned '0': /usr/bin/cmake --build /home/agilex/autoware.ai/build/autoware_external_msgs -- -j8 -l8
[1.954s] Invoking command in '/home/agilex/autoware.ai/build/autoware_external_msgs': /usr/bin/cmake --build /home/agilex/autoware.ai/build/autoware_external_msgs --target tests -- -j8 -l8
[2.004s] [35m[1mScanning dependencies of target tests[0m
[2.014s] Built target tests
[2.030s] Invoked command in '/home/agilex/autoware.ai/build/autoware_external_msgs' returned '0': /usr/bin/cmake --build /home/agilex/autoware.ai/build/autoware_external_msgs --target tests -- -j8 -l8
[2.069s] Invoking command in '/home/agilex/autoware.ai/build/autoware_external_msgs': /usr/bin/cmake --build /home/agilex/autoware.ai/build/autoware_external_msgs --target install -- -j8 -l8
[2.114s] [36mInstall the project...[0m
[2.122s] -- Install configuration: "Release"
[2.123s] -- Installing: /home/agilex/autoware.ai/install/autoware_external_msgs/lib/pkgconfig/autoware_external_msgs.pc
[2.123s] -- Installing: /home/agilex/autoware.ai/install/autoware_external_msgs/share/autoware_external_msgs/cmake/autoware_external_msgsConfig.cmake
[2.123s] -- Installing: /home/agilex/autoware.ai/install/autoware_external_msgs/share/autoware_external_msgs/cmake/autoware_external_msgsConfig-version.cmake
[2.124s] -- Installing: /home/agilex/autoware.ai/install/autoware_external_msgs/share/autoware_external_msgs/package.xml
[2.128s] Invoked command in '/home/agilex/autoware.ai/build/autoware_external_msgs' returned '0': /usr/bin/cmake --build /home/agilex/autoware.ai/build/autoware_external_msgs --target install -- -j8 -l8
