[0.022s] Invoking command in '/home/agilex/autoware.ai/build/lidar_shape_estimation': CMAKE_PREFIX_PATH=/home/agilex/autoware.ai/install/autoware_msgs:/home/agilex/autoware.ai/install/autoware_build_flags:${CMAKE_PREFIX_PATH} PKG_CONFIG_PATH=/home/agilex/autoware.ai/install/autoware_msgs/lib/x86_64-linux-gnu/pkgconfig:/home/agilex/autoware.ai/install/autoware_msgs/lib/pkgconfig:/home/agilex/autoware.ai/install/autoware_build_flags/lib/x86_64-linux-gnu/pkgconfig:/home/agilex/autoware.ai/install/autoware_build_flags/lib/pkgconfig:${PKG_CONFIG_PATH} PYTHONPATH=/home/agilex/autoware.ai/install/autoware_msgs/lib/python2.7/dist-packages:${PYTHONPATH} ROS_PACKAGE_PATH=/home/agilex/autoware.ai/install/autoware_msgs/share:/home/agilex/autoware.ai/install/autoware_build_flags/share:${ROS_PACKAGE_PATH} /usr/bin/cmake --build /home/agilex/autoware.ai/build/lidar_shape_estimation -- -j8 -l8
[0.078s] [  0%] Built target std_srvs_generate_messages_lisp
[0.082s] [  0%] Built target tf2_msgs_generate_messages_cpp
[0.082s] [  0%] Built target tf2_msgs_generate_messages_nodejs
[0.083s] [  0%] Built target tf2_msgs_generate_messages_eus
[0.092s] [  0%] Built target tf2_msgs_generate_messages_py
[0.099s] [  0%] Built target tf_generate_messages_lisp
[0.103s] [  0%] Built target tf_generate_messages_nodejs
[0.107s] [  0%] Built target topic_tools_generate_messages_eus
[0.112s] [  0%] Built target actionlib_generate_messages_cpp
[0.114s] [  0%] Built target topic_tools_generate_messages_cpp
[0.123s] [  0%] Built target geometry_msgs_generate_messages_py
[0.129s] [  0%] Built target std_srvs_generate_messages_py
[0.130s] [  0%] Built target pcl_msgs_generate_messages_eus
[0.138s] [  0%] Built target rosgraph_msgs_generate_messages_eus
[0.141s] [  0%] Built target jsk_recognition_msgs_generate_messages_lisp
[0.157s] [  0%] Built target jsk_recognition_msgs_generate_messages_eus
[0.159s] [  0%] Built target actionlib_generate_messages_eus
[0.159s] [  0%] Built target sensor_msgs_generate_messages_nodejs
[0.164s] [  0%] Built target topic_tools_generate_messages_nodejs
[0.170s] [  0%] Built target pcl_msgs_generate_messages_py
[0.177s] [  0%] Built target geometry_msgs_generate_messages_lisp
[0.179s] [  0%] Built target geometry_msgs_generate_messages_cpp
[0.182s] [  0%] Built target geometry_msgs_generate_messages_eus
[0.184s] [  0%] Built target actionlib_generate_messages_lisp
[0.189s] [  0%] Built target autoware_msgs_generate_messages_cpp
[0.205s] [  0%] Built target dynamic_reconfigure_generate_messages_cpp
[0.212s] [  0%] Built target tf_generate_messages_py
[0.213s] [  0%] Built target nodelet_generate_messages_nodejs
[0.214s] [  0%] Built target pcl_msgs_generate_messages_nodejs
[0.219s] [  0%] Built target rosgraph_msgs_generate_messages_cpp
[0.231s] [  0%] Built target jsk_recognition_msgs_generate_messages_py
[0.234s] [  0%] Built target sensor_msgs_generate_messages_lisp
[0.236s] [  0%] Built target std_msgs_generate_messages_cpp
[0.243s] [  0%] Built target std_msgs_generate_messages_py
[0.248s] [  0%] Built target jsk_footstep_msgs_generate_messages_py
[0.259s] [  0%] Built target geometry_msgs_generate_messages_nodejs
[0.266s] [  0%] Built target nodelet_generate_messages_py
[0.275s] [  0%] Built target pcl_msgs_generate_messages_cpp
[0.279s] [  0%] Built target sensor_msgs_generate_messages_py
[0.288s] [  0%] Built target topic_tools_generate_messages_lisp
[0.289s] [  0%] Built target dynamic_reconfigure_generate_messages_lisp
[0.297s] [  0%] Built target jsk_recognition_msgs_generate_messages_cpp
[0.299s] [  0%] Built target autoware_msgs_generate_messages_lisp
[0.299s] [  0%] Built target autoware_msgs_generate_messages_eus
[0.315s] [  0%] Built target autoware_msgs_generate_messages_py
[0.320s] [  0%] Built target nodelet_generate_messages_lisp
[0.327s] [  0%] Built target pcl_msgs_generate_messages_lisp
[0.328s] [  0%] Built target actionlib_generate_messages_nodejs
[0.335s] [  0%] Built target tf_generate_messages_cpp
[0.345s] [  0%] Built target std_msgs_generate_messages_eus
[0.350s] [  0%] Built target autoware_msgs_generate_messages_nodejs
[0.357s] [  0%] Built target roscpp_generate_messages_nodejs
[0.365s] [  0%] Built target sensor_msgs_generate_messages_eus
[0.366s] [  0%] Built target sensor_msgs_generate_messages_cpp
[0.373s] [  0%] Built target std_msgs_generate_messages_lisp
[0.382s] [  0%] Built target bond_generate_messages_lisp
[0.383s] [  0%] Built target std_msgs_generate_messages_nodejs
[0.389s] [  0%] Built target jsk_footstep_msgs_generate_messages_eus
[0.397s] [  0%] Built target actionlib_msgs_generate_messages_py
[0.399s] [  0%] Built target jsk_footstep_msgs_generate_messages_lisp
[0.415s] [  0%] Built target jsk_footstep_msgs_generate_messages_nodejs
[0.419s] [  0%] Built target actionlib_msgs_generate_messages_cpp
[0.422s] [  0%] Built target jsk_footstep_msgs_generate_messages_cpp
[0.427s] [  0%] Built target tf_generate_messages_eus
[0.444s] [  0%] Built target std_srvs_generate_messages_cpp
[0.446s] [  0%] Built target pcl_ros_gencfg
[0.451s] [  0%] Built target dynamic_reconfigure_generate_messages_nodejs
[0.453s] [  0%] Built target actionlib_msgs_generate_messages_lisp
[0.461s] [  0%] Built target dynamic_reconfigure_generate_messages_eus
[0.469s] [  0%] Built target tf2_msgs_generate_messages_lisp
[0.484s] [  0%] Built target dynamic_reconfigure_gencfg
[0.484s] [  0%] Built target dynamic_reconfigure_generate_messages_py
[0.501s] [  0%] Built target std_srvs_generate_messages_eus
[0.502s] [  0%] Built target jsk_recognition_msgs_generate_messages_nodejs
[0.509s] [  0%] Built target roscpp_generate_messages_py
[0.511s] [  0%] Built target roscpp_generate_messages_lisp
[0.513s] [  0%] Built target bond_generate_messages_eus
[0.535s] [  0%] Built target rosgraph_msgs_generate_messages_nodejs
[0.537s] [  0%] Built target rosgraph_msgs_generate_messages_lisp
[0.539s] [  0%] Built target roscpp_generate_messages_eus
[0.548s] [  0%] Built target rosgraph_msgs_generate_messages_py
[0.551s] [  0%] Built target actionlib_msgs_generate_messages_eus
[0.564s] [  0%] Built target nodelet_generate_messages_cpp
[0.564s] [  0%] Built target bond_generate_messages_py
[0.574s] [  0%] Built target nodelet_generate_messages_eus
[0.574s] [  0%] Built target actionlib_generate_messages_py
[0.581s] [  0%] Built target std_srvs_generate_messages_nodejs
[0.600s] [  0%] Built target roscpp_generate_messages_cpp
[0.607s] [  0%] Built target bond_generate_messages_cpp
[0.612s] [  0%] Built target actionlib_msgs_generate_messages_nodejs
[0.614s] [  0%] Built target _catkin_empty_exported_target
[0.622s] [  0%] Built target topic_tools_generate_messages_py
[0.622s] [  0%] Built target nodelet_topic_tools_gencfg
[0.622s] [  0%] Built target bond_generate_messages_nodejs
[0.674s] [100%] Built target lidar_shape_estimation
[0.691s] Invoked command in '/home/agilex/autoware.ai/build/lidar_shape_estimation' returned '0': CMAKE_PREFIX_PATH=/home/agilex/autoware.ai/install/autoware_msgs:/home/agilex/autoware.ai/install/autoware_build_flags:${CMAKE_PREFIX_PATH} PKG_CONFIG_PATH=/home/agilex/autoware.ai/install/autoware_msgs/lib/x86_64-linux-gnu/pkgconfig:/home/agilex/autoware.ai/install/autoware_msgs/lib/pkgconfig:/home/agilex/autoware.ai/install/autoware_build_flags/lib/x86_64-linux-gnu/pkgconfig:/home/agilex/autoware.ai/install/autoware_build_flags/lib/pkgconfig:${PKG_CONFIG_PATH} PYTHONPATH=/home/agilex/autoware.ai/install/autoware_msgs/lib/python2.7/dist-packages:${PYTHONPATH} ROS_PACKAGE_PATH=/home/agilex/autoware.ai/install/autoware_msgs/share:/home/agilex/autoware.ai/install/autoware_build_flags/share:${ROS_PACKAGE_PATH} /usr/bin/cmake --build /home/agilex/autoware.ai/build/lidar_shape_estimation -- -j8 -l8
[1.107s] Invoking command in '/home/agilex/autoware.ai/build/lidar_shape_estimation': CMAKE_PREFIX_PATH=/home/agilex/autoware.ai/install/autoware_msgs:/home/agilex/autoware.ai/install/autoware_build_flags:${CMAKE_PREFIX_PATH} PKG_CONFIG_PATH=/home/agilex/autoware.ai/install/autoware_msgs/lib/x86_64-linux-gnu/pkgconfig:/home/agilex/autoware.ai/install/autoware_msgs/lib/pkgconfig:/home/agilex/autoware.ai/install/autoware_build_flags/lib/x86_64-linux-gnu/pkgconfig:/home/agilex/autoware.ai/install/autoware_build_flags/lib/pkgconfig:${PKG_CONFIG_PATH} PYTHONPATH=/home/agilex/autoware.ai/install/autoware_msgs/lib/python2.7/dist-packages:${PYTHONPATH} ROS_PACKAGE_PATH=/home/agilex/autoware.ai/install/autoware_msgs/share:/home/agilex/autoware.ai/install/autoware_build_flags/share:${ROS_PACKAGE_PATH} /usr/bin/cmake --build /home/agilex/autoware.ai/build/lidar_shape_estimation --target tests -- -j8 -l8
[1.220s] [ 25%] Built target gtest
[1.305s] [100%] Built target test-lidar_shape_estimation
[1.328s] [100%] Built target tests
[1.364s] Invoked command in '/home/agilex/autoware.ai/build/lidar_shape_estimation' returned '0': CMAKE_PREFIX_PATH=/home/agilex/autoware.ai/install/autoware_msgs:/home/agilex/autoware.ai/install/autoware_build_flags:${CMAKE_PREFIX_PATH} PKG_CONFIG_PATH=/home/agilex/autoware.ai/install/autoware_msgs/lib/x86_64-linux-gnu/pkgconfig:/home/agilex/autoware.ai/install/autoware_msgs/lib/pkgconfig:/home/agilex/autoware.ai/install/autoware_build_flags/lib/x86_64-linux-gnu/pkgconfig:/home/agilex/autoware.ai/install/autoware_build_flags/lib/pkgconfig:${PKG_CONFIG_PATH} PYTHONPATH=/home/agilex/autoware.ai/install/autoware_msgs/lib/python2.7/dist-packages:${PYTHONPATH} ROS_PACKAGE_PATH=/home/agilex/autoware.ai/install/autoware_msgs/share:/home/agilex/autoware.ai/install/autoware_build_flags/share:${ROS_PACKAGE_PATH} /usr/bin/cmake --build /home/agilex/autoware.ai/build/lidar_shape_estimation --target tests -- -j8 -l8
[1.788s] Invoking command in '/home/agilex/autoware.ai/build/lidar_shape_estimation': CMAKE_PREFIX_PATH=/home/agilex/autoware.ai/install/autoware_msgs:/home/agilex/autoware.ai/install/autoware_build_flags:${CMAKE_PREFIX_PATH} PKG_CONFIG_PATH=/home/agilex/autoware.ai/install/autoware_msgs/lib/x86_64-linux-gnu/pkgconfig:/home/agilex/autoware.ai/install/autoware_msgs/lib/pkgconfig:/home/agilex/autoware.ai/install/autoware_build_flags/lib/x86_64-linux-gnu/pkgconfig:/home/agilex/autoware.ai/install/autoware_build_flags/lib/pkgconfig:${PKG_CONFIG_PATH} PYTHONPATH=/home/agilex/autoware.ai/install/autoware_msgs/lib/python2.7/dist-packages:${PYTHONPATH} ROS_PACKAGE_PATH=/home/agilex/autoware.ai/install/autoware_msgs/share:/home/agilex/autoware.ai/install/autoware_build_flags/share:${ROS_PACKAGE_PATH} /usr/bin/cmake --build /home/agilex/autoware.ai/build/lidar_shape_estimation --target install -- -j8 -l8
[1.876s] [  0%] Built target tf2_msgs_generate_messages_eus
[1.879s] [  0%] Built target tf2_msgs_generate_messages_cpp
[1.881s] [  0%] Built target tf2_msgs_generate_messages_py
[1.889s] [  0%] Built target std_srvs_generate_messages_lisp
[1.919s] [  0%] Built target topic_tools_generate_messages_eus
[1.919s] [  0%] Built target tf2_msgs_generate_messages_nodejs
[1.931s] [  0%] Built target tf_generate_messages_nodejs
[1.938s] [  0%] Built target tf_generate_messages_lisp
[1.939s] [  0%] Built target topic_tools_generate_messages_nodejs
[1.960s] [  0%] Built target topic_tools_generate_messages_cpp
[1.973s] [  0%] Built target std_srvs_generate_messages_py
[1.974s] [  0%] Built target rosgraph_msgs_generate_messages_eus
[1.978s] [  0%] Built target pcl_msgs_generate_messages_eus
[1.983s] [  0%] Built target geometry_msgs_generate_messages_py
[2.000s] [  0%] Built target jsk_recognition_msgs_generate_messages_lisp
[2.017s] [  0%] Built target sensor_msgs_generate_messages_nodejs
[2.026s] [  0%] Built target jsk_recognition_msgs_generate_messages_eus
[2.030s] [  0%] Built target roscpp_generate_messages_cpp
[2.034s] [  0%] Built target actionlib_generate_messages_eus
[2.036s] [  0%] Built target pcl_msgs_generate_messages_py
[2.053s] [  0%] Built target geometry_msgs_generate_messages_lisp
[2.053s] [  0%] Built target actionlib_generate_messages_lisp
[2.067s] [  0%] Built target geometry_msgs_generate_messages_eus
[2.069s] [  0%] Built target autoware_msgs_generate_messages_cpp
[2.072s] [  0%] Built target geometry_msgs_generate_messages_cpp
[2.072s] [  0%] Built target tf_generate_messages_py
[2.098s] [  0%] Built target pcl_msgs_generate_messages_nodejs
[2.104s] [  0%] Built target dynamic_reconfigure_generate_messages_cpp
[2.105s] [  0%] Built target nodelet_generate_messages_nodejs
[2.134s] [  0%] Built target rosgraph_msgs_generate_messages_cpp
[2.142s] [  0%] Built target actionlib_generate_messages_cpp
[2.158s] [  0%] Built target sensor_msgs_generate_messages_lisp
[2.164s] [  0%] Built target std_msgs_generate_messages_py
[2.173s] [  0%] Built target std_msgs_generate_messages_cpp
[2.179s] [  0%] Built target sensor_msgs_generate_messages_py
[2.214s] [  0%] Built target jsk_footstep_msgs_generate_messages_py
[2.221s] [  0%] Built target geometry_msgs_generate_messages_nodejs
[2.234s] [  0%] Built target dynamic_reconfigure_generate_messages_lisp
[2.240s] [  0%] Built target pcl_msgs_generate_messages_cpp
[2.240s] [  0%] Built target nodelet_generate_messages_py
[2.248s] [  0%] Built target jsk_recognition_msgs_generate_messages_cpp
[2.275s] [  0%] Built target autoware_msgs_generate_messages_eus
[2.278s] [  0%] Built target nodelet_generate_messages_lisp
[2.283s] [  0%] Built target autoware_msgs_generate_messages_lisp
[2.302s] [  0%] Built target autoware_msgs_generate_messages_py
[2.304s] [  0%] Built target pcl_msgs_generate_messages_lisp
[2.304s] [  0%] Built target topic_tools_generate_messages_lisp
[2.318s] [  0%] Built target actionlib_generate_messages_nodejs
[2.318s] [  0%] Built target tf_generate_messages_cpp
[2.344s] [  0%] Built target std_msgs_generate_messages_eus
[2.346s] [  0%] Built target roscpp_generate_messages_nodejs
[2.351s] [  0%] Built target sensor_msgs_generate_messages_eus
[2.354s] [  0%] Built target autoware_msgs_generate_messages_nodejs
[2.358s] [  0%] Built target jsk_recognition_msgs_generate_messages_py
[2.382s] [  0%] Built target bond_generate_messages_lisp
[2.383s] [  0%] Built target std_msgs_generate_messages_nodejs
[2.400s] [  0%] Built target jsk_footstep_msgs_generate_messages_eus
[2.410s] [  0%] Built target std_msgs_generate_messages_lisp
[2.418s] [  0%] Built target jsk_footstep_msgs_generate_messages_lisp
[2.431s] [  0%] Built target jsk_footstep_msgs_generate_messages_nodejs
[2.431s] [  0%] Built target actionlib_msgs_generate_messages_py
[2.439s] [  0%] Built target tf_generate_messages_eus
[2.448s] [  0%] Built target jsk_footstep_msgs_generate_messages_cpp
[2.463s] [  0%] Built target actionlib_msgs_generate_messages_lisp
[2.466s] [  0%] Built target actionlib_msgs_generate_messages_cpp
[2.478s] [  0%] Built target pcl_ros_gencfg
[2.478s] [  0%] Built target std_srvs_generate_messages_cpp
[2.500s] [  0%] Built target dynamic_reconfigure_generate_messages_eus
[2.522s] [  0%] Built target dynamic_reconfigure_generate_messages_nodejs
[2.522s] [  0%] Built target dynamic_reconfigure_generate_messages_py
[2.535s] [  0%] Built target jsk_recognition_msgs_generate_messages_nodejs
[2.547s] [  0%] Built target tf2_msgs_generate_messages_lisp
[2.575s] [  0%] Built target std_srvs_generate_messages_eus
[2.586s] [  0%] Built target dynamic_reconfigure_gencfg
[2.601s] [  0%] Built target actionlib_generate_messages_py
[2.617s] [  0%] Built target roscpp_generate_messages_lisp
[2.618s] [  0%] Built target bond_generate_messages_eus
[2.628s] [  0%] Built target rosgraph_msgs_generate_messages_lisp
[2.645s] [  0%] Built target rosgraph_msgs_generate_messages_nodejs
[2.660s] [  0%] Built target rosgraph_msgs_generate_messages_py
[2.661s] [  0%] Built target sensor_msgs_generate_messages_cpp
[2.666s] [  0%] Built target roscpp_generate_messages_py
[2.707s] [  0%] Built target roscpp_generate_messages_eus
[2.711s] [  0%] Built target bond_generate_messages_py
[2.721s] [  0%] Built target actionlib_msgs_generate_messages_eus
[2.743s] [  0%] Built target nodelet_generate_messages_eus
[2.756s] [  0%] Built target bond_generate_messages_cpp
[2.760s] [  0%] Built target topic_tools_generate_messages_py
[2.761s] [  0%] Built target std_srvs_generate_messages_nodejs
[2.770s] [  0%] Built target nodelet_generate_messages_cpp
[2.800s] [  0%] Built target actionlib_msgs_generate_messages_nodejs
[2.803s] [  0%] Built target bond_generate_messages_nodejs
[2.804s] [  0%] Built target nodelet_topic_tools_gencfg
[2.903s] [  0%] Built target _catkin_empty_exported_target
[3.032s] [100%] Built target lidar_shape_estimation
[3.077s] [36mInstall the project...[0m
[3.095s] -- Install configuration: "Release"
[3.095s] -- Up-to-date: /home/agilex/autoware.ai/install/lidar_shape_estimation/lib/pkgconfig/lidar_shape_estimation.pc
[3.096s] -- Up-to-date: /home/agilex/autoware.ai/install/lidar_shape_estimation/share/lidar_shape_estimation/cmake/lidar_shape_estimationConfig.cmake
[3.096s] -- Up-to-date: /home/agilex/autoware.ai/install/lidar_shape_estimation/share/lidar_shape_estimation/cmake/lidar_shape_estimationConfig-version.cmake
[3.096s] -- Up-to-date: /home/agilex/autoware.ai/install/lidar_shape_estimation/share/lidar_shape_estimation/package.xml
[3.097s] -- Up-to-date: /home/agilex/autoware.ai/install/lidar_shape_estimation/lib/lidar_shape_estimation/lidar_shape_estimation
[3.097s] -- Up-to-date: /home/agilex/autoware.ai/install/lidar_shape_estimation/share/lidar_shape_estimation/launch
[3.097s] -- Up-to-date: /home/agilex/autoware.ai/install/lidar_shape_estimation/share/lidar_shape_estimation/launch/shape_estimation_tracking.launch
[3.097s] -- Up-to-date: /home/agilex/autoware.ai/install/lidar_shape_estimation/share/lidar_shape_estimation/launch/shape_estimation_clustering.launch
[3.097s] -- Up-to-date: /home/agilex/autoware.ai/install/lidar_shape_estimation/share/lidar_shape_estimation/launch/shape_estimation_fusion.launch
[3.103s] Invoked command in '/home/agilex/autoware.ai/build/lidar_shape_estimation' returned '0': CMAKE_PREFIX_PATH=/home/agilex/autoware.ai/install/autoware_msgs:/home/agilex/autoware.ai/install/autoware_build_flags:${CMAKE_PREFIX_PATH} PKG_CONFIG_PATH=/home/agilex/autoware.ai/install/autoware_msgs/lib/x86_64-linux-gnu/pkgconfig:/home/agilex/autoware.ai/install/autoware_msgs/lib/pkgconfig:/home/agilex/autoware.ai/install/autoware_build_flags/lib/x86_64-linux-gnu/pkgconfig:/home/agilex/autoware.ai/install/autoware_build_flags/lib/pkgconfig:${PKG_CONFIG_PATH} PYTHONPATH=/home/agilex/autoware.ai/install/autoware_msgs/lib/python2.7/dist-packages:${PYTHONPATH} ROS_PACKAGE_PATH=/home/agilex/autoware.ai/install/autoware_msgs/share:/home/agilex/autoware.ai/install/autoware_build_flags/share:${ROS_PACKAGE_PATH} /usr/bin/cmake --build /home/agilex/autoware.ai/build/lidar_shape_estimation --target install -- -j8 -l8
