[0.057s] Invoking command in '/home/agilex/autoware.ai/build/lane_planner': CMAKE_PREFIX_PATH=/home/agilex/autoware.ai/install/waypoint_follower:/home/agilex/autoware.ai/install/vector_map:/home/agilex/autoware.ai/install/autoware_health_checker:/home/agilex/autoware.ai/install/amathutils_lib:/home/agilex/autoware.ai/install/vector_map_msgs:/home/agilex/autoware.ai/install/tablet_socket_msgs:/home/agilex/autoware.ai/install/gnss:/home/agilex/autoware.ai/install/autoware_system_msgs:/home/agilex/autoware.ai/install/autoware_msgs:/home/agilex/autoware.ai/install/autoware_config_msgs:/home/agilex/autoware.ai/install/autoware_build_flags:${CMAKE_PREFIX_PATH} LD_LIBRARY_PATH=/home/agilex/autoware.ai/install/waypoint_follower/lib:/home/agilex/autoware.ai/install/vector_map/lib:/home/agilex/autoware.ai/install/autoware_health_checker/lib:/home/agilex/autoware.ai/install/amathutils_lib/lib:/home/agilex/autoware.ai/install/gnss/lib:${LD_LIBRARY_PATH} PKG_CONFIG_PATH=/home/agilex/autoware.ai/install/waypoint_follower/lib/x86_64-linux-gnu/pkgconfig:/home/agilex/autoware.ai/install/waypoint_follower/lib/pkgconfig:/home/agilex/autoware.ai/install/vector_map/lib/x86_64-linux-gnu/pkgconfig:/home/agilex/autoware.ai/install/vector_map/lib/pkgconfig:/home/agilex/autoware.ai/install/autoware_health_checker/lib/x86_64-linux-gnu/pkgconfig:/home/agilex/autoware.ai/install/autoware_health_checker/lib/pkgconfig:/home/agilex/autoware.ai/install/amathutils_lib/lib/x86_64-linux-gnu/pkgconfig:/home/agilex/autoware.ai/install/amathutils_lib/lib/pkgconfig:/home/agilex/autoware.ai/install/vector_map_msgs/lib/x86_64-linux-gnu/pkgconfig:/home/agilex/autoware.ai/install/vector_map_msgs/lib/pkgconfig:/home/agilex/autoware.ai/install/tablet_socket_msgs/lib/x86_64-linux-gnu/pkgconfig:/home/agilex/autoware.ai/install/tablet_socket_msgs/lib/pkgconfig:/home/agilex/autoware.ai/install/gnss/lib/x86_64-linux-gnu/pkgconfig:/home/agilex/autoware.ai/install/gnss/lib/pkgconfig:/home/agilex/autoware.ai/install/autoware_system_msgs/lib/x86_64-linux-gnu/pkgconfig:/home/agilex/autoware.ai/install/autoware_system_msgs/lib/pkgconfig:/home/agilex/autoware.ai/install/autoware_msgs/lib/x86_64-linux-gnu/pkgconfig:/home/agilex/autoware.ai/install/autoware_msgs/lib/pkgconfig:/home/agilex/autoware.ai/install/autoware_config_msgs/lib/x86_64-linux-gnu/pkgconfig:/home/agilex/autoware.ai/install/autoware_config_msgs/lib/pkgconfig:/home/agilex/autoware.ai/install/autoware_build_flags/lib/x86_64-linux-gnu/pkgconfig:/home/agilex/autoware.ai/install/autoware_build_flags/lib/pkgconfig:${PKG_CONFIG_PATH} PYTHONPATH=/home/agilex/autoware.ai/install/vector_map_msgs/lib/python2.7/dist-packages:/home/agilex/autoware.ai/install/tablet_socket_msgs/lib/python2.7/dist-packages:/home/agilex/autoware.ai/install/autoware_system_msgs/lib/python2.7/dist-packages:/home/agilex/autoware.ai/install/autoware_msgs/lib/python2.7/dist-packages:/home/agilex/autoware.ai/install/autoware_config_msgs/lib/python2.7/dist-packages:${PYTHONPATH} ROS_PACKAGE_PATH=/home/agilex/autoware.ai/install/waypoint_follower/share:/home/agilex/autoware.ai/install/vector_map/share:/home/agilex/autoware.ai/install/autoware_health_checker/share:/home/agilex/autoware.ai/install/amathutils_lib/share:/home/agilex/autoware.ai/install/vector_map_msgs/share:/home/agilex/autoware.ai/install/tablet_socket_msgs/share:/home/agilex/autoware.ai/install/gnss/share:/home/agilex/autoware.ai/install/autoware_system_msgs/share:/home/agilex/autoware.ai/install/autoware_msgs/share:/home/agilex/autoware.ai/install/autoware_config_msgs/share:/home/agilex/autoware.ai/install/autoware_build_flags/share:${ROS_PACKAGE_PATH} /usr/bin/cmake --build /home/agilex/autoware.ai/build/lane_planner -- -j8 -l8
[0.113s] [  0%] Built target gazebo_msgs_generate_messages_eus
[0.120s] [  0%] Built target autoware_system_msgs_generate_messages_eus
[0.120s] [  0%] Built target trajectory_msgs_generate_messages_cpp
[0.125s] [  0%] Built target autoware_system_msgs_generate_messages_cpp
[0.126s] [  0%] Built target trajectory_msgs_generate_messages_eus
[0.127s] [  0%] Built target trajectory_msgs_generate_messages_py
[0.142s] [  0%] Built target tf2_msgs_generate_messages_eus
[0.145s] [  0%] Built target gazebo_msgs_generate_messages_lisp
[0.150s] [  0%] Built target topic_tools_generate_messages_cpp
[0.150s] [  0%] Built target topic_tools_generate_messages_nodejs
[0.152s] [  0%] Built target std_srvs_generate_messages_nodejs
[0.159s] [  0%] Built target topic_tools_generate_messages_eus
[0.159s] [  0%] Built target bond_generate_messages_lisp
[0.160s] [  0%] Built target std_srvs_generate_messages_py
[0.173s] [  0%] Built target bond_generate_messages_eus
[0.174s] [  0%] Built target trajectory_msgs_generate_messages_lisp
[0.174s] [  0%] Built target nodelet_generate_messages_nodejs
[0.179s] [  0%] Built target bond_generate_messages_cpp
[0.181s] [  0%] Built target dynamic_reconfigure_generate_messages_py
[0.187s] [  0%] Built target nodelet_generate_messages_cpp
[0.187s] [  0%] Built target nodelet_generate_messages_eus
[0.202s] [  0%] Built target dynamic_reconfigure_generate_messages_lisp
[0.202s] [  0%] Built target gazebo_msgs_generate_messages_cpp
[0.205s] [  0%] Built target dynamic_reconfigure_generate_messages_nodejs
[0.215s] [  0%] Built target pcl_ros_gencfg
[0.215s] [  0%] Built target trajectory_msgs_generate_messages_nodejs
[0.217s] [  0%] Built target bond_generate_messages_nodejs
[0.217s] [  0%] Built target autoware_config_msgs_generate_messages_py
[0.223s] [  0%] Built target dynamic_reconfigure_generate_messages_eus
[0.235s] [  0%] Built target tablet_socket_msgs_generate_messages_cpp
[0.241s] [  0%] Built target bond_generate_messages_py
[0.247s] [  0%] Built target autoware_config_msgs_generate_messages_eus
[0.261s] [  0%] Built target autoware_system_msgs_generate_messages_lisp
[0.264s] [  0%] Built target autoware_config_msgs_generate_messages_lisp
[0.267s] [  0%] Built target jsk_footstep_msgs_generate_messages_lisp
[0.272s] [  0%] Built target jsk_footstep_msgs_generate_messages_nodejs
[0.279s] [  0%] Built target jsk_footstep_msgs_generate_messages_eus
[0.290s] [  0%] Built target jsk_recognition_msgs_generate_messages_py
[0.291s] [  0%] Built target actionlib_msgs_generate_messages_py
[0.308s] [  0%] Built target gazebo_msgs_generate_messages_nodejs
[0.315s] [  0%] Built target geometry_msgs_generate_messages_py
[0.317s] [  0%] Built target pcl_msgs_generate_messages_eus
[0.327s] [  0%] Built target jsk_recognition_msgs_generate_messages_lisp
[0.333s] [  0%] Built target rosgraph_msgs_generate_messages_eus
[0.336s] [  0%] Built target pcl_msgs_generate_messages_nodejs
[0.338s] [  0%] Built target tf2_msgs_generate_messages_cpp
[0.365s] [  0%] Built target tablet_socket_msgs_generate_messages_nodejs
[0.365s] [  0%] Built target jsk_recognition_msgs_generate_messages_eus
[0.370s] [  0%] Built target sensor_msgs_generate_messages_py
[0.382s] [  0%] Built target tf_generate_messages_py
[0.383s] [  0%] Built target autoware_system_msgs_generate_messages_py
[0.387s] [  0%] Built target sensor_msgs_generate_messages_nodejs
[0.403s] [  0%] Built target roscpp_generate_messages_cpp
[0.405s] [  0%] Built target nodelet_generate_messages_py
[0.415s] [  0%] Built target dynamic_reconfigure_generate_messages_cpp
[0.419s] [  0%] Built target autoware_msgs_generate_messages_lisp
[0.444s] [  0%] Built target actionlib_generate_messages_cpp
[0.453s] [  0%] Built target tablet_socket_msgs_generate_messages_py
[0.454s] [  0%] Built target nodelet_generate_messages_lisp
[0.454s] [  0%] Built target geometry_msgs_generate_messages_lisp
[0.463s] [  0%] Built target jsk_footstep_msgs_generate_messages_py
[0.466s] [  0%] Built target std_msgs_generate_messages_cpp
[0.481s] [  0%] Built target std_msgs_generate_messages_py
[0.487s] [  0%] Built target tablet_socket_msgs_generate_messages_lisp
[0.494s] [  0%] Built target rosgraph_msgs_generate_messages_cpp
[0.494s] [  0%] Built target autoware_msgs_generate_messages_py
[0.534s] [  0%] Built target sensor_msgs_generate_messages_lisp
[0.535s] [  0%] Built target jsk_recognition_msgs_generate_messages_cpp
[0.537s] [  0%] Built target autoware_msgs_generate_messages_cpp
[0.538s] [  0%] Built target autoware_msgs_generate_messages_eus
[0.545s] [  0%] Built target pcl_msgs_generate_messages_cpp
[0.549s] [  0%] Built target topic_tools_generate_messages_lisp
[0.557s] [  0%] Built target autoware_msgs_generate_messages_nodejs
[0.565s] [  0%] Built target std_srvs_generate_messages_cpp
[0.572s] [  0%] Built target geometry_msgs_generate_messages_eus
[0.575s] [  0%] Built target std_msgs_generate_messages_nodejs
[0.591s] [  0%] Built target std_msgs_generate_messages_eus
[0.593s] [  0%] Built target sensor_msgs_generate_messages_eus
[0.598s] [  0%] Built target std_srvs_generate_messages_lisp
[0.598s] [  0%] Built target roscpp_generate_messages_nodejs
[0.605s] [  0%] Built target std_msgs_generate_messages_lisp
[0.608s] [  0%] Built target actionlib_msgs_generate_messages_lisp
[0.621s] [  0%] Built target autoware_system_msgs_generate_messages_nodejs
[0.629s] [  0%] Built target actionlib_msgs_generate_messages_nodejs
[0.638s] [  0%] Built target sensor_msgs_generate_messages_cpp
[0.638s] [  0%] Built target geometry_msgs_generate_messages_nodejs
[0.638s] [  0%] Built target nodelet_topic_tools_gencfg
[0.641s] [  0%] Built target jsk_recognition_msgs_generate_messages_nodejs
[0.650s] [  0%] Built target gazebo_msgs_generate_messages_py
[0.650s] [  0%] Built target topic_tools_generate_messages_py
[0.672s] [  0%] Built target std_srvs_generate_messages_eus
[0.672s] [  0%] Built target roscpp_generate_messages_lisp
[0.688s] [  0%] Built target actionlib_msgs_generate_messages_eus
[0.690s] [  0%] Built target roscpp_generate_messages_py
[0.698s] [  0%] Built target autoware_config_msgs_generate_messages_cpp
[0.705s] [  0%] Built target jsk_footstep_msgs_generate_messages_cpp
[0.712s] [  0%] Built target rosgraph_msgs_generate_messages_lisp
[0.713s] [  0%] Built target rosgraph_msgs_generate_messages_py
[0.714s] [  0%] Built target rosgraph_msgs_generate_messages_nodejs
[0.728s] [  0%] Built target actionlib_msgs_generate_messages_cpp
[0.730s] [  0%] Built target roscpp_generate_messages_eus
[0.741s] [  0%] Built target autoware_config_msgs_generate_messages_nodejs
[0.741s] [  0%] Built target actionlib_generate_messages_eus
[0.743s] [  0%] Built target tf_generate_messages_nodejs
[0.745s] [  0%] Built target tf_generate_messages_lisp
[0.747s] [  0%] Built target tf_generate_messages_eus
[0.758s] [  0%] Built target pcl_msgs_generate_messages_py
[0.774s] [  0%] Built target tf_generate_messages_cpp
[0.776s] [  0%] Built target pcl_msgs_generate_messages_lisp
[0.776s] [  0%] Built target tf2_msgs_generate_messages_lisp
[0.788s] [  0%] Built target geometry_msgs_generate_messages_cpp
[0.799s] [  0%] Built target actionlib_generate_messages_py
[0.800s] [  0%] Built target actionlib_generate_messages_nodejs
[0.808s] [  0%] Built target dynamic_reconfigure_gencfg
[0.808s] [  0%] Built target actionlib_generate_messages_lisp
[0.813s] [  0%] Built target tablet_socket_msgs_generate_messages_eus
[0.823s] [  0%] Built target tf2_msgs_generate_messages_nodejs
[0.828s] [  0%] Built target tf2_msgs_generate_messages_py
[0.878s] [ 16%] Built target lane_planner
[0.883s] [ 50%] Built target lane_select
[0.910s] [ 66%] Built target lane_navi
[0.915s] [ 83%] Built target lane_stop
[0.922s] [100%] Built target lane_rule
[0.935s] Invoked command in '/home/agilex/autoware.ai/build/lane_planner' returned '0': CMAKE_PREFIX_PATH=/home/agilex/autoware.ai/install/waypoint_follower:/home/agilex/autoware.ai/install/vector_map:/home/agilex/autoware.ai/install/autoware_health_checker:/home/agilex/autoware.ai/install/amathutils_lib:/home/agilex/autoware.ai/install/vector_map_msgs:/home/agilex/autoware.ai/install/tablet_socket_msgs:/home/agilex/autoware.ai/install/gnss:/home/agilex/autoware.ai/install/autoware_system_msgs:/home/agilex/autoware.ai/install/autoware_msgs:/home/agilex/autoware.ai/install/autoware_config_msgs:/home/agilex/autoware.ai/install/autoware_build_flags:${CMAKE_PREFIX_PATH} LD_LIBRARY_PATH=/home/agilex/autoware.ai/install/waypoint_follower/lib:/home/agilex/autoware.ai/install/vector_map/lib:/home/agilex/autoware.ai/install/autoware_health_checker/lib:/home/agilex/autoware.ai/install/amathutils_lib/lib:/home/agilex/autoware.ai/install/gnss/lib:${LD_LIBRARY_PATH} PKG_CONFIG_PATH=/home/agilex/autoware.ai/install/waypoint_follower/lib/x86_64-linux-gnu/pkgconfig:/home/agilex/autoware.ai/install/waypoint_follower/lib/pkgconfig:/home/agilex/autoware.ai/install/vector_map/lib/x86_64-linux-gnu/pkgconfig:/home/agilex/autoware.ai/install/vector_map/lib/pkgconfig:/home/agilex/autoware.ai/install/autoware_health_checker/lib/x86_64-linux-gnu/pkgconfig:/home/agilex/autoware.ai/install/autoware_health_checker/lib/pkgconfig:/home/agilex/autoware.ai/install/amathutils_lib/lib/x86_64-linux-gnu/pkgconfig:/home/agilex/autoware.ai/install/amathutils_lib/lib/pkgconfig:/home/agilex/autoware.ai/install/vector_map_msgs/lib/x86_64-linux-gnu/pkgconfig:/home/agilex/autoware.ai/install/vector_map_msgs/lib/pkgconfig:/home/agilex/autoware.ai/install/tablet_socket_msgs/lib/x86_64-linux-gnu/pkgconfig:/home/agilex/autoware.ai/install/tablet_socket_msgs/lib/pkgconfig:/home/agilex/autoware.ai/install/gnss/lib/x86_64-linux-gnu/pkgconfig:/home/agilex/autoware.ai/install/gnss/lib/pkgconfig:/home/agilex/autoware.ai/install/autoware_system_msgs/lib/x86_64-linux-gnu/pkgconfig:/home/agilex/autoware.ai/install/autoware_system_msgs/lib/pkgconfig:/home/agilex/autoware.ai/install/autoware_msgs/lib/x86_64-linux-gnu/pkgconfig:/home/agilex/autoware.ai/install/autoware_msgs/lib/pkgconfig:/home/agilex/autoware.ai/install/autoware_config_msgs/lib/x86_64-linux-gnu/pkgconfig:/home/agilex/autoware.ai/install/autoware_config_msgs/lib/pkgconfig:/home/agilex/autoware.ai/install/autoware_build_flags/lib/x86_64-linux-gnu/pkgconfig:/home/agilex/autoware.ai/install/autoware_build_flags/lib/pkgconfig:${PKG_CONFIG_PATH} PYTHONPATH=/home/agilex/autoware.ai/install/vector_map_msgs/lib/python2.7/dist-packages:/home/agilex/autoware.ai/install/tablet_socket_msgs/lib/python2.7/dist-packages:/home/agilex/autoware.ai/install/autoware_system_msgs/lib/python2.7/dist-packages:/home/agilex/autoware.ai/install/autoware_msgs/lib/python2.7/dist-packages:/home/agilex/autoware.ai/install/autoware_config_msgs/lib/python2.7/dist-packages:${PYTHONPATH} ROS_PACKAGE_PATH=/home/agilex/autoware.ai/install/waypoint_follower/share:/home/agilex/autoware.ai/install/vector_map/share:/home/agilex/autoware.ai/install/autoware_health_checker/share:/home/agilex/autoware.ai/install/amathutils_lib/share:/home/agilex/autoware.ai/install/vector_map_msgs/share:/home/agilex/autoware.ai/install/tablet_socket_msgs/share:/home/agilex/autoware.ai/install/gnss/share:/home/agilex/autoware.ai/install/autoware_system_msgs/share:/home/agilex/autoware.ai/install/autoware_msgs/share:/home/agilex/autoware.ai/install/autoware_config_msgs/share:/home/agilex/autoware.ai/install/autoware_build_flags/share:${ROS_PACKAGE_PATH} /usr/bin/cmake --build /home/agilex/autoware.ai/build/lane_planner -- -j8 -l8
[1.131s] Invoking command in '/home/agilex/autoware.ai/build/lane_planner': CMAKE_PREFIX_PATH=/home/agilex/autoware.ai/install/waypoint_follower:/home/agilex/autoware.ai/install/vector_map:/home/agilex/autoware.ai/install/autoware_health_checker:/home/agilex/autoware.ai/install/amathutils_lib:/home/agilex/autoware.ai/install/vector_map_msgs:/home/agilex/autoware.ai/install/tablet_socket_msgs:/home/agilex/autoware.ai/install/gnss:/home/agilex/autoware.ai/install/autoware_system_msgs:/home/agilex/autoware.ai/install/autoware_msgs:/home/agilex/autoware.ai/install/autoware_config_msgs:/home/agilex/autoware.ai/install/autoware_build_flags:${CMAKE_PREFIX_PATH} LD_LIBRARY_PATH=/home/agilex/autoware.ai/install/waypoint_follower/lib:/home/agilex/autoware.ai/install/vector_map/lib:/home/agilex/autoware.ai/install/autoware_health_checker/lib:/home/agilex/autoware.ai/install/amathutils_lib/lib:/home/agilex/autoware.ai/install/gnss/lib:${LD_LIBRARY_PATH} PKG_CONFIG_PATH=/home/agilex/autoware.ai/install/waypoint_follower/lib/x86_64-linux-gnu/pkgconfig:/home/agilex/autoware.ai/install/waypoint_follower/lib/pkgconfig:/home/agilex/autoware.ai/install/vector_map/lib/x86_64-linux-gnu/pkgconfig:/home/agilex/autoware.ai/install/vector_map/lib/pkgconfig:/home/agilex/autoware.ai/install/autoware_health_checker/lib/x86_64-linux-gnu/pkgconfig:/home/agilex/autoware.ai/install/autoware_health_checker/lib/pkgconfig:/home/agilex/autoware.ai/install/amathutils_lib/lib/x86_64-linux-gnu/pkgconfig:/home/agilex/autoware.ai/install/amathutils_lib/lib/pkgconfig:/home/agilex/autoware.ai/install/vector_map_msgs/lib/x86_64-linux-gnu/pkgconfig:/home/agilex/autoware.ai/install/vector_map_msgs/lib/pkgconfig:/home/agilex/autoware.ai/install/tablet_socket_msgs/lib/x86_64-linux-gnu/pkgconfig:/home/agilex/autoware.ai/install/tablet_socket_msgs/lib/pkgconfig:/home/agilex/autoware.ai/install/gnss/lib/x86_64-linux-gnu/pkgconfig:/home/agilex/autoware.ai/install/gnss/lib/pkgconfig:/home/agilex/autoware.ai/install/autoware_system_msgs/lib/x86_64-linux-gnu/pkgconfig:/home/agilex/autoware.ai/install/autoware_system_msgs/lib/pkgconfig:/home/agilex/autoware.ai/install/autoware_msgs/lib/x86_64-linux-gnu/pkgconfig:/home/agilex/autoware.ai/install/autoware_msgs/lib/pkgconfig:/home/agilex/autoware.ai/install/autoware_config_msgs/lib/x86_64-linux-gnu/pkgconfig:/home/agilex/autoware.ai/install/autoware_config_msgs/lib/pkgconfig:/home/agilex/autoware.ai/install/autoware_build_flags/lib/x86_64-linux-gnu/pkgconfig:/home/agilex/autoware.ai/install/autoware_build_flags/lib/pkgconfig:${PKG_CONFIG_PATH} PYTHONPATH=/home/agilex/autoware.ai/install/vector_map_msgs/lib/python2.7/dist-packages:/home/agilex/autoware.ai/install/tablet_socket_msgs/lib/python2.7/dist-packages:/home/agilex/autoware.ai/install/autoware_system_msgs/lib/python2.7/dist-packages:/home/agilex/autoware.ai/install/autoware_msgs/lib/python2.7/dist-packages:/home/agilex/autoware.ai/install/autoware_config_msgs/lib/python2.7/dist-packages:${PYTHONPATH} ROS_PACKAGE_PATH=/home/agilex/autoware.ai/install/waypoint_follower/share:/home/agilex/autoware.ai/install/vector_map/share:/home/agilex/autoware.ai/install/autoware_health_checker/share:/home/agilex/autoware.ai/install/amathutils_lib/share:/home/agilex/autoware.ai/install/vector_map_msgs/share:/home/agilex/autoware.ai/install/tablet_socket_msgs/share:/home/agilex/autoware.ai/install/gnss/share:/home/agilex/autoware.ai/install/autoware_system_msgs/share:/home/agilex/autoware.ai/install/autoware_msgs/share:/home/agilex/autoware.ai/install/autoware_config_msgs/share:/home/agilex/autoware.ai/install/autoware_build_flags/share:${ROS_PACKAGE_PATH} /usr/bin/cmake --build /home/agilex/autoware.ai/build/lane_planner --target tests -- -j8 -l8
[1.245s] [  0%] Built target gazebo_msgs_generate_messages_eus
[1.261s] [  0%] Built target trajectory_msgs_generate_messages_eus
[1.261s] [  0%] Built target autoware_system_msgs_generate_messages_eus
[1.263s] [ 33%] Built target gtest
[1.271s] [ 33%] Built target gazebo_msgs_generate_messages_lisp
[1.273s] [ 33%] Built target trajectory_msgs_generate_messages_cpp
[1.278s] [ 33%] Built target trajectory_msgs_generate_messages_py
[1.291s] [ 33%] Built target topic_tools_generate_messages_nodejs
[1.295s] [ 33%] Built target autoware_system_msgs_generate_messages_cpp
[1.298s] [ 33%] Built target topic_tools_generate_messages_eus
[1.302s] [ 33%] Built target topic_tools_generate_messages_cpp
[1.306s] [ 33%] Built target std_srvs_generate_messages_py
[1.325s] [ 33%] Built target bond_generate_messages_eus
[1.326s] [ 33%] Built target std_srvs_generate_messages_nodejs
[1.327s] [ 33%] Built target bond_generate_messages_lisp
[1.340s] [ 33%] Built target nodelet_generate_messages_cpp
[1.346s] [ 33%] Built target dynamic_reconfigure_generate_messages_py
[1.352s] [ 33%] Built target trajectory_msgs_generate_messages_lisp
[1.360s] [ 33%] Built target gazebo_msgs_generate_messages_cpp
[1.366s] [ 33%] Built target nodelet_generate_messages_nodejs
[1.371s] [ 33%] Built target nodelet_generate_messages_eus
[1.381s] [ 33%] Built target bond_generate_messages_cpp
[1.391s] [ 33%] Built target dynamic_reconfigure_generate_messages_lisp
[1.401s] [ 33%] Built target trajectory_msgs_generate_messages_nodejs
[1.405s] [ 33%] Built target dynamic_reconfigure_generate_messages_nodejs
[1.407s] [ 33%] Built target dynamic_reconfigure_generate_messages_eus
[1.417s] [ 33%] Built target bond_generate_messages_nodejs
[1.428s] [ 33%] Built target tablet_socket_msgs_generate_messages_cpp
[1.436s] [ 33%] Built target pcl_ros_gencfg
[1.446s] [ 33%] Built target autoware_config_msgs_generate_messages_py
[1.446s] [ 33%] Built target autoware_system_msgs_generate_messages_lisp
[1.450s] [ 33%] Built target autoware_config_msgs_generate_messages_eus
[1.452s] [ 33%] Built target bond_generate_messages_py
[1.461s] [ 33%] Built target autoware_config_msgs_generate_messages_lisp
[1.473s] [ 33%] Built target jsk_footstep_msgs_generate_messages_nodejs
[1.480s] [ 33%] Built target jsk_footstep_msgs_generate_messages_eus
[1.482s] [ 33%] Built target jsk_footstep_msgs_generate_messages_lisp
[1.493s] [ 33%] Built target gazebo_msgs_generate_messages_nodejs
[1.494s] [ 33%] Built target jsk_recognition_msgs_generate_messages_py
[1.496s] [ 33%] Built target geometry_msgs_generate_messages_py
[1.498s] [ 33%] Built target pcl_msgs_generate_messages_eus
[1.510s] [ 33%] Built target rosgraph_msgs_generate_messages_eus
[1.512s] [ 33%] Built target actionlib_msgs_generate_messages_py
[1.515s] [ 33%] Built target pcl_msgs_generate_messages_nodejs
[1.531s] [ 33%] Built target jsk_recognition_msgs_generate_messages_lisp
[1.533s] [ 33%] Built target nodelet_generate_messages_py
[1.546s] [ 33%] Built target tf2_msgs_generate_messages_cpp
[1.549s] [ 33%] Built target jsk_recognition_msgs_generate_messages_eus
[1.550s] [ 33%] Built target dynamic_reconfigure_generate_messages_cpp
[1.554s] [ 33%] Built target sensor_msgs_generate_messages_py
[1.566s] [ 33%] Built target tf_generate_messages_py
[1.567s] [ 33%] Built target tablet_socket_msgs_generate_messages_nodejs
[1.579s] [ 33%] Built target autoware_system_msgs_generate_messages_py
[1.586s] [ 33%] Built target sensor_msgs_generate_messages_nodejs
[1.586s] [ 33%] Built target actionlib_generate_messages_cpp
[1.586s] [ 33%] Built target tablet_socket_msgs_generate_messages_py
[1.587s] [ 33%] Built target autoware_msgs_generate_messages_lisp
[1.595s] [ 33%] Built target roscpp_generate_messages_cpp
[1.601s] [ 33%] Built target jsk_footstep_msgs_generate_messages_py
[1.604s] [ 33%] Built target std_msgs_generate_messages_cpp
[1.614s] [ 33%] Built target tablet_socket_msgs_generate_messages_lisp
[1.616s] [ 33%] Built target std_msgs_generate_messages_py
[1.618s] [ 33%] Built target geometry_msgs_generate_messages_lisp
[1.622s] [ 33%] Built target nodelet_generate_messages_lisp
[1.625s] [ 33%] Built target autoware_msgs_generate_messages_cpp
[1.625s] [ 33%] Built target autoware_msgs_generate_messages_py
[1.630s] [ 33%] Built target pcl_msgs_generate_messages_cpp
[1.648s] [ 33%] Built target jsk_recognition_msgs_generate_messages_cpp
[1.649s] [ 33%] Built target topic_tools_generate_messages_lisp
[1.649s] [ 33%] Built target sensor_msgs_generate_messages_lisp
[1.657s] [ 33%] Built target autoware_msgs_generate_messages_eus
[1.658s] [ 33%] Built target rosgraph_msgs_generate_messages_cpp
[1.660s] [ 33%] Built target autoware_msgs_generate_messages_nodejs
[1.674s] [ 33%] Built target geometry_msgs_generate_messages_eus
[1.674s] [ 33%] Built target sensor_msgs_generate_messages_eus
[1.683s] [ 33%] Built target std_msgs_generate_messages_eus
[1.689s] [ 33%] Built target std_srvs_generate_messages_cpp
[1.697s] [ 33%] Built target std_msgs_generate_messages_lisp
[1.699s] [ 33%] Built target std_srvs_generate_messages_lisp
[1.705s] [ 33%] Built target autoware_system_msgs_generate_messages_nodejs
[1.706s] [ 33%] Built target std_msgs_generate_messages_nodejs
[1.714s] [ 33%] Built target roscpp_generate_messages_nodejs
[1.720s] [ 33%] Built target sensor_msgs_generate_messages_cpp
[1.726s] [ 33%] Built target actionlib_msgs_generate_messages_lisp
[1.731s] [ 33%] Built target topic_tools_generate_messages_py
[1.731s] [ 33%] Built target nodelet_topic_tools_gencfg
[1.732s] [ 33%] Built target actionlib_msgs_generate_messages_nodejs
[1.741s] [ 33%] Built target gazebo_msgs_generate_messages_py
[1.742s] [ 33%] Built target geometry_msgs_generate_messages_nodejs
[1.762s] [ 33%] Built target roscpp_generate_messages_lisp
[1.766s] [ 33%] Built target autoware_config_msgs_generate_messages_cpp
[1.766s] [ 33%] Built target roscpp_generate_messages_py
[1.768s] [ 33%] Built target rosgraph_msgs_generate_messages_lisp
[1.769s] [ 33%] Built target actionlib_msgs_generate_messages_eus
[1.778s] [ 33%] Built target jsk_recognition_msgs_generate_messages_nodejs
[1.781s] [ 33%] Built target std_srvs_generate_messages_eus
[1.786s] [ 33%] Built target rosgraph_msgs_generate_messages_nodejs
[1.791s] [ 33%] Built target roscpp_generate_messages_eus
[1.803s] [ 33%] Built target jsk_footstep_msgs_generate_messages_cpp
[1.805s] [ 33%] Built target actionlib_msgs_generate_messages_cpp
[1.810s] [ 33%] Built target rosgraph_msgs_generate_messages_py
[1.814s] [ 33%] Built target tf_generate_messages_eus
[1.819s] [ 33%] Built target tf_generate_messages_lisp
[1.825s] [ 33%] Built target tf_generate_messages_nodejs
[1.830s] [ 33%] Built target pcl_msgs_generate_messages_py
[1.830s] [ 33%] Built target autoware_config_msgs_generate_messages_nodejs
[1.838s] [ 33%] Built target geometry_msgs_generate_messages_cpp
[1.844s] [ 33%] Built target actionlib_generate_messages_lisp
[1.851s] [ 33%] Built target pcl_msgs_generate_messages_lisp
[1.857s] [ 33%] Built target tf2_msgs_generate_messages_lisp
[1.860s] [ 33%] Built target tf_generate_messages_cpp
[1.870s] [ 33%] Built target actionlib_generate_messages_eus
[1.870s] [ 33%] Built target dynamic_reconfigure_gencfg
[1.878s] [ 33%] Built target actionlib_generate_messages_nodejs
[1.883s] [ 33%] Built target actionlib_generate_messages_py
[1.901s] [ 33%] Built target tf2_msgs_generate_messages_py
[1.906s] [ 33%] Built target tf2_msgs_generate_messages_nodejs
[1.908s] [ 33%] Built target tf2_msgs_generate_messages_eus
[1.913s] [ 33%] Built target tablet_socket_msgs_generate_messages_eus
[1.960s] [100%] Built target test-lane_select
[1.988s] [100%] Built target tests
[2.004s] Invoked command in '/home/agilex/autoware.ai/build/lane_planner' returned '0': CMAKE_PREFIX_PATH=/home/agilex/autoware.ai/install/waypoint_follower:/home/agilex/autoware.ai/install/vector_map:/home/agilex/autoware.ai/install/autoware_health_checker:/home/agilex/autoware.ai/install/amathutils_lib:/home/agilex/autoware.ai/install/vector_map_msgs:/home/agilex/autoware.ai/install/tablet_socket_msgs:/home/agilex/autoware.ai/install/gnss:/home/agilex/autoware.ai/install/autoware_system_msgs:/home/agilex/autoware.ai/install/autoware_msgs:/home/agilex/autoware.ai/install/autoware_config_msgs:/home/agilex/autoware.ai/install/autoware_build_flags:${CMAKE_PREFIX_PATH} LD_LIBRARY_PATH=/home/agilex/autoware.ai/install/waypoint_follower/lib:/home/agilex/autoware.ai/install/vector_map/lib:/home/agilex/autoware.ai/install/autoware_health_checker/lib:/home/agilex/autoware.ai/install/amathutils_lib/lib:/home/agilex/autoware.ai/install/gnss/lib:${LD_LIBRARY_PATH} PKG_CONFIG_PATH=/home/agilex/autoware.ai/install/waypoint_follower/lib/x86_64-linux-gnu/pkgconfig:/home/agilex/autoware.ai/install/waypoint_follower/lib/pkgconfig:/home/agilex/autoware.ai/install/vector_map/lib/x86_64-linux-gnu/pkgconfig:/home/agilex/autoware.ai/install/vector_map/lib/pkgconfig:/home/agilex/autoware.ai/install/autoware_health_checker/lib/x86_64-linux-gnu/pkgconfig:/home/agilex/autoware.ai/install/autoware_health_checker/lib/pkgconfig:/home/agilex/autoware.ai/install/amathutils_lib/lib/x86_64-linux-gnu/pkgconfig:/home/agilex/autoware.ai/install/amathutils_lib/lib/pkgconfig:/home/agilex/autoware.ai/install/vector_map_msgs/lib/x86_64-linux-gnu/pkgconfig:/home/agilex/autoware.ai/install/vector_map_msgs/lib/pkgconfig:/home/agilex/autoware.ai/install/tablet_socket_msgs/lib/x86_64-linux-gnu/pkgconfig:/home/agilex/autoware.ai/install/tablet_socket_msgs/lib/pkgconfig:/home/agilex/autoware.ai/install/gnss/lib/x86_64-linux-gnu/pkgconfig:/home/agilex/autoware.ai/install/gnss/lib/pkgconfig:/home/agilex/autoware.ai/install/autoware_system_msgs/lib/x86_64-linux-gnu/pkgconfig:/home/agilex/autoware.ai/install/autoware_system_msgs/lib/pkgconfig:/home/agilex/autoware.ai/install/autoware_msgs/lib/x86_64-linux-gnu/pkgconfig:/home/agilex/autoware.ai/install/autoware_msgs/lib/pkgconfig:/home/agilex/autoware.ai/install/autoware_config_msgs/lib/x86_64-linux-gnu/pkgconfig:/home/agilex/autoware.ai/install/autoware_config_msgs/lib/pkgconfig:/home/agilex/autoware.ai/install/autoware_build_flags/lib/x86_64-linux-gnu/pkgconfig:/home/agilex/autoware.ai/install/autoware_build_flags/lib/pkgconfig:${PKG_CONFIG_PATH} PYTHONPATH=/home/agilex/autoware.ai/install/vector_map_msgs/lib/python2.7/dist-packages:/home/agilex/autoware.ai/install/tablet_socket_msgs/lib/python2.7/dist-packages:/home/agilex/autoware.ai/install/autoware_system_msgs/lib/python2.7/dist-packages:/home/agilex/autoware.ai/install/autoware_msgs/lib/python2.7/dist-packages:/home/agilex/autoware.ai/install/autoware_config_msgs/lib/python2.7/dist-packages:${PYTHONPATH} ROS_PACKAGE_PATH=/home/agilex/autoware.ai/install/waypoint_follower/share:/home/agilex/autoware.ai/install/vector_map/share:/home/agilex/autoware.ai/install/autoware_health_checker/share:/home/agilex/autoware.ai/install/amathutils_lib/share:/home/agilex/autoware.ai/install/vector_map_msgs/share:/home/agilex/autoware.ai/install/tablet_socket_msgs/share:/home/agilex/autoware.ai/install/gnss/share:/home/agilex/autoware.ai/install/autoware_system_msgs/share:/home/agilex/autoware.ai/install/autoware_msgs/share:/home/agilex/autoware.ai/install/autoware_config_msgs/share:/home/agilex/autoware.ai/install/autoware_build_flags/share:${ROS_PACKAGE_PATH} /usr/bin/cmake --build /home/agilex/autoware.ai/build/lane_planner --target tests -- -j8 -l8
[2.359s] Invoking command in '/home/agilex/autoware.ai/build/lane_planner': CMAKE_PREFIX_PATH=/home/agilex/autoware.ai/install/waypoint_follower:/home/agilex/autoware.ai/install/vector_map:/home/agilex/autoware.ai/install/autoware_health_checker:/home/agilex/autoware.ai/install/amathutils_lib:/home/agilex/autoware.ai/install/vector_map_msgs:/home/agilex/autoware.ai/install/tablet_socket_msgs:/home/agilex/autoware.ai/install/gnss:/home/agilex/autoware.ai/install/autoware_system_msgs:/home/agilex/autoware.ai/install/autoware_msgs:/home/agilex/autoware.ai/install/autoware_config_msgs:/home/agilex/autoware.ai/install/autoware_build_flags:${CMAKE_PREFIX_PATH} LD_LIBRARY_PATH=/home/agilex/autoware.ai/install/waypoint_follower/lib:/home/agilex/autoware.ai/install/vector_map/lib:/home/agilex/autoware.ai/install/autoware_health_checker/lib:/home/agilex/autoware.ai/install/amathutils_lib/lib:/home/agilex/autoware.ai/install/gnss/lib:${LD_LIBRARY_PATH} PKG_CONFIG_PATH=/home/agilex/autoware.ai/install/waypoint_follower/lib/x86_64-linux-gnu/pkgconfig:/home/agilex/autoware.ai/install/waypoint_follower/lib/pkgconfig:/home/agilex/autoware.ai/install/vector_map/lib/x86_64-linux-gnu/pkgconfig:/home/agilex/autoware.ai/install/vector_map/lib/pkgconfig:/home/agilex/autoware.ai/install/autoware_health_checker/lib/x86_64-linux-gnu/pkgconfig:/home/agilex/autoware.ai/install/autoware_health_checker/lib/pkgconfig:/home/agilex/autoware.ai/install/amathutils_lib/lib/x86_64-linux-gnu/pkgconfig:/home/agilex/autoware.ai/install/amathutils_lib/lib/pkgconfig:/home/agilex/autoware.ai/install/vector_map_msgs/lib/x86_64-linux-gnu/pkgconfig:/home/agilex/autoware.ai/install/vector_map_msgs/lib/pkgconfig:/home/agilex/autoware.ai/install/tablet_socket_msgs/lib/x86_64-linux-gnu/pkgconfig:/home/agilex/autoware.ai/install/tablet_socket_msgs/lib/pkgconfig:/home/agilex/autoware.ai/install/gnss/lib/x86_64-linux-gnu/pkgconfig:/home/agilex/autoware.ai/install/gnss/lib/pkgconfig:/home/agilex/autoware.ai/install/autoware_system_msgs/lib/x86_64-linux-gnu/pkgconfig:/home/agilex/autoware.ai/install/autoware_system_msgs/lib/pkgconfig:/home/agilex/autoware.ai/install/autoware_msgs/lib/x86_64-linux-gnu/pkgconfig:/home/agilex/autoware.ai/install/autoware_msgs/lib/pkgconfig:/home/agilex/autoware.ai/install/autoware_config_msgs/lib/x86_64-linux-gnu/pkgconfig:/home/agilex/autoware.ai/install/autoware_config_msgs/lib/pkgconfig:/home/agilex/autoware.ai/install/autoware_build_flags/lib/x86_64-linux-gnu/pkgconfig:/home/agilex/autoware.ai/install/autoware_build_flags/lib/pkgconfig:${PKG_CONFIG_PATH} PYTHONPATH=/home/agilex/autoware.ai/install/vector_map_msgs/lib/python2.7/dist-packages:/home/agilex/autoware.ai/install/tablet_socket_msgs/lib/python2.7/dist-packages:/home/agilex/autoware.ai/install/autoware_system_msgs/lib/python2.7/dist-packages:/home/agilex/autoware.ai/install/autoware_msgs/lib/python2.7/dist-packages:/home/agilex/autoware.ai/install/autoware_config_msgs/lib/python2.7/dist-packages:${PYTHONPATH} ROS_PACKAGE_PATH=/home/agilex/autoware.ai/install/waypoint_follower/share:/home/agilex/autoware.ai/install/vector_map/share:/home/agilex/autoware.ai/install/autoware_health_checker/share:/home/agilex/autoware.ai/install/amathutils_lib/share:/home/agilex/autoware.ai/install/vector_map_msgs/share:/home/agilex/autoware.ai/install/tablet_socket_msgs/share:/home/agilex/autoware.ai/install/gnss/share:/home/agilex/autoware.ai/install/autoware_system_msgs/share:/home/agilex/autoware.ai/install/autoware_msgs/share:/home/agilex/autoware.ai/install/autoware_config_msgs/share:/home/agilex/autoware.ai/install/autoware_build_flags/share:${ROS_PACKAGE_PATH} /usr/bin/cmake --build /home/agilex/autoware.ai/build/lane_planner --target install -- -j8 -l8
[2.435s] [  0%] Built target tf2_msgs_generate_messages_eus
[2.445s] [  0%] Built target trajectory_msgs_generate_messages_cpp
[2.446s] [  0%] Built target autoware_system_msgs_generate_messages_eus
[2.453s] [  0%] Built target trajectory_msgs_generate_messages_eus
[2.454s] [  0%] Built target gazebo_msgs_generate_messages_lisp
[2.458s] [  0%] Built target autoware_system_msgs_generate_messages_cpp
[2.467s] [  0%] Built target trajectory_msgs_generate_messages_py
[2.470s] [  0%] Built target gazebo_msgs_generate_messages_eus
[2.495s] [  0%] Built target bond_generate_messages_lisp
[2.502s] [  0%] Built target std_srvs_generate_messages_py
[2.505s] [  0%] Built target topic_tools_generate_messages_eus
[2.507s] [  0%] Built target topic_tools_generate_messages_nodejs
[2.512s] [  0%] Built target topic_tools_generate_messages_cpp
[2.523s] [  0%] Built target bond_generate_messages_eus
[2.542s] [  0%] Built target nodelet_generate_messages_cpp
[2.551s] [  0%] Built target dynamic_reconfigure_generate_messages_nodejs
[2.554s] [  0%] Built target std_srvs_generate_messages_nodejs
[2.560s] [  0%] Built target dynamic_reconfigure_generate_messages_py
[2.561s] [  0%] Built target bond_generate_messages_cpp
[2.567s] [  0%] Built target trajectory_msgs_generate_messages_lisp
[2.573s] [  0%] Built target nodelet_generate_messages_eus
[2.574s] [  0%] Built target nodelet_generate_messages_nodejs
[2.604s] [  0%] Built target dynamic_reconfigure_generate_messages_eus
[2.613s] [  0%] Built target gazebo_msgs_generate_messages_cpp
[2.614s] [  0%] Built target dynamic_reconfigure_generate_messages_lisp
[2.623s] [  0%] Built target pcl_ros_gencfg
[2.631s] [  0%] Built target bond_generate_messages_nodejs
[2.632s] [  0%] Built target autoware_config_msgs_generate_messages_py
[2.639s] [  0%] Built target trajectory_msgs_generate_messages_nodejs
[2.646s] [  0%] Built target tablet_socket_msgs_generate_messages_cpp
[2.658s] [  0%] Built target autoware_config_msgs_generate_messages_lisp
[2.666s] [  0%] Built target autoware_config_msgs_generate_messages_eus
[2.666s] [  0%] Built target autoware_system_msgs_generate_messages_lisp
[2.669s] [  0%] Built target jsk_footstep_msgs_generate_messages_nodejs
[2.681s] [  0%] Built target bond_generate_messages_py
[2.685s] [  0%] Built target actionlib_msgs_generate_messages_py
[2.685s] [  0%] Built target jsk_footstep_msgs_generate_messages_lisp
[2.697s] [  0%] Built target jsk_footstep_msgs_generate_messages_eus
[2.703s] [  0%] Built target pcl_msgs_generate_messages_eus
[2.718s] [  0%] Built target jsk_recognition_msgs_generate_messages_py
[2.720s] [  0%] Built target jsk_recognition_msgs_generate_messages_lisp
[2.725s] [  0%] Built target pcl_msgs_generate_messages_nodejs
[2.727s] [  0%] Built target geometry_msgs_generate_messages_py
[2.738s] [  0%] Built target jsk_recognition_msgs_generate_messages_eus
[2.756s] [  0%] Built target nodelet_generate_messages_py
[2.756s] [  0%] Built target rosgraph_msgs_generate_messages_eus
[2.761s] [  0%] Built target sensor_msgs_generate_messages_py
[2.761s] [  0%] Built target gazebo_msgs_generate_messages_nodejs
[2.776s] [  0%] Built target tf_generate_messages_py
[2.776s] [  0%] Built target tf2_msgs_generate_messages_cpp
[2.777s] [  0%] Built target sensor_msgs_generate_messages_nodejs
[2.778s] [  0%] Built target tablet_socket_msgs_generate_messages_nodejs
[2.797s] [  0%] Built target dynamic_reconfigure_generate_messages_cpp
[2.814s] [  0%] Built target roscpp_generate_messages_cpp
[2.815s] [  0%] Built target tablet_socket_msgs_generate_messages_py
[2.822s] [  0%] Built target autoware_msgs_generate_messages_lisp
[2.824s] [  0%] Built target std_msgs_generate_messages_cpp
[2.833s] [  0%] Built target actionlib_generate_messages_cpp
[2.847s] [  0%] Built target autoware_system_msgs_generate_messages_py
[2.850s] [  0%] Built target geometry_msgs_generate_messages_lisp
[2.857s] [  0%] Built target std_msgs_generate_messages_py
[2.858s] [  0%] Built target autoware_msgs_generate_messages_py
[2.859s] [  0%] Built target tablet_socket_msgs_generate_messages_lisp
[2.860s] [  0%] Built target jsk_footstep_msgs_generate_messages_py
[2.876s] [  0%] Built target autoware_msgs_generate_messages_cpp
[2.882s] [  0%] Built target nodelet_generate_messages_lisp
[2.893s] [  0%] Built target topic_tools_generate_messages_lisp
[2.894s] [  0%] Built target sensor_msgs_generate_messages_lisp
[2.898s] [  0%] Built target jsk_recognition_msgs_generate_messages_cpp
[2.901s] [  0%] Built target rosgraph_msgs_generate_messages_cpp
[2.909s] [  0%] Built target pcl_msgs_generate_messages_cpp
[2.909s] [  0%] Built target std_srvs_generate_messages_cpp
[2.914s] [  0%] Built target autoware_msgs_generate_messages_eus
[2.916s] [  0%] Built target geometry_msgs_generate_messages_eus
[2.931s] [  0%] Built target autoware_msgs_generate_messages_nodejs
[2.939s] [  0%] Built target std_srvs_generate_messages_lisp
[2.941s] [  0%] Built target std_msgs_generate_messages_eus
[2.946s] [  0%] Built target std_msgs_generate_messages_nodejs
[2.956s] [  0%] Built target sensor_msgs_generate_messages_eus
[2.961s] [  0%] Built target sensor_msgs_generate_messages_cpp
[2.962s] [  0%] Built target std_msgs_generate_messages_lisp
[2.967s] [  0%] Built target autoware_system_msgs_generate_messages_nodejs
[2.975s] [  0%] Built target actionlib_msgs_generate_messages_lisp
[2.988s] [  0%] Built target actionlib_msgs_generate_messages_nodejs
[2.988s] [  0%] Built target topic_tools_generate_messages_py
[2.989s] [  0%] Built target roscpp_generate_messages_nodejs
[2.998s] [  0%] Built target nodelet_topic_tools_gencfg
[3.017s] [  0%] Built target gazebo_msgs_generate_messages_py
[3.018s] [  0%] Built target geometry_msgs_generate_messages_nodejs
[3.019s] [  0%] Built target jsk_recognition_msgs_generate_messages_nodejs
[3.024s] [  0%] Built target autoware_config_msgs_generate_messages_cpp
[3.028s] [  0%] Built target roscpp_generate_messages_py
[3.029s] [  0%] Built target std_srvs_generate_messages_eus
[3.032s] [  0%] Built target rosgraph_msgs_generate_messages_lisp
[3.039s] [  0%] Built target roscpp_generate_messages_lisp
[3.053s] [  0%] Built target roscpp_generate_messages_eus
[3.054s] [  0%] Built target rosgraph_msgs_generate_messages_py
[3.055s] [  0%] Built target rosgraph_msgs_generate_messages_nodejs
[3.066s] [  0%] Built target actionlib_msgs_generate_messages_eus
[3.072s] [  0%] Built target tf_generate_messages_eus
[3.079s] [  0%] Built target tf_generate_messages_lisp
[3.081s] [  0%] Built target jsk_footstep_msgs_generate_messages_cpp
[3.094s] [  0%] Built target autoware_config_msgs_generate_messages_nodejs
[3.094s] [  0%] Built target actionlib_msgs_generate_messages_cpp
[3.103s] [  0%] Built target pcl_msgs_generate_messages_py
[3.111s] [  0%] Built target tf_generate_messages_nodejs
[3.112s] [  0%] Built target actionlib_generate_messages_eus
[3.123s] [  0%] Built target pcl_msgs_generate_messages_lisp
[3.126s] [  0%] Built target geometry_msgs_generate_messages_cpp
[3.138s] [  0%] Built target tf_generate_messages_cpp
[3.142s] [  0%] Built target actionlib_generate_messages_lisp
[3.149s] [  0%] Built target actionlib_generate_messages_py
[3.157s] [  0%] Built target tf2_msgs_generate_messages_lisp
[3.158s] [  0%] Built target dynamic_reconfigure_gencfg
[3.172s] [  0%] Built target tf2_msgs_generate_messages_py
[3.177s] [  0%] Built target tablet_socket_msgs_generate_messages_eus
[3.181s] [  0%] Built target actionlib_generate_messages_nodejs
[3.199s] [  0%] Built target tf2_msgs_generate_messages_nodejs
[3.241s] [ 33%] Built target lane_select
[3.250s] [ 50%] Built target lane_planner
[3.297s] [ 66%] Built target lane_rule
[3.304s] [ 83%] Built target lane_navi
[3.305s] [100%] Built target lane_stop
[3.328s] [36mInstall the project...[0m
[3.341s] -- Install configuration: "Release"
[3.341s] -- Up-to-date: /home/agilex/autoware.ai/install/lane_planner/lib/pkgconfig/lane_planner.pc
[3.341s] -- Up-to-date: /home/agilex/autoware.ai/install/lane_planner/share/lane_planner/cmake/lane_plannerConfig.cmake
[3.341s] -- Up-to-date: /home/agilex/autoware.ai/install/lane_planner/share/lane_planner/cmake/lane_plannerConfig-version.cmake
[3.341s] -- Up-to-date: /home/agilex/autoware.ai/install/lane_planner/share/lane_planner/package.xml
[3.341s] -- Up-to-date: /home/agilex/autoware.ai/install/lane_planner/include/lane_planner
[3.341s] -- Up-to-date: /home/agilex/autoware.ai/install/lane_planner/include/lane_planner/lane_planner_vmap.hpp
[3.343s] -- Up-to-date: /home/agilex/autoware.ai/install/lane_planner/lib/lane_planner/lane_select
[3.350s] -- Up-to-date: /home/agilex/autoware.ai/install/lane_planner/lib/lane_planner/lane_stop
[3.350s] -- Up-to-date: /home/agilex/autoware.ai/install/lane_planner/lib/lane_planner/lane_rule
[3.357s] -- Up-to-date: /home/agilex/autoware.ai/install/lane_planner/lib/lane_planner/lane_navi
[3.357s] -- Up-to-date: /home/agilex/autoware.ai/install/lane_planner/lib/liblane_planner.so
[3.358s] -- Up-to-date: /home/agilex/autoware.ai/install/lane_planner/share/lane_planner/launch
[3.358s] -- Up-to-date: /home/agilex/autoware.ai/install/lane_planner/share/lane_planner/launch/lane_navi.launch
[3.358s] -- Up-to-date: /home/agilex/autoware.ai/install/lane_planner/share/lane_planner/launch/lane_select.launch
[3.381s] Invoked command in '/home/agilex/autoware.ai/build/lane_planner' returned '0': CMAKE_PREFIX_PATH=/home/agilex/autoware.ai/install/waypoint_follower:/home/agilex/autoware.ai/install/vector_map:/home/agilex/autoware.ai/install/autoware_health_checker:/home/agilex/autoware.ai/install/amathutils_lib:/home/agilex/autoware.ai/install/vector_map_msgs:/home/agilex/autoware.ai/install/tablet_socket_msgs:/home/agilex/autoware.ai/install/gnss:/home/agilex/autoware.ai/install/autoware_system_msgs:/home/agilex/autoware.ai/install/autoware_msgs:/home/agilex/autoware.ai/install/autoware_config_msgs:/home/agilex/autoware.ai/install/autoware_build_flags:${CMAKE_PREFIX_PATH} LD_LIBRARY_PATH=/home/agilex/autoware.ai/install/waypoint_follower/lib:/home/agilex/autoware.ai/install/vector_map/lib:/home/agilex/autoware.ai/install/autoware_health_checker/lib:/home/agilex/autoware.ai/install/amathutils_lib/lib:/home/agilex/autoware.ai/install/gnss/lib:${LD_LIBRARY_PATH} PKG_CONFIG_PATH=/home/agilex/autoware.ai/install/waypoint_follower/lib/x86_64-linux-gnu/pkgconfig:/home/agilex/autoware.ai/install/waypoint_follower/lib/pkgconfig:/home/agilex/autoware.ai/install/vector_map/lib/x86_64-linux-gnu/pkgconfig:/home/agilex/autoware.ai/install/vector_map/lib/pkgconfig:/home/agilex/autoware.ai/install/autoware_health_checker/lib/x86_64-linux-gnu/pkgconfig:/home/agilex/autoware.ai/install/autoware_health_checker/lib/pkgconfig:/home/agilex/autoware.ai/install/amathutils_lib/lib/x86_64-linux-gnu/pkgconfig:/home/agilex/autoware.ai/install/amathutils_lib/lib/pkgconfig:/home/agilex/autoware.ai/install/vector_map_msgs/lib/x86_64-linux-gnu/pkgconfig:/home/agilex/autoware.ai/install/vector_map_msgs/lib/pkgconfig:/home/agilex/autoware.ai/install/tablet_socket_msgs/lib/x86_64-linux-gnu/pkgconfig:/home/agilex/autoware.ai/install/tablet_socket_msgs/lib/pkgconfig:/home/agilex/autoware.ai/install/gnss/lib/x86_64-linux-gnu/pkgconfig:/home/agilex/autoware.ai/install/gnss/lib/pkgconfig:/home/agilex/autoware.ai/install/autoware_system_msgs/lib/x86_64-linux-gnu/pkgconfig:/home/agilex/autoware.ai/install/autoware_system_msgs/lib/pkgconfig:/home/agilex/autoware.ai/install/autoware_msgs/lib/x86_64-linux-gnu/pkgconfig:/home/agilex/autoware.ai/install/autoware_msgs/lib/pkgconfig:/home/agilex/autoware.ai/install/autoware_config_msgs/lib/x86_64-linux-gnu/pkgconfig:/home/agilex/autoware.ai/install/autoware_config_msgs/lib/pkgconfig:/home/agilex/autoware.ai/install/autoware_build_flags/lib/x86_64-linux-gnu/pkgconfig:/home/agilex/autoware.ai/install/autoware_build_flags/lib/pkgconfig:${PKG_CONFIG_PATH} PYTHONPATH=/home/agilex/autoware.ai/install/vector_map_msgs/lib/python2.7/dist-packages:/home/agilex/autoware.ai/install/tablet_socket_msgs/lib/python2.7/dist-packages:/home/agilex/autoware.ai/install/autoware_system_msgs/lib/python2.7/dist-packages:/home/agilex/autoware.ai/install/autoware_msgs/lib/python2.7/dist-packages:/home/agilex/autoware.ai/install/autoware_config_msgs/lib/python2.7/dist-packages:${PYTHONPATH} ROS_PACKAGE_PATH=/home/agilex/autoware.ai/install/waypoint_follower/share:/home/agilex/autoware.ai/install/vector_map/share:/home/agilex/autoware.ai/install/autoware_health_checker/share:/home/agilex/autoware.ai/install/amathutils_lib/share:/home/agilex/autoware.ai/install/vector_map_msgs/share:/home/agilex/autoware.ai/install/tablet_socket_msgs/share:/home/agilex/autoware.ai/install/gnss/share:/home/agilex/autoware.ai/install/autoware_system_msgs/share:/home/agilex/autoware.ai/install/autoware_msgs/share:/home/agilex/autoware.ai/install/autoware_config_msgs/share:/home/agilex/autoware.ai/install/autoware_build_flags/share:${ROS_PACKAGE_PATH} /usr/bin/cmake --build /home/agilex/autoware.ai/build/lane_planner --target install -- -j8 -l8
