[0.011s] Invoking command in '/home/agilex/autoware.ai/build/sound_player': /usr/bin/cmake /home/agilex/autoware.ai/src/autoware/utilities/sound_player -DCMAKE_BUILD_TYPE=Release -DCATKIN_INSTALL_INTO_PREFIX_ROOT=0 -DCMAKE_INSTALL_PREFIX=/home/agilex/autoware.ai/install/sound_player
[0.141s] -- The C compiler identification is GNU 7.5.0
[0.274s] -- The CXX compiler identification is GNU 7.5.0
[0.291s] -- Check for working C compiler: /usr/bin/cc
[0.392s] -- Check for working C compiler: /usr/bin/cc -- works
[0.393s] -- Detecting C compiler ABI info
[0.542s] -- Detecting C compiler ABI info - done
[0.574s] -- Detecting C compile features
[1.038s] -- Detecting C compile features - done
[1.041s] -- Check for working CXX compiler: /usr/bin/c++
[1.113s] -- Check for working CXX compiler: /usr/bin/c++ -- works
[1.113s] -- Detecting CXX compiler ABI info
[1.182s] -- Detecting CXX compiler ABI info - done
[1.190s] -- Detecting CXX compile features
[1.500s] -- Detecting CXX compile features - done
[1.502s] -- Using CATKIN_DEVEL_PREFIX: /home/agilex/autoware.ai/build/sound_player/devel
[1.502s] -- Using CMAKE_PREFIX_PATH: /opt/ros/melodic
[1.503s] -- This workspace overlays: /opt/ros/melodic
[1.515s] -- Found PythonInterp: /usr/bin/python2 (found suitable version "2.7.17", minimum required is "2") 
[1.516s] -- Using PYTHON_EXECUTABLE: /usr/bin/python2
[1.516s] -- Using Debian Python package layout
[1.516s] -- Using empy: /usr/bin/empy
[1.668s] -- Using CATKIN_ENABLE_TESTING: ON
[1.668s] -- Call enable_testing()
[1.670s] -- Using CATKIN_TEST_RESULTS_DIR: /home/agilex/autoware.ai/build/sound_player/test_results
[1.687s] -- Found gtest sources under '/usr/src/googletest': gtests will be built
[1.687s] -- Found gmock sources under '/usr/src/googletest': gmock will be built
[1.699s] -- Found PythonInterp: /usr/bin/python2 (found version "2.7.17") 
[1.701s] -- Looking for pthread.h
[1.758s] -- Looking for pthread.h - found
[1.758s] -- Looking for pthread_create
[1.818s] -- Looking for pthread_create - not found
[1.818s] -- Looking for pthread_create in pthreads
[1.884s] -- Looking for pthread_create in pthreads - not found
[1.884s] -- Looking for pthread_create in pthread
[1.941s] -- Looking for pthread_create in pthread - found
[1.942s] -- Found Threads: TRUE  
[1.946s] -- Using Python nosetests: /usr/bin/nosetests-2.7
[1.987s] -- catkin 0.7.29
[1.987s] -- BUILD_SHARED_LIBS is on
[2.100s] -- Using these message generators: gencpp;geneus;genlisp;gennodejs;genpy
[2.284s] -- Configuring done
[2.299s] -- Generating done
[2.302s] -- Build files have been written to: /home/agilex/autoware.ai/build/sound_player
[2.312s] Invoked command in '/home/agilex/autoware.ai/build/sound_player' returned '0': /usr/bin/cmake /home/agilex/autoware.ai/src/autoware/utilities/sound_player -DCMAKE_BUILD_TYPE=Release -DCATKIN_INSTALL_INTO_PREFIX_ROOT=0 -DCMAKE_INSTALL_PREFIX=/home/agilex/autoware.ai/install/sound_player
[2.313s] Invoking command in '/home/agilex/autoware.ai/build/sound_player': /usr/bin/cmake --build /home/agilex/autoware.ai/build/sound_player -- -j8 -l8
[2.410s] Invoked command in '/home/agilex/autoware.ai/build/sound_player' returned '0': /usr/bin/cmake --build /home/agilex/autoware.ai/build/sound_player -- -j8 -l8
[2.646s] Invoking command in '/home/agilex/autoware.ai/build/sound_player': /usr/bin/cmake --build /home/agilex/autoware.ai/build/sound_player --target tests -- -j8 -l8
[2.758s] [35m[1mScanning dependencies of target tests[0m
[2.768s] Built target tests
[2.780s] Invoked command in '/home/agilex/autoware.ai/build/sound_player' returned '0': /usr/bin/cmake --build /home/agilex/autoware.ai/build/sound_player --target tests -- -j8 -l8
[3.025s] Invoking command in '/home/agilex/autoware.ai/build/sound_player': /usr/bin/cmake --build /home/agilex/autoware.ai/build/sound_player --target install -- -j8 -l8
[3.072s] [36mInstall the project...[0m
[3.081s] -- Install configuration: "Release"
[3.081s] -- Installing: /home/agilex/autoware.ai/install/sound_player/lib/pkgconfig/sound_player.pc
[3.082s] -- Installing: /home/agilex/autoware.ai/install/sound_player/share/sound_player/cmake/sound_playerConfig.cmake
[3.082s] -- Installing: /home/agilex/autoware.ai/install/sound_player/share/sound_player/cmake/sound_playerConfig-version.cmake
[3.082s] -- Installing: /home/agilex/autoware.ai/install/sound_player/share/sound_player/package.xml
[3.083s] -- Installing: /home/agilex/autoware.ai/install/sound_player/lib/sound_player/sound_player.py
[3.083s] -- Installing: /home/agilex/autoware.ai/install/sound_player/lib/sound_player/sound_player.yaml
[3.088s] Invoked command in '/home/agilex/autoware.ai/build/sound_player' returned '0': /usr/bin/cmake --build /home/agilex/autoware.ai/build/sound_player --target install -- -j8 -l8
