[0.010s] Invoking command in '/home/agilex/autoware.ai/build/nmea_navsat': /usr/bin/cmake /home/agilex/autoware.ai/src/drivers/awf_drivers/nmea_navsat -DCMAKE_BUILD_TYPE=Release -DCATKIN_INSTALL_INTO_PREFIX_ROOT=0 -DCMAKE_INSTALL_PREFIX=/home/agilex/autoware.ai/install/nmea_navsat
[0.071s] -- The C compiler identification is GNU 7.5.0
[0.125s] -- The CXX compiler identification is GNU 7.5.0
[0.130s] -- Check for working C compiler: /usr/bin/cc
[0.193s] -- Check for working C compiler: /usr/bin/cc -- works
[0.194s] -- Detecting C compiler ABI info
[0.254s] -- Detecting C compiler ABI info - done
[0.263s] -- Detecting C compile features
[0.433s] -- Detecting C compile features - done
[0.436s] -- Check for working CXX compiler: /usr/bin/c++
[0.509s] -- Check for working CXX compiler: /usr/bin/c++ -- works
[0.509s] -- Detecting CXX compiler ABI info
[0.576s] -- Detecting CXX compiler ABI info - done
[0.584s] -- Detecting CXX compile features
[0.890s] -- Detecting CXX compile features - done
[0.892s] -- Using CATKIN_DEVEL_PREFIX: /home/agilex/autoware.ai/build/nmea_navsat/devel
[0.893s] -- Using CMAKE_PREFIX_PATH: /opt/ros/melodic
[0.893s] -- This workspace overlays: /opt/ros/melodic
[0.906s] -- Found PythonInterp: /usr/bin/python2 (found suitable version "2.7.17", minimum required is "2") 
[0.906s] -- Using PYTHON_EXECUTABLE: /usr/bin/python2
[0.906s] -- Using Debian Python package layout
[0.907s] -- Using empy: /usr/bin/empy
[1.062s] -- Using CATKIN_ENABLE_TESTING: ON
[1.062s] -- Call enable_testing()
[1.063s] -- Using CATKIN_TEST_RESULTS_DIR: /home/agilex/autoware.ai/build/nmea_navsat/test_results
[1.084s] -- Found gtest sources under '/usr/src/googletest': gtests will be built
[1.084s] -- Found gmock sources under '/usr/src/googletest': gmock will be built
[1.098s] -- Found PythonInterp: /usr/bin/python2 (found version "2.7.17") 
[1.099s] -- Looking for pthread.h
[1.161s] -- Looking for pthread.h - found
[1.162s] -- Looking for pthread_create
[1.225s] -- Looking for pthread_create - not found
[1.225s] -- Looking for pthread_create in pthreads
[1.280s] -- Looking for pthread_create in pthreads - not found
[1.280s] -- Looking for pthread_create in pthread
[1.339s] -- Looking for pthread_create in pthread - found
[1.340s] -- Found Threads: TRUE  
[1.344s] -- Using Python nosetests: /usr/bin/nosetests-2.7
[1.389s] -- catkin 0.7.29
[1.389s] -- BUILD_SHARED_LIBS is on
[1.589s] -- Configuring done
[1.599s] -- Generating done
[1.601s] -- Build files have been written to: /home/agilex/autoware.ai/build/nmea_navsat
[1.609s] Invoked command in '/home/agilex/autoware.ai/build/nmea_navsat' returned '0': /usr/bin/cmake /home/agilex/autoware.ai/src/drivers/awf_drivers/nmea_navsat -DCMAKE_BUILD_TYPE=Release -DCATKIN_INSTALL_INTO_PREFIX_ROOT=0 -DCMAKE_INSTALL_PREFIX=/home/agilex/autoware.ai/install/nmea_navsat
[1.609s] Invoking command in '/home/agilex/autoware.ai/build/nmea_navsat': /usr/bin/cmake --build /home/agilex/autoware.ai/build/nmea_navsat -- -j8 -l8
[1.654s] Invoked command in '/home/agilex/autoware.ai/build/nmea_navsat' returned '0': /usr/bin/cmake --build /home/agilex/autoware.ai/build/nmea_navsat -- -j8 -l8
[1.692s] Invoking command in '/home/agilex/autoware.ai/build/nmea_navsat': /usr/bin/cmake --build /home/agilex/autoware.ai/build/nmea_navsat --target tests -- -j8 -l8
[1.747s] [35m[1mScanning dependencies of target tests[0m
[1.757s] Built target tests
[1.772s] Invoked command in '/home/agilex/autoware.ai/build/nmea_navsat' returned '0': /usr/bin/cmake --build /home/agilex/autoware.ai/build/nmea_navsat --target tests -- -j8 -l8
[1.797s] Invoking command in '/home/agilex/autoware.ai/build/nmea_navsat': /usr/bin/cmake --build /home/agilex/autoware.ai/build/nmea_navsat --target install -- -j8 -l8
[1.841s] [36mInstall the project...[0m
[1.849s] -- Install configuration: "Release"
[1.850s] -- Installing: /home/agilex/autoware.ai/install/nmea_navsat/lib/pkgconfig/nmea_navsat.pc
[1.850s] -- Installing: /home/agilex/autoware.ai/install/nmea_navsat/share/nmea_navsat/cmake/nmea_navsatConfig.cmake
[1.850s] -- Installing: /home/agilex/autoware.ai/install/nmea_navsat/share/nmea_navsat/cmake/nmea_navsatConfig-version.cmake
[1.851s] -- Installing: /home/agilex/autoware.ai/install/nmea_navsat/share/nmea_navsat/package.xml
[1.851s] -- Installing: /home/agilex/autoware.ai/install/nmea_navsat/share/nmea_navsat/launch
[1.852s] -- Installing: /home/agilex/autoware.ai/install/nmea_navsat/share/nmea_navsat/launch/README.md
[1.852s] -- Installing: /home/agilex/autoware.ai/install/nmea_navsat/share/nmea_navsat/launch/nmea_navsat.launch
[1.857s] Invoked command in '/home/agilex/autoware.ai/build/nmea_navsat' returned '0': /usr/bin/cmake --build /home/agilex/autoware.ai/build/nmea_navsat --target install -- -j8 -l8
