[0.013s] Invoking command in '/home/agilex/autoware.ai/build/autoware_driveworks_interface': CMAKE_PREFIX_PATH=/home/agilex/autoware.ai/install/autoware_msgs:/home/agilex/autoware.ai/install/autoware_build_flags:${CMAKE_PREFIX_PATH} PKG_CONFIG_PATH=/home/agilex/autoware.ai/install/autoware_msgs/lib/x86_64-linux-gnu/pkgconfig:/home/agilex/autoware.ai/install/autoware_msgs/lib/pkgconfig:/home/agilex/autoware.ai/install/autoware_build_flags/lib/x86_64-linux-gnu/pkgconfig:/home/agilex/autoware.ai/install/autoware_build_flags/lib/pkgconfig:${PKG_CONFIG_PATH} PYTHONPATH=/home/agilex/autoware.ai/install/autoware_msgs/lib/python2.7/dist-packages:${PYTHONPATH} ROS_PACKAGE_PATH=/home/agilex/autoware.ai/install/autoware_msgs/share:/home/agilex/autoware.ai/install/autoware_build_flags/share:${ROS_PACKAGE_PATH} /usr/bin/cmake /home/agilex/autoware.ai/src/drivers/awf_drivers/autoware_driveworks_interface -DCMAKE_BUILD_TYPE=Release -DCATKIN_INSTALL_INTO_PREFIX_ROOT=0 -DCMAKE_INSTALL_PREFIX=/home/agilex/autoware.ai/install/autoware_driveworks_interface
[0.118s] -- The C compiler identification is GNU 7.5.0
[0.239s] -- The CXX compiler identification is GNU 7.5.0
[0.243s] -- Check for working C compiler: /usr/bin/cc
[0.381s] -- Check for working C compiler: /usr/bin/cc -- works
[0.382s] -- Detecting C compiler ABI info
[0.487s] -- Detecting C compiler ABI info - done
[0.504s] -- Detecting C compile features
[0.871s] -- Detecting C compile features - done
[0.895s] -- Check for working CXX compiler: /usr/bin/c++
[0.984s] -- Check for working CXX compiler: /usr/bin/c++ -- works
[0.984s] -- Detecting CXX compiler ABI info
[1.074s] -- Detecting CXX compiler ABI info - done
[1.082s] -- Detecting CXX compile features
[1.384s] -- Detecting CXX compile features - done
[1.386s] -- CUDA compilation status: .
[1.445s] -- Using CATKIN_DEVEL_PREFIX: /home/agilex/autoware.ai/build/autoware_driveworks_interface/devel
[1.445s] -- Using CMAKE_PREFIX_PATH: /home/agilex/autoware.ai/install/autoware_msgs;/home/agilex/autoware.ai/install/autoware_build_flags;/opt/ros/melodic
[1.445s] -- This workspace overlays: /home/agilex/autoware.ai/install/autoware_msgs;/home/agilex/autoware.ai/install/autoware_build_flags;/opt/ros/melodic
[1.459s] -- Found PythonInterp: /usr/bin/python2 (found suitable version "2.7.17", minimum required is "2") 
[1.459s] -- Using PYTHON_EXECUTABLE: /usr/bin/python2
[1.459s] -- Using Debian Python package layout
[1.460s] -- Using empy: /usr/bin/empy
[1.622s] -- Using CATKIN_ENABLE_TESTING: ON
[1.622s] -- Call enable_testing()
[1.624s] -- Using CATKIN_TEST_RESULTS_DIR: /home/agilex/autoware.ai/build/autoware_driveworks_interface/test_results
[1.641s] -- Found gtest sources under '/usr/src/googletest': gtests will be built
[1.641s] -- Found gmock sources under '/usr/src/googletest': gmock will be built
[1.654s] -- Found PythonInterp: /usr/bin/python2 (found version "2.7.17") 
[1.655s] -- Looking for pthread.h
[1.714s] -- Looking for pthread.h - found
[1.715s] -- Looking for pthread_create
[1.774s] -- Looking for pthread_create - not found
[1.774s] -- Looking for pthread_create in pthreads
[1.820s] -- Looking for pthread_create in pthreads - not found
[1.820s] -- Looking for pthread_create in pthread
[1.878s] -- Looking for pthread_create in pthread - found
[1.879s] -- Found Threads: TRUE  
[1.883s] -- Using Python nosetests: /usr/bin/nosetests-2.7
[1.929s] -- catkin 0.7.29
[1.929s] -- BUILD_SHARED_LIBS is on
[2.021s] -- Using these message generators: gencpp;geneus;genlisp;gennodejs;genpy
[2.107s] CUDA_TOOLKIT_ROOT_DIR not found or specified
[2.113s] -- Could NOT find CUDA (missing: CUDA_TOOLKIT_ROOT_DIR CUDA_NVCC_EXECUTABLE CUDA_INCLUDE_DIRS CUDA_CUDART_LIBRARY) 
[2.261s] autoware_driveworks_interface won't be built, CUDA and aarch64 are required.
[2.263s] -- Configuring done
[2.299s] -- Generating done
[2.305s] -- Build files have been written to: /home/agilex/autoware.ai/build/autoware_driveworks_interface
[2.313s] Invoked command in '/home/agilex/autoware.ai/build/autoware_driveworks_interface' returned '0': CMAKE_PREFIX_PATH=/home/agilex/autoware.ai/install/autoware_msgs:/home/agilex/autoware.ai/install/autoware_build_flags:${CMAKE_PREFIX_PATH} PKG_CONFIG_PATH=/home/agilex/autoware.ai/install/autoware_msgs/lib/x86_64-linux-gnu/pkgconfig:/home/agilex/autoware.ai/install/autoware_msgs/lib/pkgconfig:/home/agilex/autoware.ai/install/autoware_build_flags/lib/x86_64-linux-gnu/pkgconfig:/home/agilex/autoware.ai/install/autoware_build_flags/lib/pkgconfig:${PKG_CONFIG_PATH} PYTHONPATH=/home/agilex/autoware.ai/install/autoware_msgs/lib/python2.7/dist-packages:${PYTHONPATH} ROS_PACKAGE_PATH=/home/agilex/autoware.ai/install/autoware_msgs/share:/home/agilex/autoware.ai/install/autoware_build_flags/share:${ROS_PACKAGE_PATH} /usr/bin/cmake /home/agilex/autoware.ai/src/drivers/awf_drivers/autoware_driveworks_interface -DCMAKE_BUILD_TYPE=Release -DCATKIN_INSTALL_INTO_PREFIX_ROOT=0 -DCMAKE_INSTALL_PREFIX=/home/agilex/autoware.ai/install/autoware_driveworks_interface
[2.313s] Invoking command in '/home/agilex/autoware.ai/build/autoware_driveworks_interface': CMAKE_PREFIX_PATH=/home/agilex/autoware.ai/install/autoware_msgs:/home/agilex/autoware.ai/install/autoware_build_flags:${CMAKE_PREFIX_PATH} PKG_CONFIG_PATH=/home/agilex/autoware.ai/install/autoware_msgs/lib/x86_64-linux-gnu/pkgconfig:/home/agilex/autoware.ai/install/autoware_msgs/lib/pkgconfig:/home/agilex/autoware.ai/install/autoware_build_flags/lib/x86_64-linux-gnu/pkgconfig:/home/agilex/autoware.ai/install/autoware_build_flags/lib/pkgconfig:${PKG_CONFIG_PATH} PYTHONPATH=/home/agilex/autoware.ai/install/autoware_msgs/lib/python2.7/dist-packages:${PYTHONPATH} ROS_PACKAGE_PATH=/home/agilex/autoware.ai/install/autoware_msgs/share:/home/agilex/autoware.ai/install/autoware_build_flags/share:${ROS_PACKAGE_PATH} /usr/bin/cmake --build /home/agilex/autoware.ai/build/autoware_driveworks_interface -- -j8 -l8
[2.365s] Invoked command in '/home/agilex/autoware.ai/build/autoware_driveworks_interface' returned '0': CMAKE_PREFIX_PATH=/home/agilex/autoware.ai/install/autoware_msgs:/home/agilex/autoware.ai/install/autoware_build_flags:${CMAKE_PREFIX_PATH} PKG_CONFIG_PATH=/home/agilex/autoware.ai/install/autoware_msgs/lib/x86_64-linux-gnu/pkgconfig:/home/agilex/autoware.ai/install/autoware_msgs/lib/pkgconfig:/home/agilex/autoware.ai/install/autoware_build_flags/lib/x86_64-linux-gnu/pkgconfig:/home/agilex/autoware.ai/install/autoware_build_flags/lib/pkgconfig:${PKG_CONFIG_PATH} PYTHONPATH=/home/agilex/autoware.ai/install/autoware_msgs/lib/python2.7/dist-packages:${PYTHONPATH} ROS_PACKAGE_PATH=/home/agilex/autoware.ai/install/autoware_msgs/share:/home/agilex/autoware.ai/install/autoware_build_flags/share:${ROS_PACKAGE_PATH} /usr/bin/cmake --build /home/agilex/autoware.ai/build/autoware_driveworks_interface -- -j8 -l8
[2.599s] Invoking command in '/home/agilex/autoware.ai/build/autoware_driveworks_interface': CMAKE_PREFIX_PATH=/home/agilex/autoware.ai/install/autoware_msgs:/home/agilex/autoware.ai/install/autoware_build_flags:${CMAKE_PREFIX_PATH} PKG_CONFIG_PATH=/home/agilex/autoware.ai/install/autoware_msgs/lib/x86_64-linux-gnu/pkgconfig:/home/agilex/autoware.ai/install/autoware_msgs/lib/pkgconfig:/home/agilex/autoware.ai/install/autoware_build_flags/lib/x86_64-linux-gnu/pkgconfig:/home/agilex/autoware.ai/install/autoware_build_flags/lib/pkgconfig:${PKG_CONFIG_PATH} PYTHONPATH=/home/agilex/autoware.ai/install/autoware_msgs/lib/python2.7/dist-packages:${PYTHONPATH} ROS_PACKAGE_PATH=/home/agilex/autoware.ai/install/autoware_msgs/share:/home/agilex/autoware.ai/install/autoware_build_flags/share:${ROS_PACKAGE_PATH} /usr/bin/cmake --build /home/agilex/autoware.ai/build/autoware_driveworks_interface --target tests -- -j8 -l8
[2.684s] [35m[1mScanning dependencies of target tests[0m
[2.695s] Built target tests
[2.707s] Invoked command in '/home/agilex/autoware.ai/build/autoware_driveworks_interface' returned '0': CMAKE_PREFIX_PATH=/home/agilex/autoware.ai/install/autoware_msgs:/home/agilex/autoware.ai/install/autoware_build_flags:${CMAKE_PREFIX_PATH} PKG_CONFIG_PATH=/home/agilex/autoware.ai/install/autoware_msgs/lib/x86_64-linux-gnu/pkgconfig:/home/agilex/autoware.ai/install/autoware_msgs/lib/pkgconfig:/home/agilex/autoware.ai/install/autoware_build_flags/lib/x86_64-linux-gnu/pkgconfig:/home/agilex/autoware.ai/install/autoware_build_flags/lib/pkgconfig:${PKG_CONFIG_PATH} PYTHONPATH=/home/agilex/autoware.ai/install/autoware_msgs/lib/python2.7/dist-packages:${PYTHONPATH} ROS_PACKAGE_PATH=/home/agilex/autoware.ai/install/autoware_msgs/share:/home/agilex/autoware.ai/install/autoware_build_flags/share:${ROS_PACKAGE_PATH} /usr/bin/cmake --build /home/agilex/autoware.ai/build/autoware_driveworks_interface --target tests -- -j8 -l8
[2.997s] Invoking command in '/home/agilex/autoware.ai/build/autoware_driveworks_interface': CMAKE_PREFIX_PATH=/home/agilex/autoware.ai/install/autoware_msgs:/home/agilex/autoware.ai/install/autoware_build_flags:${CMAKE_PREFIX_PATH} PKG_CONFIG_PATH=/home/agilex/autoware.ai/install/autoware_msgs/lib/x86_64-linux-gnu/pkgconfig:/home/agilex/autoware.ai/install/autoware_msgs/lib/pkgconfig:/home/agilex/autoware.ai/install/autoware_build_flags/lib/x86_64-linux-gnu/pkgconfig:/home/agilex/autoware.ai/install/autoware_build_flags/lib/pkgconfig:${PKG_CONFIG_PATH} PYTHONPATH=/home/agilex/autoware.ai/install/autoware_msgs/lib/python2.7/dist-packages:${PYTHONPATH} ROS_PACKAGE_PATH=/home/agilex/autoware.ai/install/autoware_msgs/share:/home/agilex/autoware.ai/install/autoware_build_flags/share:${ROS_PACKAGE_PATH} /usr/bin/cmake --build /home/agilex/autoware.ai/build/autoware_driveworks_interface --target install -- -j8 -l8
[3.072s] [36mInstall the project...[0m
[3.084s] -- Install configuration: "Release"
[3.085s] -- Installing: /home/agilex/autoware.ai/install/autoware_driveworks_interface/lib/pkgconfig/autoware_driveworks_interface.pc
[3.085s] -- Installing: /home/agilex/autoware.ai/install/autoware_driveworks_interface/share/autoware_driveworks_interface/cmake/autoware_driveworks_interfaceConfig.cmake
[3.086s] -- Installing: /home/agilex/autoware.ai/install/autoware_driveworks_interface/share/autoware_driveworks_interface/cmake/autoware_driveworks_interfaceConfig-version.cmake
[3.086s] -- Installing: /home/agilex/autoware.ai/install/autoware_driveworks_interface/share/autoware_driveworks_interface/package.xml
[3.092s] Invoked command in '/home/agilex/autoware.ai/build/autoware_driveworks_interface' returned '0': CMAKE_PREFIX_PATH=/home/agilex/autoware.ai/install/autoware_msgs:/home/agilex/autoware.ai/install/autoware_build_flags:${CMAKE_PREFIX_PATH} PKG_CONFIG_PATH=/home/agilex/autoware.ai/install/autoware_msgs/lib/x86_64-linux-gnu/pkgconfig:/home/agilex/autoware.ai/install/autoware_msgs/lib/pkgconfig:/home/agilex/autoware.ai/install/autoware_build_flags/lib/x86_64-linux-gnu/pkgconfig:/home/agilex/autoware.ai/install/autoware_build_flags/lib/pkgconfig:${PKG_CONFIG_PATH} PYTHONPATH=/home/agilex/autoware.ai/install/autoware_msgs/lib/python2.7/dist-packages:${PYTHONPATH} ROS_PACKAGE_PATH=/home/agilex/autoware.ai/install/autoware_msgs/share:/home/agilex/autoware.ai/install/autoware_build_flags/share:${ROS_PACKAGE_PATH} /usr/bin/cmake --build /home/agilex/autoware.ai/build/autoware_driveworks_interface --target install -- -j8 -l8
