[0.049s] Invoking command in '/home/agilex/autoware.ai/build/op_planner': CMAKE_PREFIX_PATH=/home/agilex/autoware.ai/install/op_utility:/home/agilex/autoware.ai/install/vector_map_server:/home/agilex/autoware.ai/install/vector_map:/home/agilex/autoware.ai/install/vector_map_msgs:/home/agilex/autoware.ai/install/autoware_msgs:/home/agilex/autoware.ai/install/autoware_build_flags:${CMAKE_PREFIX_PATH} LD_LIBRARY_PATH=/home/agilex/autoware.ai/install/op_utility/lib:/home/agilex/autoware.ai/install/vector_map/lib:${LD_LIBRARY_PATH} PKG_CONFIG_PATH=/home/agilex/autoware.ai/install/op_utility/lib/x86_64-linux-gnu/pkgconfig:/home/agilex/autoware.ai/install/op_utility/lib/pkgconfig:/home/agilex/autoware.ai/install/vector_map_server/lib/x86_64-linux-gnu/pkgconfig:/home/agilex/autoware.ai/install/vector_map_server/lib/pkgconfig:/home/agilex/autoware.ai/install/vector_map/lib/x86_64-linux-gnu/pkgconfig:/home/agilex/autoware.ai/install/vector_map/lib/pkgconfig:/home/agilex/autoware.ai/install/vector_map_msgs/lib/x86_64-linux-gnu/pkgconfig:/home/agilex/autoware.ai/install/vector_map_msgs/lib/pkgconfig:/home/agilex/autoware.ai/install/autoware_msgs/lib/x86_64-linux-gnu/pkgconfig:/home/agilex/autoware.ai/install/autoware_msgs/lib/pkgconfig:/home/agilex/autoware.ai/install/autoware_build_flags/lib/x86_64-linux-gnu/pkgconfig:/home/agilex/autoware.ai/install/autoware_build_flags/lib/pkgconfig:${PKG_CONFIG_PATH} PYTHONPATH=/home/agilex/autoware.ai/install/vector_map_server/lib/python2.7/dist-packages:/home/agilex/autoware.ai/install/vector_map_msgs/lib/python2.7/dist-packages:/home/agilex/autoware.ai/install/autoware_msgs/lib/python2.7/dist-packages:${PYTHONPATH} ROS_PACKAGE_PATH=/home/agilex/autoware.ai/install/op_utility/share:/home/agilex/autoware.ai/install/vector_map_server/share:/home/agilex/autoware.ai/install/vector_map/share:/home/agilex/autoware.ai/install/vector_map_msgs/share:/home/agilex/autoware.ai/install/autoware_msgs/share:/home/agilex/autoware.ai/install/autoware_build_flags/share:${ROS_PACKAGE_PATH} /usr/bin/cmake /home/agilex/autoware.ai/src/autoware/common/op_planner -DCMAKE_BUILD_TYPE=Release -DCATKIN_INSTALL_INTO_PREFIX_ROOT=0 -DCMAKE_INSTALL_PREFIX=/home/agilex/autoware.ai/install/op_planner
[0.111s] -- The C compiler identification is GNU 7.5.0
[0.164s] -- The CXX compiler identification is GNU 7.5.0
[0.168s] -- Check for working C compiler: /usr/bin/cc
[0.225s] -- Check for working C compiler: /usr/bin/cc -- works
[0.225s] -- Detecting C compiler ABI info
[0.299s] -- Detecting C compiler ABI info - done
[0.307s] -- Detecting C compile features
[0.490s] -- Detecting C compile features - done
[0.494s] -- Check for working CXX compiler: /usr/bin/c++
[0.557s] -- Check for working CXX compiler: /usr/bin/c++ -- works
[0.557s] -- Detecting CXX compiler ABI info
[0.623s] -- Detecting CXX compiler ABI info - done
[0.631s] -- Detecting CXX compile features
[0.945s] -- Detecting CXX compile features - done
[0.947s] -- Using CATKIN_DEVEL_PREFIX: /home/agilex/autoware.ai/build/op_planner/devel
[0.947s] -- Using CMAKE_PREFIX_PATH: /home/agilex/autoware.ai/install/op_utility;/home/agilex/autoware.ai/install/vector_map_server;/home/agilex/autoware.ai/install/vector_map;/home/agilex/autoware.ai/install/vector_map_msgs;/home/agilex/autoware.ai/install/autoware_msgs;/home/agilex/autoware.ai/install/autoware_build_flags;/opt/ros/melodic
[0.947s] -- This workspace overlays: /home/agilex/autoware.ai/install/op_utility;/home/agilex/autoware.ai/install/vector_map_server;/home/agilex/autoware.ai/install/vector_map;/home/agilex/autoware.ai/install/vector_map_msgs;/home/agilex/autoware.ai/install/autoware_msgs;/home/agilex/autoware.ai/install/autoware_build_flags;/opt/ros/melodic
[0.963s] -- Found PythonInterp: /usr/bin/python2 (found suitable version "2.7.17", minimum required is "2") 
[0.963s] -- Using PYTHON_EXECUTABLE: /usr/bin/python2
[0.964s] -- Using Debian Python package layout
[0.964s] -- Using empy: /usr/bin/empy
[1.116s] -- Using CATKIN_ENABLE_TESTING: ON
[1.116s] -- Call enable_testing()
[1.117s] -- Using CATKIN_TEST_RESULTS_DIR: /home/agilex/autoware.ai/build/op_planner/test_results
[1.136s] -- Found gtest sources under '/usr/src/googletest': gtests will be built
[1.136s] -- Found gmock sources under '/usr/src/googletest': gmock will be built
[1.148s] -- Found PythonInterp: /usr/bin/python2 (found version "2.7.17") 
[1.149s] -- Looking for pthread.h
[1.221s] -- Looking for pthread.h - found
[1.222s] -- Looking for pthread_create
[1.289s] -- Looking for pthread_create - not found
[1.289s] -- Looking for pthread_create in pthreads
[1.343s] -- Looking for pthread_create in pthreads - not found
[1.343s] -- Looking for pthread_create in pthread
[1.408s] -- Looking for pthread_create in pthread - found
[1.409s] -- Found Threads: TRUE  
[1.413s] -- Using Python nosetests: /usr/bin/nosetests-2.7
[1.456s] -- catkin 0.7.29
[1.457s] -- BUILD_SHARED_LIBS is on
[1.539s] -- CUDA compilation status: .
[1.656s] -- Using these message generators: gencpp;geneus;genlisp;gennodejs;genpy
[1.825s] -- Found OpenCV: /usr (found version "3.2.0") 
[1.828s] -- Found TinyXML: /usr/lib/x86_64-linux-gnu/libtinyxml.so  
[1.957s] -- Configuring done
[2.003s] -- Generating done
[2.011s] -- Build files have been written to: /home/agilex/autoware.ai/build/op_planner
[2.019s] Invoked command in '/home/agilex/autoware.ai/build/op_planner' returned '0': CMAKE_PREFIX_PATH=/home/agilex/autoware.ai/install/op_utility:/home/agilex/autoware.ai/install/vector_map_server:/home/agilex/autoware.ai/install/vector_map:/home/agilex/autoware.ai/install/vector_map_msgs:/home/agilex/autoware.ai/install/autoware_msgs:/home/agilex/autoware.ai/install/autoware_build_flags:${CMAKE_PREFIX_PATH} LD_LIBRARY_PATH=/home/agilex/autoware.ai/install/op_utility/lib:/home/agilex/autoware.ai/install/vector_map/lib:${LD_LIBRARY_PATH} PKG_CONFIG_PATH=/home/agilex/autoware.ai/install/op_utility/lib/x86_64-linux-gnu/pkgconfig:/home/agilex/autoware.ai/install/op_utility/lib/pkgconfig:/home/agilex/autoware.ai/install/vector_map_server/lib/x86_64-linux-gnu/pkgconfig:/home/agilex/autoware.ai/install/vector_map_server/lib/pkgconfig:/home/agilex/autoware.ai/install/vector_map/lib/x86_64-linux-gnu/pkgconfig:/home/agilex/autoware.ai/install/vector_map/lib/pkgconfig:/home/agilex/autoware.ai/install/vector_map_msgs/lib/x86_64-linux-gnu/pkgconfig:/home/agilex/autoware.ai/install/vector_map_msgs/lib/pkgconfig:/home/agilex/autoware.ai/install/autoware_msgs/lib/x86_64-linux-gnu/pkgconfig:/home/agilex/autoware.ai/install/autoware_msgs/lib/pkgconfig:/home/agilex/autoware.ai/install/autoware_build_flags/lib/x86_64-linux-gnu/pkgconfig:/home/agilex/autoware.ai/install/autoware_build_flags/lib/pkgconfig:${PKG_CONFIG_PATH} PYTHONPATH=/home/agilex/autoware.ai/install/vector_map_server/lib/python2.7/dist-packages:/home/agilex/autoware.ai/install/vector_map_msgs/lib/python2.7/dist-packages:/home/agilex/autoware.ai/install/autoware_msgs/lib/python2.7/dist-packages:${PYTHONPATH} ROS_PACKAGE_PATH=/home/agilex/autoware.ai/install/op_utility/share:/home/agilex/autoware.ai/install/vector_map_server/share:/home/agilex/autoware.ai/install/vector_map/share:/home/agilex/autoware.ai/install/vector_map_msgs/share:/home/agilex/autoware.ai/install/autoware_msgs/share:/home/agilex/autoware.ai/install/autoware_build_flags/share:${ROS_PACKAGE_PATH} /usr/bin/cmake /home/agilex/autoware.ai/src/autoware/common/op_planner -DCMAKE_BUILD_TYPE=Release -DCATKIN_INSTALL_INTO_PREFIX_ROOT=0 -DCMAKE_INSTALL_PREFIX=/home/agilex/autoware.ai/install/op_planner
[2.020s] Invoking command in '/home/agilex/autoware.ai/build/op_planner': CMAKE_PREFIX_PATH=/home/agilex/autoware.ai/install/op_utility:/home/agilex/autoware.ai/install/vector_map_server:/home/agilex/autoware.ai/install/vector_map:/home/agilex/autoware.ai/install/vector_map_msgs:/home/agilex/autoware.ai/install/autoware_msgs:/home/agilex/autoware.ai/install/autoware_build_flags:${CMAKE_PREFIX_PATH} LD_LIBRARY_PATH=/home/agilex/autoware.ai/install/op_utility/lib:/home/agilex/autoware.ai/install/vector_map/lib:${LD_LIBRARY_PATH} PKG_CONFIG_PATH=/home/agilex/autoware.ai/install/op_utility/lib/x86_64-linux-gnu/pkgconfig:/home/agilex/autoware.ai/install/op_utility/lib/pkgconfig:/home/agilex/autoware.ai/install/vector_map_server/lib/x86_64-linux-gnu/pkgconfig:/home/agilex/autoware.ai/install/vector_map_server/lib/pkgconfig:/home/agilex/autoware.ai/install/vector_map/lib/x86_64-linux-gnu/pkgconfig:/home/agilex/autoware.ai/install/vector_map/lib/pkgconfig:/home/agilex/autoware.ai/install/vector_map_msgs/lib/x86_64-linux-gnu/pkgconfig:/home/agilex/autoware.ai/install/vector_map_msgs/lib/pkgconfig:/home/agilex/autoware.ai/install/autoware_msgs/lib/x86_64-linux-gnu/pkgconfig:/home/agilex/autoware.ai/install/autoware_msgs/lib/pkgconfig:/home/agilex/autoware.ai/install/autoware_build_flags/lib/x86_64-linux-gnu/pkgconfig:/home/agilex/autoware.ai/install/autoware_build_flags/lib/pkgconfig:${PKG_CONFIG_PATH} PYTHONPATH=/home/agilex/autoware.ai/install/vector_map_server/lib/python2.7/dist-packages:/home/agilex/autoware.ai/install/vector_map_msgs/lib/python2.7/dist-packages:/home/agilex/autoware.ai/install/autoware_msgs/lib/python2.7/dist-packages:${PYTHONPATH} ROS_PACKAGE_PATH=/home/agilex/autoware.ai/install/op_utility/share:/home/agilex/autoware.ai/install/vector_map_server/share:/home/agilex/autoware.ai/install/vector_map/share:/home/agilex/autoware.ai/install/vector_map_msgs/share:/home/agilex/autoware.ai/install/autoware_msgs/share:/home/agilex/autoware.ai/install/autoware_build_flags/share:${ROS_PACKAGE_PATH} /usr/bin/cmake --build /home/agilex/autoware.ai/build/op_planner -- -j8 -l8
[2.067s] [35m[1mScanning dependencies of target op_planner[0m
[2.097s] [  7%] [32mBuilding CXX object CMakeFiles/op_planner.dir/src/BehaviorPrediction.cpp.o[0m
[5.999s] [ 15%] [32mBuilding CXX object CMakeFiles/op_planner.dir/src/PlannerH.cpp.o[0m
[8.807s] [ 23%] [32mBuilding CXX object CMakeFiles/op_planner.dir/src/PlanningHelpers.cpp.o[0m
[12.094s] [ 30%] [32mBuilding CXX object CMakeFiles/op_planner.dir/src/SimuDecisionMaker.cpp.o[0m
[13.607s] [ 38%] [32mBuilding CXX object CMakeFiles/op_planner.dir/src/TrajectoryCosts.cpp.o[0m
[15.165s] [ 46%] [32mBuilding CXX object CMakeFiles/op_planner.dir/src/TrajectoryDynamicCosts.cpp.o[0m
[17.257s] [ 53%] [32mBuilding CXX object CMakeFiles/op_planner.dir/src/PassiveDecisionMaker.cpp.o[0m
[18.252s] [ 61%] [32mBuilding CXX object CMakeFiles/op_planner.dir/src/MatrixOperations.cpp.o[0m
[18.550s] [ 69%] [32mBuilding CXX object CMakeFiles/op_planner.dir/src/MappingHelpers.cpp.o[0m
[23.891s] [ 76%] [32mBuilding CXX object CMakeFiles/op_planner.dir/src/LocalPlannerH.cpp.o[0m
[26.479s] [ 84%] [32mBuilding CXX object CMakeFiles/op_planner.dir/src/DecisionMaker.cpp.o[0m
[28.313s] [ 92%] [32mBuilding CXX object CMakeFiles/op_planner.dir/src/BehaviorStateMachine.cpp.o[0m
[28.917s] [100%] [32m[1mLinking CXX shared library devel/lib/libop_planner.so[0m
[29.031s] [100%] Built target op_planner
[29.042s] Invoked command in '/home/agilex/autoware.ai/build/op_planner' returned '0': CMAKE_PREFIX_PATH=/home/agilex/autoware.ai/install/op_utility:/home/agilex/autoware.ai/install/vector_map_server:/home/agilex/autoware.ai/install/vector_map:/home/agilex/autoware.ai/install/vector_map_msgs:/home/agilex/autoware.ai/install/autoware_msgs:/home/agilex/autoware.ai/install/autoware_build_flags:${CMAKE_PREFIX_PATH} LD_LIBRARY_PATH=/home/agilex/autoware.ai/install/op_utility/lib:/home/agilex/autoware.ai/install/vector_map/lib:${LD_LIBRARY_PATH} PKG_CONFIG_PATH=/home/agilex/autoware.ai/install/op_utility/lib/x86_64-linux-gnu/pkgconfig:/home/agilex/autoware.ai/install/op_utility/lib/pkgconfig:/home/agilex/autoware.ai/install/vector_map_server/lib/x86_64-linux-gnu/pkgconfig:/home/agilex/autoware.ai/install/vector_map_server/lib/pkgconfig:/home/agilex/autoware.ai/install/vector_map/lib/x86_64-linux-gnu/pkgconfig:/home/agilex/autoware.ai/install/vector_map/lib/pkgconfig:/home/agilex/autoware.ai/install/vector_map_msgs/lib/x86_64-linux-gnu/pkgconfig:/home/agilex/autoware.ai/install/vector_map_msgs/lib/pkgconfig:/home/agilex/autoware.ai/install/autoware_msgs/lib/x86_64-linux-gnu/pkgconfig:/home/agilex/autoware.ai/install/autoware_msgs/lib/pkgconfig:/home/agilex/autoware.ai/install/autoware_build_flags/lib/x86_64-linux-gnu/pkgconfig:/home/agilex/autoware.ai/install/autoware_build_flags/lib/pkgconfig:${PKG_CONFIG_PATH} PYTHONPATH=/home/agilex/autoware.ai/install/vector_map_server/lib/python2.7/dist-packages:/home/agilex/autoware.ai/install/vector_map_msgs/lib/python2.7/dist-packages:/home/agilex/autoware.ai/install/autoware_msgs/lib/python2.7/dist-packages:${PYTHONPATH} ROS_PACKAGE_PATH=/home/agilex/autoware.ai/install/op_utility/share:/home/agilex/autoware.ai/install/vector_map_server/share:/home/agilex/autoware.ai/install/vector_map/share:/home/agilex/autoware.ai/install/vector_map_msgs/share:/home/agilex/autoware.ai/install/autoware_msgs/share:/home/agilex/autoware.ai/install/autoware_build_flags/share:${ROS_PACKAGE_PATH} /usr/bin/cmake --build /home/agilex/autoware.ai/build/op_planner -- -j8 -l8
[29.177s] Invoking command in '/home/agilex/autoware.ai/build/op_planner': CMAKE_PREFIX_PATH=/home/agilex/autoware.ai/install/op_utility:/home/agilex/autoware.ai/install/vector_map_server:/home/agilex/autoware.ai/install/vector_map:/home/agilex/autoware.ai/install/vector_map_msgs:/home/agilex/autoware.ai/install/autoware_msgs:/home/agilex/autoware.ai/install/autoware_build_flags:${CMAKE_PREFIX_PATH} LD_LIBRARY_PATH=/home/agilex/autoware.ai/install/op_utility/lib:/home/agilex/autoware.ai/install/vector_map/lib:${LD_LIBRARY_PATH} PKG_CONFIG_PATH=/home/agilex/autoware.ai/install/op_utility/lib/x86_64-linux-gnu/pkgconfig:/home/agilex/autoware.ai/install/op_utility/lib/pkgconfig:/home/agilex/autoware.ai/install/vector_map_server/lib/x86_64-linux-gnu/pkgconfig:/home/agilex/autoware.ai/install/vector_map_server/lib/pkgconfig:/home/agilex/autoware.ai/install/vector_map/lib/x86_64-linux-gnu/pkgconfig:/home/agilex/autoware.ai/install/vector_map/lib/pkgconfig:/home/agilex/autoware.ai/install/vector_map_msgs/lib/x86_64-linux-gnu/pkgconfig:/home/agilex/autoware.ai/install/vector_map_msgs/lib/pkgconfig:/home/agilex/autoware.ai/install/autoware_msgs/lib/x86_64-linux-gnu/pkgconfig:/home/agilex/autoware.ai/install/autoware_msgs/lib/pkgconfig:/home/agilex/autoware.ai/install/autoware_build_flags/lib/x86_64-linux-gnu/pkgconfig:/home/agilex/autoware.ai/install/autoware_build_flags/lib/pkgconfig:${PKG_CONFIG_PATH} PYTHONPATH=/home/agilex/autoware.ai/install/vector_map_server/lib/python2.7/dist-packages:/home/agilex/autoware.ai/install/vector_map_msgs/lib/python2.7/dist-packages:/home/agilex/autoware.ai/install/autoware_msgs/lib/python2.7/dist-packages:${PYTHONPATH} ROS_PACKAGE_PATH=/home/agilex/autoware.ai/install/op_utility/share:/home/agilex/autoware.ai/install/vector_map_server/share:/home/agilex/autoware.ai/install/vector_map/share:/home/agilex/autoware.ai/install/vector_map_msgs/share:/home/agilex/autoware.ai/install/autoware_msgs/share:/home/agilex/autoware.ai/install/autoware_build_flags/share:${ROS_PACKAGE_PATH} /usr/bin/cmake --build /home/agilex/autoware.ai/build/op_planner --target tests -- -j8 -l8
[29.239s] [35m[1mScanning dependencies of target tests[0m
[29.249s] Built target tests
[29.261s] Invoked command in '/home/agilex/autoware.ai/build/op_planner' returned '0': CMAKE_PREFIX_PATH=/home/agilex/autoware.ai/install/op_utility:/home/agilex/autoware.ai/install/vector_map_server:/home/agilex/autoware.ai/install/vector_map:/home/agilex/autoware.ai/install/vector_map_msgs:/home/agilex/autoware.ai/install/autoware_msgs:/home/agilex/autoware.ai/install/autoware_build_flags:${CMAKE_PREFIX_PATH} LD_LIBRARY_PATH=/home/agilex/autoware.ai/install/op_utility/lib:/home/agilex/autoware.ai/install/vector_map/lib:${LD_LIBRARY_PATH} PKG_CONFIG_PATH=/home/agilex/autoware.ai/install/op_utility/lib/x86_64-linux-gnu/pkgconfig:/home/agilex/autoware.ai/install/op_utility/lib/pkgconfig:/home/agilex/autoware.ai/install/vector_map_server/lib/x86_64-linux-gnu/pkgconfig:/home/agilex/autoware.ai/install/vector_map_server/lib/pkgconfig:/home/agilex/autoware.ai/install/vector_map/lib/x86_64-linux-gnu/pkgconfig:/home/agilex/autoware.ai/install/vector_map/lib/pkgconfig:/home/agilex/autoware.ai/install/vector_map_msgs/lib/x86_64-linux-gnu/pkgconfig:/home/agilex/autoware.ai/install/vector_map_msgs/lib/pkgconfig:/home/agilex/autoware.ai/install/autoware_msgs/lib/x86_64-linux-gnu/pkgconfig:/home/agilex/autoware.ai/install/autoware_msgs/lib/pkgconfig:/home/agilex/autoware.ai/install/autoware_build_flags/lib/x86_64-linux-gnu/pkgconfig:/home/agilex/autoware.ai/install/autoware_build_flags/lib/pkgconfig:${PKG_CONFIG_PATH} PYTHONPATH=/home/agilex/autoware.ai/install/vector_map_server/lib/python2.7/dist-packages:/home/agilex/autoware.ai/install/vector_map_msgs/lib/python2.7/dist-packages:/home/agilex/autoware.ai/install/autoware_msgs/lib/python2.7/dist-packages:${PYTHONPATH} ROS_PACKAGE_PATH=/home/agilex/autoware.ai/install/op_utility/share:/home/agilex/autoware.ai/install/vector_map_server/share:/home/agilex/autoware.ai/install/vector_map/share:/home/agilex/autoware.ai/install/vector_map_msgs/share:/home/agilex/autoware.ai/install/autoware_msgs/share:/home/agilex/autoware.ai/install/autoware_build_flags/share:${ROS_PACKAGE_PATH} /usr/bin/cmake --build /home/agilex/autoware.ai/build/op_planner --target tests -- -j8 -l8
[29.408s] Invoking command in '/home/agilex/autoware.ai/build/op_planner': CMAKE_PREFIX_PATH=/home/agilex/autoware.ai/install/op_utility:/home/agilex/autoware.ai/install/vector_map_server:/home/agilex/autoware.ai/install/vector_map:/home/agilex/autoware.ai/install/vector_map_msgs:/home/agilex/autoware.ai/install/autoware_msgs:/home/agilex/autoware.ai/install/autoware_build_flags:${CMAKE_PREFIX_PATH} LD_LIBRARY_PATH=/home/agilex/autoware.ai/install/op_utility/lib:/home/agilex/autoware.ai/install/vector_map/lib:${LD_LIBRARY_PATH} PKG_CONFIG_PATH=/home/agilex/autoware.ai/install/op_utility/lib/x86_64-linux-gnu/pkgconfig:/home/agilex/autoware.ai/install/op_utility/lib/pkgconfig:/home/agilex/autoware.ai/install/vector_map_server/lib/x86_64-linux-gnu/pkgconfig:/home/agilex/autoware.ai/install/vector_map_server/lib/pkgconfig:/home/agilex/autoware.ai/install/vector_map/lib/x86_64-linux-gnu/pkgconfig:/home/agilex/autoware.ai/install/vector_map/lib/pkgconfig:/home/agilex/autoware.ai/install/vector_map_msgs/lib/x86_64-linux-gnu/pkgconfig:/home/agilex/autoware.ai/install/vector_map_msgs/lib/pkgconfig:/home/agilex/autoware.ai/install/autoware_msgs/lib/x86_64-linux-gnu/pkgconfig:/home/agilex/autoware.ai/install/autoware_msgs/lib/pkgconfig:/home/agilex/autoware.ai/install/autoware_build_flags/lib/x86_64-linux-gnu/pkgconfig:/home/agilex/autoware.ai/install/autoware_build_flags/lib/pkgconfig:${PKG_CONFIG_PATH} PYTHONPATH=/home/agilex/autoware.ai/install/vector_map_server/lib/python2.7/dist-packages:/home/agilex/autoware.ai/install/vector_map_msgs/lib/python2.7/dist-packages:/home/agilex/autoware.ai/install/autoware_msgs/lib/python2.7/dist-packages:${PYTHONPATH} ROS_PACKAGE_PATH=/home/agilex/autoware.ai/install/op_utility/share:/home/agilex/autoware.ai/install/vector_map_server/share:/home/agilex/autoware.ai/install/vector_map/share:/home/agilex/autoware.ai/install/vector_map_msgs/share:/home/agilex/autoware.ai/install/autoware_msgs/share:/home/agilex/autoware.ai/install/autoware_build_flags/share:${ROS_PACKAGE_PATH} /usr/bin/cmake --build /home/agilex/autoware.ai/build/op_planner --target install -- -j8 -l8
[29.467s] [100%] Built target op_planner
[29.485s] [36mInstall the project...[0m
[29.496s] -- Install configuration: "Release"
[29.496s] -- Installing: /home/agilex/autoware.ai/install/op_planner/lib/pkgconfig/op_planner.pc
[29.497s] -- Installing: /home/agilex/autoware.ai/install/op_planner/share/op_planner/cmake/op_plannerConfig.cmake
[29.497s] -- Installing: /home/agilex/autoware.ai/install/op_planner/share/op_planner/cmake/op_plannerConfig-version.cmake
[29.497s] -- Installing: /home/agilex/autoware.ai/install/op_planner/share/op_planner/package.xml
[29.498s] -- Installing: /home/agilex/autoware.ai/install/op_planner/include/op_planner
[29.498s] -- Installing: /home/agilex/autoware.ai/install/op_planner/include/op_planner/BehaviorPrediction.h
[29.498s] -- Installing: /home/agilex/autoware.ai/install/op_planner/include/op_planner/MappingHelpers.h
[29.499s] -- Installing: /home/agilex/autoware.ai/install/op_planner/include/op_planner/SimuDecisionMaker.h
[29.499s] -- Installing: /home/agilex/autoware.ai/install/op_planner/include/op_planner/PlannerH.h
[29.499s] -- Installing: /home/agilex/autoware.ai/install/op_planner/include/op_planner/DecisionMaker.h
[29.499s] -- Installing: /home/agilex/autoware.ai/install/op_planner/include/op_planner/LocalPlannerH.h
[29.499s] -- Installing: /home/agilex/autoware.ai/install/op_planner/include/op_planner/MatrixOperations.h
[29.499s] -- Installing: /home/agilex/autoware.ai/install/op_planner/include/op_planner/PlannerCommonDef.h
[29.499s] -- Installing: /home/agilex/autoware.ai/install/op_planner/include/op_planner/BehaviorStateMachine.h
[29.499s] -- Installing: /home/agilex/autoware.ai/install/op_planner/include/op_planner/PassiveDecisionMaker.h
[29.499s] -- Installing: /home/agilex/autoware.ai/install/op_planner/include/op_planner/PlanningHelpers.h
[29.499s] -- Installing: /home/agilex/autoware.ai/install/op_planner/include/op_planner/TrajectoryDynamicCosts.h
[29.500s] -- Installing: /home/agilex/autoware.ai/install/op_planner/include/op_planner/TrajectoryCosts.h
[29.500s] -- Installing: /home/agilex/autoware.ai/install/op_planner/include/op_planner/RoadNetwork.h
[29.501s] -- Installing: /home/agilex/autoware.ai/install/op_planner/lib/libop_planner.so
[29.501s] -- Set runtime path of "/home/agilex/autoware.ai/install/op_planner/lib/libop_planner.so" to ""
[29.505s] Invoked command in '/home/agilex/autoware.ai/build/op_planner' returned '0': CMAKE_PREFIX_PATH=/home/agilex/autoware.ai/install/op_utility:/home/agilex/autoware.ai/install/vector_map_server:/home/agilex/autoware.ai/install/vector_map:/home/agilex/autoware.ai/install/vector_map_msgs:/home/agilex/autoware.ai/install/autoware_msgs:/home/agilex/autoware.ai/install/autoware_build_flags:${CMAKE_PREFIX_PATH} LD_LIBRARY_PATH=/home/agilex/autoware.ai/install/op_utility/lib:/home/agilex/autoware.ai/install/vector_map/lib:${LD_LIBRARY_PATH} PKG_CONFIG_PATH=/home/agilex/autoware.ai/install/op_utility/lib/x86_64-linux-gnu/pkgconfig:/home/agilex/autoware.ai/install/op_utility/lib/pkgconfig:/home/agilex/autoware.ai/install/vector_map_server/lib/x86_64-linux-gnu/pkgconfig:/home/agilex/autoware.ai/install/vector_map_server/lib/pkgconfig:/home/agilex/autoware.ai/install/vector_map/lib/x86_64-linux-gnu/pkgconfig:/home/agilex/autoware.ai/install/vector_map/lib/pkgconfig:/home/agilex/autoware.ai/install/vector_map_msgs/lib/x86_64-linux-gnu/pkgconfig:/home/agilex/autoware.ai/install/vector_map_msgs/lib/pkgconfig:/home/agilex/autoware.ai/install/autoware_msgs/lib/x86_64-linux-gnu/pkgconfig:/home/agilex/autoware.ai/install/autoware_msgs/lib/pkgconfig:/home/agilex/autoware.ai/install/autoware_build_flags/lib/x86_64-linux-gnu/pkgconfig:/home/agilex/autoware.ai/install/autoware_build_flags/lib/pkgconfig:${PKG_CONFIG_PATH} PYTHONPATH=/home/agilex/autoware.ai/install/vector_map_server/lib/python2.7/dist-packages:/home/agilex/autoware.ai/install/vector_map_msgs/lib/python2.7/dist-packages:/home/agilex/autoware.ai/install/autoware_msgs/lib/python2.7/dist-packages:${PYTHONPATH} ROS_PACKAGE_PATH=/home/agilex/autoware.ai/install/op_utility/share:/home/agilex/autoware.ai/install/vector_map_server/share:/home/agilex/autoware.ai/install/vector_map/share:/home/agilex/autoware.ai/install/vector_map_msgs/share:/home/agilex/autoware.ai/install/autoware_msgs/share:/home/agilex/autoware.ai/install/autoware_build_flags/share:${ROS_PACKAGE_PATH} /usr/bin/cmake --build /home/agilex/autoware.ai/build/op_planner --target install -- -j8 -l8
