[0.013s] Invoking command in '/home/agilex/autoware.ai/build/costmap_generator': CMAKE_PREFIX_PATH=/home/agilex/autoware.ai/install/object_map:/home/agilex/autoware.ai/install/vector_map:/home/agilex/autoware.ai/install/vector_map_msgs:/home/agilex/autoware.ai/install/autoware_msgs:/home/agilex/autoware.ai/install/autoware_build_flags:${CMAKE_PREFIX_PATH} LD_LIBRARY_PATH=/home/agilex/autoware.ai/install/object_map/lib:/home/agilex/autoware.ai/install/vector_map/lib:${LD_LIBRARY_PATH} PKG_CONFIG_PATH=/home/agilex/autoware.ai/install/object_map/lib/x86_64-linux-gnu/pkgconfig:/home/agilex/autoware.ai/install/object_map/lib/pkgconfig:/home/agilex/autoware.ai/install/vector_map/lib/x86_64-linux-gnu/pkgconfig:/home/agilex/autoware.ai/install/vector_map/lib/pkgconfig:/home/agilex/autoware.ai/install/vector_map_msgs/lib/x86_64-linux-gnu/pkgconfig:/home/agilex/autoware.ai/install/vector_map_msgs/lib/pkgconfig:/home/agilex/autoware.ai/install/autoware_msgs/lib/x86_64-linux-gnu/pkgconfig:/home/agilex/autoware.ai/install/autoware_msgs/lib/pkgconfig:/home/agilex/autoware.ai/install/autoware_build_flags/lib/x86_64-linux-gnu/pkgconfig:/home/agilex/autoware.ai/install/autoware_build_flags/lib/pkgconfig:${PKG_CONFIG_PATH} PYTHONPATH=/home/agilex/autoware.ai/install/vector_map_msgs/lib/python2.7/dist-packages:/home/agilex/autoware.ai/install/autoware_msgs/lib/python2.7/dist-packages:${PYTHONPATH} ROS_PACKAGE_PATH=/home/agilex/autoware.ai/install/object_map/share:/home/agilex/autoware.ai/install/vector_map/share:/home/agilex/autoware.ai/install/vector_map_msgs/share:/home/agilex/autoware.ai/install/autoware_msgs/share:/home/agilex/autoware.ai/install/autoware_build_flags/share:${ROS_PACKAGE_PATH} /usr/bin/cmake --build /home/agilex/autoware.ai/build/costmap_generator -- -j8 -l8
[0.065s] [  0%] Built target actionlib_msgs_generate_messages_py
[0.087s] [  0%] Built target jsk_footstep_msgs_generate_messages_lisp
[0.108s] [  0%] Built target jsk_footstep_msgs_generate_messages_eus
[0.128s] [  0%] Built target jsk_recognition_msgs_generate_messages_py
[0.156s] [  0%] Built target jsk_recognition_msgs_generate_messages_lisp
[0.182s] [  0%] Built target jsk_recognition_msgs_generate_messages_eus
[0.199s] [  0%] Built target autoware_msgs_generate_messages_nodejs
[0.217s] [  0%] Built target autoware_msgs_generate_messages_lisp
[0.235s] [  0%] Built target autoware_msgs_generate_messages_eus
[0.251s] [  0%] Built target autoware_msgs_generate_messages_cpp
[0.268s] [  0%] Built target visualization_msgs_generate_messages_py
[0.288s] [  0%] Built target visualization_msgs_generate_messages_nodejs
[0.309s] [  0%] Built target visualization_msgs_generate_messages_eus
[0.331s] [  0%] Built target nav_msgs_generate_messages_nodejs
[0.350s] [  0%] Built target grid_map_msgs_generate_messages_py
[0.374s] [  0%] Built target grid_map_msgs_generate_messages_nodejs
[0.400s] [  0%] Built target grid_map_msgs_generate_messages_eus
[0.418s] [  0%] Built target tf2_msgs_generate_messages_nodejs
[0.439s] [  0%] Built target visualization_msgs_generate_messages_cpp
[0.457s] [  0%] Built target nav_msgs_generate_messages_eus
[0.475s] [  0%] Built target tf2_msgs_generate_messages_eus
[0.497s] [  0%] Built target tf2_msgs_generate_messages_cpp
[0.515s] [  0%] Built target nodelet_generate_messages_nodejs
[0.533s] [  0%] Built target nav_msgs_generate_messages_lisp
[0.555s] [  0%] Built target pcl_msgs_generate_messages_nodejs
[0.573s] [  0%] Built target nodelet_generate_messages_eus
[0.594s] [  0%] Built target geometry_msgs_generate_messages_lisp
[0.611s] [  0%] Built target nav_msgs_generate_messages_py
[0.631s] [  0%] Built target tf2_msgs_generate_messages_lisp
[0.653s] [  0%] Built target dynamic_reconfigure_gencfg
[0.672s] [  0%] Built target geometry_msgs_generate_messages_py
[0.690s] [  0%] Built target dynamic_reconfigure_generate_messages_py
[0.708s] [  0%] Built target dynamic_reconfigure_generate_messages_lisp
[0.731s] [  0%] Built target pcl_msgs_generate_messages_cpp
[0.751s] [  0%] Built target rosgraph_msgs_generate_messages_cpp
[0.769s] [  0%] Built target topic_tools_generate_messages_cpp
[0.789s] [  0%] Built target pcl_ros_gencfg
[0.813s] [  0%] Built target topic_tools_generate_messages_nodejs
[0.834s] [  0%] Built target tf2_msgs_generate_messages_py
[0.855s] [  0%] Built target actionlib_generate_messages_py
[0.874s] [  0%] Built target dynamic_reconfigure_generate_messages_eus
[0.895s] [  0%] Built target std_msgs_generate_messages_nodejs
[0.916s] [  0%] Built target bond_generate_messages_lisp
[0.933s] [  0%] Built target autoware_msgs_generate_messages_py
[0.954s] [  0%] Built target nodelet_generate_messages_lisp
[0.974s] [  0%] Built target nav_msgs_generate_messages_cpp
[0.995s] [  0%] Built target sensor_msgs_generate_messages_lisp
[1.013s] [  0%] Built target std_msgs_generate_messages_cpp
[1.032s] [  0%] Built target nodelet_generate_messages_cpp
[1.051s] [  0%] Built target vector_map_msgs_generate_messages_nodejs
[1.071s] [  0%] Built target bond_generate_messages_py
[1.091s] [  0%] Built target std_srvs_generate_messages_nodejs
[1.110s] [  0%] Built target geometry_msgs_generate_messages_cpp
[1.128s] [  0%] Built target actionlib_generate_messages_lisp
[1.148s] [  0%] Built target roscpp_generate_messages_cpp
[1.167s] [  0%] Built target sensor_msgs_generate_messages_nodejs
[1.187s] [  0%] Built target actionlib_generate_messages_cpp
[1.206s] [  0%] Built target geometry_msgs_generate_messages_nodejs
[1.222s] [  0%] Built target jsk_recognition_msgs_generate_messages_nodejs
[1.242s] [  0%] Built target std_srvs_generate_messages_eus
[1.261s] [  0%] Built target roscpp_generate_messages_lisp
[1.286s] [  0%] Built target bond_generate_messages_eus
[1.309s] [  0%] Built target std_msgs_generate_messages_lisp
[1.328s] [  0%] Built target roscpp_generate_messages_nodejs
[1.347s] [  0%] Built target geometry_msgs_generate_messages_eus
[1.372s] [  0%] Built target std_msgs_generate_messages_py
[1.393s] [  0%] Built target grid_map_msgs_generate_messages_cpp
[1.409s] [  0%] Built target roscpp_generate_messages_py
[1.427s] [  0%] Built target dynamic_reconfigure_generate_messages_nodejs
[1.444s] [  0%] Built target rosgraph_msgs_generate_messages_eus
[1.467s] [  0%] Built target rosgraph_msgs_generate_messages_lisp
[1.485s] [  0%] Built target visualization_msgs_generate_messages_lisp
[1.511s] [  0%] Built target std_msgs_generate_messages_eus
[1.532s] [  0%] Built target actionlib_msgs_generate_messages_eus
[1.555s] [  0%] Built target roscpp_generate_messages_eus
[1.580s] [  0%] Built target rosgraph_msgs_generate_messages_py
[1.598s] [  0%] Built target rosgraph_msgs_generate_messages_nodejs
[1.615s] [  0%] Built target bond_generate_messages_cpp
[1.635s] [  0%] Built target bond_generate_messages_nodejs
[1.655s] [  0%] Built target topic_tools_generate_messages_py
[1.680s] [  0%] Built target actionlib_msgs_generate_messages_nodejs
[1.701s] [  0%] Built target nodelet_topic_tools_gencfg
[1.720s] [  0%] Built target std_srvs_generate_messages_lisp
[1.742s] [  0%] Built target jsk_recognition_msgs_generate_messages_cpp
[1.760s] [  0%] Built target topic_tools_generate_messages_lisp
[1.780s] [  0%] Built target pcl_msgs_generate_messages_eus
[1.798s] [  0%] Built target topic_tools_generate_messages_eus
[1.819s] [  0%] Built target sensor_msgs_generate_messages_cpp
[1.840s] [  0%] Built target sensor_msgs_generate_messages_eus
[1.857s] [  0%] Built target nodelet_generate_messages_py
[1.877s] [  0%] Built target sensor_msgs_generate_messages_py
[1.900s] [  0%] Built target dynamic_reconfigure_generate_messages_cpp
[1.923s] [  0%] Built target tf_generate_messages_py
[1.941s] [  0%] Built target std_srvs_generate_messages_cpp
[1.962s] [  0%] Built target jsk_footstep_msgs_generate_messages_cpp
[1.979s] [  0%] Built target tf_generate_messages_eus
[2.005s] [  0%] Built target actionlib_msgs_generate_messages_cpp
[2.022s] [  0%] Built target std_srvs_generate_messages_py
[2.043s] [  0%] Built target tf_generate_messages_lisp
[2.064s] [  0%] Built target tf_generate_messages_nodejs
[2.082s] [  0%] Built target pcl_msgs_generate_messages_py
[2.101s] [  0%] Built target actionlib_generate_messages_eus
[2.123s] [  0%] Built target pcl_msgs_generate_messages_lisp
[2.140s] [  0%] Built target tf_generate_messages_cpp
[2.158s] [  0%] Built target actionlib_generate_messages_nodejs
[2.177s] [  0%] Built target grid_map_msgs_generate_messages_lisp
[2.195s] [  0%] Built target actionlib_msgs_generate_messages_lisp
[2.218s] [  0%] Built target jsk_footstep_msgs_generate_messages_nodejs
[2.238s] [  0%] Built target jsk_footstep_msgs_generate_messages_py
[2.255s] [  0%] Built target vector_map_msgs_generate_messages_cpp
[2.276s] [  0%] Built target vector_map_msgs_generate_messages_eus
[2.295s] [  0%] Built target vector_map_msgs_generate_messages_lisp
[2.319s] [  0%] Built target vector_map_msgs_generate_messages_py
[2.369s] [ 50%] Built target costmap_generator
[2.411s] [100%] Built target costmap_generator_lib
[2.422s] Invoked command in '/home/agilex/autoware.ai/build/costmap_generator' returned '0': CMAKE_PREFIX_PATH=/home/agilex/autoware.ai/install/object_map:/home/agilex/autoware.ai/install/vector_map:/home/agilex/autoware.ai/install/vector_map_msgs:/home/agilex/autoware.ai/install/autoware_msgs:/home/agilex/autoware.ai/install/autoware_build_flags:${CMAKE_PREFIX_PATH} LD_LIBRARY_PATH=/home/agilex/autoware.ai/install/object_map/lib:/home/agilex/autoware.ai/install/vector_map/lib:${LD_LIBRARY_PATH} PKG_CONFIG_PATH=/home/agilex/autoware.ai/install/object_map/lib/x86_64-linux-gnu/pkgconfig:/home/agilex/autoware.ai/install/object_map/lib/pkgconfig:/home/agilex/autoware.ai/install/vector_map/lib/x86_64-linux-gnu/pkgconfig:/home/agilex/autoware.ai/install/vector_map/lib/pkgconfig:/home/agilex/autoware.ai/install/vector_map_msgs/lib/x86_64-linux-gnu/pkgconfig:/home/agilex/autoware.ai/install/vector_map_msgs/lib/pkgconfig:/home/agilex/autoware.ai/install/autoware_msgs/lib/x86_64-linux-gnu/pkgconfig:/home/agilex/autoware.ai/install/autoware_msgs/lib/pkgconfig:/home/agilex/autoware.ai/install/autoware_build_flags/lib/x86_64-linux-gnu/pkgconfig:/home/agilex/autoware.ai/install/autoware_build_flags/lib/pkgconfig:${PKG_CONFIG_PATH} PYTHONPATH=/home/agilex/autoware.ai/install/vector_map_msgs/lib/python2.7/dist-packages:/home/agilex/autoware.ai/install/autoware_msgs/lib/python2.7/dist-packages:${PYTHONPATH} ROS_PACKAGE_PATH=/home/agilex/autoware.ai/install/object_map/share:/home/agilex/autoware.ai/install/vector_map/share:/home/agilex/autoware.ai/install/vector_map_msgs/share:/home/agilex/autoware.ai/install/autoware_msgs/share:/home/agilex/autoware.ai/install/autoware_build_flags/share:${ROS_PACKAGE_PATH} /usr/bin/cmake --build /home/agilex/autoware.ai/build/costmap_generator -- -j8 -l8
[2.591s] Invoking command in '/home/agilex/autoware.ai/build/costmap_generator': CMAKE_PREFIX_PATH=/home/agilex/autoware.ai/install/object_map:/home/agilex/autoware.ai/install/vector_map:/home/agilex/autoware.ai/install/vector_map_msgs:/home/agilex/autoware.ai/install/autoware_msgs:/home/agilex/autoware.ai/install/autoware_build_flags:${CMAKE_PREFIX_PATH} LD_LIBRARY_PATH=/home/agilex/autoware.ai/install/object_map/lib:/home/agilex/autoware.ai/install/vector_map/lib:${LD_LIBRARY_PATH} PKG_CONFIG_PATH=/home/agilex/autoware.ai/install/object_map/lib/x86_64-linux-gnu/pkgconfig:/home/agilex/autoware.ai/install/object_map/lib/pkgconfig:/home/agilex/autoware.ai/install/vector_map/lib/x86_64-linux-gnu/pkgconfig:/home/agilex/autoware.ai/install/vector_map/lib/pkgconfig:/home/agilex/autoware.ai/install/vector_map_msgs/lib/x86_64-linux-gnu/pkgconfig:/home/agilex/autoware.ai/install/vector_map_msgs/lib/pkgconfig:/home/agilex/autoware.ai/install/autoware_msgs/lib/x86_64-linux-gnu/pkgconfig:/home/agilex/autoware.ai/install/autoware_msgs/lib/pkgconfig:/home/agilex/autoware.ai/install/autoware_build_flags/lib/x86_64-linux-gnu/pkgconfig:/home/agilex/autoware.ai/install/autoware_build_flags/lib/pkgconfig:${PKG_CONFIG_PATH} PYTHONPATH=/home/agilex/autoware.ai/install/vector_map_msgs/lib/python2.7/dist-packages:/home/agilex/autoware.ai/install/autoware_msgs/lib/python2.7/dist-packages:${PYTHONPATH} ROS_PACKAGE_PATH=/home/agilex/autoware.ai/install/object_map/share:/home/agilex/autoware.ai/install/vector_map/share:/home/agilex/autoware.ai/install/vector_map_msgs/share:/home/agilex/autoware.ai/install/autoware_msgs/share:/home/agilex/autoware.ai/install/autoware_build_flags/share:${ROS_PACKAGE_PATH} /usr/bin/cmake --build /home/agilex/autoware.ai/build/costmap_generator --target tests -- -j8 -l8
[2.657s] [ 22%] Built target gtest
[2.675s] [ 22%] Built target jsk_footstep_msgs_generate_messages_nodejs
[2.695s] [ 22%] Built target jsk_footstep_msgs_generate_messages_lisp
[2.714s] [ 22%] Built target jsk_footstep_msgs_generate_messages_eus
[2.730s] [ 22%] Built target jsk_recognition_msgs_generate_messages_py
[2.752s] [ 22%] Built target jsk_recognition_msgs_generate_messages_lisp
[2.774s] [ 22%] Built target jsk_recognition_msgs_generate_messages_eus
[2.795s] [ 22%] Built target autoware_msgs_generate_messages_nodejs
[2.812s] [ 22%] Built target autoware_msgs_generate_messages_lisp
[2.830s] [ 22%] Built target autoware_msgs_generate_messages_eus
[2.851s] [ 22%] Built target autoware_msgs_generate_messages_cpp
[2.871s] [ 22%] Built target visualization_msgs_generate_messages_py
[2.887s] [ 22%] Built target visualization_msgs_generate_messages_nodejs
[2.903s] [ 22%] Built target visualization_msgs_generate_messages_eus
[2.928s] [ 22%] Built target nav_msgs_generate_messages_nodejs
[2.946s] [ 22%] Built target grid_map_msgs_generate_messages_py
[2.964s] [ 22%] Built target grid_map_msgs_generate_messages_nodejs
[2.984s] [ 22%] Built target grid_map_msgs_generate_messages_eus
[3.005s] [ 22%] Built target tf2_msgs_generate_messages_nodejs
[3.024s] [ 22%] Built target visualization_msgs_generate_messages_cpp
[3.043s] [ 22%] Built target nav_msgs_generate_messages_eus
[3.062s] [ 22%] Built target tf2_msgs_generate_messages_eus
[3.079s] [ 22%] Built target tf2_msgs_generate_messages_cpp
[3.100s] [ 22%] Built target nodelet_generate_messages_nodejs
[3.118s] [ 22%] Built target nav_msgs_generate_messages_lisp
[3.137s] [ 22%] Built target pcl_msgs_generate_messages_nodejs
[3.156s] [ 22%] Built target nodelet_generate_messages_eus
[3.176s] [ 22%] Built target geometry_msgs_generate_messages_lisp
[3.200s] [ 22%] Built target nav_msgs_generate_messages_py
[3.219s] [ 22%] Built target tf2_msgs_generate_messages_lisp
[3.236s] [ 22%] Built target dynamic_reconfigure_gencfg
[3.260s] [ 22%] Built target geometry_msgs_generate_messages_py
[3.280s] [ 22%] Built target dynamic_reconfigure_generate_messages_py
[3.300s] [ 22%] Built target dynamic_reconfigure_generate_messages_lisp
[3.318s] [ 22%] Built target pcl_msgs_generate_messages_cpp
[3.337s] [ 22%] Built target rosgraph_msgs_generate_messages_cpp
[3.356s] [ 22%] Built target topic_tools_generate_messages_cpp
[3.374s] [ 22%] Built target pcl_ros_gencfg
[3.391s] [ 22%] Built target topic_tools_generate_messages_nodejs
[3.413s] [ 22%] Built target tf2_msgs_generate_messages_py
[3.429s] [ 22%] Built target actionlib_generate_messages_py
[3.450s] [ 22%] Built target dynamic_reconfigure_generate_messages_eus
[3.468s] [ 22%] Built target std_msgs_generate_messages_nodejs
[3.488s] [ 22%] Built target bond_generate_messages_lisp
[3.507s] [ 22%] Built target autoware_msgs_generate_messages_py
[3.523s] [ 22%] Built target nodelet_generate_messages_lisp
[3.544s] [ 22%] Built target nav_msgs_generate_messages_cpp
[3.558s] [ 22%] Built target sensor_msgs_generate_messages_lisp
[3.579s] [ 22%] Built target std_msgs_generate_messages_cpp
[3.605s] [ 22%] Built target nodelet_generate_messages_cpp
[3.621s] [ 22%] Built target vector_map_msgs_generate_messages_nodejs
[3.643s] [ 22%] Built target bond_generate_messages_py
[3.662s] [ 22%] Built target std_srvs_generate_messages_nodejs
[3.677s] [ 22%] Built target geometry_msgs_generate_messages_cpp
[3.695s] [ 22%] Built target actionlib_generate_messages_lisp
[3.723s] [ 22%] Built target roscpp_generate_messages_cpp
[3.745s] [ 22%] Built target sensor_msgs_generate_messages_nodejs
[3.763s] [ 22%] Built target actionlib_generate_messages_cpp
[3.783s] [ 22%] Built target geometry_msgs_generate_messages_nodejs
[3.803s] [ 22%] Built target jsk_recognition_msgs_generate_messages_nodejs
[3.821s] [ 22%] Built target std_srvs_generate_messages_eus
[3.839s] [ 22%] Built target roscpp_generate_messages_lisp
[3.859s] [ 22%] Built target bond_generate_messages_eus
[3.876s] [ 22%] Built target std_msgs_generate_messages_lisp
[3.895s] [ 22%] Built target roscpp_generate_messages_nodejs
[3.911s] [ 22%] Built target geometry_msgs_generate_messages_eus
[3.929s] [ 22%] Built target std_msgs_generate_messages_py
[3.952s] [ 22%] Built target grid_map_msgs_generate_messages_cpp
[3.968s] [ 22%] Built target roscpp_generate_messages_py
[3.989s] [ 22%] Built target dynamic_reconfigure_generate_messages_nodejs
[4.008s] [ 22%] Built target rosgraph_msgs_generate_messages_eus
[4.027s] [ 22%] Built target rosgraph_msgs_generate_messages_lisp
[4.046s] [ 22%] Built target visualization_msgs_generate_messages_lisp
[4.063s] [ 22%] Built target std_msgs_generate_messages_eus
[4.083s] [ 22%] Built target actionlib_msgs_generate_messages_eus
[4.100s] [ 22%] Built target roscpp_generate_messages_eus
[4.119s] [ 22%] Built target rosgraph_msgs_generate_messages_py
[4.137s] [ 22%] Built target rosgraph_msgs_generate_messages_nodejs
[4.157s] [ 22%] Built target bond_generate_messages_cpp
[4.174s] [ 22%] Built target bond_generate_messages_nodejs
[4.199s] [ 22%] Built target topic_tools_generate_messages_py
[4.217s] [ 22%] Built target actionlib_msgs_generate_messages_nodejs
[4.238s] [ 22%] Built target nodelet_topic_tools_gencfg
[4.255s] [ 22%] Built target std_srvs_generate_messages_lisp
[4.270s] [ 22%] Built target jsk_recognition_msgs_generate_messages_cpp
[4.286s] [ 22%] Built target topic_tools_generate_messages_lisp
[4.307s] [ 22%] Built target pcl_msgs_generate_messages_eus
[4.324s] [ 22%] Built target topic_tools_generate_messages_eus
[4.344s] [ 22%] Built target sensor_msgs_generate_messages_cpp
[4.362s] [ 22%] Built target sensor_msgs_generate_messages_eus
[4.381s] [ 22%] Built target nodelet_generate_messages_py
[4.397s] [ 22%] Built target sensor_msgs_generate_messages_py
[4.414s] [ 22%] Built target dynamic_reconfigure_generate_messages_cpp
[4.431s] [ 22%] Built target tf_generate_messages_py
[4.450s] [ 22%] Built target std_srvs_generate_messages_cpp
[4.471s] [ 22%] Built target jsk_footstep_msgs_generate_messages_cpp
[4.490s] [ 22%] Built target tf_generate_messages_eus
[4.514s] [ 22%] Built target actionlib_msgs_generate_messages_cpp
[4.535s] [ 22%] Built target std_srvs_generate_messages_py
[4.561s] [ 22%] Built target tf_generate_messages_lisp
[4.577s] [ 22%] Built target tf_generate_messages_nodejs
[4.595s] [ 22%] Built target pcl_msgs_generate_messages_py
[4.617s] [ 22%] Built target actionlib_generate_messages_eus
[4.640s] [ 22%] Built target pcl_msgs_generate_messages_lisp
[4.659s] [ 22%] Built target tf_generate_messages_cpp
[4.675s] [ 22%] Built target actionlib_generate_messages_nodejs
[4.693s] [ 22%] Built target grid_map_msgs_generate_messages_lisp
[4.712s] [ 22%] Built target actionlib_msgs_generate_messages_lisp
[4.728s] [ 22%] Built target jsk_footstep_msgs_generate_messages_py
[4.745s] [ 22%] Built target vector_map_msgs_generate_messages_cpp
[4.765s] [ 22%] Built target vector_map_msgs_generate_messages_eus
[4.783s] [ 22%] Built target vector_map_msgs_generate_messages_lisp
[4.801s] [ 22%] Built target vector_map_msgs_generate_messages_py
[4.819s] [ 22%] Built target actionlib_msgs_generate_messages_py
[4.863s] [ 77%] Built target costmap_generator_lib
[4.904s] [100%] Built target test-costmap_generator
[4.926s] [100%] Built target tests
[4.940s] Invoked command in '/home/agilex/autoware.ai/build/costmap_generator' returned '0': CMAKE_PREFIX_PATH=/home/agilex/autoware.ai/install/object_map:/home/agilex/autoware.ai/install/vector_map:/home/agilex/autoware.ai/install/vector_map_msgs:/home/agilex/autoware.ai/install/autoware_msgs:/home/agilex/autoware.ai/install/autoware_build_flags:${CMAKE_PREFIX_PATH} LD_LIBRARY_PATH=/home/agilex/autoware.ai/install/object_map/lib:/home/agilex/autoware.ai/install/vector_map/lib:${LD_LIBRARY_PATH} PKG_CONFIG_PATH=/home/agilex/autoware.ai/install/object_map/lib/x86_64-linux-gnu/pkgconfig:/home/agilex/autoware.ai/install/object_map/lib/pkgconfig:/home/agilex/autoware.ai/install/vector_map/lib/x86_64-linux-gnu/pkgconfig:/home/agilex/autoware.ai/install/vector_map/lib/pkgconfig:/home/agilex/autoware.ai/install/vector_map_msgs/lib/x86_64-linux-gnu/pkgconfig:/home/agilex/autoware.ai/install/vector_map_msgs/lib/pkgconfig:/home/agilex/autoware.ai/install/autoware_msgs/lib/x86_64-linux-gnu/pkgconfig:/home/agilex/autoware.ai/install/autoware_msgs/lib/pkgconfig:/home/agilex/autoware.ai/install/autoware_build_flags/lib/x86_64-linux-gnu/pkgconfig:/home/agilex/autoware.ai/install/autoware_build_flags/lib/pkgconfig:${PKG_CONFIG_PATH} PYTHONPATH=/home/agilex/autoware.ai/install/vector_map_msgs/lib/python2.7/dist-packages:/home/agilex/autoware.ai/install/autoware_msgs/lib/python2.7/dist-packages:${PYTHONPATH} ROS_PACKAGE_PATH=/home/agilex/autoware.ai/install/object_map/share:/home/agilex/autoware.ai/install/vector_map/share:/home/agilex/autoware.ai/install/vector_map_msgs/share:/home/agilex/autoware.ai/install/autoware_msgs/share:/home/agilex/autoware.ai/install/autoware_build_flags/share:${ROS_PACKAGE_PATH} /usr/bin/cmake --build /home/agilex/autoware.ai/build/costmap_generator --target tests -- -j8 -l8
[5.108s] Invoking command in '/home/agilex/autoware.ai/build/costmap_generator': CMAKE_PREFIX_PATH=/home/agilex/autoware.ai/install/object_map:/home/agilex/autoware.ai/install/vector_map:/home/agilex/autoware.ai/install/vector_map_msgs:/home/agilex/autoware.ai/install/autoware_msgs:/home/agilex/autoware.ai/install/autoware_build_flags:${CMAKE_PREFIX_PATH} LD_LIBRARY_PATH=/home/agilex/autoware.ai/install/object_map/lib:/home/agilex/autoware.ai/install/vector_map/lib:${LD_LIBRARY_PATH} PKG_CONFIG_PATH=/home/agilex/autoware.ai/install/object_map/lib/x86_64-linux-gnu/pkgconfig:/home/agilex/autoware.ai/install/object_map/lib/pkgconfig:/home/agilex/autoware.ai/install/vector_map/lib/x86_64-linux-gnu/pkgconfig:/home/agilex/autoware.ai/install/vector_map/lib/pkgconfig:/home/agilex/autoware.ai/install/vector_map_msgs/lib/x86_64-linux-gnu/pkgconfig:/home/agilex/autoware.ai/install/vector_map_msgs/lib/pkgconfig:/home/agilex/autoware.ai/install/autoware_msgs/lib/x86_64-linux-gnu/pkgconfig:/home/agilex/autoware.ai/install/autoware_msgs/lib/pkgconfig:/home/agilex/autoware.ai/install/autoware_build_flags/lib/x86_64-linux-gnu/pkgconfig:/home/agilex/autoware.ai/install/autoware_build_flags/lib/pkgconfig:${PKG_CONFIG_PATH} PYTHONPATH=/home/agilex/autoware.ai/install/vector_map_msgs/lib/python2.7/dist-packages:/home/agilex/autoware.ai/install/autoware_msgs/lib/python2.7/dist-packages:${PYTHONPATH} ROS_PACKAGE_PATH=/home/agilex/autoware.ai/install/object_map/share:/home/agilex/autoware.ai/install/vector_map/share:/home/agilex/autoware.ai/install/vector_map_msgs/share:/home/agilex/autoware.ai/install/autoware_msgs/share:/home/agilex/autoware.ai/install/autoware_build_flags/share:${ROS_PACKAGE_PATH} /usr/bin/cmake --build /home/agilex/autoware.ai/build/costmap_generator --target install -- -j8 -l8
[5.152s] [  0%] Built target actionlib_msgs_generate_messages_py
[5.168s] [  0%] Built target jsk_footstep_msgs_generate_messages_lisp
[5.184s] [  0%] Built target jsk_footstep_msgs_generate_messages_eus
[5.202s] [  0%] Built target jsk_recognition_msgs_generate_messages_py
[5.222s] [  0%] Built target jsk_recognition_msgs_generate_messages_lisp
[5.242s] [  0%] Built target jsk_recognition_msgs_generate_messages_eus
[5.259s] [  0%] Built target autoware_msgs_generate_messages_nodejs
[5.275s] [  0%] Built target autoware_msgs_generate_messages_lisp
[5.303s] [  0%] Built target autoware_msgs_generate_messages_eus
[5.320s] [  0%] Built target autoware_msgs_generate_messages_cpp
[5.340s] [  0%] Built target visualization_msgs_generate_messages_py
[5.367s] [  0%] Built target visualization_msgs_generate_messages_nodejs
[5.383s] [  0%] Built target visualization_msgs_generate_messages_eus
[5.404s] [  0%] Built target nav_msgs_generate_messages_nodejs
[5.424s] [  0%] Built target grid_map_msgs_generate_messages_py
[5.445s] [  0%] Built target grid_map_msgs_generate_messages_nodejs
[5.460s] [  0%] Built target grid_map_msgs_generate_messages_eus
[5.479s] [  0%] Built target tf2_msgs_generate_messages_nodejs
[5.495s] [  0%] Built target visualization_msgs_generate_messages_cpp
[5.513s] [  0%] Built target nav_msgs_generate_messages_eus
[5.531s] [  0%] Built target tf2_msgs_generate_messages_eus
[5.555s] [  0%] Built target tf2_msgs_generate_messages_cpp
[5.574s] [  0%] Built target nodelet_generate_messages_nodejs
[5.595s] [  0%] Built target nav_msgs_generate_messages_lisp
[5.613s] [  0%] Built target pcl_msgs_generate_messages_nodejs
[5.630s] [  0%] Built target nodelet_generate_messages_eus
[5.648s] [  0%] Built target geometry_msgs_generate_messages_lisp
[5.674s] [  0%] Built target nav_msgs_generate_messages_py
[5.693s] [  0%] Built target tf2_msgs_generate_messages_lisp
[5.713s] [  0%] Built target dynamic_reconfigure_gencfg
[5.730s] [  0%] Built target geometry_msgs_generate_messages_py
[5.752s] [  0%] Built target dynamic_reconfigure_generate_messages_py
[5.769s] [  0%] Built target dynamic_reconfigure_generate_messages_lisp
[5.789s] [  0%] Built target pcl_msgs_generate_messages_cpp
[5.805s] [  0%] Built target rosgraph_msgs_generate_messages_cpp
[5.823s] [  0%] Built target topic_tools_generate_messages_cpp
[5.843s] [  0%] Built target pcl_ros_gencfg
[5.861s] [  0%] Built target topic_tools_generate_messages_nodejs
[5.883s] [  0%] Built target tf2_msgs_generate_messages_py
[5.907s] [  0%] Built target actionlib_generate_messages_py
[5.928s] [  0%] Built target dynamic_reconfigure_generate_messages_eus
[5.950s] [  0%] Built target std_msgs_generate_messages_nodejs
[5.968s] [  0%] Built target bond_generate_messages_lisp
[5.986s] [  0%] Built target autoware_msgs_generate_messages_py
[6.003s] [  0%] Built target nodelet_generate_messages_lisp
[6.022s] [  0%] Built target nav_msgs_generate_messages_cpp
[6.041s] [  0%] Built target sensor_msgs_generate_messages_lisp
[6.064s] [  0%] Built target std_msgs_generate_messages_cpp
[6.083s] [  0%] Built target nodelet_generate_messages_cpp
[6.106s] [  0%] Built target vector_map_msgs_generate_messages_nodejs
[6.123s] [  0%] Built target bond_generate_messages_py
[6.139s] [  0%] Built target std_srvs_generate_messages_nodejs
[6.160s] [  0%] Built target geometry_msgs_generate_messages_cpp
[6.178s] [  0%] Built target actionlib_generate_messages_lisp
[6.197s] [  0%] Built target roscpp_generate_messages_cpp
[6.217s] [  0%] Built target sensor_msgs_generate_messages_nodejs
[6.234s] [  0%] Built target actionlib_generate_messages_cpp
[6.253s] [  0%] Built target geometry_msgs_generate_messages_nodejs
[6.270s] [  0%] Built target jsk_recognition_msgs_generate_messages_nodejs
[6.289s] [  0%] Built target std_srvs_generate_messages_eus
[6.307s] [  0%] Built target roscpp_generate_messages_lisp
[6.323s] [  0%] Built target bond_generate_messages_eus
[6.342s] [  0%] Built target std_msgs_generate_messages_lisp
[6.359s] [  0%] Built target roscpp_generate_messages_nodejs
[6.379s] [  0%] Built target geometry_msgs_generate_messages_eus
[6.397s] [  0%] Built target std_msgs_generate_messages_py
[6.413s] [  0%] Built target grid_map_msgs_generate_messages_cpp
[6.429s] [  0%] Built target roscpp_generate_messages_py
[6.445s] [  0%] Built target dynamic_reconfigure_generate_messages_nodejs
[6.462s] [  0%] Built target rosgraph_msgs_generate_messages_eus
[6.479s] [  0%] Built target rosgraph_msgs_generate_messages_lisp
[6.496s] [  0%] Built target visualization_msgs_generate_messages_lisp
[6.513s] [  0%] Built target std_msgs_generate_messages_eus
[6.531s] [  0%] Built target actionlib_msgs_generate_messages_eus
[6.552s] [  0%] Built target roscpp_generate_messages_eus
[6.573s] [  0%] Built target rosgraph_msgs_generate_messages_py
[6.596s] [  0%] Built target rosgraph_msgs_generate_messages_nodejs
[6.612s] [  0%] Built target bond_generate_messages_cpp
[6.627s] [  0%] Built target bond_generate_messages_nodejs
[6.650s] [  0%] Built target topic_tools_generate_messages_py
[6.670s] [  0%] Built target actionlib_msgs_generate_messages_nodejs
[6.688s] [  0%] Built target nodelet_topic_tools_gencfg
[6.704s] [  0%] Built target std_srvs_generate_messages_lisp
[6.721s] [  0%] Built target jsk_recognition_msgs_generate_messages_cpp
[6.738s] [  0%] Built target topic_tools_generate_messages_lisp
[6.755s] [  0%] Built target pcl_msgs_generate_messages_eus
[6.771s] [  0%] Built target topic_tools_generate_messages_eus
[6.797s] [  0%] Built target sensor_msgs_generate_messages_cpp
[6.815s] [  0%] Built target sensor_msgs_generate_messages_eus
[6.832s] [  0%] Built target nodelet_generate_messages_py
[6.856s] [  0%] Built target sensor_msgs_generate_messages_py
[6.877s] [  0%] Built target dynamic_reconfigure_generate_messages_cpp
[6.894s] [  0%] Built target tf_generate_messages_py
[6.910s] [  0%] Built target std_srvs_generate_messages_cpp
[6.937s] [  0%] Built target jsk_footstep_msgs_generate_messages_cpp
[6.955s] [  0%] Built target tf_generate_messages_eus
[6.979s] [  0%] Built target actionlib_msgs_generate_messages_cpp
[6.996s] [  0%] Built target std_srvs_generate_messages_py
[7.017s] [  0%] Built target tf_generate_messages_lisp
[7.038s] [  0%] Built target tf_generate_messages_nodejs
[7.058s] [  0%] Built target pcl_msgs_generate_messages_py
[7.074s] [  0%] Built target actionlib_generate_messages_eus
[7.093s] [  0%] Built target pcl_msgs_generate_messages_lisp
[7.114s] [  0%] Built target tf_generate_messages_cpp
[7.133s] [  0%] Built target actionlib_generate_messages_nodejs
[7.152s] [  0%] Built target grid_map_msgs_generate_messages_lisp
[7.172s] [  0%] Built target actionlib_msgs_generate_messages_lisp
[7.188s] [  0%] Built target jsk_footstep_msgs_generate_messages_nodejs
[7.211s] [  0%] Built target jsk_footstep_msgs_generate_messages_py
[7.229s] [  0%] Built target vector_map_msgs_generate_messages_cpp
[7.244s] [  0%] Built target vector_map_msgs_generate_messages_eus
[7.261s] [  0%] Built target vector_map_msgs_generate_messages_lisp
[7.278s] [  0%] Built target vector_map_msgs_generate_messages_py
[7.319s] [ 50%] Built target costmap_generator
[7.362s] [100%] Built target costmap_generator_lib
[7.383s] [36mInstall the project...[0m
[7.394s] -- Install configuration: "Release"
[7.394s] -- Up-to-date: /home/agilex/autoware.ai/install/costmap_generator/lib/pkgconfig/costmap_generator.pc
[7.394s] -- Up-to-date: /home/agilex/autoware.ai/install/costmap_generator/share/costmap_generator/cmake/costmap_generatorConfig.cmake
[7.395s] -- Up-to-date: /home/agilex/autoware.ai/install/costmap_generator/share/costmap_generator/cmake/costmap_generatorConfig-version.cmake
[7.395s] -- Up-to-date: /home/agilex/autoware.ai/install/costmap_generator/share/costmap_generator/package.xml
[7.395s] -- Up-to-date: /home/agilex/autoware.ai/install/costmap_generator/lib/costmap_generator/costmap_generator
[7.396s] -- Up-to-date: /home/agilex/autoware.ai/install/costmap_generator/share/costmap_generator/launch
[7.396s] -- Up-to-date: /home/agilex/autoware.ai/install/costmap_generator/share/costmap_generator/launch/costmap_generator.launch
[7.396s] -- Up-to-date: /home/agilex/autoware.ai/install/costmap_generator/include/costmap_generator
[7.396s] -- Up-to-date: /home/agilex/autoware.ai/install/costmap_generator/include/costmap_generator/costmap_generator.h
[7.396s] -- Up-to-date: /home/agilex/autoware.ai/install/costmap_generator/include/costmap_generator/points_to_costmap.h
[7.396s] -- Up-to-date: /home/agilex/autoware.ai/install/costmap_generator/include/costmap_generator/objects_to_costmap.h
[7.399s] Invoked command in '/home/agilex/autoware.ai/build/costmap_generator' returned '0': CMAKE_PREFIX_PATH=/home/agilex/autoware.ai/install/object_map:/home/agilex/autoware.ai/install/vector_map:/home/agilex/autoware.ai/install/vector_map_msgs:/home/agilex/autoware.ai/install/autoware_msgs:/home/agilex/autoware.ai/install/autoware_build_flags:${CMAKE_PREFIX_PATH} LD_LIBRARY_PATH=/home/agilex/autoware.ai/install/object_map/lib:/home/agilex/autoware.ai/install/vector_map/lib:${LD_LIBRARY_PATH} PKG_CONFIG_PATH=/home/agilex/autoware.ai/install/object_map/lib/x86_64-linux-gnu/pkgconfig:/home/agilex/autoware.ai/install/object_map/lib/pkgconfig:/home/agilex/autoware.ai/install/vector_map/lib/x86_64-linux-gnu/pkgconfig:/home/agilex/autoware.ai/install/vector_map/lib/pkgconfig:/home/agilex/autoware.ai/install/vector_map_msgs/lib/x86_64-linux-gnu/pkgconfig:/home/agilex/autoware.ai/install/vector_map_msgs/lib/pkgconfig:/home/agilex/autoware.ai/install/autoware_msgs/lib/x86_64-linux-gnu/pkgconfig:/home/agilex/autoware.ai/install/autoware_msgs/lib/pkgconfig:/home/agilex/autoware.ai/install/autoware_build_flags/lib/x86_64-linux-gnu/pkgconfig:/home/agilex/autoware.ai/install/autoware_build_flags/lib/pkgconfig:${PKG_CONFIG_PATH} PYTHONPATH=/home/agilex/autoware.ai/install/vector_map_msgs/lib/python2.7/dist-packages:/home/agilex/autoware.ai/install/autoware_msgs/lib/python2.7/dist-packages:${PYTHONPATH} ROS_PACKAGE_PATH=/home/agilex/autoware.ai/install/object_map/share:/home/agilex/autoware.ai/install/vector_map/share:/home/agilex/autoware.ai/install/vector_map_msgs/share:/home/agilex/autoware.ai/install/autoware_msgs/share:/home/agilex/autoware.ai/install/autoware_build_flags/share:${ROS_PACKAGE_PATH} /usr/bin/cmake --build /home/agilex/autoware.ai/build/costmap_generator --target install -- -j8 -l8
