[0.079s] Invoking command in '/home/agilex/autoware.ai/build/waypoint_planner': CMAKE_PREFIX_PATH=/home/agilex/autoware.ai/install/waypoint_follower:/home/agilex/autoware.ai/install/vector_map:/home/agilex/autoware.ai/install/autoware_health_checker:/home/agilex/autoware.ai/install/astar_search:/home/agilex/autoware.ai/install/amathutils_lib:/home/agilex/autoware.ai/install/vector_map_msgs:/home/agilex/autoware.ai/install/tablet_socket_msgs:/home/agilex/autoware.ai/install/autoware_system_msgs:/home/agilex/autoware.ai/install/autoware_msgs:/home/agilex/autoware.ai/install/autoware_config_msgs:/home/agilex/autoware.ai/install/autoware_build_flags:${CMAKE_PREFIX_PATH} LD_LIBRARY_PATH=/home/agilex/autoware.ai/install/waypoint_follower/lib:/home/agilex/autoware.ai/install/vector_map/lib:/home/agilex/autoware.ai/install/autoware_health_checker/lib:/home/agilex/autoware.ai/install/astar_search/lib:/home/agilex/autoware.ai/install/amathutils_lib/lib:${LD_LIBRARY_PATH} PKG_CONFIG_PATH=/home/agilex/autoware.ai/install/waypoint_follower/lib/x86_64-linux-gnu/pkgconfig:/home/agilex/autoware.ai/install/waypoint_follower/lib/pkgconfig:/home/agilex/autoware.ai/install/vector_map/lib/x86_64-linux-gnu/pkgconfig:/home/agilex/autoware.ai/install/vector_map/lib/pkgconfig:/home/agilex/autoware.ai/install/autoware_health_checker/lib/x86_64-linux-gnu/pkgconfig:/home/agilex/autoware.ai/install/autoware_health_checker/lib/pkgconfig:/home/agilex/autoware.ai/install/astar_search/lib/x86_64-linux-gnu/pkgconfig:/home/agilex/autoware.ai/install/astar_search/lib/pkgconfig:/home/agilex/autoware.ai/install/amathutils_lib/lib/x86_64-linux-gnu/pkgconfig:/home/agilex/autoware.ai/install/amathutils_lib/lib/pkgconfig:/home/agilex/autoware.ai/install/vector_map_msgs/lib/x86_64-linux-gnu/pkgconfig:/home/agilex/autoware.ai/install/vector_map_msgs/lib/pkgconfig:/home/agilex/autoware.ai/install/tablet_socket_msgs/lib/x86_64-linux-gnu/pkgconfig:/home/agilex/autoware.ai/install/tablet_socket_msgs/lib/pkgconfig:/home/agilex/autoware.ai/install/autoware_system_msgs/lib/x86_64-linux-gnu/pkgconfig:/home/agilex/autoware.ai/install/autoware_system_msgs/lib/pkgconfig:/home/agilex/autoware.ai/install/autoware_msgs/lib/x86_64-linux-gnu/pkgconfig:/home/agilex/autoware.ai/install/autoware_msgs/lib/pkgconfig:/home/agilex/autoware.ai/install/autoware_config_msgs/lib/x86_64-linux-gnu/pkgconfig:/home/agilex/autoware.ai/install/autoware_config_msgs/lib/pkgconfig:/home/agilex/autoware.ai/install/autoware_build_flags/lib/x86_64-linux-gnu/pkgconfig:/home/agilex/autoware.ai/install/autoware_build_flags/lib/pkgconfig:${PKG_CONFIG_PATH} PYTHONPATH=/home/agilex/autoware.ai/install/vector_map_msgs/lib/python2.7/dist-packages:/home/agilex/autoware.ai/install/tablet_socket_msgs/lib/python2.7/dist-packages:/home/agilex/autoware.ai/install/autoware_system_msgs/lib/python2.7/dist-packages:/home/agilex/autoware.ai/install/autoware_msgs/lib/python2.7/dist-packages:/home/agilex/autoware.ai/install/autoware_config_msgs/lib/python2.7/dist-packages:${PYTHONPATH} ROS_PACKAGE_PATH=/home/agilex/autoware.ai/install/waypoint_follower/share:/home/agilex/autoware.ai/install/vector_map/share:/home/agilex/autoware.ai/install/autoware_health_checker/share:/home/agilex/autoware.ai/install/astar_search/share:/home/agilex/autoware.ai/install/amathutils_lib/share:/home/agilex/autoware.ai/install/vector_map_msgs/share:/home/agilex/autoware.ai/install/tablet_socket_msgs/share:/home/agilex/autoware.ai/install/autoware_system_msgs/share:/home/agilex/autoware.ai/install/autoware_msgs/share:/home/agilex/autoware.ai/install/autoware_config_msgs/share:/home/agilex/autoware.ai/install/autoware_build_flags/share:${ROS_PACKAGE_PATH} /usr/bin/cmake /home/agilex/autoware.ai/src/autoware/core_planning/waypoint_planner -DCMAKE_BUILD_TYPE=Release -DCATKIN_INSTALL_INTO_PREFIX_ROOT=0 -DCMAKE_INSTALL_PREFIX=/home/agilex/autoware.ai/install/waypoint_planner
[0.140s] -- The C compiler identification is GNU 7.5.0
[0.214s] -- The CXX compiler identification is GNU 7.5.0
[0.218s] -- Check for working C compiler: /usr/bin/cc
[0.311s] -- Check for working C compiler: /usr/bin/cc -- works
[0.312s] -- Detecting C compiler ABI info
[0.412s] -- Detecting C compiler ABI info - done
[0.423s] -- Detecting C compile features
[0.665s] -- Detecting C compile features - done
[0.669s] -- Check for working CXX compiler: /usr/bin/c++
[0.760s] -- Check for working CXX compiler: /usr/bin/c++ -- works
[0.761s] -- Detecting CXX compiler ABI info
[0.876s] -- Detecting CXX compiler ABI info - done
[0.884s] -- Detecting CXX compile features
[1.270s] -- Detecting CXX compile features - done
[1.272s] -- Using CATKIN_DEVEL_PREFIX: /home/agilex/autoware.ai/build/waypoint_planner/devel
[1.272s] -- Using CMAKE_PREFIX_PATH: /home/agilex/autoware.ai/install/waypoint_follower;/home/agilex/autoware.ai/install/vector_map;/home/agilex/autoware.ai/install/autoware_health_checker;/home/agilex/autoware.ai/install/astar_search;/home/agilex/autoware.ai/install/amathutils_lib;/home/agilex/autoware.ai/install/vector_map_msgs;/home/agilex/autoware.ai/install/tablet_socket_msgs;/home/agilex/autoware.ai/install/autoware_system_msgs;/home/agilex/autoware.ai/install/autoware_msgs;/home/agilex/autoware.ai/install/autoware_config_msgs;/home/agilex/autoware.ai/install/autoware_build_flags;/opt/ros/melodic
[1.272s] -- This workspace overlays: /home/agilex/autoware.ai/install/waypoint_follower;/home/agilex/autoware.ai/install/vector_map;/home/agilex/autoware.ai/install/autoware_health_checker;/home/agilex/autoware.ai/install/astar_search;/home/agilex/autoware.ai/install/amathutils_lib;/home/agilex/autoware.ai/install/vector_map_msgs;/home/agilex/autoware.ai/install/tablet_socket_msgs;/home/agilex/autoware.ai/install/autoware_system_msgs;/home/agilex/autoware.ai/install/autoware_msgs;/home/agilex/autoware.ai/install/autoware_config_msgs;/home/agilex/autoware.ai/install/autoware_build_flags;/opt/ros/melodic
[1.287s] -- Found PythonInterp: /usr/bin/python2 (found suitable version "2.7.17", minimum required is "2") 
[1.288s] -- Using PYTHON_EXECUTABLE: /usr/bin/python2
[1.288s] -- Using Debian Python package layout
[1.288s] -- Using empy: /usr/bin/empy
[1.458s] -- Using CATKIN_ENABLE_TESTING: ON
[1.458s] -- Call enable_testing()
[1.459s] -- Using CATKIN_TEST_RESULTS_DIR: /home/agilex/autoware.ai/build/waypoint_planner/test_results
[1.479s] -- Found gtest sources under '/usr/src/googletest': gtests will be built
[1.479s] -- Found gmock sources under '/usr/src/googletest': gmock will be built
[1.494s] -- Found PythonInterp: /usr/bin/python2 (found version "2.7.17") 
[1.496s] -- Looking for pthread.h
[1.566s] -- Looking for pthread.h - found
[1.567s] -- Looking for pthread_create
[1.632s] -- Looking for pthread_create - not found
[1.632s] -- Looking for pthread_create in pthreads
[1.692s] -- Looking for pthread_create in pthreads - not found
[1.692s] -- Looking for pthread_create in pthread
[1.761s] -- Looking for pthread_create in pthread - found
[1.762s] -- Found Threads: TRUE  
[1.766s] -- Using Python nosetests: /usr/bin/nosetests-2.7
[1.817s] -- catkin 0.7.29
[1.817s] -- BUILD_SHARED_LIBS is on
[1.917s] -- CUDA compilation status: .
[2.507s] -- Using these message generators: gencpp;geneus;genlisp;gennodejs;genpy
[3.503s] -- Configuring done
[3.587s] -- Generating done
[3.600s] -- Build files have been written to: /home/agilex/autoware.ai/build/waypoint_planner
[3.608s] Invoked command in '/home/agilex/autoware.ai/build/waypoint_planner' returned '0': CMAKE_PREFIX_PATH=/home/agilex/autoware.ai/install/waypoint_follower:/home/agilex/autoware.ai/install/vector_map:/home/agilex/autoware.ai/install/autoware_health_checker:/home/agilex/autoware.ai/install/astar_search:/home/agilex/autoware.ai/install/amathutils_lib:/home/agilex/autoware.ai/install/vector_map_msgs:/home/agilex/autoware.ai/install/tablet_socket_msgs:/home/agilex/autoware.ai/install/autoware_system_msgs:/home/agilex/autoware.ai/install/autoware_msgs:/home/agilex/autoware.ai/install/autoware_config_msgs:/home/agilex/autoware.ai/install/autoware_build_flags:${CMAKE_PREFIX_PATH} LD_LIBRARY_PATH=/home/agilex/autoware.ai/install/waypoint_follower/lib:/home/agilex/autoware.ai/install/vector_map/lib:/home/agilex/autoware.ai/install/autoware_health_checker/lib:/home/agilex/autoware.ai/install/astar_search/lib:/home/agilex/autoware.ai/install/amathutils_lib/lib:${LD_LIBRARY_PATH} PKG_CONFIG_PATH=/home/agilex/autoware.ai/install/waypoint_follower/lib/x86_64-linux-gnu/pkgconfig:/home/agilex/autoware.ai/install/waypoint_follower/lib/pkgconfig:/home/agilex/autoware.ai/install/vector_map/lib/x86_64-linux-gnu/pkgconfig:/home/agilex/autoware.ai/install/vector_map/lib/pkgconfig:/home/agilex/autoware.ai/install/autoware_health_checker/lib/x86_64-linux-gnu/pkgconfig:/home/agilex/autoware.ai/install/autoware_health_checker/lib/pkgconfig:/home/agilex/autoware.ai/install/astar_search/lib/x86_64-linux-gnu/pkgconfig:/home/agilex/autoware.ai/install/astar_search/lib/pkgconfig:/home/agilex/autoware.ai/install/amathutils_lib/lib/x86_64-linux-gnu/pkgconfig:/home/agilex/autoware.ai/install/amathutils_lib/lib/pkgconfig:/home/agilex/autoware.ai/install/vector_map_msgs/lib/x86_64-linux-gnu/pkgconfig:/home/agilex/autoware.ai/install/vector_map_msgs/lib/pkgconfig:/home/agilex/autoware.ai/install/tablet_socket_msgs/lib/x86_64-linux-gnu/pkgconfig:/home/agilex/autoware.ai/install/tablet_socket_msgs/lib/pkgconfig:/home/agilex/autoware.ai/install/autoware_system_msgs/lib/x86_64-linux-gnu/pkgconfig:/home/agilex/autoware.ai/install/autoware_system_msgs/lib/pkgconfig:/home/agilex/autoware.ai/install/autoware_msgs/lib/x86_64-linux-gnu/pkgconfig:/home/agilex/autoware.ai/install/autoware_msgs/lib/pkgconfig:/home/agilex/autoware.ai/install/autoware_config_msgs/lib/x86_64-linux-gnu/pkgconfig:/home/agilex/autoware.ai/install/autoware_config_msgs/lib/pkgconfig:/home/agilex/autoware.ai/install/autoware_build_flags/lib/x86_64-linux-gnu/pkgconfig:/home/agilex/autoware.ai/install/autoware_build_flags/lib/pkgconfig:${PKG_CONFIG_PATH} PYTHONPATH=/home/agilex/autoware.ai/install/vector_map_msgs/lib/python2.7/dist-packages:/home/agilex/autoware.ai/install/tablet_socket_msgs/lib/python2.7/dist-packages:/home/agilex/autoware.ai/install/autoware_system_msgs/lib/python2.7/dist-packages:/home/agilex/autoware.ai/install/autoware_msgs/lib/python2.7/dist-packages:/home/agilex/autoware.ai/install/autoware_config_msgs/lib/python2.7/dist-packages:${PYTHONPATH} ROS_PACKAGE_PATH=/home/agilex/autoware.ai/install/waypoint_follower/share:/home/agilex/autoware.ai/install/vector_map/share:/home/agilex/autoware.ai/install/autoware_health_checker/share:/home/agilex/autoware.ai/install/astar_search/share:/home/agilex/autoware.ai/install/amathutils_lib/share:/home/agilex/autoware.ai/install/vector_map_msgs/share:/home/agilex/autoware.ai/install/tablet_socket_msgs/share:/home/agilex/autoware.ai/install/autoware_system_msgs/share:/home/agilex/autoware.ai/install/autoware_msgs/share:/home/agilex/autoware.ai/install/autoware_config_msgs/share:/home/agilex/autoware.ai/install/autoware_build_flags/share:${ROS_PACKAGE_PATH} /usr/bin/cmake /home/agilex/autoware.ai/src/autoware/core_planning/waypoint_planner -DCMAKE_BUILD_TYPE=Release -DCATKIN_INSTALL_INTO_PREFIX_ROOT=0 -DCMAKE_INSTALL_PREFIX=/home/agilex/autoware.ai/install/waypoint_planner
[3.609s] Invoking command in '/home/agilex/autoware.ai/build/waypoint_planner': CMAKE_PREFIX_PATH=/home/agilex/autoware.ai/install/waypoint_follower:/home/agilex/autoware.ai/install/vector_map:/home/agilex/autoware.ai/install/autoware_health_checker:/home/agilex/autoware.ai/install/astar_search:/home/agilex/autoware.ai/install/amathutils_lib:/home/agilex/autoware.ai/install/vector_map_msgs:/home/agilex/autoware.ai/install/tablet_socket_msgs:/home/agilex/autoware.ai/install/autoware_system_msgs:/home/agilex/autoware.ai/install/autoware_msgs:/home/agilex/autoware.ai/install/autoware_config_msgs:/home/agilex/autoware.ai/install/autoware_build_flags:${CMAKE_PREFIX_PATH} LD_LIBRARY_PATH=/home/agilex/autoware.ai/install/waypoint_follower/lib:/home/agilex/autoware.ai/install/vector_map/lib:/home/agilex/autoware.ai/install/autoware_health_checker/lib:/home/agilex/autoware.ai/install/astar_search/lib:/home/agilex/autoware.ai/install/amathutils_lib/lib:${LD_LIBRARY_PATH} PKG_CONFIG_PATH=/home/agilex/autoware.ai/install/waypoint_follower/lib/x86_64-linux-gnu/pkgconfig:/home/agilex/autoware.ai/install/waypoint_follower/lib/pkgconfig:/home/agilex/autoware.ai/install/vector_map/lib/x86_64-linux-gnu/pkgconfig:/home/agilex/autoware.ai/install/vector_map/lib/pkgconfig:/home/agilex/autoware.ai/install/autoware_health_checker/lib/x86_64-linux-gnu/pkgconfig:/home/agilex/autoware.ai/install/autoware_health_checker/lib/pkgconfig:/home/agilex/autoware.ai/install/astar_search/lib/x86_64-linux-gnu/pkgconfig:/home/agilex/autoware.ai/install/astar_search/lib/pkgconfig:/home/agilex/autoware.ai/install/amathutils_lib/lib/x86_64-linux-gnu/pkgconfig:/home/agilex/autoware.ai/install/amathutils_lib/lib/pkgconfig:/home/agilex/autoware.ai/install/vector_map_msgs/lib/x86_64-linux-gnu/pkgconfig:/home/agilex/autoware.ai/install/vector_map_msgs/lib/pkgconfig:/home/agilex/autoware.ai/install/tablet_socket_msgs/lib/x86_64-linux-gnu/pkgconfig:/home/agilex/autoware.ai/install/tablet_socket_msgs/lib/pkgconfig:/home/agilex/autoware.ai/install/autoware_system_msgs/lib/x86_64-linux-gnu/pkgconfig:/home/agilex/autoware.ai/install/autoware_system_msgs/lib/pkgconfig:/home/agilex/autoware.ai/install/autoware_msgs/lib/x86_64-linux-gnu/pkgconfig:/home/agilex/autoware.ai/install/autoware_msgs/lib/pkgconfig:/home/agilex/autoware.ai/install/autoware_config_msgs/lib/x86_64-linux-gnu/pkgconfig:/home/agilex/autoware.ai/install/autoware_config_msgs/lib/pkgconfig:/home/agilex/autoware.ai/install/autoware_build_flags/lib/x86_64-linux-gnu/pkgconfig:/home/agilex/autoware.ai/install/autoware_build_flags/lib/pkgconfig:${PKG_CONFIG_PATH} PYTHONPATH=/home/agilex/autoware.ai/install/vector_map_msgs/lib/python2.7/dist-packages:/home/agilex/autoware.ai/install/tablet_socket_msgs/lib/python2.7/dist-packages:/home/agilex/autoware.ai/install/autoware_system_msgs/lib/python2.7/dist-packages:/home/agilex/autoware.ai/install/autoware_msgs/lib/python2.7/dist-packages:/home/agilex/autoware.ai/install/autoware_config_msgs/lib/python2.7/dist-packages:${PYTHONPATH} ROS_PACKAGE_PATH=/home/agilex/autoware.ai/install/waypoint_follower/share:/home/agilex/autoware.ai/install/vector_map/share:/home/agilex/autoware.ai/install/autoware_health_checker/share:/home/agilex/autoware.ai/install/astar_search/share:/home/agilex/autoware.ai/install/amathutils_lib/share:/home/agilex/autoware.ai/install/vector_map_msgs/share:/home/agilex/autoware.ai/install/tablet_socket_msgs/share:/home/agilex/autoware.ai/install/autoware_system_msgs/share:/home/agilex/autoware.ai/install/autoware_msgs/share:/home/agilex/autoware.ai/install/autoware_config_msgs/share:/home/agilex/autoware.ai/install/autoware_build_flags/share:${ROS_PACKAGE_PATH} /usr/bin/cmake --build /home/agilex/autoware.ai/build/waypoint_planner -- -j8 -l8
[3.651s] [35m[1mScanning dependencies of target actionlib_msgs_generate_messages_py[0m
[3.667s] [  0%] Built target actionlib_msgs_generate_messages_py
[3.679s] [35m[1mScanning dependencies of target trajectory_msgs_generate_messages_eus[0m
[3.688s] [  0%] Built target trajectory_msgs_generate_messages_eus
[3.698s] [35m[1mScanning dependencies of target trajectory_msgs_generate_messages_cpp[0m
[3.711s] [  0%] Built target trajectory_msgs_generate_messages_cpp
[3.721s] [35m[1mScanning dependencies of target gazebo_msgs_generate_messages_eus[0m
[3.730s] [  0%] Built target gazebo_msgs_generate_messages_eus
[3.740s] [35m[1mScanning dependencies of target vector_map_msgs_generate_messages_lisp[0m
[3.749s] [  0%] Built target vector_map_msgs_generate_messages_lisp
[3.759s] [35m[1mScanning dependencies of target autoware_system_msgs_generate_messages_lisp[0m
[3.769s] [  0%] Built target autoware_system_msgs_generate_messages_lisp
[3.779s] [35m[1mScanning dependencies of target gazebo_msgs_generate_messages_lisp[0m
[3.789s] [  0%] Built target gazebo_msgs_generate_messages_lisp
[3.799s] [35m[1mScanning dependencies of target autoware_system_msgs_generate_messages_eus[0m
[3.809s] [  0%] Built target autoware_system_msgs_generate_messages_eus
[3.818s] [35m[1mScanning dependencies of target autoware_system_msgs_generate_messages_cpp[0m
[3.828s] [  0%] Built target autoware_system_msgs_generate_messages_cpp
[3.847s] [35m[1mScanning dependencies of target visualization_msgs_generate_messages_nodejs[0m
[3.860s] [  0%] Built target visualization_msgs_generate_messages_nodejs
[3.889s] [35m[1mScanning dependencies of target tablet_socket_msgs_generate_messages_lisp[0m
[3.900s] [  0%] Built target tablet_socket_msgs_generate_messages_lisp
[3.910s] [35m[1mScanning dependencies of target tablet_socket_msgs_generate_messages_cpp[0m
[3.920s] [  0%] Built target tablet_socket_msgs_generate_messages_cpp
[3.931s] [35m[1mScanning dependencies of target autoware_config_msgs_generate_messages_lisp[0m
[3.951s] [  0%] Built target autoware_config_msgs_generate_messages_lisp
[3.961s] [35m[1mScanning dependencies of target autoware_config_msgs_generate_messages_eus[0m
[3.975s] [  0%] Built target autoware_config_msgs_generate_messages_eus
[3.985s] [35m[1mScanning dependencies of target tablet_socket_msgs_generate_messages_py[0m
[3.994s] [  0%] Built target tablet_socket_msgs_generate_messages_py
[4.005s] [35m[1mScanning dependencies of target jsk_footstep_msgs_generate_messages_py[0m
[4.017s] [  0%] Built target jsk_footstep_msgs_generate_messages_py
[4.031s] [35m[1mScanning dependencies of target jsk_footstep_msgs_generate_messages_nodejs[0m
[4.045s] [  0%] Built target jsk_footstep_msgs_generate_messages_nodejs
[4.054s] [35m[1mScanning dependencies of target jsk_footstep_msgs_generate_messages_lisp[0m
[4.064s] [  0%] Built target jsk_footstep_msgs_generate_messages_lisp
[4.076s] [35m[1mScanning dependencies of target jsk_footstep_msgs_generate_messages_eus[0m
[4.086s] [  0%] Built target jsk_footstep_msgs_generate_messages_eus
[4.095s] [35m[1mScanning dependencies of target jsk_recognition_msgs_generate_messages_py[0m
[4.108s] [  0%] Built target jsk_recognition_msgs_generate_messages_py
[4.119s] [35m[1mScanning dependencies of target jsk_recognition_msgs_generate_messages_lisp[0m
[4.127s] [  0%] Built target jsk_recognition_msgs_generate_messages_lisp
[4.137s] [35m[1mScanning dependencies of target jsk_recognition_msgs_generate_messages_eus[0m
[4.146s] [  0%] Built target jsk_recognition_msgs_generate_messages_eus
[4.155s] [35m[1mScanning dependencies of target autoware_msgs_generate_messages_nodejs[0m
[4.166s] [  0%] Built target autoware_msgs_generate_messages_nodejs
[4.175s] [35m[1mScanning dependencies of target autoware_msgs_generate_messages_lisp[0m
[4.185s] [  0%] Built target autoware_msgs_generate_messages_lisp
[4.194s] [35m[1mScanning dependencies of target autoware_msgs_generate_messages_eus[0m
[4.204s] [  0%] Built target autoware_msgs_generate_messages_eus
[4.214s] [35m[1mScanning dependencies of target autoware_msgs_generate_messages_cpp[0m
[4.226s] [  0%] Built target autoware_msgs_generate_messages_cpp
[4.235s] [35m[1mScanning dependencies of target tf2_msgs_generate_messages_nodejs[0m
[4.247s] [  0%] Built target tf2_msgs_generate_messages_nodejs
[4.256s] [35m[1mScanning dependencies of target visualization_msgs_generate_messages_cpp[0m
[4.268s] [  0%] Built target visualization_msgs_generate_messages_cpp
[4.279s] [35m[1mScanning dependencies of target tablet_socket_msgs_generate_messages_eus[0m
[4.288s] [  0%] Built target tablet_socket_msgs_generate_messages_eus
[4.297s] [35m[1mScanning dependencies of target tf2_msgs_generate_messages_eus[0m
[4.305s] [  0%] Built target tf2_msgs_generate_messages_eus
[4.316s] [35m[1mScanning dependencies of target tf2_msgs_generate_messages_cpp[0m
[4.324s] [  0%] Built target tf2_msgs_generate_messages_cpp
[4.333s] [35m[1mScanning dependencies of target nodelet_generate_messages_nodejs[0m
[4.342s] [  0%] Built target nodelet_generate_messages_nodejs
[4.352s] [35m[1mScanning dependencies of target pcl_msgs_generate_messages_nodejs[0m
[4.360s] [  0%] Built target pcl_msgs_generate_messages_nodejs
[4.371s] [35m[1mScanning dependencies of target nodelet_generate_messages_eus[0m
[4.379s] [  0%] Built target nodelet_generate_messages_eus
[4.391s] [35m[1mScanning dependencies of target geometry_msgs_generate_messages_lisp[0m
[4.405s] [  0%] Built target geometry_msgs_generate_messages_lisp
[4.415s] [35m[1mScanning dependencies of target tf2_msgs_generate_messages_lisp[0m
[4.425s] [  0%] Built target tf2_msgs_generate_messages_lisp
[4.438s] [35m[1mScanning dependencies of target dynamic_reconfigure_gencfg[0m
[4.445s] [  0%] Built target dynamic_reconfigure_gencfg
[4.454s] [35m[1mScanning dependencies of target geometry_msgs_generate_messages_py[0m
[4.463s] [  0%] Built target geometry_msgs_generate_messages_py
[4.473s] [35m[1mScanning dependencies of target dynamic_reconfigure_generate_messages_py[0m
[4.483s] [  0%] Built target dynamic_reconfigure_generate_messages_py
[4.500s] [35m[1mScanning dependencies of target gazebo_msgs_generate_messages_cpp[0m
[4.505s] [  0%] Built target gazebo_msgs_generate_messages_cpp
[4.521s] [35m[1mScanning dependencies of target dynamic_reconfigure_generate_messages_lisp[0m
[4.532s] [  0%] Built target dynamic_reconfigure_generate_messages_lisp
[4.539s] [35m[1mScanning dependencies of target pcl_msgs_generate_messages_cpp[0m
[4.549s] [  0%] Built target pcl_msgs_generate_messages_cpp
[4.560s] [35m[1mScanning dependencies of target rosgraph_msgs_generate_messages_cpp[0m
[4.570s] [  0%] Built target rosgraph_msgs_generate_messages_cpp
[4.579s] [35m[1mScanning dependencies of target topic_tools_generate_messages_cpp[0m
[4.588s] [  0%] Built target topic_tools_generate_messages_cpp
[4.597s] [35m[1mScanning dependencies of target pcl_ros_gencfg[0m
[4.607s] [  0%] Built target pcl_ros_gencfg
[4.616s] [35m[1mScanning dependencies of target topic_tools_generate_messages_nodejs[0m
[4.625s] [  0%] Built target topic_tools_generate_messages_nodejs
[4.634s] [35m[1mScanning dependencies of target tf2_msgs_generate_messages_py[0m
[4.643s] [  0%] Built target tf2_msgs_generate_messages_py
[4.652s] [35m[1mScanning dependencies of target actionlib_generate_messages_py[0m
[4.661s] [  0%] Built target actionlib_generate_messages_py
[4.671s] [35m[1mScanning dependencies of target dynamic_reconfigure_generate_messages_eus[0m
[4.681s] [  0%] Built target dynamic_reconfigure_generate_messages_eus
[4.690s] [35m[1mScanning dependencies of target std_msgs_generate_messages_nodejs[0m
[4.700s] [  0%] Built target std_msgs_generate_messages_nodejs
[4.712s] [35m[1mScanning dependencies of target bond_generate_messages_lisp[0m
[4.718s] [  0%] Built target bond_generate_messages_lisp
[4.730s] [35m[1mScanning dependencies of target autoware_msgs_generate_messages_py[0m
[4.743s] [  0%] Built target autoware_msgs_generate_messages_py
[4.752s] [35m[1mScanning dependencies of target nodelet_generate_messages_lisp[0m
[4.762s] [  0%] Built target nodelet_generate_messages_lisp
[4.771s] [35m[1mScanning dependencies of target sensor_msgs_generate_messages_lisp[0m
[4.780s] [  0%] Built target sensor_msgs_generate_messages_lisp
[4.789s] [35m[1mScanning dependencies of target std_msgs_generate_messages_cpp[0m
[4.799s] [  0%] Built target std_msgs_generate_messages_cpp
[4.811s] [35m[1mScanning dependencies of target gazebo_msgs_generate_messages_py[0m
[4.821s] [  0%] Built target gazebo_msgs_generate_messages_py
[4.832s] [35m[1mScanning dependencies of target nodelet_generate_messages_cpp[0m
[4.845s] [  0%] Built target nodelet_generate_messages_cpp
[4.856s] [35m[1mScanning dependencies of target vector_map_msgs_generate_messages_nodejs[0m
[4.865s] [  0%] Built target vector_map_msgs_generate_messages_nodejs
[4.878s] [35m[1mScanning dependencies of target bond_generate_messages_py[0m
[4.886s] [  0%] Built target bond_generate_messages_py
[4.895s] [35m[1mScanning dependencies of target std_srvs_generate_messages_nodejs[0m
[4.904s] [  0%] Built target std_srvs_generate_messages_nodejs
[4.913s] [35m[1mScanning dependencies of target geometry_msgs_generate_messages_cpp[0m
[4.927s] [  0%] Built target geometry_msgs_generate_messages_cpp
[4.936s] [35m[1mScanning dependencies of target actionlib_generate_messages_lisp[0m
[4.946s] [  0%] Built target actionlib_generate_messages_lisp
[4.955s] [35m[1mScanning dependencies of target roscpp_generate_messages_cpp[0m
[4.964s] [  0%] Built target roscpp_generate_messages_cpp
[4.973s] [35m[1mScanning dependencies of target autoware_system_msgs_generate_messages_py[0m
[4.982s] [  0%] Built target autoware_system_msgs_generate_messages_py
[4.996s] [35m[1mScanning dependencies of target sensor_msgs_generate_messages_nodejs[0m
[5.006s] [  0%] Built target sensor_msgs_generate_messages_nodejs
[5.015s] [35m[1mScanning dependencies of target actionlib_generate_messages_cpp[0m
[5.024s] [  0%] Built target actionlib_generate_messages_cpp
[5.035s] [35m[1mScanning dependencies of target geometry_msgs_generate_messages_nodejs[0m
[5.043s] [  0%] Built target geometry_msgs_generate_messages_nodejs
[5.053s] [35m[1mScanning dependencies of target jsk_recognition_msgs_generate_messages_nodejs[0m
[5.062s] [  0%] Built target jsk_recognition_msgs_generate_messages_nodejs
[5.072s] [35m[1mScanning dependencies of target std_srvs_generate_messages_eus[0m
[5.082s] [  0%] Built target std_srvs_generate_messages_eus
[5.092s] [35m[1mScanning dependencies of target roscpp_generate_messages_lisp[0m
[5.101s] [  0%] Built target roscpp_generate_messages_lisp
[5.112s] [35m[1mScanning dependencies of target bond_generate_messages_eus[0m
[5.127s] [  0%] Built target bond_generate_messages_eus
[5.136s] [35m[1mScanning dependencies of target std_msgs_generate_messages_lisp[0m
[5.145s] [  0%] Built target std_msgs_generate_messages_lisp
[5.154s] [35m[1mScanning dependencies of target roscpp_generate_messages_nodejs[0m
[5.163s] [  0%] Built target roscpp_generate_messages_nodejs
[5.176s] [35m[1mScanning dependencies of target geometry_msgs_generate_messages_eus[0m
[5.185s] [  0%] Built target geometry_msgs_generate_messages_eus
[5.194s] [35m[1mScanning dependencies of target std_msgs_generate_messages_py[0m
[5.207s] [  0%] Built target std_msgs_generate_messages_py
[5.216s] [35m[1mScanning dependencies of target roscpp_generate_messages_py[0m
[5.225s] [  0%] Built target roscpp_generate_messages_py
[5.235s] [35m[1mScanning dependencies of target dynamic_reconfigure_generate_messages_nodejs[0m
[5.245s] [  0%] Built target dynamic_reconfigure_generate_messages_nodejs
[5.254s] [35m[1mScanning dependencies of target gazebo_msgs_generate_messages_nodejs[0m
[5.266s] [  0%] Built target gazebo_msgs_generate_messages_nodejs
[5.276s] [35m[1mScanning dependencies of target rosgraph_msgs_generate_messages_eus[0m
[5.285s] [  0%] Built target rosgraph_msgs_generate_messages_eus
[5.295s] [35m[1mScanning dependencies of target rosgraph_msgs_generate_messages_lisp[0m
[5.307s] [  0%] Built target rosgraph_msgs_generate_messages_lisp
[5.318s] [35m[1mScanning dependencies of target visualization_msgs_generate_messages_lisp[0m
[5.331s] [  0%] Built target visualization_msgs_generate_messages_lisp
[5.345s] [35m[1mScanning dependencies of target std_msgs_generate_messages_eus[0m
[5.355s] [  0%] Built target std_msgs_generate_messages_eus
[5.373s] [35m[1mScanning dependencies of target actionlib_msgs_generate_messages_eus[0m
[5.382s] [  0%] Built target actionlib_msgs_generate_messages_eus
[5.391s] [35m[1mScanning dependencies of target roscpp_generate_messages_eus[0m
[5.404s] [  0%] Built target roscpp_generate_messages_eus
[5.411s] [35m[1mScanning dependencies of target rosgraph_msgs_generate_messages_py[0m
[5.423s] [  0%] Built target rosgraph_msgs_generate_messages_py
[5.433s] [35m[1mScanning dependencies of target autoware_config_msgs_generate_messages_cpp[0m
[5.447s] [  0%] Built target autoware_config_msgs_generate_messages_cpp
[5.457s] [35m[1mScanning dependencies of target rosgraph_msgs_generate_messages_nodejs[0m
[5.466s] [  0%] Built target rosgraph_msgs_generate_messages_nodejs
[5.476s] [35m[1mScanning dependencies of target trajectory_msgs_generate_messages_lisp[0m
[5.499s] [  0%] Built target trajectory_msgs_generate_messages_lisp
[5.510s] [35m[1mScanning dependencies of target bond_generate_messages_cpp[0m
[5.526s] [  0%] Built target bond_generate_messages_cpp
[5.534s] [35m[1mScanning dependencies of target trajectory_msgs_generate_messages_nodejs[0m
[5.545s] [  0%] Built target trajectory_msgs_generate_messages_nodejs
[5.554s] [35m[1mScanning dependencies of target autoware_config_msgs_generate_messages_py[0m
[5.564s] [  0%] Built target autoware_config_msgs_generate_messages_py
[5.576s] [35m[1mScanning dependencies of target bond_generate_messages_nodejs[0m
[5.585s] [  0%] Built target bond_generate_messages_nodejs
[5.595s] [35m[1mScanning dependencies of target topic_tools_generate_messages_py[0m
[5.607s] [  0%] Built target topic_tools_generate_messages_py
[5.618s] [35m[1mScanning dependencies of target actionlib_msgs_generate_messages_nodejs[0m
[5.647s] [  0%] Built target actionlib_msgs_generate_messages_nodejs
[5.658s] [35m[1mScanning dependencies of target nodelet_topic_tools_gencfg[0m
[5.668s] [  0%] Built target nodelet_topic_tools_gencfg
[5.677s] [35m[1mScanning dependencies of target std_srvs_generate_messages_lisp[0m
[5.687s] [  0%] Built target std_srvs_generate_messages_lisp
[5.696s] [35m[1mScanning dependencies of target jsk_recognition_msgs_generate_messages_cpp[0m
[5.708s] [  0%] Built target jsk_recognition_msgs_generate_messages_cpp
[5.719s] [35m[1mScanning dependencies of target topic_tools_generate_messages_lisp[0m
[5.732s] [  0%] Built target topic_tools_generate_messages_lisp
[5.742s] [35m[1mScanning dependencies of target pcl_msgs_generate_messages_eus[0m
[5.753s] [  0%] Built target pcl_msgs_generate_messages_eus
[5.764s] [35m[1mScanning dependencies of target topic_tools_generate_messages_eus[0m
[5.774s] [  0%] Built target topic_tools_generate_messages_eus
[5.784s] [35m[1mScanning dependencies of target sensor_msgs_generate_messages_cpp[0m
[5.797s] [  0%] Built target sensor_msgs_generate_messages_cpp
[5.810s] [35m[1mScanning dependencies of target sensor_msgs_generate_messages_eus[0m
[5.820s] [  0%] Built target sensor_msgs_generate_messages_eus
[5.829s] [35m[1mScanning dependencies of target nodelet_generate_messages_py[0m
[5.839s] [  0%] Built target nodelet_generate_messages_py
[5.851s] [35m[1mScanning dependencies of target sensor_msgs_generate_messages_py[0m
[5.861s] [  0%] Built target sensor_msgs_generate_messages_py
[5.876s] [35m[1mScanning dependencies of target tablet_socket_msgs_generate_messages_nodejs[0m
[5.885s] [  0%] Built target tablet_socket_msgs_generate_messages_nodejs
[5.895s] [35m[1mScanning dependencies of target dynamic_reconfigure_generate_messages_cpp[0m
[5.905s] [  0%] Built target dynamic_reconfigure_generate_messages_cpp
[5.913s] [35m[1mScanning dependencies of target tf_generate_messages_py[0m
[5.924s] [  0%] Built target tf_generate_messages_py
[5.933s] [35m[1mScanning dependencies of target std_srvs_generate_messages_cpp[0m
[5.943s] [  0%] Built target std_srvs_generate_messages_cpp
[5.953s] [35m[1mScanning dependencies of target jsk_footstep_msgs_generate_messages_cpp[0m
[5.962s] [  0%] Built target jsk_footstep_msgs_generate_messages_cpp
[5.973s] [35m[1mScanning dependencies of target tf_generate_messages_eus[0m
[5.983s] [  0%] Built target tf_generate_messages_eus
[5.994s] [35m[1mScanning dependencies of target actionlib_msgs_generate_messages_cpp[0m
[6.003s] [  0%] Built target actionlib_msgs_generate_messages_cpp
[6.012s] [35m[1mScanning dependencies of target std_srvs_generate_messages_py[0m
[6.022s] [  0%] Built target std_srvs_generate_messages_py
[6.032s] [35m[1mScanning dependencies of target tf_generate_messages_lisp[0m
[6.041s] [  0%] Built target tf_generate_messages_lisp
[6.050s] [35m[1mScanning dependencies of target autoware_config_msgs_generate_messages_nodejs[0m
[6.061s] [  0%] Built target autoware_config_msgs_generate_messages_nodejs
[6.073s] [35m[1mScanning dependencies of target tf_generate_messages_nodejs[0m
[6.083s] [  0%] Built target tf_generate_messages_nodejs
[6.092s] [35m[1mScanning dependencies of target pcl_msgs_generate_messages_py[0m
[6.102s] [  0%] Built target pcl_msgs_generate_messages_py
[6.112s] [35m[1mScanning dependencies of target actionlib_generate_messages_eus[0m
[6.121s] [  0%] Built target actionlib_generate_messages_eus
[6.131s] [35m[1mScanning dependencies of target pcl_msgs_generate_messages_lisp[0m
[6.141s] [  0%] Built target pcl_msgs_generate_messages_lisp
[6.150s] [35m[1mScanning dependencies of target tf_generate_messages_cpp[0m
[6.160s] [  0%] Built target tf_generate_messages_cpp
[6.170s] [35m[1mScanning dependencies of target actionlib_generate_messages_nodejs[0m
[6.179s] [  0%] Built target actionlib_generate_messages_nodejs
[6.192s] [35m[1mScanning dependencies of target autoware_system_msgs_generate_messages_nodejs[0m
[6.201s] [  0%] Built target autoware_system_msgs_generate_messages_nodejs
[6.210s] [35m[1mScanning dependencies of target actionlib_msgs_generate_messages_lisp[0m
[6.220s] [  0%] Built target actionlib_msgs_generate_messages_lisp
[6.240s] [35m[1mScanning dependencies of target trajectory_msgs_generate_messages_py[0m
[6.251s] [  0%] Built target trajectory_msgs_generate_messages_py
[6.263s] [35m[1mScanning dependencies of target visualization_msgs_generate_messages_eus[0m
[6.273s] [  0%] Built target visualization_msgs_generate_messages_eus
[6.283s] [35m[1mScanning dependencies of target visualization_msgs_generate_messages_py[0m
[6.297s] [  0%] Built target visualization_msgs_generate_messages_py
[6.308s] [35m[1mScanning dependencies of target vector_map_msgs_generate_messages_cpp[0m
[6.318s] [  0%] Built target vector_map_msgs_generate_messages_cpp
[6.327s] [35m[1mScanning dependencies of target vector_map_msgs_generate_messages_eus[0m
[6.337s] [  0%] Built target vector_map_msgs_generate_messages_eus
[6.359s] [35m[1mScanning dependencies of target vector_map_msgs_generate_messages_py[0m
[6.372s] [  0%] Built target vector_map_msgs_generate_messages_py
[6.383s] [35m[1mScanning dependencies of target astar_avoid[0m
[6.416s] [ 12%] [32mBuilding CXX object CMakeFiles/astar_avoid.dir/src/astar_avoid/astar_avoid.cpp.o[0m
[8.658s] In file included from [01m[K/home/agilex/autoware.ai/src/autoware/core_planning/waypoint_planner/src/astar_avoid/astar_avoid.cpp:17:0[m[K:
[8.658s] [01m[K/home/agilex/autoware.ai/src/autoware/core_planning/waypoint_planner/include/waypoint_planner/astar_avoid/astar_avoid.h:[m[K In constructor '[01m[KAstarAvoid::AstarAvoid()[m[K':
[8.659s] [01m[K/home/agilex/autoware.ai/src/autoware/core_planning/waypoint_planner/include/waypoint_planner/astar_avoid/astar_avoid.h:104:8:[m[K [01;35m[Kwarning: [m[K'[01m[KAstarAvoid::closest_waypoint_initialized_[m[K' will be initialized after [[01;35m[K-Wreorder[m[K]
[8.659s]    bool [01;35m[Kclosest_waypoint_initialized_[m[K;
[8.659s]         [01;35m[K^~~~~~~~~~~~~~~~~~~~~~~~~~~~~[m[K
[8.659s] [01m[K/home/agilex/autoware.ai/src/autoware/core_planning/waypoint_planner/include/waypoint_planner/astar_avoid/astar_avoid.h:87:8:[m[K [01;35m[Kwarning: [m[K  '[01m[Kbool AstarAvoid::terminate_thread_[m[K' [[01;35m[K-Wreorder[m[K]
[8.659s]    bool [01;35m[Kterminate_thread_[m[K;
[8.659s]         [01;35m[K^~~~~~~~~~~~~~~~~[m[K
[8.659s] [01m[K/home/agilex/autoware.ai/src/autoware/core_planning/waypoint_planner/src/astar_avoid/astar_avoid.cpp:19:1:[m[K [01;35m[Kwarning: [m[K  when initialized here [[01;35m[K-Wreorder[m[K]
[8.659s]  [01;35m[KAstarAvoid[m[K::AstarAvoid()
[8.659s]  [01;35m[K^~~~~~~~~~[m[K
[13.239s] [ 25%] [32mBuilding CXX object CMakeFiles/astar_avoid.dir/src/astar_avoid/astar_avoid_node.cpp.o[0m
[17.490s] [ 37%] [32m[1mLinking CXX executable devel/lib/waypoint_planner/astar_avoid[0m
[17.874s] [ 37%] Built target astar_avoid
[17.884s] [35m[1mScanning dependencies of target velocity_set[0m
[17.973s] [ 50%] [32mBuilding CXX object CMakeFiles/velocity_set.dir/src/velocity_set/velocity_set.cpp.o[0m
[31.707s] [ 62%] [32mBuilding CXX object CMakeFiles/velocity_set.dir/src/velocity_set/libvelocity_set.cpp.o[0m
[37.263s] [ 75%] [32mBuilding CXX object CMakeFiles/velocity_set.dir/src/velocity_set/velocity_set_info.cpp.o[0m
[41.585s] In file included from [01m[K/home/agilex/autoware.ai/src/autoware/core_planning/waypoint_planner/src/velocity_set/velocity_set_info.cpp:17:0[m[K:
[41.586s] [01m[K/home/agilex/autoware.ai/src/autoware/core_planning/waypoint_planner/src/velocity_set/../../src/velocity_set/velocity_set_info.h:[m[K In constructor '[01m[KVelocitySetInfo::VelocitySetInfo()[m[K':
[41.586s] [01m[K/home/agilex/autoware.ai/src/autoware/core_planning/waypoint_planner/src/velocity_set/../../src/velocity_set/velocity_set_info.h:53:8:[m[K [01;35m[Kwarning: [m[K'[01m[KVelocitySetInfo::set_pose_[m[K' will be initialized after [[01;35m[K-Wreorder[m[K]
[41.586s]    bool [01;35m[Kset_pose_[m[K;
[41.586s]         [01;35m[K^~~~~~~~~[m[K
[41.586s] [01m[K/home/agilex/autoware.ai/src/autoware/core_planning/waypoint_planner/src/velocity_set/../../src/velocity_set/velocity_set_info.h:45:7:[m[K [01;35m[Kwarning: [m[K  '[01m[Kint VelocitySetInfo::wpidx_detectionResultByOtherNodes_[m[K' [[01;35m[K-Wreorder[m[K]
[41.586s]    int [01;35m[Kwpidx_detectionResultByOtherNodes_[m[K; // waypoints index@finalwaypoints
[41.586s]        [01;35m[K^~~~~~~~~~~~~~~~~~~~~~~~~~~~~~~~~~[m[K
[41.586s] [01m[K/home/agilex/autoware.ai/src/autoware/core_planning/waypoint_planner/src/velocity_set/velocity_set_info.cpp:27:1:[m[K [01;35m[Kwarning: [m[K  when initialized here [[01;35m[K-Wreorder[m[K]
[41.586s]  [01;35m[KVelocitySetInfo[m[K::VelocitySetInfo()
[41.586s]  [01;35m[K^~~~~~~~~~~~~~~[m[K
[44.676s] [ 87%] [32mBuilding CXX object CMakeFiles/velocity_set.dir/src/velocity_set/velocity_set_path.cpp.o[0m
[50.006s] [100%] [32m[1mLinking CXX executable devel/lib/waypoint_planner/velocity_set[0m
[50.636s] [100%] Built target velocity_set
[50.652s] Invoked command in '/home/agilex/autoware.ai/build/waypoint_planner' returned '0': CMAKE_PREFIX_PATH=/home/agilex/autoware.ai/install/waypoint_follower:/home/agilex/autoware.ai/install/vector_map:/home/agilex/autoware.ai/install/autoware_health_checker:/home/agilex/autoware.ai/install/astar_search:/home/agilex/autoware.ai/install/amathutils_lib:/home/agilex/autoware.ai/install/vector_map_msgs:/home/agilex/autoware.ai/install/tablet_socket_msgs:/home/agilex/autoware.ai/install/autoware_system_msgs:/home/agilex/autoware.ai/install/autoware_msgs:/home/agilex/autoware.ai/install/autoware_config_msgs:/home/agilex/autoware.ai/install/autoware_build_flags:${CMAKE_PREFIX_PATH} LD_LIBRARY_PATH=/home/agilex/autoware.ai/install/waypoint_follower/lib:/home/agilex/autoware.ai/install/vector_map/lib:/home/agilex/autoware.ai/install/autoware_health_checker/lib:/home/agilex/autoware.ai/install/astar_search/lib:/home/agilex/autoware.ai/install/amathutils_lib/lib:${LD_LIBRARY_PATH} PKG_CONFIG_PATH=/home/agilex/autoware.ai/install/waypoint_follower/lib/x86_64-linux-gnu/pkgconfig:/home/agilex/autoware.ai/install/waypoint_follower/lib/pkgconfig:/home/agilex/autoware.ai/install/vector_map/lib/x86_64-linux-gnu/pkgconfig:/home/agilex/autoware.ai/install/vector_map/lib/pkgconfig:/home/agilex/autoware.ai/install/autoware_health_checker/lib/x86_64-linux-gnu/pkgconfig:/home/agilex/autoware.ai/install/autoware_health_checker/lib/pkgconfig:/home/agilex/autoware.ai/install/astar_search/lib/x86_64-linux-gnu/pkgconfig:/home/agilex/autoware.ai/install/astar_search/lib/pkgconfig:/home/agilex/autoware.ai/install/amathutils_lib/lib/x86_64-linux-gnu/pkgconfig:/home/agilex/autoware.ai/install/amathutils_lib/lib/pkgconfig:/home/agilex/autoware.ai/install/vector_map_msgs/lib/x86_64-linux-gnu/pkgconfig:/home/agilex/autoware.ai/install/vector_map_msgs/lib/pkgconfig:/home/agilex/autoware.ai/install/tablet_socket_msgs/lib/x86_64-linux-gnu/pkgconfig:/home/agilex/autoware.ai/install/tablet_socket_msgs/lib/pkgconfig:/home/agilex/autoware.ai/install/autoware_system_msgs/lib/x86_64-linux-gnu/pkgconfig:/home/agilex/autoware.ai/install/autoware_system_msgs/lib/pkgconfig:/home/agilex/autoware.ai/install/autoware_msgs/lib/x86_64-linux-gnu/pkgconfig:/home/agilex/autoware.ai/install/autoware_msgs/lib/pkgconfig:/home/agilex/autoware.ai/install/autoware_config_msgs/lib/x86_64-linux-gnu/pkgconfig:/home/agilex/autoware.ai/install/autoware_config_msgs/lib/pkgconfig:/home/agilex/autoware.ai/install/autoware_build_flags/lib/x86_64-linux-gnu/pkgconfig:/home/agilex/autoware.ai/install/autoware_build_flags/lib/pkgconfig:${PKG_CONFIG_PATH} PYTHONPATH=/home/agilex/autoware.ai/install/vector_map_msgs/lib/python2.7/dist-packages:/home/agilex/autoware.ai/install/tablet_socket_msgs/lib/python2.7/dist-packages:/home/agilex/autoware.ai/install/autoware_system_msgs/lib/python2.7/dist-packages:/home/agilex/autoware.ai/install/autoware_msgs/lib/python2.7/dist-packages:/home/agilex/autoware.ai/install/autoware_config_msgs/lib/python2.7/dist-packages:${PYTHONPATH} ROS_PACKAGE_PATH=/home/agilex/autoware.ai/install/waypoint_follower/share:/home/agilex/autoware.ai/install/vector_map/share:/home/agilex/autoware.ai/install/autoware_health_checker/share:/home/agilex/autoware.ai/install/astar_search/share:/home/agilex/autoware.ai/install/amathutils_lib/share:/home/agilex/autoware.ai/install/vector_map_msgs/share:/home/agilex/autoware.ai/install/tablet_socket_msgs/share:/home/agilex/autoware.ai/install/autoware_system_msgs/share:/home/agilex/autoware.ai/install/autoware_msgs/share:/home/agilex/autoware.ai/install/autoware_config_msgs/share:/home/agilex/autoware.ai/install/autoware_build_flags/share:${ROS_PACKAGE_PATH} /usr/bin/cmake --build /home/agilex/autoware.ai/build/waypoint_planner -- -j8 -l8
[50.790s] Invoking command in '/home/agilex/autoware.ai/build/waypoint_planner': CMAKE_PREFIX_PATH=/home/agilex/autoware.ai/install/waypoint_follower:/home/agilex/autoware.ai/install/vector_map:/home/agilex/autoware.ai/install/autoware_health_checker:/home/agilex/autoware.ai/install/astar_search:/home/agilex/autoware.ai/install/amathutils_lib:/home/agilex/autoware.ai/install/vector_map_msgs:/home/agilex/autoware.ai/install/tablet_socket_msgs:/home/agilex/autoware.ai/install/autoware_system_msgs:/home/agilex/autoware.ai/install/autoware_msgs:/home/agilex/autoware.ai/install/autoware_config_msgs:/home/agilex/autoware.ai/install/autoware_build_flags:${CMAKE_PREFIX_PATH} LD_LIBRARY_PATH=/home/agilex/autoware.ai/install/waypoint_follower/lib:/home/agilex/autoware.ai/install/vector_map/lib:/home/agilex/autoware.ai/install/autoware_health_checker/lib:/home/agilex/autoware.ai/install/astar_search/lib:/home/agilex/autoware.ai/install/amathutils_lib/lib:${LD_LIBRARY_PATH} PKG_CONFIG_PATH=/home/agilex/autoware.ai/install/waypoint_follower/lib/x86_64-linux-gnu/pkgconfig:/home/agilex/autoware.ai/install/waypoint_follower/lib/pkgconfig:/home/agilex/autoware.ai/install/vector_map/lib/x86_64-linux-gnu/pkgconfig:/home/agilex/autoware.ai/install/vector_map/lib/pkgconfig:/home/agilex/autoware.ai/install/autoware_health_checker/lib/x86_64-linux-gnu/pkgconfig:/home/agilex/autoware.ai/install/autoware_health_checker/lib/pkgconfig:/home/agilex/autoware.ai/install/astar_search/lib/x86_64-linux-gnu/pkgconfig:/home/agilex/autoware.ai/install/astar_search/lib/pkgconfig:/home/agilex/autoware.ai/install/amathutils_lib/lib/x86_64-linux-gnu/pkgconfig:/home/agilex/autoware.ai/install/amathutils_lib/lib/pkgconfig:/home/agilex/autoware.ai/install/vector_map_msgs/lib/x86_64-linux-gnu/pkgconfig:/home/agilex/autoware.ai/install/vector_map_msgs/lib/pkgconfig:/home/agilex/autoware.ai/install/tablet_socket_msgs/lib/x86_64-linux-gnu/pkgconfig:/home/agilex/autoware.ai/install/tablet_socket_msgs/lib/pkgconfig:/home/agilex/autoware.ai/install/autoware_system_msgs/lib/x86_64-linux-gnu/pkgconfig:/home/agilex/autoware.ai/install/autoware_system_msgs/lib/pkgconfig:/home/agilex/autoware.ai/install/autoware_msgs/lib/x86_64-linux-gnu/pkgconfig:/home/agilex/autoware.ai/install/autoware_msgs/lib/pkgconfig:/home/agilex/autoware.ai/install/autoware_config_msgs/lib/x86_64-linux-gnu/pkgconfig:/home/agilex/autoware.ai/install/autoware_config_msgs/lib/pkgconfig:/home/agilex/autoware.ai/install/autoware_build_flags/lib/x86_64-linux-gnu/pkgconfig:/home/agilex/autoware.ai/install/autoware_build_flags/lib/pkgconfig:${PKG_CONFIG_PATH} PYTHONPATH=/home/agilex/autoware.ai/install/vector_map_msgs/lib/python2.7/dist-packages:/home/agilex/autoware.ai/install/tablet_socket_msgs/lib/python2.7/dist-packages:/home/agilex/autoware.ai/install/autoware_system_msgs/lib/python2.7/dist-packages:/home/agilex/autoware.ai/install/autoware_msgs/lib/python2.7/dist-packages:/home/agilex/autoware.ai/install/autoware_config_msgs/lib/python2.7/dist-packages:${PYTHONPATH} ROS_PACKAGE_PATH=/home/agilex/autoware.ai/install/waypoint_follower/share:/home/agilex/autoware.ai/install/vector_map/share:/home/agilex/autoware.ai/install/autoware_health_checker/share:/home/agilex/autoware.ai/install/astar_search/share:/home/agilex/autoware.ai/install/amathutils_lib/share:/home/agilex/autoware.ai/install/vector_map_msgs/share:/home/agilex/autoware.ai/install/tablet_socket_msgs/share:/home/agilex/autoware.ai/install/autoware_system_msgs/share:/home/agilex/autoware.ai/install/autoware_msgs/share:/home/agilex/autoware.ai/install/autoware_config_msgs/share:/home/agilex/autoware.ai/install/autoware_build_flags/share:${ROS_PACKAGE_PATH} /usr/bin/cmake --build /home/agilex/autoware.ai/build/waypoint_planner --target tests -- -j8 -l8
[50.857s] [35m[1mScanning dependencies of target tests[0m
[50.867s] Built target tests
[50.884s] Invoked command in '/home/agilex/autoware.ai/build/waypoint_planner' returned '0': CMAKE_PREFIX_PATH=/home/agilex/autoware.ai/install/waypoint_follower:/home/agilex/autoware.ai/install/vector_map:/home/agilex/autoware.ai/install/autoware_health_checker:/home/agilex/autoware.ai/install/astar_search:/home/agilex/autoware.ai/install/amathutils_lib:/home/agilex/autoware.ai/install/vector_map_msgs:/home/agilex/autoware.ai/install/tablet_socket_msgs:/home/agilex/autoware.ai/install/autoware_system_msgs:/home/agilex/autoware.ai/install/autoware_msgs:/home/agilex/autoware.ai/install/autoware_config_msgs:/home/agilex/autoware.ai/install/autoware_build_flags:${CMAKE_PREFIX_PATH} LD_LIBRARY_PATH=/home/agilex/autoware.ai/install/waypoint_follower/lib:/home/agilex/autoware.ai/install/vector_map/lib:/home/agilex/autoware.ai/install/autoware_health_checker/lib:/home/agilex/autoware.ai/install/astar_search/lib:/home/agilex/autoware.ai/install/amathutils_lib/lib:${LD_LIBRARY_PATH} PKG_CONFIG_PATH=/home/agilex/autoware.ai/install/waypoint_follower/lib/x86_64-linux-gnu/pkgconfig:/home/agilex/autoware.ai/install/waypoint_follower/lib/pkgconfig:/home/agilex/autoware.ai/install/vector_map/lib/x86_64-linux-gnu/pkgconfig:/home/agilex/autoware.ai/install/vector_map/lib/pkgconfig:/home/agilex/autoware.ai/install/autoware_health_checker/lib/x86_64-linux-gnu/pkgconfig:/home/agilex/autoware.ai/install/autoware_health_checker/lib/pkgconfig:/home/agilex/autoware.ai/install/astar_search/lib/x86_64-linux-gnu/pkgconfig:/home/agilex/autoware.ai/install/astar_search/lib/pkgconfig:/home/agilex/autoware.ai/install/amathutils_lib/lib/x86_64-linux-gnu/pkgconfig:/home/agilex/autoware.ai/install/amathutils_lib/lib/pkgconfig:/home/agilex/autoware.ai/install/vector_map_msgs/lib/x86_64-linux-gnu/pkgconfig:/home/agilex/autoware.ai/install/vector_map_msgs/lib/pkgconfig:/home/agilex/autoware.ai/install/tablet_socket_msgs/lib/x86_64-linux-gnu/pkgconfig:/home/agilex/autoware.ai/install/tablet_socket_msgs/lib/pkgconfig:/home/agilex/autoware.ai/install/autoware_system_msgs/lib/x86_64-linux-gnu/pkgconfig:/home/agilex/autoware.ai/install/autoware_system_msgs/lib/pkgconfig:/home/agilex/autoware.ai/install/autoware_msgs/lib/x86_64-linux-gnu/pkgconfig:/home/agilex/autoware.ai/install/autoware_msgs/lib/pkgconfig:/home/agilex/autoware.ai/install/autoware_config_msgs/lib/x86_64-linux-gnu/pkgconfig:/home/agilex/autoware.ai/install/autoware_config_msgs/lib/pkgconfig:/home/agilex/autoware.ai/install/autoware_build_flags/lib/x86_64-linux-gnu/pkgconfig:/home/agilex/autoware.ai/install/autoware_build_flags/lib/pkgconfig:${PKG_CONFIG_PATH} PYTHONPATH=/home/agilex/autoware.ai/install/vector_map_msgs/lib/python2.7/dist-packages:/home/agilex/autoware.ai/install/tablet_socket_msgs/lib/python2.7/dist-packages:/home/agilex/autoware.ai/install/autoware_system_msgs/lib/python2.7/dist-packages:/home/agilex/autoware.ai/install/autoware_msgs/lib/python2.7/dist-packages:/home/agilex/autoware.ai/install/autoware_config_msgs/lib/python2.7/dist-packages:${PYTHONPATH} ROS_PACKAGE_PATH=/home/agilex/autoware.ai/install/waypoint_follower/share:/home/agilex/autoware.ai/install/vector_map/share:/home/agilex/autoware.ai/install/autoware_health_checker/share:/home/agilex/autoware.ai/install/astar_search/share:/home/agilex/autoware.ai/install/amathutils_lib/share:/home/agilex/autoware.ai/install/vector_map_msgs/share:/home/agilex/autoware.ai/install/tablet_socket_msgs/share:/home/agilex/autoware.ai/install/autoware_system_msgs/share:/home/agilex/autoware.ai/install/autoware_msgs/share:/home/agilex/autoware.ai/install/autoware_config_msgs/share:/home/agilex/autoware.ai/install/autoware_build_flags/share:${ROS_PACKAGE_PATH} /usr/bin/cmake --build /home/agilex/autoware.ai/build/waypoint_planner --target tests -- -j8 -l8
[51.072s] Invoking command in '/home/agilex/autoware.ai/build/waypoint_planner': CMAKE_PREFIX_PATH=/home/agilex/autoware.ai/install/waypoint_follower:/home/agilex/autoware.ai/install/vector_map:/home/agilex/autoware.ai/install/autoware_health_checker:/home/agilex/autoware.ai/install/astar_search:/home/agilex/autoware.ai/install/amathutils_lib:/home/agilex/autoware.ai/install/vector_map_msgs:/home/agilex/autoware.ai/install/tablet_socket_msgs:/home/agilex/autoware.ai/install/autoware_system_msgs:/home/agilex/autoware.ai/install/autoware_msgs:/home/agilex/autoware.ai/install/autoware_config_msgs:/home/agilex/autoware.ai/install/autoware_build_flags:${CMAKE_PREFIX_PATH} LD_LIBRARY_PATH=/home/agilex/autoware.ai/install/waypoint_follower/lib:/home/agilex/autoware.ai/install/vector_map/lib:/home/agilex/autoware.ai/install/autoware_health_checker/lib:/home/agilex/autoware.ai/install/astar_search/lib:/home/agilex/autoware.ai/install/amathutils_lib/lib:${LD_LIBRARY_PATH} PKG_CONFIG_PATH=/home/agilex/autoware.ai/install/waypoint_follower/lib/x86_64-linux-gnu/pkgconfig:/home/agilex/autoware.ai/install/waypoint_follower/lib/pkgconfig:/home/agilex/autoware.ai/install/vector_map/lib/x86_64-linux-gnu/pkgconfig:/home/agilex/autoware.ai/install/vector_map/lib/pkgconfig:/home/agilex/autoware.ai/install/autoware_health_checker/lib/x86_64-linux-gnu/pkgconfig:/home/agilex/autoware.ai/install/autoware_health_checker/lib/pkgconfig:/home/agilex/autoware.ai/install/astar_search/lib/x86_64-linux-gnu/pkgconfig:/home/agilex/autoware.ai/install/astar_search/lib/pkgconfig:/home/agilex/autoware.ai/install/amathutils_lib/lib/x86_64-linux-gnu/pkgconfig:/home/agilex/autoware.ai/install/amathutils_lib/lib/pkgconfig:/home/agilex/autoware.ai/install/vector_map_msgs/lib/x86_64-linux-gnu/pkgconfig:/home/agilex/autoware.ai/install/vector_map_msgs/lib/pkgconfig:/home/agilex/autoware.ai/install/tablet_socket_msgs/lib/x86_64-linux-gnu/pkgconfig:/home/agilex/autoware.ai/install/tablet_socket_msgs/lib/pkgconfig:/home/agilex/autoware.ai/install/autoware_system_msgs/lib/x86_64-linux-gnu/pkgconfig:/home/agilex/autoware.ai/install/autoware_system_msgs/lib/pkgconfig:/home/agilex/autoware.ai/install/autoware_msgs/lib/x86_64-linux-gnu/pkgconfig:/home/agilex/autoware.ai/install/autoware_msgs/lib/pkgconfig:/home/agilex/autoware.ai/install/autoware_config_msgs/lib/x86_64-linux-gnu/pkgconfig:/home/agilex/autoware.ai/install/autoware_config_msgs/lib/pkgconfig:/home/agilex/autoware.ai/install/autoware_build_flags/lib/x86_64-linux-gnu/pkgconfig:/home/agilex/autoware.ai/install/autoware_build_flags/lib/pkgconfig:${PKG_CONFIG_PATH} PYTHONPATH=/home/agilex/autoware.ai/install/vector_map_msgs/lib/python2.7/dist-packages:/home/agilex/autoware.ai/install/tablet_socket_msgs/lib/python2.7/dist-packages:/home/agilex/autoware.ai/install/autoware_system_msgs/lib/python2.7/dist-packages:/home/agilex/autoware.ai/install/autoware_msgs/lib/python2.7/dist-packages:/home/agilex/autoware.ai/install/autoware_config_msgs/lib/python2.7/dist-packages:${PYTHONPATH} ROS_PACKAGE_PATH=/home/agilex/autoware.ai/install/waypoint_follower/share:/home/agilex/autoware.ai/install/vector_map/share:/home/agilex/autoware.ai/install/autoware_health_checker/share:/home/agilex/autoware.ai/install/astar_search/share:/home/agilex/autoware.ai/install/amathutils_lib/share:/home/agilex/autoware.ai/install/vector_map_msgs/share:/home/agilex/autoware.ai/install/tablet_socket_msgs/share:/home/agilex/autoware.ai/install/autoware_system_msgs/share:/home/agilex/autoware.ai/install/autoware_msgs/share:/home/agilex/autoware.ai/install/autoware_config_msgs/share:/home/agilex/autoware.ai/install/autoware_build_flags/share:${ROS_PACKAGE_PATH} /usr/bin/cmake --build /home/agilex/autoware.ai/build/waypoint_planner --target install -- -j8 -l8
[51.129s] [  0%] Built target actionlib_msgs_generate_messages_py
[51.150s] [  0%] Built target trajectory_msgs_generate_messages_eus
[51.170s] [  0%] Built target trajectory_msgs_generate_messages_cpp
[51.191s] [  0%] Built target gazebo_msgs_generate_messages_eus
[51.211s] [  0%] Built target vector_map_msgs_generate_messages_lisp
[51.230s] [  0%] Built target autoware_system_msgs_generate_messages_lisp
[51.254s] [  0%] Built target gazebo_msgs_generate_messages_lisp
[51.274s] [  0%] Built target autoware_system_msgs_generate_messages_eus
[51.294s] [  0%] Built target autoware_system_msgs_generate_messages_cpp
[51.314s] [  0%] Built target visualization_msgs_generate_messages_nodejs
[51.334s] [  0%] Built target tablet_socket_msgs_generate_messages_lisp
[51.354s] [  0%] Built target tablet_socket_msgs_generate_messages_cpp
[51.374s] [  0%] Built target autoware_config_msgs_generate_messages_lisp
[51.394s] [  0%] Built target autoware_config_msgs_generate_messages_eus
[51.415s] [  0%] Built target tablet_socket_msgs_generate_messages_py
[51.436s] [  0%] Built target jsk_footstep_msgs_generate_messages_py
[51.456s] [  0%] Built target jsk_footstep_msgs_generate_messages_nodejs
[51.484s] [  0%] Built target jsk_footstep_msgs_generate_messages_lisp
[51.505s] [  0%] Built target jsk_footstep_msgs_generate_messages_eus
[51.525s] [  0%] Built target jsk_recognition_msgs_generate_messages_py
[51.544s] [  0%] Built target jsk_recognition_msgs_generate_messages_lisp
[51.563s] [  0%] Built target jsk_recognition_msgs_generate_messages_eus
[51.585s] [  0%] Built target autoware_msgs_generate_messages_nodejs
[51.606s] [  0%] Built target autoware_msgs_generate_messages_lisp
[51.628s] [  0%] Built target autoware_msgs_generate_messages_eus
[51.651s] [  0%] Built target autoware_msgs_generate_messages_cpp
[51.671s] [  0%] Built target tf2_msgs_generate_messages_nodejs
[51.693s] [  0%] Built target visualization_msgs_generate_messages_cpp
[51.714s] [  0%] Built target tablet_socket_msgs_generate_messages_eus
[51.735s] [  0%] Built target tf2_msgs_generate_messages_eus
[51.760s] [  0%] Built target tf2_msgs_generate_messages_cpp
[51.781s] [  0%] Built target nodelet_generate_messages_nodejs
[51.809s] [  0%] Built target pcl_msgs_generate_messages_nodejs
[51.828s] [  0%] Built target nodelet_generate_messages_eus
[51.854s] [  0%] Built target geometry_msgs_generate_messages_lisp
[51.876s] [  0%] Built target tf2_msgs_generate_messages_lisp
[51.897s] [  0%] Built target dynamic_reconfigure_gencfg
[51.919s] [  0%] Built target geometry_msgs_generate_messages_py
[51.939s] [  0%] Built target dynamic_reconfigure_generate_messages_py
[51.960s] [  0%] Built target gazebo_msgs_generate_messages_cpp
[51.980s] [  0%] Built target dynamic_reconfigure_generate_messages_lisp
[51.999s] [  0%] Built target pcl_msgs_generate_messages_cpp
[52.024s] [  0%] Built target rosgraph_msgs_generate_messages_cpp
[52.043s] [  0%] Built target topic_tools_generate_messages_cpp
[52.064s] [  0%] Built target pcl_ros_gencfg
[52.092s] [  0%] Built target topic_tools_generate_messages_nodejs
[52.114s] [  0%] Built target tf2_msgs_generate_messages_py
[52.135s] [  0%] Built target actionlib_generate_messages_py
[52.157s] [  0%] Built target dynamic_reconfigure_generate_messages_eus
[52.182s] [  0%] Built target std_msgs_generate_messages_nodejs
[52.207s] [  0%] Built target bond_generate_messages_lisp
[52.225s] [  0%] Built target autoware_msgs_generate_messages_py
[52.246s] [  0%] Built target nodelet_generate_messages_lisp
[52.267s] [  0%] Built target sensor_msgs_generate_messages_lisp
[52.287s] [  0%] Built target std_msgs_generate_messages_cpp
[52.308s] [  0%] Built target gazebo_msgs_generate_messages_py
[52.330s] [  0%] Built target nodelet_generate_messages_cpp
[52.351s] [  0%] Built target vector_map_msgs_generate_messages_nodejs
[52.373s] [  0%] Built target bond_generate_messages_py
[52.394s] [  0%] Built target std_srvs_generate_messages_nodejs
[52.415s] [  0%] Built target geometry_msgs_generate_messages_cpp
[52.435s] [  0%] Built target actionlib_generate_messages_lisp
[52.456s] [  0%] Built target roscpp_generate_messages_cpp
[52.476s] [  0%] Built target autoware_system_msgs_generate_messages_py
[52.495s] [  0%] Built target sensor_msgs_generate_messages_nodejs
[52.514s] [  0%] Built target actionlib_generate_messages_cpp
[52.539s] [  0%] Built target geometry_msgs_generate_messages_nodejs
[52.563s] [  0%] Built target jsk_recognition_msgs_generate_messages_nodejs
[52.583s] [  0%] Built target std_srvs_generate_messages_eus
[52.604s] [  0%] Built target roscpp_generate_messages_lisp
[52.624s] [  0%] Built target bond_generate_messages_eus
[52.645s] [  0%] Built target std_msgs_generate_messages_lisp
[52.667s] [  0%] Built target roscpp_generate_messages_nodejs
[52.688s] [  0%] Built target geometry_msgs_generate_messages_eus
[52.708s] [  0%] Built target std_msgs_generate_messages_py
[52.731s] [  0%] Built target roscpp_generate_messages_py
[52.757s] [  0%] Built target dynamic_reconfigure_generate_messages_nodejs
[52.786s] [  0%] Built target gazebo_msgs_generate_messages_nodejs
[52.807s] [  0%] Built target rosgraph_msgs_generate_messages_eus
[52.826s] [  0%] Built target rosgraph_msgs_generate_messages_lisp
[52.845s] [  0%] Built target visualization_msgs_generate_messages_lisp
[52.865s] [  0%] Built target std_msgs_generate_messages_eus
[52.886s] [  0%] Built target actionlib_msgs_generate_messages_eus
[52.910s] [  0%] Built target roscpp_generate_messages_eus
[52.929s] [  0%] Built target rosgraph_msgs_generate_messages_py
[52.950s] [  0%] Built target autoware_config_msgs_generate_messages_cpp
[52.969s] [  0%] Built target rosgraph_msgs_generate_messages_nodejs
[52.991s] [  0%] Built target trajectory_msgs_generate_messages_lisp
[53.017s] [  0%] Built target bond_generate_messages_cpp
[53.047s] [  0%] Built target trajectory_msgs_generate_messages_nodejs
[53.067s] [  0%] Built target autoware_config_msgs_generate_messages_py
[53.087s] [  0%] Built target bond_generate_messages_nodejs
[53.107s] [  0%] Built target topic_tools_generate_messages_py
[53.128s] [  0%] Built target actionlib_msgs_generate_messages_nodejs
[53.149s] [  0%] Built target nodelet_topic_tools_gencfg
[53.167s] [  0%] Built target std_srvs_generate_messages_lisp
[53.186s] [  0%] Built target jsk_recognition_msgs_generate_messages_cpp
[53.205s] [  0%] Built target topic_tools_generate_messages_lisp
[53.223s] [  0%] Built target pcl_msgs_generate_messages_eus
[53.245s] [  0%] Built target topic_tools_generate_messages_eus
[53.263s] [  0%] Built target sensor_msgs_generate_messages_cpp
[53.281s] [  0%] Built target sensor_msgs_generate_messages_eus
[53.302s] [  0%] Built target nodelet_generate_messages_py
[53.322s] [  0%] Built target sensor_msgs_generate_messages_py
[53.343s] [  0%] Built target tablet_socket_msgs_generate_messages_nodejs
[53.366s] [  0%] Built target dynamic_reconfigure_generate_messages_cpp
[53.395s] [  0%] Built target tf_generate_messages_py
[53.415s] [  0%] Built target std_srvs_generate_messages_cpp
[53.435s] [  0%] Built target jsk_footstep_msgs_generate_messages_cpp
[53.455s] [  0%] Built target tf_generate_messages_eus
[53.474s] [  0%] Built target actionlib_msgs_generate_messages_cpp
[53.493s] [  0%] Built target std_srvs_generate_messages_py
[53.512s] [  0%] Built target tf_generate_messages_lisp
[53.530s] [  0%] Built target autoware_config_msgs_generate_messages_nodejs
[53.554s] [  0%] Built target tf_generate_messages_nodejs
[53.573s] [  0%] Built target pcl_msgs_generate_messages_py
[53.592s] [  0%] Built target actionlib_generate_messages_eus
[53.611s] [  0%] Built target pcl_msgs_generate_messages_lisp
[53.630s] [  0%] Built target tf_generate_messages_cpp
[53.651s] [  0%] Built target actionlib_generate_messages_nodejs
[53.669s] [  0%] Built target autoware_system_msgs_generate_messages_nodejs
[53.688s] [  0%] Built target actionlib_msgs_generate_messages_lisp
[53.706s] [  0%] Built target trajectory_msgs_generate_messages_py
[53.724s] [  0%] Built target visualization_msgs_generate_messages_eus
[53.744s] [  0%] Built target visualization_msgs_generate_messages_py
[53.763s] [  0%] Built target vector_map_msgs_generate_messages_cpp
[53.781s] [  0%] Built target vector_map_msgs_generate_messages_eus
[53.800s] [  0%] Built target vector_map_msgs_generate_messages_py
[53.830s] [ 37%] Built target astar_avoid
[53.874s] [100%] Built target velocity_set
[53.893s] [36mInstall the project...[0m
[53.898s] -- Install configuration: "Release"
[53.898s] -- Installing: /home/agilex/autoware.ai/install/waypoint_planner/lib/pkgconfig/waypoint_planner.pc
[53.899s] -- Installing: /home/agilex/autoware.ai/install/waypoint_planner/share/waypoint_planner/cmake/waypoint_plannerConfig.cmake
[53.899s] -- Installing: /home/agilex/autoware.ai/install/waypoint_planner/share/waypoint_planner/cmake/waypoint_plannerConfig-version.cmake
[53.901s] -- Installing: /home/agilex/autoware.ai/install/waypoint_planner/share/waypoint_planner/package.xml
[53.901s] -- Installing: /home/agilex/autoware.ai/install/waypoint_planner/lib/waypoint_planner/astar_avoid
[53.902s] -- Set runtime path of "/home/agilex/autoware.ai/install/waypoint_planner/lib/waypoint_planner/astar_avoid" to ""
[53.902s] -- Installing: /home/agilex/autoware.ai/install/waypoint_planner/lib/waypoint_planner/velocity_set
[53.910s] -- Set runtime path of "/home/agilex/autoware.ai/install/waypoint_planner/lib/waypoint_planner/velocity_set" to ""
[53.910s] -- Installing: /home/agilex/autoware.ai/install/waypoint_planner/share/waypoint_planner/launch
[53.910s] -- Installing: /home/agilex/autoware.ai/install/waypoint_planner/share/waypoint_planner/launch/velocity_set.launch
[53.910s] -- Installing: /home/agilex/autoware.ai/install/waypoint_planner/share/waypoint_planner/launch/astar_avoid.launch
[53.917s] Invoked command in '/home/agilex/autoware.ai/build/waypoint_planner' returned '0': CMAKE_PREFIX_PATH=/home/agilex/autoware.ai/install/waypoint_follower:/home/agilex/autoware.ai/install/vector_map:/home/agilex/autoware.ai/install/autoware_health_checker:/home/agilex/autoware.ai/install/astar_search:/home/agilex/autoware.ai/install/amathutils_lib:/home/agilex/autoware.ai/install/vector_map_msgs:/home/agilex/autoware.ai/install/tablet_socket_msgs:/home/agilex/autoware.ai/install/autoware_system_msgs:/home/agilex/autoware.ai/install/autoware_msgs:/home/agilex/autoware.ai/install/autoware_config_msgs:/home/agilex/autoware.ai/install/autoware_build_flags:${CMAKE_PREFIX_PATH} LD_LIBRARY_PATH=/home/agilex/autoware.ai/install/waypoint_follower/lib:/home/agilex/autoware.ai/install/vector_map/lib:/home/agilex/autoware.ai/install/autoware_health_checker/lib:/home/agilex/autoware.ai/install/astar_search/lib:/home/agilex/autoware.ai/install/amathutils_lib/lib:${LD_LIBRARY_PATH} PKG_CONFIG_PATH=/home/agilex/autoware.ai/install/waypoint_follower/lib/x86_64-linux-gnu/pkgconfig:/home/agilex/autoware.ai/install/waypoint_follower/lib/pkgconfig:/home/agilex/autoware.ai/install/vector_map/lib/x86_64-linux-gnu/pkgconfig:/home/agilex/autoware.ai/install/vector_map/lib/pkgconfig:/home/agilex/autoware.ai/install/autoware_health_checker/lib/x86_64-linux-gnu/pkgconfig:/home/agilex/autoware.ai/install/autoware_health_checker/lib/pkgconfig:/home/agilex/autoware.ai/install/astar_search/lib/x86_64-linux-gnu/pkgconfig:/home/agilex/autoware.ai/install/astar_search/lib/pkgconfig:/home/agilex/autoware.ai/install/amathutils_lib/lib/x86_64-linux-gnu/pkgconfig:/home/agilex/autoware.ai/install/amathutils_lib/lib/pkgconfig:/home/agilex/autoware.ai/install/vector_map_msgs/lib/x86_64-linux-gnu/pkgconfig:/home/agilex/autoware.ai/install/vector_map_msgs/lib/pkgconfig:/home/agilex/autoware.ai/install/tablet_socket_msgs/lib/x86_64-linux-gnu/pkgconfig:/home/agilex/autoware.ai/install/tablet_socket_msgs/lib/pkgconfig:/home/agilex/autoware.ai/install/autoware_system_msgs/lib/x86_64-linux-gnu/pkgconfig:/home/agilex/autoware.ai/install/autoware_system_msgs/lib/pkgconfig:/home/agilex/autoware.ai/install/autoware_msgs/lib/x86_64-linux-gnu/pkgconfig:/home/agilex/autoware.ai/install/autoware_msgs/lib/pkgconfig:/home/agilex/autoware.ai/install/autoware_config_msgs/lib/x86_64-linux-gnu/pkgconfig:/home/agilex/autoware.ai/install/autoware_config_msgs/lib/pkgconfig:/home/agilex/autoware.ai/install/autoware_build_flags/lib/x86_64-linux-gnu/pkgconfig:/home/agilex/autoware.ai/install/autoware_build_flags/lib/pkgconfig:${PKG_CONFIG_PATH} PYTHONPATH=/home/agilex/autoware.ai/install/vector_map_msgs/lib/python2.7/dist-packages:/home/agilex/autoware.ai/install/tablet_socket_msgs/lib/python2.7/dist-packages:/home/agilex/autoware.ai/install/autoware_system_msgs/lib/python2.7/dist-packages:/home/agilex/autoware.ai/install/autoware_msgs/lib/python2.7/dist-packages:/home/agilex/autoware.ai/install/autoware_config_msgs/lib/python2.7/dist-packages:${PYTHONPATH} ROS_PACKAGE_PATH=/home/agilex/autoware.ai/install/waypoint_follower/share:/home/agilex/autoware.ai/install/vector_map/share:/home/agilex/autoware.ai/install/autoware_health_checker/share:/home/agilex/autoware.ai/install/astar_search/share:/home/agilex/autoware.ai/install/amathutils_lib/share:/home/agilex/autoware.ai/install/vector_map_msgs/share:/home/agilex/autoware.ai/install/tablet_socket_msgs/share:/home/agilex/autoware.ai/install/autoware_system_msgs/share:/home/agilex/autoware.ai/install/autoware_msgs/share:/home/agilex/autoware.ai/install/autoware_config_msgs/share:/home/agilex/autoware.ai/install/autoware_build_flags/share:${ROS_PACKAGE_PATH} /usr/bin/cmake --build /home/agilex/autoware.ai/build/waypoint_planner --target install -- -j8 -l8
