[0.015s] Invoking command in '/home/agilex/autoware.ai/build/image_processor': CMAKE_PREFIX_PATH=/home/agilex/autoware.ai/install/autoware_build_flags:${CMAKE_PREFIX_PATH} PKG_CONFIG_PATH=/home/agilex/autoware.ai/install/autoware_build_flags/lib/x86_64-linux-gnu/pkgconfig:/home/agilex/autoware.ai/install/autoware_build_flags/lib/pkgconfig:${PKG_CONFIG_PATH} ROS_PACKAGE_PATH=/home/agilex/autoware.ai/install/autoware_build_flags/share:${ROS_PACKAGE_PATH} /usr/bin/cmake /home/agilex/autoware.ai/src/autoware/core_perception/image_processor -DCMAKE_BUILD_TYPE=Release -DCATKIN_INSTALL_INTO_PREFIX_ROOT=0 -DCMAKE_INSTALL_PREFIX=/home/agilex/autoware.ai/install/image_processor
[0.091s] -- The C compiler identification is GNU 7.5.0
[0.152s] -- The CXX compiler identification is GNU 7.5.0
[0.156s] -- Check for working C compiler: /usr/bin/cc
[0.238s] -- Check for working C compiler: /usr/bin/cc -- works
[0.238s] -- Detecting C compiler ABI info
[0.307s] -- Detecting C compiler ABI info - done
[0.316s] -- Detecting C compile features
[0.574s] -- Detecting C compile features - done
[0.577s] -- Check for working CXX compiler: /usr/bin/c++
[0.655s] -- Check for working CXX compiler: /usr/bin/c++ -- works
[0.656s] -- Detecting CXX compiler ABI info
[0.753s] -- Detecting CXX compiler ABI info - done
[0.761s] -- Detecting CXX compile features
[1.147s] -- Detecting CXX compile features - done
[1.148s] -- CUDA compilation status: .
[1.149s] -- Using CATKIN_DEVEL_PREFIX: /home/agilex/autoware.ai/build/image_processor/devel
[1.160s] -- Using CMAKE_PREFIX_PATH: /home/agilex/autoware.ai/install/autoware_build_flags;/opt/ros/melodic
[1.160s] -- This workspace overlays: /home/agilex/autoware.ai/install/autoware_build_flags;/opt/ros/melodic
[1.163s] -- Found PythonInterp: /usr/bin/python2 (found suitable version "2.7.17", minimum required is "2") 
[1.163s] -- Using PYTHON_EXECUTABLE: /usr/bin/python2
[1.164s] -- Using Debian Python package layout
[1.164s] -- Using empy: /usr/bin/empy
[1.320s] -- Using CATKIN_ENABLE_TESTING: ON
[1.321s] -- Call enable_testing()
[1.323s] -- Using CATKIN_TEST_RESULTS_DIR: /home/agilex/autoware.ai/build/image_processor/test_results
[1.339s] -- Found gtest sources under '/usr/src/googletest': gtests will be built
[1.339s] -- Found gmock sources under '/usr/src/googletest': gmock will be built
[1.351s] -- Found PythonInterp: /usr/bin/python2 (found version "2.7.17") 
[1.352s] -- Looking for pthread.h
[1.416s] -- Looking for pthread.h - found
[1.416s] -- Looking for pthread_create
[1.477s] -- Looking for pthread_create - not found
[1.478s] -- Looking for pthread_create in pthreads
[1.530s] -- Looking for pthread_create in pthreads - not found
[1.530s] -- Looking for pthread_create in pthread
[1.598s] -- Looking for pthread_create in pthread - found
[1.599s] -- Found Threads: TRUE  
[1.603s] -- Using Python nosetests: /usr/bin/nosetests-2.7
[1.647s] -- catkin 0.7.29
[1.647s] -- BUILD_SHARED_LIBS is on
[1.975s] -- Found OpenCV: /usr (found version "3.2.0") 
[1.975s] -- Configuring done
[2.008s] -- Generating done
[2.010s] -- Build files have been written to: /home/agilex/autoware.ai/build/image_processor
[2.017s] Invoked command in '/home/agilex/autoware.ai/build/image_processor' returned '0': CMAKE_PREFIX_PATH=/home/agilex/autoware.ai/install/autoware_build_flags:${CMAKE_PREFIX_PATH} PKG_CONFIG_PATH=/home/agilex/autoware.ai/install/autoware_build_flags/lib/x86_64-linux-gnu/pkgconfig:/home/agilex/autoware.ai/install/autoware_build_flags/lib/pkgconfig:${PKG_CONFIG_PATH} ROS_PACKAGE_PATH=/home/agilex/autoware.ai/install/autoware_build_flags/share:${ROS_PACKAGE_PATH} /usr/bin/cmake /home/agilex/autoware.ai/src/autoware/core_perception/image_processor -DCMAKE_BUILD_TYPE=Release -DCATKIN_INSTALL_INTO_PREFIX_ROOT=0 -DCMAKE_INSTALL_PREFIX=/home/agilex/autoware.ai/install/image_processor
[2.018s] Invoking command in '/home/agilex/autoware.ai/build/image_processor': CMAKE_PREFIX_PATH=/home/agilex/autoware.ai/install/autoware_build_flags:${CMAKE_PREFIX_PATH} PKG_CONFIG_PATH=/home/agilex/autoware.ai/install/autoware_build_flags/lib/x86_64-linux-gnu/pkgconfig:/home/agilex/autoware.ai/install/autoware_build_flags/lib/pkgconfig:${PKG_CONFIG_PATH} ROS_PACKAGE_PATH=/home/agilex/autoware.ai/install/autoware_build_flags/share:${ROS_PACKAGE_PATH} /usr/bin/cmake --build /home/agilex/autoware.ai/build/image_processor -- -j8 -l8
[2.055s] [35m[1mScanning dependencies of target image_rectifier[0m
[2.073s] [ 25%] [32mBuilding CXX object CMakeFiles/image_rectifier.dir/nodes/image_rectifier/image_rectifier_node.cpp.o[0m
[5.811s] [ 50%] [32m[1mLinking CXX executable devel/lib/image_processor/image_rectifier[0m
[6.182s] [ 50%] Built target image_rectifier
[6.191s] [35m[1mScanning dependencies of target image_rotator[0m
[6.225s] [ 75%] [32mBuilding CXX object CMakeFiles/image_rotator.dir/nodes/image_rotator/image_rotator_node.cpp.o[0m
[9.385s] [100%] [32m[1mLinking CXX executable devel/lib/image_processor/image_rotator[0m
[9.732s] [100%] Built target image_rotator
[9.742s] Invoked command in '/home/agilex/autoware.ai/build/image_processor' returned '0': CMAKE_PREFIX_PATH=/home/agilex/autoware.ai/install/autoware_build_flags:${CMAKE_PREFIX_PATH} PKG_CONFIG_PATH=/home/agilex/autoware.ai/install/autoware_build_flags/lib/x86_64-linux-gnu/pkgconfig:/home/agilex/autoware.ai/install/autoware_build_flags/lib/pkgconfig:${PKG_CONFIG_PATH} ROS_PACKAGE_PATH=/home/agilex/autoware.ai/install/autoware_build_flags/share:${ROS_PACKAGE_PATH} /usr/bin/cmake --build /home/agilex/autoware.ai/build/image_processor -- -j8 -l8
[9.806s] Invoking command in '/home/agilex/autoware.ai/build/image_processor': CMAKE_PREFIX_PATH=/home/agilex/autoware.ai/install/autoware_build_flags:${CMAKE_PREFIX_PATH} PKG_CONFIG_PATH=/home/agilex/autoware.ai/install/autoware_build_flags/lib/x86_64-linux-gnu/pkgconfig:/home/agilex/autoware.ai/install/autoware_build_flags/lib/pkgconfig:${PKG_CONFIG_PATH} ROS_PACKAGE_PATH=/home/agilex/autoware.ai/install/autoware_build_flags/share:${ROS_PACKAGE_PATH} /usr/bin/cmake --build /home/agilex/autoware.ai/build/image_processor --target tests -- -j8 -l8
[9.853s] [35m[1mScanning dependencies of target tests[0m
[9.861s] Built target tests
[9.871s] Invoked command in '/home/agilex/autoware.ai/build/image_processor' returned '0': CMAKE_PREFIX_PATH=/home/agilex/autoware.ai/install/autoware_build_flags:${CMAKE_PREFIX_PATH} PKG_CONFIG_PATH=/home/agilex/autoware.ai/install/autoware_build_flags/lib/x86_64-linux-gnu/pkgconfig:/home/agilex/autoware.ai/install/autoware_build_flags/lib/pkgconfig:${PKG_CONFIG_PATH} ROS_PACKAGE_PATH=/home/agilex/autoware.ai/install/autoware_build_flags/share:${ROS_PACKAGE_PATH} /usr/bin/cmake --build /home/agilex/autoware.ai/build/image_processor --target tests -- -j8 -l8
[9.932s] Invoking command in '/home/agilex/autoware.ai/build/image_processor': CMAKE_PREFIX_PATH=/home/agilex/autoware.ai/install/autoware_build_flags:${CMAKE_PREFIX_PATH} PKG_CONFIG_PATH=/home/agilex/autoware.ai/install/autoware_build_flags/lib/x86_64-linux-gnu/pkgconfig:/home/agilex/autoware.ai/install/autoware_build_flags/lib/pkgconfig:${PKG_CONFIG_PATH} ROS_PACKAGE_PATH=/home/agilex/autoware.ai/install/autoware_build_flags/share:${ROS_PACKAGE_PATH} /usr/bin/cmake --build /home/agilex/autoware.ai/build/image_processor --target install -- -j8 -l8
[9.987s] [ 50%] Built target image_rectifier
[10.008s] [100%] Built target image_rotator
[10.023s] [36mInstall the project...[0m
[10.031s] -- Install configuration: "Release"
[10.031s] -- Installing: /home/agilex/autoware.ai/install/image_processor/lib/pkgconfig/image_processor.pc
[10.031s] -- Installing: /home/agilex/autoware.ai/install/image_processor/share/image_processor/cmake/image_processorConfig.cmake
[10.031s] -- Installing: /home/agilex/autoware.ai/install/image_processor/share/image_processor/cmake/image_processorConfig-version.cmake
[10.031s] -- Installing: /home/agilex/autoware.ai/install/image_processor/share/image_processor/package.xml
[10.032s] -- Installing: /home/agilex/autoware.ai/install/image_processor/lib/image_processor/image_rotator
[10.033s] -- Set runtime path of "/home/agilex/autoware.ai/install/image_processor/lib/image_processor/image_rotator" to ""
[10.033s] -- Installing: /home/agilex/autoware.ai/install/image_processor/lib/image_processor/image_rectifier
[10.034s] -- Set runtime path of "/home/agilex/autoware.ai/install/image_processor/lib/image_processor/image_rectifier" to ""
[10.035s] -- Installing: /home/agilex/autoware.ai/install/image_processor/share/image_processor/launch/launch
[10.035s] -- Installing: /home/agilex/autoware.ai/install/image_processor/share/image_processor/launch/launch/image_rectifier_ladybug.launch
[10.035s] -- Installing: /home/agilex/autoware.ai/install/image_processor/share/image_processor/launch/launch/image_rotator.launch
[10.035s] -- Installing: /home/agilex/autoware.ai/install/image_processor/share/image_processor/launch/launch/image_rectifier.launch
[10.035s] -- Installing: /home/agilex/autoware.ai/install/image_processor/share/image_processor/launch/launch/image_rotator_ladybug.launch
[10.038s] Invoked command in '/home/agilex/autoware.ai/build/image_processor' returned '0': CMAKE_PREFIX_PATH=/home/agilex/autoware.ai/install/autoware_build_flags:${CMAKE_PREFIX_PATH} PKG_CONFIG_PATH=/home/agilex/autoware.ai/install/autoware_build_flags/lib/x86_64-linux-gnu/pkgconfig:/home/agilex/autoware.ai/install/autoware_build_flags/lib/pkgconfig:${PKG_CONFIG_PATH} ROS_PACKAGE_PATH=/home/agilex/autoware.ai/install/autoware_build_flags/share:${ROS_PACKAGE_PATH} /usr/bin/cmake --build /home/agilex/autoware.ai/build/image_processor --target install -- -j8 -l8
