[0.032s] Invoking command in '/home/agilex/autoware.ai/build/lidar_euclidean_cluster_detect': CMAKE_PREFIX_PATH=/home/agilex/autoware.ai/install/vector_map_server:/home/agilex/autoware.ai/install/vector_map:/home/agilex/autoware.ai/install/vector_map_msgs:/home/agilex/autoware.ai/install/autoware_msgs:/home/agilex/autoware.ai/install/autoware_build_flags:${CMAKE_PREFIX_PATH} LD_LIBRARY_PATH=/home/agilex/autoware.ai/install/vector_map/lib:${LD_LIBRARY_PATH} PKG_CONFIG_PATH=/home/agilex/autoware.ai/install/vector_map_server/lib/x86_64-linux-gnu/pkgconfig:/home/agilex/autoware.ai/install/vector_map_server/lib/pkgconfig:/home/agilex/autoware.ai/install/vector_map/lib/x86_64-linux-gnu/pkgconfig:/home/agilex/autoware.ai/install/vector_map/lib/pkgconfig:/home/agilex/autoware.ai/install/vector_map_msgs/lib/x86_64-linux-gnu/pkgconfig:/home/agilex/autoware.ai/install/vector_map_msgs/lib/pkgconfig:/home/agilex/autoware.ai/install/autoware_msgs/lib/x86_64-linux-gnu/pkgconfig:/home/agilex/autoware.ai/install/autoware_msgs/lib/pkgconfig:/home/agilex/autoware.ai/install/autoware_build_flags/lib/x86_64-linux-gnu/pkgconfig:/home/agilex/autoware.ai/install/autoware_build_flags/lib/pkgconfig:${PKG_CONFIG_PATH} PYTHONPATH=/home/agilex/autoware.ai/install/vector_map_server/lib/python2.7/dist-packages:/home/agilex/autoware.ai/install/vector_map_msgs/lib/python2.7/dist-packages:/home/agilex/autoware.ai/install/autoware_msgs/lib/python2.7/dist-packages:${PYTHONPATH} ROS_PACKAGE_PATH=/home/agilex/autoware.ai/install/vector_map_server/share:/home/agilex/autoware.ai/install/vector_map/share:/home/agilex/autoware.ai/install/vector_map_msgs/share:/home/agilex/autoware.ai/install/autoware_msgs/share:/home/agilex/autoware.ai/install/autoware_build_flags/share:${ROS_PACKAGE_PATH} /usr/bin/cmake --build /home/agilex/autoware.ai/build/lidar_euclidean_cluster_detect -- -j8 -l8
[0.087s] [  0%] Built target std_srvs_generate_messages_lisp
[0.107s] [  0%] Built target people_msgs_generate_messages_eus
[0.127s] [  0%] Built target people_msgs_generate_messages_cpp
[0.145s] [  0%] Built target jsk_hark_msgs_generate_messages_py
[0.165s] [  0%] Built target rviz_generate_messages_nodejs
[0.183s] [  0%] Built target jsk_hark_msgs_generate_messages_nodejs
[0.202s] [  0%] Built target jsk_hark_msgs_generate_messages_eus
[0.224s] [  0%] Built target jsk_rviz_plugins_generate_messages_py
[0.248s] [  0%] Built target jsk_rviz_plugins_generate_messages_nodejs
[0.265s] [  0%] Built target jsk_recognition_utils_gencfg
[0.284s] [  0%] Built target jsk_rviz_plugins_generate_messages_lisp
[0.303s] [  0%] Built target rviz_generate_messages_lisp
[0.323s] [  0%] Built target jsk_rviz_plugins_gencfg
[0.341s] [  0%] Built target nav_msgs_generate_messages_nodejs
[0.362s] [  0%] Built target jsk_hark_msgs_generate_messages_cpp
[0.384s] [  0%] Built target grid_map_msgs_generate_messages_py
[0.402s] [  0%] Built target grid_map_msgs_generate_messages_nodejs
[0.423s] [  0%] Built target grid_map_msgs_generate_messages_eus
[0.441s] [  0%] Built target visualization_msgs_generate_messages_py
[0.463s] [  0%] Built target visualization_msgs_generate_messages_nodejs
[0.480s] [  0%] Built target vector_map_msgs_generate_messages_py
[0.501s] [  0%] Built target vector_map_msgs_generate_messages_lisp
[0.519s] [  0%] Built target vector_map_msgs_generate_messages_eus
[0.539s] [  0%] Built target vector_map_msgs_generate_messages_cpp
[0.556s] [  0%] Built target vector_map_server_generate_messages_nodejs
[0.574s] [  0%] Built target visualization_msgs_generate_messages_eus
[0.598s] [  0%] Built target vector_map_server_generate_messages_cpp
[0.618s] [  0%] Built target tf2_msgs_generate_messages_nodejs
[0.637s] [  0%] Built target nav_msgs_generate_messages_eus
[0.657s] [  0%] Built target visualization_msgs_generate_messages_cpp
[0.679s] [  0%] Built target tf2_msgs_generate_messages_eus
[0.698s] [  0%] Built target tf2_msgs_generate_messages_cpp
[0.714s] [  0%] Built target map_msgs_generate_messages_cpp
[0.732s] [  0%] Built target tf2_msgs_generate_messages_py
[0.759s] [  0%] Built target actionlib_generate_messages_py
[0.778s] [  0%] Built target actionlib_generate_messages_cpp
[0.796s] [  0%] Built target tf_generate_messages_nodejs
[0.818s] [  0%] Built target tf_generate_messages_lisp
[0.838s] [  0%] Built target topic_tools_generate_messages_nodejs
[0.856s] [  0%] Built target topic_tools_generate_messages_eus
[0.874s] [  0%] Built target topic_tools_generate_messages_cpp
[0.893s] [  0%] Built target std_srvs_generate_messages_py
[0.913s] [  0%] Built target vector_map_server_generate_messages_lisp
[0.929s] [  0%] Built target jsk_footstep_msgs_generate_messages_nodejs
[0.946s] [  0%] Built target jsk_footstep_msgs_generate_messages_lisp
[0.962s] [  0%] Built target jsk_footstep_msgs_generate_messages_eus
[0.983s] [  0%] Built target actionlib_msgs_generate_messages_py
[1.003s] [  0%] Built target geometry_msgs_generate_messages_py
[1.021s] [  0%] Built target nav_msgs_generate_messages_lisp
[1.042s] [  0%] Built target pcl_msgs_generate_messages_nodejs
[1.060s] [  0%] Built target nodelet_generate_messages_nodejs
[1.081s] [  0%] Built target jsk_recognition_msgs_generate_messages_py
[1.104s] [  0%] Built target pcl_msgs_generate_messages_eus
[1.126s] [  0%] Built target rosgraph_msgs_generate_messages_eus
[1.144s] [  0%] Built target jsk_recognition_msgs_generate_messages_lisp
[1.160s] [  0%] Built target tf_generate_messages_eus
[1.183s] [  0%] Built target jsk_footstep_msgs_generate_messages_cpp
[1.202s] [  0%] Built target actionlib_msgs_generate_messages_cpp
[1.219s] [  0%] Built target jsk_recognition_msgs_generate_messages_eus
[1.240s] [  0%] Built target sensor_msgs_generate_messages_nodejs
[1.258s] [  0%] Built target vector_map_server_generate_messages_eus
[1.279s] [  0%] Built target roscpp_generate_messages_cpp
[1.297s] [  0%] Built target autoware_msgs_generate_messages_lisp
[1.315s] [  0%] Built target jsk_footstep_msgs_generate_messages_py
[1.337s] [  0%] Built target std_msgs_generate_messages_cpp
[1.354s] [  0%] Built target sensor_msgs_generate_messages_py
[1.376s] [  0%] Built target nodelet_generate_messages_py
[1.393s] [  0%] Built target actionlib_generate_messages_lisp
[1.415s] [  0%] Built target geometry_msgs_generate_messages_cpp
[1.433s] [  0%] Built target geometry_msgs_generate_messages_lisp
[1.450s] [  0%] Built target nodelet_generate_messages_lisp
[1.470s] [  0%] Built target autoware_msgs_generate_messages_py
[1.490s] [  0%] Built target std_msgs_generate_messages_py
[1.511s] [  0%] Built target autoware_msgs_generate_messages_cpp
[1.531s] [  0%] Built target tf_generate_messages_py
[1.548s] [  0%] Built target dynamic_reconfigure_generate_messages_cpp
[1.566s] [  0%] Built target rosgraph_msgs_generate_messages_cpp
[1.588s] [  0%] Built target pcl_msgs_generate_messages_cpp
[1.612s] [  0%] Built target people_msgs_generate_messages_nodejs
[1.631s] [  0%] Built target dynamic_reconfigure_generate_messages_lisp
[1.648s] [  0%] Built target topic_tools_generate_messages_lisp
[1.668s] [  0%] Built target jsk_recognition_msgs_generate_messages_cpp
[1.686s] [  0%] Built target nav_msgs_generate_messages_cpp
[1.703s] [  0%] Built target sensor_msgs_generate_messages_lisp
[1.723s] [  0%] Built target std_srvs_generate_messages_cpp
[1.741s] [  0%] Built target autoware_msgs_generate_messages_eus
[1.768s] [  0%] Built target actionlib_generate_messages_nodejs
[1.788s] [  0%] Built target tf_generate_messages_cpp
[1.808s] [  0%] Built target pcl_msgs_generate_messages_lisp
[1.827s] [  0%] Built target autoware_msgs_generate_messages_nodejs
[1.845s] [  0%] Built target visualization_msgs_generate_messages_lisp
[1.867s] [  0%] Built target std_msgs_generate_messages_eus
[1.886s] [  0%] Built target geometry_msgs_generate_messages_eus
[1.907s] [  0%] Built target jsk_hark_msgs_generate_messages_lisp
[1.925s] [  0%] Built target std_msgs_generate_messages_nodejs
[1.944s] [  0%] Built target bond_generate_messages_lisp
[1.966s] [  0%] Built target jsk_rviz_plugins_generate_messages_eus
[1.986s] [  0%] Built target actionlib_generate_messages_eus
[2.007s] [  0%] Built target pcl_msgs_generate_messages_py
[2.025s] [  0%] Built target sensor_msgs_generate_messages_eus
[2.046s] [  0%] Built target jsk_rviz_plugins_generate_messages_cpp
[2.063s] [  0%] Built target roscpp_generate_messages_nodejs
[2.084s] [  0%] Built target std_msgs_generate_messages_lisp
[2.100s] [  0%] Built target sensor_msgs_generate_messages_cpp
[2.120s] [  0%] Built target grid_map_msgs_generate_messages_lisp
[2.142s] [  0%] Built target actionlib_msgs_generate_messages_lisp
[2.165s] [  0%] Built target geometry_msgs_generate_messages_nodejs
[2.183s] [  0%] Built target map_msgs_generate_messages_py
[2.209s] [  0%] Built target pcl_ros_gencfg
[2.231s] [  0%] Built target dynamic_reconfigure_generate_messages_eus
[2.250s] [  0%] Built target dynamic_reconfigure_generate_messages_nodejs
[2.268s] [  0%] Built target dynamic_reconfigure_generate_messages_py
[2.288s] [  0%] Built target nav_msgs_generate_messages_py
[2.308s] [  0%] Built target tf2_msgs_generate_messages_lisp
[2.328s] [  0%] Built target dynamic_reconfigure_gencfg
[2.345s] [  0%] Built target jsk_recognition_msgs_generate_messages_nodejs
[2.364s] [  0%] Built target std_srvs_generate_messages_eus
[2.387s] [  0%] Built target roscpp_generate_messages_lisp
[2.409s] [  0%] Built target bond_generate_messages_eus
[2.431s] [  0%] Built target grid_map_msgs_generate_messages_cpp
[2.452s] [  0%] Built target roscpp_generate_messages_py
[2.473s] [  0%] Built target rosgraph_msgs_generate_messages_lisp
[2.490s] [  0%] Built target rosgraph_msgs_generate_messages_nodejs
[2.507s] [  0%] Built target vector_map_server_generate_messages_py
[2.528s] [  0%] Built target actionlib_msgs_generate_messages_eus
[2.545s] [  0%] Built target roscpp_generate_messages_eus
[2.565s] [  0%] Built target rosgraph_msgs_generate_messages_py
[2.589s] [  0%] Built target nodelet_generate_messages_cpp
[2.608s] [  0%] Built target vector_map_msgs_generate_messages_nodejs
[2.627s] [  0%] Built target bond_generate_messages_py
[2.649s] [  0%] Built target std_srvs_generate_messages_nodejs
[2.666s] [  0%] Built target map_msgs_generate_messages_eus
[2.685s] [  0%] Built target nodelet_generate_messages_eus
[2.703s] [  0%] Built target bond_generate_messages_cpp
[2.722s] [  0%] Built target bond_generate_messages_nodejs
[2.744s] [  0%] Built target map_msgs_generate_messages_nodejs
[2.766s] [  0%] Built target topic_tools_generate_messages_py
[2.784s] [  0%] Built target actionlib_msgs_generate_messages_nodejs
[2.805s] [  0%] Built target nodelet_topic_tools_gencfg
[2.822s] [  0%] Built target rviz_generate_messages_eus
[2.839s] [  0%] Built target people_msgs_generate_messages_lisp
[2.861s] [  0%] Built target people_msgs_generate_messages_py
[2.883s] [  0%] Built target rviz_generate_messages_cpp
[2.901s] [  0%] Built target rviz_generate_messages_py
[2.922s] [  0%] Built target map_msgs_generate_messages_lisp
[2.965s] [100%] Built target lidar_euclidean_cluster_detect
[2.977s] Invoked command in '/home/agilex/autoware.ai/build/lidar_euclidean_cluster_detect' returned '0': CMAKE_PREFIX_PATH=/home/agilex/autoware.ai/install/vector_map_server:/home/agilex/autoware.ai/install/vector_map:/home/agilex/autoware.ai/install/vector_map_msgs:/home/agilex/autoware.ai/install/autoware_msgs:/home/agilex/autoware.ai/install/autoware_build_flags:${CMAKE_PREFIX_PATH} LD_LIBRARY_PATH=/home/agilex/autoware.ai/install/vector_map/lib:${LD_LIBRARY_PATH} PKG_CONFIG_PATH=/home/agilex/autoware.ai/install/vector_map_server/lib/x86_64-linux-gnu/pkgconfig:/home/agilex/autoware.ai/install/vector_map_server/lib/pkgconfig:/home/agilex/autoware.ai/install/vector_map/lib/x86_64-linux-gnu/pkgconfig:/home/agilex/autoware.ai/install/vector_map/lib/pkgconfig:/home/agilex/autoware.ai/install/vector_map_msgs/lib/x86_64-linux-gnu/pkgconfig:/home/agilex/autoware.ai/install/vector_map_msgs/lib/pkgconfig:/home/agilex/autoware.ai/install/autoware_msgs/lib/x86_64-linux-gnu/pkgconfig:/home/agilex/autoware.ai/install/autoware_msgs/lib/pkgconfig:/home/agilex/autoware.ai/install/autoware_build_flags/lib/x86_64-linux-gnu/pkgconfig:/home/agilex/autoware.ai/install/autoware_build_flags/lib/pkgconfig:${PKG_CONFIG_PATH} PYTHONPATH=/home/agilex/autoware.ai/install/vector_map_server/lib/python2.7/dist-packages:/home/agilex/autoware.ai/install/vector_map_msgs/lib/python2.7/dist-packages:/home/agilex/autoware.ai/install/autoware_msgs/lib/python2.7/dist-packages:${PYTHONPATH} ROS_PACKAGE_PATH=/home/agilex/autoware.ai/install/vector_map_server/share:/home/agilex/autoware.ai/install/vector_map/share:/home/agilex/autoware.ai/install/vector_map_msgs/share:/home/agilex/autoware.ai/install/autoware_msgs/share:/home/agilex/autoware.ai/install/autoware_build_flags/share:${ROS_PACKAGE_PATH} /usr/bin/cmake --build /home/agilex/autoware.ai/build/lidar_euclidean_cluster_detect -- -j8 -l8
[3.133s] Invoking command in '/home/agilex/autoware.ai/build/lidar_euclidean_cluster_detect': CMAKE_PREFIX_PATH=/home/agilex/autoware.ai/install/vector_map_server:/home/agilex/autoware.ai/install/vector_map:/home/agilex/autoware.ai/install/vector_map_msgs:/home/agilex/autoware.ai/install/autoware_msgs:/home/agilex/autoware.ai/install/autoware_build_flags:${CMAKE_PREFIX_PATH} LD_LIBRARY_PATH=/home/agilex/autoware.ai/install/vector_map/lib:${LD_LIBRARY_PATH} PKG_CONFIG_PATH=/home/agilex/autoware.ai/install/vector_map_server/lib/x86_64-linux-gnu/pkgconfig:/home/agilex/autoware.ai/install/vector_map_server/lib/pkgconfig:/home/agilex/autoware.ai/install/vector_map/lib/x86_64-linux-gnu/pkgconfig:/home/agilex/autoware.ai/install/vector_map/lib/pkgconfig:/home/agilex/autoware.ai/install/vector_map_msgs/lib/x86_64-linux-gnu/pkgconfig:/home/agilex/autoware.ai/install/vector_map_msgs/lib/pkgconfig:/home/agilex/autoware.ai/install/autoware_msgs/lib/x86_64-linux-gnu/pkgconfig:/home/agilex/autoware.ai/install/autoware_msgs/lib/pkgconfig:/home/agilex/autoware.ai/install/autoware_build_flags/lib/x86_64-linux-gnu/pkgconfig:/home/agilex/autoware.ai/install/autoware_build_flags/lib/pkgconfig:${PKG_CONFIG_PATH} PYTHONPATH=/home/agilex/autoware.ai/install/vector_map_server/lib/python2.7/dist-packages:/home/agilex/autoware.ai/install/vector_map_msgs/lib/python2.7/dist-packages:/home/agilex/autoware.ai/install/autoware_msgs/lib/python2.7/dist-packages:${PYTHONPATH} ROS_PACKAGE_PATH=/home/agilex/autoware.ai/install/vector_map_server/share:/home/agilex/autoware.ai/install/vector_map/share:/home/agilex/autoware.ai/install/vector_map_msgs/share:/home/agilex/autoware.ai/install/autoware_msgs/share:/home/agilex/autoware.ai/install/autoware_build_flags/share:${ROS_PACKAGE_PATH} /usr/bin/cmake --build /home/agilex/autoware.ai/build/lidar_euclidean_cluster_detect --target tests -- -j8 -l8
[3.208s] Built target tests
[3.217s] Invoked command in '/home/agilex/autoware.ai/build/lidar_euclidean_cluster_detect' returned '0': CMAKE_PREFIX_PATH=/home/agilex/autoware.ai/install/vector_map_server:/home/agilex/autoware.ai/install/vector_map:/home/agilex/autoware.ai/install/vector_map_msgs:/home/agilex/autoware.ai/install/autoware_msgs:/home/agilex/autoware.ai/install/autoware_build_flags:${CMAKE_PREFIX_PATH} LD_LIBRARY_PATH=/home/agilex/autoware.ai/install/vector_map/lib:${LD_LIBRARY_PATH} PKG_CONFIG_PATH=/home/agilex/autoware.ai/install/vector_map_server/lib/x86_64-linux-gnu/pkgconfig:/home/agilex/autoware.ai/install/vector_map_server/lib/pkgconfig:/home/agilex/autoware.ai/install/vector_map/lib/x86_64-linux-gnu/pkgconfig:/home/agilex/autoware.ai/install/vector_map/lib/pkgconfig:/home/agilex/autoware.ai/install/vector_map_msgs/lib/x86_64-linux-gnu/pkgconfig:/home/agilex/autoware.ai/install/vector_map_msgs/lib/pkgconfig:/home/agilex/autoware.ai/install/autoware_msgs/lib/x86_64-linux-gnu/pkgconfig:/home/agilex/autoware.ai/install/autoware_msgs/lib/pkgconfig:/home/agilex/autoware.ai/install/autoware_build_flags/lib/x86_64-linux-gnu/pkgconfig:/home/agilex/autoware.ai/install/autoware_build_flags/lib/pkgconfig:${PKG_CONFIG_PATH} PYTHONPATH=/home/agilex/autoware.ai/install/vector_map_server/lib/python2.7/dist-packages:/home/agilex/autoware.ai/install/vector_map_msgs/lib/python2.7/dist-packages:/home/agilex/autoware.ai/install/autoware_msgs/lib/python2.7/dist-packages:${PYTHONPATH} ROS_PACKAGE_PATH=/home/agilex/autoware.ai/install/vector_map_server/share:/home/agilex/autoware.ai/install/vector_map/share:/home/agilex/autoware.ai/install/vector_map_msgs/share:/home/agilex/autoware.ai/install/autoware_msgs/share:/home/agilex/autoware.ai/install/autoware_build_flags/share:${ROS_PACKAGE_PATH} /usr/bin/cmake --build /home/agilex/autoware.ai/build/lidar_euclidean_cluster_detect --target tests -- -j8 -l8
[3.392s] Invoking command in '/home/agilex/autoware.ai/build/lidar_euclidean_cluster_detect': CMAKE_PREFIX_PATH=/home/agilex/autoware.ai/install/vector_map_server:/home/agilex/autoware.ai/install/vector_map:/home/agilex/autoware.ai/install/vector_map_msgs:/home/agilex/autoware.ai/install/autoware_msgs:/home/agilex/autoware.ai/install/autoware_build_flags:${CMAKE_PREFIX_PATH} LD_LIBRARY_PATH=/home/agilex/autoware.ai/install/vector_map/lib:${LD_LIBRARY_PATH} PKG_CONFIG_PATH=/home/agilex/autoware.ai/install/vector_map_server/lib/x86_64-linux-gnu/pkgconfig:/home/agilex/autoware.ai/install/vector_map_server/lib/pkgconfig:/home/agilex/autoware.ai/install/vector_map/lib/x86_64-linux-gnu/pkgconfig:/home/agilex/autoware.ai/install/vector_map/lib/pkgconfig:/home/agilex/autoware.ai/install/vector_map_msgs/lib/x86_64-linux-gnu/pkgconfig:/home/agilex/autoware.ai/install/vector_map_msgs/lib/pkgconfig:/home/agilex/autoware.ai/install/autoware_msgs/lib/x86_64-linux-gnu/pkgconfig:/home/agilex/autoware.ai/install/autoware_msgs/lib/pkgconfig:/home/agilex/autoware.ai/install/autoware_build_flags/lib/x86_64-linux-gnu/pkgconfig:/home/agilex/autoware.ai/install/autoware_build_flags/lib/pkgconfig:${PKG_CONFIG_PATH} PYTHONPATH=/home/agilex/autoware.ai/install/vector_map_server/lib/python2.7/dist-packages:/home/agilex/autoware.ai/install/vector_map_msgs/lib/python2.7/dist-packages:/home/agilex/autoware.ai/install/autoware_msgs/lib/python2.7/dist-packages:${PYTHONPATH} ROS_PACKAGE_PATH=/home/agilex/autoware.ai/install/vector_map_server/share:/home/agilex/autoware.ai/install/vector_map/share:/home/agilex/autoware.ai/install/vector_map_msgs/share:/home/agilex/autoware.ai/install/autoware_msgs/share:/home/agilex/autoware.ai/install/autoware_build_flags/share:${ROS_PACKAGE_PATH} /usr/bin/cmake --build /home/agilex/autoware.ai/build/lidar_euclidean_cluster_detect --target install -- -j8 -l8
[3.444s] [  0%] Built target std_srvs_generate_messages_lisp
[3.460s] [  0%] Built target people_msgs_generate_messages_eus
[3.479s] [  0%] Built target people_msgs_generate_messages_cpp
[3.501s] [  0%] Built target jsk_hark_msgs_generate_messages_py
[3.516s] [  0%] Built target rviz_generate_messages_nodejs
[3.533s] [  0%] Built target jsk_hark_msgs_generate_messages_nodejs
[3.552s] [  0%] Built target jsk_hark_msgs_generate_messages_eus
[3.571s] [  0%] Built target jsk_rviz_plugins_generate_messages_py
[3.589s] [  0%] Built target jsk_rviz_plugins_generate_messages_nodejs
[3.606s] [  0%] Built target jsk_recognition_utils_gencfg
[3.627s] [  0%] Built target jsk_rviz_plugins_generate_messages_lisp
[3.647s] [  0%] Built target rviz_generate_messages_lisp
[3.667s] [  0%] Built target jsk_rviz_plugins_gencfg
[3.688s] [  0%] Built target nav_msgs_generate_messages_nodejs
[3.704s] [  0%] Built target jsk_hark_msgs_generate_messages_cpp
[3.721s] [  0%] Built target grid_map_msgs_generate_messages_py
[3.739s] [  0%] Built target grid_map_msgs_generate_messages_nodejs
[3.758s] [  0%] Built target grid_map_msgs_generate_messages_eus
[3.774s] [  0%] Built target visualization_msgs_generate_messages_py
[3.791s] [  0%] Built target visualization_msgs_generate_messages_nodejs
[3.812s] [  0%] Built target vector_map_msgs_generate_messages_py
[3.832s] [  0%] Built target vector_map_msgs_generate_messages_lisp
[3.850s] [  0%] Built target vector_map_msgs_generate_messages_eus
[3.867s] [  0%] Built target vector_map_msgs_generate_messages_cpp
[3.886s] [  0%] Built target vector_map_server_generate_messages_nodejs
[3.905s] [  0%] Built target visualization_msgs_generate_messages_eus
[3.922s] [  0%] Built target vector_map_server_generate_messages_cpp
[3.939s] [  0%] Built target tf2_msgs_generate_messages_nodejs
[3.955s] [  0%] Built target nav_msgs_generate_messages_eus
[3.975s] [  0%] Built target visualization_msgs_generate_messages_cpp
[3.992s] [  0%] Built target tf2_msgs_generate_messages_eus
[4.010s] [  0%] Built target tf2_msgs_generate_messages_cpp
[4.032s] [  0%] Built target map_msgs_generate_messages_cpp
[4.049s] [  0%] Built target tf2_msgs_generate_messages_py
[4.069s] [  0%] Built target actionlib_generate_messages_py
[4.090s] [  0%] Built target actionlib_generate_messages_cpp
[4.110s] [  0%] Built target tf_generate_messages_nodejs
[4.130s] [  0%] Built target tf_generate_messages_lisp
[4.152s] [  0%] Built target topic_tools_generate_messages_nodejs
[4.175s] [  0%] Built target topic_tools_generate_messages_eus
[4.197s] [  0%] Built target topic_tools_generate_messages_cpp
[4.213s] [  0%] Built target std_srvs_generate_messages_py
[4.234s] [  0%] Built target vector_map_server_generate_messages_lisp
[4.250s] [  0%] Built target jsk_footstep_msgs_generate_messages_nodejs
[4.268s] [  0%] Built target jsk_footstep_msgs_generate_messages_lisp
[4.286s] [  0%] Built target jsk_footstep_msgs_generate_messages_eus
[4.306s] [  0%] Built target actionlib_msgs_generate_messages_py
[4.324s] [  0%] Built target geometry_msgs_generate_messages_py
[4.340s] [  0%] Built target nav_msgs_generate_messages_lisp
[4.364s] [  0%] Built target pcl_msgs_generate_messages_nodejs
[4.383s] [  0%] Built target nodelet_generate_messages_nodejs
[4.401s] [  0%] Built target jsk_recognition_msgs_generate_messages_py
[4.423s] [  0%] Built target pcl_msgs_generate_messages_eus
[4.439s] [  0%] Built target rosgraph_msgs_generate_messages_eus
[4.460s] [  0%] Built target jsk_recognition_msgs_generate_messages_lisp
[4.478s] [  0%] Built target tf_generate_messages_eus
[4.498s] [  0%] Built target jsk_footstep_msgs_generate_messages_cpp
[4.518s] [  0%] Built target actionlib_msgs_generate_messages_cpp
[4.539s] [  0%] Built target jsk_recognition_msgs_generate_messages_eus
[4.554s] [  0%] Built target sensor_msgs_generate_messages_nodejs
[4.574s] [  0%] Built target vector_map_server_generate_messages_eus
[4.590s] [  0%] Built target roscpp_generate_messages_cpp
[4.612s] [  0%] Built target autoware_msgs_generate_messages_lisp
[4.628s] [  0%] Built target jsk_footstep_msgs_generate_messages_py
[4.644s] [  0%] Built target std_msgs_generate_messages_cpp
[4.661s] [  0%] Built target sensor_msgs_generate_messages_py
[4.677s] [  0%] Built target nodelet_generate_messages_py
[4.698s] [  0%] Built target actionlib_generate_messages_lisp
[4.719s] [  0%] Built target geometry_msgs_generate_messages_cpp
[4.737s] [  0%] Built target geometry_msgs_generate_messages_lisp
[4.757s] [  0%] Built target nodelet_generate_messages_lisp
[4.772s] [  0%] Built target autoware_msgs_generate_messages_py
[4.787s] [  0%] Built target std_msgs_generate_messages_py
[4.804s] [  0%] Built target autoware_msgs_generate_messages_cpp
[4.820s] [  0%] Built target tf_generate_messages_py
[4.840s] [  0%] Built target dynamic_reconfigure_generate_messages_cpp
[4.861s] [  0%] Built target rosgraph_msgs_generate_messages_cpp
[4.878s] [  0%] Built target pcl_msgs_generate_messages_cpp
[4.897s] [  0%] Built target people_msgs_generate_messages_nodejs
[4.914s] [  0%] Built target dynamic_reconfigure_generate_messages_lisp
[4.934s] [  0%] Built target topic_tools_generate_messages_lisp
[4.956s] [  0%] Built target jsk_recognition_msgs_generate_messages_cpp
[4.973s] [  0%] Built target nav_msgs_generate_messages_cpp
[4.993s] [  0%] Built target sensor_msgs_generate_messages_lisp
[5.011s] [  0%] Built target std_srvs_generate_messages_cpp
[5.028s] [  0%] Built target autoware_msgs_generate_messages_eus
[5.045s] [  0%] Built target actionlib_generate_messages_nodejs
[5.062s] [  0%] Built target tf_generate_messages_cpp
[5.079s] [  0%] Built target pcl_msgs_generate_messages_lisp
[5.098s] [  0%] Built target autoware_msgs_generate_messages_nodejs
[5.114s] [  0%] Built target visualization_msgs_generate_messages_lisp
[5.135s] [  0%] Built target std_msgs_generate_messages_eus
[5.153s] [  0%] Built target geometry_msgs_generate_messages_eus
[5.171s] [  0%] Built target jsk_hark_msgs_generate_messages_lisp
[5.188s] [  0%] Built target std_msgs_generate_messages_nodejs
[5.207s] [  0%] Built target bond_generate_messages_lisp
[5.227s] [  0%] Built target jsk_rviz_plugins_generate_messages_eus
[5.245s] [  0%] Built target actionlib_generate_messages_eus
[5.261s] [  0%] Built target pcl_msgs_generate_messages_py
[5.278s] [  0%] Built target sensor_msgs_generate_messages_eus
[5.295s] [  0%] Built target jsk_rviz_plugins_generate_messages_cpp
[5.314s] [  0%] Built target roscpp_generate_messages_nodejs
[5.330s] [  0%] Built target std_msgs_generate_messages_lisp
[5.349s] [  0%] Built target sensor_msgs_generate_messages_cpp
[5.370s] [  0%] Built target grid_map_msgs_generate_messages_lisp
[5.386s] [  0%] Built target actionlib_msgs_generate_messages_lisp
[5.406s] [  0%] Built target geometry_msgs_generate_messages_nodejs
[5.427s] [  0%] Built target map_msgs_generate_messages_py
[5.445s] [  0%] Built target pcl_ros_gencfg
[5.465s] [  0%] Built target dynamic_reconfigure_generate_messages_eus
[5.483s] [  0%] Built target dynamic_reconfigure_generate_messages_nodejs
[5.500s] [  0%] Built target dynamic_reconfigure_generate_messages_py
[5.518s] [  0%] Built target nav_msgs_generate_messages_py
[5.535s] [  0%] Built target tf2_msgs_generate_messages_lisp
[5.552s] [  0%] Built target dynamic_reconfigure_gencfg
[5.570s] [  0%] Built target jsk_recognition_msgs_generate_messages_nodejs
[5.594s] [  0%] Built target std_srvs_generate_messages_eus
[5.615s] [  0%] Built target roscpp_generate_messages_lisp
[5.639s] [  0%] Built target bond_generate_messages_eus
[5.657s] [  0%] Built target grid_map_msgs_generate_messages_cpp
[5.675s] [  0%] Built target roscpp_generate_messages_py
[5.696s] [  0%] Built target rosgraph_msgs_generate_messages_lisp
[5.716s] [  0%] Built target rosgraph_msgs_generate_messages_nodejs
[5.736s] [  0%] Built target vector_map_server_generate_messages_py
[5.754s] [  0%] Built target actionlib_msgs_generate_messages_eus
[5.773s] [  0%] Built target roscpp_generate_messages_eus
[5.789s] [  0%] Built target rosgraph_msgs_generate_messages_py
[5.811s] [  0%] Built target nodelet_generate_messages_cpp
[5.830s] [  0%] Built target vector_map_msgs_generate_messages_nodejs
[5.846s] [  0%] Built target bond_generate_messages_py
[5.862s] [  0%] Built target std_srvs_generate_messages_nodejs
[5.882s] [  0%] Built target map_msgs_generate_messages_eus
[5.899s] [  0%] Built target nodelet_generate_messages_eus
[5.919s] [  0%] Built target bond_generate_messages_cpp
[5.935s] [  0%] Built target bond_generate_messages_nodejs
[5.952s] [  0%] Built target map_msgs_generate_messages_nodejs
[5.968s] [  0%] Built target topic_tools_generate_messages_py
[5.987s] [  0%] Built target actionlib_msgs_generate_messages_nodejs
[6.004s] [  0%] Built target nodelet_topic_tools_gencfg
[6.023s] [  0%] Built target rviz_generate_messages_eus
[6.038s] [  0%] Built target people_msgs_generate_messages_lisp
[6.056s] [  0%] Built target people_msgs_generate_messages_py
[6.078s] [  0%] Built target rviz_generate_messages_cpp
[6.100s] [  0%] Built target rviz_generate_messages_py
[6.118s] [  0%] Built target map_msgs_generate_messages_lisp
[6.157s] [100%] Built target lidar_euclidean_cluster_detect
[6.180s] [36mInstall the project...[0m
[6.188s] -- Install configuration: "Release"
[6.188s] -- Up-to-date: /home/agilex/autoware.ai/install/lidar_euclidean_cluster_detect/lib/pkgconfig/lidar_euclidean_cluster_detect.pc
[6.188s] -- Up-to-date: /home/agilex/autoware.ai/install/lidar_euclidean_cluster_detect/share/lidar_euclidean_cluster_detect/cmake/lidar_euclidean_cluster_detectConfig.cmake
[6.188s] -- Up-to-date: /home/agilex/autoware.ai/install/lidar_euclidean_cluster_detect/share/lidar_euclidean_cluster_detect/cmake/lidar_euclidean_cluster_detectConfig-version.cmake
[6.188s] -- Up-to-date: /home/agilex/autoware.ai/install/lidar_euclidean_cluster_detect/share/lidar_euclidean_cluster_detect/package.xml
[6.188s] -- Up-to-date: /home/agilex/autoware.ai/install/lidar_euclidean_cluster_detect/include/lidar_euclidean_cluster_detect
[6.188s] -- Up-to-date: /home/agilex/autoware.ai/install/lidar_euclidean_cluster_detect/include/lidar_euclidean_cluster_detect/gencolors.cpp
[6.189s] -- Up-to-date: /home/agilex/autoware.ai/install/lidar_euclidean_cluster_detect/include/lidar_euclidean_cluster_detect/cluster.h
[6.189s] -- Up-to-date: /home/agilex/autoware.ai/install/lidar_euclidean_cluster_detect/include/lidar_euclidean_cluster_detect/gpu_euclidean_clustering.h
[6.189s] -- Up-to-date: /home/agilex/autoware.ai/install/lidar_euclidean_cluster_detect/lib/lidar_euclidean_cluster_detect/lidar_euclidean_cluster_detect
[6.189s] -- Up-to-date: /home/agilex/autoware.ai/install/lidar_euclidean_cluster_detect/share/lidar_euclidean_cluster_detect/launch
[6.189s] -- Up-to-date: /home/agilex/autoware.ai/install/lidar_euclidean_cluster_detect/share/lidar_euclidean_cluster_detect/launch/lidar_euclidean_cluster_detect.launch
[6.189s] -- Up-to-date: /home/agilex/autoware.ai/install/lidar_euclidean_cluster_detect/share/lidar_euclidean_cluster_detect/launch/euclidean_clustering_Exp.launch
[6.193s] Invoked command in '/home/agilex/autoware.ai/build/lidar_euclidean_cluster_detect' returned '0': CMAKE_PREFIX_PATH=/home/agilex/autoware.ai/install/vector_map_server:/home/agilex/autoware.ai/install/vector_map:/home/agilex/autoware.ai/install/vector_map_msgs:/home/agilex/autoware.ai/install/autoware_msgs:/home/agilex/autoware.ai/install/autoware_build_flags:${CMAKE_PREFIX_PATH} LD_LIBRARY_PATH=/home/agilex/autoware.ai/install/vector_map/lib:${LD_LIBRARY_PATH} PKG_CONFIG_PATH=/home/agilex/autoware.ai/install/vector_map_server/lib/x86_64-linux-gnu/pkgconfig:/home/agilex/autoware.ai/install/vector_map_server/lib/pkgconfig:/home/agilex/autoware.ai/install/vector_map/lib/x86_64-linux-gnu/pkgconfig:/home/agilex/autoware.ai/install/vector_map/lib/pkgconfig:/home/agilex/autoware.ai/install/vector_map_msgs/lib/x86_64-linux-gnu/pkgconfig:/home/agilex/autoware.ai/install/vector_map_msgs/lib/pkgconfig:/home/agilex/autoware.ai/install/autoware_msgs/lib/x86_64-linux-gnu/pkgconfig:/home/agilex/autoware.ai/install/autoware_msgs/lib/pkgconfig:/home/agilex/autoware.ai/install/autoware_build_flags/lib/x86_64-linux-gnu/pkgconfig:/home/agilex/autoware.ai/install/autoware_build_flags/lib/pkgconfig:${PKG_CONFIG_PATH} PYTHONPATH=/home/agilex/autoware.ai/install/vector_map_server/lib/python2.7/dist-packages:/home/agilex/autoware.ai/install/vector_map_msgs/lib/python2.7/dist-packages:/home/agilex/autoware.ai/install/autoware_msgs/lib/python2.7/dist-packages:${PYTHONPATH} ROS_PACKAGE_PATH=/home/agilex/autoware.ai/install/vector_map_server/share:/home/agilex/autoware.ai/install/vector_map/share:/home/agilex/autoware.ai/install/vector_map_msgs/share:/home/agilex/autoware.ai/install/autoware_msgs/share:/home/agilex/autoware.ai/install/autoware_build_flags/share:${ROS_PACKAGE_PATH} /usr/bin/cmake --build /home/agilex/autoware.ai/build/lidar_euclidean_cluster_detect --target install -- -j8 -l8
