Determining if the pthread_create exist failed with the following output:
Change Dir: /home/agilex/autoware.ai/build/autoware_system_msgs/CMakeFiles/CMakeTmp

Run Build Command:"/usr/bin/make" "cmTC_52bfe/fast"
/usr/bin/make -f CMakeFiles/cmTC_52bfe.dir/build.make CMakeFiles/cmTC_52bfe.dir/build
make[1]: Entering directory '/home/agilex/autoware.ai/build/autoware_system_msgs/CMakeFiles/CMakeTmp'
Building C object CMakeFiles/cmTC_52bfe.dir/CheckSymbolExists.c.o
/usr/bin/cc    -o CMakeFiles/cmTC_52bfe.dir/CheckSymbolExists.c.o   -c /home/agilex/autoware.ai/build/autoware_system_msgs/CMakeFiles/CMakeTmp/CheckSymbolExists.c
Linking C executable cmTC_52bfe
/usr/bin/cmake -E cmake_link_script CMakeFiles/cmTC_52bfe.dir/link.txt --verbose=1
/usr/bin/cc      -rdynamic CMakeFiles/cmTC_52bfe.dir/CheckSymbolExists.c.o  -o cmTC_52bfe 
CMakeFiles/cmTC_52bfe.dir/CheckSymbolExists.c.o: In function `main':
CheckSymbolExists.c:(.text+0x1b): undefined reference to `pthread_create'
collect2: error: ld returned 1 exit status
CMakeFiles/cmTC_52bfe.dir/build.make:97: recipe for target 'cmTC_52bfe' failed
make[1]: *** [cmTC_52bfe] Error 1
make[1]: Leaving directory '/home/agilex/autoware.ai/build/autoware_system_msgs/CMakeFiles/CMakeTmp'
Makefile:126: recipe for target 'cmTC_52bfe/fast' failed
make: *** [cmTC_52bfe/fast] Error 2

File /home/agilex/autoware.ai/build/autoware_system_msgs/CMakeFiles/CMakeTmp/CheckSymbolExists.c:
/* */
#include <pthread.h>

int main(int argc, char** argv)
{
  (void)argv;
#ifndef pthread_create
  return ((int*)(&pthread_create))[argc];
#else
  (void)argc;
  return 0;
#endif
}

Determining if the function pthread_create exists in the pthreads failed with the following output:
Change Dir: /home/agilex/autoware.ai/build/autoware_system_msgs/CMakeFiles/CMakeTmp

Run Build Command:"/usr/bin/make" "cmTC_d7b0f/fast"
/usr/bin/make -f CMakeFiles/cmTC_d7b0f.dir/build.make CMakeFiles/cmTC_d7b0f.dir/build
make[1]: Entering directory '/home/agilex/autoware.ai/build/autoware_system_msgs/CMakeFiles/CMakeTmp'
Building C object CMakeFiles/cmTC_d7b0f.dir/CheckFunctionExists.c.o
/usr/bin/cc   -DCHECK_FUNCTION_EXISTS=pthread_create   -o CMakeFiles/cmTC_d7b0f.dir/CheckFunctionExists.c.o   -c /usr/share/cmake-3.10/Modules/CheckFunctionExists.c
Linking C executable cmTC_d7b0f
/usr/bin/cmake -E cmake_link_script CMakeFiles/cmTC_d7b0f.dir/link.txt --verbose=1
/usr/bin/cc  -DCHECK_FUNCTION_EXISTS=pthread_create    -rdynamic CMakeFiles/cmTC_d7b0f.dir/CheckFunctionExists.c.o  -o cmTC_d7b0f -lpthreads 
/usr/bin/ld: cannot find -lpthreads
collect2: error: ld returned 1 exit status
CMakeFiles/cmTC_d7b0f.dir/build.make:97: recipe for target 'cmTC_d7b0f' failed
make[1]: *** [cmTC_d7b0f] Error 1
make[1]: Leaving directory '/home/agilex/autoware.ai/build/autoware_system_msgs/CMakeFiles/CMakeTmp'
Makefile:126: recipe for target 'cmTC_d7b0f/fast' failed
make: *** [cmTC_d7b0f/fast] Error 2


