[0.041s] Invoking command in '/home/agilex/autoware.ai/build/lidar_naive_l_shape_detect': CMAKE_PREFIX_PATH=/home/agilex/autoware.ai/install/autoware_msgs:/home/agilex/autoware.ai/install/autoware_build_flags:${CMAKE_PREFIX_PATH} PKG_CONFIG_PATH=/home/agilex/autoware.ai/install/autoware_msgs/lib/x86_64-linux-gnu/pkgconfig:/home/agilex/autoware.ai/install/autoware_msgs/lib/pkgconfig:/home/agilex/autoware.ai/install/autoware_build_flags/lib/x86_64-linux-gnu/pkgconfig:/home/agilex/autoware.ai/install/autoware_build_flags/lib/pkgconfig:${PKG_CONFIG_PATH} PYTHONPATH=/home/agilex/autoware.ai/install/autoware_msgs/lib/python2.7/dist-packages:${PYTHONPATH} ROS_PACKAGE_PATH=/home/agilex/autoware.ai/install/autoware_msgs/share:/home/agilex/autoware.ai/install/autoware_build_flags/share:${ROS_PACKAGE_PATH} /usr/bin/cmake --build /home/agilex/autoware.ai/build/lidar_naive_l_shape_detect -- -j8 -l8
[0.110s] [  0%] Built target tf2_msgs_generate_messages_py
[0.113s] [  0%] Built target tf2_msgs_generate_messages_eus
[0.115s] [  0%] Built target std_srvs_generate_messages_lisp
[0.119s] [  0%] Built target tf2_msgs_generate_messages_nodejs
[0.123s] [  0%] Built target tf2_msgs_generate_messages_cpp
[0.136s] [  0%] Built target tf_generate_messages_nodejs
[0.140s] [  0%] Built target topic_tools_generate_messages_nodejs
[0.145s] [  0%] Built target tf_generate_messages_lisp
[0.153s] [  0%] Built target topic_tools_generate_messages_cpp
[0.160s] [  0%] Built target topic_tools_generate_messages_eus
[0.179s] [  0%] Built target jsk_footstep_msgs_generate_messages_lisp
[0.184s] [  0%] Built target jsk_footstep_msgs_generate_messages_nodejs
[0.199s] [  0%] Built target actionlib_msgs_generate_messages_py
[0.201s] [  0%] Built target std_srvs_generate_messages_py
[0.207s] [  0%] Built target jsk_footstep_msgs_generate_messages_eus
[0.213s] [  0%] Built target pcl_msgs_generate_messages_nodejs
[0.251s] [  0%] Built target geometry_msgs_generate_messages_py
[0.255s] [  0%] Built target actionlib_generate_messages_py
[0.269s] [  0%] Built target nodelet_generate_messages_nodejs
[0.269s] [  0%] Built target pcl_msgs_generate_messages_eus
[0.269s] [  0%] Built target jsk_recognition_msgs_generate_messages_py
[0.276s] [  0%] Built target rosgraph_msgs_generate_messages_eus
[0.276s] [  0%] Built target actionlib_generate_messages_cpp
[0.295s] [  0%] Built target jsk_recognition_msgs_generate_messages_lisp
[0.299s] [  0%] Built target tf_generate_messages_eus
[0.300s] [  0%] Built target roscpp_generate_messages_cpp
[0.315s] [  0%] Built target jsk_footstep_msgs_generate_messages_cpp
[0.324s] [  0%] Built target actionlib_msgs_generate_messages_cpp
[0.330s] [  0%] Built target jsk_footstep_msgs_generate_messages_py
[0.340s] [  0%] Built target jsk_recognition_msgs_generate_messages_eus
[0.349s] [  0%] Built target sensor_msgs_generate_messages_nodejs
[0.359s] [  0%] Built target autoware_msgs_generate_messages_lisp
[0.359s] [  0%] Built target sensor_msgs_generate_messages_py
[0.382s] [  0%] Built target std_msgs_generate_messages_cpp
[0.384s] [  0%] Built target nodelet_generate_messages_lisp
[0.394s] [  0%] Built target actionlib_generate_messages_lisp
[0.394s] [  0%] Built target geometry_msgs_generate_messages_lisp
[0.395s] [  0%] Built target nodelet_generate_messages_py
[0.405s] [  0%] Built target geometry_msgs_generate_messages_cpp
[0.424s] [  0%] Built target autoware_msgs_generate_messages_py
[0.439s] [  0%] Built target dynamic_reconfigure_generate_messages_cpp
[0.443s] [  0%] Built target autoware_msgs_generate_messages_cpp
[0.449s] [  0%] Built target rosgraph_msgs_generate_messages_cpp
[0.454s] [  0%] Built target pcl_msgs_generate_messages_cpp
[0.455s] [  0%] Built target std_msgs_generate_messages_py
[0.463s] [  0%] Built target dynamic_reconfigure_generate_messages_lisp
[0.466s] [  0%] Built target tf_generate_messages_py
[0.492s] [  0%] Built target topic_tools_generate_messages_lisp
[0.493s] [  0%] Built target std_srvs_generate_messages_cpp
[0.501s] [  0%] Built target jsk_recognition_msgs_generate_messages_cpp
[0.502s] [  0%] Built target tf_generate_messages_cpp
[0.517s] [  0%] Built target autoware_msgs_generate_messages_eus
[0.517s] [  0%] Built target actionlib_generate_messages_nodejs
[0.538s] [  0%] Built target pcl_msgs_generate_messages_lisp
[0.552s] [  0%] Built target sensor_msgs_generate_messages_lisp
[0.553s] [  0%] Built target std_msgs_generate_messages_eus
[0.557s] [  0%] Built target std_msgs_generate_messages_nodejs
[0.562s] [  0%] Built target actionlib_generate_messages_eus
[0.566s] [  0%] Built target autoware_msgs_generate_messages_nodejs
[0.573s] [  0%] Built target geometry_msgs_generate_messages_eus
[0.580s] [  0%] Built target bond_generate_messages_lisp
[0.599s] [  0%] Built target pcl_msgs_generate_messages_py
[0.599s] [  0%] Built target std_msgs_generate_messages_lisp
[0.599s] [  0%] Built target sensor_msgs_generate_messages_eus
[0.611s] [  0%] Built target roscpp_generate_messages_nodejs
[0.617s] [  0%] Built target geometry_msgs_generate_messages_nodejs
[0.624s] [  0%] Built target sensor_msgs_generate_messages_cpp
[0.629s] [  0%] Built target jsk_recognition_msgs_generate_messages_nodejs
[0.629s] [  0%] Built target std_srvs_generate_messages_eus
[0.645s] [  0%] Built target actionlib_msgs_generate_messages_lisp
[0.649s] [  0%] Built target roscpp_generate_messages_lisp
[0.653s] [  0%] Built target bond_generate_messages_eus
[0.657s] [  0%] Built target rosgraph_msgs_generate_messages_lisp
[0.659s] [  0%] Built target actionlib_msgs_generate_messages_eus
[0.661s] [  0%] Built target roscpp_generate_messages_py
[0.664s] [  0%] Built target rosgraph_msgs_generate_messages_nodejs
[0.666s] [  0%] Built target roscpp_generate_messages_eus
[0.673s] [  0%] Built target rosgraph_msgs_generate_messages_py
[0.679s] [  0%] Built target dynamic_reconfigure_generate_messages_nodejs
[0.684s] [  0%] Built target pcl_ros_gencfg
[0.688s] [  0%] Built target dynamic_reconfigure_generate_messages_py
[0.694s] [  0%] Built target tf2_msgs_generate_messages_lisp
[0.696s] [  0%] Built target nodelet_generate_messages_cpp
[0.701s] [  0%] Built target dynamic_reconfigure_generate_messages_eus
[0.706s] [  0%] Built target dynamic_reconfigure_gencfg
[0.712s] [  0%] Built target bond_generate_messages_py
[0.720s] [  0%] Built target std_srvs_generate_messages_nodejs
[0.720s] [  0%] Built target bond_generate_messages_cpp
[0.721s] [  0%] Built target bond_generate_messages_nodejs
[0.729s] [  0%] Built target nodelet_generate_messages_eus
[0.730s] [  0%] Built target topic_tools_generate_messages_py
[0.747s] [  0%] Built target actionlib_msgs_generate_messages_nodejs
[0.752s] [  0%] Built target nodelet_topic_tools_gencfg
[0.786s] [100%] Built target lidar_naive_l_shape_detect
[0.797s] Invoked command in '/home/agilex/autoware.ai/build/lidar_naive_l_shape_detect' returned '0': CMAKE_PREFIX_PATH=/home/agilex/autoware.ai/install/autoware_msgs:/home/agilex/autoware.ai/install/autoware_build_flags:${CMAKE_PREFIX_PATH} PKG_CONFIG_PATH=/home/agilex/autoware.ai/install/autoware_msgs/lib/x86_64-linux-gnu/pkgconfig:/home/agilex/autoware.ai/install/autoware_msgs/lib/pkgconfig:/home/agilex/autoware.ai/install/autoware_build_flags/lib/x86_64-linux-gnu/pkgconfig:/home/agilex/autoware.ai/install/autoware_build_flags/lib/pkgconfig:${PKG_CONFIG_PATH} PYTHONPATH=/home/agilex/autoware.ai/install/autoware_msgs/lib/python2.7/dist-packages:${PYTHONPATH} ROS_PACKAGE_PATH=/home/agilex/autoware.ai/install/autoware_msgs/share:/home/agilex/autoware.ai/install/autoware_build_flags/share:${ROS_PACKAGE_PATH} /usr/bin/cmake --build /home/agilex/autoware.ai/build/lidar_naive_l_shape_detect -- -j8 -l8
[1.056s] Invoking command in '/home/agilex/autoware.ai/build/lidar_naive_l_shape_detect': CMAKE_PREFIX_PATH=/home/agilex/autoware.ai/install/autoware_msgs:/home/agilex/autoware.ai/install/autoware_build_flags:${CMAKE_PREFIX_PATH} PKG_CONFIG_PATH=/home/agilex/autoware.ai/install/autoware_msgs/lib/x86_64-linux-gnu/pkgconfig:/home/agilex/autoware.ai/install/autoware_msgs/lib/pkgconfig:/home/agilex/autoware.ai/install/autoware_build_flags/lib/x86_64-linux-gnu/pkgconfig:/home/agilex/autoware.ai/install/autoware_build_flags/lib/pkgconfig:${PKG_CONFIG_PATH} PYTHONPATH=/home/agilex/autoware.ai/install/autoware_msgs/lib/python2.7/dist-packages:${PYTHONPATH} ROS_PACKAGE_PATH=/home/agilex/autoware.ai/install/autoware_msgs/share:/home/agilex/autoware.ai/install/autoware_build_flags/share:${ROS_PACKAGE_PATH} /usr/bin/cmake --build /home/agilex/autoware.ai/build/lidar_naive_l_shape_detect --target tests -- -j8 -l8
[1.130s] Built target tests
[1.137s] Invoked command in '/home/agilex/autoware.ai/build/lidar_naive_l_shape_detect' returned '0': CMAKE_PREFIX_PATH=/home/agilex/autoware.ai/install/autoware_msgs:/home/agilex/autoware.ai/install/autoware_build_flags:${CMAKE_PREFIX_PATH} PKG_CONFIG_PATH=/home/agilex/autoware.ai/install/autoware_msgs/lib/x86_64-linux-gnu/pkgconfig:/home/agilex/autoware.ai/install/autoware_msgs/lib/pkgconfig:/home/agilex/autoware.ai/install/autoware_build_flags/lib/x86_64-linux-gnu/pkgconfig:/home/agilex/autoware.ai/install/autoware_build_flags/lib/pkgconfig:${PKG_CONFIG_PATH} PYTHONPATH=/home/agilex/autoware.ai/install/autoware_msgs/lib/python2.7/dist-packages:${PYTHONPATH} ROS_PACKAGE_PATH=/home/agilex/autoware.ai/install/autoware_msgs/share:/home/agilex/autoware.ai/install/autoware_build_flags/share:${ROS_PACKAGE_PATH} /usr/bin/cmake --build /home/agilex/autoware.ai/build/lidar_naive_l_shape_detect --target tests -- -j8 -l8
[1.452s] Invoking command in '/home/agilex/autoware.ai/build/lidar_naive_l_shape_detect': CMAKE_PREFIX_PATH=/home/agilex/autoware.ai/install/autoware_msgs:/home/agilex/autoware.ai/install/autoware_build_flags:${CMAKE_PREFIX_PATH} PKG_CONFIG_PATH=/home/agilex/autoware.ai/install/autoware_msgs/lib/x86_64-linux-gnu/pkgconfig:/home/agilex/autoware.ai/install/autoware_msgs/lib/pkgconfig:/home/agilex/autoware.ai/install/autoware_build_flags/lib/x86_64-linux-gnu/pkgconfig:/home/agilex/autoware.ai/install/autoware_build_flags/lib/pkgconfig:${PKG_CONFIG_PATH} PYTHONPATH=/home/agilex/autoware.ai/install/autoware_msgs/lib/python2.7/dist-packages:${PYTHONPATH} ROS_PACKAGE_PATH=/home/agilex/autoware.ai/install/autoware_msgs/share:/home/agilex/autoware.ai/install/autoware_build_flags/share:${ROS_PACKAGE_PATH} /usr/bin/cmake --build /home/agilex/autoware.ai/build/lidar_naive_l_shape_detect --target install -- -j8 -l8
[1.514s] [  0%] Built target tf2_msgs_generate_messages_eus
[1.518s] [  0%] Built target tf2_msgs_generate_messages_py
[1.520s] [  0%] Built target tf2_msgs_generate_messages_nodejs
[1.537s] [  0%] Built target tf2_msgs_generate_messages_cpp
[1.539s] [  0%] Built target std_srvs_generate_messages_lisp
[1.549s] [  0%] Built target tf_generate_messages_lisp
[1.552s] [  0%] Built target tf_generate_messages_nodejs
[1.567s] [  0%] Built target topic_tools_generate_messages_eus
[1.571s] [  0%] Built target topic_tools_generate_messages_cpp
[1.586s] [  0%] Built target topic_tools_generate_messages_nodejs
[1.593s] [  0%] Built target jsk_footstep_msgs_generate_messages_nodejs
[1.609s] [  0%] Built target std_srvs_generate_messages_py
[1.611s] [  0%] Built target jsk_footstep_msgs_generate_messages_eus
[1.612s] [  0%] Built target jsk_footstep_msgs_generate_messages_lisp
[1.633s] [  0%] Built target actionlib_msgs_generate_messages_py
[1.646s] [  0%] Built target geometry_msgs_generate_messages_py
[1.647s] [  0%] Built target nodelet_generate_messages_nodejs
[1.649s] [  0%] Built target jsk_recognition_msgs_generate_messages_py
[1.651s] [  0%] Built target pcl_msgs_generate_messages_nodejs
[1.668s] [  0%] Built target jsk_recognition_msgs_generate_messages_lisp
[1.682s] [  0%] Built target rosgraph_msgs_generate_messages_eus
[1.689s] [  0%] Built target pcl_msgs_generate_messages_eus
[1.692s] [  0%] Built target tf_generate_messages_eus
[1.697s] [  0%] Built target actionlib_msgs_generate_messages_cpp
[1.704s] [  0%] Built target jsk_footstep_msgs_generate_messages_cpp
[1.714s] [  0%] Built target sensor_msgs_generate_messages_nodejs
[1.731s] [  0%] Built target jsk_footstep_msgs_generate_messages_py
[1.733s] [  0%] Built target roscpp_generate_messages_cpp
[1.736s] [  0%] Built target jsk_recognition_msgs_generate_messages_eus
[1.754s] [  0%] Built target autoware_msgs_generate_messages_lisp
[1.761s] [  0%] Built target actionlib_generate_messages_lisp
[1.761s] [  0%] Built target std_msgs_generate_messages_cpp
[1.768s] [  0%] Built target nodelet_generate_messages_py
[1.769s] [  0%] Built target sensor_msgs_generate_messages_py
[1.777s] [  0%] Built target geometry_msgs_generate_messages_cpp
[1.783s] [  0%] Built target geometry_msgs_generate_messages_lisp
[1.786s] [  0%] Built target actionlib_generate_messages_cpp
[1.792s] [  0%] Built target autoware_msgs_generate_messages_py
[1.796s] [  0%] Built target std_msgs_generate_messages_py
[1.805s] [  0%] Built target autoware_msgs_generate_messages_cpp
[1.812s] [  0%] Built target rosgraph_msgs_generate_messages_cpp
[1.815s] [  0%] Built target dynamic_reconfigure_generate_messages_cpp
[1.832s] [  0%] Built target pcl_msgs_generate_messages_cpp
[1.836s] [  0%] Built target dynamic_reconfigure_generate_messages_lisp
[1.840s] [  0%] Built target topic_tools_generate_messages_lisp
[1.842s] [  0%] Built target tf_generate_messages_py
[1.850s] [  0%] Built target jsk_recognition_msgs_generate_messages_cpp
[1.853s] [  0%] Built target sensor_msgs_generate_messages_lisp
[1.865s] [  0%] Built target std_srvs_generate_messages_cpp
[1.865s] [  0%] Built target autoware_msgs_generate_messages_eus
[1.889s] [  0%] Built target std_msgs_generate_messages_eus
[1.893s] [  0%] Built target actionlib_generate_messages_nodejs
[1.894s] [  0%] Built target pcl_msgs_generate_messages_lisp
[1.898s] [  0%] Built target tf_generate_messages_cpp
[1.905s] [  0%] Built target autoware_msgs_generate_messages_nodejs
[1.922s] [  0%] Built target bond_generate_messages_lisp
[1.923s] [  0%] Built target geometry_msgs_generate_messages_eus
[1.927s] [  0%] Built target std_msgs_generate_messages_nodejs
[1.941s] [  0%] Built target pcl_msgs_generate_messages_py
[1.943s] [  0%] Built target actionlib_generate_messages_eus
[1.951s] [  0%] Built target sensor_msgs_generate_messages_eus
[1.951s] [  0%] Built target roscpp_generate_messages_nodejs
[1.955s] [  0%] Built target std_msgs_generate_messages_lisp
[1.973s] [  0%] Built target sensor_msgs_generate_messages_cpp
[1.979s] [  0%] Built target actionlib_msgs_generate_messages_lisp
[1.980s] [  0%] Built target nodelet_generate_messages_lisp
[1.986s] [  0%] Built target geometry_msgs_generate_messages_nodejs
[1.988s] [  0%] Built target std_srvs_generate_messages_eus
[2.004s] [  0%] Built target roscpp_generate_messages_lisp
[2.012s] [  0%] Built target roscpp_generate_messages_py
[2.014s] [  0%] Built target rosgraph_msgs_generate_messages_nodejs
[2.015s] [  0%] Built target bond_generate_messages_eus
[2.018s] [  0%] Built target rosgraph_msgs_generate_messages_lisp
[2.035s] [  0%] Built target actionlib_msgs_generate_messages_eus
[2.035s] [  0%] Built target pcl_ros_gencfg
[2.045s] [  0%] Built target roscpp_generate_messages_eus
[2.047s] [  0%] Built target rosgraph_msgs_generate_messages_py
[2.051s] [  0%] Built target dynamic_reconfigure_generate_messages_eus
[2.066s] [  0%] Built target dynamic_reconfigure_generate_messages_nodejs
[2.069s] [  0%] Built target tf2_msgs_generate_messages_lisp
[2.071s] [  0%] Built target nodelet_generate_messages_cpp
[2.072s] [  0%] Built target dynamic_reconfigure_generate_messages_py
[2.077s] [  0%] Built target dynamic_reconfigure_gencfg
[2.095s] [  0%] Built target std_srvs_generate_messages_nodejs
[2.103s] [  0%] Built target bond_generate_messages_nodejs
[2.104s] [  0%] Built target nodelet_generate_messages_eus
[2.111s] [  0%] Built target bond_generate_messages_py
[2.120s] [  0%] Built target bond_generate_messages_cpp
[2.130s] [  0%] Built target topic_tools_generate_messages_py
[2.133s] [  0%] Built target jsk_recognition_msgs_generate_messages_nodejs
[2.147s] [  0%] Built target actionlib_msgs_generate_messages_nodejs
[2.147s] [  0%] Built target actionlib_generate_messages_py
[2.152s] [  0%] Built target nodelet_topic_tools_gencfg
[2.200s] [100%] Built target lidar_naive_l_shape_detect
[2.252s] [36mInstall the project...[0m
[2.260s] -- Install configuration: "Release"
[2.260s] -- Up-to-date: /home/agilex/autoware.ai/install/lidar_naive_l_shape_detect/lib/pkgconfig/lidar_naive_l_shape_detect.pc
[2.260s] -- Up-to-date: /home/agilex/autoware.ai/install/lidar_naive_l_shape_detect/share/lidar_naive_l_shape_detect/cmake/lidar_naive_l_shape_detectConfig.cmake
[2.260s] -- Up-to-date: /home/agilex/autoware.ai/install/lidar_naive_l_shape_detect/share/lidar_naive_l_shape_detect/cmake/lidar_naive_l_shape_detectConfig-version.cmake
[2.261s] -- Up-to-date: /home/agilex/autoware.ai/install/lidar_naive_l_shape_detect/share/lidar_naive_l_shape_detect/package.xml
[2.262s] -- Up-to-date: /home/agilex/autoware.ai/install/lidar_naive_l_shape_detect/lib/lidar_naive_l_shape_detect/lidar_naive_l_shape_detect
[2.262s] -- Up-to-date: /home/agilex/autoware.ai/install/lidar_naive_l_shape_detect/share/lidar_naive_l_shape_detect/launch
[2.262s] -- Up-to-date: /home/agilex/autoware.ai/install/lidar_naive_l_shape_detect/share/lidar_naive_l_shape_detect/launch/lidar_naive_l_shape_detect.launch
[2.266s] Invoked command in '/home/agilex/autoware.ai/build/lidar_naive_l_shape_detect' returned '0': CMAKE_PREFIX_PATH=/home/agilex/autoware.ai/install/autoware_msgs:/home/agilex/autoware.ai/install/autoware_build_flags:${CMAKE_PREFIX_PATH} PKG_CONFIG_PATH=/home/agilex/autoware.ai/install/autoware_msgs/lib/x86_64-linux-gnu/pkgconfig:/home/agilex/autoware.ai/install/autoware_msgs/lib/pkgconfig:/home/agilex/autoware.ai/install/autoware_build_flags/lib/x86_64-linux-gnu/pkgconfig:/home/agilex/autoware.ai/install/autoware_build_flags/lib/pkgconfig:${PKG_CONFIG_PATH} PYTHONPATH=/home/agilex/autoware.ai/install/autoware_msgs/lib/python2.7/dist-packages:${PYTHONPATH} ROS_PACKAGE_PATH=/home/agilex/autoware.ai/install/autoware_msgs/share:/home/agilex/autoware.ai/install/autoware_build_flags/share:${ROS_PACKAGE_PATH} /usr/bin/cmake --build /home/agilex/autoware.ai/build/lidar_naive_l_shape_detect --target install -- -j8 -l8
