[0.031s] Invoking command in '/home/agilex/autoware.ai/build/vision_beyond_track': CMAKE_PREFIX_PATH=/home/agilex/autoware.ai/install/autoware_msgs:/home/agilex/autoware.ai/install/autoware_build_flags:${CMAKE_PREFIX_PATH} PKG_CONFIG_PATH=/home/agilex/autoware.ai/install/autoware_msgs/lib/x86_64-linux-gnu/pkgconfig:/home/agilex/autoware.ai/install/autoware_msgs/lib/pkgconfig:/home/agilex/autoware.ai/install/autoware_build_flags/lib/x86_64-linux-gnu/pkgconfig:/home/agilex/autoware.ai/install/autoware_build_flags/lib/pkgconfig:${PKG_CONFIG_PATH} PYTHONPATH=/home/agilex/autoware.ai/install/autoware_msgs/lib/python2.7/dist-packages:${PYTHONPATH} ROS_PACKAGE_PATH=/home/agilex/autoware.ai/install/autoware_msgs/share:/home/agilex/autoware.ai/install/autoware_build_flags/share:${ROS_PACKAGE_PATH} /usr/bin/cmake /home/agilex/autoware.ai/src/autoware/core_perception/vision_beyond_track -DCMAKE_BUILD_TYPE=Release -DCATKIN_INSTALL_INTO_PREFIX_ROOT=0 -DCMAKE_INSTALL_PREFIX=/home/agilex/autoware.ai/install/vision_beyond_track
[0.083s] -- The C compiler identification is GNU 7.5.0
[0.135s] -- The CXX compiler identification is GNU 7.5.0
[0.140s] -- Check for working C compiler: /usr/bin/cc
[0.196s] -- Check for working C compiler: /usr/bin/cc -- works
[0.196s] -- Detecting C compiler ABI info
[0.256s] -- Detecting C compiler ABI info - done
[0.265s] -- Detecting C compile features
[0.443s] -- Detecting C compile features - done
[0.445s] -- Check for working CXX compiler: /usr/bin/c++
[0.517s] -- Check for working CXX compiler: /usr/bin/c++ -- works
[0.518s] -- Detecting CXX compiler ABI info
[0.596s] -- Detecting CXX compiler ABI info - done
[0.604s] -- Detecting CXX compile features
[0.933s] -- Detecting CXX compile features - done
[0.948s] -- Found OpenCV: /usr (found version "3.2.0") 
[0.949s] -- CUDA compilation status: .
[1.006s] -- Using CATKIN_DEVEL_PREFIX: /home/agilex/autoware.ai/build/vision_beyond_track/devel
[1.007s] -- Using CMAKE_PREFIX_PATH: /home/agilex/autoware.ai/install/autoware_msgs;/home/agilex/autoware.ai/install/autoware_build_flags;/opt/ros/melodic
[1.007s] -- This workspace overlays: /home/agilex/autoware.ai/install/autoware_msgs;/home/agilex/autoware.ai/install/autoware_build_flags;/opt/ros/melodic
[1.019s] -- Found PythonInterp: /usr/bin/python2 (found suitable version "2.7.17", minimum required is "2") 
[1.019s] -- Using PYTHON_EXECUTABLE: /usr/bin/python2
[1.020s] -- Using Debian Python package layout
[1.020s] -- Using empy: /usr/bin/empy
[1.173s] -- Using CATKIN_ENABLE_TESTING: ON
[1.173s] -- Call enable_testing()
[1.175s] -- Using CATKIN_TEST_RESULTS_DIR: /home/agilex/autoware.ai/build/vision_beyond_track/test_results
[1.194s] -- Found gtest sources under '/usr/src/googletest': gtests will be built
[1.194s] -- Found gmock sources under '/usr/src/googletest': gmock will be built
[1.209s] -- Found PythonInterp: /usr/bin/python2 (found version "2.7.17") 
[1.210s] -- Looking for pthread.h
[1.275s] -- Looking for pthread.h - found
[1.275s] -- Looking for pthread_create
[1.339s] -- Looking for pthread_create - not found
[1.339s] -- Looking for pthread_create in pthreads
[1.394s] -- Looking for pthread_create in pthreads - not found
[1.395s] -- Looking for pthread_create in pthread
[1.453s] -- Looking for pthread_create in pthread - found
[1.454s] -- Found Threads: TRUE  
[1.459s] -- Using Python nosetests: /usr/bin/nosetests-2.7
[1.502s] -- catkin 0.7.29
[1.502s] -- BUILD_SHARED_LIBS is on
[1.602s] -- Using these message generators: gencpp;geneus;genlisp;gennodejs;genpy
[1.918s] -- Configuring done
[1.950s] -- Generating done
[1.958s] -- Build files have been written to: /home/agilex/autoware.ai/build/vision_beyond_track
[1.963s] Invoked command in '/home/agilex/autoware.ai/build/vision_beyond_track' returned '0': CMAKE_PREFIX_PATH=/home/agilex/autoware.ai/install/autoware_msgs:/home/agilex/autoware.ai/install/autoware_build_flags:${CMAKE_PREFIX_PATH} PKG_CONFIG_PATH=/home/agilex/autoware.ai/install/autoware_msgs/lib/x86_64-linux-gnu/pkgconfig:/home/agilex/autoware.ai/install/autoware_msgs/lib/pkgconfig:/home/agilex/autoware.ai/install/autoware_build_flags/lib/x86_64-linux-gnu/pkgconfig:/home/agilex/autoware.ai/install/autoware_build_flags/lib/pkgconfig:${PKG_CONFIG_PATH} PYTHONPATH=/home/agilex/autoware.ai/install/autoware_msgs/lib/python2.7/dist-packages:${PYTHONPATH} ROS_PACKAGE_PATH=/home/agilex/autoware.ai/install/autoware_msgs/share:/home/agilex/autoware.ai/install/autoware_build_flags/share:${ROS_PACKAGE_PATH} /usr/bin/cmake /home/agilex/autoware.ai/src/autoware/core_perception/vision_beyond_track -DCMAKE_BUILD_TYPE=Release -DCATKIN_INSTALL_INTO_PREFIX_ROOT=0 -DCMAKE_INSTALL_PREFIX=/home/agilex/autoware.ai/install/vision_beyond_track
[1.966s] Invoking command in '/home/agilex/autoware.ai/build/vision_beyond_track': CMAKE_PREFIX_PATH=/home/agilex/autoware.ai/install/autoware_msgs:/home/agilex/autoware.ai/install/autoware_build_flags:${CMAKE_PREFIX_PATH} PKG_CONFIG_PATH=/home/agilex/autoware.ai/install/autoware_msgs/lib/x86_64-linux-gnu/pkgconfig:/home/agilex/autoware.ai/install/autoware_msgs/lib/pkgconfig:/home/agilex/autoware.ai/install/autoware_build_flags/lib/x86_64-linux-gnu/pkgconfig:/home/agilex/autoware.ai/install/autoware_build_flags/lib/pkgconfig:${PKG_CONFIG_PATH} PYTHONPATH=/home/agilex/autoware.ai/install/autoware_msgs/lib/python2.7/dist-packages:${PYTHONPATH} ROS_PACKAGE_PATH=/home/agilex/autoware.ai/install/autoware_msgs/share:/home/agilex/autoware.ai/install/autoware_build_flags/share:${ROS_PACKAGE_PATH} /usr/bin/cmake --build /home/agilex/autoware.ai/build/vision_beyond_track -- -j8 -l8
[2.005s] [35m[1mScanning dependencies of target autoware_msgs_generate_messages_cpp[0m
[2.018s] [  0%] Built target autoware_msgs_generate_messages_cpp
[2.027s] [35m[1mScanning dependencies of target jsk_recognition_msgs_generate_messages_py[0m
[2.035s] [  0%] Built target jsk_recognition_msgs_generate_messages_py
[2.045s] [35m[1mScanning dependencies of target pcl_msgs_generate_messages_eus[0m
[2.053s] [  0%] Built target pcl_msgs_generate_messages_eus
[2.061s] [35m[1mScanning dependencies of target rosgraph_msgs_generate_messages_eus[0m
[2.072s] [  0%] Built target rosgraph_msgs_generate_messages_eus
[2.083s] [35m[1mScanning dependencies of target jsk_recognition_msgs_generate_messages_lisp[0m
[2.094s] [  0%] Built target jsk_recognition_msgs_generate_messages_lisp
[2.107s] [35m[1mScanning dependencies of target jsk_recognition_msgs_generate_messages_eus[0m
[2.117s] [  0%] Built target jsk_recognition_msgs_generate_messages_eus
[2.125s] [35m[1mScanning dependencies of target tf2_msgs_generate_messages_cpp[0m
[2.135s] [  0%] Built target tf2_msgs_generate_messages_cpp
[2.143s] [35m[1mScanning dependencies of target sensor_msgs_generate_messages_py[0m
[2.152s] [  0%] Built target sensor_msgs_generate_messages_py
[2.160s] [35m[1mScanning dependencies of target tf_generate_messages_py[0m
[2.171s] [  0%] Built target tf_generate_messages_py
[2.180s] [35m[1mScanning dependencies of target sensor_msgs_generate_messages_nodejs[0m
[2.194s] [  0%] Built target sensor_msgs_generate_messages_nodejs
[2.203s] [35m[1mScanning dependencies of target roscpp_generate_messages_cpp[0m
[2.212s] [  0%] Built target roscpp_generate_messages_cpp
[2.220s] [35m[1mScanning dependencies of target actionlib_generate_messages_cpp[0m
[2.230s] [  0%] Built target actionlib_generate_messages_cpp
[2.239s] [35m[1mScanning dependencies of target autoware_msgs_generate_messages_lisp[0m
[2.250s] [  0%] Built target autoware_msgs_generate_messages_lisp
[2.261s] [35m[1mScanning dependencies of target jsk_footstep_msgs_generate_messages_py[0m
[2.270s] [  0%] Built target jsk_footstep_msgs_generate_messages_py
[2.281s] [35m[1mScanning dependencies of target std_msgs_generate_messages_cpp[0m
[2.297s] [  0%] Built target std_msgs_generate_messages_cpp
[2.310s] [35m[1mScanning dependencies of target geometry_msgs_generate_messages_lisp[0m
[2.333s] [  0%] Built target geometry_msgs_generate_messages_lisp
[2.342s] [35m[1mScanning dependencies of target autoware_msgs_generate_messages_py[0m
[2.349s] [  0%] Built target autoware_msgs_generate_messages_py
[2.360s] [35m[1mScanning dependencies of target std_msgs_generate_messages_py[0m
[2.370s] [  0%] Built target std_msgs_generate_messages_py
[2.379s] [35m[1mScanning dependencies of target rosgraph_msgs_generate_messages_cpp[0m
[2.391s] [  0%] Built target rosgraph_msgs_generate_messages_cpp
[2.403s] [35m[1mScanning dependencies of target pcl_msgs_generate_messages_cpp[0m
[2.411s] [  0%] Built target pcl_msgs_generate_messages_cpp
[2.420s] [35m[1mScanning dependencies of target jsk_recognition_msgs_generate_messages_cpp[0m
[2.429s] [  0%] Built target jsk_recognition_msgs_generate_messages_cpp
[2.438s] [35m[1mScanning dependencies of target sensor_msgs_generate_messages_lisp[0m
[2.450s] [  0%] Built target sensor_msgs_generate_messages_lisp
[2.459s] [35m[1mScanning dependencies of target autoware_msgs_generate_messages_eus[0m
[2.478s] [  0%] Built target autoware_msgs_generate_messages_eus
[2.486s] [35m[1mScanning dependencies of target autoware_msgs_generate_messages_nodejs[0m
[2.494s] [  0%] Built target autoware_msgs_generate_messages_nodejs
[2.504s] [35m[1mScanning dependencies of target geometry_msgs_generate_messages_eus[0m
[2.517s] [  0%] Built target geometry_msgs_generate_messages_eus
[2.532s] [35m[1mScanning dependencies of target std_msgs_generate_messages_nodejs[0m
[2.541s] [  0%] Built target std_msgs_generate_messages_nodejs
[2.550s] [35m[1mScanning dependencies of target sensor_msgs_generate_messages_eus[0m
[2.559s] [  0%] Built target sensor_msgs_generate_messages_eus
[2.567s] [35m[1mScanning dependencies of target roscpp_generate_messages_nodejs[0m
[2.576s] [  0%] Built target roscpp_generate_messages_nodejs
[2.586s] [35m[1mScanning dependencies of target std_msgs_generate_messages_lisp[0m
[2.595s] [  0%] Built target std_msgs_generate_messages_lisp
[2.604s] [35m[1mScanning dependencies of target sensor_msgs_generate_messages_cpp[0m
[2.614s] [  0%] Built target sensor_msgs_generate_messages_cpp
[2.623s] [35m[1mScanning dependencies of target actionlib_msgs_generate_messages_lisp[0m
[2.632s] [  0%] Built target actionlib_msgs_generate_messages_lisp
[2.641s] [35m[1mScanning dependencies of target geometry_msgs_generate_messages_nodejs[0m
[2.653s] [  0%] Built target geometry_msgs_generate_messages_nodejs
[2.663s] [35m[1mScanning dependencies of target jsk_recognition_msgs_generate_messages_nodejs[0m
[2.672s] [  0%] Built target jsk_recognition_msgs_generate_messages_nodejs
[2.683s] [35m[1mScanning dependencies of target roscpp_generate_messages_lisp[0m
[2.695s] [  0%] Built target roscpp_generate_messages_lisp
[2.706s] [35m[1mScanning dependencies of target roscpp_generate_messages_py[0m
[2.716s] [  0%] Built target roscpp_generate_messages_py
[2.725s] [35m[1mScanning dependencies of target rosgraph_msgs_generate_messages_lisp[0m
[2.736s] [  0%] Built target rosgraph_msgs_generate_messages_lisp
[2.746s] [35m[1mScanning dependencies of target rosgraph_msgs_generate_messages_nodejs[0m
[2.755s] [  0%] Built target rosgraph_msgs_generate_messages_nodejs
[2.767s] [35m[1mScanning dependencies of target actionlib_msgs_generate_messages_eus[0m
[2.778s] [  0%] Built target actionlib_msgs_generate_messages_eus
[2.786s] [35m[1mScanning dependencies of target roscpp_generate_messages_eus[0m
[2.796s] [  0%] Built target roscpp_generate_messages_eus
[2.805s] [35m[1mScanning dependencies of target rosgraph_msgs_generate_messages_py[0m
[2.816s] [  0%] Built target rosgraph_msgs_generate_messages_py
[2.824s] [35m[1mScanning dependencies of target jsk_footstep_msgs_generate_messages_cpp[0m
[2.833s] [  0%] Built target jsk_footstep_msgs_generate_messages_cpp
[2.844s] [35m[1mScanning dependencies of target actionlib_msgs_generate_messages_cpp[0m
[2.852s] [  0%] Built target actionlib_msgs_generate_messages_cpp
[2.865s] [35m[1mScanning dependencies of target tf_generate_messages_eus[0m
[2.874s] [  0%] Built target tf_generate_messages_eus
[2.883s] [35m[1mScanning dependencies of target tf_generate_messages_lisp[0m
[2.892s] [  0%] Built target tf_generate_messages_lisp
[2.901s] [35m[1mScanning dependencies of target tf_generate_messages_nodejs[0m
[2.915s] [  0%] Built target tf_generate_messages_nodejs
[2.923s] [35m[1mScanning dependencies of target pcl_msgs_generate_messages_py[0m
[2.932s] [  0%] Built target pcl_msgs_generate_messages_py
[2.946s] [35m[1mScanning dependencies of target actionlib_generate_messages_eus[0m
[2.965s] [  0%] Built target actionlib_generate_messages_eus
[2.977s] [35m[1mScanning dependencies of target geometry_msgs_generate_messages_cpp[0m
[2.986s] [  0%] Built target geometry_msgs_generate_messages_cpp
[2.996s] [35m[1mScanning dependencies of target actionlib_generate_messages_lisp[0m
[3.009s] [  0%] Built target actionlib_generate_messages_lisp
[3.035s] [35m[1mScanning dependencies of target pcl_msgs_generate_messages_lisp[0m
[3.045s] [  0%] Built target pcl_msgs_generate_messages_lisp
[3.061s] [35m[1mScanning dependencies of target tf_generate_messages_cpp[0m
[3.081s] [  0%] Built target tf_generate_messages_cpp
[3.095s] [35m[1mScanning dependencies of target actionlib_generate_messages_nodejs[0m
[3.104s] [  0%] Built target actionlib_generate_messages_nodejs
[3.113s] [35m[1mScanning dependencies of target tf2_msgs_generate_messages_eus[0m
[3.122s] [  0%] Built target tf2_msgs_generate_messages_eus
[3.132s] [35m[1mScanning dependencies of target tf2_msgs_generate_messages_lisp[0m
[3.141s] [  0%] Built target tf2_msgs_generate_messages_lisp
[3.149s] [35m[1mScanning dependencies of target actionlib_generate_messages_py[0m
[3.158s] [  0%] Built target actionlib_generate_messages_py
[3.167s] [35m[1mScanning dependencies of target tf2_msgs_generate_messages_py[0m
[3.176s] [  0%] Built target tf2_msgs_generate_messages_py
[3.184s] [35m[1mScanning dependencies of target tf2_msgs_generate_messages_nodejs[0m
[3.195s] [  0%] Built target tf2_msgs_generate_messages_nodejs
[3.202s] [35m[1mScanning dependencies of target actionlib_msgs_generate_messages_nodejs[0m
[3.211s] [  0%] Built target actionlib_msgs_generate_messages_nodejs
[3.222s] [35m[1mScanning dependencies of target beyond_track_lib[0m
[3.233s] [ 16%] [32mBuilding CXX object CMakeFiles/beyond_track_lib.dir/lib/hungarian.cpp.o[0m
[3.619s] [ 33%] [32mBuilding CXX object CMakeFiles/beyond_track_lib.dir/lib/clipper.cpp.o[0m
[5.986s] [ 50%] [32m[1mLinking CXX static library devel/lib/libbeyond_track_lib.a[0m
[6.016s] [ 50%] Built target beyond_track_lib
[6.024s] [35m[1mScanning dependencies of target std_msgs_generate_messages_eus[0m
[6.035s] [ 50%] Built target std_msgs_generate_messages_eus
[6.045s] [35m[1mScanning dependencies of target pcl_msgs_generate_messages_nodejs[0m
[6.054s] [ 50%] Built target pcl_msgs_generate_messages_nodejs
[6.069s] [35m[1mScanning dependencies of target geometry_msgs_generate_messages_py[0m
[6.082s] [ 50%] Built target geometry_msgs_generate_messages_py
[6.107s] [35m[1mScanning dependencies of target actionlib_msgs_generate_messages_py[0m
[6.147s] [ 50%] Built target actionlib_msgs_generate_messages_py
[6.158s] [35m[1mScanning dependencies of target jsk_footstep_msgs_generate_messages_eus[0m
[6.177s] [ 50%] Built target jsk_footstep_msgs_generate_messages_eus
[6.187s] [35m[1mScanning dependencies of target jsk_footstep_msgs_generate_messages_lisp[0m
[6.197s] [ 50%] Built target jsk_footstep_msgs_generate_messages_lisp
[6.213s] [35m[1mScanning dependencies of target jsk_footstep_msgs_generate_messages_nodejs[0m
[6.229s] [ 50%] Built target jsk_footstep_msgs_generate_messages_nodejs
[6.231s] [35m[1mScanning dependencies of target vision_beyond_track[0m
[6.259s] [ 66%] [32mBuilding CXX object CMakeFiles/vision_beyond_track.dir/src/vision_beyond_track_node.cpp.o[0m
[9.867s] [ 83%] [32mBuilding CXX object CMakeFiles/vision_beyond_track.dir/src/vision_beyond_track.cpp.o[0m
[16.106s] [100%] [32m[1mLinking CXX executable devel/lib/vision_beyond_track/vision_beyond_track[0m
[16.279s] [100%] Built target vision_beyond_track
[16.290s] Invoked command in '/home/agilex/autoware.ai/build/vision_beyond_track' returned '0': CMAKE_PREFIX_PATH=/home/agilex/autoware.ai/install/autoware_msgs:/home/agilex/autoware.ai/install/autoware_build_flags:${CMAKE_PREFIX_PATH} PKG_CONFIG_PATH=/home/agilex/autoware.ai/install/autoware_msgs/lib/x86_64-linux-gnu/pkgconfig:/home/agilex/autoware.ai/install/autoware_msgs/lib/pkgconfig:/home/agilex/autoware.ai/install/autoware_build_flags/lib/x86_64-linux-gnu/pkgconfig:/home/agilex/autoware.ai/install/autoware_build_flags/lib/pkgconfig:${PKG_CONFIG_PATH} PYTHONPATH=/home/agilex/autoware.ai/install/autoware_msgs/lib/python2.7/dist-packages:${PYTHONPATH} ROS_PACKAGE_PATH=/home/agilex/autoware.ai/install/autoware_msgs/share:/home/agilex/autoware.ai/install/autoware_build_flags/share:${ROS_PACKAGE_PATH} /usr/bin/cmake --build /home/agilex/autoware.ai/build/vision_beyond_track -- -j8 -l8
[16.366s] Invoking command in '/home/agilex/autoware.ai/build/vision_beyond_track': CMAKE_PREFIX_PATH=/home/agilex/autoware.ai/install/autoware_msgs:/home/agilex/autoware.ai/install/autoware_build_flags:${CMAKE_PREFIX_PATH} PKG_CONFIG_PATH=/home/agilex/autoware.ai/install/autoware_msgs/lib/x86_64-linux-gnu/pkgconfig:/home/agilex/autoware.ai/install/autoware_msgs/lib/pkgconfig:/home/agilex/autoware.ai/install/autoware_build_flags/lib/x86_64-linux-gnu/pkgconfig:/home/agilex/autoware.ai/install/autoware_build_flags/lib/pkgconfig:${PKG_CONFIG_PATH} PYTHONPATH=/home/agilex/autoware.ai/install/autoware_msgs/lib/python2.7/dist-packages:${PYTHONPATH} ROS_PACKAGE_PATH=/home/agilex/autoware.ai/install/autoware_msgs/share:/home/agilex/autoware.ai/install/autoware_build_flags/share:${ROS_PACKAGE_PATH} /usr/bin/cmake --build /home/agilex/autoware.ai/build/vision_beyond_track --target tests -- -j8 -l8
[16.421s] [35m[1mScanning dependencies of target tests[0m
[16.430s] Built target tests
[16.442s] Invoked command in '/home/agilex/autoware.ai/build/vision_beyond_track' returned '0': CMAKE_PREFIX_PATH=/home/agilex/autoware.ai/install/autoware_msgs:/home/agilex/autoware.ai/install/autoware_build_flags:${CMAKE_PREFIX_PATH} PKG_CONFIG_PATH=/home/agilex/autoware.ai/install/autoware_msgs/lib/x86_64-linux-gnu/pkgconfig:/home/agilex/autoware.ai/install/autoware_msgs/lib/pkgconfig:/home/agilex/autoware.ai/install/autoware_build_flags/lib/x86_64-linux-gnu/pkgconfig:/home/agilex/autoware.ai/install/autoware_build_flags/lib/pkgconfig:${PKG_CONFIG_PATH} PYTHONPATH=/home/agilex/autoware.ai/install/autoware_msgs/lib/python2.7/dist-packages:${PYTHONPATH} ROS_PACKAGE_PATH=/home/agilex/autoware.ai/install/autoware_msgs/share:/home/agilex/autoware.ai/install/autoware_build_flags/share:${ROS_PACKAGE_PATH} /usr/bin/cmake --build /home/agilex/autoware.ai/build/vision_beyond_track --target tests -- -j8 -l8
[16.540s] Invoking command in '/home/agilex/autoware.ai/build/vision_beyond_track': CMAKE_PREFIX_PATH=/home/agilex/autoware.ai/install/autoware_msgs:/home/agilex/autoware.ai/install/autoware_build_flags:${CMAKE_PREFIX_PATH} PKG_CONFIG_PATH=/home/agilex/autoware.ai/install/autoware_msgs/lib/x86_64-linux-gnu/pkgconfig:/home/agilex/autoware.ai/install/autoware_msgs/lib/pkgconfig:/home/agilex/autoware.ai/install/autoware_build_flags/lib/x86_64-linux-gnu/pkgconfig:/home/agilex/autoware.ai/install/autoware_build_flags/lib/pkgconfig:${PKG_CONFIG_PATH} PYTHONPATH=/home/agilex/autoware.ai/install/autoware_msgs/lib/python2.7/dist-packages:${PYTHONPATH} ROS_PACKAGE_PATH=/home/agilex/autoware.ai/install/autoware_msgs/share:/home/agilex/autoware.ai/install/autoware_build_flags/share:${ROS_PACKAGE_PATH} /usr/bin/cmake --build /home/agilex/autoware.ai/build/vision_beyond_track --target install -- -j8 -l8
[16.591s] [  0%] Built target autoware_msgs_generate_messages_cpp
[16.609s] [  0%] Built target jsk_recognition_msgs_generate_messages_py
[16.631s] [  0%] Built target pcl_msgs_generate_messages_eus
[16.659s] [  0%] Built target rosgraph_msgs_generate_messages_eus
[16.678s] [  0%] Built target jsk_recognition_msgs_generate_messages_lisp
[16.700s] [  0%] Built target jsk_recognition_msgs_generate_messages_eus
[16.722s] [  0%] Built target tf2_msgs_generate_messages_cpp
[16.745s] [  0%] Built target sensor_msgs_generate_messages_py
[16.763s] [  0%] Built target tf_generate_messages_py
[16.783s] [  0%] Built target sensor_msgs_generate_messages_nodejs
[16.803s] [  0%] Built target roscpp_generate_messages_cpp
[16.822s] [  0%] Built target actionlib_generate_messages_cpp
[16.842s] [  0%] Built target autoware_msgs_generate_messages_lisp
[16.862s] [  0%] Built target jsk_footstep_msgs_generate_messages_py
[16.885s] [  0%] Built target std_msgs_generate_messages_cpp
[16.903s] [  0%] Built target geometry_msgs_generate_messages_lisp
[16.922s] [  0%] Built target autoware_msgs_generate_messages_py
[16.940s] [  0%] Built target std_msgs_generate_messages_py
[16.957s] [  0%] Built target rosgraph_msgs_generate_messages_cpp
[16.981s] [  0%] Built target pcl_msgs_generate_messages_cpp
[16.992s] [  0%] Built target jsk_recognition_msgs_generate_messages_cpp
[17.011s] [  0%] Built target sensor_msgs_generate_messages_lisp
[17.031s] [  0%] Built target autoware_msgs_generate_messages_eus
[17.048s] [  0%] Built target autoware_msgs_generate_messages_nodejs
[17.065s] [  0%] Built target geometry_msgs_generate_messages_eus
[17.083s] [  0%] Built target std_msgs_generate_messages_nodejs
[17.101s] [  0%] Built target sensor_msgs_generate_messages_eus
[17.119s] [  0%] Built target roscpp_generate_messages_nodejs
[17.136s] [  0%] Built target std_msgs_generate_messages_lisp
[17.153s] [  0%] Built target sensor_msgs_generate_messages_cpp
[17.175s] [  0%] Built target actionlib_msgs_generate_messages_lisp
[17.195s] [  0%] Built target geometry_msgs_generate_messages_nodejs
[17.214s] [  0%] Built target jsk_recognition_msgs_generate_messages_nodejs
[17.235s] [  0%] Built target roscpp_generate_messages_lisp
[17.253s] [  0%] Built target roscpp_generate_messages_py
[17.270s] [  0%] Built target rosgraph_msgs_generate_messages_lisp
[17.289s] [  0%] Built target rosgraph_msgs_generate_messages_nodejs
[17.310s] [  0%] Built target actionlib_msgs_generate_messages_eus
[17.329s] [  0%] Built target roscpp_generate_messages_eus
[17.346s] [  0%] Built target rosgraph_msgs_generate_messages_py
[17.370s] [  0%] Built target jsk_footstep_msgs_generate_messages_cpp
[17.393s] [  0%] Built target actionlib_msgs_generate_messages_cpp
[17.411s] [  0%] Built target tf_generate_messages_eus
[17.432s] [  0%] Built target tf_generate_messages_lisp
[17.449s] [  0%] Built target tf_generate_messages_nodejs
[17.468s] [  0%] Built target pcl_msgs_generate_messages_py
[17.486s] [  0%] Built target actionlib_generate_messages_eus
[17.507s] [  0%] Built target geometry_msgs_generate_messages_cpp
[17.524s] [  0%] Built target actionlib_generate_messages_lisp
[17.544s] [  0%] Built target pcl_msgs_generate_messages_lisp
[17.567s] [  0%] Built target tf_generate_messages_cpp
[17.596s] [  0%] Built target actionlib_generate_messages_nodejs
[17.624s] [  0%] Built target tf2_msgs_generate_messages_eus
[17.652s] [  0%] Built target tf2_msgs_generate_messages_lisp
[17.678s] [  0%] Built target actionlib_generate_messages_py
[17.717s] [  0%] Built target tf2_msgs_generate_messages_py
[17.749s] [  0%] Built target tf2_msgs_generate_messages_nodejs
[17.784s] [  0%] Built target actionlib_msgs_generate_messages_nodejs
[17.805s] [ 50%] Built target beyond_track_lib
[17.829s] [ 50%] Built target std_msgs_generate_messages_eus
[17.869s] [ 50%] Built target pcl_msgs_generate_messages_nodejs
[17.892s] [ 50%] Built target geometry_msgs_generate_messages_py
[17.920s] [ 50%] Built target actionlib_msgs_generate_messages_py
[17.954s] [ 50%] Built target jsk_footstep_msgs_generate_messages_eus
[17.980s] [ 50%] Built target jsk_footstep_msgs_generate_messages_lisp
[18.003s] [ 50%] Built target jsk_footstep_msgs_generate_messages_nodejs
[18.043s] [100%] Built target vision_beyond_track
[18.061s] [36mInstall the project...[0m
[18.068s] -- Install configuration: "Release"
[18.068s] -- Installing: /home/agilex/autoware.ai/install/vision_beyond_track/lib/pkgconfig/vision_beyond_track.pc
[18.068s] -- Installing: /home/agilex/autoware.ai/install/vision_beyond_track/share/vision_beyond_track/cmake/vision_beyond_trackConfig.cmake
[18.069s] -- Installing: /home/agilex/autoware.ai/install/vision_beyond_track/share/vision_beyond_track/cmake/vision_beyond_trackConfig-version.cmake
[18.069s] -- Installing: /home/agilex/autoware.ai/install/vision_beyond_track/share/vision_beyond_track/package.xml
[18.069s] -- Installing: /home/agilex/autoware.ai/install/vision_beyond_track/lib/libbeyond_track_lib.a
[18.069s] -- Installing: /home/agilex/autoware.ai/install/vision_beyond_track/lib/vision_beyond_track/vision_beyond_track
[18.070s] -- Set runtime path of "/home/agilex/autoware.ai/install/vision_beyond_track/lib/vision_beyond_track/vision_beyond_track" to ""
[18.070s] -- Installing: /home/agilex/autoware.ai/install/vision_beyond_track/share/vision_beyond_track/launch
[18.070s] -- Installing: /home/agilex/autoware.ai/install/vision_beyond_track/share/vision_beyond_track/launch/vision_beyond_track.launch
[18.076s] Invoked command in '/home/agilex/autoware.ai/build/vision_beyond_track' returned '0': CMAKE_PREFIX_PATH=/home/agilex/autoware.ai/install/autoware_msgs:/home/agilex/autoware.ai/install/autoware_build_flags:${CMAKE_PREFIX_PATH} PKG_CONFIG_PATH=/home/agilex/autoware.ai/install/autoware_msgs/lib/x86_64-linux-gnu/pkgconfig:/home/agilex/autoware.ai/install/autoware_msgs/lib/pkgconfig:/home/agilex/autoware.ai/install/autoware_build_flags/lib/x86_64-linux-gnu/pkgconfig:/home/agilex/autoware.ai/install/autoware_build_flags/lib/pkgconfig:${PKG_CONFIG_PATH} PYTHONPATH=/home/agilex/autoware.ai/install/autoware_msgs/lib/python2.7/dist-packages:${PYTHONPATH} ROS_PACKAGE_PATH=/home/agilex/autoware.ai/install/autoware_msgs/share:/home/agilex/autoware.ai/install/autoware_build_flags/share:${ROS_PACKAGE_PATH} /usr/bin/cmake --build /home/agilex/autoware.ai/build/vision_beyond_track --target install -- -j8 -l8
