[0.044s] Invoking command in '/home/agilex/autoware.ai/build/glviewer': CMAKE_PREFIX_PATH=/home/agilex/autoware.ai/install/autoware_build_flags:${CMAKE_PREFIX_PATH} PKG_CONFIG_PATH=/home/agilex/autoware.ai/install/autoware_build_flags/lib/x86_64-linux-gnu/pkgconfig:/home/agilex/autoware.ai/install/autoware_build_flags/lib/pkgconfig:${PKG_CONFIG_PATH} ROS_PACKAGE_PATH=/home/agilex/autoware.ai/install/autoware_build_flags/share:${ROS_PACKAGE_PATH} /usr/bin/cmake --build /home/agilex/autoware.ai/build/glviewer -- -j8 -l8
[0.089s] [ 16%] [34m[1mAutomatic MOC for target glviewer[0m
[0.127s] [ 16%] Built target glviewer_autogen
[0.193s] [100%] Built target glviewer
[0.208s] Invoked command in '/home/agilex/autoware.ai/build/glviewer' returned '0': CMAKE_PREFIX_PATH=/home/agilex/autoware.ai/install/autoware_build_flags:${CMAKE_PREFIX_PATH} PKG_CONFIG_PATH=/home/agilex/autoware.ai/install/autoware_build_flags/lib/x86_64-linux-gnu/pkgconfig:/home/agilex/autoware.ai/install/autoware_build_flags/lib/pkgconfig:${PKG_CONFIG_PATH} ROS_PACKAGE_PATH=/home/agilex/autoware.ai/install/autoware_build_flags/share:${ROS_PACKAGE_PATH} /usr/bin/cmake --build /home/agilex/autoware.ai/build/glviewer -- -j8 -l8
[0.373s] Invoking command in '/home/agilex/autoware.ai/build/glviewer': CMAKE_PREFIX_PATH=/home/agilex/autoware.ai/install/autoware_build_flags:${CMAKE_PREFIX_PATH} PKG_CONFIG_PATH=/home/agilex/autoware.ai/install/autoware_build_flags/lib/x86_64-linux-gnu/pkgconfig:/home/agilex/autoware.ai/install/autoware_build_flags/lib/pkgconfig:${PKG_CONFIG_PATH} ROS_PACKAGE_PATH=/home/agilex/autoware.ai/install/autoware_build_flags/share:${ROS_PACKAGE_PATH} /usr/bin/cmake --build /home/agilex/autoware.ai/build/glviewer --target tests -- -j8 -l8
[0.494s] Built target tests
[0.507s] Invoked command in '/home/agilex/autoware.ai/build/glviewer' returned '0': CMAKE_PREFIX_PATH=/home/agilex/autoware.ai/install/autoware_build_flags:${CMAKE_PREFIX_PATH} PKG_CONFIG_PATH=/home/agilex/autoware.ai/install/autoware_build_flags/lib/x86_64-linux-gnu/pkgconfig:/home/agilex/autoware.ai/install/autoware_build_flags/lib/pkgconfig:${PKG_CONFIG_PATH} ROS_PACKAGE_PATH=/home/agilex/autoware.ai/install/autoware_build_flags/share:${ROS_PACKAGE_PATH} /usr/bin/cmake --build /home/agilex/autoware.ai/build/glviewer --target tests -- -j8 -l8
[0.647s] Invoking command in '/home/agilex/autoware.ai/build/glviewer': CMAKE_PREFIX_PATH=/home/agilex/autoware.ai/install/autoware_build_flags:${CMAKE_PREFIX_PATH} PKG_CONFIG_PATH=/home/agilex/autoware.ai/install/autoware_build_flags/lib/x86_64-linux-gnu/pkgconfig:/home/agilex/autoware.ai/install/autoware_build_flags/lib/pkgconfig:${PKG_CONFIG_PATH} ROS_PACKAGE_PATH=/home/agilex/autoware.ai/install/autoware_build_flags/share:${ROS_PACKAGE_PATH} /usr/bin/cmake --build /home/agilex/autoware.ai/build/glviewer --target install -- -j8 -l8
[0.747s] [ 16%] [34m[1mAutomatic MOC for target glviewer[0m
[0.775s] [ 16%] Built target glviewer_autogen
[0.858s] [100%] Built target glviewer
[0.889s] [36mInstall the project...[0m
[0.904s] -- Install configuration: "Release"
[0.904s] -- Up-to-date: /home/agilex/autoware.ai/install/glviewer/lib/pkgconfig/glviewer.pc
[0.904s] -- Up-to-date: /home/agilex/autoware.ai/install/glviewer/share/glviewer/cmake/glviewerConfig.cmake
[0.905s] -- Up-to-date: /home/agilex/autoware.ai/install/glviewer/share/glviewer/cmake/glviewerConfig-version.cmake
[0.905s] -- Up-to-date: /home/agilex/autoware.ai/install/glviewer/share/glviewer/package.xml
[0.905s] -- Up-to-date: /home/agilex/autoware.ai/install/glviewer/include/glviewer
[0.905s] -- Up-to-date: /home/agilex/autoware.ai/install/glviewer/include/glviewer/glviewer.h
[0.906s] -- Up-to-date: /home/agilex/autoware.ai/install/glviewer/lib/libglviewer.so
[0.915s] Invoked command in '/home/agilex/autoware.ai/build/glviewer' returned '0': CMAKE_PREFIX_PATH=/home/agilex/autoware.ai/install/autoware_build_flags:${CMAKE_PREFIX_PATH} PKG_CONFIG_PATH=/home/agilex/autoware.ai/install/autoware_build_flags/lib/x86_64-linux-gnu/pkgconfig:/home/agilex/autoware.ai/install/autoware_build_flags/lib/pkgconfig:${PKG_CONFIG_PATH} ROS_PACKAGE_PATH=/home/agilex/autoware.ai/install/autoware_build_flags/share:${ROS_PACKAGE_PATH} /usr/bin/cmake --build /home/agilex/autoware.ai/build/glviewer --target install -- -j8 -l8
