[0.059s] Invoking command in '/home/agilex/autoware.ai/build/lidar_kf_contour_track': CMAKE_PREFIX_PATH=/home/agilex/autoware.ai/install/op_ros_helpers:/home/agilex/autoware.ai/install/op_simu:/home/agilex/autoware.ai/install/op_planner:/home/agilex/autoware.ai/install/op_utility:/home/agilex/autoware.ai/install/waypoint_follower:/home/agilex/autoware.ai/install/vector_map_server:/home/agilex/autoware.ai/install/map_file:/home/agilex/autoware.ai/install/vector_map:/home/agilex/autoware.ai/install/autoware_health_checker:/home/agilex/autoware.ai/install/amathutils_lib:/home/agilex/autoware.ai/install/vector_map_msgs:/home/agilex/autoware.ai/install/tablet_socket_msgs:/home/agilex/autoware.ai/install/autoware_system_msgs:/home/agilex/autoware.ai/install/autoware_msgs:/home/agilex/autoware.ai/install/autoware_config_msgs:/home/agilex/autoware.ai/install/autoware_build_flags:${CMAKE_PREFIX_PATH} LD_LIBRARY_PATH=/home/agilex/autoware.ai/install/op_ros_helpers/lib:/home/agilex/autoware.ai/install/op_simu/lib:/home/agilex/autoware.ai/install/op_planner/lib:/home/agilex/autoware.ai/install/op_utility/lib:/home/agilex/autoware.ai/install/waypoint_follower/lib:/home/agilex/autoware.ai/install/map_file/lib:/home/agilex/autoware.ai/install/vector_map/lib:/home/agilex/autoware.ai/install/autoware_health_checker/lib:/home/agilex/autoware.ai/install/amathutils_lib/lib:${LD_LIBRARY_PATH} PKG_CONFIG_PATH=/home/agilex/autoware.ai/install/op_ros_helpers/lib/x86_64-linux-gnu/pkgconfig:/home/agilex/autoware.ai/install/op_ros_helpers/lib/pkgconfig:/home/agilex/autoware.ai/install/op_simu/lib/x86_64-linux-gnu/pkgconfig:/home/agilex/autoware.ai/install/op_simu/lib/pkgconfig:/home/agilex/autoware.ai/install/op_planner/lib/x86_64-linux-gnu/pkgconfig:/home/agilex/autoware.ai/install/op_planner/lib/pkgconfig:/home/agilex/autoware.ai/install/op_utility/lib/x86_64-linux-gnu/pkgconfig:/home/agilex/autoware.ai/install/op_utility/lib/pkgconfig:/home/agilex/autoware.ai/install/waypoint_follower/lib/x86_64-linux-gnu/pkgconfig:/home/agilex/autoware.ai/install/waypoint_follower/lib/pkgconfig:/home/agilex/autoware.ai/install/vector_map_server/lib/x86_64-linux-gnu/pkgconfig:/home/agilex/autoware.ai/install/vector_map_server/lib/pkgconfig:/home/agilex/autoware.ai/install/map_file/lib/x86_64-linux-gnu/pkgconfig:/home/agilex/autoware.ai/install/map_file/lib/pkgconfig:/home/agilex/autoware.ai/install/vector_map/lib/x86_64-linux-gnu/pkgconfig:/home/agilex/autoware.ai/install/vector_map/lib/pkgconfig:/home/agilex/autoware.ai/install/autoware_health_checker/lib/x86_64-linux-gnu/pkgconfig:/home/agilex/autoware.ai/install/autoware_health_checker/lib/pkgconfig:/home/agilex/autoware.ai/install/amathutils_lib/lib/x86_64-linux-gnu/pkgconfig:/home/agilex/autoware.ai/install/amathutils_lib/lib/pkgconfig:/home/agilex/autoware.ai/install/vector_map_msgs/lib/x86_64-linux-gnu/pkgconfig:/home/agilex/autoware.ai/install/vector_map_msgs/lib/pkgconfig:/home/agilex/autoware.ai/install/tablet_socket_msgs/lib/x86_64-linux-gnu/pkgconfig:/home/agilex/autoware.ai/install/tablet_socket_msgs/lib/pkgconfig:/home/agilex/autoware.ai/install/autoware_system_msgs/lib/x86_64-linux-gnu/pkgconfig:/home/agilex/autoware.ai/install/autoware_system_msgs/lib/pkgconfig:/home/agilex/autoware.ai/install/autoware_msgs/lib/x86_64-linux-gnu/pkgconfig:/home/agilex/autoware.ai/install/autoware_msgs/lib/pkgconfig:/home/agilex/autoware.ai/install/autoware_config_msgs/lib/x86_64-linux-gnu/pkgconfig:/home/agilex/autoware.ai/install/autoware_config_msgs/lib/pkgconfig:/home/agilex/autoware.ai/install/autoware_build_flags/lib/x86_64-linux-gnu/pkgconfig:/home/agilex/autoware.ai/install/autoware_build_flags/lib/pkgconfig:${PKG_CONFIG_PATH} PYTHONPATH=/home/agilex/autoware.ai/install/vector_map_server/lib/python2.7/dist-packages:/home/agilex/autoware.ai/install/vector_map_msgs/lib/python2.7/dist-packages:/home/agilex/autoware.ai/install/tablet_socket_msgs/lib/python2.7/dist-packages:/home/agilex/autoware.ai/install/autoware_system_msgs/lib/python2.7/dist-packages:/home/agilex/autoware.ai/install/autoware_msgs/lib/python2.7/dist-packages:/home/agilex/autoware.ai/install/autoware_config_msgs/lib/python2.7/dist-packages:${PYTHONPATH} ROS_PACKAGE_PATH=/home/agilex/autoware.ai/install/op_ros_helpers/share:/home/agilex/autoware.ai/install/op_simu/share:/home/agilex/autoware.ai/install/op_planner/share:/home/agilex/autoware.ai/install/op_utility/share:/home/agilex/autoware.ai/install/waypoint_follower/share:/home/agilex/autoware.ai/install/vector_map_server/share:/home/agilex/autoware.ai/install/map_file/share:/home/agilex/autoware.ai/install/vector_map/share:/home/agilex/autoware.ai/install/autoware_health_checker/share:/home/agilex/autoware.ai/install/amathutils_lib/share:/home/agilex/autoware.ai/install/vector_map_msgs/share:/home/agilex/autoware.ai/install/tablet_socket_msgs/share:/home/agilex/autoware.ai/install/autoware_system_msgs/share:/home/agilex/autoware.ai/install/autoware_msgs/share:/home/agilex/autoware.ai/install/autoware_config_msgs/share:/home/agilex/autoware.ai/install/autoware_build_flags/share:${ROS_PACKAGE_PATH} /usr/bin/cmake --build /home/agilex/autoware.ai/build/lidar_kf_contour_track -- -j8 -l8
[0.112s] [  0%] Built target dynamic_reconfigure_gencfg
[0.128s] [  0%] Built target autoware_system_msgs_generate_messages_cpp
[0.147s] [  0%] Built target tablet_socket_msgs_generate_messages_cpp
[0.167s] [  0%] Built target autoware_config_msgs_generate_messages_lisp
[0.185s] [  0%] Built target autoware_config_msgs_generate_messages_eus
[0.206s] [  0%] Built target visualization_msgs_generate_messages_py
[0.228s] [  0%] Built target tablet_socket_msgs_generate_messages_lisp
[0.246s] [  0%] Built target visualization_msgs_generate_messages_nodejs
[0.275s] [  0%] Built target vector_map_server_generate_messages_nodejs
[0.300s] [  0%] Built target visualization_msgs_generate_messages_eus
[0.320s] [  0%] Built target vector_map_server_generate_messages_cpp
[0.340s] [  0%] Built target vector_map_msgs_generate_messages_py
[0.366s] [  0%] Built target autoware_system_msgs_generate_messages_lisp
[0.387s] [  0%] Built target vector_map_msgs_generate_messages_lisp
[0.408s] [  0%] Built target vector_map_msgs_generate_messages_eus
[0.435s] [  0%] Built target vector_map_msgs_generate_messages_cpp
[0.459s] [  0%] Built target topic_tools_generate_messages_nodejs
[0.480s] [  0%] Built target topic_tools_generate_messages_eus
[0.499s] [  0%] Built target topic_tools_generate_messages_cpp
[0.519s] [  0%] Built target std_srvs_generate_messages_py
[0.539s] [  0%] Built target std_srvs_generate_messages_nodejs
[0.557s] [  0%] Built target vector_map_msgs_generate_messages_nodejs
[0.577s] [  0%] Built target bond_generate_messages_py
[0.598s] [  0%] Built target trajectory_msgs_generate_messages_nodejs
[0.620s] [  0%] Built target autoware_config_msgs_generate_messages_py
[0.642s] [  0%] Built target bond_generate_messages_nodejs
[0.661s] [  0%] Built target bond_generate_messages_lisp
[0.681s] [  0%] Built target bond_generate_messages_eus
[0.700s] [  0%] Built target trajectory_msgs_generate_messages_lisp
[0.724s] [  0%] Built target bond_generate_messages_cpp
[0.744s] [  0%] Built target nodelet_generate_messages_nodejs
[0.768s] [  0%] Built target nodelet_generate_messages_eus
[0.791s] [  0%] Built target nodelet_generate_messages_cpp
[0.807s] [  0%] Built target vector_map_server_generate_messages_lisp
[0.829s] [  0%] Built target jsk_footstep_msgs_generate_messages_nodejs
[0.848s] [  0%] Built target jsk_footstep_msgs_generate_messages_lisp
[0.869s] [  0%] Built target jsk_footstep_msgs_generate_messages_eus
[0.890s] [  0%] Built target actionlib_msgs_generate_messages_py
[0.914s] [  0%] Built target geometry_msgs_generate_messages_py
[0.936s] [  0%] Built target pcl_msgs_generate_messages_nodejs
[0.956s] [  0%] Built target jsk_recognition_msgs_generate_messages_py
[0.977s] [  0%] Built target pcl_msgs_generate_messages_eus
[1.003s] [  0%] Built target gazebo_msgs_generate_messages_nodejs
[1.027s] [  0%] Built target rosgraph_msgs_generate_messages_eus
[1.049s] [  0%] Built target jsk_recognition_msgs_generate_messages_lisp
[1.070s] [  0%] Built target jsk_recognition_msgs_generate_messages_eus
[1.089s] [  0%] Built target tf2_msgs_generate_messages_cpp
[1.106s] [  0%] Built target nodelet_generate_messages_py
[1.128s] [  0%] Built target sensor_msgs_generate_messages_py
[1.152s] [  0%] Built target autoware_system_msgs_generate_messages_py
[1.174s] [  0%] Built target sensor_msgs_generate_messages_nodejs
[1.201s] [  0%] Built target vector_map_server_generate_messages_eus
[1.224s] [  0%] Built target roscpp_generate_messages_cpp
[1.245s] [  0%] Built target actionlib_generate_messages_cpp
[1.268s] [  0%] Built target autoware_msgs_generate_messages_lisp
[1.288s] [  0%] Built target tablet_socket_msgs_generate_messages_py
[1.306s] [  0%] Built target jsk_footstep_msgs_generate_messages_py
[1.329s] [  0%] Built target std_msgs_generate_messages_cpp
[1.349s] [  0%] Built target geometry_msgs_generate_messages_lisp
[1.372s] [  0%] Built target nodelet_generate_messages_lisp
[1.396s] [  0%] Built target autoware_msgs_generate_messages_py
[1.415s] [  0%] Built target std_msgs_generate_messages_py
[1.441s] [  0%] Built target autoware_msgs_generate_messages_cpp
[1.461s] [  0%] Built target rosgraph_msgs_generate_messages_cpp
[1.484s] [  0%] Built target tablet_socket_msgs_generate_messages_nodejs
[1.504s] [  0%] Built target tf_generate_messages_py
[1.525s] [  0%] Built target dynamic_reconfigure_generate_messages_cpp
[1.547s] [  0%] Built target pcl_msgs_generate_messages_cpp
[1.567s] [  0%] Built target gazebo_msgs_generate_messages_cpp
[1.587s] [  0%] Built target dynamic_reconfigure_generate_messages_lisp
[1.614s] [  0%] Built target topic_tools_generate_messages_lisp
[1.635s] [  0%] Built target jsk_recognition_msgs_generate_messages_cpp
[1.653s] [  0%] Built target sensor_msgs_generate_messages_lisp
[1.672s] [  0%] Built target std_srvs_generate_messages_cpp
[1.691s] [  0%] Built target autoware_msgs_generate_messages_eus
[1.713s] [  0%] Built target autoware_msgs_generate_messages_nodejs
[1.732s] [  0%] Built target visualization_msgs_generate_messages_lisp
[1.753s] [  0%] Built target std_msgs_generate_messages_eus
[1.778s] [  0%] Built target geometry_msgs_generate_messages_eus
[1.797s] [  0%] Built target std_msgs_generate_messages_nodejs
[1.816s] [  0%] Built target sensor_msgs_generate_messages_eus
[1.838s] [  0%] Built target std_srvs_generate_messages_lisp
[1.857s] [  0%] Built target roscpp_generate_messages_nodejs
[1.880s] [  0%] Built target std_msgs_generate_messages_lisp
[1.900s] [  0%] Built target sensor_msgs_generate_messages_cpp
[1.923s] [  0%] Built target autoware_system_msgs_generate_messages_nodejs
[1.944s] [  0%] Built target actionlib_msgs_generate_messages_lisp
[1.962s] [  0%] Built target topic_tools_generate_messages_py
[1.981s] [  0%] Built target nodelet_topic_tools_gencfg
[2.001s] [  0%] Built target actionlib_msgs_generate_messages_nodejs
[2.024s] [  0%] Built target gazebo_msgs_generate_messages_py
[2.048s] [  0%] Built target geometry_msgs_generate_messages_nodejs
[2.073s] [  0%] Built target std_srvs_generate_messages_eus
[2.091s] [  0%] Built target jsk_recognition_msgs_generate_messages_nodejs
[2.115s] [  0%] Built target roscpp_generate_messages_lisp
[2.139s] [  0%] Built target roscpp_generate_messages_py
[2.158s] [  0%] Built target rosgraph_msgs_generate_messages_lisp
[2.180s] [  0%] Built target autoware_config_msgs_generate_messages_cpp
[2.200s] [  0%] Built target rosgraph_msgs_generate_messages_nodejs
[2.221s] [  0%] Built target vector_map_server_generate_messages_py
[2.245s] [  0%] Built target actionlib_msgs_generate_messages_eus
[2.263s] [  0%] Built target roscpp_generate_messages_eus
[2.287s] [  0%] Built target rosgraph_msgs_generate_messages_py
[2.306s] [  0%] Built target jsk_footstep_msgs_generate_messages_cpp
[2.333s] [  0%] Built target actionlib_msgs_generate_messages_cpp
[2.353s] [  0%] Built target tf_generate_messages_eus
[2.378s] [  0%] Built target tf_generate_messages_lisp
[2.402s] [  0%] Built target autoware_config_msgs_generate_messages_nodejs
[2.429s] [  0%] Built target tf_generate_messages_nodejs
[2.453s] [  0%] Built target pcl_msgs_generate_messages_py
[2.471s] [  0%] Built target actionlib_generate_messages_eus
[2.495s] [  0%] Built target geometry_msgs_generate_messages_cpp
[2.513s] [  0%] Built target actionlib_generate_messages_lisp
[2.533s] [  0%] Built target pcl_msgs_generate_messages_lisp
[2.552s] [  0%] Built target tf_generate_messages_cpp
[2.578s] [  0%] Built target actionlib_generate_messages_nodejs
[2.596s] [  0%] Built target pcl_ros_gencfg
[2.614s] [  0%] Built target tablet_socket_msgs_generate_messages_eus
[2.635s] [  0%] Built target visualization_msgs_generate_messages_cpp
[2.659s] [  0%] Built target tf2_msgs_generate_messages_eus
[2.679s] [  0%] Built target actionlib_generate_messages_py
[2.701s] [  0%] Built target tf2_msgs_generate_messages_py
[2.725s] [  0%] Built target tf2_msgs_generate_messages_nodejs
[2.745s] [  0%] Built target dynamic_reconfigure_generate_messages_eus
[2.765s] [  0%] Built target dynamic_reconfigure_generate_messages_nodejs
[2.786s] [  0%] Built target dynamic_reconfigure_generate_messages_py
[2.809s] [  0%] Built target tf2_msgs_generate_messages_lisp
[2.832s] [  0%] Built target autoware_system_msgs_generate_messages_eus
[2.853s] [  0%] Built target gazebo_msgs_generate_messages_lisp
[2.876s] [  0%] Built target gazebo_msgs_generate_messages_eus
[2.899s] [  0%] Built target trajectory_msgs_generate_messages_cpp
[2.921s] [  0%] Built target trajectory_msgs_generate_messages_eus
[2.939s] [  0%] Built target trajectory_msgs_generate_messages_py
[2.979s] [100%] Built target lidar_kf_contour_track
[2.989s] Invoked command in '/home/agilex/autoware.ai/build/lidar_kf_contour_track' returned '0': CMAKE_PREFIX_PATH=/home/agilex/autoware.ai/install/op_ros_helpers:/home/agilex/autoware.ai/install/op_simu:/home/agilex/autoware.ai/install/op_planner:/home/agilex/autoware.ai/install/op_utility:/home/agilex/autoware.ai/install/waypoint_follower:/home/agilex/autoware.ai/install/vector_map_server:/home/agilex/autoware.ai/install/map_file:/home/agilex/autoware.ai/install/vector_map:/home/agilex/autoware.ai/install/autoware_health_checker:/home/agilex/autoware.ai/install/amathutils_lib:/home/agilex/autoware.ai/install/vector_map_msgs:/home/agilex/autoware.ai/install/tablet_socket_msgs:/home/agilex/autoware.ai/install/autoware_system_msgs:/home/agilex/autoware.ai/install/autoware_msgs:/home/agilex/autoware.ai/install/autoware_config_msgs:/home/agilex/autoware.ai/install/autoware_build_flags:${CMAKE_PREFIX_PATH} LD_LIBRARY_PATH=/home/agilex/autoware.ai/install/op_ros_helpers/lib:/home/agilex/autoware.ai/install/op_simu/lib:/home/agilex/autoware.ai/install/op_planner/lib:/home/agilex/autoware.ai/install/op_utility/lib:/home/agilex/autoware.ai/install/waypoint_follower/lib:/home/agilex/autoware.ai/install/map_file/lib:/home/agilex/autoware.ai/install/vector_map/lib:/home/agilex/autoware.ai/install/autoware_health_checker/lib:/home/agilex/autoware.ai/install/amathutils_lib/lib:${LD_LIBRARY_PATH} PKG_CONFIG_PATH=/home/agilex/autoware.ai/install/op_ros_helpers/lib/x86_64-linux-gnu/pkgconfig:/home/agilex/autoware.ai/install/op_ros_helpers/lib/pkgconfig:/home/agilex/autoware.ai/install/op_simu/lib/x86_64-linux-gnu/pkgconfig:/home/agilex/autoware.ai/install/op_simu/lib/pkgconfig:/home/agilex/autoware.ai/install/op_planner/lib/x86_64-linux-gnu/pkgconfig:/home/agilex/autoware.ai/install/op_planner/lib/pkgconfig:/home/agilex/autoware.ai/install/op_utility/lib/x86_64-linux-gnu/pkgconfig:/home/agilex/autoware.ai/install/op_utility/lib/pkgconfig:/home/agilex/autoware.ai/install/waypoint_follower/lib/x86_64-linux-gnu/pkgconfig:/home/agilex/autoware.ai/install/waypoint_follower/lib/pkgconfig:/home/agilex/autoware.ai/install/vector_map_server/lib/x86_64-linux-gnu/pkgconfig:/home/agilex/autoware.ai/install/vector_map_server/lib/pkgconfig:/home/agilex/autoware.ai/install/map_file/lib/x86_64-linux-gnu/pkgconfig:/home/agilex/autoware.ai/install/map_file/lib/pkgconfig:/home/agilex/autoware.ai/install/vector_map/lib/x86_64-linux-gnu/pkgconfig:/home/agilex/autoware.ai/install/vector_map/lib/pkgconfig:/home/agilex/autoware.ai/install/autoware_health_checker/lib/x86_64-linux-gnu/pkgconfig:/home/agilex/autoware.ai/install/autoware_health_checker/lib/pkgconfig:/home/agilex/autoware.ai/install/amathutils_lib/lib/x86_64-linux-gnu/pkgconfig:/home/agilex/autoware.ai/install/amathutils_lib/lib/pkgconfig:/home/agilex/autoware.ai/install/vector_map_msgs/lib/x86_64-linux-gnu/pkgconfig:/home/agilex/autoware.ai/install/vector_map_msgs/lib/pkgconfig:/home/agilex/autoware.ai/install/tablet_socket_msgs/lib/x86_64-linux-gnu/pkgconfig:/home/agilex/autoware.ai/install/tablet_socket_msgs/lib/pkgconfig:/home/agilex/autoware.ai/install/autoware_system_msgs/lib/x86_64-linux-gnu/pkgconfig:/home/agilex/autoware.ai/install/autoware_system_msgs/lib/pkgconfig:/home/agilex/autoware.ai/install/autoware_msgs/lib/x86_64-linux-gnu/pkgconfig:/home/agilex/autoware.ai/install/autoware_msgs/lib/pkgconfig:/home/agilex/autoware.ai/install/autoware_config_msgs/lib/x86_64-linux-gnu/pkgconfig:/home/agilex/autoware.ai/install/autoware_config_msgs/lib/pkgconfig:/home/agilex/autoware.ai/install/autoware_build_flags/lib/x86_64-linux-gnu/pkgconfig:/home/agilex/autoware.ai/install/autoware_build_flags/lib/pkgconfig:${PKG_CONFIG_PATH} PYTHONPATH=/home/agilex/autoware.ai/install/vector_map_server/lib/python2.7/dist-packages:/home/agilex/autoware.ai/install/vector_map_msgs/lib/python2.7/dist-packages:/home/agilex/autoware.ai/install/tablet_socket_msgs/lib/python2.7/dist-packages:/home/agilex/autoware.ai/install/autoware_system_msgs/lib/python2.7/dist-packages:/home/agilex/autoware.ai/install/autoware_msgs/lib/python2.7/dist-packages:/home/agilex/autoware.ai/install/autoware_config_msgs/lib/python2.7/dist-packages:${PYTHONPATH} ROS_PACKAGE_PATH=/home/agilex/autoware.ai/install/op_ros_helpers/share:/home/agilex/autoware.ai/install/op_simu/share:/home/agilex/autoware.ai/install/op_planner/share:/home/agilex/autoware.ai/install/op_utility/share:/home/agilex/autoware.ai/install/waypoint_follower/share:/home/agilex/autoware.ai/install/vector_map_server/share:/home/agilex/autoware.ai/install/map_file/share:/home/agilex/autoware.ai/install/vector_map/share:/home/agilex/autoware.ai/install/autoware_health_checker/share:/home/agilex/autoware.ai/install/amathutils_lib/share:/home/agilex/autoware.ai/install/vector_map_msgs/share:/home/agilex/autoware.ai/install/tablet_socket_msgs/share:/home/agilex/autoware.ai/install/autoware_system_msgs/share:/home/agilex/autoware.ai/install/autoware_msgs/share:/home/agilex/autoware.ai/install/autoware_config_msgs/share:/home/agilex/autoware.ai/install/autoware_build_flags/share:${ROS_PACKAGE_PATH} /usr/bin/cmake --build /home/agilex/autoware.ai/build/lidar_kf_contour_track -- -j8 -l8
[3.147s] Invoking command in '/home/agilex/autoware.ai/build/lidar_kf_contour_track': CMAKE_PREFIX_PATH=/home/agilex/autoware.ai/install/op_ros_helpers:/home/agilex/autoware.ai/install/op_simu:/home/agilex/autoware.ai/install/op_planner:/home/agilex/autoware.ai/install/op_utility:/home/agilex/autoware.ai/install/waypoint_follower:/home/agilex/autoware.ai/install/vector_map_server:/home/agilex/autoware.ai/install/map_file:/home/agilex/autoware.ai/install/vector_map:/home/agilex/autoware.ai/install/autoware_health_checker:/home/agilex/autoware.ai/install/amathutils_lib:/home/agilex/autoware.ai/install/vector_map_msgs:/home/agilex/autoware.ai/install/tablet_socket_msgs:/home/agilex/autoware.ai/install/autoware_system_msgs:/home/agilex/autoware.ai/install/autoware_msgs:/home/agilex/autoware.ai/install/autoware_config_msgs:/home/agilex/autoware.ai/install/autoware_build_flags:${CMAKE_PREFIX_PATH} LD_LIBRARY_PATH=/home/agilex/autoware.ai/install/op_ros_helpers/lib:/home/agilex/autoware.ai/install/op_simu/lib:/home/agilex/autoware.ai/install/op_planner/lib:/home/agilex/autoware.ai/install/op_utility/lib:/home/agilex/autoware.ai/install/waypoint_follower/lib:/home/agilex/autoware.ai/install/map_file/lib:/home/agilex/autoware.ai/install/vector_map/lib:/home/agilex/autoware.ai/install/autoware_health_checker/lib:/home/agilex/autoware.ai/install/amathutils_lib/lib:${LD_LIBRARY_PATH} PKG_CONFIG_PATH=/home/agilex/autoware.ai/install/op_ros_helpers/lib/x86_64-linux-gnu/pkgconfig:/home/agilex/autoware.ai/install/op_ros_helpers/lib/pkgconfig:/home/agilex/autoware.ai/install/op_simu/lib/x86_64-linux-gnu/pkgconfig:/home/agilex/autoware.ai/install/op_simu/lib/pkgconfig:/home/agilex/autoware.ai/install/op_planner/lib/x86_64-linux-gnu/pkgconfig:/home/agilex/autoware.ai/install/op_planner/lib/pkgconfig:/home/agilex/autoware.ai/install/op_utility/lib/x86_64-linux-gnu/pkgconfig:/home/agilex/autoware.ai/install/op_utility/lib/pkgconfig:/home/agilex/autoware.ai/install/waypoint_follower/lib/x86_64-linux-gnu/pkgconfig:/home/agilex/autoware.ai/install/waypoint_follower/lib/pkgconfig:/home/agilex/autoware.ai/install/vector_map_server/lib/x86_64-linux-gnu/pkgconfig:/home/agilex/autoware.ai/install/vector_map_server/lib/pkgconfig:/home/agilex/autoware.ai/install/map_file/lib/x86_64-linux-gnu/pkgconfig:/home/agilex/autoware.ai/install/map_file/lib/pkgconfig:/home/agilex/autoware.ai/install/vector_map/lib/x86_64-linux-gnu/pkgconfig:/home/agilex/autoware.ai/install/vector_map/lib/pkgconfig:/home/agilex/autoware.ai/install/autoware_health_checker/lib/x86_64-linux-gnu/pkgconfig:/home/agilex/autoware.ai/install/autoware_health_checker/lib/pkgconfig:/home/agilex/autoware.ai/install/amathutils_lib/lib/x86_64-linux-gnu/pkgconfig:/home/agilex/autoware.ai/install/amathutils_lib/lib/pkgconfig:/home/agilex/autoware.ai/install/vector_map_msgs/lib/x86_64-linux-gnu/pkgconfig:/home/agilex/autoware.ai/install/vector_map_msgs/lib/pkgconfig:/home/agilex/autoware.ai/install/tablet_socket_msgs/lib/x86_64-linux-gnu/pkgconfig:/home/agilex/autoware.ai/install/tablet_socket_msgs/lib/pkgconfig:/home/agilex/autoware.ai/install/autoware_system_msgs/lib/x86_64-linux-gnu/pkgconfig:/home/agilex/autoware.ai/install/autoware_system_msgs/lib/pkgconfig:/home/agilex/autoware.ai/install/autoware_msgs/lib/x86_64-linux-gnu/pkgconfig:/home/agilex/autoware.ai/install/autoware_msgs/lib/pkgconfig:/home/agilex/autoware.ai/install/autoware_config_msgs/lib/x86_64-linux-gnu/pkgconfig:/home/agilex/autoware.ai/install/autoware_config_msgs/lib/pkgconfig:/home/agilex/autoware.ai/install/autoware_build_flags/lib/x86_64-linux-gnu/pkgconfig:/home/agilex/autoware.ai/install/autoware_build_flags/lib/pkgconfig:${PKG_CONFIG_PATH} PYTHONPATH=/home/agilex/autoware.ai/install/vector_map_server/lib/python2.7/dist-packages:/home/agilex/autoware.ai/install/vector_map_msgs/lib/python2.7/dist-packages:/home/agilex/autoware.ai/install/tablet_socket_msgs/lib/python2.7/dist-packages:/home/agilex/autoware.ai/install/autoware_system_msgs/lib/python2.7/dist-packages:/home/agilex/autoware.ai/install/autoware_msgs/lib/python2.7/dist-packages:/home/agilex/autoware.ai/install/autoware_config_msgs/lib/python2.7/dist-packages:${PYTHONPATH} ROS_PACKAGE_PATH=/home/agilex/autoware.ai/install/op_ros_helpers/share:/home/agilex/autoware.ai/install/op_simu/share:/home/agilex/autoware.ai/install/op_planner/share:/home/agilex/autoware.ai/install/op_utility/share:/home/agilex/autoware.ai/install/waypoint_follower/share:/home/agilex/autoware.ai/install/vector_map_server/share:/home/agilex/autoware.ai/install/map_file/share:/home/agilex/autoware.ai/install/vector_map/share:/home/agilex/autoware.ai/install/autoware_health_checker/share:/home/agilex/autoware.ai/install/amathutils_lib/share:/home/agilex/autoware.ai/install/vector_map_msgs/share:/home/agilex/autoware.ai/install/tablet_socket_msgs/share:/home/agilex/autoware.ai/install/autoware_system_msgs/share:/home/agilex/autoware.ai/install/autoware_msgs/share:/home/agilex/autoware.ai/install/autoware_config_msgs/share:/home/agilex/autoware.ai/install/autoware_build_flags/share:${ROS_PACKAGE_PATH} /usr/bin/cmake --build /home/agilex/autoware.ai/build/lidar_kf_contour_track --target tests -- -j8 -l8
[3.212s] Built target tests
[3.222s] Invoked command in '/home/agilex/autoware.ai/build/lidar_kf_contour_track' returned '0': CMAKE_PREFIX_PATH=/home/agilex/autoware.ai/install/op_ros_helpers:/home/agilex/autoware.ai/install/op_simu:/home/agilex/autoware.ai/install/op_planner:/home/agilex/autoware.ai/install/op_utility:/home/agilex/autoware.ai/install/waypoint_follower:/home/agilex/autoware.ai/install/vector_map_server:/home/agilex/autoware.ai/install/map_file:/home/agilex/autoware.ai/install/vector_map:/home/agilex/autoware.ai/install/autoware_health_checker:/home/agilex/autoware.ai/install/amathutils_lib:/home/agilex/autoware.ai/install/vector_map_msgs:/home/agilex/autoware.ai/install/tablet_socket_msgs:/home/agilex/autoware.ai/install/autoware_system_msgs:/home/agilex/autoware.ai/install/autoware_msgs:/home/agilex/autoware.ai/install/autoware_config_msgs:/home/agilex/autoware.ai/install/autoware_build_flags:${CMAKE_PREFIX_PATH} LD_LIBRARY_PATH=/home/agilex/autoware.ai/install/op_ros_helpers/lib:/home/agilex/autoware.ai/install/op_simu/lib:/home/agilex/autoware.ai/install/op_planner/lib:/home/agilex/autoware.ai/install/op_utility/lib:/home/agilex/autoware.ai/install/waypoint_follower/lib:/home/agilex/autoware.ai/install/map_file/lib:/home/agilex/autoware.ai/install/vector_map/lib:/home/agilex/autoware.ai/install/autoware_health_checker/lib:/home/agilex/autoware.ai/install/amathutils_lib/lib:${LD_LIBRARY_PATH} PKG_CONFIG_PATH=/home/agilex/autoware.ai/install/op_ros_helpers/lib/x86_64-linux-gnu/pkgconfig:/home/agilex/autoware.ai/install/op_ros_helpers/lib/pkgconfig:/home/agilex/autoware.ai/install/op_simu/lib/x86_64-linux-gnu/pkgconfig:/home/agilex/autoware.ai/install/op_simu/lib/pkgconfig:/home/agilex/autoware.ai/install/op_planner/lib/x86_64-linux-gnu/pkgconfig:/home/agilex/autoware.ai/install/op_planner/lib/pkgconfig:/home/agilex/autoware.ai/install/op_utility/lib/x86_64-linux-gnu/pkgconfig:/home/agilex/autoware.ai/install/op_utility/lib/pkgconfig:/home/agilex/autoware.ai/install/waypoint_follower/lib/x86_64-linux-gnu/pkgconfig:/home/agilex/autoware.ai/install/waypoint_follower/lib/pkgconfig:/home/agilex/autoware.ai/install/vector_map_server/lib/x86_64-linux-gnu/pkgconfig:/home/agilex/autoware.ai/install/vector_map_server/lib/pkgconfig:/home/agilex/autoware.ai/install/map_file/lib/x86_64-linux-gnu/pkgconfig:/home/agilex/autoware.ai/install/map_file/lib/pkgconfig:/home/agilex/autoware.ai/install/vector_map/lib/x86_64-linux-gnu/pkgconfig:/home/agilex/autoware.ai/install/vector_map/lib/pkgconfig:/home/agilex/autoware.ai/install/autoware_health_checker/lib/x86_64-linux-gnu/pkgconfig:/home/agilex/autoware.ai/install/autoware_health_checker/lib/pkgconfig:/home/agilex/autoware.ai/install/amathutils_lib/lib/x86_64-linux-gnu/pkgconfig:/home/agilex/autoware.ai/install/amathutils_lib/lib/pkgconfig:/home/agilex/autoware.ai/install/vector_map_msgs/lib/x86_64-linux-gnu/pkgconfig:/home/agilex/autoware.ai/install/vector_map_msgs/lib/pkgconfig:/home/agilex/autoware.ai/install/tablet_socket_msgs/lib/x86_64-linux-gnu/pkgconfig:/home/agilex/autoware.ai/install/tablet_socket_msgs/lib/pkgconfig:/home/agilex/autoware.ai/install/autoware_system_msgs/lib/x86_64-linux-gnu/pkgconfig:/home/agilex/autoware.ai/install/autoware_system_msgs/lib/pkgconfig:/home/agilex/autoware.ai/install/autoware_msgs/lib/x86_64-linux-gnu/pkgconfig:/home/agilex/autoware.ai/install/autoware_msgs/lib/pkgconfig:/home/agilex/autoware.ai/install/autoware_config_msgs/lib/x86_64-linux-gnu/pkgconfig:/home/agilex/autoware.ai/install/autoware_config_msgs/lib/pkgconfig:/home/agilex/autoware.ai/install/autoware_build_flags/lib/x86_64-linux-gnu/pkgconfig:/home/agilex/autoware.ai/install/autoware_build_flags/lib/pkgconfig:${PKG_CONFIG_PATH} PYTHONPATH=/home/agilex/autoware.ai/install/vector_map_server/lib/python2.7/dist-packages:/home/agilex/autoware.ai/install/vector_map_msgs/lib/python2.7/dist-packages:/home/agilex/autoware.ai/install/tablet_socket_msgs/lib/python2.7/dist-packages:/home/agilex/autoware.ai/install/autoware_system_msgs/lib/python2.7/dist-packages:/home/agilex/autoware.ai/install/autoware_msgs/lib/python2.7/dist-packages:/home/agilex/autoware.ai/install/autoware_config_msgs/lib/python2.7/dist-packages:${PYTHONPATH} ROS_PACKAGE_PATH=/home/agilex/autoware.ai/install/op_ros_helpers/share:/home/agilex/autoware.ai/install/op_simu/share:/home/agilex/autoware.ai/install/op_planner/share:/home/agilex/autoware.ai/install/op_utility/share:/home/agilex/autoware.ai/install/waypoint_follower/share:/home/agilex/autoware.ai/install/vector_map_server/share:/home/agilex/autoware.ai/install/map_file/share:/home/agilex/autoware.ai/install/vector_map/share:/home/agilex/autoware.ai/install/autoware_health_checker/share:/home/agilex/autoware.ai/install/amathutils_lib/share:/home/agilex/autoware.ai/install/vector_map_msgs/share:/home/agilex/autoware.ai/install/tablet_socket_msgs/share:/home/agilex/autoware.ai/install/autoware_system_msgs/share:/home/agilex/autoware.ai/install/autoware_msgs/share:/home/agilex/autoware.ai/install/autoware_config_msgs/share:/home/agilex/autoware.ai/install/autoware_build_flags/share:${ROS_PACKAGE_PATH} /usr/bin/cmake --build /home/agilex/autoware.ai/build/lidar_kf_contour_track --target tests -- -j8 -l8
[3.407s] Invoking command in '/home/agilex/autoware.ai/build/lidar_kf_contour_track': CMAKE_PREFIX_PATH=/home/agilex/autoware.ai/install/op_ros_helpers:/home/agilex/autoware.ai/install/op_simu:/home/agilex/autoware.ai/install/op_planner:/home/agilex/autoware.ai/install/op_utility:/home/agilex/autoware.ai/install/waypoint_follower:/home/agilex/autoware.ai/install/vector_map_server:/home/agilex/autoware.ai/install/map_file:/home/agilex/autoware.ai/install/vector_map:/home/agilex/autoware.ai/install/autoware_health_checker:/home/agilex/autoware.ai/install/amathutils_lib:/home/agilex/autoware.ai/install/vector_map_msgs:/home/agilex/autoware.ai/install/tablet_socket_msgs:/home/agilex/autoware.ai/install/autoware_system_msgs:/home/agilex/autoware.ai/install/autoware_msgs:/home/agilex/autoware.ai/install/autoware_config_msgs:/home/agilex/autoware.ai/install/autoware_build_flags:${CMAKE_PREFIX_PATH} LD_LIBRARY_PATH=/home/agilex/autoware.ai/install/op_ros_helpers/lib:/home/agilex/autoware.ai/install/op_simu/lib:/home/agilex/autoware.ai/install/op_planner/lib:/home/agilex/autoware.ai/install/op_utility/lib:/home/agilex/autoware.ai/install/waypoint_follower/lib:/home/agilex/autoware.ai/install/map_file/lib:/home/agilex/autoware.ai/install/vector_map/lib:/home/agilex/autoware.ai/install/autoware_health_checker/lib:/home/agilex/autoware.ai/install/amathutils_lib/lib:${LD_LIBRARY_PATH} PKG_CONFIG_PATH=/home/agilex/autoware.ai/install/op_ros_helpers/lib/x86_64-linux-gnu/pkgconfig:/home/agilex/autoware.ai/install/op_ros_helpers/lib/pkgconfig:/home/agilex/autoware.ai/install/op_simu/lib/x86_64-linux-gnu/pkgconfig:/home/agilex/autoware.ai/install/op_simu/lib/pkgconfig:/home/agilex/autoware.ai/install/op_planner/lib/x86_64-linux-gnu/pkgconfig:/home/agilex/autoware.ai/install/op_planner/lib/pkgconfig:/home/agilex/autoware.ai/install/op_utility/lib/x86_64-linux-gnu/pkgconfig:/home/agilex/autoware.ai/install/op_utility/lib/pkgconfig:/home/agilex/autoware.ai/install/waypoint_follower/lib/x86_64-linux-gnu/pkgconfig:/home/agilex/autoware.ai/install/waypoint_follower/lib/pkgconfig:/home/agilex/autoware.ai/install/vector_map_server/lib/x86_64-linux-gnu/pkgconfig:/home/agilex/autoware.ai/install/vector_map_server/lib/pkgconfig:/home/agilex/autoware.ai/install/map_file/lib/x86_64-linux-gnu/pkgconfig:/home/agilex/autoware.ai/install/map_file/lib/pkgconfig:/home/agilex/autoware.ai/install/vector_map/lib/x86_64-linux-gnu/pkgconfig:/home/agilex/autoware.ai/install/vector_map/lib/pkgconfig:/home/agilex/autoware.ai/install/autoware_health_checker/lib/x86_64-linux-gnu/pkgconfig:/home/agilex/autoware.ai/install/autoware_health_checker/lib/pkgconfig:/home/agilex/autoware.ai/install/amathutils_lib/lib/x86_64-linux-gnu/pkgconfig:/home/agilex/autoware.ai/install/amathutils_lib/lib/pkgconfig:/home/agilex/autoware.ai/install/vector_map_msgs/lib/x86_64-linux-gnu/pkgconfig:/home/agilex/autoware.ai/install/vector_map_msgs/lib/pkgconfig:/home/agilex/autoware.ai/install/tablet_socket_msgs/lib/x86_64-linux-gnu/pkgconfig:/home/agilex/autoware.ai/install/tablet_socket_msgs/lib/pkgconfig:/home/agilex/autoware.ai/install/autoware_system_msgs/lib/x86_64-linux-gnu/pkgconfig:/home/agilex/autoware.ai/install/autoware_system_msgs/lib/pkgconfig:/home/agilex/autoware.ai/install/autoware_msgs/lib/x86_64-linux-gnu/pkgconfig:/home/agilex/autoware.ai/install/autoware_msgs/lib/pkgconfig:/home/agilex/autoware.ai/install/autoware_config_msgs/lib/x86_64-linux-gnu/pkgconfig:/home/agilex/autoware.ai/install/autoware_config_msgs/lib/pkgconfig:/home/agilex/autoware.ai/install/autoware_build_flags/lib/x86_64-linux-gnu/pkgconfig:/home/agilex/autoware.ai/install/autoware_build_flags/lib/pkgconfig:${PKG_CONFIG_PATH} PYTHONPATH=/home/agilex/autoware.ai/install/vector_map_server/lib/python2.7/dist-packages:/home/agilex/autoware.ai/install/vector_map_msgs/lib/python2.7/dist-packages:/home/agilex/autoware.ai/install/tablet_socket_msgs/lib/python2.7/dist-packages:/home/agilex/autoware.ai/install/autoware_system_msgs/lib/python2.7/dist-packages:/home/agilex/autoware.ai/install/autoware_msgs/lib/python2.7/dist-packages:/home/agilex/autoware.ai/install/autoware_config_msgs/lib/python2.7/dist-packages:${PYTHONPATH} ROS_PACKAGE_PATH=/home/agilex/autoware.ai/install/op_ros_helpers/share:/home/agilex/autoware.ai/install/op_simu/share:/home/agilex/autoware.ai/install/op_planner/share:/home/agilex/autoware.ai/install/op_utility/share:/home/agilex/autoware.ai/install/waypoint_follower/share:/home/agilex/autoware.ai/install/vector_map_server/share:/home/agilex/autoware.ai/install/map_file/share:/home/agilex/autoware.ai/install/vector_map/share:/home/agilex/autoware.ai/install/autoware_health_checker/share:/home/agilex/autoware.ai/install/amathutils_lib/share:/home/agilex/autoware.ai/install/vector_map_msgs/share:/home/agilex/autoware.ai/install/tablet_socket_msgs/share:/home/agilex/autoware.ai/install/autoware_system_msgs/share:/home/agilex/autoware.ai/install/autoware_msgs/share:/home/agilex/autoware.ai/install/autoware_config_msgs/share:/home/agilex/autoware.ai/install/autoware_build_flags/share:${ROS_PACKAGE_PATH} /usr/bin/cmake --build /home/agilex/autoware.ai/build/lidar_kf_contour_track --target install -- -j8 -l8
[3.460s] [  0%] Built target dynamic_reconfigure_gencfg
[3.479s] [  0%] Built target autoware_system_msgs_generate_messages_cpp
[3.505s] [  0%] Built target tablet_socket_msgs_generate_messages_cpp
[3.529s] [  0%] Built target autoware_config_msgs_generate_messages_lisp
[3.549s] [  0%] Built target autoware_config_msgs_generate_messages_eus
[3.567s] [  0%] Built target visualization_msgs_generate_messages_py
[3.585s] [  0%] Built target tablet_socket_msgs_generate_messages_lisp
[3.605s] [  0%] Built target visualization_msgs_generate_messages_nodejs
[3.636s] [  0%] Built target vector_map_server_generate_messages_nodejs
[3.657s] [  0%] Built target visualization_msgs_generate_messages_eus
[3.687s] [  0%] Built target vector_map_server_generate_messages_cpp
[3.705s] [  0%] Built target vector_map_msgs_generate_messages_py
[3.722s] [  0%] Built target autoware_system_msgs_generate_messages_lisp
[3.759s] [  0%] Built target vector_map_msgs_generate_messages_lisp
[3.785s] [  0%] Built target vector_map_msgs_generate_messages_eus
[3.801s] [  0%] Built target vector_map_msgs_generate_messages_cpp
[3.822s] [  0%] Built target topic_tools_generate_messages_nodejs
[3.844s] [  0%] Built target topic_tools_generate_messages_eus
[3.873s] [  0%] Built target topic_tools_generate_messages_cpp
[3.889s] [  0%] Built target std_srvs_generate_messages_py
[3.906s] [  0%] Built target std_srvs_generate_messages_nodejs
[3.924s] [  0%] Built target vector_map_msgs_generate_messages_nodejs
[3.940s] [  0%] Built target bond_generate_messages_py
[3.966s] [  0%] Built target trajectory_msgs_generate_messages_nodejs
[3.995s] [  0%] Built target autoware_config_msgs_generate_messages_py
[4.029s] [  0%] Built target bond_generate_messages_nodejs
[4.052s] [  0%] Built target bond_generate_messages_lisp
[4.074s] [  0%] Built target bond_generate_messages_eus
[4.095s] [  0%] Built target trajectory_msgs_generate_messages_lisp
[4.120s] [  0%] Built target bond_generate_messages_cpp
[4.137s] [  0%] Built target nodelet_generate_messages_nodejs
[4.154s] [  0%] Built target nodelet_generate_messages_eus
[4.178s] [  0%] Built target nodelet_generate_messages_cpp
[4.196s] [  0%] Built target vector_map_server_generate_messages_lisp
[4.212s] [  0%] Built target jsk_footstep_msgs_generate_messages_nodejs
[4.233s] [  0%] Built target jsk_footstep_msgs_generate_messages_lisp
[4.251s] [  0%] Built target jsk_footstep_msgs_generate_messages_eus
[4.274s] [  0%] Built target actionlib_msgs_generate_messages_py
[4.294s] [  0%] Built target geometry_msgs_generate_messages_py
[4.312s] [  0%] Built target pcl_msgs_generate_messages_nodejs
[4.333s] [  0%] Built target jsk_recognition_msgs_generate_messages_py
[4.350s] [  0%] Built target pcl_msgs_generate_messages_eus
[4.368s] [  0%] Built target gazebo_msgs_generate_messages_nodejs
[4.385s] [  0%] Built target rosgraph_msgs_generate_messages_eus
[4.404s] [  0%] Built target jsk_recognition_msgs_generate_messages_lisp
[4.422s] [  0%] Built target jsk_recognition_msgs_generate_messages_eus
[4.440s] [  0%] Built target tf2_msgs_generate_messages_cpp
[4.460s] [  0%] Built target nodelet_generate_messages_py
[4.480s] [  0%] Built target sensor_msgs_generate_messages_py
[4.503s] [  0%] Built target autoware_system_msgs_generate_messages_py
[4.521s] [  0%] Built target sensor_msgs_generate_messages_nodejs
[4.543s] [  0%] Built target vector_map_server_generate_messages_eus
[4.561s] [  0%] Built target roscpp_generate_messages_cpp
[4.577s] [  0%] Built target actionlib_generate_messages_cpp
[4.598s] [  0%] Built target autoware_msgs_generate_messages_lisp
[4.615s] [  0%] Built target tablet_socket_msgs_generate_messages_py
[4.636s] [  0%] Built target jsk_footstep_msgs_generate_messages_py
[4.654s] [  0%] Built target std_msgs_generate_messages_cpp
[4.676s] [  0%] Built target geometry_msgs_generate_messages_lisp
[4.694s] [  0%] Built target nodelet_generate_messages_lisp
[4.712s] [  0%] Built target autoware_msgs_generate_messages_py
[4.734s] [  0%] Built target std_msgs_generate_messages_py
[4.757s] [  0%] Built target autoware_msgs_generate_messages_cpp
[4.775s] [  0%] Built target rosgraph_msgs_generate_messages_cpp
[4.793s] [  0%] Built target tablet_socket_msgs_generate_messages_nodejs
[4.810s] [  0%] Built target tf_generate_messages_py
[4.832s] [  0%] Built target dynamic_reconfigure_generate_messages_cpp
[4.850s] [  0%] Built target pcl_msgs_generate_messages_cpp
[4.871s] [  0%] Built target gazebo_msgs_generate_messages_cpp
[4.890s] [  0%] Built target dynamic_reconfigure_generate_messages_lisp
[4.908s] [  0%] Built target topic_tools_generate_messages_lisp
[4.925s] [  0%] Built target jsk_recognition_msgs_generate_messages_cpp
[4.942s] [  0%] Built target sensor_msgs_generate_messages_lisp
[4.960s] [  0%] Built target std_srvs_generate_messages_cpp
[4.977s] [  0%] Built target autoware_msgs_generate_messages_eus
[4.997s] [  0%] Built target autoware_msgs_generate_messages_nodejs
[5.013s] [  0%] Built target visualization_msgs_generate_messages_lisp
[5.028s] [  0%] Built target std_msgs_generate_messages_eus
[5.045s] [  0%] Built target geometry_msgs_generate_messages_eus
[5.061s] [  0%] Built target std_msgs_generate_messages_nodejs
[5.078s] [  0%] Built target sensor_msgs_generate_messages_eus
[5.097s] [  0%] Built target std_srvs_generate_messages_lisp
[5.113s] [  0%] Built target roscpp_generate_messages_nodejs
[5.129s] [  0%] Built target std_msgs_generate_messages_lisp
[5.145s] [  0%] Built target sensor_msgs_generate_messages_cpp
[5.161s] [  0%] Built target autoware_system_msgs_generate_messages_nodejs
[5.181s] [  0%] Built target actionlib_msgs_generate_messages_lisp
[5.198s] [  0%] Built target topic_tools_generate_messages_py
[5.214s] [  0%] Built target nodelet_topic_tools_gencfg
[5.233s] [  0%] Built target actionlib_msgs_generate_messages_nodejs
[5.249s] [  0%] Built target gazebo_msgs_generate_messages_py
[5.265s] [  0%] Built target geometry_msgs_generate_messages_nodejs
[5.282s] [  0%] Built target std_srvs_generate_messages_eus
[5.298s] [  0%] Built target jsk_recognition_msgs_generate_messages_nodejs
[5.314s] [  0%] Built target roscpp_generate_messages_lisp
[5.331s] [  0%] Built target roscpp_generate_messages_py
[5.350s] [  0%] Built target rosgraph_msgs_generate_messages_lisp
[5.367s] [  0%] Built target autoware_config_msgs_generate_messages_cpp
[5.382s] [  0%] Built target rosgraph_msgs_generate_messages_nodejs
[5.400s] [  0%] Built target vector_map_server_generate_messages_py
[5.416s] [  0%] Built target actionlib_msgs_generate_messages_eus
[5.433s] [  0%] Built target roscpp_generate_messages_eus
[5.451s] [  0%] Built target rosgraph_msgs_generate_messages_py
[5.467s] [  0%] Built target jsk_footstep_msgs_generate_messages_cpp
[5.484s] [  0%] Built target actionlib_msgs_generate_messages_cpp
[5.499s] [  0%] Built target tf_generate_messages_eus
[5.517s] [  0%] Built target tf_generate_messages_lisp
[5.533s] [  0%] Built target autoware_config_msgs_generate_messages_nodejs
[5.550s] [  0%] Built target tf_generate_messages_nodejs
[5.567s] [  0%] Built target pcl_msgs_generate_messages_py
[5.585s] [  0%] Built target actionlib_generate_messages_eus
[5.601s] [  0%] Built target geometry_msgs_generate_messages_cpp
[5.618s] [  0%] Built target actionlib_generate_messages_lisp
[5.634s] [  0%] Built target pcl_msgs_generate_messages_lisp
[5.651s] [  0%] Built target tf_generate_messages_cpp
[5.666s] [  0%] Built target actionlib_generate_messages_nodejs
[5.682s] [  0%] Built target pcl_ros_gencfg
[5.698s] [  0%] Built target tablet_socket_msgs_generate_messages_eus
[5.714s] [  0%] Built target visualization_msgs_generate_messages_cpp
[5.733s] [  0%] Built target tf2_msgs_generate_messages_eus
[5.749s] [  0%] Built target actionlib_generate_messages_py
[5.765s] [  0%] Built target tf2_msgs_generate_messages_py
[5.781s] [  0%] Built target tf2_msgs_generate_messages_nodejs
[5.797s] [  0%] Built target dynamic_reconfigure_generate_messages_eus
[5.814s] [  0%] Built target dynamic_reconfigure_generate_messages_nodejs
[5.833s] [  0%] Built target dynamic_reconfigure_generate_messages_py
[5.849s] [  0%] Built target tf2_msgs_generate_messages_lisp
[5.865s] [  0%] Built target autoware_system_msgs_generate_messages_eus
[5.882s] [  0%] Built target gazebo_msgs_generate_messages_lisp
[5.898s] [  0%] Built target gazebo_msgs_generate_messages_eus
[5.915s] [  0%] Built target trajectory_msgs_generate_messages_cpp
[5.931s] [  0%] Built target trajectory_msgs_generate_messages_eus
[5.947s] [  0%] Built target trajectory_msgs_generate_messages_py
[5.982s] [100%] Built target lidar_kf_contour_track
[6.001s] [36mInstall the project...[0m
[6.009s] -- Install configuration: "Release"
[6.009s] -- Up-to-date: /home/agilex/autoware.ai/install/lidar_kf_contour_track/lib/pkgconfig/lidar_kf_contour_track.pc
[6.009s] -- Up-to-date: /home/agilex/autoware.ai/install/lidar_kf_contour_track/share/lidar_kf_contour_track/cmake/lidar_kf_contour_trackConfig.cmake
[6.009s] -- Up-to-date: /home/agilex/autoware.ai/install/lidar_kf_contour_track/share/lidar_kf_contour_track/cmake/lidar_kf_contour_trackConfig-version.cmake
[6.009s] -- Up-to-date: /home/agilex/autoware.ai/install/lidar_kf_contour_track/share/lidar_kf_contour_track/package.xml
[6.009s] -- Up-to-date: /home/agilex/autoware.ai/install/lidar_kf_contour_track/lib/lidar_kf_contour_track/lidar_kf_contour_track
[6.010s] -- Up-to-date: /home/agilex/autoware.ai/install/lidar_kf_contour_track/share/lidar_kf_contour_track/launch
[6.010s] -- Up-to-date: /home/agilex/autoware.ai/install/lidar_kf_contour_track/share/lidar_kf_contour_track/launch/lidar_kf_contour_track.launch
[6.013s] Invoked command in '/home/agilex/autoware.ai/build/lidar_kf_contour_track' returned '0': CMAKE_PREFIX_PATH=/home/agilex/autoware.ai/install/op_ros_helpers:/home/agilex/autoware.ai/install/op_simu:/home/agilex/autoware.ai/install/op_planner:/home/agilex/autoware.ai/install/op_utility:/home/agilex/autoware.ai/install/waypoint_follower:/home/agilex/autoware.ai/install/vector_map_server:/home/agilex/autoware.ai/install/map_file:/home/agilex/autoware.ai/install/vector_map:/home/agilex/autoware.ai/install/autoware_health_checker:/home/agilex/autoware.ai/install/amathutils_lib:/home/agilex/autoware.ai/install/vector_map_msgs:/home/agilex/autoware.ai/install/tablet_socket_msgs:/home/agilex/autoware.ai/install/autoware_system_msgs:/home/agilex/autoware.ai/install/autoware_msgs:/home/agilex/autoware.ai/install/autoware_config_msgs:/home/agilex/autoware.ai/install/autoware_build_flags:${CMAKE_PREFIX_PATH} LD_LIBRARY_PATH=/home/agilex/autoware.ai/install/op_ros_helpers/lib:/home/agilex/autoware.ai/install/op_simu/lib:/home/agilex/autoware.ai/install/op_planner/lib:/home/agilex/autoware.ai/install/op_utility/lib:/home/agilex/autoware.ai/install/waypoint_follower/lib:/home/agilex/autoware.ai/install/map_file/lib:/home/agilex/autoware.ai/install/vector_map/lib:/home/agilex/autoware.ai/install/autoware_health_checker/lib:/home/agilex/autoware.ai/install/amathutils_lib/lib:${LD_LIBRARY_PATH} PKG_CONFIG_PATH=/home/agilex/autoware.ai/install/op_ros_helpers/lib/x86_64-linux-gnu/pkgconfig:/home/agilex/autoware.ai/install/op_ros_helpers/lib/pkgconfig:/home/agilex/autoware.ai/install/op_simu/lib/x86_64-linux-gnu/pkgconfig:/home/agilex/autoware.ai/install/op_simu/lib/pkgconfig:/home/agilex/autoware.ai/install/op_planner/lib/x86_64-linux-gnu/pkgconfig:/home/agilex/autoware.ai/install/op_planner/lib/pkgconfig:/home/agilex/autoware.ai/install/op_utility/lib/x86_64-linux-gnu/pkgconfig:/home/agilex/autoware.ai/install/op_utility/lib/pkgconfig:/home/agilex/autoware.ai/install/waypoint_follower/lib/x86_64-linux-gnu/pkgconfig:/home/agilex/autoware.ai/install/waypoint_follower/lib/pkgconfig:/home/agilex/autoware.ai/install/vector_map_server/lib/x86_64-linux-gnu/pkgconfig:/home/agilex/autoware.ai/install/vector_map_server/lib/pkgconfig:/home/agilex/autoware.ai/install/map_file/lib/x86_64-linux-gnu/pkgconfig:/home/agilex/autoware.ai/install/map_file/lib/pkgconfig:/home/agilex/autoware.ai/install/vector_map/lib/x86_64-linux-gnu/pkgconfig:/home/agilex/autoware.ai/install/vector_map/lib/pkgconfig:/home/agilex/autoware.ai/install/autoware_health_checker/lib/x86_64-linux-gnu/pkgconfig:/home/agilex/autoware.ai/install/autoware_health_checker/lib/pkgconfig:/home/agilex/autoware.ai/install/amathutils_lib/lib/x86_64-linux-gnu/pkgconfig:/home/agilex/autoware.ai/install/amathutils_lib/lib/pkgconfig:/home/agilex/autoware.ai/install/vector_map_msgs/lib/x86_64-linux-gnu/pkgconfig:/home/agilex/autoware.ai/install/vector_map_msgs/lib/pkgconfig:/home/agilex/autoware.ai/install/tablet_socket_msgs/lib/x86_64-linux-gnu/pkgconfig:/home/agilex/autoware.ai/install/tablet_socket_msgs/lib/pkgconfig:/home/agilex/autoware.ai/install/autoware_system_msgs/lib/x86_64-linux-gnu/pkgconfig:/home/agilex/autoware.ai/install/autoware_system_msgs/lib/pkgconfig:/home/agilex/autoware.ai/install/autoware_msgs/lib/x86_64-linux-gnu/pkgconfig:/home/agilex/autoware.ai/install/autoware_msgs/lib/pkgconfig:/home/agilex/autoware.ai/install/autoware_config_msgs/lib/x86_64-linux-gnu/pkgconfig:/home/agilex/autoware.ai/install/autoware_config_msgs/lib/pkgconfig:/home/agilex/autoware.ai/install/autoware_build_flags/lib/x86_64-linux-gnu/pkgconfig:/home/agilex/autoware.ai/install/autoware_build_flags/lib/pkgconfig:${PKG_CONFIG_PATH} PYTHONPATH=/home/agilex/autoware.ai/install/vector_map_server/lib/python2.7/dist-packages:/home/agilex/autoware.ai/install/vector_map_msgs/lib/python2.7/dist-packages:/home/agilex/autoware.ai/install/tablet_socket_msgs/lib/python2.7/dist-packages:/home/agilex/autoware.ai/install/autoware_system_msgs/lib/python2.7/dist-packages:/home/agilex/autoware.ai/install/autoware_msgs/lib/python2.7/dist-packages:/home/agilex/autoware.ai/install/autoware_config_msgs/lib/python2.7/dist-packages:${PYTHONPATH} ROS_PACKAGE_PATH=/home/agilex/autoware.ai/install/op_ros_helpers/share:/home/agilex/autoware.ai/install/op_simu/share:/home/agilex/autoware.ai/install/op_planner/share:/home/agilex/autoware.ai/install/op_utility/share:/home/agilex/autoware.ai/install/waypoint_follower/share:/home/agilex/autoware.ai/install/vector_map_server/share:/home/agilex/autoware.ai/install/map_file/share:/home/agilex/autoware.ai/install/vector_map/share:/home/agilex/autoware.ai/install/autoware_health_checker/share:/home/agilex/autoware.ai/install/amathutils_lib/share:/home/agilex/autoware.ai/install/vector_map_msgs/share:/home/agilex/autoware.ai/install/tablet_socket_msgs/share:/home/agilex/autoware.ai/install/autoware_system_msgs/share:/home/agilex/autoware.ai/install/autoware_msgs/share:/home/agilex/autoware.ai/install/autoware_config_msgs/share:/home/agilex/autoware.ai/install/autoware_build_flags/share:${ROS_PACKAGE_PATH} /usr/bin/cmake --build /home/agilex/autoware.ai/build/lidar_kf_contour_track --target install -- -j8 -l8
