[0.029s] Invoking command in '/home/agilex/autoware.ai/build/lidar_localizer': CMAKE_PREFIX_PATH=/home/agilex/autoware.ai/install/autoware_health_checker:/home/agilex/autoware.ai/install/pcl_omp_registration:/home/agilex/autoware.ai/install/ndt_tku:/home/agilex/autoware.ai/install/ndt_cpu:/home/agilex/autoware.ai/install/autoware_system_msgs:/home/agilex/autoware.ai/install/autoware_msgs:/home/agilex/autoware.ai/install/autoware_config_msgs:/home/agilex/autoware.ai/install/autoware_build_flags:${CMAKE_PREFIX_PATH} LD_LIBRARY_PATH=/home/agilex/autoware.ai/install/autoware_health_checker/lib:/home/agilex/autoware.ai/install/pcl_omp_registration/lib:/home/agilex/autoware.ai/install/ndt_tku/lib:/home/agilex/autoware.ai/install/ndt_cpu/lib:${LD_LIBRARY_PATH} PKG_CONFIG_PATH=/home/agilex/autoware.ai/install/autoware_health_checker/lib/x86_64-linux-gnu/pkgconfig:/home/agilex/autoware.ai/install/autoware_health_checker/lib/pkgconfig:/home/agilex/autoware.ai/install/pcl_omp_registration/lib/x86_64-linux-gnu/pkgconfig:/home/agilex/autoware.ai/install/pcl_omp_registration/lib/pkgconfig:/home/agilex/autoware.ai/install/ndt_tku/lib/x86_64-linux-gnu/pkgconfig:/home/agilex/autoware.ai/install/ndt_tku/lib/pkgconfig:/home/agilex/autoware.ai/install/ndt_cpu/lib/x86_64-linux-gnu/pkgconfig:/home/agilex/autoware.ai/install/ndt_cpu/lib/pkgconfig:/home/agilex/autoware.ai/install/autoware_system_msgs/lib/x86_64-linux-gnu/pkgconfig:/home/agilex/autoware.ai/install/autoware_system_msgs/lib/pkgconfig:/home/agilex/autoware.ai/install/autoware_msgs/lib/x86_64-linux-gnu/pkgconfig:/home/agilex/autoware.ai/install/autoware_msgs/lib/pkgconfig:/home/agilex/autoware.ai/install/autoware_config_msgs/lib/x86_64-linux-gnu/pkgconfig:/home/agilex/autoware.ai/install/autoware_config_msgs/lib/pkgconfig:/home/agilex/autoware.ai/install/autoware_build_flags/lib/x86_64-linux-gnu/pkgconfig:/home/agilex/autoware.ai/install/autoware_build_flags/lib/pkgconfig:${PKG_CONFIG_PATH} PYTHONPATH=/home/agilex/autoware.ai/install/autoware_system_msgs/lib/python2.7/dist-packages:/home/agilex/autoware.ai/install/autoware_msgs/lib/python2.7/dist-packages:/home/agilex/autoware.ai/install/autoware_config_msgs/lib/python2.7/dist-packages:${PYTHONPATH} ROS_PACKAGE_PATH=/home/agilex/autoware.ai/install/autoware_health_checker/share:/home/agilex/autoware.ai/install/pcl_omp_registration/share:/home/agilex/autoware.ai/install/ndt_tku/share:/home/agilex/autoware.ai/install/ndt_cpu/share:/home/agilex/autoware.ai/install/autoware_system_msgs/share:/home/agilex/autoware.ai/install/autoware_msgs/share:/home/agilex/autoware.ai/install/autoware_config_msgs/share:/home/agilex/autoware.ai/install/autoware_build_flags/share:${ROS_PACKAGE_PATH} /usr/bin/cmake /home/agilex/autoware.ai/src/autoware/core_perception/lidar_localizer -DCMAKE_BUILD_TYPE=Release -DCATKIN_INSTALL_INTO_PREFIX_ROOT=0 -DCMAKE_INSTALL_PREFIX=/home/agilex/autoware.ai/install/lidar_localizer
[0.093s] -- The C compiler identification is GNU 7.5.0
[0.148s] -- The CXX compiler identification is GNU 7.5.0
[0.154s] -- Check for working C compiler: /usr/bin/cc
[0.216s] -- Check for working C compiler: /usr/bin/cc -- works
[0.217s] -- Detecting C compiler ABI info
[0.284s] -- Detecting C compiler ABI info - done
[0.293s] -- Detecting C compile features
[0.479s] -- Detecting C compile features - done
[0.482s] -- Check for working CXX compiler: /usr/bin/c++
[0.555s] -- Check for working CXX compiler: /usr/bin/c++ -- works
[0.556s] -- Detecting CXX compiler ABI info
[0.628s] -- Detecting CXX compiler ABI info - done
[0.635s] -- Detecting CXX compile features
[0.944s] -- Detecting CXX compile features - done
[0.952s] -- Checking for module 'eigen3'
[0.971s] --   Found eigen3, version 3.3.4
[1.009s] -- Found eigen: /usr/include/eigen3  
[1.051s] -- Looking for pthread.h
[1.118s] -- Looking for pthread.h - found
[1.118s] -- Looking for pthread_create
[1.179s] -- Looking for pthread_create - not found
[1.183s] -- Looking for pthread_create in pthreads
[1.234s] -- Looking for pthread_create in pthreads - not found
[1.234s] -- Looking for pthread_create in pthread
[1.301s] -- Looking for pthread_create in pthread - found
[1.303s] -- Found Threads: TRUE  
[1.347s] -- Boost version: 1.65.1
[1.347s] -- Found the following Boost libraries:
[1.348s] --   system
[1.348s] --   filesystem
[1.348s] --   thread
[1.348s] --   date_time
[1.348s] --   iostreams
[1.348s] --   serialization
[1.348s] --   chrono
[1.348s] --   atomic
[1.348s] --   regex
[1.350s] -- Checking for module 'libopenni'
[1.364s] --   Found libopenni, version 1.5.4.0
[1.404s] -- Found openni: /usr/lib/libOpenNI.so  
[1.405s] -- Checking for module 'libopenni2'
[1.419s] --   Found libopenni2, version 2.2.0.3
[1.467s] -- Found OpenNI2: /usr/lib/libOpenNI2.so  
[1.468s] -- Could NOT find ensenso (missing: ENSENSO_LIBRARY ENSENSO_INCLUDE_DIR) 
[1.468s] ** WARNING ** io features related to ensenso will be disabled
[1.472s] -- Could NOT find DAVIDSDK (missing: DAVIDSDK_LIBRARY DAVIDSDK_INCLUDE_DIR) 
[1.472s] ** WARNING ** io features related to davidSDK will be disabled
[1.473s] -- Could NOT find DSSDK (missing: _DSSDK_LIBRARIES) 
[1.473s] ** WARNING ** io features related to dssdk will be disabled
[1.474s] ** WARNING ** io features related to pcap will be disabled
[1.474s] ** WARNING ** io features related to png will be disabled
[1.529s] -- The imported target "vtkRenderingPythonTkWidgets" references the file
[1.529s]    "/usr/lib/x86_64-linux-gnu/libvtkRenderingPythonTkWidgets.so"
[1.529s] but this file does not exist.  Possible reasons include:
[1.530s] * The file was deleted, renamed, or moved to another location.
[1.530s] * An install or uninstall procedure did not complete successfully.
[1.530s] * The installation package was faulty and contained
[1.530s]    "/usr/lib/cmake/vtk-6.3/VTKTargets.cmake"
[1.530s] but not all the files it references.
[1.530s] 
[1.530s] -- The imported target "vtk" references the file
[1.530s]    "/usr/bin/vtk"
[1.530s] but this file does not exist.  Possible reasons include:
[1.530s] * The file was deleted, renamed, or moved to another location.
[1.530s] * An install or uninstall procedure did not complete successfully.
[1.531s] * The installation package was faulty and contained
[1.531s]    "/usr/lib/cmake/vtk-6.3/VTKTargets.cmake"
[1.531s] but not all the files it references.
[1.531s] 
[1.596s] -- Found libusb-1.0: /usr/include  
[1.596s] ** WARNING ** io features related to libusb-1.0 will be disabled
[1.597s] -- Checking for module 'flann'
[1.611s] --   Found flann, version 1.9.1
[1.667s] -- Found Flann: /usr/lib/x86_64-linux-gnu/libflann_cpp_s.a  
[1.709s] -- Could NOT find ensenso (missing: ENSENSO_LIBRARY ENSENSO_INCLUDE_DIR) 
[1.710s] ** WARNING ** visualization features related to ensenso will be disabled
[1.713s] -- Could NOT find DAVIDSDK (missing: DAVIDSDK_LIBRARY DAVIDSDK_INCLUDE_DIR) 
[1.713s] ** WARNING ** visualization features related to davidSDK will be disabled
[1.715s] -- Could NOT find DSSDK (missing: _DSSDK_LIBRARIES) 
[1.715s] ** WARNING ** visualization features related to dssdk will be disabled
[1.716s] -- Could NOT find RSSDK (missing: _RSSDK_LIBRARIES) 
[1.717s] ** WARNING ** visualization features related to rssdk will be disabled
[1.754s] -- Found qhull: /usr/lib/x86_64-linux-gnu/libqhull.so  
[1.789s] -- looking for PCL_COMMON
[1.791s] -- Found PCL_COMMON: /usr/lib/x86_64-linux-gnu/libpcl_common.so  
[1.791s] -- looking for PCL_OCTREE
[1.792s] -- Found PCL_OCTREE: /usr/lib/x86_64-linux-gnu/libpcl_octree.so  
[1.792s] -- looking for PCL_IO
[1.794s] -- Found PCL_IO: /usr/lib/x86_64-linux-gnu/libpcl_io.so  
[1.794s] -- looking for PCL_KDTREE
[1.796s] -- Found PCL_KDTREE: /usr/lib/x86_64-linux-gnu/libpcl_kdtree.so  
[1.796s] -- looking for PCL_SEARCH
[1.798s] -- Found PCL_SEARCH: /usr/lib/x86_64-linux-gnu/libpcl_search.so  
[1.798s] -- looking for PCL_SAMPLE_CONSENSUS
[1.800s] -- Found PCL_SAMPLE_CONSENSUS: /usr/lib/x86_64-linux-gnu/libpcl_sample_consensus.so  
[1.800s] -- looking for PCL_FILTERS
[1.801s] -- Found PCL_FILTERS: /usr/lib/x86_64-linux-gnu/libpcl_filters.so  
[1.802s] -- looking for PCL_2D
[1.802s] -- Found PCL_2D: /usr/include/pcl-1.8  
[1.803s] -- looking for PCL_GEOMETRY
[1.803s] -- Found PCL_GEOMETRY: /usr/include/pcl-1.8  
[1.803s] -- looking for PCL_FEATURES
[1.805s] -- Found PCL_FEATURES: /usr/lib/x86_64-linux-gnu/libpcl_features.so  
[1.805s] -- looking for PCL_ML
[1.807s] -- Found PCL_ML: /usr/lib/x86_64-linux-gnu/libpcl_ml.so  
[1.807s] -- looking for PCL_SEGMENTATION
[1.809s] -- Found PCL_SEGMENTATION: /usr/lib/x86_64-linux-gnu/libpcl_segmentation.so  
[1.810s] -- looking for PCL_VISUALIZATION
[1.811s] -- Found PCL_VISUALIZATION: /usr/lib/x86_64-linux-gnu/libpcl_visualization.so  
[1.812s] -- looking for PCL_SURFACE
[1.813s] -- Found PCL_SURFACE: /usr/lib/x86_64-linux-gnu/libpcl_surface.so  
[1.814s] -- looking for PCL_REGISTRATION
[1.815s] -- Found PCL_REGISTRATION: /usr/lib/x86_64-linux-gnu/libpcl_registration.so  
[1.816s] -- looking for PCL_KEYPOINTS
[1.818s] -- Found PCL_KEYPOINTS: /usr/lib/x86_64-linux-gnu/libpcl_keypoints.so  
[1.818s] -- looking for PCL_TRACKING
[1.820s] -- Found PCL_TRACKING: /usr/lib/x86_64-linux-gnu/libpcl_tracking.so  
[1.820s] -- looking for PCL_RECOGNITION
[1.822s] -- Found PCL_RECOGNITION: /usr/lib/x86_64-linux-gnu/libpcl_recognition.so  
[1.823s] -- looking for PCL_STEREO
[1.825s] -- Found PCL_STEREO: /usr/lib/x86_64-linux-gnu/libpcl_stereo.so  
[1.825s] -- looking for PCL_APPS
[1.827s] -- Found PCL_APPS: /usr/lib/x86_64-linux-gnu/libpcl_apps.so  
[1.829s] -- looking for PCL_IN_HAND_SCANNER
[1.830s] -- Found PCL_IN_HAND_SCANNER: /usr/include/pcl-1.8  
[1.830s] -- looking for PCL_MODELER
[1.831s] -- Found PCL_MODELER: /usr/include/pcl-1.8  
[1.831s] -- looking for PCL_POINT_CLOUD_EDITOR
[1.832s] -- Found PCL_POINT_CLOUD_EDITOR: /usr/include/pcl-1.8  
[1.832s] -- looking for PCL_OUTOFCORE
[1.833s] -- Found PCL_OUTOFCORE: /usr/lib/x86_64-linux-gnu/libpcl_outofcore.so  
[1.834s] -- looking for PCL_PEOPLE
[1.835s] -- Found PCL_PEOPLE: /usr/lib/x86_64-linux-gnu/libpcl_people.so  
[1.864s] -- Found PCL: /usr/lib/x86_64-linux-gnu/libboost_system.so;/usr/lib/x86_64-linux-gnu/libboost_filesystem.so;/usr/lib/x86_64-linux-gnu/libboost_thread.so;/usr/lib/x86_64-linux-gnu/libboost_date_time.so;/usr/lib/x86_64-linux-gnu/libboost_iostreams.so;/usr/lib/x86_64-linux-gnu/libboost_serialization.so;/usr/lib/x86_64-linux-gnu/libboost_chrono.so;/usr/lib/x86_64-linux-gnu/libboost_atomic.so;/usr/lib/x86_64-linux-gnu/libboost_regex.so;/usr/lib/x86_64-linux-gnu/libpthread.so;optimized;/usr/lib/x86_64-linux-gnu/libpcl_common.so;debug;/usr/lib/x86_64-linux-gnu/libpcl_common.so;optimized;/usr/lib/x86_64-linux-gnu/libpcl_octree.so;debug;/usr/lib/x86_64-linux-gnu/libpcl_octree.so;/usr/lib/libOpenNI.so;/usr/lib/libOpenNI2.so;vtkChartsCore;vtkCommonColor;vtkCommonDataModel;vtkCommonMath;vtkCommonCore;vtksys;vtkCommonMisc;vtkCommonSystem;vtkCommonTransforms;vtkInfovisCore;vtkFiltersExtraction;vtkCommonExecutionModel;vtkFiltersCore;vtkFiltersGeneral;vtkCommonComputationalGeometry;vtkFiltersStatistics;vtkImagingFourier;vtkImagingCore;vtkalglib;vtkRenderingContext2D;vtkRenderingCore;vtkFiltersGeometry;vtkFiltersSources;vtkRenderingFreeType;/usr/lib/x86_64-linux-gnu/libfreetype.so;/usr/lib/x86_64-linux-gnu/libz.so;vtkftgl;vtkDICOMParser;vtkDomainsChemistry;vtkIOXML;vtkIOGeometry;vtkIOCore;vtkIOXMLParser;/usr/lib/x86_64-linux-gnu/libexpat.so;vtkFiltersAMR;vtkParallelCore;vtkIOLegacy;vtkFiltersFlowPaths;vtkFiltersGeneric;vtkFiltersHybrid;vtkImagingSources;vtkFiltersHyperTree;vtkFiltersImaging;vtkImagingGeneral;vtkFiltersModeling;vtkFiltersParallel;vtkFiltersParallelFlowPaths;vtkParallelMPI;vtkFiltersParallelGeometry;vtkFiltersParallelImaging;vtkFiltersParallelMPI;vtkFiltersParallelStatistics;vtkFiltersProgrammable;vtkFiltersPython;/usr/lib/x86_64-linux-gnu/libpython2.7.so;vtkWrappingPythonCore;vtkWrappingTools;vtkFiltersReebGraph;vtkFiltersSMP;vtkFiltersSelection;vtkFiltersTexture;vtkFiltersVerdict;verdict;vtkGUISupportQt;vtkInteractionStyle;vtkRenderingOpenGL;vtkImagingHybrid;vtkIOImage;vtkmetaio;/usr/lib/x86_64-linux-gnu/libjpeg.so;/usr/lib/x86_64-linux-gnu/libpng.so;/usr/lib/x86_64-linux-gnu/libtiff.so;vtkGUISupportQtOpenGL;vtkGUISupportQtSQL;vtkIOSQL;sqlite3;vtkGUISupportQtWebkit;vtkViewsQt;vtkViewsInfovis;vtkInfovisLayout;vtkInfovisBoostGraphAlgorithms;vtkRenderingLabel;vtkViewsCore;vtkInteractionWidgets;vtkRenderingAnnotation;vtkImagingColor;vtkRenderingVolume;vtkGeovisCore;/usr/lib/x86_64-linux-gnu/libproj.so;vtkIOAMR;/usr/lib/x86_64-linux-gnu/hdf5/openmpi/libhdf5.so;/usr/lib/x86_64-linux-gnu/libsz.so;/usr/lib/x86_64-linux-gnu/libdl.so;/usr/lib/x86_64-linux-gnu/libm.so;/usr/lib/x86_64-linux-gnu/openmpi/lib/libmpi.so;vtkIOEnSight;vtkIOExodus;vtkexoIIc;/usr/lib/x86_64-linux-gnu/libnetcdf_c++.so;/usr/lib/x86_64-linux-gnu/libnetcdf.so;vtkIOExport;vtkRenderingGL2PS;vtkRenderingContextOpenGL;/usr/lib/x86_64-linux-gnu/libgl2ps.so;vtkIOFFMPEG;vtkIOMovie;/usr/lib/x86_64-linux-gnu/libtheoraenc.so;/usr/lib/x86_64-linux-gnu/libtheoradec.so;/usr/lib/x86_64-linux-gnu/libogg.so;vtkIOGDAL;vtkIOGeoJSON;vtkIOImport;vtkIOInfovis;/usr/lib/x86_64-linux-gnu/libxml2.so;vtkIOLSDyna;vtkIOMINC;vtkIOMPIImage;vtkIOMPIParallel;vtkIOParallel;vtkIONetCDF;/usr/lib/x86_64-linux-gnu/libjsoncpp.so;vtkIOMySQL;vtkIOODBC;vtkIOPLY;vtkIOParallelExodus;vtkIOParallelLSDyna;vtkIOParallelNetCDF;vtkIOParallelXML;vtkIOPostgreSQL;vtkIOVPIC;VPIC;vtkIOVideo;vtkIOXdmf2;vtkxdmf2;vtkImagingMath;vtkImagingMorphological;vtkImagingStatistics;vtkImagingStencil;vtkInteractionImage;vtkLocalExample;vtkParallelMPI4Py;vtkPythonInterpreter;vtkRenderingExternal;vtkRenderingFreeTypeFontConfig;vtkRenderingImage;vtkRenderingLIC;vtkRenderingLOD;vtkRenderingMatplotlib;vtkRenderingParallel;vtkRenderingParallelLIC;vtkRenderingQt;vtkRenderingVolumeAMR;vtkRenderingVolumeOpenGL;vtkTestingGenericBridge;vtkTestingIOSQL;vtkTestingRendering;vtkViewsContext2D;vtkViewsGeovis;vtkWrappingJava;optimized;/usr/lib/x86_64-linux-gnu/libpcl_io.so;debug;/usr/lib/x86_64-linux-gnu/libpcl_io.so;optimized;/usr/lib/x86_64-linux-gnu/libflann_cpp_s.a;debug;/usr/lib/x86_64-linux-gnu/libflann_cpp_s.a;optimized;/usr/lib/x86_64-linux-gnu/libpcl_kdtree.so;debug;/usr/lib/x86_64-linux-gnu/libpcl_kdtree.so;optimized;/usr/lib/x86_64-linux-gnu/libpcl_search.so;debug;/usr/lib/x86_64-linux-gnu/libpcl_search.so;optimized;/usr/lib/x86_64-linux-gnu/libpcl_sample_consensus.so;debug;/usr/lib/x86_64-linux-gnu/libpcl_sample_consensus.so;optimized;/usr/lib/x86_64-linux-gnu/libpcl_filters.so;debug;/usr/lib/x86_64-linux-gnu/libpcl_filters.so;optimized;/usr/lib/x86_64-linux-gnu/libpcl_features.so;debug;/usr/lib/x86_64-linux-gnu/libpcl_features.so;optimized;/usr/lib/x86_64-linux-gnu/libpcl_ml.so;debug;/usr/lib/x86_64-linux-gnu/libpcl_ml.so;optimized;/usr/lib/x86_64-linux-gnu/libpcl_segmentation.so;debug;/usr/lib/x86_64-linux-gnu/libpcl_segmentation.so;optimized;/usr/lib/x86_64-linux-gnu/libpcl_visualization.so;debug;/usr/lib/x86_64-linux-gnu/libpcl_visualization.so;optimized;/usr/lib/x86_64-linux-gnu/libqhull.so;debug;/usr/lib/x86_64-linux-gnu/libqhull.so;optimized;/usr/lib/x86_64-linux-gnu/libpcl_surface.so;debug;/usr/lib/x86_64-linux-gnu/libpcl_surface.so;optimized;/usr/lib/x86_64-linux-gnu/libpcl_registration.so;debug;/usr/lib/x86_64-linux-gnu/libpcl_registration.so;optimized;/usr/lib/x86_64-linux-gnu/libpcl_keypoints.so;debug;/usr/lib/x86_64-linux-gnu/libpcl_keypoints.so;optimized;/usr/lib/x86_64-linux-gnu/libpcl_tracking.so;debug;/usr/lib/x86_64-linux-gnu/libpcl_tracking.so;optimized;/usr/lib/x86_64-linux-gnu/libpcl_recognition.so;debug;/usr/lib/x86_64-linux-gnu/libpcl_recognition.so;optimized;/usr/lib/x86_64-linux-gnu/libpcl_stereo.so;debug;/usr/lib/x86_64-linux-gnu/libpcl_stereo.so;optimized;/usr/lib/x86_64-linux-gnu/libpcl_apps.so;debug;/usr/lib/x86_64-linux-gnu/libpcl_apps.so;optimized;/usr/lib/x86_64-linux-gnu/libpcl_outofcore.so;debug;/usr/lib/x86_64-linux-gnu/libpcl_outofcore.so;optimized;/usr/lib/x86_64-linux-gnu/libpcl_people.so;debug;/usr/lib/x86_64-linux-gnu/libpcl_people.so;/usr/lib/x86_64-linux-gnu/libboost_system.so;/usr/lib/x86_64-linux-gnu/libboost_filesystem.so;/usr/lib/x86_64-linux-gnu/libboost_thread.so;/usr/lib/x86_64-linux-gnu/libboost_date_time.so;/usr/lib/x86_64-linux-gnu/libboost_iostreams.so;/usr/lib/x86_64-linux-gnu/libboost_serialization.so;/usr/lib/x86_64-linux-gnu/libboost_chrono.so;/usr/lib/x86_64-linux-gnu/libboost_atomic.so;/usr/lib/x86_64-linux-gnu/libboost_regex.so;/usr/lib/x86_64-linux-gnu/libpthread.so;optimized;/usr/lib/x86_64-linux-gnu/libqhull.so;debug;/usr/lib/x86_64-linux-gnu/libqhull.so;/usr/lib/libOpenNI.so;/usr/lib/libOpenNI2.so;optimized;/usr/lib/x86_64-linux-gnu/libflann_cpp_s.a;debug;/usr/lib/x86_64-linux-gnu/libflann_cpp_s.a;vtkChartsCore;vtkCommonColor;vtkCommonDataModel;vtkCommonMath;vtkCommonCore;vtksys;vtkCommonMisc;vtkCommonSystem;vtkCommonTransforms;vtkInfovisCore;vtkFiltersExtraction;vtkCommonExecutionModel;vtkFiltersCore;vtkFiltersGeneral;vtkCommonComputationalGeometry;vtkFiltersStatistics;vtkImagingFourier;vtkImagingCore;vtkalglib;vtkRenderingContext2D;vtkRenderingCore;vtkFiltersGeometry;vtkFiltersSources;vtkRenderingFreeType;/usr/lib/x86_64-linux-gnu/libfreetype.so;/usr/lib/x86_64-linux-gnu/libz.so;vtkftgl;vtkDICOMParser;vtkDomainsChemistry;vtkIOXML;vtkIOGeometry;vtkIOCore;vtkIOXMLParser;/usr/lib/x86_64-linux-gnu/libexpat.so;vtkFiltersAMR;vtkParallelCore;vtkIOLegacy;vtkFiltersFlowPaths;vtkFiltersGeneric;vtkFiltersHybrid;vtkImagingSources;vtkFiltersHyperTree;vtkFiltersImaging;vtkImagingGeneral;vtkFiltersModeling;vtkFiltersParallel;vtkFiltersParallelFlowPaths;vtkParallelMPI;vtkFiltersParallelGeometry;vtkFiltersParallelImaging;vtkFiltersParallelMPI;vtkFiltersParallelStatistics;vtkFiltersProgrammable;vtkFiltersPython;/usr/lib/x86_64-linux-gnu/libpython2.7.so;vtkWrappingPythonCore;vtkWrappingTools;vtkFiltersReebGraph;vtkFiltersSMP;vtkFiltersSelection;vtkFiltersTexture;vtkFiltersVerdict;verdict;vtkGUISupportQt;vtkInteractionStyle;vtkRenderingOpenGL;vtkImagingHybrid;vtkIOImage;vtkmetaio;/usr/lib/x86_64-linux-gnu/libjpeg.so;/usr/lib/x86_64-linux-gnu/libpng.so;/usr/lib/x86_64-linux-gnu/libtiff.so;vtkGUISupportQtOpenGL;vtkGUISupportQtSQL;vtkIOSQL;sqlite3;vtkGUISupportQtWebkit;vtkViewsQt;vtkViewsInfovis;vtkInfovisLayout;vtkInfovisBoostGraphAlgorithms;vtkRenderingLabel;vtkViewsCore;vtkInteractionWidgets;vtkRenderingAnnotation;vtkImagingColor;vtkRenderingVolume;vtkGeovisCore;/usr/lib/x86_64-linux-gnu/libproj.so;vtkIOAMR;/usr/lib/x86_64-linux-gnu/hdf5/openmpi/libhdf5.so;/usr/lib/x86_64-linux-gnu/libsz.so;/usr/lib/x86_64-linux-gnu/libdl.so;/usr/lib/x86_64-linux-gnu/libm.so;/usr/lib/x86_64-linux-gnu/openmpi/lib/libmpi.so;vtkIOEnSight;vtkIOExodus;vtkexoIIc;/usr/lib/x86_64-linux-gnu/libnetcdf_c++.so;/usr/lib/x86_64-linux-gnu/libnetcdf.so;vtkIOExport;vtkRenderingGL2PS;vtkRenderingContextOpenGL;/usr/lib/x86_64-linux-gnu/libgl2ps.so;vtkIOFFMPEG;vtkIOMovie;/usr/lib/x86_64-linux-gnu/libtheoraenc.so;/usr/lib/x86_64-linux-gnu/libtheoradec.so;/usr/lib/x86_64-linux-gnu/libogg.so;vtkIOGDAL;vtkIOGeoJSON;vtkIOImport;vtkIOInfovis;/usr/lib/x86_64-linux-gnu/libxml2.so;vtkIOLSDyna;vtkIOMINC;vtkIOMPIImage;vtkIOMPIParallel;vtkIOParallel;vtkIONetCDF;/usr/lib/x86_64-linux-gnu/libjsoncpp.so;vtkIOMySQL;vtkIOODBC;vtkIOPLY;vtkIOParallelExodus;vtkIOParallelLSDyna;vtkIOParallelNetCDF;vtkIOParallelXML;vtkIOPostgreSQL;vtkIOVPIC;VPIC;vtkIOVideo;vtkIOXdmf2;vtkxdmf2;vtkImagingMath;vtkImagingMorphological;vtkImagingStatistics;vtkImagingStencil;vtkInteractionImage;vtkLocalExample;vtkParallelMPI4Py;vtkPythonInterpreter;vtkRenderingExternal;vtkRenderingFreeTypeFontConfig;vtkRenderingImage;vtkRenderingLIC;vtkRenderingLOD;vtkRenderingMatplotlib;vtkRenderingParallel;vtkRenderingParallelLIC;vtkRenderingQt;vtkRenderingVolumeAMR;vtkRenderingVolumeOpenGL;vtkTestingGenericBridge;vtkTestingIOSQL;vtkTestingRendering;vtkViewsContext2D;vtkViewsGeovis;vtkWrappingJava  
[2.091s] -- Found OpenMP_C: -fopenmp (found version "4.5") 
[2.193s] -- Found OpenMP_CXX: -fopenmp (found version "4.5") 
[2.194s] -- Found OpenMP: TRUE (found version "4.5")  
[2.196s] CUDA_TOOLKIT_ROOT_DIR not found or specified
[2.203s] -- Could NOT find CUDA (missing: CUDA_TOOLKIT_ROOT_DIR CUDA_NVCC_EXECUTABLE CUDA_INCLUDE_DIRS CUDA_CUDART_LIBRARY) 
[2.207s] -- CUDA compilation status: .
[2.268s] -- Using CATKIN_DEVEL_PREFIX: /home/agilex/autoware.ai/build/lidar_localizer/devel
[2.268s] -- Using CMAKE_PREFIX_PATH: /home/agilex/autoware.ai/install/autoware_health_checker;/home/agilex/autoware.ai/install/pcl_omp_registration;/home/agilex/autoware.ai/install/ndt_tku;/home/agilex/autoware.ai/install/ndt_cpu;/home/agilex/autoware.ai/install/autoware_system_msgs;/home/agilex/autoware.ai/install/autoware_msgs;/home/agilex/autoware.ai/install/autoware_config_msgs;/home/agilex/autoware.ai/install/autoware_build_flags;/opt/ros/melodic
[2.268s] -- This workspace overlays: /home/agilex/autoware.ai/install/autoware_health_checker;/home/agilex/autoware.ai/install/pcl_omp_registration;/home/agilex/autoware.ai/install/ndt_tku;/home/agilex/autoware.ai/install/ndt_cpu;/home/agilex/autoware.ai/install/autoware_system_msgs;/home/agilex/autoware.ai/install/autoware_msgs;/home/agilex/autoware.ai/install/autoware_config_msgs;/home/agilex/autoware.ai/install/autoware_build_flags;/opt/ros/melodic
[2.282s] -- Found PythonInterp: /usr/bin/python2 (found suitable version "2.7.17", minimum required is "2") 
[2.283s] -- Using PYTHON_EXECUTABLE: /usr/bin/python2
[2.283s] -- Using Debian Python package layout
[2.284s] -- Using empy: /usr/bin/empy
[2.444s] -- Using CATKIN_ENABLE_TESTING: ON
[2.445s] -- Call enable_testing()
[2.447s] -- Using CATKIN_TEST_RESULTS_DIR: /home/agilex/autoware.ai/build/lidar_localizer/test_results
[2.463s] -- Found gtest sources under '/usr/src/googletest': gtests will be built
[2.463s] -- Found gmock sources under '/usr/src/googletest': gmock will be built
[2.484s] -- Found PythonInterp: /usr/bin/python2 (found version "2.7.17") 
[2.490s] -- Using Python nosetests: /usr/bin/nosetests-2.7
[2.534s] -- catkin 0.7.29
[2.534s] -- BUILD_SHARED_LIBS is on
[2.627s] -- Using these message generators: gencpp;geneus;genlisp;gennodejs;genpy
[2.637s] CMake Warning at /home/agilex/autoware.ai/install/autoware_build_flags/share/autoware_build_flags/cmake/autoware_build_flags-extras.cmake:36 (message):
[2.637s]   CUDA support is disabled.  Set the AUTOWARE_COMPILE_WITH_CUDA environment
[2.637s]   variable and recompile to enable it
[2.637s] Call Stack (most recent call first):
[2.637s]   CMakeLists.txt:22 (AW_CHECK_CUDA)
[2.637s] 
[2.637s] 
[4.848s] -- Configuring done
[5.269s] -- Generating done
[5.290s] -- Build files have been written to: /home/agilex/autoware.ai/build/lidar_localizer
[5.306s] Invoked command in '/home/agilex/autoware.ai/build/lidar_localizer' returned '0': CMAKE_PREFIX_PATH=/home/agilex/autoware.ai/install/autoware_health_checker:/home/agilex/autoware.ai/install/pcl_omp_registration:/home/agilex/autoware.ai/install/ndt_tku:/home/agilex/autoware.ai/install/ndt_cpu:/home/agilex/autoware.ai/install/autoware_system_msgs:/home/agilex/autoware.ai/install/autoware_msgs:/home/agilex/autoware.ai/install/autoware_config_msgs:/home/agilex/autoware.ai/install/autoware_build_flags:${CMAKE_PREFIX_PATH} LD_LIBRARY_PATH=/home/agilex/autoware.ai/install/autoware_health_checker/lib:/home/agilex/autoware.ai/install/pcl_omp_registration/lib:/home/agilex/autoware.ai/install/ndt_tku/lib:/home/agilex/autoware.ai/install/ndt_cpu/lib:${LD_LIBRARY_PATH} PKG_CONFIG_PATH=/home/agilex/autoware.ai/install/autoware_health_checker/lib/x86_64-linux-gnu/pkgconfig:/home/agilex/autoware.ai/install/autoware_health_checker/lib/pkgconfig:/home/agilex/autoware.ai/install/pcl_omp_registration/lib/x86_64-linux-gnu/pkgconfig:/home/agilex/autoware.ai/install/pcl_omp_registration/lib/pkgconfig:/home/agilex/autoware.ai/install/ndt_tku/lib/x86_64-linux-gnu/pkgconfig:/home/agilex/autoware.ai/install/ndt_tku/lib/pkgconfig:/home/agilex/autoware.ai/install/ndt_cpu/lib/x86_64-linux-gnu/pkgconfig:/home/agilex/autoware.ai/install/ndt_cpu/lib/pkgconfig:/home/agilex/autoware.ai/install/autoware_system_msgs/lib/x86_64-linux-gnu/pkgconfig:/home/agilex/autoware.ai/install/autoware_system_msgs/lib/pkgconfig:/home/agilex/autoware.ai/install/autoware_msgs/lib/x86_64-linux-gnu/pkgconfig:/home/agilex/autoware.ai/install/autoware_msgs/lib/pkgconfig:/home/agilex/autoware.ai/install/autoware_config_msgs/lib/x86_64-linux-gnu/pkgconfig:/home/agilex/autoware.ai/install/autoware_config_msgs/lib/pkgconfig:/home/agilex/autoware.ai/install/autoware_build_flags/lib/x86_64-linux-gnu/pkgconfig:/home/agilex/autoware.ai/install/autoware_build_flags/lib/pkgconfig:${PKG_CONFIG_PATH} PYTHONPATH=/home/agilex/autoware.ai/install/autoware_system_msgs/lib/python2.7/dist-packages:/home/agilex/autoware.ai/install/autoware_msgs/lib/python2.7/dist-packages:/home/agilex/autoware.ai/install/autoware_config_msgs/lib/python2.7/dist-packages:${PYTHONPATH} ROS_PACKAGE_PATH=/home/agilex/autoware.ai/install/autoware_health_checker/share:/home/agilex/autoware.ai/install/pcl_omp_registration/share:/home/agilex/autoware.ai/install/ndt_tku/share:/home/agilex/autoware.ai/install/ndt_cpu/share:/home/agilex/autoware.ai/install/autoware_system_msgs/share:/home/agilex/autoware.ai/install/autoware_msgs/share:/home/agilex/autoware.ai/install/autoware_config_msgs/share:/home/agilex/autoware.ai/install/autoware_build_flags/share:${ROS_PACKAGE_PATH} /usr/bin/cmake /home/agilex/autoware.ai/src/autoware/core_perception/lidar_localizer -DCMAKE_BUILD_TYPE=Release -DCATKIN_INSTALL_INTO_PREFIX_ROOT=0 -DCMAKE_INSTALL_PREFIX=/home/agilex/autoware.ai/install/lidar_localizer
[5.306s] Invoking command in '/home/agilex/autoware.ai/build/lidar_localizer': CMAKE_PREFIX_PATH=/home/agilex/autoware.ai/install/autoware_health_checker:/home/agilex/autoware.ai/install/pcl_omp_registration:/home/agilex/autoware.ai/install/ndt_tku:/home/agilex/autoware.ai/install/ndt_cpu:/home/agilex/autoware.ai/install/autoware_system_msgs:/home/agilex/autoware.ai/install/autoware_msgs:/home/agilex/autoware.ai/install/autoware_config_msgs:/home/agilex/autoware.ai/install/autoware_build_flags:${CMAKE_PREFIX_PATH} LD_LIBRARY_PATH=/home/agilex/autoware.ai/install/autoware_health_checker/lib:/home/agilex/autoware.ai/install/pcl_omp_registration/lib:/home/agilex/autoware.ai/install/ndt_tku/lib:/home/agilex/autoware.ai/install/ndt_cpu/lib:${LD_LIBRARY_PATH} PKG_CONFIG_PATH=/home/agilex/autoware.ai/install/autoware_health_checker/lib/x86_64-linux-gnu/pkgconfig:/home/agilex/autoware.ai/install/autoware_health_checker/lib/pkgconfig:/home/agilex/autoware.ai/install/pcl_omp_registration/lib/x86_64-linux-gnu/pkgconfig:/home/agilex/autoware.ai/install/pcl_omp_registration/lib/pkgconfig:/home/agilex/autoware.ai/install/ndt_tku/lib/x86_64-linux-gnu/pkgconfig:/home/agilex/autoware.ai/install/ndt_tku/lib/pkgconfig:/home/agilex/autoware.ai/install/ndt_cpu/lib/x86_64-linux-gnu/pkgconfig:/home/agilex/autoware.ai/install/ndt_cpu/lib/pkgconfig:/home/agilex/autoware.ai/install/autoware_system_msgs/lib/x86_64-linux-gnu/pkgconfig:/home/agilex/autoware.ai/install/autoware_system_msgs/lib/pkgconfig:/home/agilex/autoware.ai/install/autoware_msgs/lib/x86_64-linux-gnu/pkgconfig:/home/agilex/autoware.ai/install/autoware_msgs/lib/pkgconfig:/home/agilex/autoware.ai/install/autoware_config_msgs/lib/x86_64-linux-gnu/pkgconfig:/home/agilex/autoware.ai/install/autoware_config_msgs/lib/pkgconfig:/home/agilex/autoware.ai/install/autoware_build_flags/lib/x86_64-linux-gnu/pkgconfig:/home/agilex/autoware.ai/install/autoware_build_flags/lib/pkgconfig:${PKG_CONFIG_PATH} PYTHONPATH=/home/agilex/autoware.ai/install/autoware_system_msgs/lib/python2.7/dist-packages:/home/agilex/autoware.ai/install/autoware_msgs/lib/python2.7/dist-packages:/home/agilex/autoware.ai/install/autoware_config_msgs/lib/python2.7/dist-packages:${PYTHONPATH} ROS_PACKAGE_PATH=/home/agilex/autoware.ai/install/autoware_health_checker/share:/home/agilex/autoware.ai/install/pcl_omp_registration/share:/home/agilex/autoware.ai/install/ndt_tku/share:/home/agilex/autoware.ai/install/ndt_cpu/share:/home/agilex/autoware.ai/install/autoware_system_msgs/share:/home/agilex/autoware.ai/install/autoware_msgs/share:/home/agilex/autoware.ai/install/autoware_config_msgs/share:/home/agilex/autoware.ai/install/autoware_build_flags/share:${ROS_PACKAGE_PATH} /usr/bin/cmake --build /home/agilex/autoware.ai/build/lidar_localizer -- -j8 -l8
[5.385s] [35m[1mScanning dependencies of target actionlib_generate_messages_cpp[0m
[5.412s] [  0%] Built target actionlib_generate_messages_cpp
[5.422s] [35m[1mScanning dependencies of target tf_generate_messages_cpp[0m
[5.431s] [  0%] Built target tf_generate_messages_cpp
[5.439s] [35m[1mScanning dependencies of target pcl_msgs_generate_messages_lisp[0m
[5.450s] [  0%] Built target pcl_msgs_generate_messages_lisp
[5.462s] [35m[1mScanning dependencies of target actionlib_generate_messages_lisp[0m
[5.471s] [  0%] Built target actionlib_generate_messages_lisp
[5.480s] [35m[1mScanning dependencies of target pcl_msgs_generate_messages_py[0m
[5.489s] [  0%] Built target pcl_msgs_generate_messages_py
[5.498s] [35m[1mScanning dependencies of target diagnostic_msgs_generate_messages_cpp[0m
[5.508s] [  0%] Built target diagnostic_msgs_generate_messages_cpp
[5.516s] [35m[1mScanning dependencies of target jsk_rviz_plugins_generate_messages_eus[0m
[5.525s] [  0%] Built target jsk_rviz_plugins_generate_messages_eus
[5.535s] [35m[1mScanning dependencies of target tf_generate_messages_nodejs[0m
[5.544s] [  0%] Built target tf_generate_messages_nodejs
[5.552s] [35m[1mScanning dependencies of target autoware_config_msgs_generate_messages_nodejs[0m
[5.561s] [  0%] Built target autoware_config_msgs_generate_messages_nodejs
[5.570s] [35m[1mScanning dependencies of target tf_generate_messages_eus[0m
[5.579s] [  0%] Built target tf_generate_messages_eus
[5.588s] [35m[1mScanning dependencies of target actionlib_msgs_generate_messages_cpp[0m
[5.597s] [  0%] Built target actionlib_msgs_generate_messages_cpp
[5.606s] [35m[1mScanning dependencies of target jsk_footstep_msgs_generate_messages_cpp[0m
[5.619s] [  0%] Built target jsk_footstep_msgs_generate_messages_cpp
[5.627s] [35m[1mScanning dependencies of target nav_msgs_generate_messages_cpp[0m
[5.637s] [  0%] Built target nav_msgs_generate_messages_cpp
[5.646s] [35m[1mScanning dependencies of target sensor_msgs_generate_messages_lisp[0m
[5.656s] [  0%] Built target sensor_msgs_generate_messages_lisp
[5.665s] [35m[1mScanning dependencies of target rosgraph_msgs_generate_messages_nodejs[0m
[5.676s] [  0%] Built target rosgraph_msgs_generate_messages_nodejs
[5.686s] [35m[1mScanning dependencies of target autoware_config_msgs_generate_messages_cpp[0m
[5.696s] [  0%] Built target autoware_config_msgs_generate_messages_cpp
[5.705s] [35m[1mScanning dependencies of target tf_generate_messages_lisp[0m
[5.715s] [  0%] Built target tf_generate_messages_lisp
[5.727s] [35m[1mScanning dependencies of target roscpp_generate_messages_py[0m
[5.736s] [  0%] Built target roscpp_generate_messages_py
[5.745s] [35m[1mScanning dependencies of target roscpp_generate_messages_lisp[0m
[5.754s] [  0%] Built target roscpp_generate_messages_lisp
[5.764s] [35m[1mScanning dependencies of target jsk_recognition_msgs_generate_messages_nodejs[0m
[5.773s] [  0%] Built target jsk_recognition_msgs_generate_messages_nodejs
[5.782s] [35m[1mScanning dependencies of target rosgraph_msgs_generate_messages_py[0m
[5.791s] [  0%] Built target rosgraph_msgs_generate_messages_py
[5.800s] [35m[1mScanning dependencies of target roscpp_generate_messages_eus[0m
[5.810s] [  0%] Built target roscpp_generate_messages_eus
[5.819s] [35m[1mScanning dependencies of target actionlib_msgs_generate_messages_eus[0m
[5.828s] [  0%] Built target actionlib_msgs_generate_messages_eus
[5.838s] [35m[1mScanning dependencies of target autoware_config_msgs_generate_messages_py[0m
[5.847s] [  0%] Built target autoware_config_msgs_generate_messages_py
[5.857s] [35m[1mScanning dependencies of target pcl_msgs_generate_messages_nodejs[0m
[5.867s] [  0%] Built target pcl_msgs_generate_messages_nodejs
[5.876s] [35m[1mScanning dependencies of target bond_generate_messages_nodejs[0m
[5.886s] [  0%] Built target bond_generate_messages_nodejs
[5.898s] [35m[1mScanning dependencies of target autoware_config_msgs_generate_messages_lisp[0m
[5.907s] [  0%] Built target autoware_config_msgs_generate_messages_lisp
[5.917s] [35m[1mScanning dependencies of target actionlib_msgs_generate_messages_nodejs[0m
[5.927s] [  0%] Built target actionlib_msgs_generate_messages_nodejs
[5.937s] [35m[1mScanning dependencies of target geometry_msgs_generate_messages_cpp[0m
[5.947s] [  0%] Built target geometry_msgs_generate_messages_cpp
[5.957s] [35m[1mScanning dependencies of target nodelet_topic_tools_gencfg[0m
[5.967s] [  0%] Built target nodelet_topic_tools_gencfg
[5.981s] [35m[1mScanning dependencies of target topic_tools_generate_messages_py[0m
[5.991s] [  0%] Built target topic_tools_generate_messages_py
[6.000s] [35m[1mScanning dependencies of target map_msgs_generate_messages_nodejs[0m
[6.009s] [  0%] Built target map_msgs_generate_messages_nodejs
[6.018s] [35m[1mScanning dependencies of target actionlib_msgs_generate_messages_lisp[0m
[6.029s] [  0%] Built target actionlib_msgs_generate_messages_lisp
[6.038s] [35m[1mScanning dependencies of target autoware_system_msgs_generate_messages_nodejs[0m
[6.047s] [  0%] Built target autoware_system_msgs_generate_messages_nodejs
[6.060s] [35m[1mScanning dependencies of target sensor_msgs_generate_messages_cpp[0m
[6.071s] [  0%] Built target sensor_msgs_generate_messages_cpp
[6.080s] [35m[1mScanning dependencies of target std_msgs_generate_messages_lisp[0m
[6.089s] [  0%] Built target std_msgs_generate_messages_lisp
[6.099s] [35m[1mScanning dependencies of target std_srvs_generate_messages_lisp[0m
[6.108s] [  0%] Built target std_srvs_generate_messages_lisp
[6.123s] [35m[1mScanning dependencies of target sensor_msgs_generate_messages_eus[0m
[6.133s] [  0%] Built target sensor_msgs_generate_messages_eus
[6.143s] [35m[1mScanning dependencies of target std_msgs_generate_messages_nodejs[0m
[6.152s] [  0%] Built target std_msgs_generate_messages_nodejs
[6.163s] [35m[1mScanning dependencies of target geometry_msgs_generate_messages_eus[0m
[6.171s] [  0%] Built target geometry_msgs_generate_messages_eus
[6.180s] [35m[1mScanning dependencies of target visualization_msgs_generate_messages_lisp[0m
[6.190s] [  0%] Built target visualization_msgs_generate_messages_lisp
[6.199s] [35m[1mScanning dependencies of target autoware_msgs_generate_messages_nodejs[0m
[6.209s] [  0%] Built target autoware_msgs_generate_messages_nodejs
[6.218s] [35m[1mScanning dependencies of target autoware_msgs_generate_messages_eus[0m
[6.227s] [  0%] Built target autoware_msgs_generate_messages_eus
[6.237s] [35m[1mScanning dependencies of target std_srvs_generate_messages_cpp[0m
[6.246s] [  0%] Built target std_srvs_generate_messages_cpp
[6.255s] [35m[1mScanning dependencies of target tf2_msgs_generate_messages_eus[0m
[6.264s] [  0%] Built target tf2_msgs_generate_messages_eus
[6.273s] [35m[1mScanning dependencies of target jsk_recognition_msgs_generate_messages_cpp[0m
[6.283s] [  0%] Built target jsk_recognition_msgs_generate_messages_cpp
[6.293s] [35m[1mScanning dependencies of target topic_tools_generate_messages_lisp[0m
[6.302s] [  0%] Built target topic_tools_generate_messages_lisp
[6.311s] [35m[1mScanning dependencies of target actionlib_generate_messages_eus[0m
[6.321s] [  0%] Built target actionlib_generate_messages_eus
[6.334s] [35m[1mScanning dependencies of target pcl_msgs_generate_messages_cpp[0m
[6.348s] [  0%] Built target pcl_msgs_generate_messages_cpp
[6.358s] [35m[1mScanning dependencies of target rosgraph_msgs_generate_messages_cpp[0m
[6.368s] [  0%] Built target rosgraph_msgs_generate_messages_cpp
[6.380s] [35m[1mScanning dependencies of target nav_msgs_generate_messages_lisp[0m
[6.393s] [  0%] Built target nav_msgs_generate_messages_lisp
[6.404s] [35m[1mScanning dependencies of target autoware_msgs_generate_messages_cpp[0m
[6.414s] [  0%] Built target autoware_msgs_generate_messages_cpp
[6.445s] [35m[1mScanning dependencies of target diagnostic_msgs_generate_messages_lisp[0m
[6.454s] [  0%] Built target diagnostic_msgs_generate_messages_lisp
[6.462s] [35m[1mScanning dependencies of target geometry_msgs_generate_messages_nodejs[0m
[6.472s] [  0%] Built target geometry_msgs_generate_messages_nodejs
[6.485s] [35m[1mScanning dependencies of target jsk_rviz_plugins_generate_messages_cpp[0m
[6.495s] [  0%] Built target jsk_rviz_plugins_generate_messages_cpp
[6.504s] [35m[1mScanning dependencies of target std_msgs_generate_messages_py[0m
[6.513s] [  0%] Built target std_msgs_generate_messages_py
[6.522s] [35m[1mScanning dependencies of target autoware_msgs_generate_messages_py[0m
[6.531s] [  0%] Built target autoware_msgs_generate_messages_py
[6.540s] [35m[1mScanning dependencies of target std_msgs_generate_messages_eus[0m
[6.549s] [  0%] Built target std_msgs_generate_messages_eus
[6.559s] [35m[1mScanning dependencies of target nodelet_generate_messages_lisp[0m
[6.568s] [  0%] Built target nodelet_generate_messages_lisp
[6.577s] [35m[1mScanning dependencies of target dynamic_reconfigure_gencfg[0m
[6.587s] [  0%] Built target dynamic_reconfigure_gencfg
[6.596s] [35m[1mScanning dependencies of target jsk_hark_msgs_generate_messages_lisp[0m
[6.605s] [  0%] Built target jsk_hark_msgs_generate_messages_lisp
[6.614s] [35m[1mScanning dependencies of target std_msgs_generate_messages_cpp[0m
[6.624s] [  0%] Built target std_msgs_generate_messages_cpp
[6.633s] [35m[1mScanning dependencies of target jsk_footstep_msgs_generate_messages_py[0m
[6.642s] [  0%] Built target jsk_footstep_msgs_generate_messages_py
[6.652s] [35m[1mScanning dependencies of target std_srvs_generate_messages_eus[0m
[6.661s] [  0%] Built target std_srvs_generate_messages_eus
[6.670s] [35m[1mScanning dependencies of target autoware_msgs_generate_messages_lisp[0m
[6.679s] [  0%] Built target autoware_msgs_generate_messages_lisp
[6.689s] [35m[1mScanning dependencies of target sensor_msgs_generate_messages_nodejs[0m
[6.698s] [  0%] Built target sensor_msgs_generate_messages_nodejs
[6.707s] [35m[1mScanning dependencies of target dynamic_reconfigure_generate_messages_cpp[0m
[6.717s] [  0%] Built target dynamic_reconfigure_generate_messages_cpp
[6.726s] [35m[1mScanning dependencies of target sensor_msgs_generate_messages_py[0m
[6.735s] [  0%] Built target sensor_msgs_generate_messages_py
[6.745s] [35m[1mScanning dependencies of target nodelet_generate_messages_py[0m
[6.754s] [  0%] Built target nodelet_generate_messages_py
[6.764s] [35m[1mScanning dependencies of target tf2_msgs_generate_messages_cpp[0m
[6.774s] [  0%] Built target tf2_msgs_generate_messages_cpp
[6.783s] [35m[1mScanning dependencies of target jsk_recognition_msgs_generate_messages_eus[0m
[6.793s] [  0%] Built target jsk_recognition_msgs_generate_messages_eus
[6.802s] [35m[1mScanning dependencies of target nav_msgs_generate_messages_py[0m
[6.812s] [  0%] Built target nav_msgs_generate_messages_py
[6.821s] [35m[1mScanning dependencies of target jsk_recognition_msgs_generate_messages_lisp[0m
[6.831s] [  0%] Built target jsk_recognition_msgs_generate_messages_lisp
[6.841s] [35m[1mScanning dependencies of target rosgraph_msgs_generate_messages_eus[0m
[6.851s] [  0%] Built target rosgraph_msgs_generate_messages_eus
[6.862s] [35m[1mScanning dependencies of target pcl_msgs_generate_messages_eus[0m
[6.871s] [  0%] Built target pcl_msgs_generate_messages_eus
[6.884s] [35m[1mScanning dependencies of target jsk_recognition_msgs_generate_messages_py[0m
[6.897s] [  0%] Built target jsk_recognition_msgs_generate_messages_py
[6.906s] [35m[1mScanning dependencies of target geometry_msgs_generate_messages_py[0m
[6.916s] [  0%] Built target geometry_msgs_generate_messages_py
[6.927s] [35m[1mScanning dependencies of target actionlib_msgs_generate_messages_py[0m
[6.936s] [  0%] Built target actionlib_msgs_generate_messages_py
[6.951s] [35m[1mScanning dependencies of target autoware_config_msgs_generate_messages_eus[0m
[6.960s] [  0%] Built target autoware_config_msgs_generate_messages_eus
[6.969s] [35m[1mScanning dependencies of target jsk_footstep_msgs_generate_messages_lisp[0m
[6.980s] [  0%] Built target jsk_footstep_msgs_generate_messages_lisp
[6.989s] [35m[1mScanning dependencies of target tf2_msgs_generate_messages_nodejs[0m
[6.998s] [  0%] Built target tf2_msgs_generate_messages_nodejs
[7.007s] [35m[1mScanning dependencies of target dynamic_reconfigure_generate_messages_eus[0m
[7.016s] [  0%] Built target dynamic_reconfigure_generate_messages_eus
[7.024s] [35m[1mScanning dependencies of target people_msgs_generate_messages_nodejs[0m
[7.034s] [  0%] Built target people_msgs_generate_messages_nodejs
[7.043s] [35m[1mScanning dependencies of target dynamic_reconfigure_generate_messages_nodejs[0m
[7.055s] [  0%] Built target dynamic_reconfigure_generate_messages_nodejs
[7.068s] [35m[1mScanning dependencies of target dynamic_reconfigure_generate_messages_py[0m
[7.079s] [  0%] Built target dynamic_reconfigure_generate_messages_py
[7.089s] [35m[1mScanning dependencies of target nodelet_generate_messages_cpp[0m
[7.099s] [  0%] Built target nodelet_generate_messages_cpp
[7.109s] [35m[1mScanning dependencies of target jsk_footstep_msgs_generate_messages_nodejs[0m
[7.119s] [  0%] Built target jsk_footstep_msgs_generate_messages_nodejs
[7.129s] [35m[1mScanning dependencies of target nodelet_generate_messages_eus[0m
[7.139s] [  0%] Built target nodelet_generate_messages_eus
[7.149s] [35m[1mScanning dependencies of target roscpp_generate_messages_cpp[0m
[7.159s] [  0%] Built target roscpp_generate_messages_cpp
[7.174s] [35m[1mScanning dependencies of target map_msgs_generate_messages_eus[0m
[7.184s] [  0%] Built target map_msgs_generate_messages_eus
[7.196s] [35m[1mScanning dependencies of target geometry_msgs_generate_messages_lisp[0m
[7.205s] [  0%] Built target geometry_msgs_generate_messages_lisp
[7.215s] [35m[1mScanning dependencies of target nodelet_generate_messages_nodejs[0m
[7.224s] [  0%] Built target nodelet_generate_messages_nodejs
[7.236s] [35m[1mScanning dependencies of target bond_generate_messages_cpp[0m
[7.246s] [  0%] Built target bond_generate_messages_cpp
[7.255s] [35m[1mScanning dependencies of target bond_generate_messages_lisp[0m
[7.265s] [  0%] Built target bond_generate_messages_lisp
[7.274s] [35m[1mScanning dependencies of target bond_generate_messages_py[0m
[7.283s] [  0%] Built target bond_generate_messages_py
[7.292s] [35m[1mScanning dependencies of target autoware_system_msgs_generate_messages_py[0m
[7.301s] [  0%] Built target autoware_system_msgs_generate_messages_py
[7.311s] [35m[1mScanning dependencies of target std_srvs_generate_messages_nodejs[0m
[7.320s] [  0%] Built target std_srvs_generate_messages_nodejs
[7.329s] [35m[1mScanning dependencies of target std_srvs_generate_messages_py[0m
[7.337s] [  0%] Built target std_srvs_generate_messages_py
[7.347s] [35m[1mScanning dependencies of target topic_tools_generate_messages_cpp[0m
[7.357s] [  0%] Built target topic_tools_generate_messages_cpp
[7.367s] [35m[1mScanning dependencies of target bond_generate_messages_eus[0m
[7.376s] [  0%] Built target bond_generate_messages_eus
[7.386s] [35m[1mScanning dependencies of target topic_tools_generate_messages_eus[0m
[7.400s] [  0%] Built target topic_tools_generate_messages_eus
[7.409s] [35m[1mScanning dependencies of target tf_generate_messages_py[0m
[7.419s] [  0%] Built target tf_generate_messages_py
[7.429s] [35m[1mScanning dependencies of target topic_tools_generate_messages_nodejs[0m
[7.439s] [  0%] Built target topic_tools_generate_messages_nodejs
[7.449s] [35m[1mScanning dependencies of target velodyne_pointcloud_gencfg[0m
[7.459s] [  0%] Built target velodyne_pointcloud_gencfg
[7.468s] [35m[1mScanning dependencies of target jsk_footstep_msgs_generate_messages_eus[0m
[7.478s] [  0%] Built target jsk_footstep_msgs_generate_messages_eus
[7.493s] [35m[1mScanning dependencies of target jsk_hark_msgs_generate_messages_nodejs[0m
[7.502s] [  0%] Built target jsk_hark_msgs_generate_messages_nodejs
[7.510s] [35m[1mScanning dependencies of target rviz_generate_messages_nodejs[0m
[7.519s] [  0%] Built target rviz_generate_messages_nodejs
[7.528s] [35m[1mScanning dependencies of target diagnostic_msgs_generate_messages_eus[0m
[7.538s] [  0%] Built target diagnostic_msgs_generate_messages_eus
[7.547s] [35m[1mScanning dependencies of target diagnostic_msgs_generate_messages_nodejs[0m
[7.555s] [  0%] Built target diagnostic_msgs_generate_messages_nodejs
[7.565s] [35m[1mScanning dependencies of target autoware_system_msgs_generate_messages_eus[0m
[7.574s] [  0%] Built target autoware_system_msgs_generate_messages_eus
[7.584s] [35m[1mScanning dependencies of target pcl_ros_gencfg[0m
[7.593s] [  0%] Built target pcl_ros_gencfg
[7.602s] [35m[1mScanning dependencies of target velodyne_msgs_generate_messages_cpp[0m
[7.612s] [  0%] Built target velodyne_msgs_generate_messages_cpp
[7.621s] [35m[1mScanning dependencies of target rosgraph_msgs_generate_messages_lisp[0m
[7.630s] [  0%] Built target rosgraph_msgs_generate_messages_lisp
[7.640s] [35m[1mScanning dependencies of target jsk_hark_msgs_generate_messages_cpp[0m
[7.650s] [  0%] Built target jsk_hark_msgs_generate_messages_cpp
[7.659s] [35m[1mScanning dependencies of target roscpp_generate_messages_nodejs[0m
[7.668s] [  0%] Built target roscpp_generate_messages_nodejs
[7.678s] [35m[1mScanning dependencies of target velodyne_msgs_generate_messages_eus[0m
[7.687s] [  0%] Built target velodyne_msgs_generate_messages_eus
[7.696s] [35m[1mScanning dependencies of target velodyne_msgs_generate_messages_lisp[0m
[7.705s] [  0%] Built target velodyne_msgs_generate_messages_lisp
[7.714s] [35m[1mScanning dependencies of target diagnostic_msgs_generate_messages_py[0m
[7.724s] [  0%] Built target diagnostic_msgs_generate_messages_py
[7.733s] [35m[1mScanning dependencies of target velodyne_msgs_generate_messages_nodejs[0m
[7.742s] [  0%] Built target velodyne_msgs_generate_messages_nodejs
[7.752s] [35m[1mScanning dependencies of target tf2_msgs_generate_messages_lisp[0m
[7.761s] [  0%] Built target tf2_msgs_generate_messages_lisp
[7.770s] [35m[1mScanning dependencies of target nav_msgs_generate_messages_nodejs[0m
[7.781s] [  0%] Built target nav_msgs_generate_messages_nodejs
[7.792s] [35m[1mScanning dependencies of target velodyne_msgs_generate_messages_py[0m
[7.805s] [  0%] Built target velodyne_msgs_generate_messages_py
[7.815s] [35m[1mScanning dependencies of target rviz_generate_messages_py[0m
[7.824s] [  0%] Built target rviz_generate_messages_py
[7.834s] [35m[1mScanning dependencies of target autoware_system_msgs_generate_messages_cpp[0m
[7.844s] [  0%] Built target autoware_system_msgs_generate_messages_cpp
[7.855s] [35m[1mScanning dependencies of target autoware_system_msgs_generate_messages_lisp[0m
[7.865s] [  0%] Built target autoware_system_msgs_generate_messages_lisp
[7.878s] [35m[1mScanning dependencies of target jsk_rviz_plugins_gencfg[0m
[7.887s] [  0%] Built target jsk_rviz_plugins_gencfg
[7.897s] [35m[1mScanning dependencies of target rviz_generate_messages_lisp[0m
[7.907s] [  0%] Built target rviz_generate_messages_lisp
[7.915s] [35m[1mScanning dependencies of target jsk_rviz_plugins_generate_messages_lisp[0m
[7.926s] [  0%] Built target jsk_rviz_plugins_generate_messages_lisp
[7.935s] [35m[1mScanning dependencies of target jsk_recognition_utils_gencfg[0m
[7.945s] [  0%] Built target jsk_recognition_utils_gencfg
[7.955s] [35m[1mScanning dependencies of target jsk_rviz_plugins_generate_messages_nodejs[0m
[7.964s] [  0%] Built target jsk_rviz_plugins_generate_messages_nodejs
[7.976s] [35m[1mScanning dependencies of target jsk_rviz_plugins_generate_messages_py[0m
[7.986s] [  0%] Built target jsk_rviz_plugins_generate_messages_py
[7.995s] [35m[1mScanning dependencies of target jsk_hark_msgs_generate_messages_eus[0m
[8.006s] [  0%] Built target jsk_hark_msgs_generate_messages_eus
[8.015s] [35m[1mScanning dependencies of target dynamic_reconfigure_generate_messages_lisp[0m
[8.025s] [  0%] Built target dynamic_reconfigure_generate_messages_lisp
[8.035s] [35m[1mScanning dependencies of target visualization_msgs_generate_messages_eus[0m
[8.044s] [  0%] Built target visualization_msgs_generate_messages_eus
[8.053s] [35m[1mScanning dependencies of target visualization_msgs_generate_messages_nodejs[0m
[8.062s] [  0%] Built target visualization_msgs_generate_messages_nodejs
[8.073s] [35m[1mScanning dependencies of target visualization_msgs_generate_messages_py[0m
[8.082s] [  0%] Built target visualization_msgs_generate_messages_py
[8.091s] [35m[1mScanning dependencies of target people_msgs_generate_messages_cpp[0m
[8.103s] [  0%] Built target people_msgs_generate_messages_cpp
[8.115s] [35m[1mScanning dependencies of target people_msgs_generate_messages_eus[0m
[8.125s] [  0%] Built target people_msgs_generate_messages_eus
[8.134s] [35m[1mScanning dependencies of target rviz_generate_messages_eus[0m
[8.143s] [  0%] Built target rviz_generate_messages_eus
[8.154s] [35m[1mScanning dependencies of target people_msgs_generate_messages_lisp[0m
[8.164s] [  0%] Built target people_msgs_generate_messages_lisp
[8.174s] [35m[1mScanning dependencies of target velodyne_driver_gencfg[0m
[8.184s] [  0%] Built target velodyne_driver_gencfg
[8.194s] [35m[1mScanning dependencies of target rviz_generate_messages_cpp[0m
[8.208s] [  0%] Built target rviz_generate_messages_cpp
[8.220s] [35m[1mScanning dependencies of target map_msgs_generate_messages_lisp[0m
[8.229s] [  0%] Built target map_msgs_generate_messages_lisp
[8.238s] [35m[1mScanning dependencies of target people_msgs_generate_messages_py[0m
[8.247s] [  0%] Built target people_msgs_generate_messages_py
[8.256s] [35m[1mScanning dependencies of target jsk_hark_msgs_generate_messages_py[0m
[8.267s] [  0%] Built target jsk_hark_msgs_generate_messages_py
[8.277s] [35m[1mScanning dependencies of target map_msgs_generate_messages_py[0m
[8.286s] [  0%] Built target map_msgs_generate_messages_py
[8.296s] [35m[1mScanning dependencies of target actionlib_generate_messages_nodejs[0m
[8.305s] [  0%] Built target actionlib_generate_messages_nodejs
[8.318s] [35m[1mScanning dependencies of target map_msgs_generate_messages_cpp[0m
[8.329s] [  0%] Built target map_msgs_generate_messages_cpp
[8.339s] [35m[1mScanning dependencies of target tf2_msgs_generate_messages_py[0m
[8.349s] [  0%] Built target tf2_msgs_generate_messages_py
[8.358s] [35m[1mScanning dependencies of target actionlib_generate_messages_py[0m
[8.368s] [  0%] Built target actionlib_generate_messages_py
[8.378s] [35m[1mScanning dependencies of target visualization_msgs_generate_messages_cpp[0m
[8.389s] [  0%] Built target visualization_msgs_generate_messages_cpp
[8.405s] [35m[1mScanning dependencies of target nav_msgs_generate_messages_eus[0m
[8.414s] [  0%] Built target nav_msgs_generate_messages_eus
[8.424s] [35m[1mScanning dependencies of target icp_matching[0m
[8.497s] [  5%] [32mBuilding CXX object CMakeFiles/icp_matching.dir/nodes/icp_matching/icp_matching.cpp.o[0m
[13.177s] In file included from [01m[K/opt/ros/melodic/include/velodyne_pointcloud/rawdata.h:33:0[m[K,
[13.177s]                  from [01m[K/home/agilex/autoware.ai/src/autoware/core_perception/lidar_localizer/nodes/icp_matching/icp_matching.cpp:35[m[K:
[13.177s] [01m[K/opt/ros/melodic/include/pcl_ros/point_cloud.h:303:27:[m[K [01;35m[Kwarning: [m[Kvariable templates only available with -std=c++14 or -std=gnu++14
[13.178s]      constexpr static bool [01;35m[Kpcl_uses_boost[m[K = true;
[13.178s]                            [01;35m[K^~~~~~~~~~~~~~[m[K
[19.260s] In file included from [01m[K/usr/include/pcl-1.8/pcl/sample_consensus/sac_model.h:52:0[m[K,
[19.260s]                  from [01m[K/usr/include/pcl-1.8/pcl/sample_consensus/sac.h:45[m[K,
[19.260s]                  from [01m[K/usr/include/pcl-1.8/pcl/sample_consensus/ransac.h:44[m[K,
[19.260s]                  from [01m[K/usr/include/pcl-1.8/pcl/registration/icp.h:45[m[K,
[19.260s]                  from [01m[K/home/agilex/autoware.ai/src/autoware/core_perception/lidar_localizer/nodes/icp_matching/icp_matching.cpp:49[m[K:
[19.260s] [01m[K/usr/include/pcl-1.8/pcl/sample_consensus/model_types.h:[m[K In function '[01m[Kvoid __static_initialization_and_destruction_0(int, int)[m[K':
[19.260s] [01m[K/usr/include/pcl-1.8/pcl/sample_consensus/model_types.h:99:3:[m[K [01;35m[Kwarning: [m[K'[01m[Kpcl::SAC_SAMPLE_SIZE[m[K' is deprecated: This map is deprecated and is kept only to prevent breaking existing user code. Starting from PCL 1.8.0 model sample size is a protected member of the SampleConsensusModel class [[01;35m[K-Wdeprecated-declarations[m[K]
[19.260s]    [01;35m[KSAC_SAMPLE_SIZE[m[K (sample_size_pairs, sample_size_pairs + sizeof (sample_size_pairs) / sizeof (SampleSizeModel));
[19.260s]    [01;35m[K^~~~~~~~~~~~~~~[m[K
[19.260s] [01m[K/usr/include/pcl-1.8/pcl/sample_consensus/model_types.h:99:3:[m[K [01;36m[Knote: [m[Kdeclared here
[36.792s] [ 10%] [32m[1mLinking CXX executable devel/lib/lidar_localizer/icp_matching[0m
[39.611s] [ 10%] Built target icp_matching
[39.621s] [35m[1mScanning dependencies of target queue_counter[0m
[39.642s] [ 15%] [32mBuilding CXX object CMakeFiles/queue_counter.dir/nodes/queue_counter/queue_counter.cpp.o[0m
[41.979s] [ 20%] [32m[1mLinking CXX executable devel/lib/lidar_localizer/queue_counter[0m
[42.759s] [ 20%] Built target queue_counter
[42.769s] [35m[1mScanning dependencies of target ndt_mapping_tku[0m
[42.837s] [ 25%] [32mBuilding CXX object CMakeFiles/ndt_mapping_tku.dir/nodes/ndt_mapping_tku/ndt_mapping_tku.cpp.o[0m
[47.644s] In file included from [01m[K/opt/ros/melodic/include/velodyne_pointcloud/rawdata.h:33:0[m[K,
[47.644s]                  from [01m[K/home/agilex/autoware.ai/src/autoware/core_perception/lidar_localizer/nodes/ndt_mapping_tku/ndt_mapping_tku.cpp:39[m[K:
[47.644s] [01m[K/opt/ros/melodic/include/pcl_ros/point_cloud.h:303:27:[m[K [01;35m[Kwarning: [m[Kvariable templates only available with -std=c++14 or -std=gnu++14
[47.644s]      constexpr static bool [01;35m[Kpcl_uses_boost[m[K = true;
[47.644s]                            [01;35m[K^~~~~~~~~~~~~~[m[K
[54.779s] [ 30%] [32m[1mLinking CXX executable devel/lib/lidar_localizer/ndt_mapping_tku[0m
[57.839s] [ 30%] Built target ndt_mapping_tku
[57.849s] [35m[1mScanning dependencies of target ndt_mapping[0m
[57.921s] [ 35%] [32mBuilding CXX object CMakeFiles/ndt_mapping.dir/nodes/ndt_mapping/ndt_mapping.cpp.o[0m
[62.850s] In file included from [01m[K/opt/ros/melodic/include/velodyne_pointcloud/rawdata.h:33:0[m[K,
[62.850s]                  from [01m[K/home/agilex/autoware.ai/src/autoware/core_perception/lidar_localizer/nodes/ndt_mapping/ndt_mapping.cpp:37[m[K:
[62.850s] [01m[K/opt/ros/melodic/include/pcl_ros/point_cloud.h:303:27:[m[K [01;35m[Kwarning: [m[Kvariable templates only available with -std=c++14 or -std=gnu++14
[62.850s]      constexpr static bool [01;35m[Kpcl_uses_boost[m[K = true;
[62.850s]                            [01;35m[K^~~~~~~~~~~~~~[m[K
[86.911s] [ 40%] [32m[1mLinking CXX executable devel/lib/lidar_localizer/ndt_mapping[0m
[90.547s] [ 40%] Built target ndt_mapping
[90.561s] [35m[1mScanning dependencies of target ndt_matching_monitor_lib[0m
[90.631s] [ 45%] [32mBuilding CXX object CMakeFiles/ndt_matching_monitor_lib.dir/nodes/ndt_matching_monitor/ndt_matching_monitor.cpp.o[0m
[95.003s] In file included from [01m[K/home/agilex/autoware.ai/src/autoware/core_perception/lidar_localizer/nodes/ndt_matching_monitor/ndt_matching_monitor.h:46:0[m[K,
[95.003s]                  from [01m[K/home/agilex/autoware.ai/src/autoware/core_perception/lidar_localizer/nodes/ndt_matching_monitor/ndt_matching_monitor.cpp:22[m[K:
[95.003s] [01m[K/opt/ros/melodic/include/pcl_ros/point_cloud.h:303:27:[m[K [01;35m[Kwarning: [m[Kvariable templates only available with -std=c++14 or -std=gnu++14
[95.003s]      constexpr static bool [01;35m[Kpcl_uses_boost[m[K = true;
[95.003s]                            [01;35m[K^~~~~~~~~~~~~~[m[K
[104.098s] [ 50%] [32m[1mLinking CXX shared library devel/lib/libndt_matching_monitor_lib.so[0m
[104.894s] [ 50%] Built target ndt_matching_monitor_lib
[104.904s] [35m[1mScanning dependencies of target ndt_matching[0m
[104.981s] [ 55%] [32mBuilding CXX object CMakeFiles/ndt_matching.dir/nodes/ndt_matching/ndt_matching.cpp.o[0m
[109.706s] In file included from [01m[K/opt/ros/melodic/include/velodyne_pointcloud/rawdata.h:33:0[m[K,
[109.706s]                  from [01m[K/home/agilex/autoware.ai/src/autoware/core_perception/lidar_localizer/nodes/ndt_matching/ndt_matching.cpp:41[m[K:
[109.706s] [01m[K/opt/ros/melodic/include/pcl_ros/point_cloud.h:303:27:[m[K [01;35m[Kwarning: [m[Kvariable templates only available with -std=c++14 or -std=gnu++14
[109.706s]      constexpr static bool [01;35m[Kpcl_uses_boost[m[K = true;
[109.706s]                            [01;35m[K^~~~~~~~~~~~~~[m[K
[134.949s] [ 60%] [32m[1mLinking CXX executable devel/lib/lidar_localizer/ndt_matching[0m
[138.062s] [ 60%] Built target ndt_matching
[138.071s] [35m[1mScanning dependencies of target ndt_matching_monitor[0m
[138.133s] [ 65%] [32mBuilding CXX object CMakeFiles/ndt_matching_monitor.dir/nodes/ndt_matching_monitor/ndt_matching_monitor_node.cpp.o[0m
[142.192s] In file included from [01m[K/home/agilex/autoware.ai/src/autoware/core_perception/lidar_localizer/nodes/ndt_matching_monitor/ndt_matching_monitor.h:46:0[m[K,
[142.192s]                  from [01m[K/home/agilex/autoware.ai/src/autoware/core_perception/lidar_localizer/nodes/ndt_matching_monitor/ndt_matching_monitor_node.cpp:23[m[K:
[142.192s] [01m[K/opt/ros/melodic/include/pcl_ros/point_cloud.h:303:27:[m[K [01;35m[Kwarning: [m[Kvariable templates only available with -std=c++14 or -std=gnu++14
[142.192s]      constexpr static bool [01;35m[Kpcl_uses_boost[m[K = true;
[142.192s]                            [01;35m[K^~~~~~~~~~~~~~[m[K
[148.473s] [ 70%] [32m[1mLinking CXX executable devel/lib/lidar_localizer/ndt_matching_monitor[0m
[149.136s] [ 70%] Built target ndt_matching_monitor
[149.151s] [35m[1mScanning dependencies of target mapping[0m
[149.162s] [35m[1mScanning dependencies of target ndt_matching_tku[0m
[149.225s] [ 75%] [32mBuilding CXX object CMakeFiles/mapping.dir/nodes/ndt_mapping_tku/mapping.cpp.o[0m
[149.233s] [ 80%] [32mBuilding CXX object CMakeFiles/ndt_matching_tku.dir/nodes/ndt_matching_tku/ndt_matching_tku.cpp.o[0m
[153.533s] In file included from [01m[K/home/agilex/autoware.ai/src/autoware/core_perception/lidar_localizer/nodes/ndt_mapping_tku/mapping.cpp:8:0[m[K:
[153.533s] [01m[K/opt/ros/melodic/include/pcl_ros/point_cloud.h:303:27:[m[K [01;35m[Kwarning: [m[Kvariable templates only available with -std=c++14 or -std=gnu++14
[153.533s]      constexpr static bool [01;35m[Kpcl_uses_boost[m[K = true;
[153.533s]                            [01;35m[K^~~~~~~~~~~~~~[m[K
[153.715s] In file included from [01m[K/opt/ros/melodic/include/velodyne_pointcloud/rawdata.h:33:0[m[K,
[153.716s]                  from [01m[K/home/agilex/autoware.ai/src/autoware/core_perception/lidar_localizer/nodes/ndt_matching_tku/ndt_matching_tku.cpp:40[m[K:
[153.716s] [01m[K/opt/ros/melodic/include/pcl_ros/point_cloud.h:303:27:[m[K [01;35m[Kwarning: [m[Kvariable templates only available with -std=c++14 or -std=gnu++14
[153.716s]      constexpr static bool [01;35m[Kpcl_uses_boost[m[K = true;
[153.716s]                            [01;35m[K^~~~~~~~~~~~~~[m[K
[158.946s] [ 85%] [32m[1mLinking CXX executable devel/lib/lidar_localizer/ndt_matching_tku[0m
[159.410s] [ 85%] Built target ndt_matching_tku
[161.556s] [ 90%] [32m[1mLinking CXX executable devel/lib/lidar_localizer/mapping[0m
[162.075s] [ 90%] Built target mapping
[162.084s] [35m[1mScanning dependencies of target approximate_ndt_mapping[0m
[162.138s] [ 95%] [32mBuilding CXX object CMakeFiles/approximate_ndt_mapping.dir/nodes/approximate_ndt_mapping/approximate_ndt_mapping.cpp.o[0m
[166.027s] In file included from [01m[K/opt/ros/melodic/include/velodyne_pointcloud/rawdata.h:33:0[m[K,
[166.027s]                  from [01m[K/home/agilex/autoware.ai/src/autoware/core_perception/lidar_localizer/nodes/approximate_ndt_mapping/approximate_ndt_mapping.cpp:37[m[K:
[166.027s] [01m[K/opt/ros/melodic/include/pcl_ros/point_cloud.h:303:27:[m[K [01;35m[Kwarning: [m[Kvariable templates only available with -std=c++14 or -std=gnu++14
[166.027s]      constexpr static bool [01;35m[Kpcl_uses_boost[m[K = true;
[166.027s]                            [01;35m[K^~~~~~~~~~~~~~[m[K
[182.727s] [100%] [32m[1mLinking CXX executable devel/lib/lidar_localizer/approximate_ndt_mapping[0m
[184.983s] [100%] Built target approximate_ndt_mapping
[184.991s] Invoked command in '/home/agilex/autoware.ai/build/lidar_localizer' returned '0': CMAKE_PREFIX_PATH=/home/agilex/autoware.ai/install/autoware_health_checker:/home/agilex/autoware.ai/install/pcl_omp_registration:/home/agilex/autoware.ai/install/ndt_tku:/home/agilex/autoware.ai/install/ndt_cpu:/home/agilex/autoware.ai/install/autoware_system_msgs:/home/agilex/autoware.ai/install/autoware_msgs:/home/agilex/autoware.ai/install/autoware_config_msgs:/home/agilex/autoware.ai/install/autoware_build_flags:${CMAKE_PREFIX_PATH} LD_LIBRARY_PATH=/home/agilex/autoware.ai/install/autoware_health_checker/lib:/home/agilex/autoware.ai/install/pcl_omp_registration/lib:/home/agilex/autoware.ai/install/ndt_tku/lib:/home/agilex/autoware.ai/install/ndt_cpu/lib:${LD_LIBRARY_PATH} PKG_CONFIG_PATH=/home/agilex/autoware.ai/install/autoware_health_checker/lib/x86_64-linux-gnu/pkgconfig:/home/agilex/autoware.ai/install/autoware_health_checker/lib/pkgconfig:/home/agilex/autoware.ai/install/pcl_omp_registration/lib/x86_64-linux-gnu/pkgconfig:/home/agilex/autoware.ai/install/pcl_omp_registration/lib/pkgconfig:/home/agilex/autoware.ai/install/ndt_tku/lib/x86_64-linux-gnu/pkgconfig:/home/agilex/autoware.ai/install/ndt_tku/lib/pkgconfig:/home/agilex/autoware.ai/install/ndt_cpu/lib/x86_64-linux-gnu/pkgconfig:/home/agilex/autoware.ai/install/ndt_cpu/lib/pkgconfig:/home/agilex/autoware.ai/install/autoware_system_msgs/lib/x86_64-linux-gnu/pkgconfig:/home/agilex/autoware.ai/install/autoware_system_msgs/lib/pkgconfig:/home/agilex/autoware.ai/install/autoware_msgs/lib/x86_64-linux-gnu/pkgconfig:/home/agilex/autoware.ai/install/autoware_msgs/lib/pkgconfig:/home/agilex/autoware.ai/install/autoware_config_msgs/lib/x86_64-linux-gnu/pkgconfig:/home/agilex/autoware.ai/install/autoware_config_msgs/lib/pkgconfig:/home/agilex/autoware.ai/install/autoware_build_flags/lib/x86_64-linux-gnu/pkgconfig:/home/agilex/autoware.ai/install/autoware_build_flags/lib/pkgconfig:${PKG_CONFIG_PATH} PYTHONPATH=/home/agilex/autoware.ai/install/autoware_system_msgs/lib/python2.7/dist-packages:/home/agilex/autoware.ai/install/autoware_msgs/lib/python2.7/dist-packages:/home/agilex/autoware.ai/install/autoware_config_msgs/lib/python2.7/dist-packages:${PYTHONPATH} ROS_PACKAGE_PATH=/home/agilex/autoware.ai/install/autoware_health_checker/share:/home/agilex/autoware.ai/install/pcl_omp_registration/share:/home/agilex/autoware.ai/install/ndt_tku/share:/home/agilex/autoware.ai/install/ndt_cpu/share:/home/agilex/autoware.ai/install/autoware_system_msgs/share:/home/agilex/autoware.ai/install/autoware_msgs/share:/home/agilex/autoware.ai/install/autoware_config_msgs/share:/home/agilex/autoware.ai/install/autoware_build_flags/share:${ROS_PACKAGE_PATH} /usr/bin/cmake --build /home/agilex/autoware.ai/build/lidar_localizer -- -j8 -l8
[185.111s] Invoking command in '/home/agilex/autoware.ai/build/lidar_localizer': CMAKE_PREFIX_PATH=/home/agilex/autoware.ai/install/autoware_health_checker:/home/agilex/autoware.ai/install/pcl_omp_registration:/home/agilex/autoware.ai/install/ndt_tku:/home/agilex/autoware.ai/install/ndt_cpu:/home/agilex/autoware.ai/install/autoware_system_msgs:/home/agilex/autoware.ai/install/autoware_msgs:/home/agilex/autoware.ai/install/autoware_config_msgs:/home/agilex/autoware.ai/install/autoware_build_flags:${CMAKE_PREFIX_PATH} LD_LIBRARY_PATH=/home/agilex/autoware.ai/install/autoware_health_checker/lib:/home/agilex/autoware.ai/install/pcl_omp_registration/lib:/home/agilex/autoware.ai/install/ndt_tku/lib:/home/agilex/autoware.ai/install/ndt_cpu/lib:${LD_LIBRARY_PATH} PKG_CONFIG_PATH=/home/agilex/autoware.ai/install/autoware_health_checker/lib/x86_64-linux-gnu/pkgconfig:/home/agilex/autoware.ai/install/autoware_health_checker/lib/pkgconfig:/home/agilex/autoware.ai/install/pcl_omp_registration/lib/x86_64-linux-gnu/pkgconfig:/home/agilex/autoware.ai/install/pcl_omp_registration/lib/pkgconfig:/home/agilex/autoware.ai/install/ndt_tku/lib/x86_64-linux-gnu/pkgconfig:/home/agilex/autoware.ai/install/ndt_tku/lib/pkgconfig:/home/agilex/autoware.ai/install/ndt_cpu/lib/x86_64-linux-gnu/pkgconfig:/home/agilex/autoware.ai/install/ndt_cpu/lib/pkgconfig:/home/agilex/autoware.ai/install/autoware_system_msgs/lib/x86_64-linux-gnu/pkgconfig:/home/agilex/autoware.ai/install/autoware_system_msgs/lib/pkgconfig:/home/agilex/autoware.ai/install/autoware_msgs/lib/x86_64-linux-gnu/pkgconfig:/home/agilex/autoware.ai/install/autoware_msgs/lib/pkgconfig:/home/agilex/autoware.ai/install/autoware_config_msgs/lib/x86_64-linux-gnu/pkgconfig:/home/agilex/autoware.ai/install/autoware_config_msgs/lib/pkgconfig:/home/agilex/autoware.ai/install/autoware_build_flags/lib/x86_64-linux-gnu/pkgconfig:/home/agilex/autoware.ai/install/autoware_build_flags/lib/pkgconfig:${PKG_CONFIG_PATH} PYTHONPATH=/home/agilex/autoware.ai/install/autoware_system_msgs/lib/python2.7/dist-packages:/home/agilex/autoware.ai/install/autoware_msgs/lib/python2.7/dist-packages:/home/agilex/autoware.ai/install/autoware_config_msgs/lib/python2.7/dist-packages:${PYTHONPATH} ROS_PACKAGE_PATH=/home/agilex/autoware.ai/install/autoware_health_checker/share:/home/agilex/autoware.ai/install/pcl_omp_registration/share:/home/agilex/autoware.ai/install/ndt_tku/share:/home/agilex/autoware.ai/install/ndt_cpu/share:/home/agilex/autoware.ai/install/autoware_system_msgs/share:/home/agilex/autoware.ai/install/autoware_msgs/share:/home/agilex/autoware.ai/install/autoware_config_msgs/share:/home/agilex/autoware.ai/install/autoware_build_flags/share:${ROS_PACKAGE_PATH} /usr/bin/cmake --build /home/agilex/autoware.ai/build/lidar_localizer --target tests -- -j8 -l8
[185.174s] [35m[1mScanning dependencies of target tests[0m
[185.181s] Built target tests
[185.189s] Invoked command in '/home/agilex/autoware.ai/build/lidar_localizer' returned '0': CMAKE_PREFIX_PATH=/home/agilex/autoware.ai/install/autoware_health_checker:/home/agilex/autoware.ai/install/pcl_omp_registration:/home/agilex/autoware.ai/install/ndt_tku:/home/agilex/autoware.ai/install/ndt_cpu:/home/agilex/autoware.ai/install/autoware_system_msgs:/home/agilex/autoware.ai/install/autoware_msgs:/home/agilex/autoware.ai/install/autoware_config_msgs:/home/agilex/autoware.ai/install/autoware_build_flags:${CMAKE_PREFIX_PATH} LD_LIBRARY_PATH=/home/agilex/autoware.ai/install/autoware_health_checker/lib:/home/agilex/autoware.ai/install/pcl_omp_registration/lib:/home/agilex/autoware.ai/install/ndt_tku/lib:/home/agilex/autoware.ai/install/ndt_cpu/lib:${LD_LIBRARY_PATH} PKG_CONFIG_PATH=/home/agilex/autoware.ai/install/autoware_health_checker/lib/x86_64-linux-gnu/pkgconfig:/home/agilex/autoware.ai/install/autoware_health_checker/lib/pkgconfig:/home/agilex/autoware.ai/install/pcl_omp_registration/lib/x86_64-linux-gnu/pkgconfig:/home/agilex/autoware.ai/install/pcl_omp_registration/lib/pkgconfig:/home/agilex/autoware.ai/install/ndt_tku/lib/x86_64-linux-gnu/pkgconfig:/home/agilex/autoware.ai/install/ndt_tku/lib/pkgconfig:/home/agilex/autoware.ai/install/ndt_cpu/lib/x86_64-linux-gnu/pkgconfig:/home/agilex/autoware.ai/install/ndt_cpu/lib/pkgconfig:/home/agilex/autoware.ai/install/autoware_system_msgs/lib/x86_64-linux-gnu/pkgconfig:/home/agilex/autoware.ai/install/autoware_system_msgs/lib/pkgconfig:/home/agilex/autoware.ai/install/autoware_msgs/lib/x86_64-linux-gnu/pkgconfig:/home/agilex/autoware.ai/install/autoware_msgs/lib/pkgconfig:/home/agilex/autoware.ai/install/autoware_config_msgs/lib/x86_64-linux-gnu/pkgconfig:/home/agilex/autoware.ai/install/autoware_config_msgs/lib/pkgconfig:/home/agilex/autoware.ai/install/autoware_build_flags/lib/x86_64-linux-gnu/pkgconfig:/home/agilex/autoware.ai/install/autoware_build_flags/lib/pkgconfig:${PKG_CONFIG_PATH} PYTHONPATH=/home/agilex/autoware.ai/install/autoware_system_msgs/lib/python2.7/dist-packages:/home/agilex/autoware.ai/install/autoware_msgs/lib/python2.7/dist-packages:/home/agilex/autoware.ai/install/autoware_config_msgs/lib/python2.7/dist-packages:${PYTHONPATH} ROS_PACKAGE_PATH=/home/agilex/autoware.ai/install/autoware_health_checker/share:/home/agilex/autoware.ai/install/pcl_omp_registration/share:/home/agilex/autoware.ai/install/ndt_tku/share:/home/agilex/autoware.ai/install/ndt_cpu/share:/home/agilex/autoware.ai/install/autoware_system_msgs/share:/home/agilex/autoware.ai/install/autoware_msgs/share:/home/agilex/autoware.ai/install/autoware_config_msgs/share:/home/agilex/autoware.ai/install/autoware_build_flags/share:${ROS_PACKAGE_PATH} /usr/bin/cmake --build /home/agilex/autoware.ai/build/lidar_localizer --target tests -- -j8 -l8
[185.439s] Invoking command in '/home/agilex/autoware.ai/build/lidar_localizer': CMAKE_PREFIX_PATH=/home/agilex/autoware.ai/install/autoware_health_checker:/home/agilex/autoware.ai/install/pcl_omp_registration:/home/agilex/autoware.ai/install/ndt_tku:/home/agilex/autoware.ai/install/ndt_cpu:/home/agilex/autoware.ai/install/autoware_system_msgs:/home/agilex/autoware.ai/install/autoware_msgs:/home/agilex/autoware.ai/install/autoware_config_msgs:/home/agilex/autoware.ai/install/autoware_build_flags:${CMAKE_PREFIX_PATH} LD_LIBRARY_PATH=/home/agilex/autoware.ai/install/autoware_health_checker/lib:/home/agilex/autoware.ai/install/pcl_omp_registration/lib:/home/agilex/autoware.ai/install/ndt_tku/lib:/home/agilex/autoware.ai/install/ndt_cpu/lib:${LD_LIBRARY_PATH} PKG_CONFIG_PATH=/home/agilex/autoware.ai/install/autoware_health_checker/lib/x86_64-linux-gnu/pkgconfig:/home/agilex/autoware.ai/install/autoware_health_checker/lib/pkgconfig:/home/agilex/autoware.ai/install/pcl_omp_registration/lib/x86_64-linux-gnu/pkgconfig:/home/agilex/autoware.ai/install/pcl_omp_registration/lib/pkgconfig:/home/agilex/autoware.ai/install/ndt_tku/lib/x86_64-linux-gnu/pkgconfig:/home/agilex/autoware.ai/install/ndt_tku/lib/pkgconfig:/home/agilex/autoware.ai/install/ndt_cpu/lib/x86_64-linux-gnu/pkgconfig:/home/agilex/autoware.ai/install/ndt_cpu/lib/pkgconfig:/home/agilex/autoware.ai/install/autoware_system_msgs/lib/x86_64-linux-gnu/pkgconfig:/home/agilex/autoware.ai/install/autoware_system_msgs/lib/pkgconfig:/home/agilex/autoware.ai/install/autoware_msgs/lib/x86_64-linux-gnu/pkgconfig:/home/agilex/autoware.ai/install/autoware_msgs/lib/pkgconfig:/home/agilex/autoware.ai/install/autoware_config_msgs/lib/x86_64-linux-gnu/pkgconfig:/home/agilex/autoware.ai/install/autoware_config_msgs/lib/pkgconfig:/home/agilex/autoware.ai/install/autoware_build_flags/lib/x86_64-linux-gnu/pkgconfig:/home/agilex/autoware.ai/install/autoware_build_flags/lib/pkgconfig:${PKG_CONFIG_PATH} PYTHONPATH=/home/agilex/autoware.ai/install/autoware_system_msgs/lib/python2.7/dist-packages:/home/agilex/autoware.ai/install/autoware_msgs/lib/python2.7/dist-packages:/home/agilex/autoware.ai/install/autoware_config_msgs/lib/python2.7/dist-packages:${PYTHONPATH} ROS_PACKAGE_PATH=/home/agilex/autoware.ai/install/autoware_health_checker/share:/home/agilex/autoware.ai/install/pcl_omp_registration/share:/home/agilex/autoware.ai/install/ndt_tku/share:/home/agilex/autoware.ai/install/ndt_cpu/share:/home/agilex/autoware.ai/install/autoware_system_msgs/share:/home/agilex/autoware.ai/install/autoware_msgs/share:/home/agilex/autoware.ai/install/autoware_config_msgs/share:/home/agilex/autoware.ai/install/autoware_build_flags/share:${ROS_PACKAGE_PATH} /usr/bin/cmake --build /home/agilex/autoware.ai/build/lidar_localizer --target install -- -j8 -l8
[185.572s] [  0%] Built target tf2_msgs_generate_messages_py
[185.573s] [  0%] Built target visualization_msgs_generate_messages_cpp
[185.573s] [  0%] Built target nav_msgs_generate_messages_eus
[185.573s] [  0%] Built target actionlib_generate_messages_py
[185.573s] [  0%] Built target actionlib_generate_messages_cpp
[185.573s] [  0%] Built target map_msgs_generate_messages_cpp
[185.573s] [  0%] Built target actionlib_generate_messages_nodejs
[185.592s] [  0%] Built target pcl_msgs_generate_messages_lisp
[185.592s] [  0%] Built target jsk_rviz_plugins_generate_messages_eus
[185.593s] [  0%] Built target tf_generate_messages_cpp
[185.593s] [  0%] Built target actionlib_generate_messages_lisp
[185.593s] [  0%] Built target pcl_msgs_generate_messages_py
[185.593s] [  0%] Built target tf_generate_messages_nodejs
[185.593s] [  0%] Built target diagnostic_msgs_generate_messages_cpp
[185.607s] [  0%] Built target sensor_msgs_generate_messages_lisp
[185.608s] [  0%] Built target tf_generate_messages_eus
[185.608s] [  0%] Built target rosgraph_msgs_generate_messages_nodejs
[185.608s] [  0%] Built target jsk_footstep_msgs_generate_messages_cpp
[185.608s] [  0%] Built target nav_msgs_generate_messages_cpp
[185.610s] [  0%] Built target autoware_config_msgs_generate_messages_nodejs
[185.612s] [  0%] Built target actionlib_msgs_generate_messages_cpp
[185.623s] [  0%] Built target tf_generate_messages_lisp
[185.623s] [  0%] Built target autoware_config_msgs_generate_messages_cpp
[185.623s] [  0%] Built target roscpp_generate_messages_lisp
[185.624s] [  0%] Built target rosgraph_msgs_generate_messages_py
[185.624s] [  0%] Built target jsk_recognition_msgs_generate_messages_nodejs
[185.624s] [  0%] Built target roscpp_generate_messages_py
[185.630s] [  0%] Built target roscpp_generate_messages_eus
[185.637s] [  0%] Built target actionlib_msgs_generate_messages_eus
[185.638s] [  0%] Built target autoware_config_msgs_generate_messages_py
[185.640s] [  0%] Built target pcl_msgs_generate_messages_nodejs
[185.640s] [  0%] Built target bond_generate_messages_nodejs
[185.641s] [  0%] Built target autoware_config_msgs_generate_messages_lisp
[185.644s] [  0%] Built target actionlib_msgs_generate_messages_nodejs
[185.644s] [  0%] Built target geometry_msgs_generate_messages_cpp
[185.651s] [  0%] Built target nodelet_topic_tools_gencfg
[185.652s] [  0%] Built target topic_tools_generate_messages_py
[185.656s] [  0%] Built target actionlib_msgs_generate_messages_lisp
[185.657s] [  0%] Built target map_msgs_generate_messages_nodejs
[185.657s] [  0%] Built target autoware_system_msgs_generate_messages_nodejs
[185.659s] [  0%] Built target std_msgs_generate_messages_lisp
[185.662s] [  0%] Built target sensor_msgs_generate_messages_cpp
[185.671s] [  0%] Built target std_srvs_generate_messages_lisp
[185.671s] [  0%] Built target sensor_msgs_generate_messages_eus
[185.671s] [  0%] Built target geometry_msgs_generate_messages_eus
[185.672s] [  0%] Built target std_msgs_generate_messages_nodejs
[185.672s] [  0%] Built target visualization_msgs_generate_messages_lisp
[185.676s] [  0%] Built target autoware_msgs_generate_messages_nodejs
[185.677s] [  0%] Built target autoware_msgs_generate_messages_eus
[185.684s] [  0%] Built target std_srvs_generate_messages_cpp
[185.686s] [  0%] Built target jsk_recognition_msgs_generate_messages_cpp
[185.689s] [  0%] Built target tf2_msgs_generate_messages_eus
[185.692s] [  0%] Built target rosgraph_msgs_generate_messages_cpp
[185.692s] [  0%] Built target topic_tools_generate_messages_lisp
[185.692s] [  0%] Built target actionlib_generate_messages_eus
[185.696s] [  0%] Built target pcl_msgs_generate_messages_cpp
[185.701s] [  0%] Built target nav_msgs_generate_messages_lisp
[185.703s] [  0%] Built target autoware_msgs_generate_messages_cpp
[185.705s] [  0%] Built target diagnostic_msgs_generate_messages_lisp
[185.707s] [  0%] Built target jsk_rviz_plugins_generate_messages_cpp
[185.707s] [  0%] Built target geometry_msgs_generate_messages_nodejs
[185.709s] [  0%] Built target std_msgs_generate_messages_py
[185.712s] [  0%] Built target autoware_msgs_generate_messages_py
[185.716s] [  0%] Built target std_msgs_generate_messages_eus
[185.718s] [  0%] Built target nodelet_generate_messages_lisp
[185.721s] [  0%] Built target dynamic_reconfigure_gencfg
[185.722s] [  0%] Built target std_msgs_generate_messages_cpp
[185.723s] [  0%] Built target jsk_hark_msgs_generate_messages_lisp
[185.726s] [  0%] Built target jsk_footstep_msgs_generate_messages_py
[185.728s] [  0%] Built target std_srvs_generate_messages_eus
[185.732s] [  0%] Built target autoware_msgs_generate_messages_lisp
[185.736s] [  0%] Built target dynamic_reconfigure_generate_messages_cpp
[185.736s] [  0%] Built target sensor_msgs_generate_messages_nodejs
[185.741s] [  0%] Built target nodelet_generate_messages_py
[185.741s] [  0%] Built target sensor_msgs_generate_messages_py
[185.743s] [  0%] Built target tf2_msgs_generate_messages_cpp
[185.747s] [  0%] Built target jsk_recognition_msgs_generate_messages_eus
[185.749s] [  0%] Built target nav_msgs_generate_messages_py
[185.751s] [  0%] Built target jsk_recognition_msgs_generate_messages_lisp
[185.752s] [  0%] Built target rosgraph_msgs_generate_messages_eus
[185.756s] [  0%] Built target jsk_recognition_msgs_generate_messages_py
[185.756s] [  0%] Built target pcl_msgs_generate_messages_eus
[185.758s] [  0%] Built target geometry_msgs_generate_messages_py
[185.762s] [  0%] Built target actionlib_msgs_generate_messages_py
[185.763s] [  0%] Built target autoware_config_msgs_generate_messages_eus
[185.768s] [  0%] Built target jsk_footstep_msgs_generate_messages_lisp
[185.771s] [  0%] Built target people_msgs_generate_messages_nodejs
[185.772s] [  0%] Built target tf2_msgs_generate_messages_nodejs
[185.775s] [  0%] Built target dynamic_reconfigure_generate_messages_nodejs
[185.776s] [  0%] Built target dynamic_reconfigure_generate_messages_eus
[185.778s] [  0%] Built target dynamic_reconfigure_generate_messages_py
[185.779s] [  0%] Built target nodelet_generate_messages_cpp
[185.784s] [  0%] Built target jsk_footstep_msgs_generate_messages_nodejs
[185.786s] [  0%] Built target nodelet_generate_messages_eus
[185.787s] [  0%] Built target roscpp_generate_messages_cpp
[185.791s] [  0%] Built target geometry_msgs_generate_messages_lisp
[185.791s] [  0%] Built target map_msgs_generate_messages_eus
[185.793s] [  0%] Built target nodelet_generate_messages_nodejs
[185.796s] [  0%] Built target bond_generate_messages_cpp
[185.800s] [  0%] Built target bond_generate_messages_lisp
[185.802s] [  0%] Built target bond_generate_messages_py
[185.803s] [  0%] Built target autoware_system_msgs_generate_messages_py
[185.807s] [  0%] Built target std_srvs_generate_messages_nodejs
[185.807s] [  0%] Built target std_srvs_generate_messages_py
[185.809s] [  0%] Built target topic_tools_generate_messages_cpp
[185.812s] [  0%] Built target bond_generate_messages_eus
[185.815s] [  0%] Built target topic_tools_generate_messages_eus
[185.819s] [  0%] Built target tf_generate_messages_py
[185.821s] [  0%] Built target topic_tools_generate_messages_nodejs
[185.822s] [  0%] Built target jsk_footstep_msgs_generate_messages_eus
[185.824s] [  0%] Built target velodyne_pointcloud_gencfg
[185.826s] [  0%] Built target jsk_hark_msgs_generate_messages_nodejs
[185.826s] [  0%] Built target rviz_generate_messages_nodejs
[185.833s] [  0%] Built target diagnostic_msgs_generate_messages_nodejs
[185.834s] [  0%] Built target diagnostic_msgs_generate_messages_eus
[185.836s] [  0%] Built target autoware_system_msgs_generate_messages_eus
[185.839s] [  0%] Built target pcl_ros_gencfg
[185.840s] [  0%] Built target velodyne_msgs_generate_messages_cpp
[185.840s] [  0%] Built target jsk_hark_msgs_generate_messages_cpp
[185.845s] [  0%] Built target rosgraph_msgs_generate_messages_lisp
[185.848s] [  0%] Built target roscpp_generate_messages_nodejs
[185.851s] [  0%] Built target velodyne_msgs_generate_messages_eus
[185.853s] [  0%] Built target velodyne_msgs_generate_messages_lisp
[185.855s] [  0%] Built target velodyne_msgs_generate_messages_nodejs
[185.855s] [  0%] Built target tf2_msgs_generate_messages_lisp
[185.856s] [  0%] Built target diagnostic_msgs_generate_messages_py
[185.860s] [  0%] Built target nav_msgs_generate_messages_nodejs
[185.866s] [  0%] Built target velodyne_msgs_generate_messages_py
[185.869s] [  0%] Built target autoware_system_msgs_generate_messages_lisp
[185.869s] [  0%] Built target rviz_generate_messages_py
[185.873s] [  0%] Built target rviz_generate_messages_lisp
[185.873s] [  0%] Built target autoware_system_msgs_generate_messages_cpp
[185.875s] [  0%] Built target jsk_rviz_plugins_gencfg
[185.876s] [  0%] Built target jsk_rviz_plugins_generate_messages_lisp
[185.880s] [  0%] Built target jsk_recognition_utils_gencfg
[185.888s] [  0%] Built target jsk_rviz_plugins_generate_messages_nodejs
[185.888s] [  0%] Built target jsk_rviz_plugins_generate_messages_py
[185.889s] [  0%] Built target dynamic_reconfigure_generate_messages_lisp
[185.891s] [  0%] Built target jsk_hark_msgs_generate_messages_eus
[185.891s] [  0%] Built target visualization_msgs_generate_messages_eus
[185.892s] [  0%] Built target visualization_msgs_generate_messages_nodejs
[185.896s] [  0%] Built target visualization_msgs_generate_messages_py
[185.902s] [  0%] Built target people_msgs_generate_messages_cpp
[185.903s] [  0%] Built target people_msgs_generate_messages_eus
[185.905s] [  0%] Built target rviz_generate_messages_eus
[185.908s] [  0%] Built target velodyne_driver_gencfg
[185.908s] [  0%] Built target people_msgs_generate_messages_lisp
[185.909s] [  0%] Built target rviz_generate_messages_cpp
[185.911s] [  0%] Built target map_msgs_generate_messages_lisp
[185.916s] [  0%] Built target people_msgs_generate_messages_py
[185.922s] [  0%] Built target map_msgs_generate_messages_py
[185.922s] [  0%] Built target jsk_hark_msgs_generate_messages_py
[185.949s] [ 10%] Built target ndt_matching_tku
[185.949s] [ 20%] Built target mapping
[185.949s] [ 30%] Built target ndt_matching_monitor_lib
[185.949s] [ 40%] Built target icp_matching
[185.954s] [ 60%] Built target approximate_ndt_mapping
[185.954s] [ 60%] Built target ndt_matching
[185.970s] [ 70%] Built target queue_counter
[185.975s] [ 80%] Built target ndt_mapping_tku
[185.975s] [ 90%] Built target ndt_matching_monitor
[185.975s] [100%] Built target ndt_mapping
[185.994s] [36mInstall the project...[0m
[186.000s] -- Install configuration: "Release"
[186.000s] -- Installing: /home/agilex/autoware.ai/install/lidar_localizer/lib/pkgconfig/lidar_localizer.pc
[186.001s] -- Installing: /home/agilex/autoware.ai/install/lidar_localizer/share/lidar_localizer/cmake/lidar_localizerConfig.cmake
[186.001s] -- Installing: /home/agilex/autoware.ai/install/lidar_localizer/share/lidar_localizer/cmake/lidar_localizerConfig-version.cmake
[186.001s] -- Installing: /home/agilex/autoware.ai/install/lidar_localizer/share/lidar_localizer/package.xml
[186.001s] -- Installing: /home/agilex/autoware.ai/install/lidar_localizer/lib/lidar_localizer/ndt_matching
[186.017s] -- Set runtime path of "/home/agilex/autoware.ai/install/lidar_localizer/lib/lidar_localizer/ndt_matching" to ""
[186.017s] -- Installing: /home/agilex/autoware.ai/install/lidar_localizer/lib/lidar_localizer/ndt_mapping
[186.032s] -- Set runtime path of "/home/agilex/autoware.ai/install/lidar_localizer/lib/lidar_localizer/ndt_mapping" to ""
[186.032s] -- Installing: /home/agilex/autoware.ai/install/lidar_localizer/lib/lidar_localizer/approximate_ndt_mapping
[186.046s] -- Set runtime path of "/home/agilex/autoware.ai/install/lidar_localizer/lib/lidar_localizer/approximate_ndt_mapping" to ""
[186.046s] -- Installing: /home/agilex/autoware.ai/install/lidar_localizer/lib/lidar_localizer/ndt_mapping_tku
[186.051s] -- Set runtime path of "/home/agilex/autoware.ai/install/lidar_localizer/lib/lidar_localizer/ndt_mapping_tku" to ""
[186.052s] -- Installing: /home/agilex/autoware.ai/install/lidar_localizer/lib/lidar_localizer/mapping
[186.059s] -- Set runtime path of "/home/agilex/autoware.ai/install/lidar_localizer/lib/lidar_localizer/mapping" to ""
[186.059s] -- Installing: /home/agilex/autoware.ai/install/lidar_localizer/lib/libndt_matching_monitor_lib.so
[186.065s] -- Set runtime path of "/home/agilex/autoware.ai/install/lidar_localizer/lib/libndt_matching_monitor_lib.so" to ""
[186.065s] -- Installing: /home/agilex/autoware.ai/install/lidar_localizer/lib/lidar_localizer/ndt_matching_monitor
[186.070s] -- Set runtime path of "/home/agilex/autoware.ai/install/lidar_localizer/lib/lidar_localizer/ndt_matching_monitor" to ""
[186.070s] -- Installing: /home/agilex/autoware.ai/install/lidar_localizer/lib/lidar_localizer/icp_matching
[186.084s] -- Set runtime path of "/home/agilex/autoware.ai/install/lidar_localizer/lib/lidar_localizer/icp_matching" to ""
[186.084s] -- Installing: /home/agilex/autoware.ai/install/lidar_localizer/lib/lidar_localizer/queue_counter
[186.085s] -- Set runtime path of "/home/agilex/autoware.ai/install/lidar_localizer/lib/lidar_localizer/queue_counter" to ""
[186.085s] -- Installing: /home/agilex/autoware.ai/install/lidar_localizer/share/lidar_localizer/launch
[186.085s] -- Installing: /home/agilex/autoware.ai/install/lidar_localizer/share/lidar_localizer/launch/approximate_ndt_mapping.launch
[186.085s] -- Installing: /home/agilex/autoware.ai/install/lidar_localizer/share/lidar_localizer/launch/ndt_matching.launch
[186.085s] -- Installing: /home/agilex/autoware.ai/install/lidar_localizer/share/lidar_localizer/launch/ndt_mapping.launch
[186.085s] -- Installing: /home/agilex/autoware.ai/install/lidar_localizer/share/lidar_localizer/launch/ndt_matching_tku.launch
[186.085s] -- Installing: /home/agilex/autoware.ai/install/lidar_localizer/share/lidar_localizer/launch/icp_matching.launch
[186.085s] -- Installing: /home/agilex/autoware.ai/install/lidar_localizer/share/lidar_localizer/launch/ndt_matching_monitor.launch
[186.085s] -- Installing: /home/agilex/autoware.ai/install/lidar_localizer/share/lidar_localizer/launch/ndt_matching_tku_org.launch
[186.086s] -- Installing: /home/agilex/autoware.ai/install/lidar_localizer/share/lidar_localizer/launch/ndt_mapping_tku.launch
[186.088s] Invoked command in '/home/agilex/autoware.ai/build/lidar_localizer' returned '0': CMAKE_PREFIX_PATH=/home/agilex/autoware.ai/install/autoware_health_checker:/home/agilex/autoware.ai/install/pcl_omp_registration:/home/agilex/autoware.ai/install/ndt_tku:/home/agilex/autoware.ai/install/ndt_cpu:/home/agilex/autoware.ai/install/autoware_system_msgs:/home/agilex/autoware.ai/install/autoware_msgs:/home/agilex/autoware.ai/install/autoware_config_msgs:/home/agilex/autoware.ai/install/autoware_build_flags:${CMAKE_PREFIX_PATH} LD_LIBRARY_PATH=/home/agilex/autoware.ai/install/autoware_health_checker/lib:/home/agilex/autoware.ai/install/pcl_omp_registration/lib:/home/agilex/autoware.ai/install/ndt_tku/lib:/home/agilex/autoware.ai/install/ndt_cpu/lib:${LD_LIBRARY_PATH} PKG_CONFIG_PATH=/home/agilex/autoware.ai/install/autoware_health_checker/lib/x86_64-linux-gnu/pkgconfig:/home/agilex/autoware.ai/install/autoware_health_checker/lib/pkgconfig:/home/agilex/autoware.ai/install/pcl_omp_registration/lib/x86_64-linux-gnu/pkgconfig:/home/agilex/autoware.ai/install/pcl_omp_registration/lib/pkgconfig:/home/agilex/autoware.ai/install/ndt_tku/lib/x86_64-linux-gnu/pkgconfig:/home/agilex/autoware.ai/install/ndt_tku/lib/pkgconfig:/home/agilex/autoware.ai/install/ndt_cpu/lib/x86_64-linux-gnu/pkgconfig:/home/agilex/autoware.ai/install/ndt_cpu/lib/pkgconfig:/home/agilex/autoware.ai/install/autoware_system_msgs/lib/x86_64-linux-gnu/pkgconfig:/home/agilex/autoware.ai/install/autoware_system_msgs/lib/pkgconfig:/home/agilex/autoware.ai/install/autoware_msgs/lib/x86_64-linux-gnu/pkgconfig:/home/agilex/autoware.ai/install/autoware_msgs/lib/pkgconfig:/home/agilex/autoware.ai/install/autoware_config_msgs/lib/x86_64-linux-gnu/pkgconfig:/home/agilex/autoware.ai/install/autoware_config_msgs/lib/pkgconfig:/home/agilex/autoware.ai/install/autoware_build_flags/lib/x86_64-linux-gnu/pkgconfig:/home/agilex/autoware.ai/install/autoware_build_flags/lib/pkgconfig:${PKG_CONFIG_PATH} PYTHONPATH=/home/agilex/autoware.ai/install/autoware_system_msgs/lib/python2.7/dist-packages:/home/agilex/autoware.ai/install/autoware_msgs/lib/python2.7/dist-packages:/home/agilex/autoware.ai/install/autoware_config_msgs/lib/python2.7/dist-packages:${PYTHONPATH} ROS_PACKAGE_PATH=/home/agilex/autoware.ai/install/autoware_health_checker/share:/home/agilex/autoware.ai/install/pcl_omp_registration/share:/home/agilex/autoware.ai/install/ndt_tku/share:/home/agilex/autoware.ai/install/ndt_cpu/share:/home/agilex/autoware.ai/install/autoware_system_msgs/share:/home/agilex/autoware.ai/install/autoware_msgs/share:/home/agilex/autoware.ai/install/autoware_config_msgs/share:/home/agilex/autoware.ai/install/autoware_build_flags/share:${ROS_PACKAGE_PATH} /usr/bin/cmake --build /home/agilex/autoware.ai/build/lidar_localizer --target install -- -j8 -l8
