Determining if the pthread_create exist failed with the following output:
Change Dir: /home/agilex/autoware.ai/build/sick_ldmrs_driver/CMakeFiles/CMakeTmp

Run Build Command:"/usr/bin/make" "cmTC_a70ce/fast"
/usr/bin/make -f CMakeFiles/cmTC_a70ce.dir/build.make CMakeFiles/cmTC_a70ce.dir/build
make[1]: Entering directory '/home/agilex/autoware.ai/build/sick_ldmrs_driver/CMakeFiles/CMakeTmp'
Building C object CMakeFiles/cmTC_a70ce.dir/CheckSymbolExists.c.o
/usr/bin/cc    -o CMakeFiles/cmTC_a70ce.dir/CheckSymbolExists.c.o   -c /home/agilex/autoware.ai/build/sick_ldmrs_driver/CMakeFiles/CMakeTmp/CheckSymbolExists.c
Linking C executable cmTC_a70ce
/usr/bin/cmake -E cmake_link_script CMakeFiles/cmTC_a70ce.dir/link.txt --verbose=1
/usr/bin/cc      -rdynamic CMakeFiles/cmTC_a70ce.dir/CheckSymbolExists.c.o  -o cmTC_a70ce 
CMakeFiles/cmTC_a70ce.dir/CheckSymbolExists.c.o: In function `main':
CheckSymbolExists.c:(.text+0x1b): undefined reference to `pthread_create'
collect2: error: ld returned 1 exit status
CMakeFiles/cmTC_a70ce.dir/build.make:97: recipe for target 'cmTC_a70ce' failed
make[1]: *** [cmTC_a70ce] Error 1
make[1]: Leaving directory '/home/agilex/autoware.ai/build/sick_ldmrs_driver/CMakeFiles/CMakeTmp'
Makefile:126: recipe for target 'cmTC_a70ce/fast' failed
make: *** [cmTC_a70ce/fast] Error 2

File /home/agilex/autoware.ai/build/sick_ldmrs_driver/CMakeFiles/CMakeTmp/CheckSymbolExists.c:
/* */
#include <pthread.h>

int main(int argc, char** argv)
{
  (void)argv;
#ifndef pthread_create
  return ((int*)(&pthread_create))[argc];
#else
  (void)argc;
  return 0;
#endif
}

Determining if the function pthread_create exists in the pthreads failed with the following output:
Change Dir: /home/agilex/autoware.ai/build/sick_ldmrs_driver/CMakeFiles/CMakeTmp

Run Build Command:"/usr/bin/make" "cmTC_5003f/fast"
/usr/bin/make -f CMakeFiles/cmTC_5003f.dir/build.make CMakeFiles/cmTC_5003f.dir/build
make[1]: Entering directory '/home/agilex/autoware.ai/build/sick_ldmrs_driver/CMakeFiles/CMakeTmp'
Building C object CMakeFiles/cmTC_5003f.dir/CheckFunctionExists.c.o
/usr/bin/cc   -DCHECK_FUNCTION_EXISTS=pthread_create   -o CMakeFiles/cmTC_5003f.dir/CheckFunctionExists.c.o   -c /usr/share/cmake-3.10/Modules/CheckFunctionExists.c
Linking C executable cmTC_5003f
/usr/bin/cmake -E cmake_link_script CMakeFiles/cmTC_5003f.dir/link.txt --verbose=1
/usr/bin/cc  -DCHECK_FUNCTION_EXISTS=pthread_create    -rdynamic CMakeFiles/cmTC_5003f.dir/CheckFunctionExists.c.o  -o cmTC_5003f -lpthreads 
/usr/bin/ld: cannot find -lpthreads
collect2: error: ld returned 1 exit status
CMakeFiles/cmTC_5003f.dir/build.make:97: recipe for target 'cmTC_5003f' failed
make[1]: *** [cmTC_5003f] Error 1
make[1]: Leaving directory '/home/agilex/autoware.ai/build/sick_ldmrs_driver/CMakeFiles/CMakeTmp'
Makefile:126: recipe for target 'cmTC_5003f/fast' failed
make: *** [cmTC_5003f/fast] Error 2


