[  0%] Built target tf2_msgs_generate_messages_eus
[  0%] Built target nav_msgs_generate_messages_nodejs
[  0%] Built target rviz_generate_messages_py
[  0%] Built target map_msgs_generate_messages_lisp
[  0%] Built target people_msgs_generate_messages_eus
[  0%] Built target rviz_generate_messages_eus
[  0%] Built target people_msgs_generate_messages_cpp
[  0%] Built target topic_tools_generate_messages_nodejs
[  0%] Built target topic_tools_generate_messages_eus
[  0%] Built target people_msgs_generate_messages_lisp
[  0%] Built target topic_tools_generate_messages_cpp
[  0%] Built target std_srvs_generate_messages_py
[  0%] Built target std_srvs_generate_messages_nodejs
[  0%] Built target bond_generate_messages_eus
[  0%] Built target bond_generate_messages_lisp
[  0%] Built target bond_generate_messages_cpp
[  0%] Built target nodelet_generate_messages_nodejs
[  0%] Built target map_msgs_generate_messages_eus
[  0%] Built target nodelet_generate_messages_eus
[  0%] Built target nodelet_generate_messages_cpp
[  0%] Built target map_msgs_generate_messages_py
[  0%] Built target pcl_ros_gencfg
[  0%] Built target rviz_generate_messages_nodejs
[  0%] Built target jsk_hark_msgs_generate_messages_nodejs
[  0%] Built target jsk_hark_msgs_generate_messages_cpp
[  0%] Built target jsk_hark_msgs_generate_messages_eus
[  0%] Built target jsk_rviz_plugins_generate_messages_py
[  0%] Built target jsk_rviz_plugins_generate_messages_nodejs
[  0%] Built target jsk_rviz_plugins_generate_messages_lisp
[  0%] Built target jsk_recognition_utils_gencfg
[  0%] Built target rviz_generate_messages_lisp
[  0%] Built target jsk_rviz_plugins_gencfg
[  0%] Built target dynamic_reconfigure_generate_messages_nodejs
[  0%] Built target dynamic_reconfigure_generate_messages_py
[  0%] Built target people_msgs_generate_messages_py
[  0%] Built target dynamic_reconfigure_generate_messages_eus
[  0%] Built target dynamic_reconfigure_generate_messages_lisp
[  0%] Built target visualization_msgs_generate_messages_nodejs
[  0%] Built target visualization_msgs_generate_messages_py
[  0%] Built target visualization_msgs_generate_messages_eus
[  0%] Built target tf2_msgs_generate_messages_nodejs
[  0%] Built target nav_msgs_generate_messages_py
[  0%] Built target jsk_footstep_msgs_generate_messages_nodejs
[  0%] Built target tf2_msgs_generate_messages_lisp
[  0%] Built target dynamic_reconfigure_gencfg
[  0%] Built target jsk_footstep_msgs_generate_messages_lisp
[  0%] Built target geometry_msgs_generate_messages_py
[  0%] Built target autoware_config_msgs_generate_messages_eus
[  0%] Built target actionlib_msgs_generate_messages_py
[  0%] Built target jsk_footstep_msgs_generate_messages_eus
[  0%] Built target nav_msgs_generate_messages_lisp
[  0%] Built target jsk_recognition_msgs_generate_messages_py
[  0%] Built target pcl_msgs_generate_messages_eus
[  0%] Built target pcl_msgs_generate_messages_nodejs
[  0%] Built target rosgraph_msgs_generate_messages_eus
[  0%] Built target jsk_recognition_msgs_generate_messages_lisp
[  0%] Built target jsk_recognition_msgs_generate_messages_eus
[  0%] Built target vector_map_msgs_generate_messages_lisp
[  0%] Built target nodelet_generate_messages_py
[  0%] Built target tf2_msgs_generate_messages_cpp
[  0%] Built target sensor_msgs_generate_messages_py
[  0%] Built target dynamic_reconfigure_generate_messages_cpp
[  0%] Built target tf_generate_messages_py
[  0%] Built target sensor_msgs_generate_messages_nodejs
[  0%] Built target roscpp_generate_messages_cpp
[  0%] Built target autoware_msgs_generate_messages_lisp
[  0%] Built target actionlib_generate_messages_cpp
[  0%] Built target std_msgs_generate_messages_cpp
[  0%] Built target jsk_footstep_msgs_generate_messages_py
[  0%] Built target bond_generate_messages_py
[  0%] Built target vector_map_msgs_generate_messages_nodejs
[  0%] Built target geometry_msgs_generate_messages_lisp
[  0%] Built target autoware_msgs_generate_messages_py
[  0%] Built target nodelet_generate_messages_lisp
[  0%] Built target std_msgs_generate_messages_py
[  0%] Built target autoware_msgs_generate_messages_cpp
[  0%] Built target rosgraph_msgs_generate_messages_cpp
[  0%] Built target topic_tools_generate_messages_lisp
[  0%] Built target jsk_recognition_msgs_generate_messages_cpp
[  0%] Built target pcl_msgs_generate_messages_cpp
[  0%] Built target nav_msgs_generate_messages_cpp
[  0%] Built target sensor_msgs_generate_messages_lisp
[  0%] Built target std_srvs_generate_messages_cpp
[  0%] Built target autoware_msgs_generate_messages_nodejs
[  0%] Built target visualization_msgs_generate_messages_lisp
[  0%] Built target autoware_msgs_generate_messages_eus
[  0%] Built target std_msgs_generate_messages_eus
[  0%] Built target vector_map_msgs_generate_messages_py
[  0%] Built target jsk_hark_msgs_generate_messages_lisp
[  0%] Built target geometry_msgs_generate_messages_eus
[  0%] Built target sensor_msgs_generate_messages_eus
[  0%] Built target std_msgs_generate_messages_nodejs
[  0%] Built target std_srvs_generate_messages_lisp
[  0%] Built target jsk_rviz_plugins_generate_messages_cpp
[  0%] Built target roscpp_generate_messages_nodejs
[  0%] Built target std_msgs_generate_messages_lisp
[  0%] Built target sensor_msgs_generate_messages_cpp
[  0%] Built target actionlib_msgs_generate_messages_lisp
[  0%] Built target map_msgs_generate_messages_nodejs
[  0%] Built target people_msgs_generate_messages_nodejs
[  0%] Built target topic_tools_generate_messages_py
[  0%] Built target rviz_generate_messages_cpp
[  0%] Built target geometry_msgs_generate_messages_nodejs
[  0%] Built target actionlib_msgs_generate_messages_nodejs
[  0%] Built target nodelet_topic_tools_gencfg
[  0%] Built target bond_generate_messages_nodejs
[  0%] Built target autoware_config_msgs_generate_messages_lisp
[  0%] Built target jsk_hark_msgs_generate_messages_py
[  0%] Built target autoware_config_msgs_generate_messages_py
[  0%] Built target rosgraph_msgs_generate_messages_py
[  0%] Built target vector_map_msgs_generate_messages_eus
[  0%] Built target roscpp_generate_messages_eus
[  0%] Built target vector_map_msgs_generate_messages_cpp
[  0%] Built target std_srvs_generate_messages_eus
[  0%] Built target roscpp_generate_messages_py
[  0%] Built target actionlib_msgs_generate_messages_eus
[  0%] Built target jsk_recognition_msgs_generate_messages_nodejs
[  0%] Built target roscpp_generate_messages_lisp
[  0%] Built target autoware_config_msgs_generate_messages_cpp
[  0%] Built target rosgraph_msgs_generate_messages_lisp
[  0%] Built target autoware_config_msgs_generate_messages_nodejs
[  0%] Built target rosgraph_msgs_generate_messages_nodejs
[  0%] Built target tf_generate_messages_lisp
[  0%] Built target tf_generate_messages_nodejs
[  0%] Built target actionlib_msgs_generate_messages_cpp
[  0%] Built target jsk_footstep_msgs_generate_messages_cpp
[  0%] Built target jsk_rviz_plugins_generate_messages_eus
[  0%] Built target pcl_msgs_generate_messages_py
[  0%] Built target actionlib_generate_messages_lisp
[  0%] Built target geometry_msgs_generate_messages_cpp
[  0%] Built target tf_generate_messages_cpp
[  0%] Built target actionlib_generate_messages_nodejs
[  0%] Built target pcl_msgs_generate_messages_lisp
[  0%] Built target actionlib_generate_messages_eus
[  0%] Built target map_msgs_generate_messages_cpp
[  0%] Built target tf2_msgs_generate_messages_py
[  0%] Built target nav_msgs_generate_messages_eus
[  0%] Built target actionlib_generate_messages_py
[  0%] Built target visualization_msgs_generate_messages_cpp
[  0%] Built target tf_generate_messages_eus
[100%] Built target decision_maker_node
[ 12%] Built target gtest
[ 12%] Built target rviz_generate_messages_eus
[ 12%] Built target people_msgs_generate_messages_eus
[ 12%] Built target people_msgs_generate_messages_cpp
[ 12%] Built target topic_tools_generate_messages_nodejs
[ 12%] Built target topic_tools_generate_messages_eus
[ 12%] Built target topic_tools_generate_messages_cpp
[ 12%] Built target std_srvs_generate_messages_py
[ 12%] Built target std_srvs_generate_messages_nodejs
[ 12%] Built target bond_generate_messages_lisp
[ 12%] Built target bond_generate_messages_eus
[ 12%] Built target bond_generate_messages_cpp
[ 12%] Built target nodelet_generate_messages_nodejs
[ 12%] Built target map_msgs_generate_messages_eus
[ 12%] Built target nodelet_generate_messages_eus
[ 12%] Built target nodelet_generate_messages_cpp
[ 12%] Built target map_msgs_generate_messages_py
[ 12%] Built target pcl_ros_gencfg
[ 12%] Built target rviz_generate_messages_nodejs
[ 12%] Built target jsk_hark_msgs_generate_messages_nodejs
[ 12%] Built target jsk_hark_msgs_generate_messages_cpp
[ 12%] Built target jsk_hark_msgs_generate_messages_eus
[ 12%] Built target jsk_rviz_plugins_generate_messages_py
[ 12%] Built target jsk_rviz_plugins_generate_messages_nodejs
[ 12%] Built target jsk_recognition_utils_gencfg
[ 12%] Built target jsk_rviz_plugins_generate_messages_lisp
[ 12%] Built target rviz_generate_messages_lisp
[ 12%] Built target jsk_rviz_plugins_gencfg
[ 12%] Built target dynamic_reconfigure_generate_messages_py
[ 12%] Built target dynamic_reconfigure_generate_messages_nodejs
[ 12%] Built target people_msgs_generate_messages_nodejs
[ 12%] Built target dynamic_reconfigure_generate_messages_lisp
[ 12%] Built target dynamic_reconfigure_generate_messages_eus
[ 12%] Built target visualization_msgs_generate_messages_py
[ 12%] Built target visualization_msgs_generate_messages_nodejs
[ 12%] Built target visualization_msgs_generate_messages_eus
[ 12%] Built target tf2_msgs_generate_messages_nodejs
[ 12%] Built target nav_msgs_generate_messages_py
[ 12%] Built target dynamic_reconfigure_gencfg
[ 12%] Built target tf2_msgs_generate_messages_lisp
[ 12%] Built target jsk_footstep_msgs_generate_messages_nodejs
[ 12%] Built target jsk_footstep_msgs_generate_messages_lisp
[ 12%] Built target autoware_config_msgs_generate_messages_eus
[ 12%] Built target jsk_footstep_msgs_generate_messages_eus
[ 12%] Built target actionlib_msgs_generate_messages_py
[ 12%] Built target geometry_msgs_generate_messages_py
[ 12%] Built target nav_msgs_generate_messages_lisp
[ 12%] Built target pcl_msgs_generate_messages_nodejs
[ 12%] Built target jsk_recognition_msgs_generate_messages_py
[ 12%] Built target pcl_msgs_generate_messages_eus
[ 12%] Built target rosgraph_msgs_generate_messages_eus
[ 12%] Built target jsk_recognition_msgs_generate_messages_lisp
[ 12%] Built target vector_map_msgs_generate_messages_lisp
[ 12%] Built target jsk_recognition_msgs_generate_messages_eus
[ 12%] Built target tf2_msgs_generate_messages_cpp
[ 12%] Built target nodelet_generate_messages_py
[ 12%] Built target sensor_msgs_generate_messages_py
[ 12%] Built target dynamic_reconfigure_generate_messages_cpp
[ 12%] Built target tf_generate_messages_py
[ 12%] Built target sensor_msgs_generate_messages_nodejs
[ 12%] Built target roscpp_generate_messages_cpp
[ 12%] Built target actionlib_generate_messages_cpp
[ 12%] Built target autoware_msgs_generate_messages_lisp
[ 12%] Built target jsk_footstep_msgs_generate_messages_py
[ 12%] Built target std_msgs_generate_messages_cpp
[ 12%] Built target bond_generate_messages_py
[ 12%] Built target vector_map_msgs_generate_messages_nodejs
[ 12%] Built target geometry_msgs_generate_messages_lisp
[ 12%] Built target nodelet_generate_messages_lisp
[ 12%] Built target autoware_msgs_generate_messages_py
[ 12%] Built target std_msgs_generate_messages_py
[ 12%] Built target autoware_msgs_generate_messages_cpp
[ 12%] Built target rosgraph_msgs_generate_messages_cpp
[ 12%] Built target pcl_msgs_generate_messages_cpp
[ 12%] Built target topic_tools_generate_messages_lisp
[ 12%] Built target jsk_recognition_msgs_generate_messages_cpp
[ 12%] Built target nav_msgs_generate_messages_cpp
[ 12%] Built target sensor_msgs_generate_messages_lisp
[ 12%] Built target std_srvs_generate_messages_cpp
[ 12%] Built target autoware_msgs_generate_messages_eus
[ 12%] Built target autoware_msgs_generate_messages_nodejs
[ 12%] Built target visualization_msgs_generate_messages_lisp
[ 12%] Built target std_msgs_generate_messages_eus
[ 12%] Built target vector_map_msgs_generate_messages_py
[ 12%] Built target geometry_msgs_generate_messages_eus
[ 12%] Built target jsk_hark_msgs_generate_messages_lisp
[ 12%] Built target std_msgs_generate_messages_nodejs
[ 12%] Built target sensor_msgs_generate_messages_eus
[ 12%] Built target std_srvs_generate_messages_lisp
[ 12%] Built target jsk_rviz_plugins_generate_messages_cpp
[ 12%] Built target roscpp_generate_messages_nodejs
[ 12%] Built target std_msgs_generate_messages_lisp
[ 12%] Built target sensor_msgs_generate_messages_cpp
[ 12%] Built target actionlib_msgs_generate_messages_lisp
[ 12%] Built target map_msgs_generate_messages_nodejs
[ 12%] Built target topic_tools_generate_messages_py
[ 12%] Built target nodelet_topic_tools_gencfg
[ 12%] Built target actionlib_msgs_generate_messages_nodejs
[ 12%] Built target geometry_msgs_generate_messages_nodejs
[ 12%] Built target jsk_hark_msgs_generate_messages_py
[ 12%] Built target autoware_config_msgs_generate_messages_lisp
[ 12%] Built target bond_generate_messages_nodejs
[ 12%] Built target autoware_config_msgs_generate_messages_py
[ 12%] Built target actionlib_msgs_generate_messages_eus
[ 12%] Built target roscpp_generate_messages_eus
[ 12%] Built target rosgraph_msgs_generate_messages_py
[ 12%] Built target vector_map_msgs_generate_messages_cpp
[ 12%] Built target vector_map_msgs_generate_messages_eus
[ 12%] Built target std_srvs_generate_messages_eus
[ 12%] Built target jsk_recognition_msgs_generate_messages_nodejs
[ 12%] Built target roscpp_generate_messages_lisp
[ 12%] Built target roscpp_generate_messages_py
[ 12%] Built target rosgraph_msgs_generate_messages_lisp
[ 12%] Built target autoware_config_msgs_generate_messages_cpp
[ 12%] Built target rosgraph_msgs_generate_messages_nodejs
[ 12%] Built target jsk_footstep_msgs_generate_messages_cpp
[ 12%] Built target actionlib_msgs_generate_messages_cpp
[ 12%] Built target tf_generate_messages_eus
[ 12%] Built target tf_generate_messages_lisp
[ 12%] Built target autoware_config_msgs_generate_messages_nodejs
[ 12%] Built target tf_generate_messages_nodejs
[ 12%] Built target jsk_rviz_plugins_generate_messages_eus
[ 12%] Built target pcl_msgs_generate_messages_py
[ 12%] Built target actionlib_generate_messages_eus
[ 12%] Built target geometry_msgs_generate_messages_cpp
[ 12%] Built target actionlib_generate_messages_lisp
[ 12%] Built target pcl_msgs_generate_messages_lisp
[ 12%] Built target tf_generate_messages_cpp
[ 12%] Built target actionlib_generate_messages_nodejs
[ 12%] Built target map_msgs_generate_messages_cpp
[ 12%] Built target tf2_msgs_generate_messages_py
[ 12%] Built target actionlib_generate_messages_py
[ 12%] Built target nav_msgs_generate_messages_eus
[ 12%] Built target visualization_msgs_generate_messages_cpp
[ 12%] Built target tf2_msgs_generate_messages_eus
[ 12%] Built target people_msgs_generate_messages_lisp
[ 12%] Built target people_msgs_generate_messages_py
[ 12%] Built target rviz_generate_messages_cpp
[ 12%] Built target rviz_generate_messages_py
[ 12%] Built target map_msgs_generate_messages_lisp
[ 12%] Built target nav_msgs_generate_messages_nodejs
[100%] Built target test-decision_maker
[100%] Built target tests
[  0%] Built target tf2_msgs_generate_messages_eus
[  0%] Built target rviz_generate_messages_eus
[  0%] Built target people_msgs_generate_messages_eus
[  0%] Built target people_msgs_generate_messages_cpp
[  0%] Built target topic_tools_generate_messages_nodejs
[  0%] Built target topic_tools_generate_messages_eus
[  0%] Built target topic_tools_generate_messages_cpp
[  0%] Built target std_srvs_generate_messages_py
[  0%] Built target std_srvs_generate_messages_nodejs
[  0%] Built target bond_generate_messages_lisp
[  0%] Built target bond_generate_messages_eus
[  0%] Built target bond_generate_messages_cpp
[  0%] Built target nodelet_generate_messages_nodejs
[  0%] Built target map_msgs_generate_messages_eus
[  0%] Built target nodelet_generate_messages_eus
[  0%] Built target nodelet_generate_messages_cpp
[  0%] Built target map_msgs_generate_messages_py
[  0%] Built target pcl_ros_gencfg
[  0%] Built target rviz_generate_messages_nodejs
[  0%] Built target jsk_hark_msgs_generate_messages_nodejs
[  0%] Built target jsk_hark_msgs_generate_messages_cpp
[  0%] Built target jsk_hark_msgs_generate_messages_eus
[  0%] Built target jsk_rviz_plugins_generate_messages_py
[  0%] Built target jsk_rviz_plugins_generate_messages_nodejs
[  0%] Built target jsk_recognition_utils_gencfg
[  0%] Built target jsk_rviz_plugins_generate_messages_lisp
[  0%] Built target rviz_generate_messages_lisp
[  0%] Built target jsk_rviz_plugins_gencfg
[  0%] Built target dynamic_reconfigure_generate_messages_py
[  0%] Built target dynamic_reconfigure_generate_messages_nodejs
[  0%] Built target people_msgs_generate_messages_nodejs
[  0%] Built target dynamic_reconfigure_generate_messages_lisp
[  0%] Built target dynamic_reconfigure_generate_messages_eus
[  0%] Built target visualization_msgs_generate_messages_py
[  0%] Built target visualization_msgs_generate_messages_nodejs
[  0%] Built target visualization_msgs_generate_messages_eus
[  0%] Built target tf2_msgs_generate_messages_nodejs
[  0%] Built target nav_msgs_generate_messages_py
[  0%] Built target dynamic_reconfigure_gencfg
[  0%] Built target tf2_msgs_generate_messages_lisp
[  0%] Built target jsk_footstep_msgs_generate_messages_nodejs
[  0%] Built target jsk_footstep_msgs_generate_messages_lisp
[  0%] Built target autoware_config_msgs_generate_messages_eus
[  0%] Built target jsk_footstep_msgs_generate_messages_eus
[  0%] Built target actionlib_msgs_generate_messages_py
[  0%] Built target geometry_msgs_generate_messages_py
[  0%] Built target nav_msgs_generate_messages_lisp
[  0%] Built target pcl_msgs_generate_messages_nodejs
[  0%] Built target jsk_recognition_msgs_generate_messages_py
[  0%] Built target pcl_msgs_generate_messages_eus
[  0%] Built target rosgraph_msgs_generate_messages_eus
[  0%] Built target jsk_recognition_msgs_generate_messages_lisp
[  0%] Built target vector_map_msgs_generate_messages_lisp
[  0%] Built target jsk_recognition_msgs_generate_messages_eus
[  0%] Built target tf2_msgs_generate_messages_cpp
[  0%] Built target nodelet_generate_messages_py
[  0%] Built target sensor_msgs_generate_messages_py
[  0%] Built target dynamic_reconfigure_generate_messages_cpp
[  0%] Built target tf_generate_messages_py
[  0%] Built target sensor_msgs_generate_messages_nodejs
[  0%] Built target roscpp_generate_messages_cpp
[  0%] Built target actionlib_generate_messages_cpp
[  0%] Built target autoware_msgs_generate_messages_lisp
[  0%] Built target jsk_footstep_msgs_generate_messages_py
[  0%] Built target std_msgs_generate_messages_cpp
[  0%] Built target bond_generate_messages_py
[  0%] Built target vector_map_msgs_generate_messages_nodejs
[  0%] Built target geometry_msgs_generate_messages_lisp
[  0%] Built target nodelet_generate_messages_lisp
[  0%] Built target autoware_msgs_generate_messages_py
[  0%] Built target std_msgs_generate_messages_py
[  0%] Built target autoware_msgs_generate_messages_cpp
[  0%] Built target rosgraph_msgs_generate_messages_cpp
[  0%] Built target pcl_msgs_generate_messages_cpp
[  0%] Built target topic_tools_generate_messages_lisp
[  0%] Built target jsk_recognition_msgs_generate_messages_cpp
[  0%] Built target nav_msgs_generate_messages_cpp
[  0%] Built target sensor_msgs_generate_messages_lisp
[  0%] Built target std_srvs_generate_messages_cpp
[  0%] Built target autoware_msgs_generate_messages_eus
[  0%] Built target autoware_msgs_generate_messages_nodejs
[  0%] Built target visualization_msgs_generate_messages_lisp
[  0%] Built target std_msgs_generate_messages_eus
[  0%] Built target vector_map_msgs_generate_messages_py
[  0%] Built target geometry_msgs_generate_messages_eus
[  0%] Built target jsk_hark_msgs_generate_messages_lisp
[  0%] Built target std_msgs_generate_messages_nodejs
[  0%] Built target sensor_msgs_generate_messages_eus
[  0%] Built target std_srvs_generate_messages_lisp
[  0%] Built target jsk_rviz_plugins_generate_messages_cpp
[  0%] Built target roscpp_generate_messages_nodejs
[  0%] Built target std_msgs_generate_messages_lisp
[  0%] Built target sensor_msgs_generate_messages_cpp
[  0%] Built target actionlib_msgs_generate_messages_lisp
[  0%] Built target map_msgs_generate_messages_nodejs
[  0%] Built target topic_tools_generate_messages_py
[  0%] Built target nodelet_topic_tools_gencfg
[  0%] Built target actionlib_msgs_generate_messages_nodejs
[  0%] Built target geometry_msgs_generate_messages_nodejs
[  0%] Built target jsk_hark_msgs_generate_messages_py
[  0%] Built target autoware_config_msgs_generate_messages_lisp
[  0%] Built target bond_generate_messages_nodejs
[  0%] Built target autoware_config_msgs_generate_messages_py
[  0%] Built target actionlib_msgs_generate_messages_eus
[  0%] Built target roscpp_generate_messages_eus
[  0%] Built target rosgraph_msgs_generate_messages_py
[  0%] Built target vector_map_msgs_generate_messages_cpp
[  0%] Built target vector_map_msgs_generate_messages_eus
[  0%] Built target std_srvs_generate_messages_eus
[  0%] Built target jsk_recognition_msgs_generate_messages_nodejs
[  0%] Built target roscpp_generate_messages_lisp
[  0%] Built target roscpp_generate_messages_py
[  0%] Built target rosgraph_msgs_generate_messages_lisp
[  0%] Built target autoware_config_msgs_generate_messages_cpp
[  0%] Built target rosgraph_msgs_generate_messages_nodejs
[  0%] Built target jsk_footstep_msgs_generate_messages_cpp
[  0%] Built target actionlib_msgs_generate_messages_cpp
[  0%] Built target tf_generate_messages_eus
[  0%] Built target tf_generate_messages_lisp
[  0%] Built target autoware_config_msgs_generate_messages_nodejs
[  0%] Built target tf_generate_messages_nodejs
[  0%] Built target jsk_rviz_plugins_generate_messages_eus
[  0%] Built target pcl_msgs_generate_messages_py
[  0%] Built target actionlib_generate_messages_eus
[  0%] Built target geometry_msgs_generate_messages_cpp
[  0%] Built target actionlib_generate_messages_lisp
[  0%] Built target pcl_msgs_generate_messages_lisp
[  0%] Built target tf_generate_messages_cpp
[  0%] Built target actionlib_generate_messages_nodejs
[  0%] Built target map_msgs_generate_messages_cpp
[  0%] Built target tf2_msgs_generate_messages_py
[  0%] Built target actionlib_generate_messages_py
[  0%] Built target nav_msgs_generate_messages_eus
[  0%] Built target visualization_msgs_generate_messages_cpp
[  0%] Built target people_msgs_generate_messages_lisp
[  0%] Built target people_msgs_generate_messages_py
[  0%] Built target rviz_generate_messages_cpp
[  0%] Built target rviz_generate_messages_py
[  0%] Built target map_msgs_generate_messages_lisp
[  0%] Built target nav_msgs_generate_messages_nodejs
[100%] Built target decision_maker_node
[36mInstall the project...[0m
-- Install configuration: "Release"
-- Up-to-date: /home/agilex/autoware.ai/install/decision_maker/lib/pkgconfig/decision_maker.pc
-- Up-to-date: /home/agilex/autoware.ai/install/decision_maker/share/decision_maker/cmake/decision_makerConfig.cmake
-- Up-to-date: /home/agilex/autoware.ai/install/decision_maker/share/decision_maker/cmake/decision_makerConfig-version.cmake
-- Up-to-date: /home/agilex/autoware.ai/install/decision_maker/share/decision_maker/package.xml
-- Up-to-date: /home/agilex/autoware.ai/install/decision_maker/lib/decision_maker/decision_maker_node
-- Up-to-date: /home/agilex/autoware.ai/install/decision_maker/include/decision_maker
-- Up-to-date: /home/agilex/autoware.ai/install/decision_maker/include/decision_maker/cross_road_area.hpp
-- Up-to-date: /home/agilex/autoware.ai/install/decision_maker/include/decision_maker/decision_maker_param.hpp
-- Up-to-date: /home/agilex/autoware.ai/install/decision_maker/include/decision_maker/decision_maker_node.hpp
-- Up-to-date: /home/agilex/autoware.ai/install/decision_maker/share/decision_maker/launch
-- Up-to-date: /home/agilex/autoware.ai/install/decision_maker/share/decision_maker/launch/decision_maker.launch
-- Up-to-date: /home/agilex/autoware.ai/install/decision_maker/share/decision_maker/autoware_state_behavior.yaml
-- Up-to-date: /home/agilex/autoware.ai/install/decision_maker/share/decision_maker/autoware_state_motion.yaml
-- Up-to-date: /home/agilex/autoware.ai/install/decision_maker/share/decision_maker/autoware_state_mission.yaml
-- Up-to-date: /home/agilex/autoware.ai/install/decision_maker/share/decision_maker/autoware_state_vehicle.yaml
