[0.081s] Invoking command in '/home/agilex/autoware.ai/build/decision_maker': CMAKE_PREFIX_PATH=/home/agilex/autoware.ai/install/vector_map:/home/agilex/autoware.ai/install/state_machine_lib:/home/agilex/autoware.ai/install/amathutils_lib:/home/agilex/autoware.ai/install/vector_map_msgs:/home/agilex/autoware.ai/install/autoware_msgs:/home/agilex/autoware.ai/install/autoware_config_msgs:/home/agilex/autoware.ai/install/autoware_build_flags:${CMAKE_PREFIX_PATH} LD_LIBRARY_PATH=/home/agilex/autoware.ai/install/vector_map/lib:/home/agilex/autoware.ai/install/state_machine_lib/lib:/home/agilex/autoware.ai/install/amathutils_lib/lib:${LD_LIBRARY_PATH} PKG_CONFIG_PATH=/home/agilex/autoware.ai/install/vector_map/lib/x86_64-linux-gnu/pkgconfig:/home/agilex/autoware.ai/install/vector_map/lib/pkgconfig:/home/agilex/autoware.ai/install/state_machine_lib/lib/x86_64-linux-gnu/pkgconfig:/home/agilex/autoware.ai/install/state_machine_lib/lib/pkgconfig:/home/agilex/autoware.ai/install/amathutils_lib/lib/x86_64-linux-gnu/pkgconfig:/home/agilex/autoware.ai/install/amathutils_lib/lib/pkgconfig:/home/agilex/autoware.ai/install/vector_map_msgs/lib/x86_64-linux-gnu/pkgconfig:/home/agilex/autoware.ai/install/vector_map_msgs/lib/pkgconfig:/home/agilex/autoware.ai/install/autoware_msgs/lib/x86_64-linux-gnu/pkgconfig:/home/agilex/autoware.ai/install/autoware_msgs/lib/pkgconfig:/home/agilex/autoware.ai/install/autoware_config_msgs/lib/x86_64-linux-gnu/pkgconfig:/home/agilex/autoware.ai/install/autoware_config_msgs/lib/pkgconfig:/home/agilex/autoware.ai/install/autoware_build_flags/lib/x86_64-linux-gnu/pkgconfig:/home/agilex/autoware.ai/install/autoware_build_flags/lib/pkgconfig:${PKG_CONFIG_PATH} PYTHONPATH=/home/agilex/autoware.ai/install/vector_map_msgs/lib/python2.7/dist-packages:/home/agilex/autoware.ai/install/autoware_msgs/lib/python2.7/dist-packages:/home/agilex/autoware.ai/install/autoware_config_msgs/lib/python2.7/dist-packages:${PYTHONPATH} ROS_PACKAGE_PATH=/home/agilex/autoware.ai/install/vector_map/share:/home/agilex/autoware.ai/install/state_machine_lib/share:/home/agilex/autoware.ai/install/amathutils_lib/share:/home/agilex/autoware.ai/install/vector_map_msgs/share:/home/agilex/autoware.ai/install/autoware_msgs/share:/home/agilex/autoware.ai/install/autoware_config_msgs/share:/home/agilex/autoware.ai/install/autoware_build_flags/share:${ROS_PACKAGE_PATH} /usr/bin/cmake --build /home/agilex/autoware.ai/build/decision_maker -- -j8 -l8
[0.205s] [  0%] Built target tf2_msgs_generate_messages_eus
[0.206s] [  0%] Built target nav_msgs_generate_messages_nodejs
[0.206s] [  0%] Built target rviz_generate_messages_py
[0.224s] [  0%] Built target map_msgs_generate_messages_lisp
[0.254s] [  0%] Built target people_msgs_generate_messages_eus
[0.255s] [  0%] Built target rviz_generate_messages_eus
[0.263s] [  0%] Built target people_msgs_generate_messages_cpp
[0.282s] [  0%] Built target topic_tools_generate_messages_nodejs
[0.297s] [  0%] Built target topic_tools_generate_messages_eus
[0.303s] [  0%] Built target people_msgs_generate_messages_lisp
[0.312s] [  0%] Built target topic_tools_generate_messages_cpp
[0.314s] [  0%] Built target std_srvs_generate_messages_py
[0.337s] [  0%] Built target std_srvs_generate_messages_nodejs
[0.347s] [  0%] Built target bond_generate_messages_eus
[0.355s] [  0%] Built target bond_generate_messages_lisp
[0.371s] [  0%] Built target bond_generate_messages_cpp
[0.374s] [  0%] Built target nodelet_generate_messages_nodejs
[0.387s] [  0%] Built target map_msgs_generate_messages_eus
[0.396s] [  0%] Built target nodelet_generate_messages_eus
[0.401s] [  0%] Built target nodelet_generate_messages_cpp
[0.416s] [  0%] Built target map_msgs_generate_messages_py
[0.418s] [  0%] Built target pcl_ros_gencfg
[0.439s] [  0%] Built target rviz_generate_messages_nodejs
[0.442s] [  0%] Built target jsk_hark_msgs_generate_messages_nodejs
[0.446s] [  0%] Built target jsk_hark_msgs_generate_messages_cpp
[0.459s] [  0%] Built target jsk_hark_msgs_generate_messages_eus
[0.471s] [  0%] Built target jsk_rviz_plugins_generate_messages_py
[0.482s] [  0%] Built target jsk_rviz_plugins_generate_messages_nodejs
[0.493s] [  0%] Built target jsk_rviz_plugins_generate_messages_lisp
[0.493s] [  0%] Built target jsk_recognition_utils_gencfg
[0.512s] [  0%] Built target rviz_generate_messages_lisp
[0.518s] [  0%] Built target jsk_rviz_plugins_gencfg
[0.536s] [  0%] Built target dynamic_reconfigure_generate_messages_nodejs
[0.545s] [  0%] Built target dynamic_reconfigure_generate_messages_py
[0.546s] [  0%] Built target people_msgs_generate_messages_py
[0.561s] [  0%] Built target dynamic_reconfigure_generate_messages_eus
[0.575s] [  0%] Built target dynamic_reconfigure_generate_messages_lisp
[0.581s] [  0%] Built target visualization_msgs_generate_messages_nodejs
[0.589s] [  0%] Built target visualization_msgs_generate_messages_py
[0.591s] [  0%] Built target visualization_msgs_generate_messages_eus
[0.598s] [  0%] Built target tf2_msgs_generate_messages_nodejs
[0.610s] [  0%] Built target nav_msgs_generate_messages_py
[0.625s] [  0%] Built target jsk_footstep_msgs_generate_messages_nodejs
[0.625s] [  0%] Built target tf2_msgs_generate_messages_lisp
[0.630s] [  0%] Built target dynamic_reconfigure_gencfg
[0.665s] [  0%] Built target jsk_footstep_msgs_generate_messages_lisp
[0.666s] [  0%] Built target geometry_msgs_generate_messages_py
[0.668s] [  0%] Built target autoware_config_msgs_generate_messages_eus
[0.674s] [  0%] Built target actionlib_msgs_generate_messages_py
[0.682s] [  0%] Built target jsk_footstep_msgs_generate_messages_eus
[0.708s] [  0%] Built target nav_msgs_generate_messages_lisp
[0.721s] [  0%] Built target jsk_recognition_msgs_generate_messages_py
[0.721s] [  0%] Built target pcl_msgs_generate_messages_eus
[0.732s] [  0%] Built target pcl_msgs_generate_messages_nodejs
[0.736s] [  0%] Built target rosgraph_msgs_generate_messages_eus
[0.755s] [  0%] Built target jsk_recognition_msgs_generate_messages_lisp
[0.756s] [  0%] Built target jsk_recognition_msgs_generate_messages_eus
[0.769s] [  0%] Built target vector_map_msgs_generate_messages_lisp
[0.782s] [  0%] Built target nodelet_generate_messages_py
[0.786s] [  0%] Built target tf2_msgs_generate_messages_cpp
[0.807s] [  0%] Built target sensor_msgs_generate_messages_py
[0.813s] [  0%] Built target dynamic_reconfigure_generate_messages_cpp
[0.817s] [  0%] Built target tf_generate_messages_py
[0.833s] [  0%] Built target sensor_msgs_generate_messages_nodejs
[0.836s] [  0%] Built target roscpp_generate_messages_cpp
[0.854s] [  0%] Built target autoware_msgs_generate_messages_lisp
[0.855s] [  0%] Built target actionlib_generate_messages_cpp
[0.875s] [  0%] Built target std_msgs_generate_messages_cpp
[0.876s] [  0%] Built target jsk_footstep_msgs_generate_messages_py
[0.896s] [  0%] Built target bond_generate_messages_py
[0.905s] [  0%] Built target vector_map_msgs_generate_messages_nodejs
[0.909s] [  0%] Built target geometry_msgs_generate_messages_lisp
[0.931s] [  0%] Built target autoware_msgs_generate_messages_py
[0.934s] [  0%] Built target nodelet_generate_messages_lisp
[0.948s] [  0%] Built target std_msgs_generate_messages_py
[0.968s] [  0%] Built target autoware_msgs_generate_messages_cpp
[0.986s] [  0%] Built target rosgraph_msgs_generate_messages_cpp
[0.995s] [  0%] Built target topic_tools_generate_messages_lisp
[1.003s] [  0%] Built target jsk_recognition_msgs_generate_messages_cpp
[1.004s] [  0%] Built target pcl_msgs_generate_messages_cpp
[1.028s] [  0%] Built target nav_msgs_generate_messages_cpp
[1.036s] [  0%] Built target sensor_msgs_generate_messages_lisp
[1.047s] [  0%] Built target std_srvs_generate_messages_cpp
[1.069s] [  0%] Built target autoware_msgs_generate_messages_nodejs
[1.084s] [  0%] Built target visualization_msgs_generate_messages_lisp
[1.087s] [  0%] Built target autoware_msgs_generate_messages_eus
[1.106s] [  0%] Built target std_msgs_generate_messages_eus
[1.112s] [  0%] Built target vector_map_msgs_generate_messages_py
[1.138s] [  0%] Built target jsk_hark_msgs_generate_messages_lisp
[1.157s] [  0%] Built target geometry_msgs_generate_messages_eus
[1.211s] [  0%] Built target sensor_msgs_generate_messages_eus
[1.211s] [  0%] Built target std_msgs_generate_messages_nodejs
[1.211s] [  0%] Built target std_srvs_generate_messages_lisp
[1.230s] [  0%] Built target jsk_rviz_plugins_generate_messages_cpp
[1.254s] [  0%] Built target roscpp_generate_messages_nodejs
[1.255s] [  0%] Built target std_msgs_generate_messages_lisp
[1.264s] [  0%] Built target sensor_msgs_generate_messages_cpp
[1.265s] [  0%] Built target actionlib_msgs_generate_messages_lisp
[1.296s] [  0%] Built target map_msgs_generate_messages_nodejs
[1.296s] [  0%] Built target people_msgs_generate_messages_nodejs
[1.297s] [  0%] Built target topic_tools_generate_messages_py
[1.304s] [  0%] Built target rviz_generate_messages_cpp
[1.319s] [  0%] Built target geometry_msgs_generate_messages_nodejs
[1.329s] [  0%] Built target actionlib_msgs_generate_messages_nodejs
[1.350s] [  0%] Built target nodelet_topic_tools_gencfg
[1.355s] [  0%] Built target bond_generate_messages_nodejs
[1.367s] [  0%] Built target autoware_config_msgs_generate_messages_lisp
[1.369s] [  0%] Built target jsk_hark_msgs_generate_messages_py
[1.381s] [  0%] Built target autoware_config_msgs_generate_messages_py
[1.400s] [  0%] Built target rosgraph_msgs_generate_messages_py
[1.404s] [  0%] Built target vector_map_msgs_generate_messages_eus
[1.407s] [  0%] Built target roscpp_generate_messages_eus
[1.407s] [  0%] Built target vector_map_msgs_generate_messages_cpp
[1.445s] [  0%] Built target std_srvs_generate_messages_eus
[1.449s] [  0%] Built target roscpp_generate_messages_py
[1.459s] [  0%] Built target actionlib_msgs_generate_messages_eus
[1.459s] [  0%] Built target jsk_recognition_msgs_generate_messages_nodejs
[1.459s] [  0%] Built target roscpp_generate_messages_lisp
[1.472s] [  0%] Built target autoware_config_msgs_generate_messages_cpp
[1.481s] [  0%] Built target rosgraph_msgs_generate_messages_lisp
[1.508s] [  0%] Built target autoware_config_msgs_generate_messages_nodejs
[1.524s] [  0%] Built target rosgraph_msgs_generate_messages_nodejs
[1.534s] [  0%] Built target tf_generate_messages_lisp
[1.539s] [  0%] Built target tf_generate_messages_nodejs
[1.554s] [  0%] Built target actionlib_msgs_generate_messages_cpp
[1.565s] [  0%] Built target jsk_footstep_msgs_generate_messages_cpp
[1.565s] [  0%] Built target jsk_rviz_plugins_generate_messages_eus
[1.578s] [  0%] Built target pcl_msgs_generate_messages_py
[1.604s] [  0%] Built target actionlib_generate_messages_lisp
[1.604s] [  0%] Built target geometry_msgs_generate_messages_cpp
[1.620s] [  0%] Built target tf_generate_messages_cpp
[1.635s] [  0%] Built target actionlib_generate_messages_nodejs
[1.649s] [  0%] Built target pcl_msgs_generate_messages_lisp
[1.650s] [  0%] Built target actionlib_generate_messages_eus
[1.664s] [  0%] Built target map_msgs_generate_messages_cpp
[1.671s] [  0%] Built target tf2_msgs_generate_messages_py
[1.687s] [  0%] Built target nav_msgs_generate_messages_eus
[1.699s] [  0%] Built target actionlib_generate_messages_py
[1.710s] [  0%] Built target visualization_msgs_generate_messages_cpp
[1.712s] [  0%] Built target tf_generate_messages_eus
[1.828s] [100%] Built target decision_maker_node
[1.837s] Invoked command in '/home/agilex/autoware.ai/build/decision_maker' returned '0': CMAKE_PREFIX_PATH=/home/agilex/autoware.ai/install/vector_map:/home/agilex/autoware.ai/install/state_machine_lib:/home/agilex/autoware.ai/install/amathutils_lib:/home/agilex/autoware.ai/install/vector_map_msgs:/home/agilex/autoware.ai/install/autoware_msgs:/home/agilex/autoware.ai/install/autoware_config_msgs:/home/agilex/autoware.ai/install/autoware_build_flags:${CMAKE_PREFIX_PATH} LD_LIBRARY_PATH=/home/agilex/autoware.ai/install/vector_map/lib:/home/agilex/autoware.ai/install/state_machine_lib/lib:/home/agilex/autoware.ai/install/amathutils_lib/lib:${LD_LIBRARY_PATH} PKG_CONFIG_PATH=/home/agilex/autoware.ai/install/vector_map/lib/x86_64-linux-gnu/pkgconfig:/home/agilex/autoware.ai/install/vector_map/lib/pkgconfig:/home/agilex/autoware.ai/install/state_machine_lib/lib/x86_64-linux-gnu/pkgconfig:/home/agilex/autoware.ai/install/state_machine_lib/lib/pkgconfig:/home/agilex/autoware.ai/install/amathutils_lib/lib/x86_64-linux-gnu/pkgconfig:/home/agilex/autoware.ai/install/amathutils_lib/lib/pkgconfig:/home/agilex/autoware.ai/install/vector_map_msgs/lib/x86_64-linux-gnu/pkgconfig:/home/agilex/autoware.ai/install/vector_map_msgs/lib/pkgconfig:/home/agilex/autoware.ai/install/autoware_msgs/lib/x86_64-linux-gnu/pkgconfig:/home/agilex/autoware.ai/install/autoware_msgs/lib/pkgconfig:/home/agilex/autoware.ai/install/autoware_config_msgs/lib/x86_64-linux-gnu/pkgconfig:/home/agilex/autoware.ai/install/autoware_config_msgs/lib/pkgconfig:/home/agilex/autoware.ai/install/autoware_build_flags/lib/x86_64-linux-gnu/pkgconfig:/home/agilex/autoware.ai/install/autoware_build_flags/lib/pkgconfig:${PKG_CONFIG_PATH} PYTHONPATH=/home/agilex/autoware.ai/install/vector_map_msgs/lib/python2.7/dist-packages:/home/agilex/autoware.ai/install/autoware_msgs/lib/python2.7/dist-packages:/home/agilex/autoware.ai/install/autoware_config_msgs/lib/python2.7/dist-packages:${PYTHONPATH} ROS_PACKAGE_PATH=/home/agilex/autoware.ai/install/vector_map/share:/home/agilex/autoware.ai/install/state_machine_lib/share:/home/agilex/autoware.ai/install/amathutils_lib/share:/home/agilex/autoware.ai/install/vector_map_msgs/share:/home/agilex/autoware.ai/install/autoware_msgs/share:/home/agilex/autoware.ai/install/autoware_config_msgs/share:/home/agilex/autoware.ai/install/autoware_build_flags/share:${ROS_PACKAGE_PATH} /usr/bin/cmake --build /home/agilex/autoware.ai/build/decision_maker -- -j8 -l8
[2.002s] Invoking command in '/home/agilex/autoware.ai/build/decision_maker': CMAKE_PREFIX_PATH=/home/agilex/autoware.ai/install/vector_map:/home/agilex/autoware.ai/install/state_machine_lib:/home/agilex/autoware.ai/install/amathutils_lib:/home/agilex/autoware.ai/install/vector_map_msgs:/home/agilex/autoware.ai/install/autoware_msgs:/home/agilex/autoware.ai/install/autoware_config_msgs:/home/agilex/autoware.ai/install/autoware_build_flags:${CMAKE_PREFIX_PATH} LD_LIBRARY_PATH=/home/agilex/autoware.ai/install/vector_map/lib:/home/agilex/autoware.ai/install/state_machine_lib/lib:/home/agilex/autoware.ai/install/amathutils_lib/lib:${LD_LIBRARY_PATH} PKG_CONFIG_PATH=/home/agilex/autoware.ai/install/vector_map/lib/x86_64-linux-gnu/pkgconfig:/home/agilex/autoware.ai/install/vector_map/lib/pkgconfig:/home/agilex/autoware.ai/install/state_machine_lib/lib/x86_64-linux-gnu/pkgconfig:/home/agilex/autoware.ai/install/state_machine_lib/lib/pkgconfig:/home/agilex/autoware.ai/install/amathutils_lib/lib/x86_64-linux-gnu/pkgconfig:/home/agilex/autoware.ai/install/amathutils_lib/lib/pkgconfig:/home/agilex/autoware.ai/install/vector_map_msgs/lib/x86_64-linux-gnu/pkgconfig:/home/agilex/autoware.ai/install/vector_map_msgs/lib/pkgconfig:/home/agilex/autoware.ai/install/autoware_msgs/lib/x86_64-linux-gnu/pkgconfig:/home/agilex/autoware.ai/install/autoware_msgs/lib/pkgconfig:/home/agilex/autoware.ai/install/autoware_config_msgs/lib/x86_64-linux-gnu/pkgconfig:/home/agilex/autoware.ai/install/autoware_config_msgs/lib/pkgconfig:/home/agilex/autoware.ai/install/autoware_build_flags/lib/x86_64-linux-gnu/pkgconfig:/home/agilex/autoware.ai/install/autoware_build_flags/lib/pkgconfig:${PKG_CONFIG_PATH} PYTHONPATH=/home/agilex/autoware.ai/install/vector_map_msgs/lib/python2.7/dist-packages:/home/agilex/autoware.ai/install/autoware_msgs/lib/python2.7/dist-packages:/home/agilex/autoware.ai/install/autoware_config_msgs/lib/python2.7/dist-packages:${PYTHONPATH} ROS_PACKAGE_PATH=/home/agilex/autoware.ai/install/vector_map/share:/home/agilex/autoware.ai/install/state_machine_lib/share:/home/agilex/autoware.ai/install/amathutils_lib/share:/home/agilex/autoware.ai/install/vector_map_msgs/share:/home/agilex/autoware.ai/install/autoware_msgs/share:/home/agilex/autoware.ai/install/autoware_config_msgs/share:/home/agilex/autoware.ai/install/autoware_build_flags/share:${ROS_PACKAGE_PATH} /usr/bin/cmake --build /home/agilex/autoware.ai/build/decision_maker --target tests -- -j8 -l8
[2.079s] [ 12%] Built target gtest
[2.095s] [ 12%] Built target rviz_generate_messages_eus
[2.115s] [ 12%] Built target people_msgs_generate_messages_eus
[2.130s] [ 12%] Built target people_msgs_generate_messages_cpp
[2.146s] [ 12%] Built target topic_tools_generate_messages_nodejs
[2.165s] [ 12%] Built target topic_tools_generate_messages_eus
[2.181s] [ 12%] Built target topic_tools_generate_messages_cpp
[2.203s] [ 12%] Built target std_srvs_generate_messages_py
[2.218s] [ 12%] Built target std_srvs_generate_messages_nodejs
[2.233s] [ 12%] Built target bond_generate_messages_lisp
[2.248s] [ 12%] Built target bond_generate_messages_eus
[2.269s] [ 12%] Built target bond_generate_messages_cpp
[2.288s] [ 12%] Built target nodelet_generate_messages_nodejs
[2.309s] [ 12%] Built target map_msgs_generate_messages_eus
[2.328s] [ 12%] Built target nodelet_generate_messages_eus
[2.350s] [ 12%] Built target nodelet_generate_messages_cpp
[2.370s] [ 12%] Built target map_msgs_generate_messages_py
[2.388s] [ 12%] Built target pcl_ros_gencfg
[2.406s] [ 12%] Built target rviz_generate_messages_nodejs
[2.422s] [ 12%] Built target jsk_hark_msgs_generate_messages_nodejs
[2.439s] [ 12%] Built target jsk_hark_msgs_generate_messages_cpp
[2.458s] [ 12%] Built target jsk_hark_msgs_generate_messages_eus
[2.478s] [ 12%] Built target jsk_rviz_plugins_generate_messages_py
[2.496s] [ 12%] Built target jsk_rviz_plugins_generate_messages_nodejs
[2.525s] [ 12%] Built target jsk_recognition_utils_gencfg
[2.542s] [ 12%] Built target jsk_rviz_plugins_generate_messages_lisp
[2.561s] [ 12%] Built target rviz_generate_messages_lisp
[2.577s] [ 12%] Built target jsk_rviz_plugins_gencfg
[2.596s] [ 12%] Built target dynamic_reconfigure_generate_messages_py
[2.618s] [ 12%] Built target dynamic_reconfigure_generate_messages_nodejs
[2.636s] [ 12%] Built target people_msgs_generate_messages_nodejs
[2.657s] [ 12%] Built target dynamic_reconfigure_generate_messages_lisp
[2.676s] [ 12%] Built target dynamic_reconfigure_generate_messages_eus
[2.696s] [ 12%] Built target visualization_msgs_generate_messages_py
[2.715s] [ 12%] Built target visualization_msgs_generate_messages_nodejs
[2.734s] [ 12%] Built target visualization_msgs_generate_messages_eus
[2.759s] [ 12%] Built target tf2_msgs_generate_messages_nodejs
[2.782s] [ 12%] Built target nav_msgs_generate_messages_py
[2.799s] [ 12%] Built target dynamic_reconfigure_gencfg
[2.822s] [ 12%] Built target tf2_msgs_generate_messages_lisp
[2.841s] [ 12%] Built target jsk_footstep_msgs_generate_messages_nodejs
[2.858s] [ 12%] Built target jsk_footstep_msgs_generate_messages_lisp
[2.875s] [ 12%] Built target autoware_config_msgs_generate_messages_eus
[2.895s] [ 12%] Built target jsk_footstep_msgs_generate_messages_eus
[2.911s] [ 12%] Built target actionlib_msgs_generate_messages_py
[2.927s] [ 12%] Built target geometry_msgs_generate_messages_py
[2.949s] [ 12%] Built target nav_msgs_generate_messages_lisp
[2.968s] [ 12%] Built target pcl_msgs_generate_messages_nodejs
[2.985s] [ 12%] Built target jsk_recognition_msgs_generate_messages_py
[3.005s] [ 12%] Built target pcl_msgs_generate_messages_eus
[3.024s] [ 12%] Built target rosgraph_msgs_generate_messages_eus
[3.041s] [ 12%] Built target jsk_recognition_msgs_generate_messages_lisp
[3.066s] [ 12%] Built target vector_map_msgs_generate_messages_lisp
[3.087s] [ 12%] Built target jsk_recognition_msgs_generate_messages_eus
[3.110s] [ 12%] Built target tf2_msgs_generate_messages_cpp
[3.127s] [ 12%] Built target nodelet_generate_messages_py
[3.146s] [ 12%] Built target sensor_msgs_generate_messages_py
[3.167s] [ 12%] Built target dynamic_reconfigure_generate_messages_cpp
[3.187s] [ 12%] Built target tf_generate_messages_py
[3.206s] [ 12%] Built target sensor_msgs_generate_messages_nodejs
[3.223s] [ 12%] Built target roscpp_generate_messages_cpp
[3.239s] [ 12%] Built target actionlib_generate_messages_cpp
[3.261s] [ 12%] Built target autoware_msgs_generate_messages_lisp
[3.284s] [ 12%] Built target jsk_footstep_msgs_generate_messages_py
[3.307s] [ 12%] Built target std_msgs_generate_messages_cpp
[3.328s] [ 12%] Built target bond_generate_messages_py
[3.349s] [ 12%] Built target vector_map_msgs_generate_messages_nodejs
[3.371s] [ 12%] Built target geometry_msgs_generate_messages_lisp
[3.389s] [ 12%] Built target nodelet_generate_messages_lisp
[3.410s] [ 12%] Built target autoware_msgs_generate_messages_py
[3.426s] [ 12%] Built target std_msgs_generate_messages_py
[3.444s] [ 12%] Built target autoware_msgs_generate_messages_cpp
[3.465s] [ 12%] Built target rosgraph_msgs_generate_messages_cpp
[3.483s] [ 12%] Built target pcl_msgs_generate_messages_cpp
[3.506s] [ 12%] Built target topic_tools_generate_messages_lisp
[3.525s] [ 12%] Built target jsk_recognition_msgs_generate_messages_cpp
[3.543s] [ 12%] Built target nav_msgs_generate_messages_cpp
[3.565s] [ 12%] Built target sensor_msgs_generate_messages_lisp
[3.588s] [ 12%] Built target std_srvs_generate_messages_cpp
[3.609s] [ 12%] Built target autoware_msgs_generate_messages_eus
[3.629s] [ 12%] Built target autoware_msgs_generate_messages_nodejs
[3.648s] [ 12%] Built target visualization_msgs_generate_messages_lisp
[3.676s] [ 12%] Built target std_msgs_generate_messages_eus
[3.700s] [ 12%] Built target vector_map_msgs_generate_messages_py
[3.719s] [ 12%] Built target geometry_msgs_generate_messages_eus
[3.737s] [ 12%] Built target jsk_hark_msgs_generate_messages_lisp
[3.755s] [ 12%] Built target std_msgs_generate_messages_nodejs
[3.776s] [ 12%] Built target sensor_msgs_generate_messages_eus
[3.792s] [ 12%] Built target std_srvs_generate_messages_lisp
[3.814s] [ 12%] Built target jsk_rviz_plugins_generate_messages_cpp
[3.835s] [ 12%] Built target roscpp_generate_messages_nodejs
[3.855s] [ 12%] Built target std_msgs_generate_messages_lisp
[3.873s] [ 12%] Built target sensor_msgs_generate_messages_cpp
[3.899s] [ 12%] Built target actionlib_msgs_generate_messages_lisp
[3.916s] [ 12%] Built target map_msgs_generate_messages_nodejs
[3.932s] [ 12%] Built target topic_tools_generate_messages_py
[3.962s] [ 12%] Built target nodelet_topic_tools_gencfg
[3.982s] [ 12%] Built target actionlib_msgs_generate_messages_nodejs
[3.998s] [ 12%] Built target geometry_msgs_generate_messages_nodejs
[4.014s] [ 12%] Built target jsk_hark_msgs_generate_messages_py
[4.033s] [ 12%] Built target autoware_config_msgs_generate_messages_lisp
[4.053s] [ 12%] Built target bond_generate_messages_nodejs
[4.072s] [ 12%] Built target autoware_config_msgs_generate_messages_py
[4.093s] [ 12%] Built target actionlib_msgs_generate_messages_eus
[4.110s] [ 12%] Built target roscpp_generate_messages_eus
[4.129s] [ 12%] Built target rosgraph_msgs_generate_messages_py
[4.150s] [ 12%] Built target vector_map_msgs_generate_messages_cpp
[4.166s] [ 12%] Built target vector_map_msgs_generate_messages_eus
[4.184s] [ 12%] Built target std_srvs_generate_messages_eus
[4.203s] [ 12%] Built target jsk_recognition_msgs_generate_messages_nodejs
[4.227s] [ 12%] Built target roscpp_generate_messages_lisp
[4.245s] [ 12%] Built target roscpp_generate_messages_py
[4.262s] [ 12%] Built target rosgraph_msgs_generate_messages_lisp
[4.279s] [ 12%] Built target autoware_config_msgs_generate_messages_cpp
[4.305s] [ 12%] Built target rosgraph_msgs_generate_messages_nodejs
[4.324s] [ 12%] Built target jsk_footstep_msgs_generate_messages_cpp
[4.343s] [ 12%] Built target actionlib_msgs_generate_messages_cpp
[4.363s] [ 12%] Built target tf_generate_messages_eus
[4.386s] [ 12%] Built target tf_generate_messages_lisp
[4.402s] [ 12%] Built target autoware_config_msgs_generate_messages_nodejs
[4.421s] [ 12%] Built target tf_generate_messages_nodejs
[4.440s] [ 12%] Built target jsk_rviz_plugins_generate_messages_eus
[4.455s] [ 12%] Built target pcl_msgs_generate_messages_py
[4.473s] [ 12%] Built target actionlib_generate_messages_eus
[4.493s] [ 12%] Built target geometry_msgs_generate_messages_cpp
[4.510s] [ 12%] Built target actionlib_generate_messages_lisp
[4.527s] [ 12%] Built target pcl_msgs_generate_messages_lisp
[4.544s] [ 12%] Built target tf_generate_messages_cpp
[4.562s] [ 12%] Built target actionlib_generate_messages_nodejs
[4.580s] [ 12%] Built target map_msgs_generate_messages_cpp
[4.598s] [ 12%] Built target tf2_msgs_generate_messages_py
[4.617s] [ 12%] Built target actionlib_generate_messages_py
[4.635s] [ 12%] Built target nav_msgs_generate_messages_eus
[4.655s] [ 12%] Built target visualization_msgs_generate_messages_cpp
[4.674s] [ 12%] Built target tf2_msgs_generate_messages_eus
[4.691s] [ 12%] Built target people_msgs_generate_messages_lisp
[4.714s] [ 12%] Built target people_msgs_generate_messages_py
[4.733s] [ 12%] Built target rviz_generate_messages_cpp
[4.750s] [ 12%] Built target rviz_generate_messages_py
[4.771s] [ 12%] Built target map_msgs_generate_messages_lisp
[4.790s] [ 12%] Built target nav_msgs_generate_messages_nodejs
[4.839s] [100%] Built target test-decision_maker
[4.862s] [100%] Built target tests
[4.873s] Invoked command in '/home/agilex/autoware.ai/build/decision_maker' returned '0': CMAKE_PREFIX_PATH=/home/agilex/autoware.ai/install/vector_map:/home/agilex/autoware.ai/install/state_machine_lib:/home/agilex/autoware.ai/install/amathutils_lib:/home/agilex/autoware.ai/install/vector_map_msgs:/home/agilex/autoware.ai/install/autoware_msgs:/home/agilex/autoware.ai/install/autoware_config_msgs:/home/agilex/autoware.ai/install/autoware_build_flags:${CMAKE_PREFIX_PATH} LD_LIBRARY_PATH=/home/agilex/autoware.ai/install/vector_map/lib:/home/agilex/autoware.ai/install/state_machine_lib/lib:/home/agilex/autoware.ai/install/amathutils_lib/lib:${LD_LIBRARY_PATH} PKG_CONFIG_PATH=/home/agilex/autoware.ai/install/vector_map/lib/x86_64-linux-gnu/pkgconfig:/home/agilex/autoware.ai/install/vector_map/lib/pkgconfig:/home/agilex/autoware.ai/install/state_machine_lib/lib/x86_64-linux-gnu/pkgconfig:/home/agilex/autoware.ai/install/state_machine_lib/lib/pkgconfig:/home/agilex/autoware.ai/install/amathutils_lib/lib/x86_64-linux-gnu/pkgconfig:/home/agilex/autoware.ai/install/amathutils_lib/lib/pkgconfig:/home/agilex/autoware.ai/install/vector_map_msgs/lib/x86_64-linux-gnu/pkgconfig:/home/agilex/autoware.ai/install/vector_map_msgs/lib/pkgconfig:/home/agilex/autoware.ai/install/autoware_msgs/lib/x86_64-linux-gnu/pkgconfig:/home/agilex/autoware.ai/install/autoware_msgs/lib/pkgconfig:/home/agilex/autoware.ai/install/autoware_config_msgs/lib/x86_64-linux-gnu/pkgconfig:/home/agilex/autoware.ai/install/autoware_config_msgs/lib/pkgconfig:/home/agilex/autoware.ai/install/autoware_build_flags/lib/x86_64-linux-gnu/pkgconfig:/home/agilex/autoware.ai/install/autoware_build_flags/lib/pkgconfig:${PKG_CONFIG_PATH} PYTHONPATH=/home/agilex/autoware.ai/install/vector_map_msgs/lib/python2.7/dist-packages:/home/agilex/autoware.ai/install/autoware_msgs/lib/python2.7/dist-packages:/home/agilex/autoware.ai/install/autoware_config_msgs/lib/python2.7/dist-packages:${PYTHONPATH} ROS_PACKAGE_PATH=/home/agilex/autoware.ai/install/vector_map/share:/home/agilex/autoware.ai/install/state_machine_lib/share:/home/agilex/autoware.ai/install/amathutils_lib/share:/home/agilex/autoware.ai/install/vector_map_msgs/share:/home/agilex/autoware.ai/install/autoware_msgs/share:/home/agilex/autoware.ai/install/autoware_config_msgs/share:/home/agilex/autoware.ai/install/autoware_build_flags/share:${ROS_PACKAGE_PATH} /usr/bin/cmake --build /home/agilex/autoware.ai/build/decision_maker --target tests -- -j8 -l8
[5.079s] Invoking command in '/home/agilex/autoware.ai/build/decision_maker': CMAKE_PREFIX_PATH=/home/agilex/autoware.ai/install/vector_map:/home/agilex/autoware.ai/install/state_machine_lib:/home/agilex/autoware.ai/install/amathutils_lib:/home/agilex/autoware.ai/install/vector_map_msgs:/home/agilex/autoware.ai/install/autoware_msgs:/home/agilex/autoware.ai/install/autoware_config_msgs:/home/agilex/autoware.ai/install/autoware_build_flags:${CMAKE_PREFIX_PATH} LD_LIBRARY_PATH=/home/agilex/autoware.ai/install/vector_map/lib:/home/agilex/autoware.ai/install/state_machine_lib/lib:/home/agilex/autoware.ai/install/amathutils_lib/lib:${LD_LIBRARY_PATH} PKG_CONFIG_PATH=/home/agilex/autoware.ai/install/vector_map/lib/x86_64-linux-gnu/pkgconfig:/home/agilex/autoware.ai/install/vector_map/lib/pkgconfig:/home/agilex/autoware.ai/install/state_machine_lib/lib/x86_64-linux-gnu/pkgconfig:/home/agilex/autoware.ai/install/state_machine_lib/lib/pkgconfig:/home/agilex/autoware.ai/install/amathutils_lib/lib/x86_64-linux-gnu/pkgconfig:/home/agilex/autoware.ai/install/amathutils_lib/lib/pkgconfig:/home/agilex/autoware.ai/install/vector_map_msgs/lib/x86_64-linux-gnu/pkgconfig:/home/agilex/autoware.ai/install/vector_map_msgs/lib/pkgconfig:/home/agilex/autoware.ai/install/autoware_msgs/lib/x86_64-linux-gnu/pkgconfig:/home/agilex/autoware.ai/install/autoware_msgs/lib/pkgconfig:/home/agilex/autoware.ai/install/autoware_config_msgs/lib/x86_64-linux-gnu/pkgconfig:/home/agilex/autoware.ai/install/autoware_config_msgs/lib/pkgconfig:/home/agilex/autoware.ai/install/autoware_build_flags/lib/x86_64-linux-gnu/pkgconfig:/home/agilex/autoware.ai/install/autoware_build_flags/lib/pkgconfig:${PKG_CONFIG_PATH} PYTHONPATH=/home/agilex/autoware.ai/install/vector_map_msgs/lib/python2.7/dist-packages:/home/agilex/autoware.ai/install/autoware_msgs/lib/python2.7/dist-packages:/home/agilex/autoware.ai/install/autoware_config_msgs/lib/python2.7/dist-packages:${PYTHONPATH} ROS_PACKAGE_PATH=/home/agilex/autoware.ai/install/vector_map/share:/home/agilex/autoware.ai/install/state_machine_lib/share:/home/agilex/autoware.ai/install/amathutils_lib/share:/home/agilex/autoware.ai/install/vector_map_msgs/share:/home/agilex/autoware.ai/install/autoware_msgs/share:/home/agilex/autoware.ai/install/autoware_config_msgs/share:/home/agilex/autoware.ai/install/autoware_build_flags/share:${ROS_PACKAGE_PATH} /usr/bin/cmake --build /home/agilex/autoware.ai/build/decision_maker --target install -- -j8 -l8
[5.140s] [  0%] Built target tf2_msgs_generate_messages_eus
[5.159s] [  0%] Built target rviz_generate_messages_eus
[5.179s] [  0%] Built target people_msgs_generate_messages_eus
[5.196s] [  0%] Built target people_msgs_generate_messages_cpp
[5.221s] [  0%] Built target topic_tools_generate_messages_nodejs
[5.242s] [  0%] Built target topic_tools_generate_messages_eus
[5.259s] [  0%] Built target topic_tools_generate_messages_cpp
[5.280s] [  0%] Built target std_srvs_generate_messages_py
[5.299s] [  0%] Built target std_srvs_generate_messages_nodejs
[5.315s] [  0%] Built target bond_generate_messages_lisp
[5.334s] [  0%] Built target bond_generate_messages_eus
[5.356s] [  0%] Built target bond_generate_messages_cpp
[5.378s] [  0%] Built target nodelet_generate_messages_nodejs
[5.395s] [  0%] Built target map_msgs_generate_messages_eus
[5.415s] [  0%] Built target nodelet_generate_messages_eus
[5.433s] [  0%] Built target nodelet_generate_messages_cpp
[5.452s] [  0%] Built target map_msgs_generate_messages_py
[5.472s] [  0%] Built target pcl_ros_gencfg
[5.490s] [  0%] Built target rviz_generate_messages_nodejs
[5.518s] [  0%] Built target jsk_hark_msgs_generate_messages_nodejs
[5.534s] [  0%] Built target jsk_hark_msgs_generate_messages_cpp
[5.558s] [  0%] Built target jsk_hark_msgs_generate_messages_eus
[5.580s] [  0%] Built target jsk_rviz_plugins_generate_messages_py
[5.598s] [  0%] Built target jsk_rviz_plugins_generate_messages_nodejs
[5.617s] [  0%] Built target jsk_recognition_utils_gencfg
[5.638s] [  0%] Built target jsk_rviz_plugins_generate_messages_lisp
[5.662s] [  0%] Built target rviz_generate_messages_lisp
[5.682s] [  0%] Built target jsk_rviz_plugins_gencfg
[5.706s] [  0%] Built target dynamic_reconfigure_generate_messages_py
[5.724s] [  0%] Built target dynamic_reconfigure_generate_messages_nodejs
[5.745s] [  0%] Built target people_msgs_generate_messages_nodejs
[5.764s] [  0%] Built target dynamic_reconfigure_generate_messages_lisp
[5.782s] [  0%] Built target dynamic_reconfigure_generate_messages_eus
[5.801s] [  0%] Built target visualization_msgs_generate_messages_py
[5.824s] [  0%] Built target visualization_msgs_generate_messages_nodejs
[5.840s] [  0%] Built target visualization_msgs_generate_messages_eus
[5.859s] [  0%] Built target tf2_msgs_generate_messages_nodejs
[5.878s] [  0%] Built target nav_msgs_generate_messages_py
[5.901s] [  0%] Built target dynamic_reconfigure_gencfg
[5.918s] [  0%] Built target tf2_msgs_generate_messages_lisp
[5.942s] [  0%] Built target jsk_footstep_msgs_generate_messages_nodejs
[5.963s] [  0%] Built target jsk_footstep_msgs_generate_messages_lisp
[5.983s] [  0%] Built target autoware_config_msgs_generate_messages_eus
[6.001s] [  0%] Built target jsk_footstep_msgs_generate_messages_eus
[6.020s] [  0%] Built target actionlib_msgs_generate_messages_py
[6.037s] [  0%] Built target geometry_msgs_generate_messages_py
[6.055s] [  0%] Built target nav_msgs_generate_messages_lisp
[6.077s] [  0%] Built target pcl_msgs_generate_messages_nodejs
[6.104s] [  0%] Built target jsk_recognition_msgs_generate_messages_py
[6.127s] [  0%] Built target pcl_msgs_generate_messages_eus
[6.150s] [  0%] Built target rosgraph_msgs_generate_messages_eus
[6.168s] [  0%] Built target jsk_recognition_msgs_generate_messages_lisp
[6.189s] [  0%] Built target vector_map_msgs_generate_messages_lisp
[6.205s] [  0%] Built target jsk_recognition_msgs_generate_messages_eus
[6.222s] [  0%] Built target tf2_msgs_generate_messages_cpp
[6.241s] [  0%] Built target nodelet_generate_messages_py
[6.260s] [  0%] Built target sensor_msgs_generate_messages_py
[6.278s] [  0%] Built target dynamic_reconfigure_generate_messages_cpp
[6.295s] [  0%] Built target tf_generate_messages_py
[6.311s] [  0%] Built target sensor_msgs_generate_messages_nodejs
[6.332s] [  0%] Built target roscpp_generate_messages_cpp
[6.351s] [  0%] Built target actionlib_generate_messages_cpp
[6.369s] [  0%] Built target autoware_msgs_generate_messages_lisp
[6.390s] [  0%] Built target jsk_footstep_msgs_generate_messages_py
[6.406s] [  0%] Built target std_msgs_generate_messages_cpp
[6.426s] [  0%] Built target bond_generate_messages_py
[6.452s] [  0%] Built target vector_map_msgs_generate_messages_nodejs
[6.468s] [  0%] Built target geometry_msgs_generate_messages_lisp
[6.484s] [  0%] Built target nodelet_generate_messages_lisp
[6.504s] [  0%] Built target autoware_msgs_generate_messages_py
[6.524s] [  0%] Built target std_msgs_generate_messages_py
[6.545s] [  0%] Built target autoware_msgs_generate_messages_cpp
[6.571s] [  0%] Built target rosgraph_msgs_generate_messages_cpp
[6.590s] [  0%] Built target pcl_msgs_generate_messages_cpp
[6.614s] [  0%] Built target topic_tools_generate_messages_lisp
[6.631s] [  0%] Built target jsk_recognition_msgs_generate_messages_cpp
[6.651s] [  0%] Built target nav_msgs_generate_messages_cpp
[6.667s] [  0%] Built target sensor_msgs_generate_messages_lisp
[6.686s] [  0%] Built target std_srvs_generate_messages_cpp
[6.704s] [  0%] Built target autoware_msgs_generate_messages_eus
[6.721s] [  0%] Built target autoware_msgs_generate_messages_nodejs
[6.740s] [  0%] Built target visualization_msgs_generate_messages_lisp
[6.759s] [  0%] Built target std_msgs_generate_messages_eus
[6.778s] [  0%] Built target vector_map_msgs_generate_messages_py
[6.797s] [  0%] Built target geometry_msgs_generate_messages_eus
[6.815s] [  0%] Built target jsk_hark_msgs_generate_messages_lisp
[6.832s] [  0%] Built target std_msgs_generate_messages_nodejs
[6.850s] [  0%] Built target sensor_msgs_generate_messages_eus
[6.871s] [  0%] Built target std_srvs_generate_messages_lisp
[6.894s] [  0%] Built target jsk_rviz_plugins_generate_messages_cpp
[6.914s] [  0%] Built target roscpp_generate_messages_nodejs
[6.935s] [  0%] Built target std_msgs_generate_messages_lisp
[6.955s] [  0%] Built target sensor_msgs_generate_messages_cpp
[6.972s] [  0%] Built target actionlib_msgs_generate_messages_lisp
[6.993s] [  0%] Built target map_msgs_generate_messages_nodejs
[7.010s] [  0%] Built target topic_tools_generate_messages_py
[7.027s] [  0%] Built target nodelet_topic_tools_gencfg
[7.046s] [  0%] Built target actionlib_msgs_generate_messages_nodejs
[7.064s] [  0%] Built target geometry_msgs_generate_messages_nodejs
[7.085s] [  0%] Built target jsk_hark_msgs_generate_messages_py
[7.104s] [  0%] Built target autoware_config_msgs_generate_messages_lisp
[7.124s] [  0%] Built target bond_generate_messages_nodejs
[7.142s] [  0%] Built target autoware_config_msgs_generate_messages_py
[7.158s] [  0%] Built target actionlib_msgs_generate_messages_eus
[7.179s] [  0%] Built target roscpp_generate_messages_eus
[7.203s] [  0%] Built target rosgraph_msgs_generate_messages_py
[7.220s] [  0%] Built target vector_map_msgs_generate_messages_cpp
[7.242s] [  0%] Built target vector_map_msgs_generate_messages_eus
[7.259s] [  0%] Built target std_srvs_generate_messages_eus
[7.279s] [  0%] Built target jsk_recognition_msgs_generate_messages_nodejs
[7.301s] [  0%] Built target roscpp_generate_messages_lisp
[7.322s] [  0%] Built target roscpp_generate_messages_py
[7.341s] [  0%] Built target rosgraph_msgs_generate_messages_lisp
[7.363s] [  0%] Built target autoware_config_msgs_generate_messages_cpp
[7.383s] [  0%] Built target rosgraph_msgs_generate_messages_nodejs
[7.401s] [  0%] Built target jsk_footstep_msgs_generate_messages_cpp
[7.418s] [  0%] Built target actionlib_msgs_generate_messages_cpp
[7.436s] [  0%] Built target tf_generate_messages_eus
[7.459s] [  0%] Built target tf_generate_messages_lisp
[7.481s] [  0%] Built target autoware_config_msgs_generate_messages_nodejs
[7.504s] [  0%] Built target tf_generate_messages_nodejs
[7.522s] [  0%] Built target jsk_rviz_plugins_generate_messages_eus
[7.539s] [  0%] Built target pcl_msgs_generate_messages_py
[7.559s] [  0%] Built target actionlib_generate_messages_eus
[7.581s] [  0%] Built target geometry_msgs_generate_messages_cpp
[7.611s] [  0%] Built target actionlib_generate_messages_lisp
[7.629s] [  0%] Built target pcl_msgs_generate_messages_lisp
[7.646s] [  0%] Built target tf_generate_messages_cpp
[7.663s] [  0%] Built target actionlib_generate_messages_nodejs
[7.685s] [  0%] Built target map_msgs_generate_messages_cpp
[7.705s] [  0%] Built target tf2_msgs_generate_messages_py
[7.723s] [  0%] Built target actionlib_generate_messages_py
[7.745s] [  0%] Built target nav_msgs_generate_messages_eus
[7.763s] [  0%] Built target visualization_msgs_generate_messages_cpp
[7.786s] [  0%] Built target people_msgs_generate_messages_lisp
[7.803s] [  0%] Built target people_msgs_generate_messages_py
[7.824s] [  0%] Built target rviz_generate_messages_cpp
[7.841s] [  0%] Built target rviz_generate_messages_py
[7.859s] [  0%] Built target map_msgs_generate_messages_lisp
[7.878s] [  0%] Built target nav_msgs_generate_messages_nodejs
[7.924s] [100%] Built target decision_maker_node
[7.947s] [36mInstall the project...[0m
[7.954s] -- Install configuration: "Release"
[7.956s] -- Up-to-date: /home/agilex/autoware.ai/install/decision_maker/lib/pkgconfig/decision_maker.pc
[7.956s] -- Up-to-date: /home/agilex/autoware.ai/install/decision_maker/share/decision_maker/cmake/decision_makerConfig.cmake
[7.956s] -- Up-to-date: /home/agilex/autoware.ai/install/decision_maker/share/decision_maker/cmake/decision_makerConfig-version.cmake
[7.956s] -- Up-to-date: /home/agilex/autoware.ai/install/decision_maker/share/decision_maker/package.xml
[7.956s] -- Up-to-date: /home/agilex/autoware.ai/install/decision_maker/lib/decision_maker/decision_maker_node
[7.956s] -- Up-to-date: /home/agilex/autoware.ai/install/decision_maker/include/decision_maker
[7.956s] -- Up-to-date: /home/agilex/autoware.ai/install/decision_maker/include/decision_maker/cross_road_area.hpp
[7.956s] -- Up-to-date: /home/agilex/autoware.ai/install/decision_maker/include/decision_maker/decision_maker_param.hpp
[7.957s] -- Up-to-date: /home/agilex/autoware.ai/install/decision_maker/include/decision_maker/decision_maker_node.hpp
[7.957s] -- Up-to-date: /home/agilex/autoware.ai/install/decision_maker/share/decision_maker/launch
[7.957s] -- Up-to-date: /home/agilex/autoware.ai/install/decision_maker/share/decision_maker/launch/decision_maker.launch
[7.957s] -- Up-to-date: /home/agilex/autoware.ai/install/decision_maker/share/decision_maker/autoware_state_behavior.yaml
[7.957s] -- Up-to-date: /home/agilex/autoware.ai/install/decision_maker/share/decision_maker/autoware_state_motion.yaml
[7.957s] -- Up-to-date: /home/agilex/autoware.ai/install/decision_maker/share/decision_maker/autoware_state_mission.yaml
[7.957s] -- Up-to-date: /home/agilex/autoware.ai/install/decision_maker/share/decision_maker/autoware_state_vehicle.yaml
[7.977s] Invoked command in '/home/agilex/autoware.ai/build/decision_maker' returned '0': CMAKE_PREFIX_PATH=/home/agilex/autoware.ai/install/vector_map:/home/agilex/autoware.ai/install/state_machine_lib:/home/agilex/autoware.ai/install/amathutils_lib:/home/agilex/autoware.ai/install/vector_map_msgs:/home/agilex/autoware.ai/install/autoware_msgs:/home/agilex/autoware.ai/install/autoware_config_msgs:/home/agilex/autoware.ai/install/autoware_build_flags:${CMAKE_PREFIX_PATH} LD_LIBRARY_PATH=/home/agilex/autoware.ai/install/vector_map/lib:/home/agilex/autoware.ai/install/state_machine_lib/lib:/home/agilex/autoware.ai/install/amathutils_lib/lib:${LD_LIBRARY_PATH} PKG_CONFIG_PATH=/home/agilex/autoware.ai/install/vector_map/lib/x86_64-linux-gnu/pkgconfig:/home/agilex/autoware.ai/install/vector_map/lib/pkgconfig:/home/agilex/autoware.ai/install/state_machine_lib/lib/x86_64-linux-gnu/pkgconfig:/home/agilex/autoware.ai/install/state_machine_lib/lib/pkgconfig:/home/agilex/autoware.ai/install/amathutils_lib/lib/x86_64-linux-gnu/pkgconfig:/home/agilex/autoware.ai/install/amathutils_lib/lib/pkgconfig:/home/agilex/autoware.ai/install/vector_map_msgs/lib/x86_64-linux-gnu/pkgconfig:/home/agilex/autoware.ai/install/vector_map_msgs/lib/pkgconfig:/home/agilex/autoware.ai/install/autoware_msgs/lib/x86_64-linux-gnu/pkgconfig:/home/agilex/autoware.ai/install/autoware_msgs/lib/pkgconfig:/home/agilex/autoware.ai/install/autoware_config_msgs/lib/x86_64-linux-gnu/pkgconfig:/home/agilex/autoware.ai/install/autoware_config_msgs/lib/pkgconfig:/home/agilex/autoware.ai/install/autoware_build_flags/lib/x86_64-linux-gnu/pkgconfig:/home/agilex/autoware.ai/install/autoware_build_flags/lib/pkgconfig:${PKG_CONFIG_PATH} PYTHONPATH=/home/agilex/autoware.ai/install/vector_map_msgs/lib/python2.7/dist-packages:/home/agilex/autoware.ai/install/autoware_msgs/lib/python2.7/dist-packages:/home/agilex/autoware.ai/install/autoware_config_msgs/lib/python2.7/dist-packages:${PYTHONPATH} ROS_PACKAGE_PATH=/home/agilex/autoware.ai/install/vector_map/share:/home/agilex/autoware.ai/install/state_machine_lib/share:/home/agilex/autoware.ai/install/amathutils_lib/share:/home/agilex/autoware.ai/install/vector_map_msgs/share:/home/agilex/autoware.ai/install/autoware_msgs/share:/home/agilex/autoware.ai/install/autoware_config_msgs/share:/home/agilex/autoware.ai/install/autoware_build_flags/share:${ROS_PACKAGE_PATH} /usr/bin/cmake --build /home/agilex/autoware.ai/build/decision_maker --target install -- -j8 -l8
