[0.012s] Invoking command in '/home/agilex/autoware.ai/build/adi_driver': /usr/bin/cmake /home/agilex/autoware.ai/src/drivers/awf_drivers/analog_devices -DCMAKE_BUILD_TYPE=Release -DCATKIN_INSTALL_INTO_PREFIX_ROOT=0 -DCMAKE_INSTALL_PREFIX=/home/agilex/autoware.ai/install/adi_driver
[0.075s] -- The C compiler identification is GNU 7.5.0
[0.128s] -- The CXX compiler identification is GNU 7.5.0
[0.133s] -- Check for working C compiler: /usr/bin/cc
[0.198s] -- Check for working C compiler: /usr/bin/cc -- works
[0.199s] -- Detecting C compiler ABI info
[0.265s] -- Detecting C compiler ABI info - done
[0.274s] -- Detecting C compile features
[0.451s] -- Detecting C compile features - done
[0.455s] -- Check for working CXX compiler: /usr/bin/c++
[0.525s] -- Check for working CXX compiler: /usr/bin/c++ -- works
[0.526s] -- Detecting CXX compiler ABI info
[0.597s] -- Detecting CXX compiler ABI info - done
[0.608s] -- Detecting CXX compile features
[0.914s] -- Detecting CXX compile features - done
[0.916s] -- Using CATKIN_DEVEL_PREFIX: /home/agilex/autoware.ai/build/adi_driver/devel
[0.916s] -- Using CMAKE_PREFIX_PATH: /opt/ros/melodic
[0.916s] -- This workspace overlays: /opt/ros/melodic
[0.930s] -- Found PythonInterp: /usr/bin/python2 (found suitable version "2.7.17", minimum required is "2") 
[0.930s] -- Using PYTHON_EXECUTABLE: /usr/bin/python2
[0.931s] -- Using Debian Python package layout
[0.931s] -- Using empy: /usr/bin/empy
[1.092s] -- Using CATKIN_ENABLE_TESTING: ON
[1.093s] -- Call enable_testing()
[1.094s] -- Using CATKIN_TEST_RESULTS_DIR: /home/agilex/autoware.ai/build/adi_driver/test_results
[1.112s] -- Found gtest sources under '/usr/src/googletest': gtests will be built
[1.112s] -- Found gmock sources under '/usr/src/googletest': gmock will be built
[1.125s] -- Found PythonInterp: /usr/bin/python2 (found version "2.7.17") 
[1.126s] -- Looking for pthread.h
[1.192s] -- Looking for pthread.h - found
[1.193s] -- Looking for pthread_create
[1.252s] -- Looking for pthread_create - not found
[1.252s] -- Looking for pthread_create in pthreads
[1.306s] -- Looking for pthread_create in pthreads - not found
[1.306s] -- Looking for pthread_create in pthread
[1.365s] -- Looking for pthread_create in pthread - found
[1.366s] -- Found Threads: TRUE  
[1.370s] -- Using Python nosetests: /usr/bin/nosetests-2.7
[1.412s] -- catkin 0.7.29
[1.412s] -- BUILD_SHARED_LIBS is on
[1.721s] -- Configuring done
[1.749s] -- Generating done
[1.753s] -- Build files have been written to: /home/agilex/autoware.ai/build/adi_driver
[1.760s] Invoked command in '/home/agilex/autoware.ai/build/adi_driver' returned '0': /usr/bin/cmake /home/agilex/autoware.ai/src/drivers/awf_drivers/analog_devices -DCMAKE_BUILD_TYPE=Release -DCATKIN_INSTALL_INTO_PREFIX_ROOT=0 -DCMAKE_INSTALL_PREFIX=/home/agilex/autoware.ai/install/adi_driver
[1.761s] Invoking command in '/home/agilex/autoware.ai/build/adi_driver': /usr/bin/cmake --build /home/agilex/autoware.ai/build/adi_driver -- -j8 -l8
[1.800s] [35m[1mScanning dependencies of target adxl345_node[0m
[1.818s] [ 16%] [32mBuilding CXX object CMakeFiles/adxl345_node.dir/src/adxl345_node.cpp.o[0m
[3.211s] [ 33%] [32mBuilding CXX object CMakeFiles/adxl345_node.dir/src/adxl345.cpp.o[0m
[4.397s] [ 50%] [32m[1mLinking CXX executable devel/lib/adi_driver/adxl345_node[0m
[4.583s] [ 50%] Built target adxl345_node
[4.592s] [35m[1mScanning dependencies of target adis16470_node[0m
[4.608s] [ 66%] [32mBuilding CXX object CMakeFiles/adis16470_node.dir/src/adis16470_node.cpp.o[0m
[6.090s] [ 83%] [32mBuilding CXX object CMakeFiles/adis16470_node.dir/src/adis16470.cpp.o[0m
[6.257s] [01m[K/home/agilex/autoware.ai/src/drivers/awf_drivers/analog_devices/src/adis16470.cpp:[m[K In member function '[01m[Kint Adis16470::read_register(char, int16_t&)[m[K':
[6.257s] [01m[K/home/agilex/autoware.ai/src/drivers/awf_drivers/analog_devices/src/adis16470.cpp:201:47:[m[K [01;35m[Kwarning: [m[Knarrowing conversion of '[01m[Kaddress[m[K' from '[01m[Kchar[m[K' to '[01m[Kunsigned char[m[K' inside { } [[01;35m[K-Wnarrowing[m[K]
[6.257s]    unsigned char buff[3] = {0x61, address, 0x00[01;35m[K}[m[K;
[6.257s]                                                [01;35m[K^[m[K
[6.349s] [100%] [32m[1mLinking CXX executable devel/lib/adi_driver/adis16470_node[0m
[6.481s] [100%] Built target adis16470_node
[6.492s] Invoked command in '/home/agilex/autoware.ai/build/adi_driver' returned '0': /usr/bin/cmake --build /home/agilex/autoware.ai/build/adi_driver -- -j8 -l8
[6.641s] Invoking command in '/home/agilex/autoware.ai/build/adi_driver': /usr/bin/cmake --build /home/agilex/autoware.ai/build/adi_driver --target tests -- -j8 -l8
[6.694s] [35m[1mScanning dependencies of target tests[0m
[6.704s] Built target tests
[6.717s] Invoked command in '/home/agilex/autoware.ai/build/adi_driver' returned '0': /usr/bin/cmake --build /home/agilex/autoware.ai/build/adi_driver --target tests -- -j8 -l8
[6.785s] Invoking command in '/home/agilex/autoware.ai/build/adi_driver': /usr/bin/cmake --build /home/agilex/autoware.ai/build/adi_driver --target install -- -j8 -l8
[6.835s] [ 50%] Built target adxl345_node
[6.858s] [100%] Built target adis16470_node
[6.877s] [36mInstall the project...[0m
[6.885s] -- Install configuration: "Release"
[6.886s] -- Installing: /home/agilex/autoware.ai/install/adi_driver/lib/pkgconfig/adi_driver.pc
[6.886s] -- Installing: /home/agilex/autoware.ai/install/adi_driver/share/adi_driver/cmake/adi_driverConfig.cmake
[6.886s] -- Installing: /home/agilex/autoware.ai/install/adi_driver/share/adi_driver/cmake/adi_driverConfig-version.cmake
[6.886s] -- Installing: /home/agilex/autoware.ai/install/adi_driver/share/adi_driver/package.xml
[6.886s] -- Installing: /home/agilex/autoware.ai/install/adi_driver/lib/adi_driver/adis16470_node
[6.886s] -- Set runtime path of "/home/agilex/autoware.ai/install/adi_driver/lib/adi_driver/adis16470_node" to ""
[6.886s] -- Installing: /home/agilex/autoware.ai/install/adi_driver/lib/adi_driver/adxl345_node
[6.887s] -- Set runtime path of "/home/agilex/autoware.ai/install/adi_driver/lib/adi_driver/adxl345_node" to ""
[6.887s] -- Installing: /home/agilex/autoware.ai/install/adi_driver/include/adi_driver
[6.887s] -- Installing: /home/agilex/autoware.ai/install/adi_driver/include/adi_driver/adis16470.h
[6.887s] -- Installing: /home/agilex/autoware.ai/install/adi_driver/include/adi_driver/adxl345.h
[6.887s] -- Installing: /home/agilex/autoware.ai/install/adi_driver/share/adi_driver/launch
[6.887s] -- Installing: /home/agilex/autoware.ai/install/adi_driver/share/adi_driver/launch/imu.rviz
[6.887s] -- Installing: /home/agilex/autoware.ai/install/adi_driver/share/adi_driver/launch/adxl345.launch
[6.888s] -- Installing: /home/agilex/autoware.ai/install/adi_driver/share/adi_driver/launch/adis16470.launch
[6.888s] -- Installing: /home/agilex/autoware.ai/install/adi_driver/share/adi_driver/test
[6.888s] -- Installing: /home/agilex/autoware.ai/install/adi_driver/share/adi_driver/test/test_adis16470.py
[6.888s] -- Installing: /home/agilex/autoware.ai/install/adi_driver/share/adi_driver/test/test_adxl345.py
[6.888s] -- Installing: /home/agilex/autoware.ai/install/adi_driver/share/adi_driver/urdf
[6.888s] -- Installing: /home/agilex/autoware.ai/install/adi_driver/share/adi_driver/urdf/adis16470_breakout.urdf
[6.893s] Invoked command in '/home/agilex/autoware.ai/build/adi_driver' returned '0': /usr/bin/cmake --build /home/agilex/autoware.ai/build/adi_driver --target install -- -j8 -l8
