[0.012s] Invoking command in '/home/agilex/autoware.ai/build/multi_lidar_calibrator': CMAKE_PREFIX_PATH=/home/agilex/autoware.ai/install/autoware_build_flags:${CMAKE_PREFIX_PATH} PKG_CONFIG_PATH=/home/agilex/autoware.ai/install/autoware_build_flags/lib/x86_64-linux-gnu/pkgconfig:/home/agilex/autoware.ai/install/autoware_build_flags/lib/pkgconfig:${PKG_CONFIG_PATH} ROS_PACKAGE_PATH=/home/agilex/autoware.ai/install/autoware_build_flags/share:${ROS_PACKAGE_PATH} /usr/bin/cmake /home/agilex/autoware.ai/src/autoware/utilities/multi_lidar_calibrator -DCMAKE_BUILD_TYPE=Release -DCATKIN_INSTALL_INTO_PREFIX_ROOT=0 -DCMAKE_INSTALL_PREFIX=/home/agilex/autoware.ai/install/multi_lidar_calibrator
[0.109s] -- The C compiler identification is GNU 7.5.0
[0.268s] -- The CXX compiler identification is GNU 7.5.0
[0.272s] -- Check for working C compiler: /usr/bin/cc
[0.399s] -- Check for working C compiler: /usr/bin/cc -- works
[0.410s] -- Detecting C compiler ABI info
[0.477s] -- Detecting C compiler ABI info - done
[0.486s] -- Detecting C compile features
[0.885s] -- Detecting C compile features - done
[0.889s] -- Check for working CXX compiler: /usr/bin/c++
[1.064s] -- Check for working CXX compiler: /usr/bin/c++ -- works
[1.065s] -- Detecting CXX compiler ABI info
[1.135s] -- Detecting CXX compiler ABI info - done
[1.144s] -- Detecting CXX compile features
[1.452s] -- Detecting CXX compile features - done
[1.454s] -- CUDA compilation status: .
[1.456s] -- Using CATKIN_DEVEL_PREFIX: /home/agilex/autoware.ai/build/multi_lidar_calibrator/devel
[1.456s] -- Using CMAKE_PREFIX_PATH: /home/agilex/autoware.ai/install/autoware_build_flags;/opt/ros/melodic
[1.456s] -- This workspace overlays: /home/agilex/autoware.ai/install/autoware_build_flags;/opt/ros/melodic
[1.471s] -- Found PythonInterp: /usr/bin/python2 (found suitable version "2.7.17", minimum required is "2") 
[1.472s] -- Using PYTHON_EXECUTABLE: /usr/bin/python2
[1.472s] -- Using Debian Python package layout
[1.472s] -- Using empy: /usr/bin/empy
[1.632s] -- Using CATKIN_ENABLE_TESTING: ON
[1.632s] -- Call enable_testing()
[1.634s] -- Using CATKIN_TEST_RESULTS_DIR: /home/agilex/autoware.ai/build/multi_lidar_calibrator/test_results
[1.651s] -- Found gtest sources under '/usr/src/googletest': gtests will be built
[1.652s] -- Found gmock sources under '/usr/src/googletest': gmock will be built
[1.664s] -- Found PythonInterp: /usr/bin/python2 (found version "2.7.17") 
[1.665s] -- Looking for pthread.h
[1.723s] -- Looking for pthread.h - found
[1.724s] -- Looking for pthread_create
[1.784s] -- Looking for pthread_create - not found
[1.784s] -- Looking for pthread_create in pthreads
[1.835s] -- Looking for pthread_create in pthreads - not found
[1.835s] -- Looking for pthread_create in pthread
[1.891s] -- Looking for pthread_create in pthread - found
[1.893s] -- Found Threads: TRUE  
[1.897s] -- Using Python nosetests: /usr/bin/nosetests-2.7
[1.941s] -- catkin 0.7.29
[1.941s] -- BUILD_SHARED_LIBS is on
[2.745s] -- Using these message generators: gencpp;geneus;genlisp;gennodejs;genpy
[3.162s] -- Found OpenCV: /usr (found version "3.2.0") 
[3.165s] -- Configuring done
[3.230s] -- Generating done
[3.239s] -- Build files have been written to: /home/agilex/autoware.ai/build/multi_lidar_calibrator
[3.252s] Invoked command in '/home/agilex/autoware.ai/build/multi_lidar_calibrator' returned '0': CMAKE_PREFIX_PATH=/home/agilex/autoware.ai/install/autoware_build_flags:${CMAKE_PREFIX_PATH} PKG_CONFIG_PATH=/home/agilex/autoware.ai/install/autoware_build_flags/lib/x86_64-linux-gnu/pkgconfig:/home/agilex/autoware.ai/install/autoware_build_flags/lib/pkgconfig:${PKG_CONFIG_PATH} ROS_PACKAGE_PATH=/home/agilex/autoware.ai/install/autoware_build_flags/share:${ROS_PACKAGE_PATH} /usr/bin/cmake /home/agilex/autoware.ai/src/autoware/utilities/multi_lidar_calibrator -DCMAKE_BUILD_TYPE=Release -DCATKIN_INSTALL_INTO_PREFIX_ROOT=0 -DCMAKE_INSTALL_PREFIX=/home/agilex/autoware.ai/install/multi_lidar_calibrator
[3.252s] Invoking command in '/home/agilex/autoware.ai/build/multi_lidar_calibrator': CMAKE_PREFIX_PATH=/home/agilex/autoware.ai/install/autoware_build_flags:${CMAKE_PREFIX_PATH} PKG_CONFIG_PATH=/home/agilex/autoware.ai/install/autoware_build_flags/lib/x86_64-linux-gnu/pkgconfig:/home/agilex/autoware.ai/install/autoware_build_flags/lib/pkgconfig:${PKG_CONFIG_PATH} ROS_PACKAGE_PATH=/home/agilex/autoware.ai/install/autoware_build_flags/share:${ROS_PACKAGE_PATH} /usr/bin/cmake --build /home/agilex/autoware.ai/build/multi_lidar_calibrator -- -j8 -l8
[3.295s] [35m[1mScanning dependencies of target multi_lidar_calibrator_lib[0m
[3.362s] [ 25%] [32mBuilding CXX object CMakeFiles/multi_lidar_calibrator_lib.dir/src/multi_lidar_calibrator.cpp.o[0m
[8.145s] In file included from [01m[K/home/agilex/autoware.ai/src/autoware/utilities/multi_lidar_calibrator/include/multi_lidar_calibrator.h:38:0[m[K,
[8.146s]                  from [01m[K/home/agilex/autoware.ai/src/autoware/utilities/multi_lidar_calibrator/src/multi_lidar_calibrator.cpp:23[m[K:
[8.146s] [01m[K/opt/ros/melodic/include/pcl_ros/point_cloud.h:303:27:[m[K [01;35m[Kwarning: [m[Kvariable templates only available with -std=c++14 or -std=gnu++14
[8.146s]      constexpr static bool [01;35m[Kpcl_uses_boost[m[K = true;
[8.146s]                            [01;35m[K^~~~~~~~~~~~~~[m[K
[30.465s] [ 50%] [32m[1mLinking CXX shared library devel/lib/libmulti_lidar_calibrator_lib.so[0m
[33.140s] [ 50%] Built target multi_lidar_calibrator_lib
[33.149s] [35m[1mScanning dependencies of target multi_lidar_calibrator[0m
[33.215s] [ 75%] [32mBuilding CXX object CMakeFiles/multi_lidar_calibrator.dir/src/multi_lidar_calibrator_node.cpp.o[0m
[38.283s] In file included from [01m[K/home/agilex/autoware.ai/src/autoware/utilities/multi_lidar_calibrator/include/multi_lidar_calibrator.h:38:0[m[K,
[38.284s]                  from [01m[K/home/agilex/autoware.ai/src/autoware/utilities/multi_lidar_calibrator/src/multi_lidar_calibrator_node.cpp:23[m[K:
[38.284s] [01m[K/opt/ros/melodic/include/pcl_ros/point_cloud.h:303:27:[m[K [01;35m[Kwarning: [m[Kvariable templates only available with -std=c++14 or -std=gnu++14
[38.284s]      constexpr static bool [01;35m[Kpcl_uses_boost[m[K = true;
[38.284s]                            [01;35m[K^~~~~~~~~~~~~~[m[K
[46.573s] [100%] [32m[1mLinking CXX executable devel/lib/multi_lidar_calibrator/multi_lidar_calibrator[0m
[47.311s] [100%] Built target multi_lidar_calibrator
[47.324s] Invoked command in '/home/agilex/autoware.ai/build/multi_lidar_calibrator' returned '0': CMAKE_PREFIX_PATH=/home/agilex/autoware.ai/install/autoware_build_flags:${CMAKE_PREFIX_PATH} PKG_CONFIG_PATH=/home/agilex/autoware.ai/install/autoware_build_flags/lib/x86_64-linux-gnu/pkgconfig:/home/agilex/autoware.ai/install/autoware_build_flags/lib/pkgconfig:${PKG_CONFIG_PATH} ROS_PACKAGE_PATH=/home/agilex/autoware.ai/install/autoware_build_flags/share:${ROS_PACKAGE_PATH} /usr/bin/cmake --build /home/agilex/autoware.ai/build/multi_lidar_calibrator -- -j8 -l8
[47.406s] Invoking command in '/home/agilex/autoware.ai/build/multi_lidar_calibrator': CMAKE_PREFIX_PATH=/home/agilex/autoware.ai/install/autoware_build_flags:${CMAKE_PREFIX_PATH} PKG_CONFIG_PATH=/home/agilex/autoware.ai/install/autoware_build_flags/lib/x86_64-linux-gnu/pkgconfig:/home/agilex/autoware.ai/install/autoware_build_flags/lib/pkgconfig:${PKG_CONFIG_PATH} ROS_PACKAGE_PATH=/home/agilex/autoware.ai/install/autoware_build_flags/share:${ROS_PACKAGE_PATH} /usr/bin/cmake --build /home/agilex/autoware.ai/build/multi_lidar_calibrator --target tests -- -j8 -l8
[47.463s] [35m[1mScanning dependencies of target tests[0m
[47.476s] Built target tests
[47.493s] Invoked command in '/home/agilex/autoware.ai/build/multi_lidar_calibrator' returned '0': CMAKE_PREFIX_PATH=/home/agilex/autoware.ai/install/autoware_build_flags:${CMAKE_PREFIX_PATH} PKG_CONFIG_PATH=/home/agilex/autoware.ai/install/autoware_build_flags/lib/x86_64-linux-gnu/pkgconfig:/home/agilex/autoware.ai/install/autoware_build_flags/lib/pkgconfig:${PKG_CONFIG_PATH} ROS_PACKAGE_PATH=/home/agilex/autoware.ai/install/autoware_build_flags/share:${ROS_PACKAGE_PATH} /usr/bin/cmake --build /home/agilex/autoware.ai/build/multi_lidar_calibrator --target tests -- -j8 -l8
[47.586s] Invoking command in '/home/agilex/autoware.ai/build/multi_lidar_calibrator': CMAKE_PREFIX_PATH=/home/agilex/autoware.ai/install/autoware_build_flags:${CMAKE_PREFIX_PATH} PKG_CONFIG_PATH=/home/agilex/autoware.ai/install/autoware_build_flags/lib/x86_64-linux-gnu/pkgconfig:/home/agilex/autoware.ai/install/autoware_build_flags/lib/pkgconfig:${PKG_CONFIG_PATH} ROS_PACKAGE_PATH=/home/agilex/autoware.ai/install/autoware_build_flags/share:${ROS_PACKAGE_PATH} /usr/bin/cmake --build /home/agilex/autoware.ai/build/multi_lidar_calibrator --target install -- -j8 -l8
[47.658s] [ 50%] Built target multi_lidar_calibrator_lib
[47.701s] [100%] Built target multi_lidar_calibrator
[47.722s] [36mInstall the project...[0m
[47.731s] -- Install configuration: "Release"
[47.731s] -- Installing: /home/agilex/autoware.ai/install/multi_lidar_calibrator/lib/pkgconfig/multi_lidar_calibrator.pc
[47.731s] -- Installing: /home/agilex/autoware.ai/install/multi_lidar_calibrator/share/multi_lidar_calibrator/cmake/multi_lidar_calibratorConfig.cmake
[47.731s] -- Installing: /home/agilex/autoware.ai/install/multi_lidar_calibrator/share/multi_lidar_calibrator/cmake/multi_lidar_calibratorConfig-version.cmake
[47.731s] -- Installing: /home/agilex/autoware.ai/install/multi_lidar_calibrator/share/multi_lidar_calibrator/package.xml
[47.732s] -- Installing: /home/agilex/autoware.ai/install/multi_lidar_calibrator/lib/multi_lidar_calibrator/multi_lidar_calibrator
[47.740s] -- Set runtime path of "/home/agilex/autoware.ai/install/multi_lidar_calibrator/lib/multi_lidar_calibrator/multi_lidar_calibrator" to ""
[47.740s] -- Installing: /home/agilex/autoware.ai/install/multi_lidar_calibrator/lib/libmulti_lidar_calibrator_lib.so
[47.762s] -- Set runtime path of "/home/agilex/autoware.ai/install/multi_lidar_calibrator/lib/libmulti_lidar_calibrator_lib.so" to ""
[47.762s] -- Installing: /home/agilex/autoware.ai/install/multi_lidar_calibrator/share/multi_lidar_calibrator/launch
[47.762s] -- Installing: /home/agilex/autoware.ai/install/multi_lidar_calibrator/share/multi_lidar_calibrator/launch/multi_lidar_calibrator.launch
[47.768s] Invoked command in '/home/agilex/autoware.ai/build/multi_lidar_calibrator' returned '0': CMAKE_PREFIX_PATH=/home/agilex/autoware.ai/install/autoware_build_flags:${CMAKE_PREFIX_PATH} PKG_CONFIG_PATH=/home/agilex/autoware.ai/install/autoware_build_flags/lib/x86_64-linux-gnu/pkgconfig:/home/agilex/autoware.ai/install/autoware_build_flags/lib/pkgconfig:${PKG_CONFIG_PATH} ROS_PACKAGE_PATH=/home/agilex/autoware.ai/install/autoware_build_flags/share:${ROS_PACKAGE_PATH} /usr/bin/cmake --build /home/agilex/autoware.ai/build/multi_lidar_calibrator --target install -- -j8 -l8
