[0.043s] Invoking command in '/home/agilex/autoware.ai/build/op_utilities': CMAKE_PREFIX_PATH=/home/agilex/autoware.ai/install/op_ros_helpers:/home/agilex/autoware.ai/install/op_simu:/home/agilex/autoware.ai/install/op_planner:/home/agilex/autoware.ai/install/op_utility:/home/agilex/autoware.ai/install/waypoint_follower:/home/agilex/autoware.ai/install/vector_map_server:/home/agilex/autoware.ai/install/map_file:/home/agilex/autoware.ai/install/vector_map:/home/agilex/autoware.ai/install/autoware_health_checker:/home/agilex/autoware.ai/install/amathutils_lib:/home/agilex/autoware.ai/install/vector_map_msgs:/home/agilex/autoware.ai/install/tablet_socket_msgs:/home/agilex/autoware.ai/install/autoware_system_msgs:/home/agilex/autoware.ai/install/autoware_msgs:/home/agilex/autoware.ai/install/autoware_config_msgs:/home/agilex/autoware.ai/install/autoware_build_flags:${CMAKE_PREFIX_PATH} LD_LIBRARY_PATH=/home/agilex/autoware.ai/install/op_ros_helpers/lib:/home/agilex/autoware.ai/install/op_simu/lib:/home/agilex/autoware.ai/install/op_planner/lib:/home/agilex/autoware.ai/install/op_utility/lib:/home/agilex/autoware.ai/install/waypoint_follower/lib:/home/agilex/autoware.ai/install/map_file/lib:/home/agilex/autoware.ai/install/vector_map/lib:/home/agilex/autoware.ai/install/autoware_health_checker/lib:/home/agilex/autoware.ai/install/amathutils_lib/lib:${LD_LIBRARY_PATH} PKG_CONFIG_PATH=/home/agilex/autoware.ai/install/op_ros_helpers/lib/x86_64-linux-gnu/pkgconfig:/home/agilex/autoware.ai/install/op_ros_helpers/lib/pkgconfig:/home/agilex/autoware.ai/install/op_simu/lib/x86_64-linux-gnu/pkgconfig:/home/agilex/autoware.ai/install/op_simu/lib/pkgconfig:/home/agilex/autoware.ai/install/op_planner/lib/x86_64-linux-gnu/pkgconfig:/home/agilex/autoware.ai/install/op_planner/lib/pkgconfig:/home/agilex/autoware.ai/install/op_utility/lib/x86_64-linux-gnu/pkgconfig:/home/agilex/autoware.ai/install/op_utility/lib/pkgconfig:/home/agilex/autoware.ai/install/waypoint_follower/lib/x86_64-linux-gnu/pkgconfig:/home/agilex/autoware.ai/install/waypoint_follower/lib/pkgconfig:/home/agilex/autoware.ai/install/vector_map_server/lib/x86_64-linux-gnu/pkgconfig:/home/agilex/autoware.ai/install/vector_map_server/lib/pkgconfig:/home/agilex/autoware.ai/install/map_file/lib/x86_64-linux-gnu/pkgconfig:/home/agilex/autoware.ai/install/map_file/lib/pkgconfig:/home/agilex/autoware.ai/install/vector_map/lib/x86_64-linux-gnu/pkgconfig:/home/agilex/autoware.ai/install/vector_map/lib/pkgconfig:/home/agilex/autoware.ai/install/autoware_health_checker/lib/x86_64-linux-gnu/pkgconfig:/home/agilex/autoware.ai/install/autoware_health_checker/lib/pkgconfig:/home/agilex/autoware.ai/install/amathutils_lib/lib/x86_64-linux-gnu/pkgconfig:/home/agilex/autoware.ai/install/amathutils_lib/lib/pkgconfig:/home/agilex/autoware.ai/install/vector_map_msgs/lib/x86_64-linux-gnu/pkgconfig:/home/agilex/autoware.ai/install/vector_map_msgs/lib/pkgconfig:/home/agilex/autoware.ai/install/tablet_socket_msgs/lib/x86_64-linux-gnu/pkgconfig:/home/agilex/autoware.ai/install/tablet_socket_msgs/lib/pkgconfig:/home/agilex/autoware.ai/install/autoware_system_msgs/lib/x86_64-linux-gnu/pkgconfig:/home/agilex/autoware.ai/install/autoware_system_msgs/lib/pkgconfig:/home/agilex/autoware.ai/install/autoware_msgs/lib/x86_64-linux-gnu/pkgconfig:/home/agilex/autoware.ai/install/autoware_msgs/lib/pkgconfig:/home/agilex/autoware.ai/install/autoware_config_msgs/lib/x86_64-linux-gnu/pkgconfig:/home/agilex/autoware.ai/install/autoware_config_msgs/lib/pkgconfig:/home/agilex/autoware.ai/install/autoware_build_flags/lib/x86_64-linux-gnu/pkgconfig:/home/agilex/autoware.ai/install/autoware_build_flags/lib/pkgconfig:${PKG_CONFIG_PATH} PYTHONPATH=/home/agilex/autoware.ai/install/vector_map_server/lib/python2.7/dist-packages:/home/agilex/autoware.ai/install/vector_map_msgs/lib/python2.7/dist-packages:/home/agilex/autoware.ai/install/tablet_socket_msgs/lib/python2.7/dist-packages:/home/agilex/autoware.ai/install/autoware_system_msgs/lib/python2.7/dist-packages:/home/agilex/autoware.ai/install/autoware_msgs/lib/python2.7/dist-packages:/home/agilex/autoware.ai/install/autoware_config_msgs/lib/python2.7/dist-packages:${PYTHONPATH} ROS_PACKAGE_PATH=/home/agilex/autoware.ai/install/op_ros_helpers/share:/home/agilex/autoware.ai/install/op_simu/share:/home/agilex/autoware.ai/install/op_planner/share:/home/agilex/autoware.ai/install/op_utility/share:/home/agilex/autoware.ai/install/waypoint_follower/share:/home/agilex/autoware.ai/install/vector_map_server/share:/home/agilex/autoware.ai/install/map_file/share:/home/agilex/autoware.ai/install/vector_map/share:/home/agilex/autoware.ai/install/autoware_health_checker/share:/home/agilex/autoware.ai/install/amathutils_lib/share:/home/agilex/autoware.ai/install/vector_map_msgs/share:/home/agilex/autoware.ai/install/tablet_socket_msgs/share:/home/agilex/autoware.ai/install/autoware_system_msgs/share:/home/agilex/autoware.ai/install/autoware_msgs/share:/home/agilex/autoware.ai/install/autoware_config_msgs/share:/home/agilex/autoware.ai/install/autoware_build_flags/share:${ROS_PACKAGE_PATH} /usr/bin/cmake /home/agilex/autoware.ai/src/autoware/core_planning/op_utilities -DCMAKE_BUILD_TYPE=Release -DCATKIN_INSTALL_INTO_PREFIX_ROOT=0 -DCMAKE_INSTALL_PREFIX=/home/agilex/autoware.ai/install/op_utilities
[0.113s] -- The C compiler identification is GNU 7.5.0
[0.181s] -- The CXX compiler identification is GNU 7.5.0
[0.186s] -- Check for working C compiler: /usr/bin/cc
[0.245s] -- Check for working C compiler: /usr/bin/cc -- works
[0.246s] -- Detecting C compiler ABI info
[0.313s] -- Detecting C compiler ABI info - done
[0.322s] -- Detecting C compile features
[0.546s] -- Detecting C compile features - done
[0.549s] -- Check for working CXX compiler: /usr/bin/c++
[0.624s] -- Check for working CXX compiler: /usr/bin/c++ -- works
[0.625s] -- Detecting CXX compiler ABI info
[0.726s] -- Detecting CXX compiler ABI info - done
[0.734s] -- Detecting CXX compile features
[1.066s] -- Detecting CXX compile features - done
[1.068s] -- CUDA compilation status: .
[1.098s] -- Using CATKIN_DEVEL_PREFIX: /home/agilex/autoware.ai/build/op_utilities/devel
[1.098s] -- Using CMAKE_PREFIX_PATH: /home/agilex/autoware.ai/install/op_ros_helpers;/home/agilex/autoware.ai/install/op_simu;/home/agilex/autoware.ai/install/op_planner;/home/agilex/autoware.ai/install/op_utility;/home/agilex/autoware.ai/install/waypoint_follower;/home/agilex/autoware.ai/install/vector_map_server;/home/agilex/autoware.ai/install/map_file;/home/agilex/autoware.ai/install/vector_map;/home/agilex/autoware.ai/install/autoware_health_checker;/home/agilex/autoware.ai/install/amathutils_lib;/home/agilex/autoware.ai/install/vector_map_msgs;/home/agilex/autoware.ai/install/tablet_socket_msgs;/home/agilex/autoware.ai/install/autoware_system_msgs;/home/agilex/autoware.ai/install/autoware_msgs;/home/agilex/autoware.ai/install/autoware_config_msgs;/home/agilex/autoware.ai/install/autoware_build_flags;/opt/ros/melodic
[1.098s] -- This workspace overlays: /home/agilex/autoware.ai/install/op_ros_helpers;/home/agilex/autoware.ai/install/op_simu;/home/agilex/autoware.ai/install/op_planner;/home/agilex/autoware.ai/install/op_utility;/home/agilex/autoware.ai/install/waypoint_follower;/home/agilex/autoware.ai/install/vector_map_server;/home/agilex/autoware.ai/install/map_file;/home/agilex/autoware.ai/install/vector_map;/home/agilex/autoware.ai/install/autoware_health_checker;/home/agilex/autoware.ai/install/amathutils_lib;/home/agilex/autoware.ai/install/vector_map_msgs;/home/agilex/autoware.ai/install/tablet_socket_msgs;/home/agilex/autoware.ai/install/autoware_system_msgs;/home/agilex/autoware.ai/install/autoware_msgs;/home/agilex/autoware.ai/install/autoware_config_msgs;/home/agilex/autoware.ai/install/autoware_build_flags;/opt/ros/melodic
[1.112s] -- Found PythonInterp: /usr/bin/python2 (found suitable version "2.7.17", minimum required is "2") 
[1.112s] -- Using PYTHON_EXECUTABLE: /usr/bin/python2
[1.112s] -- Using Debian Python package layout
[1.113s] -- Using empy: /usr/bin/empy
[1.258s] -- Using CATKIN_ENABLE_TESTING: ON
[1.258s] -- Call enable_testing()
[1.260s] -- Using CATKIN_TEST_RESULTS_DIR: /home/agilex/autoware.ai/build/op_utilities/test_results
[1.278s] -- Found gtest sources under '/usr/src/googletest': gtests will be built
[1.278s] -- Found gmock sources under '/usr/src/googletest': gmock will be built
[1.291s] -- Found PythonInterp: /usr/bin/python2 (found version "2.7.17") 
[1.292s] -- Looking for pthread.h
[1.349s] -- Looking for pthread.h - found
[1.349s] -- Looking for pthread_create
[1.407s] -- Looking for pthread_create - not found
[1.407s] -- Looking for pthread_create in pthreads
[1.456s] -- Looking for pthread_create in pthreads - not found
[1.456s] -- Looking for pthread_create in pthread
[1.517s] -- Looking for pthread_create in pthread - found
[1.518s] -- Found Threads: TRUE  
[1.522s] -- Using Python nosetests: /usr/bin/nosetests-2.7
[1.564s] -- catkin 0.7.29
[1.564s] -- BUILD_SHARED_LIBS is on
[1.735s] -- Using these message generators: gencpp;geneus;genlisp;gennodejs;genpy
[3.185s] -- Found OpenCV: /usr (found version "3.2.0") 
[3.193s] -- Found OpenGL: /usr/lib/x86_64-linux-gnu/libOpenGL.so   
[3.200s] -- Found GLEW: /usr/include  
[3.205s] -- Found GLUT: /usr/lib/x86_64-linux-gnu/libglut.so  
[3.243s] -- Looking for XOpenDisplay in /usr/lib/x86_64-linux-gnu/libX11.so;/usr/lib/x86_64-linux-gnu/libXext.so
[3.318s] -- Looking for XOpenDisplay in /usr/lib/x86_64-linux-gnu/libX11.so;/usr/lib/x86_64-linux-gnu/libXext.so - found
[3.318s] -- Looking for gethostbyname
[3.411s] -- Looking for gethostbyname - found
[3.411s] -- Looking for connect
[3.487s] -- Looking for connect - found
[3.488s] -- Looking for remove
[3.553s] -- Looking for remove - found
[3.554s] -- Looking for shmat
[3.618s] -- Looking for shmat - found
[3.618s] -- Looking for IceConnectionNumber in ICE
[3.685s] -- Looking for IceConnectionNumber in ICE - found
[3.685s] -- Found X11: /usr/lib/x86_64-linux-gnu/libX11.so
[3.831s] -- Configuring done
[3.961s] -- Generating done
[3.975s] -- Build files have been written to: /home/agilex/autoware.ai/build/op_utilities
[3.982s] Invoked command in '/home/agilex/autoware.ai/build/op_utilities' returned '0': CMAKE_PREFIX_PATH=/home/agilex/autoware.ai/install/op_ros_helpers:/home/agilex/autoware.ai/install/op_simu:/home/agilex/autoware.ai/install/op_planner:/home/agilex/autoware.ai/install/op_utility:/home/agilex/autoware.ai/install/waypoint_follower:/home/agilex/autoware.ai/install/vector_map_server:/home/agilex/autoware.ai/install/map_file:/home/agilex/autoware.ai/install/vector_map:/home/agilex/autoware.ai/install/autoware_health_checker:/home/agilex/autoware.ai/install/amathutils_lib:/home/agilex/autoware.ai/install/vector_map_msgs:/home/agilex/autoware.ai/install/tablet_socket_msgs:/home/agilex/autoware.ai/install/autoware_system_msgs:/home/agilex/autoware.ai/install/autoware_msgs:/home/agilex/autoware.ai/install/autoware_config_msgs:/home/agilex/autoware.ai/install/autoware_build_flags:${CMAKE_PREFIX_PATH} LD_LIBRARY_PATH=/home/agilex/autoware.ai/install/op_ros_helpers/lib:/home/agilex/autoware.ai/install/op_simu/lib:/home/agilex/autoware.ai/install/op_planner/lib:/home/agilex/autoware.ai/install/op_utility/lib:/home/agilex/autoware.ai/install/waypoint_follower/lib:/home/agilex/autoware.ai/install/map_file/lib:/home/agilex/autoware.ai/install/vector_map/lib:/home/agilex/autoware.ai/install/autoware_health_checker/lib:/home/agilex/autoware.ai/install/amathutils_lib/lib:${LD_LIBRARY_PATH} PKG_CONFIG_PATH=/home/agilex/autoware.ai/install/op_ros_helpers/lib/x86_64-linux-gnu/pkgconfig:/home/agilex/autoware.ai/install/op_ros_helpers/lib/pkgconfig:/home/agilex/autoware.ai/install/op_simu/lib/x86_64-linux-gnu/pkgconfig:/home/agilex/autoware.ai/install/op_simu/lib/pkgconfig:/home/agilex/autoware.ai/install/op_planner/lib/x86_64-linux-gnu/pkgconfig:/home/agilex/autoware.ai/install/op_planner/lib/pkgconfig:/home/agilex/autoware.ai/install/op_utility/lib/x86_64-linux-gnu/pkgconfig:/home/agilex/autoware.ai/install/op_utility/lib/pkgconfig:/home/agilex/autoware.ai/install/waypoint_follower/lib/x86_64-linux-gnu/pkgconfig:/home/agilex/autoware.ai/install/waypoint_follower/lib/pkgconfig:/home/agilex/autoware.ai/install/vector_map_server/lib/x86_64-linux-gnu/pkgconfig:/home/agilex/autoware.ai/install/vector_map_server/lib/pkgconfig:/home/agilex/autoware.ai/install/map_file/lib/x86_64-linux-gnu/pkgconfig:/home/agilex/autoware.ai/install/map_file/lib/pkgconfig:/home/agilex/autoware.ai/install/vector_map/lib/x86_64-linux-gnu/pkgconfig:/home/agilex/autoware.ai/install/vector_map/lib/pkgconfig:/home/agilex/autoware.ai/install/autoware_health_checker/lib/x86_64-linux-gnu/pkgconfig:/home/agilex/autoware.ai/install/autoware_health_checker/lib/pkgconfig:/home/agilex/autoware.ai/install/amathutils_lib/lib/x86_64-linux-gnu/pkgconfig:/home/agilex/autoware.ai/install/amathutils_lib/lib/pkgconfig:/home/agilex/autoware.ai/install/vector_map_msgs/lib/x86_64-linux-gnu/pkgconfig:/home/agilex/autoware.ai/install/vector_map_msgs/lib/pkgconfig:/home/agilex/autoware.ai/install/tablet_socket_msgs/lib/x86_64-linux-gnu/pkgconfig:/home/agilex/autoware.ai/install/tablet_socket_msgs/lib/pkgconfig:/home/agilex/autoware.ai/install/autoware_system_msgs/lib/x86_64-linux-gnu/pkgconfig:/home/agilex/autoware.ai/install/autoware_system_msgs/lib/pkgconfig:/home/agilex/autoware.ai/install/autoware_msgs/lib/x86_64-linux-gnu/pkgconfig:/home/agilex/autoware.ai/install/autoware_msgs/lib/pkgconfig:/home/agilex/autoware.ai/install/autoware_config_msgs/lib/x86_64-linux-gnu/pkgconfig:/home/agilex/autoware.ai/install/autoware_config_msgs/lib/pkgconfig:/home/agilex/autoware.ai/install/autoware_build_flags/lib/x86_64-linux-gnu/pkgconfig:/home/agilex/autoware.ai/install/autoware_build_flags/lib/pkgconfig:${PKG_CONFIG_PATH} PYTHONPATH=/home/agilex/autoware.ai/install/vector_map_server/lib/python2.7/dist-packages:/home/agilex/autoware.ai/install/vector_map_msgs/lib/python2.7/dist-packages:/home/agilex/autoware.ai/install/tablet_socket_msgs/lib/python2.7/dist-packages:/home/agilex/autoware.ai/install/autoware_system_msgs/lib/python2.7/dist-packages:/home/agilex/autoware.ai/install/autoware_msgs/lib/python2.7/dist-packages:/home/agilex/autoware.ai/install/autoware_config_msgs/lib/python2.7/dist-packages:${PYTHONPATH} ROS_PACKAGE_PATH=/home/agilex/autoware.ai/install/op_ros_helpers/share:/home/agilex/autoware.ai/install/op_simu/share:/home/agilex/autoware.ai/install/op_planner/share:/home/agilex/autoware.ai/install/op_utility/share:/home/agilex/autoware.ai/install/waypoint_follower/share:/home/agilex/autoware.ai/install/vector_map_server/share:/home/agilex/autoware.ai/install/map_file/share:/home/agilex/autoware.ai/install/vector_map/share:/home/agilex/autoware.ai/install/autoware_health_checker/share:/home/agilex/autoware.ai/install/amathutils_lib/share:/home/agilex/autoware.ai/install/vector_map_msgs/share:/home/agilex/autoware.ai/install/tablet_socket_msgs/share:/home/agilex/autoware.ai/install/autoware_system_msgs/share:/home/agilex/autoware.ai/install/autoware_msgs/share:/home/agilex/autoware.ai/install/autoware_config_msgs/share:/home/agilex/autoware.ai/install/autoware_build_flags/share:${ROS_PACKAGE_PATH} /usr/bin/cmake /home/agilex/autoware.ai/src/autoware/core_planning/op_utilities -DCMAKE_BUILD_TYPE=Release -DCATKIN_INSTALL_INTO_PREFIX_ROOT=0 -DCMAKE_INSTALL_PREFIX=/home/agilex/autoware.ai/install/op_utilities
[3.986s] Invoking command in '/home/agilex/autoware.ai/build/op_utilities': CMAKE_PREFIX_PATH=/home/agilex/autoware.ai/install/op_ros_helpers:/home/agilex/autoware.ai/install/op_simu:/home/agilex/autoware.ai/install/op_planner:/home/agilex/autoware.ai/install/op_utility:/home/agilex/autoware.ai/install/waypoint_follower:/home/agilex/autoware.ai/install/vector_map_server:/home/agilex/autoware.ai/install/map_file:/home/agilex/autoware.ai/install/vector_map:/home/agilex/autoware.ai/install/autoware_health_checker:/home/agilex/autoware.ai/install/amathutils_lib:/home/agilex/autoware.ai/install/vector_map_msgs:/home/agilex/autoware.ai/install/tablet_socket_msgs:/home/agilex/autoware.ai/install/autoware_system_msgs:/home/agilex/autoware.ai/install/autoware_msgs:/home/agilex/autoware.ai/install/autoware_config_msgs:/home/agilex/autoware.ai/install/autoware_build_flags:${CMAKE_PREFIX_PATH} LD_LIBRARY_PATH=/home/agilex/autoware.ai/install/op_ros_helpers/lib:/home/agilex/autoware.ai/install/op_simu/lib:/home/agilex/autoware.ai/install/op_planner/lib:/home/agilex/autoware.ai/install/op_utility/lib:/home/agilex/autoware.ai/install/waypoint_follower/lib:/home/agilex/autoware.ai/install/map_file/lib:/home/agilex/autoware.ai/install/vector_map/lib:/home/agilex/autoware.ai/install/autoware_health_checker/lib:/home/agilex/autoware.ai/install/amathutils_lib/lib:${LD_LIBRARY_PATH} PKG_CONFIG_PATH=/home/agilex/autoware.ai/install/op_ros_helpers/lib/x86_64-linux-gnu/pkgconfig:/home/agilex/autoware.ai/install/op_ros_helpers/lib/pkgconfig:/home/agilex/autoware.ai/install/op_simu/lib/x86_64-linux-gnu/pkgconfig:/home/agilex/autoware.ai/install/op_simu/lib/pkgconfig:/home/agilex/autoware.ai/install/op_planner/lib/x86_64-linux-gnu/pkgconfig:/home/agilex/autoware.ai/install/op_planner/lib/pkgconfig:/home/agilex/autoware.ai/install/op_utility/lib/x86_64-linux-gnu/pkgconfig:/home/agilex/autoware.ai/install/op_utility/lib/pkgconfig:/home/agilex/autoware.ai/install/waypoint_follower/lib/x86_64-linux-gnu/pkgconfig:/home/agilex/autoware.ai/install/waypoint_follower/lib/pkgconfig:/home/agilex/autoware.ai/install/vector_map_server/lib/x86_64-linux-gnu/pkgconfig:/home/agilex/autoware.ai/install/vector_map_server/lib/pkgconfig:/home/agilex/autoware.ai/install/map_file/lib/x86_64-linux-gnu/pkgconfig:/home/agilex/autoware.ai/install/map_file/lib/pkgconfig:/home/agilex/autoware.ai/install/vector_map/lib/x86_64-linux-gnu/pkgconfig:/home/agilex/autoware.ai/install/vector_map/lib/pkgconfig:/home/agilex/autoware.ai/install/autoware_health_checker/lib/x86_64-linux-gnu/pkgconfig:/home/agilex/autoware.ai/install/autoware_health_checker/lib/pkgconfig:/home/agilex/autoware.ai/install/amathutils_lib/lib/x86_64-linux-gnu/pkgconfig:/home/agilex/autoware.ai/install/amathutils_lib/lib/pkgconfig:/home/agilex/autoware.ai/install/vector_map_msgs/lib/x86_64-linux-gnu/pkgconfig:/home/agilex/autoware.ai/install/vector_map_msgs/lib/pkgconfig:/home/agilex/autoware.ai/install/tablet_socket_msgs/lib/x86_64-linux-gnu/pkgconfig:/home/agilex/autoware.ai/install/tablet_socket_msgs/lib/pkgconfig:/home/agilex/autoware.ai/install/autoware_system_msgs/lib/x86_64-linux-gnu/pkgconfig:/home/agilex/autoware.ai/install/autoware_system_msgs/lib/pkgconfig:/home/agilex/autoware.ai/install/autoware_msgs/lib/x86_64-linux-gnu/pkgconfig:/home/agilex/autoware.ai/install/autoware_msgs/lib/pkgconfig:/home/agilex/autoware.ai/install/autoware_config_msgs/lib/x86_64-linux-gnu/pkgconfig:/home/agilex/autoware.ai/install/autoware_config_msgs/lib/pkgconfig:/home/agilex/autoware.ai/install/autoware_build_flags/lib/x86_64-linux-gnu/pkgconfig:/home/agilex/autoware.ai/install/autoware_build_flags/lib/pkgconfig:${PKG_CONFIG_PATH} PYTHONPATH=/home/agilex/autoware.ai/install/vector_map_server/lib/python2.7/dist-packages:/home/agilex/autoware.ai/install/vector_map_msgs/lib/python2.7/dist-packages:/home/agilex/autoware.ai/install/tablet_socket_msgs/lib/python2.7/dist-packages:/home/agilex/autoware.ai/install/autoware_system_msgs/lib/python2.7/dist-packages:/home/agilex/autoware.ai/install/autoware_msgs/lib/python2.7/dist-packages:/home/agilex/autoware.ai/install/autoware_config_msgs/lib/python2.7/dist-packages:${PYTHONPATH} ROS_PACKAGE_PATH=/home/agilex/autoware.ai/install/op_ros_helpers/share:/home/agilex/autoware.ai/install/op_simu/share:/home/agilex/autoware.ai/install/op_planner/share:/home/agilex/autoware.ai/install/op_utility/share:/home/agilex/autoware.ai/install/waypoint_follower/share:/home/agilex/autoware.ai/install/vector_map_server/share:/home/agilex/autoware.ai/install/map_file/share:/home/agilex/autoware.ai/install/vector_map/share:/home/agilex/autoware.ai/install/autoware_health_checker/share:/home/agilex/autoware.ai/install/amathutils_lib/share:/home/agilex/autoware.ai/install/vector_map_msgs/share:/home/agilex/autoware.ai/install/tablet_socket_msgs/share:/home/agilex/autoware.ai/install/autoware_system_msgs/share:/home/agilex/autoware.ai/install/autoware_msgs/share:/home/agilex/autoware.ai/install/autoware_config_msgs/share:/home/agilex/autoware.ai/install/autoware_build_flags/share:${ROS_PACKAGE_PATH} /usr/bin/cmake --build /home/agilex/autoware.ai/build/op_utilities -- -j8 -l8
[4.032s] [35m[1mScanning dependencies of target op_bag_player[0m
[4.077s] [  7%] [32mBuilding CXX object CMakeFiles/op_bag_player.dir/nodes/op_bag_player/op_bag_player.cpp.o[0m
[7.259s] [ 15%] [32mBuilding CXX object CMakeFiles/op_bag_player.dir/nodes/op_bag_player/op_bag_player_core.cpp.o[0m
[12.567s] [ 23%] [32mBuilding CXX object CMakeFiles/op_bag_player.dir/nodes/op_bag_player/DrawObjBase.cpp.o[0m
[12.681s] [ 30%] [32mBuilding CXX object CMakeFiles/op_bag_player.dir/nodes/op_bag_player/DrawingHelpers.cpp.o[0m
[14.560s] [ 38%] [32mBuilding CXX object CMakeFiles/op_bag_player.dir/nodes/op_bag_player/MainWindowWrapper.cpp.o[0m
[15.073s] [35m[1mScanning dependencies of target gazebo_msgs_generate_messages_lisp[0m
[15.082s] [ 38%] Built target gazebo_msgs_generate_messages_lisp
[15.091s] [ 46%] [32mBuilding CXX object CMakeFiles/op_bag_player.dir/nodes/op_bag_player/BagTopicPlayer.cpp.o[0m
[15.103s] [35m[1mScanning dependencies of target gazebo_msgs_generate_messages_eus[0m
[15.113s] [ 46%] Built target gazebo_msgs_generate_messages_eus
[15.123s] [35m[1mScanning dependencies of target trajectory_msgs_generate_messages_cpp[0m
[15.132s] [ 46%] Built target trajectory_msgs_generate_messages_cpp
[15.141s] [35m[1mScanning dependencies of target autoware_system_msgs_generate_messages_eus[0m
[15.156s] [ 46%] Built target autoware_system_msgs_generate_messages_eus
[15.161s] [35m[1mScanning dependencies of target trajectory_msgs_generate_messages_eus[0m
[15.172s] [35m[1mScanning dependencies of target autoware_system_msgs_generate_messages_cpp[0m
[15.192s] [ 46%] Built target trajectory_msgs_generate_messages_eus
[15.193s] [ 46%] Built target autoware_system_msgs_generate_messages_cpp
[15.202s] [35m[1mScanning dependencies of target autoware_config_msgs_generate_messages_lisp[0m
[15.208s] [35m[1mScanning dependencies of target tablet_socket_msgs_generate_messages_cpp[0m
[15.218s] [ 46%] Built target autoware_config_msgs_generate_messages_lisp
[15.226s] [ 46%] Built target tablet_socket_msgs_generate_messages_cpp
[15.237s] [35m[1mScanning dependencies of target topic_tools_generate_messages_nodejs[0m
[15.244s] [35m[1mScanning dependencies of target autoware_config_msgs_generate_messages_eus[0m
[15.255s] [ 46%] Built target autoware_config_msgs_generate_messages_eus
[15.263s] [ 46%] Built target topic_tools_generate_messages_nodejs
[15.273s] [35m[1mScanning dependencies of target topic_tools_generate_messages_eus[0m
[15.277s] [35m[1mScanning dependencies of target topic_tools_generate_messages_cpp[0m
[15.288s] [ 46%] Built target topic_tools_generate_messages_eus
[15.291s] [ 46%] Built target topic_tools_generate_messages_cpp
[15.298s] [35m[1mScanning dependencies of target std_srvs_generate_messages_py[0m
[15.302s] [35m[1mScanning dependencies of target std_srvs_generate_messages_nodejs[0m
[15.312s] [ 46%] Built target std_srvs_generate_messages_py
[15.315s] [ 46%] Built target std_srvs_generate_messages_nodejs
[15.322s] [35m[1mScanning dependencies of target std_srvs_generate_messages_lisp[0m
[15.326s] [35m[1mScanning dependencies of target trajectory_msgs_generate_messages_nodejs[0m
[15.337s] [ 46%] Built target trajectory_msgs_generate_messages_nodejs
[15.337s] [ 46%] Built target std_srvs_generate_messages_lisp
[15.347s] [35m[1mScanning dependencies of target autoware_config_msgs_generate_messages_py[0m
[15.347s] [35m[1mScanning dependencies of target bond_generate_messages_nodejs[0m
[15.358s] [ 46%] Built target autoware_config_msgs_generate_messages_py
[15.358s] [ 46%] Built target bond_generate_messages_nodejs
[15.371s] [35m[1mScanning dependencies of target bond_generate_messages_lisp[0m
[15.371s] [35m[1mScanning dependencies of target bond_generate_messages_eus[0m
[15.381s] [ 46%] Built target bond_generate_messages_eus
[15.384s] [ 46%] Built target bond_generate_messages_lisp
[15.391s] [35m[1mScanning dependencies of target trajectory_msgs_generate_messages_lisp[0m
[15.394s] [35m[1mScanning dependencies of target bond_generate_messages_cpp[0m
[15.403s] [ 46%] Built target trajectory_msgs_generate_messages_lisp
[15.405s] [ 46%] Built target bond_generate_messages_cpp
[15.413s] [35m[1mScanning dependencies of target nodelet_generate_messages_nodejs[0m
[15.416s] [35m[1mScanning dependencies of target nodelet_generate_messages_eus[0m
[15.426s] [ 46%] Built target nodelet_generate_messages_nodejs
[15.428s] [ 46%] Built target nodelet_generate_messages_eus
[15.436s] [35m[1mScanning dependencies of target nodelet_generate_messages_cpp[0m
[15.437s] [35m[1mScanning dependencies of target dynamic_reconfigure_generate_messages_py[0m
[15.447s] [ 46%] Built target nodelet_generate_messages_cpp
[15.451s] [ 46%] Built target dynamic_reconfigure_generate_messages_py
[15.457s] [35m[1mScanning dependencies of target dynamic_reconfigure_generate_messages_nodejs[0m
[15.465s] [35m[1mScanning dependencies of target gazebo_msgs_generate_messages_cpp[0m
[15.468s] [ 46%] Built target dynamic_reconfigure_generate_messages_nodejs
[15.476s] [ 46%] Built target gazebo_msgs_generate_messages_cpp
[15.480s] [35m[1mScanning dependencies of target dynamic_reconfigure_generate_messages_lisp[0m
[15.488s] [35m[1mScanning dependencies of target dynamic_reconfigure_generate_messages_eus[0m
[15.490s] [ 46%] Built target dynamic_reconfigure_generate_messages_lisp
[15.498s] [ 46%] Built target dynamic_reconfigure_generate_messages_eus
[15.500s] [35m[1mScanning dependencies of target pcl_ros_gencfg[0m
[15.508s] [35m[1mScanning dependencies of target visualization_msgs_generate_messages_py[0m
[15.511s] [ 46%] Built target pcl_ros_gencfg
[15.521s] [ 46%] Built target visualization_msgs_generate_messages_py
[15.526s] [35m[1mScanning dependencies of target tablet_socket_msgs_generate_messages_lisp[0m
[15.532s] [35m[1mScanning dependencies of target visualization_msgs_generate_messages_nodejs[0m
[15.543s] [ 46%] Built target visualization_msgs_generate_messages_nodejs
[15.543s] [ 46%] Built target tablet_socket_msgs_generate_messages_lisp
[15.554s] [35m[1mScanning dependencies of target tf2_msgs_generate_messages_nodejs[0m
[15.559s] [35m[1mScanning dependencies of target autoware_msgs_generate_messages_lisp[0m
[15.567s] [ 46%] Built target tf2_msgs_generate_messages_nodejs
[15.576s] [ 46%] Built target autoware_msgs_generate_messages_lisp
[15.587s] [35m[1mScanning dependencies of target autoware_msgs_generate_messages_eus[0m
[15.595s] [35m[1mScanning dependencies of target autoware_msgs_generate_messages_cpp[0m
[15.598s] [ 46%] Built target autoware_msgs_generate_messages_eus
[15.619s] [ 46%] Built target autoware_msgs_generate_messages_cpp
[15.623s] [35m[1mScanning dependencies of target rosgraph_msgs_generate_messages_cpp[0m
[15.632s] [35m[1mScanning dependencies of target geometry_msgs_generate_messages_py[0m
[15.638s] [ 46%] Built target rosgraph_msgs_generate_messages_cpp
[15.656s] [35m[1mScanning dependencies of target geometry_msgs_generate_messages_lisp[0m
[15.659s] [ 46%] Built target geometry_msgs_generate_messages_py
[15.670s] [ 46%] Built target geometry_msgs_generate_messages_lisp
[15.676s] [35m[1mScanning dependencies of target rosgraph_msgs_generate_messages_lisp[0m
[15.686s] [35m[1mScanning dependencies of target gazebo_msgs_generate_messages_nodejs[0m
[15.695s] [ 46%] Built target rosgraph_msgs_generate_messages_lisp
[15.700s] [ 46%] Built target gazebo_msgs_generate_messages_nodejs
[15.715s] [35m[1mScanning dependencies of target rosgraph_msgs_generate_messages_eus[0m
[15.729s] [35m[1mScanning dependencies of target geometry_msgs_generate_messages_eus[0m
[15.735s] [ 46%] Built target rosgraph_msgs_generate_messages_eus
[15.751s] [ 46%] Built target geometry_msgs_generate_messages_eus
[15.754s] [35m[1mScanning dependencies of target roscpp_generate_messages_py[0m
[15.766s] [35m[1mScanning dependencies of target std_srvs_generate_messages_eus[0m
[15.769s] [ 46%] Built target roscpp_generate_messages_py
[15.781s] [35m[1mScanning dependencies of target jsk_recognition_msgs_generate_messages_nodejs[0m
[15.788s] [ 46%] Built target std_srvs_generate_messages_eus
[15.796s] [ 46%] Built target jsk_recognition_msgs_generate_messages_nodejs
[15.810s] [35m[1mScanning dependencies of target roscpp_generate_messages_lisp[0m
[15.815s] [35m[1mScanning dependencies of target std_srvs_generate_messages_cpp[0m
[15.822s] [ 46%] Built target roscpp_generate_messages_lisp
[15.826s] [ 46%] Built target std_srvs_generate_messages_cpp
[15.836s] [35m[1mScanning dependencies of target sensor_msgs_generate_messages_lisp[0m
[15.841s] [35m[1mScanning dependencies of target autoware_system_msgs_generate_messages_lisp[0m
[15.854s] [ 46%] Built target sensor_msgs_generate_messages_lisp
[15.860s] [ 46%] Built target autoware_system_msgs_generate_messages_lisp
[15.869s] [35m[1mScanning dependencies of target vector_map_msgs_generate_messages_lisp[0m
[15.877s] [35m[1mScanning dependencies of target vector_map_msgs_generate_messages_cpp[0m
[15.888s] [ 46%] Built target vector_map_msgs_generate_messages_lisp
[15.894s] [ 46%] Built target vector_map_msgs_generate_messages_cpp
[15.898s] [35m[1mScanning dependencies of target autoware_msgs_generate_messages_nodejs[0m
[15.906s] [35m[1mScanning dependencies of target actionlib_msgs_generate_messages_eus[0m
[15.913s] [ 46%] Built target autoware_msgs_generate_messages_nodejs
[15.918s] [ 46%] Built target actionlib_msgs_generate_messages_eus
[15.925s] [35m[1mScanning dependencies of target vector_map_server_generate_messages_py[0m
[15.933s] [35m[1mScanning dependencies of target roscpp_generate_messages_eus[0m
[15.938s] [ 46%] Built target vector_map_server_generate_messages_py
[15.948s] [35m[1mScanning dependencies of target rosgraph_msgs_generate_messages_py[0m
[15.950s] [ 46%] Built target roscpp_generate_messages_eus
[15.962s] [35m[1mScanning dependencies of target autoware_config_msgs_generate_messages_cpp[0m
[15.962s] [ 46%] Built target rosgraph_msgs_generate_messages_py
[15.975s] [35m[1mScanning dependencies of target rosgraph_msgs_generate_messages_nodejs[0m
[15.977s] [ 46%] Built target autoware_config_msgs_generate_messages_cpp
[15.990s] [ 46%] Built target rosgraph_msgs_generate_messages_nodejs
[15.993s] [35m[1mScanning dependencies of target visualization_msgs_generate_messages_lisp[0m
[16.006s] [ 46%] Built target visualization_msgs_generate_messages_lisp
[16.016s] [35m[1mScanning dependencies of target std_msgs_generate_messages_eus[0m
[16.026s] [35m[1mScanning dependencies of target vector_map_msgs_generate_messages_py[0m
[16.036s] [ 46%] Built target std_msgs_generate_messages_eus
[16.040s] [ 46%] Built target vector_map_msgs_generate_messages_py
[16.051s] [35m[1mScanning dependencies of target roscpp_generate_messages_nodejs[0m
[16.053s] [35m[1mScanning dependencies of target sensor_msgs_generate_messages_cpp[0m
[16.064s] [ 46%] Built target roscpp_generate_messages_nodejs
[16.070s] [ 46%] Built target sensor_msgs_generate_messages_cpp
[16.081s] [35m[1mScanning dependencies of target std_msgs_generate_messages_lisp[0m
[16.081s] [35m[1mScanning dependencies of target std_msgs_generate_messages_nodejs[0m
[16.097s] [ 46%] Built target std_msgs_generate_messages_nodejs
[16.099s] [ 46%] Built target std_msgs_generate_messages_lisp
[16.111s] [35m[1mScanning dependencies of target vector_map_msgs_generate_messages_nodejs[0m
[16.114s] [35m[1mScanning dependencies of target bond_generate_messages_py[0m
[16.121s] [ 46%] Built target vector_map_msgs_generate_messages_nodejs
[16.139s] [35m[1mScanning dependencies of target std_msgs_generate_messages_cpp[0m
[16.144s] [ 46%] Built target bond_generate_messages_py
[16.156s] [35m[1mScanning dependencies of target tablet_socket_msgs_generate_messages_py[0m
[16.169s] [ 46%] Built target std_msgs_generate_messages_cpp
[16.173s] [35m[1mScanning dependencies of target vector_map_msgs_generate_messages_eus[0m
[16.177s] [ 46%] Built target tablet_socket_msgs_generate_messages_py
[16.187s] [35m[1mScanning dependencies of target std_msgs_generate_messages_py[0m
[16.197s] [ 46%] Built target vector_map_msgs_generate_messages_eus
[16.208s] [35m[1mScanning dependencies of target jsk_footstep_msgs_generate_messages_py[0m
[16.217s] [35m[1mScanning dependencies of target nodelet_generate_messages_lisp[0m
[16.224s] [ 46%] Built target std_msgs_generate_messages_py
[16.228s] [ 46%] Built target jsk_footstep_msgs_generate_messages_py
[16.242s] [ 46%] Built target nodelet_generate_messages_lisp
[16.245s] [35m[1mScanning dependencies of target gazebo_msgs_generate_messages_py[0m
[16.247s] [35m[1mScanning dependencies of target autoware_msgs_generate_messages_py[0m
[16.271s] [ 46%] Built target gazebo_msgs_generate_messages_py
[16.280s] [ 46%] Built target autoware_msgs_generate_messages_py
[16.281s] [35m[1mScanning dependencies of target topic_tools_generate_messages_py[0m
[16.290s] [35m[1mScanning dependencies of target nodelet_topic_tools_gencfg[0m
[16.302s] [35m[1mScanning dependencies of target actionlib_msgs_generate_messages_nodejs[0m
[16.312s] [ 46%] Built target topic_tools_generate_messages_py
[16.328s] [ 46%] Built target nodelet_topic_tools_gencfg
[16.334s] [ 46%] Built target actionlib_msgs_generate_messages_nodejs
[16.342s] [35m[1mScanning dependencies of target geometry_msgs_generate_messages_nodejs[0m
[16.357s] [ 46%] Built target geometry_msgs_generate_messages_nodejs
[16.379s] [35m[1mScanning dependencies of target autoware_system_msgs_generate_messages_py[0m
[16.383s] [35m[1mScanning dependencies of target sensor_msgs_generate_messages_nodejs[0m
[16.387s] [35m[1mScanning dependencies of target actionlib_generate_messages_cpp[0m
[16.406s] [ 46%] Built target autoware_system_msgs_generate_messages_py
[16.415s] [ 46%] Built target sensor_msgs_generate_messages_nodejs
[16.425s] [ 46%] Built target actionlib_generate_messages_cpp
[16.457s] [35m[1mScanning dependencies of target sensor_msgs_generate_messages_eus[0m
[16.459s] [35m[1mScanning dependencies of target nodelet_generate_messages_py[0m
[16.504s] [ 46%] Built target sensor_msgs_generate_messages_eus
[16.505s] [35m[1mScanning dependencies of target sensor_msgs_generate_messages_py[0m
[16.507s] [ 46%] Built target nodelet_generate_messages_py
[16.548s] [35m[1mScanning dependencies of target dynamic_reconfigure_generate_messages_cpp[0m
[16.553s] [ 46%] Built target sensor_msgs_generate_messages_py
[16.564s] [35m[1mScanning dependencies of target tablet_socket_msgs_generate_messages_nodejs[0m
[16.611s] [ 46%] Built target dynamic_reconfigure_generate_messages_cpp
[16.625s] [35m[1mScanning dependencies of target tf_generate_messages_py[0m
[16.638s] [ 46%] Built target tablet_socket_msgs_generate_messages_nodejs
[16.655s] [ 46%] Built target tf_generate_messages_py
[16.680s] [35m[1mScanning dependencies of target topic_tools_generate_messages_lisp[0m
[16.696s] [35m[1mScanning dependencies of target jsk_recognition_msgs_generate_messages_cpp[0m
[16.698s] [35m[1mScanning dependencies of target jsk_recognition_msgs_generate_messages_eus[0m
[16.728s] [ 46%] Built target jsk_recognition_msgs_generate_messages_eus
[16.747s] [ 46%] Built target jsk_recognition_msgs_generate_messages_cpp
[16.747s] [ 46%] Built target topic_tools_generate_messages_lisp
[16.796s] [35m[1mScanning dependencies of target tf2_msgs_generate_messages_cpp[0m
[16.811s] [35m[1mScanning dependencies of target jsk_recognition_msgs_generate_messages_lisp[0m
[16.815s] [35m[1mScanning dependencies of target trajectory_msgs_generate_messages_py[0m
[16.854s] [ 46%] Built target jsk_recognition_msgs_generate_messages_lisp
[16.890s] [ 46%] Built target tf2_msgs_generate_messages_cpp
[16.897s] [ 46%] Built target trajectory_msgs_generate_messages_py
[16.907s] [35m[1mScanning dependencies of target pcl_msgs_generate_messages_cpp[0m
[16.945s] [35m[1mScanning dependencies of target pcl_msgs_generate_messages_nodejs[0m
[16.955s] [ 46%] Built target pcl_msgs_generate_messages_cpp
[16.957s] [35m[1mScanning dependencies of target pcl_msgs_generate_messages_eus[0m
[16.995s] [35m[1mScanning dependencies of target jsk_footstep_msgs_generate_messages_eus[0m
[16.999s] [ 46%] Built target pcl_msgs_generate_messages_eus
[17.000s] [ 46%] Built target pcl_msgs_generate_messages_nodejs
[17.063s] [35m[1mScanning dependencies of target autoware_system_msgs_generate_messages_nodejs[0m
[17.075s] [35m[1mScanning dependencies of target actionlib_msgs_generate_messages_py[0m
[17.078s] [ 46%] Built target jsk_footstep_msgs_generate_messages_eus
[17.123s] [ 46%] Built target actionlib_msgs_generate_messages_py
[17.136s] [ 46%] Built target autoware_system_msgs_generate_messages_nodejs
[17.139s] [35m[1mScanning dependencies of target actionlib_msgs_generate_messages_lisp[0m
[17.180s] [35m[1mScanning dependencies of target visualization_msgs_generate_messages_eus[0m
[17.201s] [ 46%] Built target actionlib_msgs_generate_messages_lisp
[17.212s] [35m[1mScanning dependencies of target vector_map_server_generate_messages_cpp[0m
[17.231s] [ 46%] Built target visualization_msgs_generate_messages_eus
[17.250s] [35m[1mScanning dependencies of target roscpp_generate_messages_cpp[0m
[17.303s] [35m[1mScanning dependencies of target vector_map_server_generate_messages_eus[0m
[17.305s] [ 46%] Built target vector_map_server_generate_messages_cpp
[17.308s] [ 46%] Built target roscpp_generate_messages_cpp
[17.363s] [35m[1mScanning dependencies of target jsk_footstep_msgs_generate_messages_nodejs[0m
[17.371s] [35m[1mScanning dependencies of target jsk_footstep_msgs_generate_messages_lisp[0m
[17.379s] [ 46%] Built target vector_map_server_generate_messages_eus
[17.435s] [35m[1mScanning dependencies of target vector_map_server_generate_messages_lisp[0m
[17.444s] [ 46%] Built target jsk_footstep_msgs_generate_messages_lisp
[17.459s] [ 46%] Built target jsk_footstep_msgs_generate_messages_nodejs
[17.532s] [35m[1mScanning dependencies of target autoware_config_msgs_generate_messages_nodejs[0m
[17.541s] [ 46%] Built target vector_map_server_generate_messages_lisp
[17.551s] [35m[1mScanning dependencies of target tf_generate_messages_nodejs[0m
[17.575s] [ 46%] Built target autoware_config_msgs_generate_messages_nodejs
[17.594s] [35m[1mScanning dependencies of target vector_map_server_generate_messages_nodejs[0m
[17.621s] [ 46%] Built target tf_generate_messages_nodejs
[17.639s] [ 46%] Built target vector_map_server_generate_messages_nodejs
[17.679s] [35m[1mScanning dependencies of target jsk_footstep_msgs_generate_messages_cpp[0m
[17.722s] [35m[1mScanning dependencies of target actionlib_msgs_generate_messages_cpp[0m
[17.726s] [35m[1mScanning dependencies of target tf_generate_messages_eus[0m
[17.749s] [ 46%] Built target jsk_footstep_msgs_generate_messages_cpp
[17.778s] [ 46%] Built target actionlib_msgs_generate_messages_cpp
[17.780s] [ 46%] Built target tf_generate_messages_eus
[17.819s] [35m[1mScanning dependencies of target tf_generate_messages_lisp[0m
[17.843s] [35m[1mScanning dependencies of target pcl_msgs_generate_messages_py[0m
[17.859s] [35m[1mScanning dependencies of target actionlib_generate_messages_eus[0m
[17.879s] [ 46%] Built target tf_generate_messages_lisp
[17.906s] [ 46%] Built target pcl_msgs_generate_messages_py
[17.937s] [ 46%] Built target actionlib_generate_messages_eus
[17.972s] [35m[1mScanning dependencies of target actionlib_generate_messages_lisp[0m
[17.979s] [35m[1mScanning dependencies of target geometry_msgs_generate_messages_cpp[0m
[18.003s] [35m[1mScanning dependencies of target pcl_msgs_generate_messages_lisp[0m
[18.035s] [ 46%] Built target geometry_msgs_generate_messages_cpp
[18.069s] [ 46%] Built target actionlib_generate_messages_lisp
[18.078s] [ 46%] Built target pcl_msgs_generate_messages_lisp
[18.135s] [35m[1mScanning dependencies of target actionlib_generate_messages_nodejs[0m
[18.149s] [35m[1mScanning dependencies of target tf_generate_messages_cpp[0m
[18.176s] [35m[1mScanning dependencies of target tf2_msgs_generate_messages_py[0m
[18.199s] [ 46%] Built target tf_generate_messages_cpp
[18.231s] [ 46%] Built target actionlib_generate_messages_nodejs
[18.252s] [35m[1mScanning dependencies of target actionlib_generate_messages_py[0m
[18.257s] [ 46%] Built target tf2_msgs_generate_messages_py
[18.332s] [35m[1mScanning dependencies of target visualization_msgs_generate_messages_cpp[0m
[18.337s] [ 46%] Built target actionlib_generate_messages_py
[18.343s] [35m[1mScanning dependencies of target tablet_socket_msgs_generate_messages_eus[0m
[18.358s] [35m[1mScanning dependencies of target jsk_recognition_msgs_generate_messages_py[0m
[18.380s] [ 46%] Built target visualization_msgs_generate_messages_cpp
[18.419s] [ 46%] Built target tablet_socket_msgs_generate_messages_eus
[18.436s] [ 53%] [32m[1mLinking CXX executable devel/lib/op_utilities/op_bag_player[0m
[18.445s] [ 53%] Built target jsk_recognition_msgs_generate_messages_py
[18.453s] [35m[1mScanning dependencies of target tf2_msgs_generate_messages_eus[0m
[18.467s] [35m[1mScanning dependencies of target dynamic_reconfigure_gencfg[0m
[18.475s] [35m[1mScanning dependencies of target tf2_msgs_generate_messages_lisp[0m
[18.509s] [ 53%] Built target tf2_msgs_generate_messages_eus
[18.537s] [35m[1mScanning dependencies of target op_data_logger[0m
[18.570s] [ 53%] Built target tf2_msgs_generate_messages_lisp
[18.573s] [ 53%] Built target dynamic_reconfigure_gencfg
[18.747s] [ 61%] [32mBuilding CXX object CMakeFiles/op_data_logger.dir/nodes/op_data_logger/op_data_logger.cpp.o[0m
[18.771s] [ 69%] [32mBuilding CXX object CMakeFiles/op_data_logger.dir/nodes/op_data_logger/op_data_logger_core.cpp.o[0m
[19.300s] [ 69%] Built target op_bag_player
[23.184s] [01m[K/home/agilex/autoware.ai/src/autoware/core_planning/op_utilities/nodes/op_data_logger/op_data_logger_core.cpp:[m[K In member function '[01m[Kvoid DataLoggerNS::OpenPlannerDataLogger::CompareAndLog(DataLoggerNS::VehicleDataContainer&, PlannerHNS::DetectedObject&)[m[K':
[23.184s] [01m[K/home/agilex/autoware.ai/src/autoware/core_planning/op_utilities/nodes/op_data_logger/op_data_logger_core.cpp:293:41:[m[K [01;35m[Kwarning: [m[Kcomparison between '[01m[Kenum PlannerHNS::STATE_TYPE[m[K' and '[01m[Kenum PlannerHNS::BEH_STATE_TYPE[m[K' [[01;35m[K-Wenum-compare[m[K]
[23.184s]   if(ground_truth.beh.state == predicted.[01;35m[Kbehavior_state[m[K)
[23.184s]                                          [01;35m[K^~~~~~~~~~~~~~[m[K
[26.838s] [ 76%] [32m[1mLinking CXX executable devel/lib/op_utilities/op_data_logger[0m
[27.128s] [ 76%] Built target op_data_logger
[27.137s] [35m[1mScanning dependencies of target op_pose2tf[0m
[27.162s] [ 84%] [32mBuilding CXX object CMakeFiles/op_pose2tf.dir/nodes/op_pose2tf/op_pose2tf.cpp.o[0m
[29.861s] [ 92%] [32mBuilding CXX object CMakeFiles/op_pose2tf.dir/nodes/op_pose2tf/op_pose2tf_core.cpp.o[0m
[33.397s] [100%] [32m[1mLinking CXX executable devel/lib/op_utilities/op_pose2tf[0m
[33.667s] [100%] Built target op_pose2tf
[33.676s] Invoked command in '/home/agilex/autoware.ai/build/op_utilities' returned '0': CMAKE_PREFIX_PATH=/home/agilex/autoware.ai/install/op_ros_helpers:/home/agilex/autoware.ai/install/op_simu:/home/agilex/autoware.ai/install/op_planner:/home/agilex/autoware.ai/install/op_utility:/home/agilex/autoware.ai/install/waypoint_follower:/home/agilex/autoware.ai/install/vector_map_server:/home/agilex/autoware.ai/install/map_file:/home/agilex/autoware.ai/install/vector_map:/home/agilex/autoware.ai/install/autoware_health_checker:/home/agilex/autoware.ai/install/amathutils_lib:/home/agilex/autoware.ai/install/vector_map_msgs:/home/agilex/autoware.ai/install/tablet_socket_msgs:/home/agilex/autoware.ai/install/autoware_system_msgs:/home/agilex/autoware.ai/install/autoware_msgs:/home/agilex/autoware.ai/install/autoware_config_msgs:/home/agilex/autoware.ai/install/autoware_build_flags:${CMAKE_PREFIX_PATH} LD_LIBRARY_PATH=/home/agilex/autoware.ai/install/op_ros_helpers/lib:/home/agilex/autoware.ai/install/op_simu/lib:/home/agilex/autoware.ai/install/op_planner/lib:/home/agilex/autoware.ai/install/op_utility/lib:/home/agilex/autoware.ai/install/waypoint_follower/lib:/home/agilex/autoware.ai/install/map_file/lib:/home/agilex/autoware.ai/install/vector_map/lib:/home/agilex/autoware.ai/install/autoware_health_checker/lib:/home/agilex/autoware.ai/install/amathutils_lib/lib:${LD_LIBRARY_PATH} PKG_CONFIG_PATH=/home/agilex/autoware.ai/install/op_ros_helpers/lib/x86_64-linux-gnu/pkgconfig:/home/agilex/autoware.ai/install/op_ros_helpers/lib/pkgconfig:/home/agilex/autoware.ai/install/op_simu/lib/x86_64-linux-gnu/pkgconfig:/home/agilex/autoware.ai/install/op_simu/lib/pkgconfig:/home/agilex/autoware.ai/install/op_planner/lib/x86_64-linux-gnu/pkgconfig:/home/agilex/autoware.ai/install/op_planner/lib/pkgconfig:/home/agilex/autoware.ai/install/op_utility/lib/x86_64-linux-gnu/pkgconfig:/home/agilex/autoware.ai/install/op_utility/lib/pkgconfig:/home/agilex/autoware.ai/install/waypoint_follower/lib/x86_64-linux-gnu/pkgconfig:/home/agilex/autoware.ai/install/waypoint_follower/lib/pkgconfig:/home/agilex/autoware.ai/install/vector_map_server/lib/x86_64-linux-gnu/pkgconfig:/home/agilex/autoware.ai/install/vector_map_server/lib/pkgconfig:/home/agilex/autoware.ai/install/map_file/lib/x86_64-linux-gnu/pkgconfig:/home/agilex/autoware.ai/install/map_file/lib/pkgconfig:/home/agilex/autoware.ai/install/vector_map/lib/x86_64-linux-gnu/pkgconfig:/home/agilex/autoware.ai/install/vector_map/lib/pkgconfig:/home/agilex/autoware.ai/install/autoware_health_checker/lib/x86_64-linux-gnu/pkgconfig:/home/agilex/autoware.ai/install/autoware_health_checker/lib/pkgconfig:/home/agilex/autoware.ai/install/amathutils_lib/lib/x86_64-linux-gnu/pkgconfig:/home/agilex/autoware.ai/install/amathutils_lib/lib/pkgconfig:/home/agilex/autoware.ai/install/vector_map_msgs/lib/x86_64-linux-gnu/pkgconfig:/home/agilex/autoware.ai/install/vector_map_msgs/lib/pkgconfig:/home/agilex/autoware.ai/install/tablet_socket_msgs/lib/x86_64-linux-gnu/pkgconfig:/home/agilex/autoware.ai/install/tablet_socket_msgs/lib/pkgconfig:/home/agilex/autoware.ai/install/autoware_system_msgs/lib/x86_64-linux-gnu/pkgconfig:/home/agilex/autoware.ai/install/autoware_system_msgs/lib/pkgconfig:/home/agilex/autoware.ai/install/autoware_msgs/lib/x86_64-linux-gnu/pkgconfig:/home/agilex/autoware.ai/install/autoware_msgs/lib/pkgconfig:/home/agilex/autoware.ai/install/autoware_config_msgs/lib/x86_64-linux-gnu/pkgconfig:/home/agilex/autoware.ai/install/autoware_config_msgs/lib/pkgconfig:/home/agilex/autoware.ai/install/autoware_build_flags/lib/x86_64-linux-gnu/pkgconfig:/home/agilex/autoware.ai/install/autoware_build_flags/lib/pkgconfig:${PKG_CONFIG_PATH} PYTHONPATH=/home/agilex/autoware.ai/install/vector_map_server/lib/python2.7/dist-packages:/home/agilex/autoware.ai/install/vector_map_msgs/lib/python2.7/dist-packages:/home/agilex/autoware.ai/install/tablet_socket_msgs/lib/python2.7/dist-packages:/home/agilex/autoware.ai/install/autoware_system_msgs/lib/python2.7/dist-packages:/home/agilex/autoware.ai/install/autoware_msgs/lib/python2.7/dist-packages:/home/agilex/autoware.ai/install/autoware_config_msgs/lib/python2.7/dist-packages:${PYTHONPATH} ROS_PACKAGE_PATH=/home/agilex/autoware.ai/install/op_ros_helpers/share:/home/agilex/autoware.ai/install/op_simu/share:/home/agilex/autoware.ai/install/op_planner/share:/home/agilex/autoware.ai/install/op_utility/share:/home/agilex/autoware.ai/install/waypoint_follower/share:/home/agilex/autoware.ai/install/vector_map_server/share:/home/agilex/autoware.ai/install/map_file/share:/home/agilex/autoware.ai/install/vector_map/share:/home/agilex/autoware.ai/install/autoware_health_checker/share:/home/agilex/autoware.ai/install/amathutils_lib/share:/home/agilex/autoware.ai/install/vector_map_msgs/share:/home/agilex/autoware.ai/install/tablet_socket_msgs/share:/home/agilex/autoware.ai/install/autoware_system_msgs/share:/home/agilex/autoware.ai/install/autoware_msgs/share:/home/agilex/autoware.ai/install/autoware_config_msgs/share:/home/agilex/autoware.ai/install/autoware_build_flags/share:${ROS_PACKAGE_PATH} /usr/bin/cmake --build /home/agilex/autoware.ai/build/op_utilities -- -j8 -l8
[33.762s] Invoking command in '/home/agilex/autoware.ai/build/op_utilities': CMAKE_PREFIX_PATH=/home/agilex/autoware.ai/install/op_ros_helpers:/home/agilex/autoware.ai/install/op_simu:/home/agilex/autoware.ai/install/op_planner:/home/agilex/autoware.ai/install/op_utility:/home/agilex/autoware.ai/install/waypoint_follower:/home/agilex/autoware.ai/install/vector_map_server:/home/agilex/autoware.ai/install/map_file:/home/agilex/autoware.ai/install/vector_map:/home/agilex/autoware.ai/install/autoware_health_checker:/home/agilex/autoware.ai/install/amathutils_lib:/home/agilex/autoware.ai/install/vector_map_msgs:/home/agilex/autoware.ai/install/tablet_socket_msgs:/home/agilex/autoware.ai/install/autoware_system_msgs:/home/agilex/autoware.ai/install/autoware_msgs:/home/agilex/autoware.ai/install/autoware_config_msgs:/home/agilex/autoware.ai/install/autoware_build_flags:${CMAKE_PREFIX_PATH} LD_LIBRARY_PATH=/home/agilex/autoware.ai/install/op_ros_helpers/lib:/home/agilex/autoware.ai/install/op_simu/lib:/home/agilex/autoware.ai/install/op_planner/lib:/home/agilex/autoware.ai/install/op_utility/lib:/home/agilex/autoware.ai/install/waypoint_follower/lib:/home/agilex/autoware.ai/install/map_file/lib:/home/agilex/autoware.ai/install/vector_map/lib:/home/agilex/autoware.ai/install/autoware_health_checker/lib:/home/agilex/autoware.ai/install/amathutils_lib/lib:${LD_LIBRARY_PATH} PKG_CONFIG_PATH=/home/agilex/autoware.ai/install/op_ros_helpers/lib/x86_64-linux-gnu/pkgconfig:/home/agilex/autoware.ai/install/op_ros_helpers/lib/pkgconfig:/home/agilex/autoware.ai/install/op_simu/lib/x86_64-linux-gnu/pkgconfig:/home/agilex/autoware.ai/install/op_simu/lib/pkgconfig:/home/agilex/autoware.ai/install/op_planner/lib/x86_64-linux-gnu/pkgconfig:/home/agilex/autoware.ai/install/op_planner/lib/pkgconfig:/home/agilex/autoware.ai/install/op_utility/lib/x86_64-linux-gnu/pkgconfig:/home/agilex/autoware.ai/install/op_utility/lib/pkgconfig:/home/agilex/autoware.ai/install/waypoint_follower/lib/x86_64-linux-gnu/pkgconfig:/home/agilex/autoware.ai/install/waypoint_follower/lib/pkgconfig:/home/agilex/autoware.ai/install/vector_map_server/lib/x86_64-linux-gnu/pkgconfig:/home/agilex/autoware.ai/install/vector_map_server/lib/pkgconfig:/home/agilex/autoware.ai/install/map_file/lib/x86_64-linux-gnu/pkgconfig:/home/agilex/autoware.ai/install/map_file/lib/pkgconfig:/home/agilex/autoware.ai/install/vector_map/lib/x86_64-linux-gnu/pkgconfig:/home/agilex/autoware.ai/install/vector_map/lib/pkgconfig:/home/agilex/autoware.ai/install/autoware_health_checker/lib/x86_64-linux-gnu/pkgconfig:/home/agilex/autoware.ai/install/autoware_health_checker/lib/pkgconfig:/home/agilex/autoware.ai/install/amathutils_lib/lib/x86_64-linux-gnu/pkgconfig:/home/agilex/autoware.ai/install/amathutils_lib/lib/pkgconfig:/home/agilex/autoware.ai/install/vector_map_msgs/lib/x86_64-linux-gnu/pkgconfig:/home/agilex/autoware.ai/install/vector_map_msgs/lib/pkgconfig:/home/agilex/autoware.ai/install/tablet_socket_msgs/lib/x86_64-linux-gnu/pkgconfig:/home/agilex/autoware.ai/install/tablet_socket_msgs/lib/pkgconfig:/home/agilex/autoware.ai/install/autoware_system_msgs/lib/x86_64-linux-gnu/pkgconfig:/home/agilex/autoware.ai/install/autoware_system_msgs/lib/pkgconfig:/home/agilex/autoware.ai/install/autoware_msgs/lib/x86_64-linux-gnu/pkgconfig:/home/agilex/autoware.ai/install/autoware_msgs/lib/pkgconfig:/home/agilex/autoware.ai/install/autoware_config_msgs/lib/x86_64-linux-gnu/pkgconfig:/home/agilex/autoware.ai/install/autoware_config_msgs/lib/pkgconfig:/home/agilex/autoware.ai/install/autoware_build_flags/lib/x86_64-linux-gnu/pkgconfig:/home/agilex/autoware.ai/install/autoware_build_flags/lib/pkgconfig:${PKG_CONFIG_PATH} PYTHONPATH=/home/agilex/autoware.ai/install/vector_map_server/lib/python2.7/dist-packages:/home/agilex/autoware.ai/install/vector_map_msgs/lib/python2.7/dist-packages:/home/agilex/autoware.ai/install/tablet_socket_msgs/lib/python2.7/dist-packages:/home/agilex/autoware.ai/install/autoware_system_msgs/lib/python2.7/dist-packages:/home/agilex/autoware.ai/install/autoware_msgs/lib/python2.7/dist-packages:/home/agilex/autoware.ai/install/autoware_config_msgs/lib/python2.7/dist-packages:${PYTHONPATH} ROS_PACKAGE_PATH=/home/agilex/autoware.ai/install/op_ros_helpers/share:/home/agilex/autoware.ai/install/op_simu/share:/home/agilex/autoware.ai/install/op_planner/share:/home/agilex/autoware.ai/install/op_utility/share:/home/agilex/autoware.ai/install/waypoint_follower/share:/home/agilex/autoware.ai/install/vector_map_server/share:/home/agilex/autoware.ai/install/map_file/share:/home/agilex/autoware.ai/install/vector_map/share:/home/agilex/autoware.ai/install/autoware_health_checker/share:/home/agilex/autoware.ai/install/amathutils_lib/share:/home/agilex/autoware.ai/install/vector_map_msgs/share:/home/agilex/autoware.ai/install/tablet_socket_msgs/share:/home/agilex/autoware.ai/install/autoware_system_msgs/share:/home/agilex/autoware.ai/install/autoware_msgs/share:/home/agilex/autoware.ai/install/autoware_config_msgs/share:/home/agilex/autoware.ai/install/autoware_build_flags/share:${ROS_PACKAGE_PATH} /usr/bin/cmake --build /home/agilex/autoware.ai/build/op_utilities --target tests -- -j8 -l8
[33.812s] [35m[1mScanning dependencies of target tests[0m
[33.820s] Built target tests
[33.829s] Invoked command in '/home/agilex/autoware.ai/build/op_utilities' returned '0': CMAKE_PREFIX_PATH=/home/agilex/autoware.ai/install/op_ros_helpers:/home/agilex/autoware.ai/install/op_simu:/home/agilex/autoware.ai/install/op_planner:/home/agilex/autoware.ai/install/op_utility:/home/agilex/autoware.ai/install/waypoint_follower:/home/agilex/autoware.ai/install/vector_map_server:/home/agilex/autoware.ai/install/map_file:/home/agilex/autoware.ai/install/vector_map:/home/agilex/autoware.ai/install/autoware_health_checker:/home/agilex/autoware.ai/install/amathutils_lib:/home/agilex/autoware.ai/install/vector_map_msgs:/home/agilex/autoware.ai/install/tablet_socket_msgs:/home/agilex/autoware.ai/install/autoware_system_msgs:/home/agilex/autoware.ai/install/autoware_msgs:/home/agilex/autoware.ai/install/autoware_config_msgs:/home/agilex/autoware.ai/install/autoware_build_flags:${CMAKE_PREFIX_PATH} LD_LIBRARY_PATH=/home/agilex/autoware.ai/install/op_ros_helpers/lib:/home/agilex/autoware.ai/install/op_simu/lib:/home/agilex/autoware.ai/install/op_planner/lib:/home/agilex/autoware.ai/install/op_utility/lib:/home/agilex/autoware.ai/install/waypoint_follower/lib:/home/agilex/autoware.ai/install/map_file/lib:/home/agilex/autoware.ai/install/vector_map/lib:/home/agilex/autoware.ai/install/autoware_health_checker/lib:/home/agilex/autoware.ai/install/amathutils_lib/lib:${LD_LIBRARY_PATH} PKG_CONFIG_PATH=/home/agilex/autoware.ai/install/op_ros_helpers/lib/x86_64-linux-gnu/pkgconfig:/home/agilex/autoware.ai/install/op_ros_helpers/lib/pkgconfig:/home/agilex/autoware.ai/install/op_simu/lib/x86_64-linux-gnu/pkgconfig:/home/agilex/autoware.ai/install/op_simu/lib/pkgconfig:/home/agilex/autoware.ai/install/op_planner/lib/x86_64-linux-gnu/pkgconfig:/home/agilex/autoware.ai/install/op_planner/lib/pkgconfig:/home/agilex/autoware.ai/install/op_utility/lib/x86_64-linux-gnu/pkgconfig:/home/agilex/autoware.ai/install/op_utility/lib/pkgconfig:/home/agilex/autoware.ai/install/waypoint_follower/lib/x86_64-linux-gnu/pkgconfig:/home/agilex/autoware.ai/install/waypoint_follower/lib/pkgconfig:/home/agilex/autoware.ai/install/vector_map_server/lib/x86_64-linux-gnu/pkgconfig:/home/agilex/autoware.ai/install/vector_map_server/lib/pkgconfig:/home/agilex/autoware.ai/install/map_file/lib/x86_64-linux-gnu/pkgconfig:/home/agilex/autoware.ai/install/map_file/lib/pkgconfig:/home/agilex/autoware.ai/install/vector_map/lib/x86_64-linux-gnu/pkgconfig:/home/agilex/autoware.ai/install/vector_map/lib/pkgconfig:/home/agilex/autoware.ai/install/autoware_health_checker/lib/x86_64-linux-gnu/pkgconfig:/home/agilex/autoware.ai/install/autoware_health_checker/lib/pkgconfig:/home/agilex/autoware.ai/install/amathutils_lib/lib/x86_64-linux-gnu/pkgconfig:/home/agilex/autoware.ai/install/amathutils_lib/lib/pkgconfig:/home/agilex/autoware.ai/install/vector_map_msgs/lib/x86_64-linux-gnu/pkgconfig:/home/agilex/autoware.ai/install/vector_map_msgs/lib/pkgconfig:/home/agilex/autoware.ai/install/tablet_socket_msgs/lib/x86_64-linux-gnu/pkgconfig:/home/agilex/autoware.ai/install/tablet_socket_msgs/lib/pkgconfig:/home/agilex/autoware.ai/install/autoware_system_msgs/lib/x86_64-linux-gnu/pkgconfig:/home/agilex/autoware.ai/install/autoware_system_msgs/lib/pkgconfig:/home/agilex/autoware.ai/install/autoware_msgs/lib/x86_64-linux-gnu/pkgconfig:/home/agilex/autoware.ai/install/autoware_msgs/lib/pkgconfig:/home/agilex/autoware.ai/install/autoware_config_msgs/lib/x86_64-linux-gnu/pkgconfig:/home/agilex/autoware.ai/install/autoware_config_msgs/lib/pkgconfig:/home/agilex/autoware.ai/install/autoware_build_flags/lib/x86_64-linux-gnu/pkgconfig:/home/agilex/autoware.ai/install/autoware_build_flags/lib/pkgconfig:${PKG_CONFIG_PATH} PYTHONPATH=/home/agilex/autoware.ai/install/vector_map_server/lib/python2.7/dist-packages:/home/agilex/autoware.ai/install/vector_map_msgs/lib/python2.7/dist-packages:/home/agilex/autoware.ai/install/tablet_socket_msgs/lib/python2.7/dist-packages:/home/agilex/autoware.ai/install/autoware_system_msgs/lib/python2.7/dist-packages:/home/agilex/autoware.ai/install/autoware_msgs/lib/python2.7/dist-packages:/home/agilex/autoware.ai/install/autoware_config_msgs/lib/python2.7/dist-packages:${PYTHONPATH} ROS_PACKAGE_PATH=/home/agilex/autoware.ai/install/op_ros_helpers/share:/home/agilex/autoware.ai/install/op_simu/share:/home/agilex/autoware.ai/install/op_planner/share:/home/agilex/autoware.ai/install/op_utility/share:/home/agilex/autoware.ai/install/waypoint_follower/share:/home/agilex/autoware.ai/install/vector_map_server/share:/home/agilex/autoware.ai/install/map_file/share:/home/agilex/autoware.ai/install/vector_map/share:/home/agilex/autoware.ai/install/autoware_health_checker/share:/home/agilex/autoware.ai/install/amathutils_lib/share:/home/agilex/autoware.ai/install/vector_map_msgs/share:/home/agilex/autoware.ai/install/tablet_socket_msgs/share:/home/agilex/autoware.ai/install/autoware_system_msgs/share:/home/agilex/autoware.ai/install/autoware_msgs/share:/home/agilex/autoware.ai/install/autoware_config_msgs/share:/home/agilex/autoware.ai/install/autoware_build_flags/share:${ROS_PACKAGE_PATH} /usr/bin/cmake --build /home/agilex/autoware.ai/build/op_utilities --target tests -- -j8 -l8
[33.916s] Invoking command in '/home/agilex/autoware.ai/build/op_utilities': CMAKE_PREFIX_PATH=/home/agilex/autoware.ai/install/op_ros_helpers:/home/agilex/autoware.ai/install/op_simu:/home/agilex/autoware.ai/install/op_planner:/home/agilex/autoware.ai/install/op_utility:/home/agilex/autoware.ai/install/waypoint_follower:/home/agilex/autoware.ai/install/vector_map_server:/home/agilex/autoware.ai/install/map_file:/home/agilex/autoware.ai/install/vector_map:/home/agilex/autoware.ai/install/autoware_health_checker:/home/agilex/autoware.ai/install/amathutils_lib:/home/agilex/autoware.ai/install/vector_map_msgs:/home/agilex/autoware.ai/install/tablet_socket_msgs:/home/agilex/autoware.ai/install/autoware_system_msgs:/home/agilex/autoware.ai/install/autoware_msgs:/home/agilex/autoware.ai/install/autoware_config_msgs:/home/agilex/autoware.ai/install/autoware_build_flags:${CMAKE_PREFIX_PATH} LD_LIBRARY_PATH=/home/agilex/autoware.ai/install/op_ros_helpers/lib:/home/agilex/autoware.ai/install/op_simu/lib:/home/agilex/autoware.ai/install/op_planner/lib:/home/agilex/autoware.ai/install/op_utility/lib:/home/agilex/autoware.ai/install/waypoint_follower/lib:/home/agilex/autoware.ai/install/map_file/lib:/home/agilex/autoware.ai/install/vector_map/lib:/home/agilex/autoware.ai/install/autoware_health_checker/lib:/home/agilex/autoware.ai/install/amathutils_lib/lib:${LD_LIBRARY_PATH} PKG_CONFIG_PATH=/home/agilex/autoware.ai/install/op_ros_helpers/lib/x86_64-linux-gnu/pkgconfig:/home/agilex/autoware.ai/install/op_ros_helpers/lib/pkgconfig:/home/agilex/autoware.ai/install/op_simu/lib/x86_64-linux-gnu/pkgconfig:/home/agilex/autoware.ai/install/op_simu/lib/pkgconfig:/home/agilex/autoware.ai/install/op_planner/lib/x86_64-linux-gnu/pkgconfig:/home/agilex/autoware.ai/install/op_planner/lib/pkgconfig:/home/agilex/autoware.ai/install/op_utility/lib/x86_64-linux-gnu/pkgconfig:/home/agilex/autoware.ai/install/op_utility/lib/pkgconfig:/home/agilex/autoware.ai/install/waypoint_follower/lib/x86_64-linux-gnu/pkgconfig:/home/agilex/autoware.ai/install/waypoint_follower/lib/pkgconfig:/home/agilex/autoware.ai/install/vector_map_server/lib/x86_64-linux-gnu/pkgconfig:/home/agilex/autoware.ai/install/vector_map_server/lib/pkgconfig:/home/agilex/autoware.ai/install/map_file/lib/x86_64-linux-gnu/pkgconfig:/home/agilex/autoware.ai/install/map_file/lib/pkgconfig:/home/agilex/autoware.ai/install/vector_map/lib/x86_64-linux-gnu/pkgconfig:/home/agilex/autoware.ai/install/vector_map/lib/pkgconfig:/home/agilex/autoware.ai/install/autoware_health_checker/lib/x86_64-linux-gnu/pkgconfig:/home/agilex/autoware.ai/install/autoware_health_checker/lib/pkgconfig:/home/agilex/autoware.ai/install/amathutils_lib/lib/x86_64-linux-gnu/pkgconfig:/home/agilex/autoware.ai/install/amathutils_lib/lib/pkgconfig:/home/agilex/autoware.ai/install/vector_map_msgs/lib/x86_64-linux-gnu/pkgconfig:/home/agilex/autoware.ai/install/vector_map_msgs/lib/pkgconfig:/home/agilex/autoware.ai/install/tablet_socket_msgs/lib/x86_64-linux-gnu/pkgconfig:/home/agilex/autoware.ai/install/tablet_socket_msgs/lib/pkgconfig:/home/agilex/autoware.ai/install/autoware_system_msgs/lib/x86_64-linux-gnu/pkgconfig:/home/agilex/autoware.ai/install/autoware_system_msgs/lib/pkgconfig:/home/agilex/autoware.ai/install/autoware_msgs/lib/x86_64-linux-gnu/pkgconfig:/home/agilex/autoware.ai/install/autoware_msgs/lib/pkgconfig:/home/agilex/autoware.ai/install/autoware_config_msgs/lib/x86_64-linux-gnu/pkgconfig:/home/agilex/autoware.ai/install/autoware_config_msgs/lib/pkgconfig:/home/agilex/autoware.ai/install/autoware_build_flags/lib/x86_64-linux-gnu/pkgconfig:/home/agilex/autoware.ai/install/autoware_build_flags/lib/pkgconfig:${PKG_CONFIG_PATH} PYTHONPATH=/home/agilex/autoware.ai/install/vector_map_server/lib/python2.7/dist-packages:/home/agilex/autoware.ai/install/vector_map_msgs/lib/python2.7/dist-packages:/home/agilex/autoware.ai/install/tablet_socket_msgs/lib/python2.7/dist-packages:/home/agilex/autoware.ai/install/autoware_system_msgs/lib/python2.7/dist-packages:/home/agilex/autoware.ai/install/autoware_msgs/lib/python2.7/dist-packages:/home/agilex/autoware.ai/install/autoware_config_msgs/lib/python2.7/dist-packages:${PYTHONPATH} ROS_PACKAGE_PATH=/home/agilex/autoware.ai/install/op_ros_helpers/share:/home/agilex/autoware.ai/install/op_simu/share:/home/agilex/autoware.ai/install/op_planner/share:/home/agilex/autoware.ai/install/op_utility/share:/home/agilex/autoware.ai/install/waypoint_follower/share:/home/agilex/autoware.ai/install/vector_map_server/share:/home/agilex/autoware.ai/install/map_file/share:/home/agilex/autoware.ai/install/vector_map/share:/home/agilex/autoware.ai/install/autoware_health_checker/share:/home/agilex/autoware.ai/install/amathutils_lib/share:/home/agilex/autoware.ai/install/vector_map_msgs/share:/home/agilex/autoware.ai/install/tablet_socket_msgs/share:/home/agilex/autoware.ai/install/autoware_system_msgs/share:/home/agilex/autoware.ai/install/autoware_msgs/share:/home/agilex/autoware.ai/install/autoware_config_msgs/share:/home/agilex/autoware.ai/install/autoware_build_flags/share:${ROS_PACKAGE_PATH} /usr/bin/cmake --build /home/agilex/autoware.ai/build/op_utilities --target install -- -j8 -l8
[33.961s] [  0%] Built target tf2_msgs_generate_messages_lisp
[33.971s] [ 53%] Built target op_bag_player
[33.974s] [ 76%] Built target op_data_logger
[33.978s] [ 76%] Built target gazebo_msgs_generate_messages_lisp
[33.986s] [ 76%] Built target autoware_system_msgs_generate_messages_eus
[33.990s] [ 76%] Built target autoware_system_msgs_generate_messages_cpp
[33.994s] [ 76%] Built target tablet_socket_msgs_generate_messages_cpp
[34.004s] [ 76%] Built target autoware_config_msgs_generate_messages_lisp
[34.005s] [ 76%] Built target autoware_config_msgs_generate_messages_eus
[34.011s] [ 76%] Built target topic_tools_generate_messages_nodejs
[34.021s] [ 76%] Built target topic_tools_generate_messages_eus
[34.021s] [ 76%] Built target topic_tools_generate_messages_cpp
[34.028s] [ 76%] Built target std_srvs_generate_messages_py
[34.037s] [ 76%] Built target std_srvs_generate_messages_nodejs
[34.037s] [ 76%] Built target gazebo_msgs_generate_messages_eus
[34.044s] [ 76%] Built target trajectory_msgs_generate_messages_nodejs
[34.054s] [ 76%] Built target autoware_config_msgs_generate_messages_py
[34.057s] [ 76%] Built target bond_generate_messages_nodejs
[34.065s] [ 76%] Built target bond_generate_messages_lisp
[34.070s] [ 76%] Built target bond_generate_messages_eus
[34.073s] [ 76%] Built target trajectory_msgs_generate_messages_lisp
[34.081s] [ 76%] Built target bond_generate_messages_cpp
[34.087s] [ 76%] Built target nodelet_generate_messages_nodejs
[34.089s] [ 76%] Built target nodelet_generate_messages_eus
[34.098s] [ 76%] Built target nodelet_generate_messages_cpp
[34.103s] [ 76%] Built target dynamic_reconfigure_generate_messages_py
[34.106s] [ 76%] Built target dynamic_reconfigure_generate_messages_nodejs
[34.114s] [ 76%] Built target gazebo_msgs_generate_messages_cpp
[34.121s] [ 76%] Built target dynamic_reconfigure_generate_messages_lisp
[34.123s] [ 76%] Built target dynamic_reconfigure_generate_messages_eus
[34.133s] [ 76%] Built target pcl_ros_gencfg
[34.138s] [ 76%] Built target visualization_msgs_generate_messages_py
[34.141s] [ 76%] Built target tablet_socket_msgs_generate_messages_lisp
[34.150s] [ 76%] Built target visualization_msgs_generate_messages_nodejs
[34.155s] [ 76%] Built target tf2_msgs_generate_messages_nodejs
[34.158s] [ 76%] Built target autoware_msgs_generate_messages_lisp
[34.166s] [ 76%] Built target autoware_msgs_generate_messages_eus
[34.173s] [ 76%] Built target autoware_msgs_generate_messages_cpp
[34.176s] [ 76%] Built target rosgraph_msgs_generate_messages_cpp
[34.185s] [ 76%] Built target geometry_msgs_generate_messages_py
[34.191s] [ 76%] Built target geometry_msgs_generate_messages_lisp
[34.198s] [ 76%] Built target rosgraph_msgs_generate_messages_lisp
[34.202s] [ 76%] Built target gazebo_msgs_generate_messages_nodejs
[34.207s] [ 76%] Built target rosgraph_msgs_generate_messages_eus
[34.216s] [ 76%] Built target geometry_msgs_generate_messages_eus
[34.220s] [ 76%] Built target roscpp_generate_messages_py
[34.224s] [ 76%] Built target std_srvs_generate_messages_eus
[34.233s] [ 76%] Built target jsk_recognition_msgs_generate_messages_nodejs
[34.237s] [ 76%] Built target roscpp_generate_messages_lisp
[34.241s] [ 76%] Built target std_srvs_generate_messages_cpp
[34.253s] [ 76%] Built target sensor_msgs_generate_messages_lisp
[34.254s] [ 76%] Built target autoware_system_msgs_generate_messages_lisp
[34.259s] [ 76%] Built target vector_map_msgs_generate_messages_lisp
[34.274s] [ 76%] Built target vector_map_msgs_generate_messages_eus
[34.274s] [ 76%] Built target vector_map_msgs_generate_messages_cpp
[34.275s] [ 76%] Built target autoware_msgs_generate_messages_nodejs
[34.291s] [ 76%] Built target actionlib_msgs_generate_messages_eus
[34.291s] [ 76%] Built target roscpp_generate_messages_eus
[34.308s] [ 76%] Built target rosgraph_msgs_generate_messages_py
[34.308s] [ 76%] Built target autoware_config_msgs_generate_messages_cpp
[34.324s] [ 76%] Built target rosgraph_msgs_generate_messages_nodejs
[34.340s] [ 76%] Built target std_msgs_generate_messages_eus
[34.356s] [ 76%] Built target vector_map_msgs_generate_messages_py
[34.372s] [ 76%] Built target sensor_msgs_generate_messages_cpp
[34.388s] [ 76%] Built target roscpp_generate_messages_nodejs
[34.405s] [ 76%] Built target std_msgs_generate_messages_lisp
[34.421s] [ 76%] Built target std_msgs_generate_messages_nodejs
[34.437s] [ 76%] Built target bond_generate_messages_py
[34.453s] [ 76%] Built target vector_map_msgs_generate_messages_nodejs
[34.469s] [ 76%] Built target std_msgs_generate_messages_cpp
[34.485s] [ 76%] Built target tablet_socket_msgs_generate_messages_py
[34.501s] [ 76%] Built target jsk_footstep_msgs_generate_messages_py
[34.517s] [ 76%] Built target std_msgs_generate_messages_py
[34.533s] [ 76%] Built target nodelet_generate_messages_lisp
[34.549s] [ 76%] Built target autoware_msgs_generate_messages_py
[34.566s] [ 76%] Built target gazebo_msgs_generate_messages_py
[34.582s] [ 76%] Built target topic_tools_generate_messages_py
[34.598s] [ 76%] Built target nodelet_topic_tools_gencfg
[34.614s] [ 76%] Built target actionlib_msgs_generate_messages_nodejs
[34.630s] [ 76%] Built target geometry_msgs_generate_messages_nodejs
[34.646s] [ 76%] Built target autoware_system_msgs_generate_messages_py
[34.663s] [ 76%] Built target sensor_msgs_generate_messages_nodejs
[34.679s] [ 76%] Built target actionlib_generate_messages_cpp
[34.695s] [ 76%] Built target sensor_msgs_generate_messages_eus
[34.711s] [ 76%] Built target nodelet_generate_messages_py
[34.727s] [ 76%] Built target sensor_msgs_generate_messages_py
[34.743s] [ 76%] Built target tablet_socket_msgs_generate_messages_nodejs
[34.759s] [ 76%] Built target dynamic_reconfigure_generate_messages_cpp
[34.776s] [ 76%] Built target tf_generate_messages_py
[34.792s] [ 76%] Built target topic_tools_generate_messages_lisp
[34.808s] [ 76%] Built target jsk_recognition_msgs_generate_messages_cpp
[34.824s] [ 76%] Built target jsk_recognition_msgs_generate_messages_eus
[34.841s] [ 76%] Built target tf2_msgs_generate_messages_cpp
[34.856s] [ 76%] Built target jsk_recognition_msgs_generate_messages_lisp
[34.873s] [ 76%] Built target jsk_recognition_msgs_generate_messages_py
[34.889s] [ 76%] Built target pcl_msgs_generate_messages_cpp
[34.905s] [ 76%] Built target pcl_msgs_generate_messages_eus
[34.921s] [ 76%] Built target pcl_msgs_generate_messages_nodejs
[34.937s] [ 76%] Built target jsk_footstep_msgs_generate_messages_eus
[34.953s] [ 76%] Built target actionlib_msgs_generate_messages_py
[34.970s] [ 76%] Built target autoware_system_msgs_generate_messages_nodejs
[34.986s] [ 76%] Built target actionlib_msgs_generate_messages_lisp
[35.002s] [ 76%] Built target visualization_msgs_generate_messages_eus
[35.010s] [ 76%] Built target visualization_msgs_generate_messages_lisp
[35.010s] [ 76%] Built target vector_map_server_generate_messages_cpp
[35.018s] [ 76%] Built target vector_map_server_generate_messages_py
[35.026s] [ 76%] Built target roscpp_generate_messages_cpp
[35.030s] [ 76%] Built target std_srvs_generate_messages_lisp
[35.034s] [ 76%] Built target jsk_footstep_msgs_generate_messages_lisp
[35.044s] [ 76%] Built target jsk_footstep_msgs_generate_messages_nodejs
[35.045s] [ 76%] Built target vector_map_server_generate_messages_lisp
[35.054s] [ 76%] Built target autoware_config_msgs_generate_messages_nodejs
[35.060s] [ 76%] Built target tf_generate_messages_nodejs
[35.064s] [ 76%] Built target vector_map_server_generate_messages_nodejs
[35.071s] [ 76%] Built target jsk_footstep_msgs_generate_messages_cpp
[35.077s] [ 76%] Built target actionlib_msgs_generate_messages_cpp
[35.080s] [ 76%] Built target tf_generate_messages_eus
[35.087s] [ 76%] Built target tf_generate_messages_lisp
[35.094s] [ 76%] Built target pcl_msgs_generate_messages_py
[35.100s] [ 76%] Built target actionlib_generate_messages_eus
[35.103s] [ 76%] Built target geometry_msgs_generate_messages_cpp
[35.110s] [ 76%] Built target actionlib_generate_messages_lisp
[35.116s] [ 76%] Built target pcl_msgs_generate_messages_lisp
[35.119s] [ 76%] Built target tf_generate_messages_cpp
[35.126s] [ 76%] Built target actionlib_generate_messages_nodejs
[35.133s] [ 76%] Built target tf2_msgs_generate_messages_py
[35.138s] [ 76%] Built target actionlib_generate_messages_py
[35.144s] [ 76%] Built target vector_map_server_generate_messages_eus
[35.145s] [ 76%] Built target tablet_socket_msgs_generate_messages_eus
[35.146s] [ 76%] Built target trajectory_msgs_generate_messages_cpp
[35.155s] [ 76%] Built target visualization_msgs_generate_messages_cpp
[35.157s] [ 76%] Built target tf2_msgs_generate_messages_eus
[35.163s] [ 76%] Built target dynamic_reconfigure_gencfg
[35.164s] [ 76%] Built target trajectory_msgs_generate_messages_eus
[35.168s] [ 76%] Built target trajectory_msgs_generate_messages_py
[35.192s] [100%] Built target op_pose2tf
[35.211s] [36mInstall the project...[0m
[35.218s] -- Install configuration: "Release"
[35.219s] -- Installing: /home/agilex/autoware.ai/install/op_utilities/lib/pkgconfig/op_utilities.pc
[35.219s] -- Installing: /home/agilex/autoware.ai/install/op_utilities/share/op_utilities/cmake/op_utilitiesConfig.cmake
[35.219s] -- Installing: /home/agilex/autoware.ai/install/op_utilities/share/op_utilities/cmake/op_utilitiesConfig-version.cmake
[35.219s] -- Installing: /home/agilex/autoware.ai/install/op_utilities/share/op_utilities/package.xml
[35.219s] -- Installing: /home/agilex/autoware.ai/install/op_utilities/lib/op_utilities/op_pose2tf
[35.219s] -- Set runtime path of "/home/agilex/autoware.ai/install/op_utilities/lib/op_utilities/op_pose2tf" to ""
[35.219s] -- Installing: /home/agilex/autoware.ai/install/op_utilities/lib/op_utilities/op_data_logger
[35.220s] -- Set runtime path of "/home/agilex/autoware.ai/install/op_utilities/lib/op_utilities/op_data_logger" to ""
[35.220s] -- Installing: /home/agilex/autoware.ai/install/op_utilities/lib/op_utilities/op_bag_player
[35.220s] -- Set runtime path of "/home/agilex/autoware.ai/install/op_utilities/lib/op_utilities/op_bag_player" to ""
[35.220s] -- Installing: /home/agilex/autoware.ai/install/op_utilities/share/op_utilities/launch
[35.220s] -- Installing: /home/agilex/autoware.ai/install/op_utilities/share/op_utilities/launch/op_data_logger.launch
[35.221s] -- Installing: /home/agilex/autoware.ai/install/op_utilities/share/op_utilities/launch/op_bag_player.launch
[35.221s] -- Installing: /home/agilex/autoware.ai/install/op_utilities/share/op_utilities/launch/op_map_converter.launch
[35.221s] -- Installing: /home/agilex/autoware.ai/install/op_utilities/share/op_utilities/launch/op_pose2tf.launch
[35.225s] Invoked command in '/home/agilex/autoware.ai/build/op_utilities' returned '0': CMAKE_PREFIX_PATH=/home/agilex/autoware.ai/install/op_ros_helpers:/home/agilex/autoware.ai/install/op_simu:/home/agilex/autoware.ai/install/op_planner:/home/agilex/autoware.ai/install/op_utility:/home/agilex/autoware.ai/install/waypoint_follower:/home/agilex/autoware.ai/install/vector_map_server:/home/agilex/autoware.ai/install/map_file:/home/agilex/autoware.ai/install/vector_map:/home/agilex/autoware.ai/install/autoware_health_checker:/home/agilex/autoware.ai/install/amathutils_lib:/home/agilex/autoware.ai/install/vector_map_msgs:/home/agilex/autoware.ai/install/tablet_socket_msgs:/home/agilex/autoware.ai/install/autoware_system_msgs:/home/agilex/autoware.ai/install/autoware_msgs:/home/agilex/autoware.ai/install/autoware_config_msgs:/home/agilex/autoware.ai/install/autoware_build_flags:${CMAKE_PREFIX_PATH} LD_LIBRARY_PATH=/home/agilex/autoware.ai/install/op_ros_helpers/lib:/home/agilex/autoware.ai/install/op_simu/lib:/home/agilex/autoware.ai/install/op_planner/lib:/home/agilex/autoware.ai/install/op_utility/lib:/home/agilex/autoware.ai/install/waypoint_follower/lib:/home/agilex/autoware.ai/install/map_file/lib:/home/agilex/autoware.ai/install/vector_map/lib:/home/agilex/autoware.ai/install/autoware_health_checker/lib:/home/agilex/autoware.ai/install/amathutils_lib/lib:${LD_LIBRARY_PATH} PKG_CONFIG_PATH=/home/agilex/autoware.ai/install/op_ros_helpers/lib/x86_64-linux-gnu/pkgconfig:/home/agilex/autoware.ai/install/op_ros_helpers/lib/pkgconfig:/home/agilex/autoware.ai/install/op_simu/lib/x86_64-linux-gnu/pkgconfig:/home/agilex/autoware.ai/install/op_simu/lib/pkgconfig:/home/agilex/autoware.ai/install/op_planner/lib/x86_64-linux-gnu/pkgconfig:/home/agilex/autoware.ai/install/op_planner/lib/pkgconfig:/home/agilex/autoware.ai/install/op_utility/lib/x86_64-linux-gnu/pkgconfig:/home/agilex/autoware.ai/install/op_utility/lib/pkgconfig:/home/agilex/autoware.ai/install/waypoint_follower/lib/x86_64-linux-gnu/pkgconfig:/home/agilex/autoware.ai/install/waypoint_follower/lib/pkgconfig:/home/agilex/autoware.ai/install/vector_map_server/lib/x86_64-linux-gnu/pkgconfig:/home/agilex/autoware.ai/install/vector_map_server/lib/pkgconfig:/home/agilex/autoware.ai/install/map_file/lib/x86_64-linux-gnu/pkgconfig:/home/agilex/autoware.ai/install/map_file/lib/pkgconfig:/home/agilex/autoware.ai/install/vector_map/lib/x86_64-linux-gnu/pkgconfig:/home/agilex/autoware.ai/install/vector_map/lib/pkgconfig:/home/agilex/autoware.ai/install/autoware_health_checker/lib/x86_64-linux-gnu/pkgconfig:/home/agilex/autoware.ai/install/autoware_health_checker/lib/pkgconfig:/home/agilex/autoware.ai/install/amathutils_lib/lib/x86_64-linux-gnu/pkgconfig:/home/agilex/autoware.ai/install/amathutils_lib/lib/pkgconfig:/home/agilex/autoware.ai/install/vector_map_msgs/lib/x86_64-linux-gnu/pkgconfig:/home/agilex/autoware.ai/install/vector_map_msgs/lib/pkgconfig:/home/agilex/autoware.ai/install/tablet_socket_msgs/lib/x86_64-linux-gnu/pkgconfig:/home/agilex/autoware.ai/install/tablet_socket_msgs/lib/pkgconfig:/home/agilex/autoware.ai/install/autoware_system_msgs/lib/x86_64-linux-gnu/pkgconfig:/home/agilex/autoware.ai/install/autoware_system_msgs/lib/pkgconfig:/home/agilex/autoware.ai/install/autoware_msgs/lib/x86_64-linux-gnu/pkgconfig:/home/agilex/autoware.ai/install/autoware_msgs/lib/pkgconfig:/home/agilex/autoware.ai/install/autoware_config_msgs/lib/x86_64-linux-gnu/pkgconfig:/home/agilex/autoware.ai/install/autoware_config_msgs/lib/pkgconfig:/home/agilex/autoware.ai/install/autoware_build_flags/lib/x86_64-linux-gnu/pkgconfig:/home/agilex/autoware.ai/install/autoware_build_flags/lib/pkgconfig:${PKG_CONFIG_PATH} PYTHONPATH=/home/agilex/autoware.ai/install/vector_map_server/lib/python2.7/dist-packages:/home/agilex/autoware.ai/install/vector_map_msgs/lib/python2.7/dist-packages:/home/agilex/autoware.ai/install/tablet_socket_msgs/lib/python2.7/dist-packages:/home/agilex/autoware.ai/install/autoware_system_msgs/lib/python2.7/dist-packages:/home/agilex/autoware.ai/install/autoware_msgs/lib/python2.7/dist-packages:/home/agilex/autoware.ai/install/autoware_config_msgs/lib/python2.7/dist-packages:${PYTHONPATH} ROS_PACKAGE_PATH=/home/agilex/autoware.ai/install/op_ros_helpers/share:/home/agilex/autoware.ai/install/op_simu/share:/home/agilex/autoware.ai/install/op_planner/share:/home/agilex/autoware.ai/install/op_utility/share:/home/agilex/autoware.ai/install/waypoint_follower/share:/home/agilex/autoware.ai/install/vector_map_server/share:/home/agilex/autoware.ai/install/map_file/share:/home/agilex/autoware.ai/install/vector_map/share:/home/agilex/autoware.ai/install/autoware_health_checker/share:/home/agilex/autoware.ai/install/amathutils_lib/share:/home/agilex/autoware.ai/install/vector_map_msgs/share:/home/agilex/autoware.ai/install/tablet_socket_msgs/share:/home/agilex/autoware.ai/install/autoware_system_msgs/share:/home/agilex/autoware.ai/install/autoware_msgs/share:/home/agilex/autoware.ai/install/autoware_config_msgs/share:/home/agilex/autoware.ai/install/autoware_build_flags/share:${ROS_PACKAGE_PATH} /usr/bin/cmake --build /home/agilex/autoware.ai/build/op_utilities --target install -- -j8 -l8
