Determining if the pthread_create exist failed with the following output:
Change Dir: /home/agilex/autoware.ai/build/vision_segment_enet_detect/CMakeFiles/CMakeTmp

Run Build Command:"/usr/bin/make" "cmTC_db31d/fast"
/usr/bin/make -f CMakeFiles/cmTC_db31d.dir/build.make CMakeFiles/cmTC_db31d.dir/build
make[1]: Entering directory '/home/agilex/autoware.ai/build/vision_segment_enet_detect/CMakeFiles/CMakeTmp'
Building C object CMakeFiles/cmTC_db31d.dir/CheckSymbolExists.c.o
/usr/bin/cc    -o CMakeFiles/cmTC_db31d.dir/CheckSymbolExists.c.o   -c /home/agilex/autoware.ai/build/vision_segment_enet_detect/CMakeFiles/CMakeTmp/CheckSymbolExists.c
Linking C executable cmTC_db31d
/usr/bin/cmake -E cmake_link_script CMakeFiles/cmTC_db31d.dir/link.txt --verbose=1
/usr/bin/cc      -rdynamic CMakeFiles/cmTC_db31d.dir/CheckSymbolExists.c.o  -o cmTC_db31d 
CMakeFiles/cmTC_db31d.dir/CheckSymbolExists.c.o: In function `main':
CheckSymbolExists.c:(.text+0x1b): undefined reference to `pthread_create'
collect2: error: ld returned 1 exit status
CMakeFiles/cmTC_db31d.dir/build.make:97: recipe for target 'cmTC_db31d' failed
make[1]: *** [cmTC_db31d] Error 1
make[1]: Leaving directory '/home/agilex/autoware.ai/build/vision_segment_enet_detect/CMakeFiles/CMakeTmp'
Makefile:126: recipe for target 'cmTC_db31d/fast' failed
make: *** [cmTC_db31d/fast] Error 2

File /home/agilex/autoware.ai/build/vision_segment_enet_detect/CMakeFiles/CMakeTmp/CheckSymbolExists.c:
/* */
#include <pthread.h>

int main(int argc, char** argv)
{
  (void)argv;
#ifndef pthread_create
  return ((int*)(&pthread_create))[argc];
#else
  (void)argc;
  return 0;
#endif
}

Determining if the function pthread_create exists in the pthreads failed with the following output:
Change Dir: /home/agilex/autoware.ai/build/vision_segment_enet_detect/CMakeFiles/CMakeTmp

Run Build Command:"/usr/bin/make" "cmTC_1a35d/fast"
/usr/bin/make -f CMakeFiles/cmTC_1a35d.dir/build.make CMakeFiles/cmTC_1a35d.dir/build
make[1]: Entering directory '/home/agilex/autoware.ai/build/vision_segment_enet_detect/CMakeFiles/CMakeTmp'
Building C object CMakeFiles/cmTC_1a35d.dir/CheckFunctionExists.c.o
/usr/bin/cc   -DCHECK_FUNCTION_EXISTS=pthread_create   -o CMakeFiles/cmTC_1a35d.dir/CheckFunctionExists.c.o   -c /usr/share/cmake-3.10/Modules/CheckFunctionExists.c
Linking C executable cmTC_1a35d
/usr/bin/cmake -E cmake_link_script CMakeFiles/cmTC_1a35d.dir/link.txt --verbose=1
/usr/bin/cc  -DCHECK_FUNCTION_EXISTS=pthread_create    -rdynamic CMakeFiles/cmTC_1a35d.dir/CheckFunctionExists.c.o  -o cmTC_1a35d -lpthreads 
/usr/bin/ld: cannot find -lpthreads
collect2: error: ld returned 1 exit status
CMakeFiles/cmTC_1a35d.dir/build.make:97: recipe for target 'cmTC_1a35d' failed
make[1]: *** [cmTC_1a35d] Error 1
make[1]: Leaving directory '/home/agilex/autoware.ai/build/vision_segment_enet_detect/CMakeFiles/CMakeTmp'
Makefile:126: recipe for target 'cmTC_1a35d/fast' failed
make: *** [cmTC_1a35d/fast] Error 2


