[0.084s] Invoking command in '/home/agilex/autoware.ai/build/waypoint_planner': CMAKE_PREFIX_PATH=/home/agilex/autoware.ai/install/waypoint_follower:/home/agilex/autoware.ai/install/vector_map:/home/agilex/autoware.ai/install/autoware_health_checker:/home/agilex/autoware.ai/install/astar_search:/home/agilex/autoware.ai/install/amathutils_lib:/home/agilex/autoware.ai/install/vector_map_msgs:/home/agilex/autoware.ai/install/tablet_socket_msgs:/home/agilex/autoware.ai/install/autoware_system_msgs:/home/agilex/autoware.ai/install/autoware_msgs:/home/agilex/autoware.ai/install/autoware_config_msgs:/home/agilex/autoware.ai/install/autoware_build_flags:${CMAKE_PREFIX_PATH} LD_LIBRARY_PATH=/home/agilex/autoware.ai/install/waypoint_follower/lib:/home/agilex/autoware.ai/install/vector_map/lib:/home/agilex/autoware.ai/install/autoware_health_checker/lib:/home/agilex/autoware.ai/install/astar_search/lib:/home/agilex/autoware.ai/install/amathutils_lib/lib:${LD_LIBRARY_PATH} PKG_CONFIG_PATH=/home/agilex/autoware.ai/install/waypoint_follower/lib/x86_64-linux-gnu/pkgconfig:/home/agilex/autoware.ai/install/waypoint_follower/lib/pkgconfig:/home/agilex/autoware.ai/install/vector_map/lib/x86_64-linux-gnu/pkgconfig:/home/agilex/autoware.ai/install/vector_map/lib/pkgconfig:/home/agilex/autoware.ai/install/autoware_health_checker/lib/x86_64-linux-gnu/pkgconfig:/home/agilex/autoware.ai/install/autoware_health_checker/lib/pkgconfig:/home/agilex/autoware.ai/install/astar_search/lib/x86_64-linux-gnu/pkgconfig:/home/agilex/autoware.ai/install/astar_search/lib/pkgconfig:/home/agilex/autoware.ai/install/amathutils_lib/lib/x86_64-linux-gnu/pkgconfig:/home/agilex/autoware.ai/install/amathutils_lib/lib/pkgconfig:/home/agilex/autoware.ai/install/vector_map_msgs/lib/x86_64-linux-gnu/pkgconfig:/home/agilex/autoware.ai/install/vector_map_msgs/lib/pkgconfig:/home/agilex/autoware.ai/install/tablet_socket_msgs/lib/x86_64-linux-gnu/pkgconfig:/home/agilex/autoware.ai/install/tablet_socket_msgs/lib/pkgconfig:/home/agilex/autoware.ai/install/autoware_system_msgs/lib/x86_64-linux-gnu/pkgconfig:/home/agilex/autoware.ai/install/autoware_system_msgs/lib/pkgconfig:/home/agilex/autoware.ai/install/autoware_msgs/lib/x86_64-linux-gnu/pkgconfig:/home/agilex/autoware.ai/install/autoware_msgs/lib/pkgconfig:/home/agilex/autoware.ai/install/autoware_config_msgs/lib/x86_64-linux-gnu/pkgconfig:/home/agilex/autoware.ai/install/autoware_config_msgs/lib/pkgconfig:/home/agilex/autoware.ai/install/autoware_build_flags/lib/x86_64-linux-gnu/pkgconfig:/home/agilex/autoware.ai/install/autoware_build_flags/lib/pkgconfig:${PKG_CONFIG_PATH} PYTHONPATH=/home/agilex/autoware.ai/install/vector_map_msgs/lib/python2.7/dist-packages:/home/agilex/autoware.ai/install/tablet_socket_msgs/lib/python2.7/dist-packages:/home/agilex/autoware.ai/install/autoware_system_msgs/lib/python2.7/dist-packages:/home/agilex/autoware.ai/install/autoware_msgs/lib/python2.7/dist-packages:/home/agilex/autoware.ai/install/autoware_config_msgs/lib/python2.7/dist-packages:${PYTHONPATH} ROS_PACKAGE_PATH=/home/agilex/autoware.ai/install/waypoint_follower/share:/home/agilex/autoware.ai/install/vector_map/share:/home/agilex/autoware.ai/install/autoware_health_checker/share:/home/agilex/autoware.ai/install/astar_search/share:/home/agilex/autoware.ai/install/amathutils_lib/share:/home/agilex/autoware.ai/install/vector_map_msgs/share:/home/agilex/autoware.ai/install/tablet_socket_msgs/share:/home/agilex/autoware.ai/install/autoware_system_msgs/share:/home/agilex/autoware.ai/install/autoware_msgs/share:/home/agilex/autoware.ai/install/autoware_config_msgs/share:/home/agilex/autoware.ai/install/autoware_build_flags/share:${ROS_PACKAGE_PATH} /usr/bin/cmake --build /home/agilex/autoware.ai/build/waypoint_planner -- -j8 -l8
[0.178s] [  0%] Built target visualization_msgs_generate_messages_py
[0.190s] [  0%] Built target vector_map_msgs_generate_messages_py
[0.197s] [  0%] Built target trajectory_msgs_generate_messages_py
[0.205s] [  0%] Built target trajectory_msgs_generate_messages_eus
[0.211s] [  0%] Built target actionlib_msgs_generate_messages_py
[0.218s] [  0%] Built target trajectory_msgs_generate_messages_cpp
[0.223s] [  0%] Built target visualization_msgs_generate_messages_eus
[0.223s] [  0%] Built target vector_map_msgs_generate_messages_cpp
[0.224s] [  0%] Built target vector_map_msgs_generate_messages_eus
[0.263s] [  0%] Built target vector_map_msgs_generate_messages_lisp
[0.264s] [  0%] Built target visualization_msgs_generate_messages_nodejs
[0.264s] [  0%] Built target gazebo_msgs_generate_messages_eus
[0.269s] [  0%] Built target autoware_system_msgs_generate_messages_lisp
[0.269s] [  0%] Built target autoware_system_msgs_generate_messages_cpp
[0.276s] [  0%] Built target autoware_system_msgs_generate_messages_eus
[0.278s] [  0%] Built target tablet_socket_msgs_generate_messages_lisp
[0.294s] [  0%] Built target gazebo_msgs_generate_messages_lisp
[0.301s] [  0%] Built target tablet_socket_msgs_generate_messages_cpp
[0.311s] [  0%] Built target jsk_footstep_msgs_generate_messages_py
[0.324s] [  0%] Built target tablet_socket_msgs_generate_messages_py
[0.328s] [  0%] Built target autoware_config_msgs_generate_messages_lisp
[0.338s] [  0%] Built target jsk_footstep_msgs_generate_messages_eus
[0.344s] [  0%] Built target jsk_footstep_msgs_generate_messages_lisp
[0.351s] [  0%] Built target jsk_recognition_msgs_generate_messages_py
[0.351s] [  0%] Built target jsk_footstep_msgs_generate_messages_nodejs
[0.353s] [  0%] Built target autoware_config_msgs_generate_messages_eus
[0.361s] [  0%] Built target jsk_recognition_msgs_generate_messages_lisp
[0.376s] [  0%] Built target jsk_recognition_msgs_generate_messages_eus
[0.378s] [  0%] Built target autoware_msgs_generate_messages_lisp
[0.389s] [  0%] Built target autoware_msgs_generate_messages_cpp
[0.399s] [  0%] Built target autoware_msgs_generate_messages_eus
[0.406s] [  0%] Built target visualization_msgs_generate_messages_cpp
[0.410s] [  0%] Built target tablet_socket_msgs_generate_messages_eus
[0.424s] [  0%] Built target tf2_msgs_generate_messages_eus
[0.426s] [  0%] Built target tf2_msgs_generate_messages_nodejs
[0.427s] [  0%] Built target autoware_msgs_generate_messages_nodejs
[0.440s] [  0%] Built target tf2_msgs_generate_messages_cpp
[0.444s] [  0%] Built target pcl_msgs_generate_messages_nodejs
[0.447s] [  0%] Built target nodelet_generate_messages_eus
[0.449s] [  0%] Built target nodelet_generate_messages_nodejs
[0.457s] [  0%] Built target dynamic_reconfigure_gencfg
[0.465s] [  0%] Built target geometry_msgs_generate_messages_py
[0.474s] [  0%] Built target tf2_msgs_generate_messages_lisp
[0.489s] [  0%] Built target dynamic_reconfigure_generate_messages_lisp
[0.490s] [  0%] Built target dynamic_reconfigure_generate_messages_py
[0.491s] [  0%] Built target gazebo_msgs_generate_messages_cpp
[0.493s] [  0%] Built target geometry_msgs_generate_messages_lisp
[0.508s] [  0%] Built target pcl_msgs_generate_messages_cpp
[0.513s] [  0%] Built target topic_tools_generate_messages_cpp
[0.516s] [  0%] Built target pcl_ros_gencfg
[0.517s] [  0%] Built target dynamic_reconfigure_generate_messages_eus
[0.520s] [  0%] Built target topic_tools_generate_messages_nodejs
[0.530s] [  0%] Built target rosgraph_msgs_generate_messages_cpp
[0.553s] [  0%] Built target std_msgs_generate_messages_nodejs
[0.564s] [  0%] Built target actionlib_generate_messages_py
[0.575s] [  0%] Built target tf2_msgs_generate_messages_py
[0.575s] [  0%] Built target nodelet_generate_messages_lisp
[0.579s] [  0%] Built target bond_generate_messages_lisp
[0.579s] [  0%] Built target autoware_msgs_generate_messages_py
[0.581s] [  0%] Built target sensor_msgs_generate_messages_lisp
[0.597s] [  0%] Built target std_msgs_generate_messages_cpp
[0.605s] [  0%] Built target nodelet_generate_messages_cpp
[0.613s] [  0%] Built target gazebo_msgs_generate_messages_py
[0.621s] [  0%] Built target vector_map_msgs_generate_messages_nodejs
[0.639s] [  0%] Built target bond_generate_messages_py
[0.639s] [  0%] Built target actionlib_generate_messages_lisp
[0.640s] [  0%] Built target std_srvs_generate_messages_nodejs
[0.649s] [  0%] Built target geometry_msgs_generate_messages_cpp
[0.650s] [  0%] Built target autoware_system_msgs_generate_messages_py
[0.656s] [  0%] Built target roscpp_generate_messages_cpp
[0.675s] [  0%] Built target actionlib_generate_messages_cpp
[0.681s] [  0%] Built target sensor_msgs_generate_messages_nodejs
[0.685s] [  0%] Built target std_srvs_generate_messages_eus
[0.687s] [  0%] Built target roscpp_generate_messages_lisp
[0.689s] [  0%] Built target std_msgs_generate_messages_lisp
[0.699s] [  0%] Built target jsk_recognition_msgs_generate_messages_nodejs
[0.706s] [  0%] Built target geometry_msgs_generate_messages_nodejs
[0.713s] [  0%] Built target roscpp_generate_messages_py
[0.714s] [  0%] Built target bond_generate_messages_eus
[0.716s] [  0%] Built target geometry_msgs_generate_messages_eus
[0.716s] [  0%] Built target roscpp_generate_messages_nodejs
[0.718s] [  0%] Built target std_msgs_generate_messages_py
[0.739s] [  0%] Built target rosgraph_msgs_generate_messages_lisp
[0.741s] [  0%] Built target dynamic_reconfigure_generate_messages_nodejs
[0.742s] [  0%] Built target gazebo_msgs_generate_messages_nodejs
[0.746s] [  0%] Built target roscpp_generate_messages_eus
[0.749s] [  0%] Built target std_msgs_generate_messages_eus
[0.749s] [  0%] Built target rosgraph_msgs_generate_messages_eus
[0.752s] [  0%] Built target actionlib_msgs_generate_messages_eus
[0.758s] [  0%] Built target visualization_msgs_generate_messages_lisp
[0.766s] [  0%] Built target rosgraph_msgs_generate_messages_py
[0.777s] [  0%] Built target autoware_config_msgs_generate_messages_cpp
[0.777s] [  0%] Built target trajectory_msgs_generate_messages_nodejs
[0.779s] [  0%] Built target rosgraph_msgs_generate_messages_nodejs
[0.779s] [  0%] Built target bond_generate_messages_cpp
[0.785s] [  0%] Built target topic_tools_generate_messages_py
[0.788s] [  0%] Built target trajectory_msgs_generate_messages_lisp
[0.792s] [  0%] Built target bond_generate_messages_nodejs
[0.796s] [  0%] Built target autoware_config_msgs_generate_messages_py
[0.803s] [  0%] Built target actionlib_msgs_generate_messages_nodejs
[0.810s] [  0%] Built target topic_tools_generate_messages_lisp
[0.822s] [  0%] Built target nodelet_topic_tools_gencfg
[0.825s] [  0%] Built target std_srvs_generate_messages_lisp
[0.825s] [  0%] Built target sensor_msgs_generate_messages_cpp
[0.828s] [  0%] Built target pcl_msgs_generate_messages_eus
[0.828s] [  0%] Built target topic_tools_generate_messages_eus
[0.834s] [  0%] Built target jsk_recognition_msgs_generate_messages_cpp
[0.845s] [  0%] Built target nodelet_generate_messages_py
[0.849s] [  0%] Built target std_srvs_generate_messages_cpp
[0.851s] [  0%] Built target sensor_msgs_generate_messages_eus
[0.857s] [  0%] Built target dynamic_reconfigure_generate_messages_cpp
[0.858s] [  0%] Built target tablet_socket_msgs_generate_messages_nodejs
[0.861s] [  0%] Built target tf_generate_messages_py
[0.865s] [  0%] Built target jsk_footstep_msgs_generate_messages_cpp
[0.870s] [  0%] Built target std_srvs_generate_messages_py
[0.877s] [  0%] Built target actionlib_msgs_generate_messages_cpp
[0.884s] [  0%] Built target sensor_msgs_generate_messages_py
[0.886s] [  0%] Built target autoware_config_msgs_generate_messages_nodejs
[0.886s] [  0%] Built target tf_generate_messages_eus
[0.889s] [  0%] Built target tf_generate_messages_lisp
[0.894s] [  0%] Built target actionlib_generate_messages_eus
[0.894s] [  0%] Built target tf_generate_messages_nodejs
[0.897s] [  0%] Built target pcl_msgs_generate_messages_py
[0.908s] [  0%] Built target actionlib_generate_messages_nodejs
[0.908s] [  0%] Built target pcl_msgs_generate_messages_lisp
[0.917s] [  0%] Built target tf_generate_messages_cpp
[0.917s] [  0%] Built target actionlib_msgs_generate_messages_lisp
[0.919s] [  0%] Built target autoware_system_msgs_generate_messages_nodejs
[0.950s] [ 37%] Built target astar_avoid
[0.962s] [100%] Built target velocity_set
[1.008s] Invoked command in '/home/agilex/autoware.ai/build/waypoint_planner' returned '0': CMAKE_PREFIX_PATH=/home/agilex/autoware.ai/install/waypoint_follower:/home/agilex/autoware.ai/install/vector_map:/home/agilex/autoware.ai/install/autoware_health_checker:/home/agilex/autoware.ai/install/astar_search:/home/agilex/autoware.ai/install/amathutils_lib:/home/agilex/autoware.ai/install/vector_map_msgs:/home/agilex/autoware.ai/install/tablet_socket_msgs:/home/agilex/autoware.ai/install/autoware_system_msgs:/home/agilex/autoware.ai/install/autoware_msgs:/home/agilex/autoware.ai/install/autoware_config_msgs:/home/agilex/autoware.ai/install/autoware_build_flags:${CMAKE_PREFIX_PATH} LD_LIBRARY_PATH=/home/agilex/autoware.ai/install/waypoint_follower/lib:/home/agilex/autoware.ai/install/vector_map/lib:/home/agilex/autoware.ai/install/autoware_health_checker/lib:/home/agilex/autoware.ai/install/astar_search/lib:/home/agilex/autoware.ai/install/amathutils_lib/lib:${LD_LIBRARY_PATH} PKG_CONFIG_PATH=/home/agilex/autoware.ai/install/waypoint_follower/lib/x86_64-linux-gnu/pkgconfig:/home/agilex/autoware.ai/install/waypoint_follower/lib/pkgconfig:/home/agilex/autoware.ai/install/vector_map/lib/x86_64-linux-gnu/pkgconfig:/home/agilex/autoware.ai/install/vector_map/lib/pkgconfig:/home/agilex/autoware.ai/install/autoware_health_checker/lib/x86_64-linux-gnu/pkgconfig:/home/agilex/autoware.ai/install/autoware_health_checker/lib/pkgconfig:/home/agilex/autoware.ai/install/astar_search/lib/x86_64-linux-gnu/pkgconfig:/home/agilex/autoware.ai/install/astar_search/lib/pkgconfig:/home/agilex/autoware.ai/install/amathutils_lib/lib/x86_64-linux-gnu/pkgconfig:/home/agilex/autoware.ai/install/amathutils_lib/lib/pkgconfig:/home/agilex/autoware.ai/install/vector_map_msgs/lib/x86_64-linux-gnu/pkgconfig:/home/agilex/autoware.ai/install/vector_map_msgs/lib/pkgconfig:/home/agilex/autoware.ai/install/tablet_socket_msgs/lib/x86_64-linux-gnu/pkgconfig:/home/agilex/autoware.ai/install/tablet_socket_msgs/lib/pkgconfig:/home/agilex/autoware.ai/install/autoware_system_msgs/lib/x86_64-linux-gnu/pkgconfig:/home/agilex/autoware.ai/install/autoware_system_msgs/lib/pkgconfig:/home/agilex/autoware.ai/install/autoware_msgs/lib/x86_64-linux-gnu/pkgconfig:/home/agilex/autoware.ai/install/autoware_msgs/lib/pkgconfig:/home/agilex/autoware.ai/install/autoware_config_msgs/lib/x86_64-linux-gnu/pkgconfig:/home/agilex/autoware.ai/install/autoware_config_msgs/lib/pkgconfig:/home/agilex/autoware.ai/install/autoware_build_flags/lib/x86_64-linux-gnu/pkgconfig:/home/agilex/autoware.ai/install/autoware_build_flags/lib/pkgconfig:${PKG_CONFIG_PATH} PYTHONPATH=/home/agilex/autoware.ai/install/vector_map_msgs/lib/python2.7/dist-packages:/home/agilex/autoware.ai/install/tablet_socket_msgs/lib/python2.7/dist-packages:/home/agilex/autoware.ai/install/autoware_system_msgs/lib/python2.7/dist-packages:/home/agilex/autoware.ai/install/autoware_msgs/lib/python2.7/dist-packages:/home/agilex/autoware.ai/install/autoware_config_msgs/lib/python2.7/dist-packages:${PYTHONPATH} ROS_PACKAGE_PATH=/home/agilex/autoware.ai/install/waypoint_follower/share:/home/agilex/autoware.ai/install/vector_map/share:/home/agilex/autoware.ai/install/autoware_health_checker/share:/home/agilex/autoware.ai/install/astar_search/share:/home/agilex/autoware.ai/install/amathutils_lib/share:/home/agilex/autoware.ai/install/vector_map_msgs/share:/home/agilex/autoware.ai/install/tablet_socket_msgs/share:/home/agilex/autoware.ai/install/autoware_system_msgs/share:/home/agilex/autoware.ai/install/autoware_msgs/share:/home/agilex/autoware.ai/install/autoware_config_msgs/share:/home/agilex/autoware.ai/install/autoware_build_flags/share:${ROS_PACKAGE_PATH} /usr/bin/cmake --build /home/agilex/autoware.ai/build/waypoint_planner -- -j8 -l8
[1.674s] Invoking command in '/home/agilex/autoware.ai/build/waypoint_planner': CMAKE_PREFIX_PATH=/home/agilex/autoware.ai/install/waypoint_follower:/home/agilex/autoware.ai/install/vector_map:/home/agilex/autoware.ai/install/autoware_health_checker:/home/agilex/autoware.ai/install/astar_search:/home/agilex/autoware.ai/install/amathutils_lib:/home/agilex/autoware.ai/install/vector_map_msgs:/home/agilex/autoware.ai/install/tablet_socket_msgs:/home/agilex/autoware.ai/install/autoware_system_msgs:/home/agilex/autoware.ai/install/autoware_msgs:/home/agilex/autoware.ai/install/autoware_config_msgs:/home/agilex/autoware.ai/install/autoware_build_flags:${CMAKE_PREFIX_PATH} LD_LIBRARY_PATH=/home/agilex/autoware.ai/install/waypoint_follower/lib:/home/agilex/autoware.ai/install/vector_map/lib:/home/agilex/autoware.ai/install/autoware_health_checker/lib:/home/agilex/autoware.ai/install/astar_search/lib:/home/agilex/autoware.ai/install/amathutils_lib/lib:${LD_LIBRARY_PATH} PKG_CONFIG_PATH=/home/agilex/autoware.ai/install/waypoint_follower/lib/x86_64-linux-gnu/pkgconfig:/home/agilex/autoware.ai/install/waypoint_follower/lib/pkgconfig:/home/agilex/autoware.ai/install/vector_map/lib/x86_64-linux-gnu/pkgconfig:/home/agilex/autoware.ai/install/vector_map/lib/pkgconfig:/home/agilex/autoware.ai/install/autoware_health_checker/lib/x86_64-linux-gnu/pkgconfig:/home/agilex/autoware.ai/install/autoware_health_checker/lib/pkgconfig:/home/agilex/autoware.ai/install/astar_search/lib/x86_64-linux-gnu/pkgconfig:/home/agilex/autoware.ai/install/astar_search/lib/pkgconfig:/home/agilex/autoware.ai/install/amathutils_lib/lib/x86_64-linux-gnu/pkgconfig:/home/agilex/autoware.ai/install/amathutils_lib/lib/pkgconfig:/home/agilex/autoware.ai/install/vector_map_msgs/lib/x86_64-linux-gnu/pkgconfig:/home/agilex/autoware.ai/install/vector_map_msgs/lib/pkgconfig:/home/agilex/autoware.ai/install/tablet_socket_msgs/lib/x86_64-linux-gnu/pkgconfig:/home/agilex/autoware.ai/install/tablet_socket_msgs/lib/pkgconfig:/home/agilex/autoware.ai/install/autoware_system_msgs/lib/x86_64-linux-gnu/pkgconfig:/home/agilex/autoware.ai/install/autoware_system_msgs/lib/pkgconfig:/home/agilex/autoware.ai/install/autoware_msgs/lib/x86_64-linux-gnu/pkgconfig:/home/agilex/autoware.ai/install/autoware_msgs/lib/pkgconfig:/home/agilex/autoware.ai/install/autoware_config_msgs/lib/x86_64-linux-gnu/pkgconfig:/home/agilex/autoware.ai/install/autoware_config_msgs/lib/pkgconfig:/home/agilex/autoware.ai/install/autoware_build_flags/lib/x86_64-linux-gnu/pkgconfig:/home/agilex/autoware.ai/install/autoware_build_flags/lib/pkgconfig:${PKG_CONFIG_PATH} PYTHONPATH=/home/agilex/autoware.ai/install/vector_map_msgs/lib/python2.7/dist-packages:/home/agilex/autoware.ai/install/tablet_socket_msgs/lib/python2.7/dist-packages:/home/agilex/autoware.ai/install/autoware_system_msgs/lib/python2.7/dist-packages:/home/agilex/autoware.ai/install/autoware_msgs/lib/python2.7/dist-packages:/home/agilex/autoware.ai/install/autoware_config_msgs/lib/python2.7/dist-packages:${PYTHONPATH} ROS_PACKAGE_PATH=/home/agilex/autoware.ai/install/waypoint_follower/share:/home/agilex/autoware.ai/install/vector_map/share:/home/agilex/autoware.ai/install/autoware_health_checker/share:/home/agilex/autoware.ai/install/astar_search/share:/home/agilex/autoware.ai/install/amathutils_lib/share:/home/agilex/autoware.ai/install/vector_map_msgs/share:/home/agilex/autoware.ai/install/tablet_socket_msgs/share:/home/agilex/autoware.ai/install/autoware_system_msgs/share:/home/agilex/autoware.ai/install/autoware_msgs/share:/home/agilex/autoware.ai/install/autoware_config_msgs/share:/home/agilex/autoware.ai/install/autoware_build_flags/share:${ROS_PACKAGE_PATH} /usr/bin/cmake --build /home/agilex/autoware.ai/build/waypoint_planner --target tests -- -j8 -l8
[1.814s] Built target tests
[1.849s] Invoked command in '/home/agilex/autoware.ai/build/waypoint_planner' returned '0': CMAKE_PREFIX_PATH=/home/agilex/autoware.ai/install/waypoint_follower:/home/agilex/autoware.ai/install/vector_map:/home/agilex/autoware.ai/install/autoware_health_checker:/home/agilex/autoware.ai/install/astar_search:/home/agilex/autoware.ai/install/amathutils_lib:/home/agilex/autoware.ai/install/vector_map_msgs:/home/agilex/autoware.ai/install/tablet_socket_msgs:/home/agilex/autoware.ai/install/autoware_system_msgs:/home/agilex/autoware.ai/install/autoware_msgs:/home/agilex/autoware.ai/install/autoware_config_msgs:/home/agilex/autoware.ai/install/autoware_build_flags:${CMAKE_PREFIX_PATH} LD_LIBRARY_PATH=/home/agilex/autoware.ai/install/waypoint_follower/lib:/home/agilex/autoware.ai/install/vector_map/lib:/home/agilex/autoware.ai/install/autoware_health_checker/lib:/home/agilex/autoware.ai/install/astar_search/lib:/home/agilex/autoware.ai/install/amathutils_lib/lib:${LD_LIBRARY_PATH} PKG_CONFIG_PATH=/home/agilex/autoware.ai/install/waypoint_follower/lib/x86_64-linux-gnu/pkgconfig:/home/agilex/autoware.ai/install/waypoint_follower/lib/pkgconfig:/home/agilex/autoware.ai/install/vector_map/lib/x86_64-linux-gnu/pkgconfig:/home/agilex/autoware.ai/install/vector_map/lib/pkgconfig:/home/agilex/autoware.ai/install/autoware_health_checker/lib/x86_64-linux-gnu/pkgconfig:/home/agilex/autoware.ai/install/autoware_health_checker/lib/pkgconfig:/home/agilex/autoware.ai/install/astar_search/lib/x86_64-linux-gnu/pkgconfig:/home/agilex/autoware.ai/install/astar_search/lib/pkgconfig:/home/agilex/autoware.ai/install/amathutils_lib/lib/x86_64-linux-gnu/pkgconfig:/home/agilex/autoware.ai/install/amathutils_lib/lib/pkgconfig:/home/agilex/autoware.ai/install/vector_map_msgs/lib/x86_64-linux-gnu/pkgconfig:/home/agilex/autoware.ai/install/vector_map_msgs/lib/pkgconfig:/home/agilex/autoware.ai/install/tablet_socket_msgs/lib/x86_64-linux-gnu/pkgconfig:/home/agilex/autoware.ai/install/tablet_socket_msgs/lib/pkgconfig:/home/agilex/autoware.ai/install/autoware_system_msgs/lib/x86_64-linux-gnu/pkgconfig:/home/agilex/autoware.ai/install/autoware_system_msgs/lib/pkgconfig:/home/agilex/autoware.ai/install/autoware_msgs/lib/x86_64-linux-gnu/pkgconfig:/home/agilex/autoware.ai/install/autoware_msgs/lib/pkgconfig:/home/agilex/autoware.ai/install/autoware_config_msgs/lib/x86_64-linux-gnu/pkgconfig:/home/agilex/autoware.ai/install/autoware_config_msgs/lib/pkgconfig:/home/agilex/autoware.ai/install/autoware_build_flags/lib/x86_64-linux-gnu/pkgconfig:/home/agilex/autoware.ai/install/autoware_build_flags/lib/pkgconfig:${PKG_CONFIG_PATH} PYTHONPATH=/home/agilex/autoware.ai/install/vector_map_msgs/lib/python2.7/dist-packages:/home/agilex/autoware.ai/install/tablet_socket_msgs/lib/python2.7/dist-packages:/home/agilex/autoware.ai/install/autoware_system_msgs/lib/python2.7/dist-packages:/home/agilex/autoware.ai/install/autoware_msgs/lib/python2.7/dist-packages:/home/agilex/autoware.ai/install/autoware_config_msgs/lib/python2.7/dist-packages:${PYTHONPATH} ROS_PACKAGE_PATH=/home/agilex/autoware.ai/install/waypoint_follower/share:/home/agilex/autoware.ai/install/vector_map/share:/home/agilex/autoware.ai/install/autoware_health_checker/share:/home/agilex/autoware.ai/install/astar_search/share:/home/agilex/autoware.ai/install/amathutils_lib/share:/home/agilex/autoware.ai/install/vector_map_msgs/share:/home/agilex/autoware.ai/install/tablet_socket_msgs/share:/home/agilex/autoware.ai/install/autoware_system_msgs/share:/home/agilex/autoware.ai/install/autoware_msgs/share:/home/agilex/autoware.ai/install/autoware_config_msgs/share:/home/agilex/autoware.ai/install/autoware_build_flags/share:${ROS_PACKAGE_PATH} /usr/bin/cmake --build /home/agilex/autoware.ai/build/waypoint_planner --target tests -- -j8 -l8
[2.264s] Invoking command in '/home/agilex/autoware.ai/build/waypoint_planner': CMAKE_PREFIX_PATH=/home/agilex/autoware.ai/install/waypoint_follower:/home/agilex/autoware.ai/install/vector_map:/home/agilex/autoware.ai/install/autoware_health_checker:/home/agilex/autoware.ai/install/astar_search:/home/agilex/autoware.ai/install/amathutils_lib:/home/agilex/autoware.ai/install/vector_map_msgs:/home/agilex/autoware.ai/install/tablet_socket_msgs:/home/agilex/autoware.ai/install/autoware_system_msgs:/home/agilex/autoware.ai/install/autoware_msgs:/home/agilex/autoware.ai/install/autoware_config_msgs:/home/agilex/autoware.ai/install/autoware_build_flags:${CMAKE_PREFIX_PATH} LD_LIBRARY_PATH=/home/agilex/autoware.ai/install/waypoint_follower/lib:/home/agilex/autoware.ai/install/vector_map/lib:/home/agilex/autoware.ai/install/autoware_health_checker/lib:/home/agilex/autoware.ai/install/astar_search/lib:/home/agilex/autoware.ai/install/amathutils_lib/lib:${LD_LIBRARY_PATH} PKG_CONFIG_PATH=/home/agilex/autoware.ai/install/waypoint_follower/lib/x86_64-linux-gnu/pkgconfig:/home/agilex/autoware.ai/install/waypoint_follower/lib/pkgconfig:/home/agilex/autoware.ai/install/vector_map/lib/x86_64-linux-gnu/pkgconfig:/home/agilex/autoware.ai/install/vector_map/lib/pkgconfig:/home/agilex/autoware.ai/install/autoware_health_checker/lib/x86_64-linux-gnu/pkgconfig:/home/agilex/autoware.ai/install/autoware_health_checker/lib/pkgconfig:/home/agilex/autoware.ai/install/astar_search/lib/x86_64-linux-gnu/pkgconfig:/home/agilex/autoware.ai/install/astar_search/lib/pkgconfig:/home/agilex/autoware.ai/install/amathutils_lib/lib/x86_64-linux-gnu/pkgconfig:/home/agilex/autoware.ai/install/amathutils_lib/lib/pkgconfig:/home/agilex/autoware.ai/install/vector_map_msgs/lib/x86_64-linux-gnu/pkgconfig:/home/agilex/autoware.ai/install/vector_map_msgs/lib/pkgconfig:/home/agilex/autoware.ai/install/tablet_socket_msgs/lib/x86_64-linux-gnu/pkgconfig:/home/agilex/autoware.ai/install/tablet_socket_msgs/lib/pkgconfig:/home/agilex/autoware.ai/install/autoware_system_msgs/lib/x86_64-linux-gnu/pkgconfig:/home/agilex/autoware.ai/install/autoware_system_msgs/lib/pkgconfig:/home/agilex/autoware.ai/install/autoware_msgs/lib/x86_64-linux-gnu/pkgconfig:/home/agilex/autoware.ai/install/autoware_msgs/lib/pkgconfig:/home/agilex/autoware.ai/install/autoware_config_msgs/lib/x86_64-linux-gnu/pkgconfig:/home/agilex/autoware.ai/install/autoware_config_msgs/lib/pkgconfig:/home/agilex/autoware.ai/install/autoware_build_flags/lib/x86_64-linux-gnu/pkgconfig:/home/agilex/autoware.ai/install/autoware_build_flags/lib/pkgconfig:${PKG_CONFIG_PATH} PYTHONPATH=/home/agilex/autoware.ai/install/vector_map_msgs/lib/python2.7/dist-packages:/home/agilex/autoware.ai/install/tablet_socket_msgs/lib/python2.7/dist-packages:/home/agilex/autoware.ai/install/autoware_system_msgs/lib/python2.7/dist-packages:/home/agilex/autoware.ai/install/autoware_msgs/lib/python2.7/dist-packages:/home/agilex/autoware.ai/install/autoware_config_msgs/lib/python2.7/dist-packages:${PYTHONPATH} ROS_PACKAGE_PATH=/home/agilex/autoware.ai/install/waypoint_follower/share:/home/agilex/autoware.ai/install/vector_map/share:/home/agilex/autoware.ai/install/autoware_health_checker/share:/home/agilex/autoware.ai/install/astar_search/share:/home/agilex/autoware.ai/install/amathutils_lib/share:/home/agilex/autoware.ai/install/vector_map_msgs/share:/home/agilex/autoware.ai/install/tablet_socket_msgs/share:/home/agilex/autoware.ai/install/autoware_system_msgs/share:/home/agilex/autoware.ai/install/autoware_msgs/share:/home/agilex/autoware.ai/install/autoware_config_msgs/share:/home/agilex/autoware.ai/install/autoware_build_flags/share:${ROS_PACKAGE_PATH} /usr/bin/cmake --build /home/agilex/autoware.ai/build/waypoint_planner --target install -- -j8 -l8
[2.348s] [  0%] Built target visualization_msgs_generate_messages_py
[2.348s] [  0%] Built target vector_map_msgs_generate_messages_eus
[2.349s] [  0%] Built target vector_map_msgs_generate_messages_cpp
[2.349s] [  0%] Built target trajectory_msgs_generate_messages_eus
[2.349s] [  0%] Built target vector_map_msgs_generate_messages_py
[2.350s] [  0%] Built target visualization_msgs_generate_messages_eus
[2.359s] [  0%] Built target actionlib_msgs_generate_messages_py
[2.383s] [  0%] Built target trajectory_msgs_generate_messages_py
[2.400s] [  0%] Built target gazebo_msgs_generate_messages_lisp
[2.401s] [  0%] Built target autoware_system_msgs_generate_messages_lisp
[2.404s] [  0%] Built target autoware_system_msgs_generate_messages_cpp
[2.410s] [  0%] Built target gazebo_msgs_generate_messages_eus
[2.422s] [  0%] Built target autoware_system_msgs_generate_messages_eus
[2.423s] [  0%] Built target tablet_socket_msgs_generate_messages_lisp
[2.435s] [  0%] Built target trajectory_msgs_generate_messages_cpp
[2.438s] [  0%] Built target vector_map_msgs_generate_messages_lisp
[2.439s] [  0%] Built target visualization_msgs_generate_messages_nodejs
[2.470s] [  0%] Built target tablet_socket_msgs_generate_messages_cpp
[2.476s] [  0%] Built target jsk_footstep_msgs_generate_messages_nodejs
[2.478s] [  0%] Built target jsk_footstep_msgs_generate_messages_lisp
[2.481s] [  0%] Built target jsk_footstep_msgs_generate_messages_py
[2.485s] [  0%] Built target autoware_config_msgs_generate_messages_lisp
[2.494s] [  0%] Built target jsk_recognition_msgs_generate_messages_py
[2.495s] [  0%] Built target autoware_config_msgs_generate_messages_eus
[2.514s] [  0%] Built target jsk_footstep_msgs_generate_messages_eus
[2.515s] [  0%] Built target tablet_socket_msgs_generate_messages_py
[2.527s] [  0%] Built target jsk_recognition_msgs_generate_messages_lisp
[2.531s] [  0%] Built target jsk_recognition_msgs_generate_messages_eus
[2.536s] [  0%] Built target autoware_msgs_generate_messages_cpp
[2.539s] [  0%] Built target autoware_msgs_generate_messages_nodejs
[2.549s] [  0%] Built target autoware_msgs_generate_messages_lisp
[2.563s] [  0%] Built target tf2_msgs_generate_messages_eus
[2.564s] [  0%] Built target autoware_msgs_generate_messages_eus
[2.566s] [  0%] Built target tf2_msgs_generate_messages_nodejs
[2.573s] [  0%] Built target nodelet_generate_messages_nodejs
[2.587s] [  0%] Built target visualization_msgs_generate_messages_cpp
[2.604s] [  0%] Built target geometry_msgs_generate_messages_lisp
[2.605s] [  0%] Built target nodelet_generate_messages_eus
[2.608s] [  0%] Built target tf2_msgs_generate_messages_cpp
[2.616s] [  0%] Built target tf2_msgs_generate_messages_lisp
[2.621s] [  0%] Built target tablet_socket_msgs_generate_messages_eus
[2.626s] [  0%] Built target pcl_msgs_generate_messages_nodejs
[2.634s] [  0%] Built target dynamic_reconfigure_gencfg
[2.643s] [  0%] Built target geometry_msgs_generate_messages_py
[2.646s] [  0%] Built target pcl_msgs_generate_messages_cpp
[2.655s] [  0%] Built target gazebo_msgs_generate_messages_cpp
[2.667s] [  0%] Built target dynamic_reconfigure_generate_messages_py
[2.678s] [  0%] Built target pcl_ros_gencfg
[2.679s] [  0%] Built target tf2_msgs_generate_messages_py
[2.682s] [  0%] Built target actionlib_generate_messages_py
[2.684s] [  0%] Built target dynamic_reconfigure_generate_messages_lisp
[2.697s] [  0%] Built target rosgraph_msgs_generate_messages_cpp
[2.712s] [  0%] Built target std_msgs_generate_messages_nodejs
[2.712s] [  0%] Built target topic_tools_generate_messages_nodejs
[2.717s] [  0%] Built target topic_tools_generate_messages_cpp
[2.726s] [  0%] Built target dynamic_reconfigure_generate_messages_eus
[2.738s] [  0%] Built target autoware_msgs_generate_messages_py
[2.738s] [  0%] Built target std_msgs_generate_messages_cpp
[2.742s] [  0%] Built target bond_generate_messages_lisp
[2.749s] [  0%] Built target gazebo_msgs_generate_messages_py
[2.749s] [  0%] Built target sensor_msgs_generate_messages_lisp
[2.755s] [  0%] Built target nodelet_generate_messages_cpp
[2.757s] [  0%] Built target nodelet_generate_messages_lisp
[2.766s] [  0%] Built target geometry_msgs_generate_messages_cpp
[2.766s] [  0%] Built target vector_map_msgs_generate_messages_nodejs
[2.780s] [  0%] Built target roscpp_generate_messages_cpp
[2.785s] [  0%] Built target autoware_system_msgs_generate_messages_py
[2.798s] [  0%] Built target sensor_msgs_generate_messages_nodejs
[2.798s] [  0%] Built target bond_generate_messages_py
[2.802s] [  0%] Built target actionlib_generate_messages_cpp
[2.803s] [  0%] Built target std_srvs_generate_messages_nodejs
[2.803s] [  0%] Built target actionlib_generate_messages_lisp
[2.818s] [  0%] Built target geometry_msgs_generate_messages_nodejs
[2.823s] [  0%] Built target std_srvs_generate_messages_eus
[2.841s] [  0%] Built target bond_generate_messages_eus
[2.841s] [  0%] Built target jsk_recognition_msgs_generate_messages_nodejs
[2.845s] [  0%] Built target roscpp_generate_messages_lisp
[2.845s] [  0%] Built target roscpp_generate_messages_nodejs
[2.848s] [  0%] Built target std_msgs_generate_messages_py
[2.849s] [  0%] Built target std_msgs_generate_messages_lisp
[2.860s] [  0%] Built target roscpp_generate_messages_py
[2.868s] [  0%] Built target visualization_msgs_generate_messages_lisp
[2.877s] [  0%] Built target rosgraph_msgs_generate_messages_lisp
[2.878s] [  0%] Built target std_msgs_generate_messages_eus
[2.887s] [  0%] Built target geometry_msgs_generate_messages_eus
[2.887s] [  0%] Built target dynamic_reconfigure_generate_messages_nodejs
[2.890s] [  0%] Built target rosgraph_msgs_generate_messages_eus
[2.904s] [  0%] Built target gazebo_msgs_generate_messages_nodejs
[2.908s] [  0%] Built target roscpp_generate_messages_eus
[2.908s] [  0%] Built target actionlib_msgs_generate_messages_eus
[2.921s] [  0%] Built target trajectory_msgs_generate_messages_lisp
[2.922s] [  0%] Built target rosgraph_msgs_generate_messages_nodejs
[2.931s] [  0%] Built target autoware_config_msgs_generate_messages_cpp
[2.938s] [  0%] Built target rosgraph_msgs_generate_messages_py
[2.944s] [  0%] Built target autoware_config_msgs_generate_messages_py
[2.946s] [  0%] Built target bond_generate_messages_cpp
[2.958s] [  0%] Built target nodelet_topic_tools_gencfg
[2.967s] [  0%] Built target actionlib_msgs_generate_messages_nodejs
[2.968s] [  0%] Built target trajectory_msgs_generate_messages_nodejs
[2.972s] [  0%] Built target bond_generate_messages_nodejs
[2.979s] [  0%] Built target topic_tools_generate_messages_py
[2.983s] [  0%] Built target topic_tools_generate_messages_lisp
[2.990s] [  0%] Built target jsk_recognition_msgs_generate_messages_cpp
[2.994s] [  0%] Built target std_srvs_generate_messages_lisp
[3.011s] [  0%] Built target sensor_msgs_generate_messages_cpp
[3.013s] [  0%] Built target topic_tools_generate_messages_eus
[3.029s] [  0%] Built target pcl_msgs_generate_messages_eus
[3.033s] [  0%] Built target tablet_socket_msgs_generate_messages_nodejs
[3.033s] [  0%] Built target sensor_msgs_generate_messages_eus
[3.040s] [  0%] Built target nodelet_generate_messages_py
[3.048s] [  0%] Built target sensor_msgs_generate_messages_py
[3.050s] [  0%] Built target dynamic_reconfigure_generate_messages_cpp
[3.061s] [  0%] Built target tf_generate_messages_py
[3.080s] [  0%] Built target tf_generate_messages_eus
[3.084s] [  0%] Built target jsk_footstep_msgs_generate_messages_cpp
[3.088s] [  0%] Built target tf_generate_messages_lisp
[3.088s] [  0%] Built target std_srvs_generate_messages_cpp
[3.092s] [  0%] Built target actionlib_msgs_generate_messages_cpp
[3.100s] [  0%] Built target tf_generate_messages_nodejs
[3.101s] [  0%] Built target autoware_config_msgs_generate_messages_nodejs
[3.104s] [  0%] Built target pcl_msgs_generate_messages_py
[3.117s] [  0%] Built target std_srvs_generate_messages_py
[3.122s] [  0%] Built target pcl_msgs_generate_messages_lisp
[3.126s] [  0%] Built target actionlib_generate_messages_nodejs
[3.131s] [  0%] Built target actionlib_generate_messages_eus
[3.134s] [  0%] Built target tf_generate_messages_cpp
[3.139s] [  0%] Built target actionlib_msgs_generate_messages_lisp
[3.147s] [  0%] Built target autoware_system_msgs_generate_messages_nodejs
[3.189s] [ 37%] Built target astar_avoid
[3.208s] [100%] Built target velocity_set
[3.237s] [36mInstall the project...[0m
[3.246s] -- Install configuration: "Release"
[3.247s] -- Up-to-date: /home/agilex/autoware.ai/install/waypoint_planner/lib/pkgconfig/waypoint_planner.pc
[3.247s] -- Up-to-date: /home/agilex/autoware.ai/install/waypoint_planner/share/waypoint_planner/cmake/waypoint_plannerConfig.cmake
[3.247s] -- Up-to-date: /home/agilex/autoware.ai/install/waypoint_planner/share/waypoint_planner/cmake/waypoint_plannerConfig-version.cmake
[3.247s] -- Up-to-date: /home/agilex/autoware.ai/install/waypoint_planner/share/waypoint_planner/package.xml
[3.247s] -- Up-to-date: /home/agilex/autoware.ai/install/waypoint_planner/lib/waypoint_planner/astar_avoid
[3.248s] -- Up-to-date: /home/agilex/autoware.ai/install/waypoint_planner/lib/waypoint_planner/velocity_set
[3.249s] -- Up-to-date: /home/agilex/autoware.ai/install/waypoint_planner/share/waypoint_planner/launch
[3.249s] -- Up-to-date: /home/agilex/autoware.ai/install/waypoint_planner/share/waypoint_planner/launch/velocity_set.launch
[3.249s] -- Up-to-date: /home/agilex/autoware.ai/install/waypoint_planner/share/waypoint_planner/launch/astar_avoid.launch
[3.274s] Invoked command in '/home/agilex/autoware.ai/build/waypoint_planner' returned '0': CMAKE_PREFIX_PATH=/home/agilex/autoware.ai/install/waypoint_follower:/home/agilex/autoware.ai/install/vector_map:/home/agilex/autoware.ai/install/autoware_health_checker:/home/agilex/autoware.ai/install/astar_search:/home/agilex/autoware.ai/install/amathutils_lib:/home/agilex/autoware.ai/install/vector_map_msgs:/home/agilex/autoware.ai/install/tablet_socket_msgs:/home/agilex/autoware.ai/install/autoware_system_msgs:/home/agilex/autoware.ai/install/autoware_msgs:/home/agilex/autoware.ai/install/autoware_config_msgs:/home/agilex/autoware.ai/install/autoware_build_flags:${CMAKE_PREFIX_PATH} LD_LIBRARY_PATH=/home/agilex/autoware.ai/install/waypoint_follower/lib:/home/agilex/autoware.ai/install/vector_map/lib:/home/agilex/autoware.ai/install/autoware_health_checker/lib:/home/agilex/autoware.ai/install/astar_search/lib:/home/agilex/autoware.ai/install/amathutils_lib/lib:${LD_LIBRARY_PATH} PKG_CONFIG_PATH=/home/agilex/autoware.ai/install/waypoint_follower/lib/x86_64-linux-gnu/pkgconfig:/home/agilex/autoware.ai/install/waypoint_follower/lib/pkgconfig:/home/agilex/autoware.ai/install/vector_map/lib/x86_64-linux-gnu/pkgconfig:/home/agilex/autoware.ai/install/vector_map/lib/pkgconfig:/home/agilex/autoware.ai/install/autoware_health_checker/lib/x86_64-linux-gnu/pkgconfig:/home/agilex/autoware.ai/install/autoware_health_checker/lib/pkgconfig:/home/agilex/autoware.ai/install/astar_search/lib/x86_64-linux-gnu/pkgconfig:/home/agilex/autoware.ai/install/astar_search/lib/pkgconfig:/home/agilex/autoware.ai/install/amathutils_lib/lib/x86_64-linux-gnu/pkgconfig:/home/agilex/autoware.ai/install/amathutils_lib/lib/pkgconfig:/home/agilex/autoware.ai/install/vector_map_msgs/lib/x86_64-linux-gnu/pkgconfig:/home/agilex/autoware.ai/install/vector_map_msgs/lib/pkgconfig:/home/agilex/autoware.ai/install/tablet_socket_msgs/lib/x86_64-linux-gnu/pkgconfig:/home/agilex/autoware.ai/install/tablet_socket_msgs/lib/pkgconfig:/home/agilex/autoware.ai/install/autoware_system_msgs/lib/x86_64-linux-gnu/pkgconfig:/home/agilex/autoware.ai/install/autoware_system_msgs/lib/pkgconfig:/home/agilex/autoware.ai/install/autoware_msgs/lib/x86_64-linux-gnu/pkgconfig:/home/agilex/autoware.ai/install/autoware_msgs/lib/pkgconfig:/home/agilex/autoware.ai/install/autoware_config_msgs/lib/x86_64-linux-gnu/pkgconfig:/home/agilex/autoware.ai/install/autoware_config_msgs/lib/pkgconfig:/home/agilex/autoware.ai/install/autoware_build_flags/lib/x86_64-linux-gnu/pkgconfig:/home/agilex/autoware.ai/install/autoware_build_flags/lib/pkgconfig:${PKG_CONFIG_PATH} PYTHONPATH=/home/agilex/autoware.ai/install/vector_map_msgs/lib/python2.7/dist-packages:/home/agilex/autoware.ai/install/tablet_socket_msgs/lib/python2.7/dist-packages:/home/agilex/autoware.ai/install/autoware_system_msgs/lib/python2.7/dist-packages:/home/agilex/autoware.ai/install/autoware_msgs/lib/python2.7/dist-packages:/home/agilex/autoware.ai/install/autoware_config_msgs/lib/python2.7/dist-packages:${PYTHONPATH} ROS_PACKAGE_PATH=/home/agilex/autoware.ai/install/waypoint_follower/share:/home/agilex/autoware.ai/install/vector_map/share:/home/agilex/autoware.ai/install/autoware_health_checker/share:/home/agilex/autoware.ai/install/astar_search/share:/home/agilex/autoware.ai/install/amathutils_lib/share:/home/agilex/autoware.ai/install/vector_map_msgs/share:/home/agilex/autoware.ai/install/tablet_socket_msgs/share:/home/agilex/autoware.ai/install/autoware_system_msgs/share:/home/agilex/autoware.ai/install/autoware_msgs/share:/home/agilex/autoware.ai/install/autoware_config_msgs/share:/home/agilex/autoware.ai/install/autoware_build_flags/share:${ROS_PACKAGE_PATH} /usr/bin/cmake --build /home/agilex/autoware.ai/build/waypoint_planner --target install -- -j8 -l8
