[0.015s] Invoking command in '/home/agilex/autoware.ai/build/vlg22c_cam': CMAKE_PREFIX_PATH=/home/agilex/autoware.ai/install/autoware_build_flags:${CMAKE_PREFIX_PATH} PKG_CONFIG_PATH=/home/agilex/autoware.ai/install/autoware_build_flags/lib/x86_64-linux-gnu/pkgconfig:/home/agilex/autoware.ai/install/autoware_build_flags/lib/pkgconfig:${PKG_CONFIG_PATH} ROS_PACKAGE_PATH=/home/agilex/autoware.ai/install/autoware_build_flags/share:${ROS_PACKAGE_PATH} /usr/bin/cmake /home/agilex/autoware.ai/src/drivers/awf_drivers/baumer -DCMAKE_BUILD_TYPE=Release -DCATKIN_INSTALL_INTO_PREFIX_ROOT=0 -DCMAKE_INSTALL_PREFIX=/home/agilex/autoware.ai/install/vlg22c_cam
[0.070s] -- The C compiler identification is GNU 7.5.0
[0.125s] -- The CXX compiler identification is GNU 7.5.0
[0.130s] -- Check for working C compiler: /usr/bin/cc
[0.190s] -- Check for working C compiler: /usr/bin/cc -- works
[0.190s] -- Detecting C compiler ABI info
[0.251s] -- Detecting C compiler ABI info - done
[0.260s] -- Detecting C compile features
[0.453s] -- Detecting C compile features - done
[0.456s] -- Check for working CXX compiler: /usr/bin/c++
[0.531s] -- Check for working CXX compiler: /usr/bin/c++ -- works
[0.532s] -- Detecting CXX compiler ABI info
[0.605s] -- Detecting CXX compiler ABI info - done
[0.613s] -- Detecting CXX compile features
[0.924s] -- Detecting CXX compile features - done
[0.926s] -- CUDA compilation status: .
[0.928s] -- Using CATKIN_DEVEL_PREFIX: /home/agilex/autoware.ai/build/vlg22c_cam/devel
[0.928s] -- Using CMAKE_PREFIX_PATH: /home/agilex/autoware.ai/install/autoware_build_flags;/opt/ros/melodic
[0.928s] -- This workspace overlays: /home/agilex/autoware.ai/install/autoware_build_flags;/opt/ros/melodic
[0.942s] -- Found PythonInterp: /usr/bin/python2 (found suitable version "2.7.17", minimum required is "2") 
[0.942s] -- Using PYTHON_EXECUTABLE: /usr/bin/python2
[0.942s] -- Using Debian Python package layout
[0.943s] -- Using empy: /usr/bin/empy
[1.098s] -- Using CATKIN_ENABLE_TESTING: ON
[1.098s] -- Call enable_testing()
[1.100s] -- Using CATKIN_TEST_RESULTS_DIR: /home/agilex/autoware.ai/build/vlg22c_cam/test_results
[1.116s] -- Found gtest sources under '/usr/src/googletest': gtests will be built
[1.116s] -- Found gmock sources under '/usr/src/googletest': gmock will be built
[1.130s] -- Found PythonInterp: /usr/bin/python2 (found version "2.7.17") 
[1.131s] -- Looking for pthread.h
[1.204s] -- Looking for pthread.h - found
[1.204s] -- Looking for pthread_create
[1.267s] -- Looking for pthread_create - not found
[1.268s] -- Looking for pthread_create in pthreads
[1.322s] -- Looking for pthread_create in pthreads - not found
[1.322s] -- Looking for pthread_create in pthread
[1.389s] -- Looking for pthread_create in pthread - found
[1.390s] -- Found Threads: TRUE  
[1.393s] -- Using Python nosetests: /usr/bin/nosetests-2.7
[1.437s] -- catkin 0.7.29
[1.437s] -- BUILD_SHARED_LIBS is on
[1.677s] -- Found PkgConfig: /usr/bin/pkg-config (found version "0.29.1") 
[1.694s] -- Found OpenCV: /usr (found version "3.2.0") 
[1.814s] 'BGGAPI' is not installed. 'vlg22c_cam' will not be built.
[1.816s] -- Configuring done
[1.831s] -- Generating done
[1.835s] -- Build files have been written to: /home/agilex/autoware.ai/build/vlg22c_cam
[1.842s] Invoked command in '/home/agilex/autoware.ai/build/vlg22c_cam' returned '0': CMAKE_PREFIX_PATH=/home/agilex/autoware.ai/install/autoware_build_flags:${CMAKE_PREFIX_PATH} PKG_CONFIG_PATH=/home/agilex/autoware.ai/install/autoware_build_flags/lib/x86_64-linux-gnu/pkgconfig:/home/agilex/autoware.ai/install/autoware_build_flags/lib/pkgconfig:${PKG_CONFIG_PATH} ROS_PACKAGE_PATH=/home/agilex/autoware.ai/install/autoware_build_flags/share:${ROS_PACKAGE_PATH} /usr/bin/cmake /home/agilex/autoware.ai/src/drivers/awf_drivers/baumer -DCMAKE_BUILD_TYPE=Release -DCATKIN_INSTALL_INTO_PREFIX_ROOT=0 -DCMAKE_INSTALL_PREFIX=/home/agilex/autoware.ai/install/vlg22c_cam
[1.842s] Invoking command in '/home/agilex/autoware.ai/build/vlg22c_cam': CMAKE_PREFIX_PATH=/home/agilex/autoware.ai/install/autoware_build_flags:${CMAKE_PREFIX_PATH} PKG_CONFIG_PATH=/home/agilex/autoware.ai/install/autoware_build_flags/lib/x86_64-linux-gnu/pkgconfig:/home/agilex/autoware.ai/install/autoware_build_flags/lib/pkgconfig:${PKG_CONFIG_PATH} ROS_PACKAGE_PATH=/home/agilex/autoware.ai/install/autoware_build_flags/share:${ROS_PACKAGE_PATH} /usr/bin/cmake --build /home/agilex/autoware.ai/build/vlg22c_cam -- -j8 -l8
[1.879s] Invoked command in '/home/agilex/autoware.ai/build/vlg22c_cam' returned '0': CMAKE_PREFIX_PATH=/home/agilex/autoware.ai/install/autoware_build_flags:${CMAKE_PREFIX_PATH} PKG_CONFIG_PATH=/home/agilex/autoware.ai/install/autoware_build_flags/lib/x86_64-linux-gnu/pkgconfig:/home/agilex/autoware.ai/install/autoware_build_flags/lib/pkgconfig:${PKG_CONFIG_PATH} ROS_PACKAGE_PATH=/home/agilex/autoware.ai/install/autoware_build_flags/share:${ROS_PACKAGE_PATH} /usr/bin/cmake --build /home/agilex/autoware.ai/build/vlg22c_cam -- -j8 -l8
[1.932s] Invoking command in '/home/agilex/autoware.ai/build/vlg22c_cam': CMAKE_PREFIX_PATH=/home/agilex/autoware.ai/install/autoware_build_flags:${CMAKE_PREFIX_PATH} PKG_CONFIG_PATH=/home/agilex/autoware.ai/install/autoware_build_flags/lib/x86_64-linux-gnu/pkgconfig:/home/agilex/autoware.ai/install/autoware_build_flags/lib/pkgconfig:${PKG_CONFIG_PATH} ROS_PACKAGE_PATH=/home/agilex/autoware.ai/install/autoware_build_flags/share:${ROS_PACKAGE_PATH} /usr/bin/cmake --build /home/agilex/autoware.ai/build/vlg22c_cam --target tests -- -j8 -l8
[1.982s] [35m[1mScanning dependencies of target tests[0m
[1.991s] Built target tests
[2.005s] Invoked command in '/home/agilex/autoware.ai/build/vlg22c_cam' returned '0': CMAKE_PREFIX_PATH=/home/agilex/autoware.ai/install/autoware_build_flags:${CMAKE_PREFIX_PATH} PKG_CONFIG_PATH=/home/agilex/autoware.ai/install/autoware_build_flags/lib/x86_64-linux-gnu/pkgconfig:/home/agilex/autoware.ai/install/autoware_build_flags/lib/pkgconfig:${PKG_CONFIG_PATH} ROS_PACKAGE_PATH=/home/agilex/autoware.ai/install/autoware_build_flags/share:${ROS_PACKAGE_PATH} /usr/bin/cmake --build /home/agilex/autoware.ai/build/vlg22c_cam --target tests -- -j8 -l8
[2.053s] Invoking command in '/home/agilex/autoware.ai/build/vlg22c_cam': CMAKE_PREFIX_PATH=/home/agilex/autoware.ai/install/autoware_build_flags:${CMAKE_PREFIX_PATH} PKG_CONFIG_PATH=/home/agilex/autoware.ai/install/autoware_build_flags/lib/x86_64-linux-gnu/pkgconfig:/home/agilex/autoware.ai/install/autoware_build_flags/lib/pkgconfig:${PKG_CONFIG_PATH} ROS_PACKAGE_PATH=/home/agilex/autoware.ai/install/autoware_build_flags/share:${ROS_PACKAGE_PATH} /usr/bin/cmake --build /home/agilex/autoware.ai/build/vlg22c_cam --target install -- -j8 -l8
[2.098s] [36mInstall the project...[0m
[2.106s] -- Install configuration: "Release"
[2.106s] -- Installing: /home/agilex/autoware.ai/install/vlg22c_cam/lib/pkgconfig/vlg22c_cam.pc
[2.106s] -- Installing: /home/agilex/autoware.ai/install/vlg22c_cam/share/vlg22c_cam/cmake/vlg22c_camConfig.cmake
[2.106s] -- Installing: /home/agilex/autoware.ai/install/vlg22c_cam/share/vlg22c_cam/cmake/vlg22c_camConfig-version.cmake
[2.106s] -- Installing: /home/agilex/autoware.ai/install/vlg22c_cam/share/vlg22c_cam/package.xml
[2.112s] Invoked command in '/home/agilex/autoware.ai/build/vlg22c_cam' returned '0': CMAKE_PREFIX_PATH=/home/agilex/autoware.ai/install/autoware_build_flags:${CMAKE_PREFIX_PATH} PKG_CONFIG_PATH=/home/agilex/autoware.ai/install/autoware_build_flags/lib/x86_64-linux-gnu/pkgconfig:/home/agilex/autoware.ai/install/autoware_build_flags/lib/pkgconfig:${PKG_CONFIG_PATH} ROS_PACKAGE_PATH=/home/agilex/autoware.ai/install/autoware_build_flags/share:${ROS_PACKAGE_PATH} /usr/bin/cmake --build /home/agilex/autoware.ai/build/vlg22c_cam --target install -- -j8 -l8
