[0.010s] Invoking command in '/home/agilex/autoware.ai/build/rosbag_controller': /usr/bin/cmake /home/agilex/autoware.ai/src/autoware/utilities/rosbag_controller -DCMAKE_BUILD_TYPE=Release -DCATKIN_INSTALL_INTO_PREFIX_ROOT=0 -DCMAKE_INSTALL_PREFIX=/home/agilex/autoware.ai/install/rosbag_controller
[0.065s] -- The C compiler identification is GNU 7.5.0
[0.123s] -- The CXX compiler identification is GNU 7.5.0
[0.130s] -- Check for working C compiler: /usr/bin/cc
[0.191s] -- Check for working C compiler: /usr/bin/cc -- works
[0.191s] -- Detecting C compiler ABI info
[0.254s] -- Detecting C compiler ABI info - done
[0.263s] -- Detecting C compile features
[0.546s] -- Detecting C compile features - done
[0.549s] -- Check for working CXX compiler: /usr/bin/c++
[0.619s] -- Check for working CXX compiler: /usr/bin/c++ -- works
[0.620s] -- Detecting CXX compiler ABI info
[0.692s] -- Detecting CXX compiler ABI info - done
[0.701s] -- Detecting CXX compile features
[1.083s] -- Detecting CXX compile features - done
[1.084s] -- Using CATKIN_DEVEL_PREFIX: /home/agilex/autoware.ai/build/rosbag_controller/devel
[1.084s] -- Using CMAKE_PREFIX_PATH: /opt/ros/melodic
[1.085s] -- This workspace overlays: /opt/ros/melodic
[1.097s] -- Found PythonInterp: /usr/bin/python2 (found suitable version "2.7.17", minimum required is "2") 
[1.098s] -- Using PYTHON_EXECUTABLE: /usr/bin/python2
[1.098s] -- Using Debian Python package layout
[1.098s] -- Using empy: /usr/bin/empy
[1.250s] -- Using CATKIN_ENABLE_TESTING: ON
[1.250s] -- Call enable_testing()
[1.252s] -- Using CATKIN_TEST_RESULTS_DIR: /home/agilex/autoware.ai/build/rosbag_controller/test_results
[1.268s] -- Found gtest sources under '/usr/src/googletest': gtests will be built
[1.268s] -- Found gmock sources under '/usr/src/googletest': gmock will be built
[1.280s] -- Found PythonInterp: /usr/bin/python2 (found version "2.7.17") 
[1.281s] -- Looking for pthread.h
[1.341s] -- Looking for pthread.h - found
[1.341s] -- Looking for pthread_create
[1.397s] -- Looking for pthread_create - not found
[1.398s] -- Looking for pthread_create in pthreads
[1.453s] -- Looking for pthread_create in pthreads - not found
[1.453s] -- Looking for pthread_create in pthread
[1.514s] -- Looking for pthread_create in pthread - found
[1.515s] -- Found Threads: TRUE  
[1.519s] -- Using Python nosetests: /usr/bin/nosetests-2.7
[1.560s] -- catkin 0.7.29
[1.561s] -- BUILD_SHARED_LIBS is on
[1.802s] -- Using these message generators: gencpp;geneus;genlisp;gennodejs;genpy
[1.998s] -- Using Qt5 based on the rviz_QT_VERSION: 5.9.5
[2.080s] -- Boost version: 1.65.1
[2.080s] -- Found the following Boost libraries:
[2.080s] --   date_time
[2.080s] --   regex
[2.080s] --   program_options
[2.080s] --   filesystem
[2.080s] --   thread
[2.080s] --   system
[2.080s] --   chrono
[2.081s] --   atomic
[2.086s] -- Found BZip2: /usr/lib/x86_64-linux-gnu/libbz2.so (found version "1.0.6") 
[2.087s] -- Looking for BZ2_bzCompressInit
[2.159s] -- Looking for BZ2_bzCompressInit - found
[2.293s] -- Checking to see if CXX compiler accepts flag -Wl,--version-script,"/home/agilex/autoware.ai/build/rosbag_controller/class_loader_hide_library_symbols__rosbag_controller.script"
[2.371s] -- Checking to see if CXX compiler accepts flag -Wl,--version-script,"/home/agilex/autoware.ai/build/rosbag_controller/class_loader_hide_library_symbols__rosbag_controller.script" - yes
[2.373s] -- Configuring done
[2.409s] -- Generating done
[2.417s] -- Build files have been written to: /home/agilex/autoware.ai/build/rosbag_controller
[2.425s] Invoked command in '/home/agilex/autoware.ai/build/rosbag_controller' returned '0': /usr/bin/cmake /home/agilex/autoware.ai/src/autoware/utilities/rosbag_controller -DCMAKE_BUILD_TYPE=Release -DCATKIN_INSTALL_INTO_PREFIX_ROOT=0 -DCMAKE_INSTALL_PREFIX=/home/agilex/autoware.ai/install/rosbag_controller
[2.426s] Invoking command in '/home/agilex/autoware.ai/build/rosbag_controller': /usr/bin/cmake --build /home/agilex/autoware.ai/build/rosbag_controller -- -j8 -l8
[2.466s] [ 16%] [34m[1mGenerating ui_autoware_rosbag_plugin.h[0m
[2.477s] [ 33%] [34m[1mGenerating src/moc_autoware_rosbag_plugin.cpp[0m
[3.262s] [35m[1mScanning dependencies of target rosbag_controller[0m
[3.313s] [ 50%] [32mBuilding CXX object CMakeFiles/rosbag_controller.dir/src/moc_autoware_rosbag_plugin.cpp.o[0m
[9.851s] [ 66%] [32mBuilding CXX object CMakeFiles/rosbag_controller.dir/src/autoware_rosbag_plugin.cpp.o[0m
[18.713s] [ 83%] [32mBuilding CXX object CMakeFiles/rosbag_controller.dir/src/core/recorder.cpp.o[0m
[28.166s] [100%] [32m[1mLinking CXX shared library devel/lib/librosbag_controller.so[0m
[28.896s] [100%] Built target rosbag_controller
[28.905s] Invoked command in '/home/agilex/autoware.ai/build/rosbag_controller' returned '0': /usr/bin/cmake --build /home/agilex/autoware.ai/build/rosbag_controller -- -j8 -l8
[29.093s] Invoking command in '/home/agilex/autoware.ai/build/rosbag_controller': /usr/bin/cmake --build /home/agilex/autoware.ai/build/rosbag_controller --target tests -- -j8 -l8
[29.164s] [35m[1mScanning dependencies of target tests[0m
[29.183s] Built target tests
[29.196s] Invoked command in '/home/agilex/autoware.ai/build/rosbag_controller' returned '0': /usr/bin/cmake --build /home/agilex/autoware.ai/build/rosbag_controller --target tests -- -j8 -l8
[29.338s] Invoking command in '/home/agilex/autoware.ai/build/rosbag_controller': /usr/bin/cmake --build /home/agilex/autoware.ai/build/rosbag_controller --target install -- -j8 -l8
[29.411s] [100%] Built target rosbag_controller
[29.429s] [36mInstall the project...[0m
[29.436s] -- Install configuration: "Release"
[29.436s] -- Installing: /home/agilex/autoware.ai/install/rosbag_controller/lib/pkgconfig/rosbag_controller.pc
[29.436s] -- Installing: /home/agilex/autoware.ai/install/rosbag_controller/share/rosbag_controller/cmake/rosbag_controllerConfig.cmake
[29.436s] -- Installing: /home/agilex/autoware.ai/install/rosbag_controller/share/rosbag_controller/cmake/rosbag_controllerConfig-version.cmake
[29.436s] -- Installing: /home/agilex/autoware.ai/install/rosbag_controller/share/rosbag_controller/package.xml
[29.436s] -- Installing: /home/agilex/autoware.ai/install/rosbag_controller/lib/librosbag_controller.so
[29.442s] -- Set runtime path of "/home/agilex/autoware.ai/install/rosbag_controller/lib/librosbag_controller.so" to ""
[29.442s] -- Installing: /home/agilex/autoware.ai/install/rosbag_controller/share/rosbag_controller/plugin_description.xml
[29.444s] Invoked command in '/home/agilex/autoware.ai/build/rosbag_controller' returned '0': /usr/bin/cmake --build /home/agilex/autoware.ai/build/rosbag_controller --target install -- -j8 -l8
