Determining if the pthread_create exist failed with the following output:
Change Dir: /home/agilex/autoware.ai/build/gazebo_imu_description/CMakeFiles/CMakeTmp

Run Build Command:"/usr/bin/make" "cmTC_304ef/fast"
/usr/bin/make -f CMakeFiles/cmTC_304ef.dir/build.make CMakeFiles/cmTC_304ef.dir/build
make[1]: Entering directory '/home/agilex/autoware.ai/build/gazebo_imu_description/CMakeFiles/CMakeTmp'
Building C object CMakeFiles/cmTC_304ef.dir/CheckSymbolExists.c.o
/usr/bin/cc    -o CMakeFiles/cmTC_304ef.dir/CheckSymbolExists.c.o   -c /home/agilex/autoware.ai/build/gazebo_imu_description/CMakeFiles/CMakeTmp/CheckSymbolExists.c
Linking C executable cmTC_304ef
/usr/bin/cmake -E cmake_link_script CMakeFiles/cmTC_304ef.dir/link.txt --verbose=1
/usr/bin/cc      -rdynamic CMakeFiles/cmTC_304ef.dir/CheckSymbolExists.c.o  -o cmTC_304ef 
CMakeFiles/cmTC_304ef.dir/CheckSymbolExists.c.o: In function `main':
CheckSymbolExists.c:(.text+0x1b): undefined reference to `pthread_create'
collect2: error: ld returned 1 exit status
CMakeFiles/cmTC_304ef.dir/build.make:97: recipe for target 'cmTC_304ef' failed
make[1]: *** [cmTC_304ef] Error 1
make[1]: Leaving directory '/home/agilex/autoware.ai/build/gazebo_imu_description/CMakeFiles/CMakeTmp'
Makefile:126: recipe for target 'cmTC_304ef/fast' failed
make: *** [cmTC_304ef/fast] Error 2

File /home/agilex/autoware.ai/build/gazebo_imu_description/CMakeFiles/CMakeTmp/CheckSymbolExists.c:
/* */
#include <pthread.h>

int main(int argc, char** argv)
{
  (void)argv;
#ifndef pthread_create
  return ((int*)(&pthread_create))[argc];
#else
  (void)argc;
  return 0;
#endif
}

Determining if the function pthread_create exists in the pthreads failed with the following output:
Change Dir: /home/agilex/autoware.ai/build/gazebo_imu_description/CMakeFiles/CMakeTmp

Run Build Command:"/usr/bin/make" "cmTC_0d1d6/fast"
/usr/bin/make -f CMakeFiles/cmTC_0d1d6.dir/build.make CMakeFiles/cmTC_0d1d6.dir/build
make[1]: Entering directory '/home/agilex/autoware.ai/build/gazebo_imu_description/CMakeFiles/CMakeTmp'
Building C object CMakeFiles/cmTC_0d1d6.dir/CheckFunctionExists.c.o
/usr/bin/cc   -DCHECK_FUNCTION_EXISTS=pthread_create   -o CMakeFiles/cmTC_0d1d6.dir/CheckFunctionExists.c.o   -c /usr/share/cmake-3.10/Modules/CheckFunctionExists.c
Linking C executable cmTC_0d1d6
/usr/bin/cmake -E cmake_link_script CMakeFiles/cmTC_0d1d6.dir/link.txt --verbose=1
/usr/bin/cc  -DCHECK_FUNCTION_EXISTS=pthread_create    -rdynamic CMakeFiles/cmTC_0d1d6.dir/CheckFunctionExists.c.o  -o cmTC_0d1d6 -lpthreads 
/usr/bin/ld: cannot find -lpthreads
collect2: error: ld returned 1 exit status
CMakeFiles/cmTC_0d1d6.dir/build.make:97: recipe for target 'cmTC_0d1d6' failed
make[1]: *** [cmTC_0d1d6] Error 1
make[1]: Leaving directory '/home/agilex/autoware.ai/build/gazebo_imu_description/CMakeFiles/CMakeTmp'
Makefile:126: recipe for target 'cmTC_0d1d6/fast' failed
make: *** [cmTC_0d1d6/fast] Error 2


