[0.018s] Invoking command in '/home/agilex/autoware.ai/build/lidar_shape_estimation': CMAKE_PREFIX_PATH=/home/agilex/autoware.ai/install/autoware_msgs:/home/agilex/autoware.ai/install/autoware_build_flags:${CMAKE_PREFIX_PATH} PKG_CONFIG_PATH=/home/agilex/autoware.ai/install/autoware_msgs/lib/x86_64-linux-gnu/pkgconfig:/home/agilex/autoware.ai/install/autoware_msgs/lib/pkgconfig:/home/agilex/autoware.ai/install/autoware_build_flags/lib/x86_64-linux-gnu/pkgconfig:/home/agilex/autoware.ai/install/autoware_build_flags/lib/pkgconfig:${PKG_CONFIG_PATH} PYTHONPATH=/home/agilex/autoware.ai/install/autoware_msgs/lib/python2.7/dist-packages:${PYTHONPATH} ROS_PACKAGE_PATH=/home/agilex/autoware.ai/install/autoware_msgs/share:/home/agilex/autoware.ai/install/autoware_build_flags/share:${ROS_PACKAGE_PATH} /usr/bin/cmake /home/agilex/autoware.ai/src/autoware/core_perception/lidar_shape_estimation -DCMAKE_BUILD_TYPE=Release -DCATKIN_INSTALL_INTO_PREFIX_ROOT=0 -DCMAKE_INSTALL_PREFIX=/home/agilex/autoware.ai/install/lidar_shape_estimation
[0.075s] -- The C compiler identification is GNU 7.5.0
[0.125s] -- The CXX compiler identification is GNU 7.5.0
[0.131s] -- Check for working C compiler: /usr/bin/cc
[0.198s] -- Check for working C compiler: /usr/bin/cc -- works
[0.198s] -- Detecting C compiler ABI info
[0.267s] -- Detecting C compiler ABI info - done
[0.275s] -- Detecting C compile features
[0.474s] -- Detecting C compile features - done
[0.477s] -- Check for working CXX compiler: /usr/bin/c++
[0.560s] -- Check for working CXX compiler: /usr/bin/c++ -- works
[0.560s] -- Detecting CXX compiler ABI info
[0.632s] -- Detecting CXX compiler ABI info - done
[0.639s] -- Detecting CXX compile features
[0.960s] -- Detecting CXX compile features - done
[0.962s] -- Using CATKIN_DEVEL_PREFIX: /home/agilex/autoware.ai/build/lidar_shape_estimation/devel
[0.962s] -- Using CMAKE_PREFIX_PATH: /home/agilex/autoware.ai/install/autoware_msgs;/home/agilex/autoware.ai/install/autoware_build_flags;/opt/ros/melodic
[0.962s] -- This workspace overlays: /home/agilex/autoware.ai/install/autoware_msgs;/home/agilex/autoware.ai/install/autoware_build_flags;/opt/ros/melodic
[0.978s] -- Found PythonInterp: /usr/bin/python2 (found suitable version "2.7.17", minimum required is "2") 
[0.978s] -- Using PYTHON_EXECUTABLE: /usr/bin/python2
[0.978s] -- Using Debian Python package layout
[0.978s] -- Using empy: /usr/bin/empy
[1.134s] -- Using CATKIN_ENABLE_TESTING: ON
[1.134s] -- Call enable_testing()
[1.135s] -- Using CATKIN_TEST_RESULTS_DIR: /home/agilex/autoware.ai/build/lidar_shape_estimation/test_results
[1.153s] -- Found gtest sources under '/usr/src/googletest': gtests will be built
[1.153s] -- Found gmock sources under '/usr/src/googletest': gmock will be built
[1.165s] -- Found PythonInterp: /usr/bin/python2 (found version "2.7.17") 
[1.165s] -- Looking for pthread.h
[1.228s] -- Looking for pthread.h - found
[1.229s] -- Looking for pthread_create
[1.299s] -- Looking for pthread_create - not found
[1.299s] -- Looking for pthread_create in pthreads
[1.354s] -- Looking for pthread_create in pthreads - not found
[1.354s] -- Looking for pthread_create in pthread
[1.420s] -- Looking for pthread_create in pthread - found
[1.421s] -- Found Threads: TRUE  
[1.425s] -- Using Python nosetests: /usr/bin/nosetests-2.7
[1.465s] -- catkin 0.7.29
[1.465s] -- BUILD_SHARED_LIBS is on
[1.552s] -- CUDA compilation status: .
[1.609s] -- Using these message generators: gencpp;geneus;genlisp;gennodejs;genpy
[2.502s] -- Checking for module 'eigen3'
[2.525s] --   Found eigen3, version 3.3.4
[2.571s] -- Found eigen: /usr/include/eigen3  
[2.640s] -- Boost version: 1.65.1
[2.640s] -- Found the following Boost libraries:
[2.640s] --   system
[2.640s] --   filesystem
[2.640s] --   thread
[2.640s] --   date_time
[2.640s] --   iostreams
[2.640s] --   serialization
[2.641s] --   chrono
[2.641s] --   atomic
[2.641s] --   regex
[2.643s] -- Checking for module 'libopenni'
[2.671s] --   Found libopenni, version 1.5.4.0
[2.710s] -- Found openni: /usr/lib/libOpenNI.so  
[2.711s] -- Checking for module 'libopenni2'
[2.731s] --   Found libopenni2, version 2.2.0.3
[2.790s] -- Found OpenNI2: /usr/lib/libOpenNI2.so  
[2.795s] -- Could NOT find ensenso (missing: ENSENSO_LIBRARY ENSENSO_INCLUDE_DIR) 
[2.795s] ** WARNING ** io features related to ensenso will be disabled
[2.797s] -- Could NOT find DAVIDSDK (missing: DAVIDSDK_LIBRARY DAVIDSDK_INCLUDE_DIR) 
[2.797s] ** WARNING ** io features related to davidSDK will be disabled
[2.798s] -- Could NOT find DSSDK (missing: _DSSDK_LIBRARIES) 
[2.798s] ** WARNING ** io features related to dssdk will be disabled
[2.798s] ** WARNING ** io features related to pcap will be disabled
[2.799s] ** WARNING ** io features related to png will be disabled
[2.854s] -- The imported target "vtkRenderingPythonTkWidgets" references the file
[2.854s]    "/usr/lib/x86_64-linux-gnu/libvtkRenderingPythonTkWidgets.so"
[2.854s] but this file does not exist.  Possible reasons include:
[2.854s] * The file was deleted, renamed, or moved to another location.
[2.854s] * An install or uninstall procedure did not complete successfully.
[2.854s] * The installation package was faulty and contained
[2.854s]    "/usr/lib/cmake/vtk-6.3/VTKTargets.cmake"
[2.855s] but not all the files it references.
[2.855s] 
[2.855s] -- The imported target "vtk" references the file
[2.855s]    "/usr/bin/vtk"
[2.855s] but this file does not exist.  Possible reasons include:
[2.855s] * The file was deleted, renamed, or moved to another location.
[2.855s] * An install or uninstall procedure did not complete successfully.
[2.855s] * The installation package was faulty and contained
[2.855s]    "/usr/lib/cmake/vtk-6.3/VTKTargets.cmake"
[2.855s] but not all the files it references.
[2.855s] 
[2.917s] -- Found libusb-1.0: /usr/include  
[2.917s] ** WARNING ** io features related to libusb-1.0 will be disabled
[2.918s] -- Checking for module 'flann'
[2.932s] --   Found flann, version 1.9.1
[2.979s] -- Found Flann: /usr/lib/x86_64-linux-gnu/libflann_cpp_s.a  
[3.017s] -- Could NOT find ensenso (missing: ENSENSO_LIBRARY ENSENSO_INCLUDE_DIR) 
[3.017s] ** WARNING ** visualization features related to ensenso will be disabled
[3.020s] -- Could NOT find DAVIDSDK (missing: DAVIDSDK_LIBRARY DAVIDSDK_INCLUDE_DIR) 
[3.020s] ** WARNING ** visualization features related to davidSDK will be disabled
[3.021s] -- Could NOT find DSSDK (missing: _DSSDK_LIBRARIES) 
[3.021s] ** WARNING ** visualization features related to dssdk will be disabled
[3.022s] -- Could NOT find RSSDK (missing: _RSSDK_LIBRARIES) 
[3.022s] ** WARNING ** visualization features related to rssdk will be disabled
[3.056s] -- Found qhull: /usr/lib/x86_64-linux-gnu/libqhull.so  
[3.088s] -- looking for PCL_COMMON
[3.090s] -- Found PCL_COMMON: /usr/lib/x86_64-linux-gnu/libpcl_common.so  
[3.090s] -- looking for PCL_OCTREE
[3.091s] -- Found PCL_OCTREE: /usr/lib/x86_64-linux-gnu/libpcl_octree.so  
[3.091s] -- looking for PCL_IO
[3.093s] -- Found PCL_IO: /usr/lib/x86_64-linux-gnu/libpcl_io.so  
[3.093s] -- looking for PCL_KDTREE
[3.094s] -- Found PCL_KDTREE: /usr/lib/x86_64-linux-gnu/libpcl_kdtree.so  
[3.095s] -- looking for PCL_SEARCH
[3.096s] -- Found PCL_SEARCH: /usr/lib/x86_64-linux-gnu/libpcl_search.so  
[3.096s] -- looking for PCL_SAMPLE_CONSENSUS
[3.098s] -- Found PCL_SAMPLE_CONSENSUS: /usr/lib/x86_64-linux-gnu/libpcl_sample_consensus.so  
[3.098s] -- looking for PCL_FILTERS
[3.100s] -- Found PCL_FILTERS: /usr/lib/x86_64-linux-gnu/libpcl_filters.so  
[3.100s] -- looking for PCL_2D
[3.101s] -- Found PCL_2D: /usr/include/pcl-1.8  
[3.101s] -- looking for PCL_GEOMETRY
[3.102s] -- Found PCL_GEOMETRY: /usr/include/pcl-1.8  
[3.102s] -- looking for PCL_FEATURES
[3.104s] -- Found PCL_FEATURES: /usr/lib/x86_64-linux-gnu/libpcl_features.so  
[3.104s] -- looking for PCL_ML
[3.106s] -- Found PCL_ML: /usr/lib/x86_64-linux-gnu/libpcl_ml.so  
[3.106s] -- looking for PCL_SEGMENTATION
[3.107s] -- Found PCL_SEGMENTATION: /usr/lib/x86_64-linux-gnu/libpcl_segmentation.so  
[3.108s] -- looking for PCL_VISUALIZATION
[3.109s] -- Found PCL_VISUALIZATION: /usr/lib/x86_64-linux-gnu/libpcl_visualization.so  
[3.110s] -- looking for PCL_SURFACE
[3.111s] -- Found PCL_SURFACE: /usr/lib/x86_64-linux-gnu/libpcl_surface.so  
[3.112s] -- looking for PCL_REGISTRATION
[3.113s] -- Found PCL_REGISTRATION: /usr/lib/x86_64-linux-gnu/libpcl_registration.so  
[3.114s] -- looking for PCL_KEYPOINTS
[3.115s] -- Found PCL_KEYPOINTS: /usr/lib/x86_64-linux-gnu/libpcl_keypoints.so  
[3.116s] -- looking for PCL_TRACKING
[3.117s] -- Found PCL_TRACKING: /usr/lib/x86_64-linux-gnu/libpcl_tracking.so  
[3.118s] -- looking for PCL_RECOGNITION
[3.119s] -- Found PCL_RECOGNITION: /usr/lib/x86_64-linux-gnu/libpcl_recognition.so  
[3.120s] -- looking for PCL_STEREO
[3.121s] -- Found PCL_STEREO: /usr/lib/x86_64-linux-gnu/libpcl_stereo.so  
[3.122s] -- looking for PCL_APPS
[3.123s] -- Found PCL_APPS: /usr/lib/x86_64-linux-gnu/libpcl_apps.so  
[3.126s] -- looking for PCL_IN_HAND_SCANNER
[3.126s] -- Found PCL_IN_HAND_SCANNER: /usr/include/pcl-1.8  
[3.127s] -- looking for PCL_MODELER
[3.127s] -- Found PCL_MODELER: /usr/include/pcl-1.8  
[3.127s] -- looking for PCL_POINT_CLOUD_EDITOR
[3.128s] -- Found PCL_POINT_CLOUD_EDITOR: /usr/include/pcl-1.8  
[3.128s] -- looking for PCL_OUTOFCORE
[3.130s] -- Found PCL_OUTOFCORE: /usr/lib/x86_64-linux-gnu/libpcl_outofcore.so  
[3.130s] -- looking for PCL_PEOPLE
[3.133s] -- Found PCL_PEOPLE: /usr/lib/x86_64-linux-gnu/libpcl_people.so  
[3.157s] -- Found PCL: /usr/lib/x86_64-linux-gnu/libboost_system.so;/usr/lib/x86_64-linux-gnu/libboost_filesystem.so;/usr/lib/x86_64-linux-gnu/libboost_thread.so;/usr/lib/x86_64-linux-gnu/libboost_date_time.so;/usr/lib/x86_64-linux-gnu/libboost_iostreams.so;/usr/lib/x86_64-linux-gnu/libboost_serialization.so;/usr/lib/x86_64-linux-gnu/libboost_chrono.so;/usr/lib/x86_64-linux-gnu/libboost_atomic.so;/usr/lib/x86_64-linux-gnu/libboost_regex.so;/usr/lib/x86_64-linux-gnu/libpthread.so;optimized;/usr/lib/x86_64-linux-gnu/libpcl_common.so;debug;/usr/lib/x86_64-linux-gnu/libpcl_common.so;optimized;/usr/lib/x86_64-linux-gnu/libpcl_octree.so;debug;/usr/lib/x86_64-linux-gnu/libpcl_octree.so;/usr/lib/libOpenNI.so;/usr/lib/libOpenNI2.so;vtkChartsCore;vtkCommonColor;vtkCommonDataModel;vtkCommonMath;vtkCommonCore;vtksys;vtkCommonMisc;vtkCommonSystem;vtkCommonTransforms;vtkInfovisCore;vtkFiltersExtraction;vtkCommonExecutionModel;vtkFiltersCore;vtkFiltersGeneral;vtkCommonComputationalGeometry;vtkFiltersStatistics;vtkImagingFourier;vtkImagingCore;vtkalglib;vtkRenderingContext2D;vtkRenderingCore;vtkFiltersGeometry;vtkFiltersSources;vtkRenderingFreeType;/usr/lib/x86_64-linux-gnu/libfreetype.so;/usr/lib/x86_64-linux-gnu/libz.so;vtkftgl;vtkDICOMParser;vtkDomainsChemistry;vtkIOXML;vtkIOGeometry;vtkIOCore;vtkIOXMLParser;/usr/lib/x86_64-linux-gnu/libexpat.so;vtkFiltersAMR;vtkParallelCore;vtkIOLegacy;vtkFiltersFlowPaths;vtkFiltersGeneric;vtkFiltersHybrid;vtkImagingSources;vtkFiltersHyperTree;vtkFiltersImaging;vtkImagingGeneral;vtkFiltersModeling;vtkFiltersParallel;vtkFiltersParallelFlowPaths;vtkParallelMPI;vtkFiltersParallelGeometry;vtkFiltersParallelImaging;vtkFiltersParallelMPI;vtkFiltersParallelStatistics;vtkFiltersProgrammable;vtkFiltersPython;/usr/lib/x86_64-linux-gnu/libpython2.7.so;vtkWrappingPythonCore;vtkWrappingTools;vtkFiltersReebGraph;vtkFiltersSMP;vtkFiltersSelection;vtkFiltersTexture;vtkFiltersVerdict;verdict;vtkGUISupportQt;vtkInteractionStyle;vtkRenderingOpenGL;vtkImagingHybrid;vtkIOImage;vtkmetaio;/usr/lib/x86_64-linux-gnu/libjpeg.so;/usr/lib/x86_64-linux-gnu/libpng.so;/usr/lib/x86_64-linux-gnu/libtiff.so;vtkGUISupportQtOpenGL;vtkGUISupportQtSQL;vtkIOSQL;sqlite3;vtkGUISupportQtWebkit;vtkViewsQt;vtkViewsInfovis;vtkInfovisLayout;vtkInfovisBoostGraphAlgorithms;vtkRenderingLabel;vtkViewsCore;vtkInteractionWidgets;vtkRenderingAnnotation;vtkImagingColor;vtkRenderingVolume;vtkGeovisCore;/usr/lib/x86_64-linux-gnu/libproj.so;vtkIOAMR;/usr/lib/x86_64-linux-gnu/hdf5/openmpi/libhdf5.so;/usr/lib/x86_64-linux-gnu/libsz.so;/usr/lib/x86_64-linux-gnu/libdl.so;/usr/lib/x86_64-linux-gnu/libm.so;/usr/lib/x86_64-linux-gnu/openmpi/lib/libmpi.so;vtkIOEnSight;vtkIOExodus;vtkexoIIc;/usr/lib/x86_64-linux-gnu/libnetcdf_c++.so;/usr/lib/x86_64-linux-gnu/libnetcdf.so;vtkIOExport;vtkRenderingGL2PS;vtkRenderingContextOpenGL;/usr/lib/x86_64-linux-gnu/libgl2ps.so;vtkIOFFMPEG;vtkIOMovie;/usr/lib/x86_64-linux-gnu/libtheoraenc.so;/usr/lib/x86_64-linux-gnu/libtheoradec.so;/usr/lib/x86_64-linux-gnu/libogg.so;vtkIOGDAL;vtkIOGeoJSON;vtkIOImport;vtkIOInfovis;/usr/lib/x86_64-linux-gnu/libxml2.so;vtkIOLSDyna;vtkIOMINC;vtkIOMPIImage;vtkIOMPIParallel;vtkIOParallel;vtkIONetCDF;/usr/lib/x86_64-linux-gnu/libjsoncpp.so;vtkIOMySQL;vtkIOODBC;vtkIOPLY;vtkIOParallelExodus;vtkIOParallelLSDyna;vtkIOParallelNetCDF;vtkIOParallelXML;vtkIOPostgreSQL;vtkIOVPIC;VPIC;vtkIOVideo;vtkIOXdmf2;vtkxdmf2;vtkImagingMath;vtkImagingMorphological;vtkImagingStatistics;vtkImagingStencil;vtkInteractionImage;vtkLocalExample;vtkParallelMPI4Py;vtkPythonInterpreter;vtkRenderingExternal;vtkRenderingFreeTypeFontConfig;vtkRenderingImage;vtkRenderingLIC;vtkRenderingLOD;vtkRenderingMatplotlib;vtkRenderingParallel;vtkRenderingParallelLIC;vtkRenderingQt;vtkRenderingVolumeAMR;vtkRenderingVolumeOpenGL;vtkTestingGenericBridge;vtkTestingIOSQL;vtkTestingRendering;vtkViewsContext2D;vtkViewsGeovis;vtkWrappingJava;optimized;/usr/lib/x86_64-linux-gnu/libpcl_io.so;debug;/usr/lib/x86_64-linux-gnu/libpcl_io.so;optimized;/usr/lib/x86_64-linux-gnu/libflann_cpp_s.a;debug;/usr/lib/x86_64-linux-gnu/libflann_cpp_s.a;optimized;/usr/lib/x86_64-linux-gnu/libpcl_kdtree.so;debug;/usr/lib/x86_64-linux-gnu/libpcl_kdtree.so;optimized;/usr/lib/x86_64-linux-gnu/libpcl_search.so;debug;/usr/lib/x86_64-linux-gnu/libpcl_search.so;optimized;/usr/lib/x86_64-linux-gnu/libpcl_sample_consensus.so;debug;/usr/lib/x86_64-linux-gnu/libpcl_sample_consensus.so;optimized;/usr/lib/x86_64-linux-gnu/libpcl_filters.so;debug;/usr/lib/x86_64-linux-gnu/libpcl_filters.so;optimized;/usr/lib/x86_64-linux-gnu/libpcl_features.so;debug;/usr/lib/x86_64-linux-gnu/libpcl_features.so;optimized;/usr/lib/x86_64-linux-gnu/libpcl_ml.so;debug;/usr/lib/x86_64-linux-gnu/libpcl_ml.so;optimized;/usr/lib/x86_64-linux-gnu/libpcl_segmentation.so;debug;/usr/lib/x86_64-linux-gnu/libpcl_segmentation.so;optimized;/usr/lib/x86_64-linux-gnu/libpcl_visualization.so;debug;/usr/lib/x86_64-linux-gnu/libpcl_visualization.so;optimized;/usr/lib/x86_64-linux-gnu/libqhull.so;debug;/usr/lib/x86_64-linux-gnu/libqhull.so;optimized;/usr/lib/x86_64-linux-gnu/libpcl_surface.so;debug;/usr/lib/x86_64-linux-gnu/libpcl_surface.so;optimized;/usr/lib/x86_64-linux-gnu/libpcl_registration.so;debug;/usr/lib/x86_64-linux-gnu/libpcl_registration.so;optimized;/usr/lib/x86_64-linux-gnu/libpcl_keypoints.so;debug;/usr/lib/x86_64-linux-gnu/libpcl_keypoints.so;optimized;/usr/lib/x86_64-linux-gnu/libpcl_tracking.so;debug;/usr/lib/x86_64-linux-gnu/libpcl_tracking.so;optimized;/usr/lib/x86_64-linux-gnu/libpcl_recognition.so;debug;/usr/lib/x86_64-linux-gnu/libpcl_recognition.so;optimized;/usr/lib/x86_64-linux-gnu/libpcl_stereo.so;debug;/usr/lib/x86_64-linux-gnu/libpcl_stereo.so;optimized;/usr/lib/x86_64-linux-gnu/libpcl_apps.so;debug;/usr/lib/x86_64-linux-gnu/libpcl_apps.so;optimized;/usr/lib/x86_64-linux-gnu/libpcl_outofcore.so;debug;/usr/lib/x86_64-linux-gnu/libpcl_outofcore.so;optimized;/usr/lib/x86_64-linux-gnu/libpcl_people.so;debug;/usr/lib/x86_64-linux-gnu/libpcl_people.so;/usr/lib/x86_64-linux-gnu/libboost_system.so;/usr/lib/x86_64-linux-gnu/libboost_filesystem.so;/usr/lib/x86_64-linux-gnu/libboost_thread.so;/usr/lib/x86_64-linux-gnu/libboost_date_time.so;/usr/lib/x86_64-linux-gnu/libboost_iostreams.so;/usr/lib/x86_64-linux-gnu/libboost_serialization.so;/usr/lib/x86_64-linux-gnu/libboost_chrono.so;/usr/lib/x86_64-linux-gnu/libboost_atomic.so;/usr/lib/x86_64-linux-gnu/libboost_regex.so;/usr/lib/x86_64-linux-gnu/libpthread.so;optimized;/usr/lib/x86_64-linux-gnu/libqhull.so;debug;/usr/lib/x86_64-linux-gnu/libqhull.so;/usr/lib/libOpenNI.so;/usr/lib/libOpenNI2.so;optimized;/usr/lib/x86_64-linux-gnu/libflann_cpp_s.a;debug;/usr/lib/x86_64-linux-gnu/libflann_cpp_s.a;vtkChartsCore;vtkCommonColor;vtkCommonDataModel;vtkCommonMath;vtkCommonCore;vtksys;vtkCommonMisc;vtkCommonSystem;vtkCommonTransforms;vtkInfovisCore;vtkFiltersExtraction;vtkCommonExecutionModel;vtkFiltersCore;vtkFiltersGeneral;vtkCommonComputationalGeometry;vtkFiltersStatistics;vtkImagingFourier;vtkImagingCore;vtkalglib;vtkRenderingContext2D;vtkRenderingCore;vtkFiltersGeometry;vtkFiltersSources;vtkRenderingFreeType;/usr/lib/x86_64-linux-gnu/libfreetype.so;/usr/lib/x86_64-linux-gnu/libz.so;vtkftgl;vtkDICOMParser;vtkDomainsChemistry;vtkIOXML;vtkIOGeometry;vtkIOCore;vtkIOXMLParser;/usr/lib/x86_64-linux-gnu/libexpat.so;vtkFiltersAMR;vtkParallelCore;vtkIOLegacy;vtkFiltersFlowPaths;vtkFiltersGeneric;vtkFiltersHybrid;vtkImagingSources;vtkFiltersHyperTree;vtkFiltersImaging;vtkImagingGeneral;vtkFiltersModeling;vtkFiltersParallel;vtkFiltersParallelFlowPaths;vtkParallelMPI;vtkFiltersParallelGeometry;vtkFiltersParallelImaging;vtkFiltersParallelMPI;vtkFiltersParallelStatistics;vtkFiltersProgrammable;vtkFiltersPython;/usr/lib/x86_64-linux-gnu/libpython2.7.so;vtkWrappingPythonCore;vtkWrappingTools;vtkFiltersReebGraph;vtkFiltersSMP;vtkFiltersSelection;vtkFiltersTexture;vtkFiltersVerdict;verdict;vtkGUISupportQt;vtkInteractionStyle;vtkRenderingOpenGL;vtkImagingHybrid;vtkIOImage;vtkmetaio;/usr/lib/x86_64-linux-gnu/libjpeg.so;/usr/lib/x86_64-linux-gnu/libpng.so;/usr/lib/x86_64-linux-gnu/libtiff.so;vtkGUISupportQtOpenGL;vtkGUISupportQtSQL;vtkIOSQL;sqlite3;vtkGUISupportQtWebkit;vtkViewsQt;vtkViewsInfovis;vtkInfovisLayout;vtkInfovisBoostGraphAlgorithms;vtkRenderingLabel;vtkViewsCore;vtkInteractionWidgets;vtkRenderingAnnotation;vtkImagingColor;vtkRenderingVolume;vtkGeovisCore;/usr/lib/x86_64-linux-gnu/libproj.so;vtkIOAMR;/usr/lib/x86_64-linux-gnu/hdf5/openmpi/libhdf5.so;/usr/lib/x86_64-linux-gnu/libsz.so;/usr/lib/x86_64-linux-gnu/libdl.so;/usr/lib/x86_64-linux-gnu/libm.so;/usr/lib/x86_64-linux-gnu/openmpi/lib/libmpi.so;vtkIOEnSight;vtkIOExodus;vtkexoIIc;/usr/lib/x86_64-linux-gnu/libnetcdf_c++.so;/usr/lib/x86_64-linux-gnu/libnetcdf.so;vtkIOExport;vtkRenderingGL2PS;vtkRenderingContextOpenGL;/usr/lib/x86_64-linux-gnu/libgl2ps.so;vtkIOFFMPEG;vtkIOMovie;/usr/lib/x86_64-linux-gnu/libtheoraenc.so;/usr/lib/x86_64-linux-gnu/libtheoradec.so;/usr/lib/x86_64-linux-gnu/libogg.so;vtkIOGDAL;vtkIOGeoJSON;vtkIOImport;vtkIOInfovis;/usr/lib/x86_64-linux-gnu/libxml2.so;vtkIOLSDyna;vtkIOMINC;vtkIOMPIImage;vtkIOMPIParallel;vtkIOParallel;vtkIONetCDF;/usr/lib/x86_64-linux-gnu/libjsoncpp.so;vtkIOMySQL;vtkIOODBC;vtkIOPLY;vtkIOParallelExodus;vtkIOParallelLSDyna;vtkIOParallelNetCDF;vtkIOParallelXML;vtkIOPostgreSQL;vtkIOVPIC;VPIC;vtkIOVideo;vtkIOXdmf2;vtkxdmf2;vtkImagingMath;vtkImagingMorphological;vtkImagingStatistics;vtkImagingStencil;vtkInteractionImage;vtkLocalExample;vtkParallelMPI4Py;vtkPythonInterpreter;vtkRenderingExternal;vtkRenderingFreeTypeFontConfig;vtkRenderingImage;vtkRenderingLIC;vtkRenderingLOD;vtkRenderingMatplotlib;vtkRenderingParallel;vtkRenderingParallelLIC;vtkRenderingQt;vtkRenderingVolumeAMR;vtkRenderingVolumeOpenGL;vtkTestingGenericBridge;vtkTestingIOSQL;vtkTestingRendering;vtkViewsContext2D;vtkViewsGeovis;vtkWrappingJava (Required is at least version "1.7") 
[3.171s] -- Found OpenCV: /usr (found version "3.2.0") 
[3.297s] -- Configuring done
[3.471s] -- Generating done
[3.482s] -- Build files have been written to: /home/agilex/autoware.ai/build/lidar_shape_estimation
[3.494s] Invoked command in '/home/agilex/autoware.ai/build/lidar_shape_estimation' returned '0': CMAKE_PREFIX_PATH=/home/agilex/autoware.ai/install/autoware_msgs:/home/agilex/autoware.ai/install/autoware_build_flags:${CMAKE_PREFIX_PATH} PKG_CONFIG_PATH=/home/agilex/autoware.ai/install/autoware_msgs/lib/x86_64-linux-gnu/pkgconfig:/home/agilex/autoware.ai/install/autoware_msgs/lib/pkgconfig:/home/agilex/autoware.ai/install/autoware_build_flags/lib/x86_64-linux-gnu/pkgconfig:/home/agilex/autoware.ai/install/autoware_build_flags/lib/pkgconfig:${PKG_CONFIG_PATH} PYTHONPATH=/home/agilex/autoware.ai/install/autoware_msgs/lib/python2.7/dist-packages:${PYTHONPATH} ROS_PACKAGE_PATH=/home/agilex/autoware.ai/install/autoware_msgs/share:/home/agilex/autoware.ai/install/autoware_build_flags/share:${ROS_PACKAGE_PATH} /usr/bin/cmake /home/agilex/autoware.ai/src/autoware/core_perception/lidar_shape_estimation -DCMAKE_BUILD_TYPE=Release -DCATKIN_INSTALL_INTO_PREFIX_ROOT=0 -DCMAKE_INSTALL_PREFIX=/home/agilex/autoware.ai/install/lidar_shape_estimation
[3.494s] Invoking command in '/home/agilex/autoware.ai/build/lidar_shape_estimation': CMAKE_PREFIX_PATH=/home/agilex/autoware.ai/install/autoware_msgs:/home/agilex/autoware.ai/install/autoware_build_flags:${CMAKE_PREFIX_PATH} PKG_CONFIG_PATH=/home/agilex/autoware.ai/install/autoware_msgs/lib/x86_64-linux-gnu/pkgconfig:/home/agilex/autoware.ai/install/autoware_msgs/lib/pkgconfig:/home/agilex/autoware.ai/install/autoware_build_flags/lib/x86_64-linux-gnu/pkgconfig:/home/agilex/autoware.ai/install/autoware_build_flags/lib/pkgconfig:${PKG_CONFIG_PATH} PYTHONPATH=/home/agilex/autoware.ai/install/autoware_msgs/lib/python2.7/dist-packages:${PYTHONPATH} ROS_PACKAGE_PATH=/home/agilex/autoware.ai/install/autoware_msgs/share:/home/agilex/autoware.ai/install/autoware_build_flags/share:${ROS_PACKAGE_PATH} /usr/bin/cmake --build /home/agilex/autoware.ai/build/lidar_shape_estimation -- -j8 -l8
[3.544s] [35m[1mScanning dependencies of target std_srvs_generate_messages_lisp[0m
[3.566s] [  0%] Built target std_srvs_generate_messages_lisp
[3.579s] [35m[1mScanning dependencies of target tf_generate_messages_nodejs[0m
[3.590s] [  0%] Built target tf_generate_messages_nodejs
[3.600s] [35m[1mScanning dependencies of target tf_generate_messages_lisp[0m
[3.611s] [  0%] Built target tf_generate_messages_lisp
[3.619s] [35m[1mScanning dependencies of target topic_tools_generate_messages_nodejs[0m
[3.632s] [  0%] Built target topic_tools_generate_messages_nodejs
[3.648s] [35m[1mScanning dependencies of target topic_tools_generate_messages_eus[0m
[3.663s] [  0%] Built target topic_tools_generate_messages_eus
[3.672s] [35m[1mScanning dependencies of target topic_tools_generate_messages_cpp[0m
[3.681s] [  0%] Built target topic_tools_generate_messages_cpp
[3.691s] [35m[1mScanning dependencies of target std_srvs_generate_messages_py[0m
[3.700s] [  0%] Built target std_srvs_generate_messages_py
[3.708s] [35m[1mScanning dependencies of target geometry_msgs_generate_messages_py[0m
[3.716s] [  0%] Built target geometry_msgs_generate_messages_py
[3.725s] [35m[1mScanning dependencies of target pcl_msgs_generate_messages_eus[0m
[3.734s] [  0%] Built target pcl_msgs_generate_messages_eus
[3.742s] [35m[1mScanning dependencies of target rosgraph_msgs_generate_messages_eus[0m
[3.750s] [  0%] Built target rosgraph_msgs_generate_messages_eus
[3.761s] [35m[1mScanning dependencies of target jsk_recognition_msgs_generate_messages_lisp[0m
[3.769s] [  0%] Built target jsk_recognition_msgs_generate_messages_lisp
[3.778s] [35m[1mScanning dependencies of target jsk_recognition_msgs_generate_messages_eus[0m
[3.790s] [  0%] Built target jsk_recognition_msgs_generate_messages_eus
[3.799s] [35m[1mScanning dependencies of target sensor_msgs_generate_messages_nodejs[0m
[3.809s] [  0%] Built target sensor_msgs_generate_messages_nodejs
[3.818s] [35m[1mScanning dependencies of target roscpp_generate_messages_cpp[0m
[3.828s] [  0%] Built target roscpp_generate_messages_cpp
[3.838s] [35m[1mScanning dependencies of target actionlib_generate_messages_eus[0m
[3.847s] [  0%] Built target actionlib_generate_messages_eus
[3.856s] [35m[1mScanning dependencies of target pcl_msgs_generate_messages_py[0m
[3.865s] [  0%] Built target pcl_msgs_generate_messages_py
[3.874s] [35m[1mScanning dependencies of target geometry_msgs_generate_messages_lisp[0m
[3.888s] [  0%] Built target geometry_msgs_generate_messages_lisp
[3.900s] [35m[1mScanning dependencies of target actionlib_generate_messages_lisp[0m
[3.919s] [  0%] Built target actionlib_generate_messages_lisp
[3.934s] [35m[1mScanning dependencies of target geometry_msgs_generate_messages_cpp[0m
[3.942s] [  0%] Built target geometry_msgs_generate_messages_cpp
[3.951s] [35m[1mScanning dependencies of target geometry_msgs_generate_messages_eus[0m
[3.960s] [  0%] Built target geometry_msgs_generate_messages_eus
[3.975s] [35m[1mScanning dependencies of target autoware_msgs_generate_messages_cpp[0m
[3.990s] [  0%] Built target autoware_msgs_generate_messages_cpp
[3.999s] [35m[1mScanning dependencies of target tf_generate_messages_py[0m
[4.008s] [  0%] Built target tf_generate_messages_py
[4.021s] [35m[1mScanning dependencies of target dynamic_reconfigure_generate_messages_cpp[0m
[4.030s] [  0%] Built target dynamic_reconfigure_generate_messages_cpp
[4.040s] [35m[1mScanning dependencies of target rosgraph_msgs_generate_messages_cpp[0m
[4.051s] [  0%] Built target rosgraph_msgs_generate_messages_cpp
[4.063s] [35m[1mScanning dependencies of target pcl_msgs_generate_messages_nodejs[0m
[4.074s] [  0%] Built target pcl_msgs_generate_messages_nodejs
[4.088s] [35m[1mScanning dependencies of target nodelet_generate_messages_nodejs[0m
[4.098s] [  0%] Built target nodelet_generate_messages_nodejs
[4.107s] [35m[1mScanning dependencies of target jsk_recognition_msgs_generate_messages_py[0m
[4.116s] [  0%] Built target jsk_recognition_msgs_generate_messages_py
[4.125s] [35m[1mScanning dependencies of target sensor_msgs_generate_messages_lisp[0m
[4.134s] [  0%] Built target sensor_msgs_generate_messages_lisp
[4.143s] [35m[1mScanning dependencies of target std_msgs_generate_messages_py[0m
[4.154s] [  0%] Built target std_msgs_generate_messages_py
[4.163s] [35m[1mScanning dependencies of target std_msgs_generate_messages_cpp[0m
[4.173s] [  0%] Built target std_msgs_generate_messages_cpp
[4.181s] [35m[1mScanning dependencies of target jsk_footstep_msgs_generate_messages_py[0m
[4.193s] [  0%] Built target jsk_footstep_msgs_generate_messages_py
[4.205s] [35m[1mScanning dependencies of target sensor_msgs_generate_messages_py[0m
[4.214s] [  0%] Built target sensor_msgs_generate_messages_py
[4.222s] [35m[1mScanning dependencies of target nodelet_generate_messages_py[0m
[4.231s] [  0%] Built target nodelet_generate_messages_py
[4.240s] [35m[1mScanning dependencies of target geometry_msgs_generate_messages_nodejs[0m
[4.249s] [  0%] Built target geometry_msgs_generate_messages_nodejs
[4.258s] [35m[1mScanning dependencies of target pcl_msgs_generate_messages_cpp[0m
[4.266s] [  0%] Built target pcl_msgs_generate_messages_cpp
[4.275s] [35m[1mScanning dependencies of target dynamic_reconfigure_generate_messages_lisp[0m
[4.285s] [  0%] Built target dynamic_reconfigure_generate_messages_lisp
[4.293s] [35m[1mScanning dependencies of target topic_tools_generate_messages_lisp[0m
[4.302s] [  0%] Built target topic_tools_generate_messages_lisp
[4.310s] [35m[1mScanning dependencies of target jsk_recognition_msgs_generate_messages_cpp[0m
[4.319s] [  0%] Built target jsk_recognition_msgs_generate_messages_cpp
[4.327s] [35m[1mScanning dependencies of target autoware_msgs_generate_messages_eus[0m
[4.336s] [  0%] Built target autoware_msgs_generate_messages_eus
[4.344s] [35m[1mScanning dependencies of target autoware_msgs_generate_messages_lisp[0m
[4.358s] [  0%] Built target autoware_msgs_generate_messages_lisp
[4.372s] [35m[1mScanning dependencies of target autoware_msgs_generate_messages_py[0m
[4.380s] [  0%] Built target autoware_msgs_generate_messages_py
[4.389s] [35m[1mScanning dependencies of target nodelet_generate_messages_lisp[0m
[4.400s] [  0%] Built target nodelet_generate_messages_lisp
[4.408s] [35m[1mScanning dependencies of target actionlib_generate_messages_nodejs[0m
[4.417s] [  0%] Built target actionlib_generate_messages_nodejs
[4.426s] [35m[1mScanning dependencies of target tf_generate_messages_cpp[0m
[4.435s] [  0%] Built target tf_generate_messages_cpp
[4.446s] [35m[1mScanning dependencies of target pcl_msgs_generate_messages_lisp[0m
[4.458s] [  0%] Built target pcl_msgs_generate_messages_lisp
[4.467s] [35m[1mScanning dependencies of target std_msgs_generate_messages_eus[0m
[4.477s] [  0%] Built target std_msgs_generate_messages_eus
[4.488s] [35m[1mScanning dependencies of target autoware_msgs_generate_messages_nodejs[0m
[4.498s] [  0%] Built target autoware_msgs_generate_messages_nodejs
[4.507s] [35m[1mScanning dependencies of target sensor_msgs_generate_messages_eus[0m
[4.517s] [  0%] Built target sensor_msgs_generate_messages_eus
[4.529s] [35m[1mScanning dependencies of target sensor_msgs_generate_messages_cpp[0m
[4.538s] [  0%] Built target sensor_msgs_generate_messages_cpp
[4.547s] [35m[1mScanning dependencies of target roscpp_generate_messages_nodejs[0m
[4.562s] [  0%] Built target roscpp_generate_messages_nodejs
[4.575s] [35m[1mScanning dependencies of target std_msgs_generate_messages_lisp[0m
[4.584s] [  0%] Built target std_msgs_generate_messages_lisp
[4.592s] [35m[1mScanning dependencies of target std_msgs_generate_messages_nodejs[0m
[4.600s] [  0%] Built target std_msgs_generate_messages_nodejs
[4.609s] [35m[1mScanning dependencies of target bond_generate_messages_lisp[0m
[4.619s] [  0%] Built target bond_generate_messages_lisp
[4.628s] [35m[1mScanning dependencies of target jsk_footstep_msgs_generate_messages_eus[0m
[4.637s] [  0%] Built target jsk_footstep_msgs_generate_messages_eus
[4.649s] [35m[1mScanning dependencies of target actionlib_msgs_generate_messages_py[0m
[4.658s] [  0%] Built target actionlib_msgs_generate_messages_py
[4.666s] [35m[1mScanning dependencies of target jsk_footstep_msgs_generate_messages_lisp[0m
[4.674s] [  0%] Built target jsk_footstep_msgs_generate_messages_lisp
[4.683s] [35m[1mScanning dependencies of target jsk_footstep_msgs_generate_messages_nodejs[0m
[4.692s] [  0%] Built target jsk_footstep_msgs_generate_messages_nodejs
[4.701s] [35m[1mScanning dependencies of target tf_generate_messages_eus[0m
[4.710s] [  0%] Built target tf_generate_messages_eus
[4.718s] [35m[1mScanning dependencies of target jsk_footstep_msgs_generate_messages_cpp[0m
[4.731s] [  0%] Built target jsk_footstep_msgs_generate_messages_cpp
[4.740s] [35m[1mScanning dependencies of target actionlib_msgs_generate_messages_cpp[0m
[4.749s] [  0%] Built target actionlib_msgs_generate_messages_cpp
[4.759s] [35m[1mScanning dependencies of target std_srvs_generate_messages_cpp[0m
[4.768s] [  0%] Built target std_srvs_generate_messages_cpp
[4.778s] [35m[1mScanning dependencies of target actionlib_msgs_generate_messages_lisp[0m
[4.787s] [  0%] Built target actionlib_msgs_generate_messages_lisp
[4.796s] [35m[1mScanning dependencies of target pcl_ros_gencfg[0m
[4.805s] [  0%] Built target pcl_ros_gencfg
[4.814s] [35m[1mScanning dependencies of target dynamic_reconfigure_generate_messages_eus[0m
[4.823s] [  0%] Built target dynamic_reconfigure_generate_messages_eus
[4.831s] [35m[1mScanning dependencies of target dynamic_reconfigure_generate_messages_nodejs[0m
[4.840s] [  0%] Built target dynamic_reconfigure_generate_messages_nodejs
[4.849s] [35m[1mScanning dependencies of target dynamic_reconfigure_generate_messages_py[0m
[4.860s] [  0%] Built target dynamic_reconfigure_generate_messages_py
[4.870s] [35m[1mScanning dependencies of target tf2_msgs_generate_messages_lisp[0m
[4.879s] [  0%] Built target tf2_msgs_generate_messages_lisp
[4.888s] [35m[1mScanning dependencies of target dynamic_reconfigure_gencfg[0m
[4.899s] [  0%] Built target dynamic_reconfigure_gencfg
[4.909s] [35m[1mScanning dependencies of target jsk_recognition_msgs_generate_messages_nodejs[0m
[4.918s] [  0%] Built target jsk_recognition_msgs_generate_messages_nodejs
[4.927s] [35m[1mScanning dependencies of target std_srvs_generate_messages_eus[0m
[4.935s] [  0%] Built target std_srvs_generate_messages_eus
[4.944s] [35m[1mScanning dependencies of target roscpp_generate_messages_lisp[0m
[4.953s] [  0%] Built target roscpp_generate_messages_lisp
[4.963s] [35m[1mScanning dependencies of target bond_generate_messages_eus[0m
[4.974s] [  0%] Built target bond_generate_messages_eus
[4.985s] [35m[1mScanning dependencies of target roscpp_generate_messages_py[0m
[4.994s] [  0%] Built target roscpp_generate_messages_py
[5.004s] [35m[1mScanning dependencies of target rosgraph_msgs_generate_messages_lisp[0m
[5.013s] [  0%] Built target rosgraph_msgs_generate_messages_lisp
[5.024s] [35m[1mScanning dependencies of target rosgraph_msgs_generate_messages_nodejs[0m
[5.034s] [  0%] Built target rosgraph_msgs_generate_messages_nodejs
[5.053s] [35m[1mScanning dependencies of target roscpp_generate_messages_eus[0m
[5.063s] [  0%] Built target roscpp_generate_messages_eus
[5.072s] [35m[1mScanning dependencies of target actionlib_msgs_generate_messages_eus[0m
[5.082s] [  0%] Built target actionlib_msgs_generate_messages_eus
[5.092s] [35m[1mScanning dependencies of target rosgraph_msgs_generate_messages_py[0m
[5.101s] [  0%] Built target rosgraph_msgs_generate_messages_py
[5.111s] [35m[1mScanning dependencies of target nodelet_generate_messages_cpp[0m
[5.121s] [  0%] Built target nodelet_generate_messages_cpp
[5.133s] [35m[1mScanning dependencies of target bond_generate_messages_py[0m
[5.148s] [  0%] Built target bond_generate_messages_py
[5.164s] [35m[1mScanning dependencies of target std_srvs_generate_messages_nodejs[0m
[5.178s] [  0%] Built target std_srvs_generate_messages_nodejs
[5.185s] [35m[1mScanning dependencies of target nodelet_generate_messages_eus[0m
[5.196s] [  0%] Built target nodelet_generate_messages_eus
[5.214s] [35m[1mScanning dependencies of target bond_generate_messages_cpp[0m
[5.233s] [  0%] Built target bond_generate_messages_cpp
[5.250s] [35m[1mScanning dependencies of target bond_generate_messages_nodejs[0m
[5.260s] [  0%] Built target bond_generate_messages_nodejs
[5.283s] [35m[1mScanning dependencies of target topic_tools_generate_messages_py[0m
[5.301s] [  0%] Built target topic_tools_generate_messages_py
[5.309s] [35m[1mScanning dependencies of target actionlib_msgs_generate_messages_nodejs[0m
[5.325s] [  0%] Built target actionlib_msgs_generate_messages_nodejs
[5.341s] [35m[1mScanning dependencies of target nodelet_topic_tools_gencfg[0m
[5.355s] [  0%] Built target nodelet_topic_tools_gencfg
[5.380s] [35m[1mScanning dependencies of target _catkin_empty_exported_target[0m
[5.397s] [  0%] Built target _catkin_empty_exported_target
[5.408s] [35m[1mScanning dependencies of target actionlib_generate_messages_cpp[0m
[5.422s] [  0%] Built target actionlib_generate_messages_cpp
[5.453s] [35m[1mScanning dependencies of target actionlib_generate_messages_py[0m
[5.462s] [  0%] Built target actionlib_generate_messages_py
[5.484s] [35m[1mScanning dependencies of target tf2_msgs_generate_messages_py[0m
[5.493s] [  0%] Built target tf2_msgs_generate_messages_py
[5.505s] [35m[1mScanning dependencies of target tf2_msgs_generate_messages_cpp[0m
[5.531s] [  0%] Built target tf2_msgs_generate_messages_cpp
[5.544s] [35m[1mScanning dependencies of target tf2_msgs_generate_messages_eus[0m
[5.553s] [  0%] Built target tf2_msgs_generate_messages_eus
[5.569s] [35m[1mScanning dependencies of target tf2_msgs_generate_messages_nodejs[0m
[5.587s] [  0%] Built target tf2_msgs_generate_messages_nodejs
[5.603s] [35m[1mScanning dependencies of target lidar_shape_estimation[0m
[5.719s] [ 14%] [32mBuilding CXX object CMakeFiles/lidar_shape_estimation.dir/src/main.cpp.o[0m
[11.177s] [ 28%] [32mBuilding CXX object CMakeFiles/lidar_shape_estimation.dir/src/model/cylinder.cpp.o[0m
[16.954s] [ 42%] [32mBuilding CXX object CMakeFiles/lidar_shape_estimation.dir/src/model/convex_hull.cpp.o[0m
[22.459s] [ 57%] [32mBuilding CXX object CMakeFiles/lidar_shape_estimation.dir/src/model/bounding_box.cpp.o[0m
[28.551s] [ 71%] [32mBuilding CXX object CMakeFiles/lidar_shape_estimation.dir/src/shape_estimator.cpp.o[0m
[34.171s] [ 85%] [32mBuilding CXX object CMakeFiles/lidar_shape_estimation.dir/src/node.cpp.o[0m
[41.138s] [100%] [32m[1mLinking CXX executable devel/lib/lidar_shape_estimation/lidar_shape_estimation[0m
[43.102s] [100%] Built target lidar_shape_estimation
[43.115s] Invoked command in '/home/agilex/autoware.ai/build/lidar_shape_estimation' returned '0': CMAKE_PREFIX_PATH=/home/agilex/autoware.ai/install/autoware_msgs:/home/agilex/autoware.ai/install/autoware_build_flags:${CMAKE_PREFIX_PATH} PKG_CONFIG_PATH=/home/agilex/autoware.ai/install/autoware_msgs/lib/x86_64-linux-gnu/pkgconfig:/home/agilex/autoware.ai/install/autoware_msgs/lib/pkgconfig:/home/agilex/autoware.ai/install/autoware_build_flags/lib/x86_64-linux-gnu/pkgconfig:/home/agilex/autoware.ai/install/autoware_build_flags/lib/pkgconfig:${PKG_CONFIG_PATH} PYTHONPATH=/home/agilex/autoware.ai/install/autoware_msgs/lib/python2.7/dist-packages:${PYTHONPATH} ROS_PACKAGE_PATH=/home/agilex/autoware.ai/install/autoware_msgs/share:/home/agilex/autoware.ai/install/autoware_build_flags/share:${ROS_PACKAGE_PATH} /usr/bin/cmake --build /home/agilex/autoware.ai/build/lidar_shape_estimation -- -j8 -l8
[43.367s] Invoking command in '/home/agilex/autoware.ai/build/lidar_shape_estimation': CMAKE_PREFIX_PATH=/home/agilex/autoware.ai/install/autoware_msgs:/home/agilex/autoware.ai/install/autoware_build_flags:${CMAKE_PREFIX_PATH} PKG_CONFIG_PATH=/home/agilex/autoware.ai/install/autoware_msgs/lib/x86_64-linux-gnu/pkgconfig:/home/agilex/autoware.ai/install/autoware_msgs/lib/pkgconfig:/home/agilex/autoware.ai/install/autoware_build_flags/lib/x86_64-linux-gnu/pkgconfig:/home/agilex/autoware.ai/install/autoware_build_flags/lib/pkgconfig:${PKG_CONFIG_PATH} PYTHONPATH=/home/agilex/autoware.ai/install/autoware_msgs/lib/python2.7/dist-packages:${PYTHONPATH} ROS_PACKAGE_PATH=/home/agilex/autoware.ai/install/autoware_msgs/share:/home/agilex/autoware.ai/install/autoware_build_flags/share:${ROS_PACKAGE_PATH} /usr/bin/cmake --build /home/agilex/autoware.ai/build/lidar_shape_estimation --target tests -- -j8 -l8
[43.447s] [35m[1mScanning dependencies of target gtest[0m
[43.462s] [ 12%] [32mBuilding CXX object gtest/googlemock/gtest/CMakeFiles/gtest.dir/src/gtest-all.cc.o[0m
[48.217s] [ 25%] [32m[1mLinking CXX shared library libgtest.so[0m
[48.294s] [ 25%] Built target gtest
[48.306s] [35m[1mScanning dependencies of target test-lidar_shape_estimation[0m
[48.413s] [ 37%] [32mBuilding CXX object CMakeFiles/test-lidar_shape_estimation.dir/test/src/test_lidar_shape_estimation.cpp.o[0m
[54.629s] [ 50%] [32mBuilding CXX object CMakeFiles/test-lidar_shape_estimation.dir/src/model/cylinder.cpp.o[0m
[60.592s] [ 62%] [32mBuilding CXX object CMakeFiles/test-lidar_shape_estimation.dir/src/model/convex_hull.cpp.o[0m
[65.985s] [ 75%] [32mBuilding CXX object CMakeFiles/test-lidar_shape_estimation.dir/src/model/bounding_box.cpp.o[0m
[71.874s] [ 87%] [32mBuilding CXX object CMakeFiles/test-lidar_shape_estimation.dir/src/shape_estimator.cpp.o[0m
[77.363s] [100%] [32m[1mLinking CXX executable devel/lib/lidar_shape_estimation/test-lidar_shape_estimation[0m
[78.727s] [100%] Built target test-lidar_shape_estimation
[78.736s] [35m[1mScanning dependencies of target tests[0m
[78.745s] [100%] Built target tests
[78.756s] Invoked command in '/home/agilex/autoware.ai/build/lidar_shape_estimation' returned '0': CMAKE_PREFIX_PATH=/home/agilex/autoware.ai/install/autoware_msgs:/home/agilex/autoware.ai/install/autoware_build_flags:${CMAKE_PREFIX_PATH} PKG_CONFIG_PATH=/home/agilex/autoware.ai/install/autoware_msgs/lib/x86_64-linux-gnu/pkgconfig:/home/agilex/autoware.ai/install/autoware_msgs/lib/pkgconfig:/home/agilex/autoware.ai/install/autoware_build_flags/lib/x86_64-linux-gnu/pkgconfig:/home/agilex/autoware.ai/install/autoware_build_flags/lib/pkgconfig:${PKG_CONFIG_PATH} PYTHONPATH=/home/agilex/autoware.ai/install/autoware_msgs/lib/python2.7/dist-packages:${PYTHONPATH} ROS_PACKAGE_PATH=/home/agilex/autoware.ai/install/autoware_msgs/share:/home/agilex/autoware.ai/install/autoware_build_flags/share:${ROS_PACKAGE_PATH} /usr/bin/cmake --build /home/agilex/autoware.ai/build/lidar_shape_estimation --target tests -- -j8 -l8
[78.916s] Invoking command in '/home/agilex/autoware.ai/build/lidar_shape_estimation': CMAKE_PREFIX_PATH=/home/agilex/autoware.ai/install/autoware_msgs:/home/agilex/autoware.ai/install/autoware_build_flags:${CMAKE_PREFIX_PATH} PKG_CONFIG_PATH=/home/agilex/autoware.ai/install/autoware_msgs/lib/x86_64-linux-gnu/pkgconfig:/home/agilex/autoware.ai/install/autoware_msgs/lib/pkgconfig:/home/agilex/autoware.ai/install/autoware_build_flags/lib/x86_64-linux-gnu/pkgconfig:/home/agilex/autoware.ai/install/autoware_build_flags/lib/pkgconfig:${PKG_CONFIG_PATH} PYTHONPATH=/home/agilex/autoware.ai/install/autoware_msgs/lib/python2.7/dist-packages:${PYTHONPATH} ROS_PACKAGE_PATH=/home/agilex/autoware.ai/install/autoware_msgs/share:/home/agilex/autoware.ai/install/autoware_build_flags/share:${ROS_PACKAGE_PATH} /usr/bin/cmake --build /home/agilex/autoware.ai/build/lidar_shape_estimation --target install -- -j8 -l8
[78.968s] [  0%] Built target std_srvs_generate_messages_lisp
[78.985s] [  0%] Built target tf_generate_messages_nodejs
[79.005s] [  0%] Built target tf_generate_messages_lisp
[79.026s] [  0%] Built target topic_tools_generate_messages_nodejs
[79.064s] [  0%] Built target topic_tools_generate_messages_eus
[79.081s] [  0%] Built target topic_tools_generate_messages_cpp
[79.098s] [  0%] Built target std_srvs_generate_messages_py
[79.116s] [  0%] Built target geometry_msgs_generate_messages_py
[79.134s] [  0%] Built target pcl_msgs_generate_messages_eus
[79.154s] [  0%] Built target rosgraph_msgs_generate_messages_eus
[79.176s] [  0%] Built target jsk_recognition_msgs_generate_messages_lisp
[79.202s] [  0%] Built target jsk_recognition_msgs_generate_messages_eus
[79.218s] [  0%] Built target sensor_msgs_generate_messages_nodejs
[79.238s] [  0%] Built target roscpp_generate_messages_cpp
[79.257s] [  0%] Built target actionlib_generate_messages_eus
[79.281s] [  0%] Built target pcl_msgs_generate_messages_py
[79.300s] [  0%] Built target geometry_msgs_generate_messages_lisp
[79.317s] [  0%] Built target actionlib_generate_messages_lisp
[79.340s] [  0%] Built target geometry_msgs_generate_messages_cpp
[79.362s] [  0%] Built target geometry_msgs_generate_messages_eus
[79.379s] [  0%] Built target autoware_msgs_generate_messages_cpp
[79.404s] [  0%] Built target tf_generate_messages_py
[79.434s] [  0%] Built target dynamic_reconfigure_generate_messages_cpp
[79.456s] [  0%] Built target rosgraph_msgs_generate_messages_cpp
[79.474s] [  0%] Built target pcl_msgs_generate_messages_nodejs
[79.498s] [  0%] Built target nodelet_generate_messages_nodejs
[79.516s] [  0%] Built target jsk_recognition_msgs_generate_messages_py
[79.535s] [  0%] Built target sensor_msgs_generate_messages_lisp
[79.553s] [  0%] Built target std_msgs_generate_messages_py
[79.574s] [  0%] Built target std_msgs_generate_messages_cpp
[79.594s] [  0%] Built target jsk_footstep_msgs_generate_messages_py
[79.620s] [  0%] Built target sensor_msgs_generate_messages_py
[79.639s] [  0%] Built target nodelet_generate_messages_py
[79.657s] [  0%] Built target geometry_msgs_generate_messages_nodejs
[79.674s] [  0%] Built target pcl_msgs_generate_messages_cpp
[79.693s] [  0%] Built target dynamic_reconfigure_generate_messages_lisp
[79.712s] [  0%] Built target topic_tools_generate_messages_lisp
[79.731s] [  0%] Built target jsk_recognition_msgs_generate_messages_cpp
[79.749s] [  0%] Built target autoware_msgs_generate_messages_eus
[79.769s] [  0%] Built target autoware_msgs_generate_messages_lisp
[79.786s] [  0%] Built target autoware_msgs_generate_messages_py
[79.803s] [  0%] Built target nodelet_generate_messages_lisp
[79.819s] [  0%] Built target actionlib_generate_messages_nodejs
[79.836s] [  0%] Built target tf_generate_messages_cpp
[79.853s] [  0%] Built target pcl_msgs_generate_messages_lisp
[79.871s] [  0%] Built target std_msgs_generate_messages_eus
[79.888s] [  0%] Built target autoware_msgs_generate_messages_nodejs
[79.904s] [  0%] Built target sensor_msgs_generate_messages_eus
[79.921s] [  0%] Built target sensor_msgs_generate_messages_cpp
[79.941s] [  0%] Built target roscpp_generate_messages_nodejs
[79.958s] [  0%] Built target std_msgs_generate_messages_lisp
[79.979s] [  0%] Built target std_msgs_generate_messages_nodejs
[80.001s] [  0%] Built target bond_generate_messages_lisp
[80.018s] [  0%] Built target jsk_footstep_msgs_generate_messages_eus
[80.070s] [  0%] Built target actionlib_msgs_generate_messages_py
[80.104s] [  0%] Built target jsk_footstep_msgs_generate_messages_lisp
[80.137s] [  0%] Built target jsk_footstep_msgs_generate_messages_nodejs
[80.179s] [  0%] Built target tf_generate_messages_eus
[80.216s] [  0%] Built target jsk_footstep_msgs_generate_messages_cpp
[80.239s] [  0%] Built target actionlib_msgs_generate_messages_cpp
[80.276s] [  0%] Built target std_srvs_generate_messages_cpp
[80.303s] [  0%] Built target actionlib_msgs_generate_messages_lisp
[80.327s] [  0%] Built target pcl_ros_gencfg
[80.356s] [  0%] Built target dynamic_reconfigure_generate_messages_eus
[80.385s] [  0%] Built target dynamic_reconfigure_generate_messages_nodejs
[80.411s] [  0%] Built target dynamic_reconfigure_generate_messages_py
[80.444s] [  0%] Built target tf2_msgs_generate_messages_lisp
[80.469s] [  0%] Built target dynamic_reconfigure_gencfg
[80.490s] [  0%] Built target jsk_recognition_msgs_generate_messages_nodejs
[80.528s] [  0%] Built target std_srvs_generate_messages_eus
[80.553s] [  0%] Built target roscpp_generate_messages_lisp
[80.600s] [  0%] Built target bond_generate_messages_eus
[80.629s] [  0%] Built target roscpp_generate_messages_py
[80.668s] [  0%] Built target rosgraph_msgs_generate_messages_lisp
[80.702s] [  0%] Built target rosgraph_msgs_generate_messages_nodejs
[80.730s] [  0%] Built target roscpp_generate_messages_eus
[80.764s] [  0%] Built target actionlib_msgs_generate_messages_eus
[80.794s] [  0%] Built target rosgraph_msgs_generate_messages_py
[80.842s] [  0%] Built target nodelet_generate_messages_cpp
[80.878s] [  0%] Built target bond_generate_messages_py
[80.912s] [  0%] Built target std_srvs_generate_messages_nodejs
[80.937s] [  0%] Built target nodelet_generate_messages_eus
[80.960s] [  0%] Built target bond_generate_messages_cpp
[80.979s] [  0%] Built target bond_generate_messages_nodejs
[80.996s] [  0%] Built target topic_tools_generate_messages_py
[81.015s] [  0%] Built target actionlib_msgs_generate_messages_nodejs
[81.033s] [  0%] Built target nodelet_topic_tools_gencfg
[81.054s] [  0%] Built target _catkin_empty_exported_target
[81.074s] [  0%] Built target actionlib_generate_messages_cpp
[81.092s] [  0%] Built target actionlib_generate_messages_py
[81.115s] [  0%] Built target tf2_msgs_generate_messages_py
[81.132s] [  0%] Built target tf2_msgs_generate_messages_cpp
[81.155s] [  0%] Built target tf2_msgs_generate_messages_eus
[81.174s] [  0%] Built target tf2_msgs_generate_messages_nodejs
[81.217s] [100%] Built target lidar_shape_estimation
[81.238s] [36mInstall the project...[0m
[81.244s] -- Install configuration: "Release"
[81.244s] -- Installing: /home/agilex/autoware.ai/install/lidar_shape_estimation/lib/pkgconfig/lidar_shape_estimation.pc
[81.244s] -- Installing: /home/agilex/autoware.ai/install/lidar_shape_estimation/share/lidar_shape_estimation/cmake/lidar_shape_estimationConfig.cmake
[81.244s] -- Installing: /home/agilex/autoware.ai/install/lidar_shape_estimation/share/lidar_shape_estimation/cmake/lidar_shape_estimationConfig-version.cmake
[81.244s] -- Installing: /home/agilex/autoware.ai/install/lidar_shape_estimation/share/lidar_shape_estimation/package.xml
[81.244s] -- Installing: /home/agilex/autoware.ai/install/lidar_shape_estimation/lib/lidar_shape_estimation/lidar_shape_estimation
[81.245s] -- Set runtime path of "/home/agilex/autoware.ai/install/lidar_shape_estimation/lib/lidar_shape_estimation/lidar_shape_estimation" to ""
[81.245s] -- Installing: /home/agilex/autoware.ai/install/lidar_shape_estimation/share/lidar_shape_estimation/launch
[81.245s] -- Installing: /home/agilex/autoware.ai/install/lidar_shape_estimation/share/lidar_shape_estimation/launch/shape_estimation_tracking.launch
[81.245s] -- Installing: /home/agilex/autoware.ai/install/lidar_shape_estimation/share/lidar_shape_estimation/launch/shape_estimation_clustering.launch
[81.245s] -- Installing: /home/agilex/autoware.ai/install/lidar_shape_estimation/share/lidar_shape_estimation/launch/shape_estimation_fusion.launch
[81.250s] Invoked command in '/home/agilex/autoware.ai/build/lidar_shape_estimation' returned '0': CMAKE_PREFIX_PATH=/home/agilex/autoware.ai/install/autoware_msgs:/home/agilex/autoware.ai/install/autoware_build_flags:${CMAKE_PREFIX_PATH} PKG_CONFIG_PATH=/home/agilex/autoware.ai/install/autoware_msgs/lib/x86_64-linux-gnu/pkgconfig:/home/agilex/autoware.ai/install/autoware_msgs/lib/pkgconfig:/home/agilex/autoware.ai/install/autoware_build_flags/lib/x86_64-linux-gnu/pkgconfig:/home/agilex/autoware.ai/install/autoware_build_flags/lib/pkgconfig:${PKG_CONFIG_PATH} PYTHONPATH=/home/agilex/autoware.ai/install/autoware_msgs/lib/python2.7/dist-packages:${PYTHONPATH} ROS_PACKAGE_PATH=/home/agilex/autoware.ai/install/autoware_msgs/share:/home/agilex/autoware.ai/install/autoware_build_flags/share:${ROS_PACKAGE_PATH} /usr/bin/cmake --build /home/agilex/autoware.ai/build/lidar_shape_estimation --target install -- -j8 -l8
