Determining if the pthread_create exist failed with the following output:
Change Dir: /home/agilex/autoware.ai/build/autoware_camera_lidar_calibrator/CMakeFiles/CMakeTmp

Run Build Command:"/usr/bin/make" "cmTC_3b5ac/fast"
/usr/bin/make -f CMakeFiles/cmTC_3b5ac.dir/build.make CMakeFiles/cmTC_3b5ac.dir/build
make[1]: Entering directory '/home/agilex/autoware.ai/build/autoware_camera_lidar_calibrator/CMakeFiles/CMakeTmp'
Building C object CMakeFiles/cmTC_3b5ac.dir/CheckSymbolExists.c.o
/usr/bin/cc    -o CMakeFiles/cmTC_3b5ac.dir/CheckSymbolExists.c.o   -c /home/agilex/autoware.ai/build/autoware_camera_lidar_calibrator/CMakeFiles/CMakeTmp/CheckSymbolExists.c
Linking C executable cmTC_3b5ac
/usr/bin/cmake -E cmake_link_script CMakeFiles/cmTC_3b5ac.dir/link.txt --verbose=1
/usr/bin/cc      -rdynamic CMakeFiles/cmTC_3b5ac.dir/CheckSymbolExists.c.o  -o cmTC_3b5ac 
CMakeFiles/cmTC_3b5ac.dir/CheckSymbolExists.c.o: In function `main':
CheckSymbolExists.c:(.text+0x1b): undefined reference to `pthread_create'
collect2: error: ld returned 1 exit status
CMakeFiles/cmTC_3b5ac.dir/build.make:97: recipe for target 'cmTC_3b5ac' failed
make[1]: *** [cmTC_3b5ac] Error 1
make[1]: Leaving directory '/home/agilex/autoware.ai/build/autoware_camera_lidar_calibrator/CMakeFiles/CMakeTmp'
Makefile:126: recipe for target 'cmTC_3b5ac/fast' failed
make: *** [cmTC_3b5ac/fast] Error 2

File /home/agilex/autoware.ai/build/autoware_camera_lidar_calibrator/CMakeFiles/CMakeTmp/CheckSymbolExists.c:
/* */
#include <pthread.h>

int main(int argc, char** argv)
{
  (void)argv;
#ifndef pthread_create
  return ((int*)(&pthread_create))[argc];
#else
  (void)argc;
  return 0;
#endif
}

Determining if the function pthread_create exists in the pthreads failed with the following output:
Change Dir: /home/agilex/autoware.ai/build/autoware_camera_lidar_calibrator/CMakeFiles/CMakeTmp

Run Build Command:"/usr/bin/make" "cmTC_019de/fast"
/usr/bin/make -f CMakeFiles/cmTC_019de.dir/build.make CMakeFiles/cmTC_019de.dir/build
make[1]: Entering directory '/home/agilex/autoware.ai/build/autoware_camera_lidar_calibrator/CMakeFiles/CMakeTmp'
Building C object CMakeFiles/cmTC_019de.dir/CheckFunctionExists.c.o
/usr/bin/cc   -DCHECK_FUNCTION_EXISTS=pthread_create   -o CMakeFiles/cmTC_019de.dir/CheckFunctionExists.c.o   -c /usr/share/cmake-3.10/Modules/CheckFunctionExists.c
Linking C executable cmTC_019de
/usr/bin/cmake -E cmake_link_script CMakeFiles/cmTC_019de.dir/link.txt --verbose=1
/usr/bin/cc  -DCHECK_FUNCTION_EXISTS=pthread_create    -rdynamic CMakeFiles/cmTC_019de.dir/CheckFunctionExists.c.o  -o cmTC_019de -lpthreads 
/usr/bin/ld: cannot find -lpthreads
collect2: error: ld returned 1 exit status
CMakeFiles/cmTC_019de.dir/build.make:97: recipe for target 'cmTC_019de' failed
make[1]: *** [cmTC_019de] Error 1
make[1]: Leaving directory '/home/agilex/autoware.ai/build/autoware_camera_lidar_calibrator/CMakeFiles/CMakeTmp'
Makefile:126: recipe for target 'cmTC_019de/fast' failed
make: *** [cmTC_019de/fast] Error 2


