Determining if the pthread_create exist failed with the following output:
Change Dir: /home/agilex/autoware.ai/build/memsic_imu/CMakeFiles/CMakeTmp

Run Build Command:"/usr/bin/make" "cmTC_e3792/fast"
/usr/bin/make -f CMakeFiles/cmTC_e3792.dir/build.make CMakeFiles/cmTC_e3792.dir/build
make[1]: Entering directory '/home/agilex/autoware.ai/build/memsic_imu/CMakeFiles/CMakeTmp'
Building C object CMakeFiles/cmTC_e3792.dir/CheckSymbolExists.c.o
/usr/bin/cc    -o CMakeFiles/cmTC_e3792.dir/CheckSymbolExists.c.o   -c /home/agilex/autoware.ai/build/memsic_imu/CMakeFiles/CMakeTmp/CheckSymbolExists.c
Linking C executable cmTC_e3792
/usr/bin/cmake -E cmake_link_script CMakeFiles/cmTC_e3792.dir/link.txt --verbose=1
/usr/bin/cc      -rdynamic CMakeFiles/cmTC_e3792.dir/CheckSymbolExists.c.o  -o cmTC_e3792 
CMakeFiles/cmTC_e3792.dir/CheckSymbolExists.c.o: In function `main':
CheckSymbolExists.c:(.text+0x1b): undefined reference to `pthread_create'
collect2: error: ld returned 1 exit status
CMakeFiles/cmTC_e3792.dir/build.make:97: recipe for target 'cmTC_e3792' failed
make[1]: *** [cmTC_e3792] Error 1
make[1]: Leaving directory '/home/agilex/autoware.ai/build/memsic_imu/CMakeFiles/CMakeTmp'
Makefile:126: recipe for target 'cmTC_e3792/fast' failed
make: *** [cmTC_e3792/fast] Error 2

File /home/agilex/autoware.ai/build/memsic_imu/CMakeFiles/CMakeTmp/CheckSymbolExists.c:
/* */
#include <pthread.h>

int main(int argc, char** argv)
{
  (void)argv;
#ifndef pthread_create
  return ((int*)(&pthread_create))[argc];
#else
  (void)argc;
  return 0;
#endif
}

Determining if the function pthread_create exists in the pthreads failed with the following output:
Change Dir: /home/agilex/autoware.ai/build/memsic_imu/CMakeFiles/CMakeTmp

Run Build Command:"/usr/bin/make" "cmTC_675a3/fast"
/usr/bin/make -f CMakeFiles/cmTC_675a3.dir/build.make CMakeFiles/cmTC_675a3.dir/build
make[1]: Entering directory '/home/agilex/autoware.ai/build/memsic_imu/CMakeFiles/CMakeTmp'
Building C object CMakeFiles/cmTC_675a3.dir/CheckFunctionExists.c.o
/usr/bin/cc   -DCHECK_FUNCTION_EXISTS=pthread_create   -o CMakeFiles/cmTC_675a3.dir/CheckFunctionExists.c.o   -c /usr/share/cmake-3.10/Modules/CheckFunctionExists.c
Linking C executable cmTC_675a3
/usr/bin/cmake -E cmake_link_script CMakeFiles/cmTC_675a3.dir/link.txt --verbose=1
/usr/bin/cc  -DCHECK_FUNCTION_EXISTS=pthread_create    -rdynamic CMakeFiles/cmTC_675a3.dir/CheckFunctionExists.c.o  -o cmTC_675a3 -lpthreads 
/usr/bin/ld: cannot find -lpthreads
collect2: error: ld returned 1 exit status
CMakeFiles/cmTC_675a3.dir/build.make:97: recipe for target 'cmTC_675a3' failed
make[1]: *** [cmTC_675a3] Error 1
make[1]: Leaving directory '/home/agilex/autoware.ai/build/memsic_imu/CMakeFiles/CMakeTmp'
Makefile:126: recipe for target 'cmTC_675a3/fast' failed
make: *** [cmTC_675a3/fast] Error 2


