[0.023s] Invoking command in '/home/agilex/autoware.ai/build/sick_ldmrs_laser': CMAKE_PREFIX_PATH=/home/agilex/autoware.ai/install/sick_ldmrs_tools:/home/agilex/autoware.ai/install/sick_ldmrs_driver:/home/agilex/autoware.ai/install/sick_ldmrs_msgs:/home/agilex/autoware.ai/install/sick_ldmrs_description:${CMAKE_PREFIX_PATH} LD_LIBRARY_PATH=/home/agilex/autoware.ai/install/sick_ldmrs_driver/lib:${LD_LIBRARY_PATH} PATH=/home/agilex/autoware.ai/install/sick_ldmrs_driver/bin:${PATH} PKG_CONFIG_PATH=/home/agilex/autoware.ai/install/sick_ldmrs_tools/lib/x86_64-linux-gnu/pkgconfig:/home/agilex/autoware.ai/install/sick_ldmrs_tools/lib/pkgconfig:/home/agilex/autoware.ai/install/sick_ldmrs_driver/lib/x86_64-linux-gnu/pkgconfig:/home/agilex/autoware.ai/install/sick_ldmrs_driver/lib/pkgconfig:/home/agilex/autoware.ai/install/sick_ldmrs_msgs/lib/x86_64-linux-gnu/pkgconfig:/home/agilex/autoware.ai/install/sick_ldmrs_msgs/lib/pkgconfig:/home/agilex/autoware.ai/install/sick_ldmrs_description/lib/x86_64-linux-gnu/pkgconfig:/home/agilex/autoware.ai/install/sick_ldmrs_description/lib/pkgconfig:${PKG_CONFIG_PATH} PYTHONPATH=/home/agilex/autoware.ai/install/sick_ldmrs_driver/lib/python2.7/dist-packages:/home/agilex/autoware.ai/install/sick_ldmrs_msgs/lib/python2.7/dist-packages:${PYTHONPATH} ROS_PACKAGE_PATH=/home/agilex/autoware.ai/install/sick_ldmrs_tools/share:/home/agilex/autoware.ai/install/sick_ldmrs_driver/share:/home/agilex/autoware.ai/install/sick_ldmrs_msgs/share:/home/agilex/autoware.ai/install/sick_ldmrs_description/share:${ROS_PACKAGE_PATH} /usr/bin/cmake /home/agilex/autoware.ai/src/drivers/awf_drivers/sick_ldmrs_laser -DCMAKE_BUILD_TYPE=Release -DCATKIN_INSTALL_INTO_PREFIX_ROOT=0 -DCMAKE_INSTALL_PREFIX=/home/agilex/autoware.ai/install/sick_ldmrs_laser
[0.082s] -- The C compiler identification is GNU 7.5.0
[0.159s] -- The CXX compiler identification is GNU 7.5.0
[0.164s] -- Check for working C compiler: /usr/bin/cc
[0.260s] -- Check for working C compiler: /usr/bin/cc -- works
[0.261s] -- Detecting C compiler ABI info
[0.339s] -- Detecting C compiler ABI info - done
[0.348s] -- Detecting C compile features
[0.640s] -- Detecting C compile features - done
[0.643s] -- Check for working CXX compiler: /usr/bin/c++
[0.776s] -- Check for working CXX compiler: /usr/bin/c++ -- works
[0.776s] -- Detecting CXX compiler ABI info
[0.871s] -- Detecting CXX compiler ABI info - done
[0.879s] -- Detecting CXX compile features
[1.222s] -- Detecting CXX compile features - done
[1.225s] -- Using CATKIN_DEVEL_PREFIX: /home/agilex/autoware.ai/build/sick_ldmrs_laser/devel
[1.225s] -- Using CMAKE_PREFIX_PATH: /home/agilex/autoware.ai/install/sick_ldmrs_tools;/home/agilex/autoware.ai/install/sick_ldmrs_driver;/home/agilex/autoware.ai/install/sick_ldmrs_msgs;/home/agilex/autoware.ai/install/sick_ldmrs_description;/opt/ros/melodic
[1.226s] -- This workspace overlays: /home/agilex/autoware.ai/install/sick_ldmrs_tools;/home/agilex/autoware.ai/install/sick_ldmrs_driver;/home/agilex/autoware.ai/install/sick_ldmrs_msgs;/home/agilex/autoware.ai/install/sick_ldmrs_description;/opt/ros/melodic
[1.240s] -- Found PythonInterp: /usr/bin/python2 (found suitable version "2.7.17", minimum required is "2") 
[1.241s] -- Using PYTHON_EXECUTABLE: /usr/bin/python2
[1.241s] -- Using Debian Python package layout
[1.242s] -- Using empy: /usr/bin/empy
[1.405s] -- Using CATKIN_ENABLE_TESTING: ON
[1.405s] -- Call enable_testing()
[1.407s] -- Using CATKIN_TEST_RESULTS_DIR: /home/agilex/autoware.ai/build/sick_ldmrs_laser/test_results
[1.425s] -- Found gtest sources under '/usr/src/googletest': gtests will be built
[1.426s] -- Found gmock sources under '/usr/src/googletest': gmock will be built
[1.439s] -- Found PythonInterp: /usr/bin/python2 (found version "2.7.17") 
[1.440s] -- Looking for pthread.h
[1.504s] -- Looking for pthread.h - found
[1.504s] -- Looking for pthread_create
[1.567s] -- Looking for pthread_create - not found
[1.568s] -- Looking for pthread_create in pthreads
[1.625s] -- Looking for pthread_create in pthreads - not found
[1.625s] -- Looking for pthread_create in pthread
[1.690s] -- Looking for pthread_create in pthread - found
[1.692s] -- Found Threads: TRUE  
[1.696s] -- Using Python nosetests: /usr/bin/nosetests-2.7
[1.741s] -- catkin 0.7.29
[1.741s] -- BUILD_SHARED_LIBS is on
[1.874s] -- Configuring done
[1.883s] -- Generating done
[1.885s] -- Build files have been written to: /home/agilex/autoware.ai/build/sick_ldmrs_laser
[1.893s] Invoked command in '/home/agilex/autoware.ai/build/sick_ldmrs_laser' returned '0': CMAKE_PREFIX_PATH=/home/agilex/autoware.ai/install/sick_ldmrs_tools:/home/agilex/autoware.ai/install/sick_ldmrs_driver:/home/agilex/autoware.ai/install/sick_ldmrs_msgs:/home/agilex/autoware.ai/install/sick_ldmrs_description:${CMAKE_PREFIX_PATH} LD_LIBRARY_PATH=/home/agilex/autoware.ai/install/sick_ldmrs_driver/lib:${LD_LIBRARY_PATH} PATH=/home/agilex/autoware.ai/install/sick_ldmrs_driver/bin:${PATH} PKG_CONFIG_PATH=/home/agilex/autoware.ai/install/sick_ldmrs_tools/lib/x86_64-linux-gnu/pkgconfig:/home/agilex/autoware.ai/install/sick_ldmrs_tools/lib/pkgconfig:/home/agilex/autoware.ai/install/sick_ldmrs_driver/lib/x86_64-linux-gnu/pkgconfig:/home/agilex/autoware.ai/install/sick_ldmrs_driver/lib/pkgconfig:/home/agilex/autoware.ai/install/sick_ldmrs_msgs/lib/x86_64-linux-gnu/pkgconfig:/home/agilex/autoware.ai/install/sick_ldmrs_msgs/lib/pkgconfig:/home/agilex/autoware.ai/install/sick_ldmrs_description/lib/x86_64-linux-gnu/pkgconfig:/home/agilex/autoware.ai/install/sick_ldmrs_description/lib/pkgconfig:${PKG_CONFIG_PATH} PYTHONPATH=/home/agilex/autoware.ai/install/sick_ldmrs_driver/lib/python2.7/dist-packages:/home/agilex/autoware.ai/install/sick_ldmrs_msgs/lib/python2.7/dist-packages:${PYTHONPATH} ROS_PACKAGE_PATH=/home/agilex/autoware.ai/install/sick_ldmrs_tools/share:/home/agilex/autoware.ai/install/sick_ldmrs_driver/share:/home/agilex/autoware.ai/install/sick_ldmrs_msgs/share:/home/agilex/autoware.ai/install/sick_ldmrs_description/share:${ROS_PACKAGE_PATH} /usr/bin/cmake /home/agilex/autoware.ai/src/drivers/awf_drivers/sick_ldmrs_laser -DCMAKE_BUILD_TYPE=Release -DCATKIN_INSTALL_INTO_PREFIX_ROOT=0 -DCMAKE_INSTALL_PREFIX=/home/agilex/autoware.ai/install/sick_ldmrs_laser
[1.894s] Invoking command in '/home/agilex/autoware.ai/build/sick_ldmrs_laser': CMAKE_PREFIX_PATH=/home/agilex/autoware.ai/install/sick_ldmrs_tools:/home/agilex/autoware.ai/install/sick_ldmrs_driver:/home/agilex/autoware.ai/install/sick_ldmrs_msgs:/home/agilex/autoware.ai/install/sick_ldmrs_description:${CMAKE_PREFIX_PATH} LD_LIBRARY_PATH=/home/agilex/autoware.ai/install/sick_ldmrs_driver/lib:${LD_LIBRARY_PATH} PATH=/home/agilex/autoware.ai/install/sick_ldmrs_driver/bin:${PATH} PKG_CONFIG_PATH=/home/agilex/autoware.ai/install/sick_ldmrs_tools/lib/x86_64-linux-gnu/pkgconfig:/home/agilex/autoware.ai/install/sick_ldmrs_tools/lib/pkgconfig:/home/agilex/autoware.ai/install/sick_ldmrs_driver/lib/x86_64-linux-gnu/pkgconfig:/home/agilex/autoware.ai/install/sick_ldmrs_driver/lib/pkgconfig:/home/agilex/autoware.ai/install/sick_ldmrs_msgs/lib/x86_64-linux-gnu/pkgconfig:/home/agilex/autoware.ai/install/sick_ldmrs_msgs/lib/pkgconfig:/home/agilex/autoware.ai/install/sick_ldmrs_description/lib/x86_64-linux-gnu/pkgconfig:/home/agilex/autoware.ai/install/sick_ldmrs_description/lib/pkgconfig:${PKG_CONFIG_PATH} PYTHONPATH=/home/agilex/autoware.ai/install/sick_ldmrs_driver/lib/python2.7/dist-packages:/home/agilex/autoware.ai/install/sick_ldmrs_msgs/lib/python2.7/dist-packages:${PYTHONPATH} ROS_PACKAGE_PATH=/home/agilex/autoware.ai/install/sick_ldmrs_tools/share:/home/agilex/autoware.ai/install/sick_ldmrs_driver/share:/home/agilex/autoware.ai/install/sick_ldmrs_msgs/share:/home/agilex/autoware.ai/install/sick_ldmrs_description/share:${ROS_PACKAGE_PATH} /usr/bin/cmake --build /home/agilex/autoware.ai/build/sick_ldmrs_laser -- -j8 -l8
[1.935s] Invoked command in '/home/agilex/autoware.ai/build/sick_ldmrs_laser' returned '0': CMAKE_PREFIX_PATH=/home/agilex/autoware.ai/install/sick_ldmrs_tools:/home/agilex/autoware.ai/install/sick_ldmrs_driver:/home/agilex/autoware.ai/install/sick_ldmrs_msgs:/home/agilex/autoware.ai/install/sick_ldmrs_description:${CMAKE_PREFIX_PATH} LD_LIBRARY_PATH=/home/agilex/autoware.ai/install/sick_ldmrs_driver/lib:${LD_LIBRARY_PATH} PATH=/home/agilex/autoware.ai/install/sick_ldmrs_driver/bin:${PATH} PKG_CONFIG_PATH=/home/agilex/autoware.ai/install/sick_ldmrs_tools/lib/x86_64-linux-gnu/pkgconfig:/home/agilex/autoware.ai/install/sick_ldmrs_tools/lib/pkgconfig:/home/agilex/autoware.ai/install/sick_ldmrs_driver/lib/x86_64-linux-gnu/pkgconfig:/home/agilex/autoware.ai/install/sick_ldmrs_driver/lib/pkgconfig:/home/agilex/autoware.ai/install/sick_ldmrs_msgs/lib/x86_64-linux-gnu/pkgconfig:/home/agilex/autoware.ai/install/sick_ldmrs_msgs/lib/pkgconfig:/home/agilex/autoware.ai/install/sick_ldmrs_description/lib/x86_64-linux-gnu/pkgconfig:/home/agilex/autoware.ai/install/sick_ldmrs_description/lib/pkgconfig:${PKG_CONFIG_PATH} PYTHONPATH=/home/agilex/autoware.ai/install/sick_ldmrs_driver/lib/python2.7/dist-packages:/home/agilex/autoware.ai/install/sick_ldmrs_msgs/lib/python2.7/dist-packages:${PYTHONPATH} ROS_PACKAGE_PATH=/home/agilex/autoware.ai/install/sick_ldmrs_tools/share:/home/agilex/autoware.ai/install/sick_ldmrs_driver/share:/home/agilex/autoware.ai/install/sick_ldmrs_msgs/share:/home/agilex/autoware.ai/install/sick_ldmrs_description/share:${ROS_PACKAGE_PATH} /usr/bin/cmake --build /home/agilex/autoware.ai/build/sick_ldmrs_laser -- -j8 -l8
[1.966s] Invoking command in '/home/agilex/autoware.ai/build/sick_ldmrs_laser': CMAKE_PREFIX_PATH=/home/agilex/autoware.ai/install/sick_ldmrs_tools:/home/agilex/autoware.ai/install/sick_ldmrs_driver:/home/agilex/autoware.ai/install/sick_ldmrs_msgs:/home/agilex/autoware.ai/install/sick_ldmrs_description:${CMAKE_PREFIX_PATH} LD_LIBRARY_PATH=/home/agilex/autoware.ai/install/sick_ldmrs_driver/lib:${LD_LIBRARY_PATH} PATH=/home/agilex/autoware.ai/install/sick_ldmrs_driver/bin:${PATH} PKG_CONFIG_PATH=/home/agilex/autoware.ai/install/sick_ldmrs_tools/lib/x86_64-linux-gnu/pkgconfig:/home/agilex/autoware.ai/install/sick_ldmrs_tools/lib/pkgconfig:/home/agilex/autoware.ai/install/sick_ldmrs_driver/lib/x86_64-linux-gnu/pkgconfig:/home/agilex/autoware.ai/install/sick_ldmrs_driver/lib/pkgconfig:/home/agilex/autoware.ai/install/sick_ldmrs_msgs/lib/x86_64-linux-gnu/pkgconfig:/home/agilex/autoware.ai/install/sick_ldmrs_msgs/lib/pkgconfig:/home/agilex/autoware.ai/install/sick_ldmrs_description/lib/x86_64-linux-gnu/pkgconfig:/home/agilex/autoware.ai/install/sick_ldmrs_description/lib/pkgconfig:${PKG_CONFIG_PATH} PYTHONPATH=/home/agilex/autoware.ai/install/sick_ldmrs_driver/lib/python2.7/dist-packages:/home/agilex/autoware.ai/install/sick_ldmrs_msgs/lib/python2.7/dist-packages:${PYTHONPATH} ROS_PACKAGE_PATH=/home/agilex/autoware.ai/install/sick_ldmrs_tools/share:/home/agilex/autoware.ai/install/sick_ldmrs_driver/share:/home/agilex/autoware.ai/install/sick_ldmrs_msgs/share:/home/agilex/autoware.ai/install/sick_ldmrs_description/share:${ROS_PACKAGE_PATH} /usr/bin/cmake --build /home/agilex/autoware.ai/build/sick_ldmrs_laser --target tests -- -j8 -l8
[2.016s] [35m[1mScanning dependencies of target tests[0m
[2.025s] Built target tests
[2.041s] Invoked command in '/home/agilex/autoware.ai/build/sick_ldmrs_laser' returned '0': CMAKE_PREFIX_PATH=/home/agilex/autoware.ai/install/sick_ldmrs_tools:/home/agilex/autoware.ai/install/sick_ldmrs_driver:/home/agilex/autoware.ai/install/sick_ldmrs_msgs:/home/agilex/autoware.ai/install/sick_ldmrs_description:${CMAKE_PREFIX_PATH} LD_LIBRARY_PATH=/home/agilex/autoware.ai/install/sick_ldmrs_driver/lib:${LD_LIBRARY_PATH} PATH=/home/agilex/autoware.ai/install/sick_ldmrs_driver/bin:${PATH} PKG_CONFIG_PATH=/home/agilex/autoware.ai/install/sick_ldmrs_tools/lib/x86_64-linux-gnu/pkgconfig:/home/agilex/autoware.ai/install/sick_ldmrs_tools/lib/pkgconfig:/home/agilex/autoware.ai/install/sick_ldmrs_driver/lib/x86_64-linux-gnu/pkgconfig:/home/agilex/autoware.ai/install/sick_ldmrs_driver/lib/pkgconfig:/home/agilex/autoware.ai/install/sick_ldmrs_msgs/lib/x86_64-linux-gnu/pkgconfig:/home/agilex/autoware.ai/install/sick_ldmrs_msgs/lib/pkgconfig:/home/agilex/autoware.ai/install/sick_ldmrs_description/lib/x86_64-linux-gnu/pkgconfig:/home/agilex/autoware.ai/install/sick_ldmrs_description/lib/pkgconfig:${PKG_CONFIG_PATH} PYTHONPATH=/home/agilex/autoware.ai/install/sick_ldmrs_driver/lib/python2.7/dist-packages:/home/agilex/autoware.ai/install/sick_ldmrs_msgs/lib/python2.7/dist-packages:${PYTHONPATH} ROS_PACKAGE_PATH=/home/agilex/autoware.ai/install/sick_ldmrs_tools/share:/home/agilex/autoware.ai/install/sick_ldmrs_driver/share:/home/agilex/autoware.ai/install/sick_ldmrs_msgs/share:/home/agilex/autoware.ai/install/sick_ldmrs_description/share:${ROS_PACKAGE_PATH} /usr/bin/cmake --build /home/agilex/autoware.ai/build/sick_ldmrs_laser --target tests -- -j8 -l8
[2.061s] Invoking command in '/home/agilex/autoware.ai/build/sick_ldmrs_laser': CMAKE_PREFIX_PATH=/home/agilex/autoware.ai/install/sick_ldmrs_tools:/home/agilex/autoware.ai/install/sick_ldmrs_driver:/home/agilex/autoware.ai/install/sick_ldmrs_msgs:/home/agilex/autoware.ai/install/sick_ldmrs_description:${CMAKE_PREFIX_PATH} LD_LIBRARY_PATH=/home/agilex/autoware.ai/install/sick_ldmrs_driver/lib:${LD_LIBRARY_PATH} PATH=/home/agilex/autoware.ai/install/sick_ldmrs_driver/bin:${PATH} PKG_CONFIG_PATH=/home/agilex/autoware.ai/install/sick_ldmrs_tools/lib/x86_64-linux-gnu/pkgconfig:/home/agilex/autoware.ai/install/sick_ldmrs_tools/lib/pkgconfig:/home/agilex/autoware.ai/install/sick_ldmrs_driver/lib/x86_64-linux-gnu/pkgconfig:/home/agilex/autoware.ai/install/sick_ldmrs_driver/lib/pkgconfig:/home/agilex/autoware.ai/install/sick_ldmrs_msgs/lib/x86_64-linux-gnu/pkgconfig:/home/agilex/autoware.ai/install/sick_ldmrs_msgs/lib/pkgconfig:/home/agilex/autoware.ai/install/sick_ldmrs_description/lib/x86_64-linux-gnu/pkgconfig:/home/agilex/autoware.ai/install/sick_ldmrs_description/lib/pkgconfig:${PKG_CONFIG_PATH} PYTHONPATH=/home/agilex/autoware.ai/install/sick_ldmrs_driver/lib/python2.7/dist-packages:/home/agilex/autoware.ai/install/sick_ldmrs_msgs/lib/python2.7/dist-packages:${PYTHONPATH} ROS_PACKAGE_PATH=/home/agilex/autoware.ai/install/sick_ldmrs_tools/share:/home/agilex/autoware.ai/install/sick_ldmrs_driver/share:/home/agilex/autoware.ai/install/sick_ldmrs_msgs/share:/home/agilex/autoware.ai/install/sick_ldmrs_description/share:${ROS_PACKAGE_PATH} /usr/bin/cmake --build /home/agilex/autoware.ai/build/sick_ldmrs_laser --target install -- -j8 -l8
[2.109s] [36mInstall the project...[0m
[2.117s] -- Install configuration: "Release"
[2.118s] -- Installing: /home/agilex/autoware.ai/install/sick_ldmrs_laser/share/sick_ldmrs_laser/package.xml
[2.123s] Invoked command in '/home/agilex/autoware.ai/build/sick_ldmrs_laser' returned '0': CMAKE_PREFIX_PATH=/home/agilex/autoware.ai/install/sick_ldmrs_tools:/home/agilex/autoware.ai/install/sick_ldmrs_driver:/home/agilex/autoware.ai/install/sick_ldmrs_msgs:/home/agilex/autoware.ai/install/sick_ldmrs_description:${CMAKE_PREFIX_PATH} LD_LIBRARY_PATH=/home/agilex/autoware.ai/install/sick_ldmrs_driver/lib:${LD_LIBRARY_PATH} PATH=/home/agilex/autoware.ai/install/sick_ldmrs_driver/bin:${PATH} PKG_CONFIG_PATH=/home/agilex/autoware.ai/install/sick_ldmrs_tools/lib/x86_64-linux-gnu/pkgconfig:/home/agilex/autoware.ai/install/sick_ldmrs_tools/lib/pkgconfig:/home/agilex/autoware.ai/install/sick_ldmrs_driver/lib/x86_64-linux-gnu/pkgconfig:/home/agilex/autoware.ai/install/sick_ldmrs_driver/lib/pkgconfig:/home/agilex/autoware.ai/install/sick_ldmrs_msgs/lib/x86_64-linux-gnu/pkgconfig:/home/agilex/autoware.ai/install/sick_ldmrs_msgs/lib/pkgconfig:/home/agilex/autoware.ai/install/sick_ldmrs_description/lib/x86_64-linux-gnu/pkgconfig:/home/agilex/autoware.ai/install/sick_ldmrs_description/lib/pkgconfig:${PKG_CONFIG_PATH} PYTHONPATH=/home/agilex/autoware.ai/install/sick_ldmrs_driver/lib/python2.7/dist-packages:/home/agilex/autoware.ai/install/sick_ldmrs_msgs/lib/python2.7/dist-packages:${PYTHONPATH} ROS_PACKAGE_PATH=/home/agilex/autoware.ai/install/sick_ldmrs_tools/share:/home/agilex/autoware.ai/install/sick_ldmrs_driver/share:/home/agilex/autoware.ai/install/sick_ldmrs_msgs/share:/home/agilex/autoware.ai/install/sick_ldmrs_description/share:${ROS_PACKAGE_PATH} /usr/bin/cmake --build /home/agilex/autoware.ai/build/sick_ldmrs_laser --target install -- -j8 -l8
