Determining if the pthread_create exist failed with the following output:
Change Dir: /home/agilex/autoware.ai/build/sick_ldmrs_description/CMakeFiles/CMakeTmp

Run Build Command:"/usr/bin/make" "cmTC_44daa/fast"
/usr/bin/make -f CMakeFiles/cmTC_44daa.dir/build.make CMakeFiles/cmTC_44daa.dir/build
make[1]: Entering directory '/home/agilex/autoware.ai/build/sick_ldmrs_description/CMakeFiles/CMakeTmp'
Building C object CMakeFiles/cmTC_44daa.dir/CheckSymbolExists.c.o
/usr/bin/cc    -o CMakeFiles/cmTC_44daa.dir/CheckSymbolExists.c.o   -c /home/agilex/autoware.ai/build/sick_ldmrs_description/CMakeFiles/CMakeTmp/CheckSymbolExists.c
Linking C executable cmTC_44daa
/usr/bin/cmake -E cmake_link_script CMakeFiles/cmTC_44daa.dir/link.txt --verbose=1
/usr/bin/cc      -rdynamic CMakeFiles/cmTC_44daa.dir/CheckSymbolExists.c.o  -o cmTC_44daa 
CMakeFiles/cmTC_44daa.dir/CheckSymbolExists.c.o: In function `main':
CheckSymbolExists.c:(.text+0x1b): undefined reference to `pthread_create'
collect2: error: ld returned 1 exit status
CMakeFiles/cmTC_44daa.dir/build.make:97: recipe for target 'cmTC_44daa' failed
make[1]: *** [cmTC_44daa] Error 1
make[1]: Leaving directory '/home/agilex/autoware.ai/build/sick_ldmrs_description/CMakeFiles/CMakeTmp'
Makefile:126: recipe for target 'cmTC_44daa/fast' failed
make: *** [cmTC_44daa/fast] Error 2

File /home/agilex/autoware.ai/build/sick_ldmrs_description/CMakeFiles/CMakeTmp/CheckSymbolExists.c:
/* */
#include <pthread.h>

int main(int argc, char** argv)
{
  (void)argv;
#ifndef pthread_create
  return ((int*)(&pthread_create))[argc];
#else
  (void)argc;
  return 0;
#endif
}

Determining if the function pthread_create exists in the pthreads failed with the following output:
Change Dir: /home/agilex/autoware.ai/build/sick_ldmrs_description/CMakeFiles/CMakeTmp

Run Build Command:"/usr/bin/make" "cmTC_8a792/fast"
/usr/bin/make -f CMakeFiles/cmTC_8a792.dir/build.make CMakeFiles/cmTC_8a792.dir/build
make[1]: Entering directory '/home/agilex/autoware.ai/build/sick_ldmrs_description/CMakeFiles/CMakeTmp'
Building C object CMakeFiles/cmTC_8a792.dir/CheckFunctionExists.c.o
/usr/bin/cc   -DCHECK_FUNCTION_EXISTS=pthread_create   -o CMakeFiles/cmTC_8a792.dir/CheckFunctionExists.c.o   -c /usr/share/cmake-3.10/Modules/CheckFunctionExists.c
Linking C executable cmTC_8a792
/usr/bin/cmake -E cmake_link_script CMakeFiles/cmTC_8a792.dir/link.txt --verbose=1
/usr/bin/cc  -DCHECK_FUNCTION_EXISTS=pthread_create    -rdynamic CMakeFiles/cmTC_8a792.dir/CheckFunctionExists.c.o  -o cmTC_8a792 -lpthreads 
/usr/bin/ld: cannot find -lpthreads
collect2: error: ld returned 1 exit status
CMakeFiles/cmTC_8a792.dir/build.make:97: recipe for target 'cmTC_8a792' failed
make[1]: *** [cmTC_8a792] Error 1
make[1]: Leaving directory '/home/agilex/autoware.ai/build/sick_ldmrs_description/CMakeFiles/CMakeTmp'
Makefile:126: recipe for target 'cmTC_8a792/fast' failed
make: *** [cmTC_8a792/fast] Error 2


