[0.015s] Invoking command in '/home/agilex/autoware.ai/build/multi_lidar_calibrator': CMAKE_PREFIX_PATH=/home/agilex/autoware.ai/install/autoware_build_flags:${CMAKE_PREFIX_PATH} PKG_CONFIG_PATH=/home/agilex/autoware.ai/install/autoware_build_flags/lib/x86_64-linux-gnu/pkgconfig:/home/agilex/autoware.ai/install/autoware_build_flags/lib/pkgconfig:${PKG_CONFIG_PATH} ROS_PACKAGE_PATH=/home/agilex/autoware.ai/install/autoware_build_flags/share:${ROS_PACKAGE_PATH} /usr/bin/cmake --build /home/agilex/autoware.ai/build/multi_lidar_calibrator -- -j8 -l8
[0.125s] [ 50%] Built target multi_lidar_calibrator_lib
[0.177s] [100%] Built target multi_lidar_calibrator
[0.194s] Invoked command in '/home/agilex/autoware.ai/build/multi_lidar_calibrator' returned '0': CMAKE_PREFIX_PATH=/home/agilex/autoware.ai/install/autoware_build_flags:${CMAKE_PREFIX_PATH} PKG_CONFIG_PATH=/home/agilex/autoware.ai/install/autoware_build_flags/lib/x86_64-linux-gnu/pkgconfig:/home/agilex/autoware.ai/install/autoware_build_flags/lib/pkgconfig:${PKG_CONFIG_PATH} ROS_PACKAGE_PATH=/home/agilex/autoware.ai/install/autoware_build_flags/share:${ROS_PACKAGE_PATH} /usr/bin/cmake --build /home/agilex/autoware.ai/build/multi_lidar_calibrator -- -j8 -l8
[0.627s] Invoking command in '/home/agilex/autoware.ai/build/multi_lidar_calibrator': CMAKE_PREFIX_PATH=/home/agilex/autoware.ai/install/autoware_build_flags:${CMAKE_PREFIX_PATH} PKG_CONFIG_PATH=/home/agilex/autoware.ai/install/autoware_build_flags/lib/x86_64-linux-gnu/pkgconfig:/home/agilex/autoware.ai/install/autoware_build_flags/lib/pkgconfig:${PKG_CONFIG_PATH} ROS_PACKAGE_PATH=/home/agilex/autoware.ai/install/autoware_build_flags/share:${ROS_PACKAGE_PATH} /usr/bin/cmake --build /home/agilex/autoware.ai/build/multi_lidar_calibrator --target tests -- -j8 -l8
[0.748s] Built target tests
[0.767s] Invoked command in '/home/agilex/autoware.ai/build/multi_lidar_calibrator' returned '0': CMAKE_PREFIX_PATH=/home/agilex/autoware.ai/install/autoware_build_flags:${CMAKE_PREFIX_PATH} PKG_CONFIG_PATH=/home/agilex/autoware.ai/install/autoware_build_flags/lib/x86_64-linux-gnu/pkgconfig:/home/agilex/autoware.ai/install/autoware_build_flags/lib/pkgconfig:${PKG_CONFIG_PATH} ROS_PACKAGE_PATH=/home/agilex/autoware.ai/install/autoware_build_flags/share:${ROS_PACKAGE_PATH} /usr/bin/cmake --build /home/agilex/autoware.ai/build/multi_lidar_calibrator --target tests -- -j8 -l8
[1.063s] Invoking command in '/home/agilex/autoware.ai/build/multi_lidar_calibrator': CMAKE_PREFIX_PATH=/home/agilex/autoware.ai/install/autoware_build_flags:${CMAKE_PREFIX_PATH} PKG_CONFIG_PATH=/home/agilex/autoware.ai/install/autoware_build_flags/lib/x86_64-linux-gnu/pkgconfig:/home/agilex/autoware.ai/install/autoware_build_flags/lib/pkgconfig:${PKG_CONFIG_PATH} ROS_PACKAGE_PATH=/home/agilex/autoware.ai/install/autoware_build_flags/share:${ROS_PACKAGE_PATH} /usr/bin/cmake --build /home/agilex/autoware.ai/build/multi_lidar_calibrator --target install -- -j8 -l8
[1.133s] [ 50%] Built target multi_lidar_calibrator_lib
[1.165s] [100%] Built target multi_lidar_calibrator
[1.183s] [36mInstall the project...[0m
[1.190s] -- Install configuration: "Release"
[1.191s] -- Up-to-date: /home/agilex/autoware.ai/install/multi_lidar_calibrator/lib/pkgconfig/multi_lidar_calibrator.pc
[1.191s] -- Up-to-date: /home/agilex/autoware.ai/install/multi_lidar_calibrator/share/multi_lidar_calibrator/cmake/multi_lidar_calibratorConfig.cmake
[1.191s] -- Up-to-date: /home/agilex/autoware.ai/install/multi_lidar_calibrator/share/multi_lidar_calibrator/cmake/multi_lidar_calibratorConfig-version.cmake
[1.192s] -- Up-to-date: /home/agilex/autoware.ai/install/multi_lidar_calibrator/share/multi_lidar_calibrator/package.xml
[1.193s] -- Up-to-date: /home/agilex/autoware.ai/install/multi_lidar_calibrator/lib/multi_lidar_calibrator/multi_lidar_calibrator
[1.194s] -- Up-to-date: /home/agilex/autoware.ai/install/multi_lidar_calibrator/lib/libmulti_lidar_calibrator_lib.so
[1.194s] -- Up-to-date: /home/agilex/autoware.ai/install/multi_lidar_calibrator/share/multi_lidar_calibrator/launch
[1.195s] -- Up-to-date: /home/agilex/autoware.ai/install/multi_lidar_calibrator/share/multi_lidar_calibrator/launch/multi_lidar_calibrator.launch
[1.201s] Invoked command in '/home/agilex/autoware.ai/build/multi_lidar_calibrator' returned '0': CMAKE_PREFIX_PATH=/home/agilex/autoware.ai/install/autoware_build_flags:${CMAKE_PREFIX_PATH} PKG_CONFIG_PATH=/home/agilex/autoware.ai/install/autoware_build_flags/lib/x86_64-linux-gnu/pkgconfig:/home/agilex/autoware.ai/install/autoware_build_flags/lib/pkgconfig:${PKG_CONFIG_PATH} ROS_PACKAGE_PATH=/home/agilex/autoware.ai/install/autoware_build_flags/share:${ROS_PACKAGE_PATH} /usr/bin/cmake --build /home/agilex/autoware.ai/build/multi_lidar_calibrator --target install -- -j8 -l8
