[0.017s] Invoking command in '/home/agilex/autoware.ai/build/integrated_viewer': CMAKE_PREFIX_PATH=/home/agilex/autoware.ai/install/autoware_msgs:/home/agilex/autoware.ai/install/autoware_build_flags:${CMAKE_PREFIX_PATH} PKG_CONFIG_PATH=/home/agilex/autoware.ai/install/autoware_msgs/lib/x86_64-linux-gnu/pkgconfig:/home/agilex/autoware.ai/install/autoware_msgs/lib/pkgconfig:/home/agilex/autoware.ai/install/autoware_build_flags/lib/x86_64-linux-gnu/pkgconfig:/home/agilex/autoware.ai/install/autoware_build_flags/lib/pkgconfig:${PKG_CONFIG_PATH} PYTHONPATH=/home/agilex/autoware.ai/install/autoware_msgs/lib/python2.7/dist-packages:${PYTHONPATH} ROS_PACKAGE_PATH=/home/agilex/autoware.ai/install/autoware_msgs/share:/home/agilex/autoware.ai/install/autoware_build_flags/share:${ROS_PACKAGE_PATH} /usr/bin/cmake /home/agilex/autoware.ai/src/autoware/visualization/integrated_viewer -DCMAKE_BUILD_TYPE=Release -DCATKIN_INSTALL_INTO_PREFIX_ROOT=0 -DCMAKE_INSTALL_PREFIX=/home/agilex/autoware.ai/install/integrated_viewer
[0.110s] -- The C compiler identification is GNU 7.5.0
[0.182s] -- The CXX compiler identification is GNU 7.5.0
[0.187s] -- Check for working C compiler: /usr/bin/cc
[0.285s] -- Check for working C compiler: /usr/bin/cc -- works
[0.286s] -- Detecting C compiler ABI info
[0.385s] -- Detecting C compiler ABI info - done
[0.393s] -- Detecting C compile features
[0.645s] -- Detecting C compile features - done
[0.648s] -- Check for working CXX compiler: /usr/bin/c++
[0.758s] -- Check for working CXX compiler: /usr/bin/c++ -- works
[0.758s] -- Detecting CXX compiler ABI info
[0.863s] -- Detecting CXX compiler ABI info - done
[0.870s] -- Detecting CXX compile features
[1.188s] -- Detecting CXX compile features - done
[1.190s] -- CUDA compilation status: .
[1.244s] -- Using CATKIN_DEVEL_PREFIX: /home/agilex/autoware.ai/build/integrated_viewer/devel
[1.244s] -- Using CMAKE_PREFIX_PATH: /home/agilex/autoware.ai/install/autoware_msgs;/home/agilex/autoware.ai/install/autoware_build_flags;/opt/ros/melodic
[1.244s] -- This workspace overlays: /home/agilex/autoware.ai/install/autoware_msgs;/home/agilex/autoware.ai/install/autoware_build_flags;/opt/ros/melodic
[1.257s] -- Found PythonInterp: /usr/bin/python2 (found suitable version "2.7.17", minimum required is "2") 
[1.257s] -- Using PYTHON_EXECUTABLE: /usr/bin/python2
[1.257s] -- Using Debian Python package layout
[1.259s] -- Using empy: /usr/bin/empy
[1.415s] -- Using CATKIN_ENABLE_TESTING: ON
[1.415s] -- Call enable_testing()
[1.416s] -- Using CATKIN_TEST_RESULTS_DIR: /home/agilex/autoware.ai/build/integrated_viewer/test_results
[1.434s] -- Found gtest sources under '/usr/src/googletest': gtests will be built
[1.434s] -- Found gmock sources under '/usr/src/googletest': gmock will be built
[1.446s] -- Found PythonInterp: /usr/bin/python2 (found version "2.7.17") 
[1.447s] -- Looking for pthread.h
[1.509s] -- Looking for pthread.h - found
[1.510s] -- Looking for pthread_create
[1.579s] -- Looking for pthread_create - not found
[1.580s] -- Looking for pthread_create in pthreads
[1.647s] -- Looking for pthread_create in pthreads - not found
[1.648s] -- Looking for pthread_create in pthread
[1.716s] -- Looking for pthread_create in pthread - found
[1.716s] -- Found Threads: TRUE  
[1.716s] -- Using Python nosetests: /usr/bin/nosetests-2.7
[1.759s] -- catkin 0.7.29
[1.760s] -- BUILD_SHARED_LIBS is on
[1.854s] -- Using these message generators: gencpp;geneus;genlisp;gennodejs;genpy
[2.319s] -- Configuring done
[2.361s] -- Generating done
[2.373s] -- Build files have been written to: /home/agilex/autoware.ai/build/integrated_viewer
[2.381s] Invoked command in '/home/agilex/autoware.ai/build/integrated_viewer' returned '0': CMAKE_PREFIX_PATH=/home/agilex/autoware.ai/install/autoware_msgs:/home/agilex/autoware.ai/install/autoware_build_flags:${CMAKE_PREFIX_PATH} PKG_CONFIG_PATH=/home/agilex/autoware.ai/install/autoware_msgs/lib/x86_64-linux-gnu/pkgconfig:/home/agilex/autoware.ai/install/autoware_msgs/lib/pkgconfig:/home/agilex/autoware.ai/install/autoware_build_flags/lib/x86_64-linux-gnu/pkgconfig:/home/agilex/autoware.ai/install/autoware_build_flags/lib/pkgconfig:${PKG_CONFIG_PATH} PYTHONPATH=/home/agilex/autoware.ai/install/autoware_msgs/lib/python2.7/dist-packages:${PYTHONPATH} ROS_PACKAGE_PATH=/home/agilex/autoware.ai/install/autoware_msgs/share:/home/agilex/autoware.ai/install/autoware_build_flags/share:${ROS_PACKAGE_PATH} /usr/bin/cmake /home/agilex/autoware.ai/src/autoware/visualization/integrated_viewer -DCMAKE_BUILD_TYPE=Release -DCATKIN_INSTALL_INTO_PREFIX_ROOT=0 -DCMAKE_INSTALL_PREFIX=/home/agilex/autoware.ai/install/integrated_viewer
[2.382s] Invoking command in '/home/agilex/autoware.ai/build/integrated_viewer': CMAKE_PREFIX_PATH=/home/agilex/autoware.ai/install/autoware_msgs:/home/agilex/autoware.ai/install/autoware_build_flags:${CMAKE_PREFIX_PATH} PKG_CONFIG_PATH=/home/agilex/autoware.ai/install/autoware_msgs/lib/x86_64-linux-gnu/pkgconfig:/home/agilex/autoware.ai/install/autoware_msgs/lib/pkgconfig:/home/agilex/autoware.ai/install/autoware_build_flags/lib/x86_64-linux-gnu/pkgconfig:/home/agilex/autoware.ai/install/autoware_build_flags/lib/pkgconfig:${PKG_CONFIG_PATH} PYTHONPATH=/home/agilex/autoware.ai/install/autoware_msgs/lib/python2.7/dist-packages:${PYTHONPATH} ROS_PACKAGE_PATH=/home/agilex/autoware.ai/install/autoware_msgs/share:/home/agilex/autoware.ai/install/autoware_build_flags/share:${ROS_PACKAGE_PATH} /usr/bin/cmake --build /home/agilex/autoware.ai/build/integrated_viewer -- -j8 -l8
[2.427s] [35m[1mScanning dependencies of target visualization_msgs_generate_messages_eus[0m
[2.436s] [  0%] Built target visualization_msgs_generate_messages_eus
[2.446s] [35m[1mScanning dependencies of target visualization_msgs_generate_messages_py[0m
[2.456s] [  0%] Built target visualization_msgs_generate_messages_py
[2.465s] [35m[1mScanning dependencies of target visualization_msgs_generate_messages_nodejs[0m
[2.474s] [  0%] Built target visualization_msgs_generate_messages_nodejs
[2.483s] [35m[1mScanning dependencies of target jsk_footstep_msgs_generate_messages_nodejs[0m
[2.492s] [  0%] Built target jsk_footstep_msgs_generate_messages_nodejs
[2.501s] [35m[1mScanning dependencies of target jsk_footstep_msgs_generate_messages_lisp[0m
[2.511s] [  0%] Built target jsk_footstep_msgs_generate_messages_lisp
[2.520s] [35m[1mScanning dependencies of target jsk_footstep_msgs_generate_messages_eus[0m
[2.529s] [  0%] Built target jsk_footstep_msgs_generate_messages_eus
[2.538s] [35m[1mScanning dependencies of target actionlib_msgs_generate_messages_py[0m
[2.547s] [  0%] Built target actionlib_msgs_generate_messages_py
[2.556s] [35m[1mScanning dependencies of target geometry_msgs_generate_messages_py[0m
[2.566s] [  0%] Built target geometry_msgs_generate_messages_py
[2.575s] [35m[1mScanning dependencies of target nav_msgs_generate_messages_lisp[0m
[2.583s] [  0%] Built target nav_msgs_generate_messages_lisp
[2.593s] [35m[1mScanning dependencies of target pcl_msgs_generate_messages_nodejs[0m
[2.602s] [  0%] Built target pcl_msgs_generate_messages_nodejs
[2.610s] [35m[1mScanning dependencies of target jsk_recognition_msgs_generate_messages_py[0m
[2.619s] [  0%] Built target jsk_recognition_msgs_generate_messages_py
[2.628s] [35m[1mScanning dependencies of target pcl_msgs_generate_messages_eus[0m
[2.637s] [  0%] Built target pcl_msgs_generate_messages_eus
[2.645s] [35m[1mScanning dependencies of target rosgraph_msgs_generate_messages_eus[0m
[2.655s] [  0%] Built target rosgraph_msgs_generate_messages_eus
[2.665s] [35m[1mScanning dependencies of target jsk_recognition_msgs_generate_messages_lisp[0m
[2.673s] [  0%] Built target jsk_recognition_msgs_generate_messages_lisp
[2.681s] [35m[1mScanning dependencies of target jsk_recognition_msgs_generate_messages_eus[0m
[2.691s] [  0%] Built target jsk_recognition_msgs_generate_messages_eus
[2.700s] [35m[1mScanning dependencies of target tf2_msgs_generate_messages_cpp[0m
[2.709s] [  0%] Built target tf2_msgs_generate_messages_cpp
[2.719s] [35m[1mScanning dependencies of target sensor_msgs_generate_messages_py[0m
[2.729s] [  0%] Built target sensor_msgs_generate_messages_py
[2.741s] [35m[1mScanning dependencies of target tf_generate_messages_py[0m
[2.750s] [  0%] Built target tf_generate_messages_py
[2.760s] [35m[1mScanning dependencies of target sensor_msgs_generate_messages_nodejs[0m
[2.768s] [  0%] Built target sensor_msgs_generate_messages_nodejs
[2.781s] [35m[1mScanning dependencies of target roscpp_generate_messages_cpp[0m
[2.792s] [  0%] Built target roscpp_generate_messages_cpp
[2.801s] [35m[1mScanning dependencies of target actionlib_generate_messages_cpp[0m
[2.810s] [  0%] Built target actionlib_generate_messages_cpp
[2.818s] [35m[1mScanning dependencies of target autoware_msgs_generate_messages_lisp[0m
[2.827s] [  0%] Built target autoware_msgs_generate_messages_lisp
[2.836s] [35m[1mScanning dependencies of target rviz_generate_messages_cpp[0m
[2.845s] [  0%] Built target rviz_generate_messages_cpp
[2.854s] [35m[1mScanning dependencies of target jsk_footstep_msgs_generate_messages_py[0m
[2.863s] [  0%] Built target jsk_footstep_msgs_generate_messages_py
[2.872s] [35m[1mScanning dependencies of target std_msgs_generate_messages_cpp[0m
[2.881s] [  0%] Built target std_msgs_generate_messages_cpp
[2.890s] [35m[1mScanning dependencies of target geometry_msgs_generate_messages_lisp[0m
[2.898s] [  0%] Built target geometry_msgs_generate_messages_lisp
[2.907s] [35m[1mScanning dependencies of target autoware_msgs_generate_messages_py[0m
[2.916s] [  0%] Built target autoware_msgs_generate_messages_py
[2.925s] [35m[1mScanning dependencies of target std_msgs_generate_messages_py[0m
[2.934s] [  0%] Built target std_msgs_generate_messages_py
[2.942s] [35m[1mScanning dependencies of target autoware_msgs_generate_messages_cpp[0m
[2.951s] [  0%] Built target autoware_msgs_generate_messages_cpp
[2.960s] [35m[1mScanning dependencies of target rosgraph_msgs_generate_messages_cpp[0m
[2.972s] [  0%] Built target rosgraph_msgs_generate_messages_cpp
[2.980s] [35m[1mScanning dependencies of target pcl_msgs_generate_messages_cpp[0m
[2.989s] [  0%] Built target pcl_msgs_generate_messages_cpp
[2.998s] [35m[1mScanning dependencies of target jsk_recognition_msgs_generate_messages_cpp[0m
[3.015s] [  0%] Built target jsk_recognition_msgs_generate_messages_cpp
[3.028s] [35m[1mScanning dependencies of target nav_msgs_generate_messages_cpp[0m
[3.037s] [  0%] Built target nav_msgs_generate_messages_cpp
[3.045s] [35m[1mScanning dependencies of target sensor_msgs_generate_messages_lisp[0m
[3.054s] [  0%] Built target sensor_msgs_generate_messages_lisp
[3.065s] [35m[1mScanning dependencies of target std_srvs_generate_messages_cpp[0m
[3.077s] [  0%] Built target std_srvs_generate_messages_cpp
[3.086s] [35m[1mScanning dependencies of target autoware_msgs_generate_messages_eus[0m
[3.104s] [  0%] Built target autoware_msgs_generate_messages_eus
[3.113s] [35m[1mScanning dependencies of target autoware_msgs_generate_messages_nodejs[0m
[3.122s] [  0%] Built target autoware_msgs_generate_messages_nodejs
[3.130s] [35m[1mScanning dependencies of target visualization_msgs_generate_messages_lisp[0m
[3.139s] [  0%] Built target visualization_msgs_generate_messages_lisp
[3.149s] [35m[1mScanning dependencies of target std_msgs_generate_messages_eus[0m
[3.158s] [  0%] Built target std_msgs_generate_messages_eus
[3.167s] [35m[1mScanning dependencies of target rviz_generate_messages_nodejs[0m
[3.177s] [  0%] Built target rviz_generate_messages_nodejs
[3.186s] [35m[1mScanning dependencies of target geometry_msgs_generate_messages_eus[0m
[3.198s] [  0%] Built target geometry_msgs_generate_messages_eus
[3.206s] [35m[1mScanning dependencies of target std_msgs_generate_messages_nodejs[0m
[3.215s] [  0%] Built target std_msgs_generate_messages_nodejs
[3.224s] [35m[1mScanning dependencies of target sensor_msgs_generate_messages_eus[0m
[3.233s] [  0%] Built target sensor_msgs_generate_messages_eus
[3.242s] [35m[1mScanning dependencies of target std_srvs_generate_messages_lisp[0m
[3.251s] [  0%] Built target std_srvs_generate_messages_lisp
[3.260s] [35m[1mScanning dependencies of target roscpp_generate_messages_nodejs[0m
[3.269s] [  0%] Built target roscpp_generate_messages_nodejs
[3.278s] [35m[1mScanning dependencies of target std_msgs_generate_messages_lisp[0m
[3.287s] [  0%] Built target std_msgs_generate_messages_lisp
[3.296s] [35m[1mScanning dependencies of target sensor_msgs_generate_messages_cpp[0m
[3.307s] [  0%] Built target sensor_msgs_generate_messages_cpp
[3.316s] [35m[1mScanning dependencies of target actionlib_msgs_generate_messages_lisp[0m
[3.324s] [  0%] Built target actionlib_msgs_generate_messages_lisp
[3.333s] [35m[1mScanning dependencies of target map_msgs_generate_messages_nodejs[0m
[3.342s] [  0%] Built target map_msgs_generate_messages_nodejs
[3.350s] [35m[1mScanning dependencies of target actionlib_msgs_generate_messages_nodejs[0m
[3.359s] [  0%] Built target actionlib_msgs_generate_messages_nodejs
[3.368s] [35m[1mScanning dependencies of target geometry_msgs_generate_messages_nodejs[0m
[3.379s] [  0%] Built target geometry_msgs_generate_messages_nodejs
[3.388s] [35m[1mScanning dependencies of target std_srvs_generate_messages_eus[0m
[3.399s] [  0%] Built target std_srvs_generate_messages_eus
[3.408s] [35m[1mScanning dependencies of target jsk_recognition_msgs_generate_messages_nodejs[0m
[3.417s] [  0%] Built target jsk_recognition_msgs_generate_messages_nodejs
[3.425s] [35m[1mScanning dependencies of target roscpp_generate_messages_lisp[0m
[3.434s] [  0%] Built target roscpp_generate_messages_lisp
[3.443s] [35m[1mScanning dependencies of target roscpp_generate_messages_py[0m
[3.461s] [  0%] Built target roscpp_generate_messages_py
[3.469s] [35m[1mScanning dependencies of target rosgraph_msgs_generate_messages_lisp[0m
[3.479s] [  0%] Built target rosgraph_msgs_generate_messages_lisp
[3.488s] [35m[1mScanning dependencies of target rosgraph_msgs_generate_messages_nodejs[0m
[3.498s] [  0%] Built target rosgraph_msgs_generate_messages_nodejs
[3.507s] [35m[1mScanning dependencies of target actionlib_msgs_generate_messages_eus[0m
[3.516s] [  0%] Built target actionlib_msgs_generate_messages_eus
[3.527s] [35m[1mScanning dependencies of target roscpp_generate_messages_eus[0m
[3.537s] [  0%] Built target roscpp_generate_messages_eus
[3.546s] [35m[1mScanning dependencies of target rosgraph_msgs_generate_messages_py[0m
[3.555s] [  0%] Built target rosgraph_msgs_generate_messages_py
[3.564s] [35m[1mScanning dependencies of target rviz_generate_messages_eus[0m
[3.573s] [  0%] Built target rviz_generate_messages_eus
[3.585s] [35m[1mScanning dependencies of target geometry_msgs_generate_messages_cpp[0m
[3.594s] [  0%] Built target geometry_msgs_generate_messages_cpp
[3.603s] [35m[1mScanning dependencies of target actionlib_generate_messages_lisp[0m
[3.612s] [  0%] Built target actionlib_generate_messages_lisp
[3.621s] [35m[1mScanning dependencies of target rviz_generate_messages_lisp[0m
[3.630s] [  0%] Built target rviz_generate_messages_lisp
[3.644s] [35m[1mScanning dependencies of target rviz_generate_messages_py[0m
[3.653s] [  0%] Built target rviz_generate_messages_py
[3.662s] [35m[1mScanning dependencies of target tf2_msgs_generate_messages_nodejs[0m
[3.671s] [  0%] Built target tf2_msgs_generate_messages_nodejs
[3.680s] [35m[1mScanning dependencies of target jsk_footstep_msgs_generate_messages_cpp[0m
[3.690s] [  0%] Built target jsk_footstep_msgs_generate_messages_cpp
[3.698s] [35m[1mScanning dependencies of target actionlib_msgs_generate_messages_cpp[0m
[3.707s] [  0%] Built target actionlib_msgs_generate_messages_cpp
[3.716s] [35m[1mScanning dependencies of target tf_generate_messages_eus[0m
[3.725s] [  0%] Built target tf_generate_messages_eus
[3.736s] [35m[1mScanning dependencies of target tf_generate_messages_lisp[0m
[3.743s] [  0%] Built target tf_generate_messages_lisp
[3.752s] [35m[1mScanning dependencies of target tf_generate_messages_nodejs[0m
[3.761s] [  0%] Built target tf_generate_messages_nodejs
[3.772s] [35m[1mScanning dependencies of target pcl_msgs_generate_messages_py[0m
[3.783s] [  0%] Built target pcl_msgs_generate_messages_py
[3.793s] [35m[1mScanning dependencies of target actionlib_generate_messages_eus[0m
[3.805s] [  0%] Built target actionlib_generate_messages_eus
[3.815s] [35m[1mScanning dependencies of target pcl_msgs_generate_messages_lisp[0m
[3.823s] [  0%] Built target pcl_msgs_generate_messages_lisp
[3.832s] [35m[1mScanning dependencies of target tf_generate_messages_cpp[0m
[3.841s] [  0%] Built target tf_generate_messages_cpp
[3.851s] [35m[1mScanning dependencies of target actionlib_generate_messages_nodejs[0m
[3.860s] [  0%] Built target actionlib_generate_messages_nodejs
[3.869s] [35m[1mScanning dependencies of target nav_msgs_generate_messages_py[0m
[3.879s] [  0%] Built target nav_msgs_generate_messages_py
[3.894s] [35m[1mScanning dependencies of target tf2_msgs_generate_messages_lisp[0m
[3.906s] [  0%] Built target tf2_msgs_generate_messages_lisp
[3.917s] [35m[1mScanning dependencies of target map_msgs_generate_messages_cpp[0m
[3.927s] [  0%] Built target map_msgs_generate_messages_cpp
[3.936s] [35m[1mScanning dependencies of target actionlib_generate_messages_py[0m
[3.945s] [  0%] Built target actionlib_generate_messages_py
[3.954s] [35m[1mScanning dependencies of target tf2_msgs_generate_messages_py[0m
[3.964s] [  0%] Built target tf2_msgs_generate_messages_py
[3.975s] [35m[1mScanning dependencies of target nav_msgs_generate_messages_eus[0m
[3.984s] [  0%] Built target nav_msgs_generate_messages_eus
[3.994s] [35m[1mScanning dependencies of target tf2_msgs_generate_messages_eus[0m
[4.003s] [  0%] Built target tf2_msgs_generate_messages_eus
[4.014s] [35m[1mScanning dependencies of target visualization_msgs_generate_messages_cpp[0m
[4.021s] [  0%] Built target visualization_msgs_generate_messages_cpp
[4.030s] [35m[1mScanning dependencies of target map_msgs_generate_messages_eus[0m
[4.039s] [  0%] Built target map_msgs_generate_messages_eus
[4.047s] [35m[1mScanning dependencies of target map_msgs_generate_messages_lisp[0m
[4.056s] [  0%] Built target map_msgs_generate_messages_lisp
[4.065s] [35m[1mScanning dependencies of target map_msgs_generate_messages_py[0m
[4.074s] [  0%] Built target map_msgs_generate_messages_py
[4.083s] [35m[1mScanning dependencies of target nav_msgs_generate_messages_nodejs[0m
[4.092s] [  0%] Built target nav_msgs_generate_messages_nodejs
[4.103s] [35m[1mScanning dependencies of target std_srvs_generate_messages_nodejs[0m
[4.112s] [  0%] Built target std_srvs_generate_messages_nodejs
[4.120s] [35m[1mScanning dependencies of target std_srvs_generate_messages_py[0m
[4.129s] [  0%] Built target std_srvs_generate_messages_py
[4.138s] [  6%] [34m[1mGenerating ui_data_rate_checker_form.h[0m
[4.150s] [ 12%] [34m[1mGenerating ui_image_viewer_form.h[0m
[4.162s] [ 18%] [34m[1mGenerating ui_form.h[0m
[4.174s] [ 25%] [34m[1mGenerating node/data_rate_checker_plugin/moc_data_rate_checker_plugin.cpp[0m
[4.184s] [ 31%] [34m[1mGenerating node/image_viewer_plugin/moc_image_viewer_plugin.cpp[0m
[4.194s] [ 37%] [34m[1mGenerating node/traffic_light_plugin/moc_traffic_light_plugin.cpp[0m
[4.210s] [35m[1mScanning dependencies of target integrated_viewer[0m
[4.271s] [ 43%] [32mBuilding CXX object CMakeFiles/integrated_viewer.dir/node/traffic_light_plugin/traffic_light_plugin.cpp.o[0m
[7.579s] [ 50%] [32mBuilding CXX object CMakeFiles/integrated_viewer.dir/node/image_viewer_plugin/moc_image_viewer_plugin.cpp.o[0m
[9.891s] [ 56%] [32mBuilding CXX object CMakeFiles/integrated_viewer.dir/node/data_rate_checker_plugin/moc_data_rate_checker_plugin.cpp.o[0m
[11.932s] [ 62%] [32mBuilding CXX object CMakeFiles/integrated_viewer.dir/node/traffic_light_plugin/moc_traffic_light_plugin.cpp.o[0m
[13.990s] [ 68%] [32mBuilding CXX object CMakeFiles/integrated_viewer.dir/node/data_rate_checker_plugin/data_rate_checker_plugin.cpp.o[0m
[17.321s] [ 75%] [32mBuilding CXX object CMakeFiles/integrated_viewer.dir/node/image_viewer_plugin/draw_lane.cpp.o[0m
[18.284s] [ 81%] [32mBuilding CXX object CMakeFiles/integrated_viewer.dir/node/image_viewer_plugin/draw_points.cpp.o[0m
[19.891s] [ 87%] [32mBuilding CXX object CMakeFiles/integrated_viewer.dir/node/image_viewer_plugin/draw_rects.cpp.o[0m
[21.947s] [ 93%] [32mBuilding CXX object CMakeFiles/integrated_viewer.dir/node/image_viewer_plugin/image_viewer_plugin.cpp.o[0m
[26.784s] [100%] [32m[1mLinking CXX shared library devel/lib/libintegrated_viewer.so[0m
[27.366s] [100%] Built target integrated_viewer
[27.381s] Invoked command in '/home/agilex/autoware.ai/build/integrated_viewer' returned '0': CMAKE_PREFIX_PATH=/home/agilex/autoware.ai/install/autoware_msgs:/home/agilex/autoware.ai/install/autoware_build_flags:${CMAKE_PREFIX_PATH} PKG_CONFIG_PATH=/home/agilex/autoware.ai/install/autoware_msgs/lib/x86_64-linux-gnu/pkgconfig:/home/agilex/autoware.ai/install/autoware_msgs/lib/pkgconfig:/home/agilex/autoware.ai/install/autoware_build_flags/lib/x86_64-linux-gnu/pkgconfig:/home/agilex/autoware.ai/install/autoware_build_flags/lib/pkgconfig:${PKG_CONFIG_PATH} PYTHONPATH=/home/agilex/autoware.ai/install/autoware_msgs/lib/python2.7/dist-packages:${PYTHONPATH} ROS_PACKAGE_PATH=/home/agilex/autoware.ai/install/autoware_msgs/share:/home/agilex/autoware.ai/install/autoware_build_flags/share:${ROS_PACKAGE_PATH} /usr/bin/cmake --build /home/agilex/autoware.ai/build/integrated_viewer -- -j8 -l8
[27.464s] Invoking command in '/home/agilex/autoware.ai/build/integrated_viewer': CMAKE_PREFIX_PATH=/home/agilex/autoware.ai/install/autoware_msgs:/home/agilex/autoware.ai/install/autoware_build_flags:${CMAKE_PREFIX_PATH} PKG_CONFIG_PATH=/home/agilex/autoware.ai/install/autoware_msgs/lib/x86_64-linux-gnu/pkgconfig:/home/agilex/autoware.ai/install/autoware_msgs/lib/pkgconfig:/home/agilex/autoware.ai/install/autoware_build_flags/lib/x86_64-linux-gnu/pkgconfig:/home/agilex/autoware.ai/install/autoware_build_flags/lib/pkgconfig:${PKG_CONFIG_PATH} PYTHONPATH=/home/agilex/autoware.ai/install/autoware_msgs/lib/python2.7/dist-packages:${PYTHONPATH} ROS_PACKAGE_PATH=/home/agilex/autoware.ai/install/autoware_msgs/share:/home/agilex/autoware.ai/install/autoware_build_flags/share:${ROS_PACKAGE_PATH} /usr/bin/cmake --build /home/agilex/autoware.ai/build/integrated_viewer --target tests -- -j8 -l8
[27.528s] [35m[1mScanning dependencies of target tests[0m
[27.543s] Built target tests
[27.558s] Invoked command in '/home/agilex/autoware.ai/build/integrated_viewer' returned '0': CMAKE_PREFIX_PATH=/home/agilex/autoware.ai/install/autoware_msgs:/home/agilex/autoware.ai/install/autoware_build_flags:${CMAKE_PREFIX_PATH} PKG_CONFIG_PATH=/home/agilex/autoware.ai/install/autoware_msgs/lib/x86_64-linux-gnu/pkgconfig:/home/agilex/autoware.ai/install/autoware_msgs/lib/pkgconfig:/home/agilex/autoware.ai/install/autoware_build_flags/lib/x86_64-linux-gnu/pkgconfig:/home/agilex/autoware.ai/install/autoware_build_flags/lib/pkgconfig:${PKG_CONFIG_PATH} PYTHONPATH=/home/agilex/autoware.ai/install/autoware_msgs/lib/python2.7/dist-packages:${PYTHONPATH} ROS_PACKAGE_PATH=/home/agilex/autoware.ai/install/autoware_msgs/share:/home/agilex/autoware.ai/install/autoware_build_flags/share:${ROS_PACKAGE_PATH} /usr/bin/cmake --build /home/agilex/autoware.ai/build/integrated_viewer --target tests -- -j8 -l8
[28.034s] Invoking command in '/home/agilex/autoware.ai/build/integrated_viewer': CMAKE_PREFIX_PATH=/home/agilex/autoware.ai/install/autoware_msgs:/home/agilex/autoware.ai/install/autoware_build_flags:${CMAKE_PREFIX_PATH} PKG_CONFIG_PATH=/home/agilex/autoware.ai/install/autoware_msgs/lib/x86_64-linux-gnu/pkgconfig:/home/agilex/autoware.ai/install/autoware_msgs/lib/pkgconfig:/home/agilex/autoware.ai/install/autoware_build_flags/lib/x86_64-linux-gnu/pkgconfig:/home/agilex/autoware.ai/install/autoware_build_flags/lib/pkgconfig:${PKG_CONFIG_PATH} PYTHONPATH=/home/agilex/autoware.ai/install/autoware_msgs/lib/python2.7/dist-packages:${PYTHONPATH} ROS_PACKAGE_PATH=/home/agilex/autoware.ai/install/autoware_msgs/share:/home/agilex/autoware.ai/install/autoware_build_flags/share:${ROS_PACKAGE_PATH} /usr/bin/cmake --build /home/agilex/autoware.ai/build/integrated_viewer --target install -- -j8 -l8
[28.202s] [  0%] Built target visualization_msgs_generate_messages_eus
[28.236s] [  0%] Built target visualization_msgs_generate_messages_py
[28.299s] [  0%] Built target visualization_msgs_generate_messages_nodejs
[28.334s] [  0%] Built target jsk_footstep_msgs_generate_messages_nodejs
[28.369s] [  0%] Built target jsk_footstep_msgs_generate_messages_lisp
[28.387s] [  0%] Built target jsk_footstep_msgs_generate_messages_eus
[28.408s] [  0%] Built target actionlib_msgs_generate_messages_py
[28.425s] [  0%] Built target geometry_msgs_generate_messages_py
[28.462s] [  0%] Built target nav_msgs_generate_messages_lisp
[28.503s] [  0%] Built target pcl_msgs_generate_messages_nodejs
[28.524s] [  0%] Built target jsk_recognition_msgs_generate_messages_py
[28.547s] [  0%] Built target pcl_msgs_generate_messages_eus
[28.565s] [  0%] Built target rosgraph_msgs_generate_messages_eus
[28.584s] [  0%] Built target jsk_recognition_msgs_generate_messages_lisp
[28.605s] [  0%] Built target jsk_recognition_msgs_generate_messages_eus
[28.624s] [  0%] Built target tf2_msgs_generate_messages_cpp
[28.642s] [  0%] Built target sensor_msgs_generate_messages_py
[28.661s] [  0%] Built target tf_generate_messages_py
[28.680s] [  0%] Built target sensor_msgs_generate_messages_nodejs
[28.700s] [  0%] Built target roscpp_generate_messages_cpp
[28.719s] [  0%] Built target actionlib_generate_messages_cpp
[28.738s] [  0%] Built target autoware_msgs_generate_messages_lisp
[28.757s] [  0%] Built target rviz_generate_messages_cpp
[28.778s] [  0%] Built target jsk_footstep_msgs_generate_messages_py
[28.796s] [  0%] Built target std_msgs_generate_messages_cpp
[28.814s] [  0%] Built target geometry_msgs_generate_messages_lisp
[28.832s] [  0%] Built target autoware_msgs_generate_messages_py
[28.857s] [  0%] Built target std_msgs_generate_messages_py
[28.876s] [  0%] Built target autoware_msgs_generate_messages_cpp
[28.894s] [  0%] Built target rosgraph_msgs_generate_messages_cpp
[28.913s] [  0%] Built target pcl_msgs_generate_messages_cpp
[28.934s] [  0%] Built target jsk_recognition_msgs_generate_messages_cpp
[28.950s] [  0%] Built target nav_msgs_generate_messages_cpp
[28.967s] [  0%] Built target sensor_msgs_generate_messages_lisp
[28.987s] [  0%] Built target std_srvs_generate_messages_cpp
[29.006s] [  0%] Built target autoware_msgs_generate_messages_eus
[29.022s] [  0%] Built target autoware_msgs_generate_messages_nodejs
[29.039s] [  0%] Built target visualization_msgs_generate_messages_lisp
[29.056s] [  0%] Built target std_msgs_generate_messages_eus
[29.073s] [  0%] Built target rviz_generate_messages_nodejs
[29.091s] [  0%] Built target geometry_msgs_generate_messages_eus
[29.110s] [  0%] Built target std_msgs_generate_messages_nodejs
[29.127s] [  0%] Built target sensor_msgs_generate_messages_eus
[29.145s] [  0%] Built target std_srvs_generate_messages_lisp
[29.163s] [  0%] Built target roscpp_generate_messages_nodejs
[29.183s] [  0%] Built target std_msgs_generate_messages_lisp
[29.200s] [  0%] Built target sensor_msgs_generate_messages_cpp
[29.217s] [  0%] Built target actionlib_msgs_generate_messages_lisp
[29.234s] [  0%] Built target map_msgs_generate_messages_nodejs
[29.252s] [  0%] Built target actionlib_msgs_generate_messages_nodejs
[29.269s] [  0%] Built target geometry_msgs_generate_messages_nodejs
[29.289s] [  0%] Built target std_srvs_generate_messages_eus
[29.315s] [  0%] Built target jsk_recognition_msgs_generate_messages_nodejs
[29.332s] [  0%] Built target roscpp_generate_messages_lisp
[29.350s] [  0%] Built target roscpp_generate_messages_py
[29.367s] [  0%] Built target rosgraph_msgs_generate_messages_lisp
[29.388s] [  0%] Built target rosgraph_msgs_generate_messages_nodejs
[29.403s] [  0%] Built target actionlib_msgs_generate_messages_eus
[29.421s] [  0%] Built target roscpp_generate_messages_eus
[29.438s] [  0%] Built target rosgraph_msgs_generate_messages_py
[29.460s] [  0%] Built target rviz_generate_messages_eus
[29.479s] [  0%] Built target geometry_msgs_generate_messages_cpp
[29.497s] [  0%] Built target actionlib_generate_messages_lisp
[29.519s] [  0%] Built target rviz_generate_messages_lisp
[29.536s] [  0%] Built target rviz_generate_messages_py
[29.558s] [  0%] Built target tf2_msgs_generate_messages_nodejs
[29.576s] [  0%] Built target jsk_footstep_msgs_generate_messages_cpp
[29.595s] [  0%] Built target actionlib_msgs_generate_messages_cpp
[29.613s] [  0%] Built target tf_generate_messages_eus
[29.631s] [  0%] Built target tf_generate_messages_lisp
[29.649s] [  0%] Built target tf_generate_messages_nodejs
[29.667s] [  0%] Built target pcl_msgs_generate_messages_py
[29.684s] [  0%] Built target actionlib_generate_messages_eus
[29.702s] [  0%] Built target pcl_msgs_generate_messages_lisp
[29.719s] [  0%] Built target tf_generate_messages_cpp
[29.744s] [  0%] Built target actionlib_generate_messages_nodejs
[29.761s] [  0%] Built target nav_msgs_generate_messages_py
[29.780s] [  0%] Built target tf2_msgs_generate_messages_lisp
[29.797s] [  0%] Built target map_msgs_generate_messages_cpp
[29.816s] [  0%] Built target actionlib_generate_messages_py
[29.833s] [  0%] Built target tf2_msgs_generate_messages_py
[29.854s] [  0%] Built target nav_msgs_generate_messages_eus
[29.872s] [  0%] Built target tf2_msgs_generate_messages_eus
[29.893s] [  0%] Built target visualization_msgs_generate_messages_cpp
[29.921s] [  0%] Built target map_msgs_generate_messages_eus
[29.941s] [  0%] Built target map_msgs_generate_messages_lisp
[29.960s] [  0%] Built target map_msgs_generate_messages_py
[29.978s] [  0%] Built target nav_msgs_generate_messages_nodejs
[29.996s] [  0%] Built target std_srvs_generate_messages_nodejs
[30.013s] [  0%] Built target std_srvs_generate_messages_py
[30.049s] [100%] Built target integrated_viewer
[30.068s] [36mInstall the project...[0m
[30.076s] -- Install configuration: "Release"
[30.076s] -- Installing: /home/agilex/autoware.ai/install/integrated_viewer/lib/pkgconfig/integrated_viewer.pc
[30.076s] -- Installing: /home/agilex/autoware.ai/install/integrated_viewer/share/integrated_viewer/cmake/integrated_viewerConfig.cmake
[30.076s] -- Installing: /home/agilex/autoware.ai/install/integrated_viewer/share/integrated_viewer/cmake/integrated_viewerConfig-version.cmake
[30.076s] -- Installing: /home/agilex/autoware.ai/install/integrated_viewer/share/integrated_viewer/package.xml
[30.077s] -- Installing: /home/agilex/autoware.ai/install/integrated_viewer/lib/libintegrated_viewer.so
[30.080s] -- Set runtime path of "/home/agilex/autoware.ai/install/integrated_viewer/lib/libintegrated_viewer.so" to ""
[30.080s] -- Installing: /home/agilex/autoware.ai/install/integrated_viewer/share/integrated_viewer/rviz_plugin_description.xml
[30.080s] -- Installing: /home/agilex/autoware.ai/install/integrated_viewer/share/integrated_viewer/node/image_viewer_plugin/autoware_logo.png
[30.080s] -- Installing: /home/agilex/autoware.ai/install/integrated_viewer/share/integrated_viewer/node/image_viewer_plugin/car.png
[30.080s] -- Installing: /home/agilex/autoware.ai/install/integrated_viewer/share/integrated_viewer/node/image_viewer_plugin/pedestrian.png
[30.083s] Invoked command in '/home/agilex/autoware.ai/build/integrated_viewer' returned '0': CMAKE_PREFIX_PATH=/home/agilex/autoware.ai/install/autoware_msgs:/home/agilex/autoware.ai/install/autoware_build_flags:${CMAKE_PREFIX_PATH} PKG_CONFIG_PATH=/home/agilex/autoware.ai/install/autoware_msgs/lib/x86_64-linux-gnu/pkgconfig:/home/agilex/autoware.ai/install/autoware_msgs/lib/pkgconfig:/home/agilex/autoware.ai/install/autoware_build_flags/lib/x86_64-linux-gnu/pkgconfig:/home/agilex/autoware.ai/install/autoware_build_flags/lib/pkgconfig:${PKG_CONFIG_PATH} PYTHONPATH=/home/agilex/autoware.ai/install/autoware_msgs/lib/python2.7/dist-packages:${PYTHONPATH} ROS_PACKAGE_PATH=/home/agilex/autoware.ai/install/autoware_msgs/share:/home/agilex/autoware.ai/install/autoware_build_flags/share:${ROS_PACKAGE_PATH} /usr/bin/cmake --build /home/agilex/autoware.ai/build/integrated_viewer --target install -- -j8 -l8
