[0.025s] Invoking command in '/home/agilex/autoware.ai/build/detected_objects_visualizer': CMAKE_PREFIX_PATH=/home/agilex/autoware.ai/install/autoware_msgs:/home/agilex/autoware.ai/install/autoware_build_flags:${CMAKE_PREFIX_PATH} PKG_CONFIG_PATH=/home/agilex/autoware.ai/install/autoware_msgs/lib/x86_64-linux-gnu/pkgconfig:/home/agilex/autoware.ai/install/autoware_msgs/lib/pkgconfig:/home/agilex/autoware.ai/install/autoware_build_flags/lib/x86_64-linux-gnu/pkgconfig:/home/agilex/autoware.ai/install/autoware_build_flags/lib/pkgconfig:${PKG_CONFIG_PATH} PYTHONPATH=/home/agilex/autoware.ai/install/autoware_msgs/lib/python2.7/dist-packages:${PYTHONPATH} ROS_PACKAGE_PATH=/home/agilex/autoware.ai/install/autoware_msgs/share:/home/agilex/autoware.ai/install/autoware_build_flags/share:${ROS_PACKAGE_PATH} /usr/bin/cmake /home/agilex/autoware.ai/src/autoware/visualization/detected_objects_visualizer -DCMAKE_BUILD_TYPE=Release -DCATKIN_INSTALL_INTO_PREFIX_ROOT=0 -DCMAKE_INSTALL_PREFIX=/home/agilex/autoware.ai/install/detected_objects_visualizer
[0.114s] -- The C compiler identification is GNU 7.5.0
[0.170s] -- The CXX compiler identification is GNU 7.5.0
[0.175s] -- Check for working C compiler: /usr/bin/cc
[0.235s] -- Check for working C compiler: /usr/bin/cc -- works
[0.235s] -- Detecting C compiler ABI info
[0.295s] -- Detecting C compiler ABI info - done
[0.305s] -- Detecting C compile features
[0.490s] -- Detecting C compile features - done
[0.494s] -- Check for working CXX compiler: /usr/bin/c++
[0.560s] -- Check for working CXX compiler: /usr/bin/c++ -- works
[0.561s] -- Detecting CXX compiler ABI info
[0.633s] -- Detecting CXX compiler ABI info - done
[0.641s] -- Detecting CXX compile features
[0.949s] -- Detecting CXX compile features - done
[0.951s] -- Using CATKIN_DEVEL_PREFIX: /home/agilex/autoware.ai/build/detected_objects_visualizer/devel
[0.951s] -- Using CMAKE_PREFIX_PATH: /home/agilex/autoware.ai/install/autoware_msgs;/home/agilex/autoware.ai/install/autoware_build_flags;/opt/ros/melodic
[0.952s] -- This workspace overlays: /home/agilex/autoware.ai/install/autoware_msgs;/home/agilex/autoware.ai/install/autoware_build_flags;/opt/ros/melodic
[0.964s] -- Found PythonInterp: /usr/bin/python2 (found suitable version "2.7.17", minimum required is "2") 
[0.965s] -- Using PYTHON_EXECUTABLE: /usr/bin/python2
[0.965s] -- Using Debian Python package layout
[0.965s] -- Using empy: /usr/bin/empy
[1.134s] -- Using CATKIN_ENABLE_TESTING: ON
[1.134s] -- Call enable_testing()
[1.136s] -- Using CATKIN_TEST_RESULTS_DIR: /home/agilex/autoware.ai/build/detected_objects_visualizer/test_results
[1.154s] -- Found gtest sources under '/usr/src/googletest': gtests will be built
[1.154s] -- Found gmock sources under '/usr/src/googletest': gmock will be built
[1.167s] -- Found PythonInterp: /usr/bin/python2 (found version "2.7.17") 
[1.168s] -- Looking for pthread.h
[1.229s] -- Looking for pthread.h - found
[1.230s] -- Looking for pthread_create
[1.293s] -- Looking for pthread_create - not found
[1.294s] -- Looking for pthread_create in pthreads
[1.342s] -- Looking for pthread_create in pthreads - not found
[1.343s] -- Looking for pthread_create in pthread
[1.404s] -- Looking for pthread_create in pthread - found
[1.405s] -- Found Threads: TRUE  
[1.410s] -- Using Python nosetests: /usr/bin/nosetests-2.7
[1.454s] -- catkin 0.7.29
[1.455s] -- BUILD_SHARED_LIBS is on
[1.537s] -- CUDA compilation status: .
[1.633s] -- Using these message generators: gencpp;geneus;genlisp;gennodejs;genpy
[1.927s] -- Found OpenCV: /usr (found version "3.2.0") 
[1.930s] -- Configuring done
[1.978s] -- Generating done
[1.987s] -- Build files have been written to: /home/agilex/autoware.ai/build/detected_objects_visualizer
[1.994s] Invoked command in '/home/agilex/autoware.ai/build/detected_objects_visualizer' returned '0': CMAKE_PREFIX_PATH=/home/agilex/autoware.ai/install/autoware_msgs:/home/agilex/autoware.ai/install/autoware_build_flags:${CMAKE_PREFIX_PATH} PKG_CONFIG_PATH=/home/agilex/autoware.ai/install/autoware_msgs/lib/x86_64-linux-gnu/pkgconfig:/home/agilex/autoware.ai/install/autoware_msgs/lib/pkgconfig:/home/agilex/autoware.ai/install/autoware_build_flags/lib/x86_64-linux-gnu/pkgconfig:/home/agilex/autoware.ai/install/autoware_build_flags/lib/pkgconfig:${PKG_CONFIG_PATH} PYTHONPATH=/home/agilex/autoware.ai/install/autoware_msgs/lib/python2.7/dist-packages:${PYTHONPATH} ROS_PACKAGE_PATH=/home/agilex/autoware.ai/install/autoware_msgs/share:/home/agilex/autoware.ai/install/autoware_build_flags/share:${ROS_PACKAGE_PATH} /usr/bin/cmake /home/agilex/autoware.ai/src/autoware/visualization/detected_objects_visualizer -DCMAKE_BUILD_TYPE=Release -DCATKIN_INSTALL_INTO_PREFIX_ROOT=0 -DCMAKE_INSTALL_PREFIX=/home/agilex/autoware.ai/install/detected_objects_visualizer
[1.995s] Invoking command in '/home/agilex/autoware.ai/build/detected_objects_visualizer': CMAKE_PREFIX_PATH=/home/agilex/autoware.ai/install/autoware_msgs:/home/agilex/autoware.ai/install/autoware_build_flags:${CMAKE_PREFIX_PATH} PKG_CONFIG_PATH=/home/agilex/autoware.ai/install/autoware_msgs/lib/x86_64-linux-gnu/pkgconfig:/home/agilex/autoware.ai/install/autoware_msgs/lib/pkgconfig:/home/agilex/autoware.ai/install/autoware_build_flags/lib/x86_64-linux-gnu/pkgconfig:/home/agilex/autoware.ai/install/autoware_build_flags/lib/pkgconfig:${PKG_CONFIG_PATH} PYTHONPATH=/home/agilex/autoware.ai/install/autoware_msgs/lib/python2.7/dist-packages:${PYTHONPATH} ROS_PACKAGE_PATH=/home/agilex/autoware.ai/install/autoware_msgs/share:/home/agilex/autoware.ai/install/autoware_build_flags/share:${ROS_PACKAGE_PATH} /usr/bin/cmake --build /home/agilex/autoware.ai/build/detected_objects_visualizer -- -j8 -l8
[2.036s] [35m[1mScanning dependencies of target visualization_msgs_generate_messages_py[0m
[2.045s] [  0%] Built target visualization_msgs_generate_messages_py
[2.053s] [35m[1mScanning dependencies of target jsk_recognition_msgs_generate_messages_cpp[0m
[2.062s] [  0%] Built target jsk_recognition_msgs_generate_messages_cpp
[2.071s] [35m[1mScanning dependencies of target sensor_msgs_generate_messages_lisp[0m
[2.079s] [  0%] Built target sensor_msgs_generate_messages_lisp
[2.088s] [35m[1mScanning dependencies of target autoware_msgs_generate_messages_eus[0m
[2.097s] [  0%] Built target autoware_msgs_generate_messages_eus
[2.105s] [35m[1mScanning dependencies of target autoware_msgs_generate_messages_cpp[0m
[2.114s] [  0%] Built target autoware_msgs_generate_messages_cpp
[2.123s] [35m[1mScanning dependencies of target rosgraph_msgs_generate_messages_cpp[0m
[2.132s] [  0%] Built target rosgraph_msgs_generate_messages_cpp
[2.140s] [35m[1mScanning dependencies of target std_msgs_generate_messages_nodejs[0m
[2.149s] [  0%] Built target std_msgs_generate_messages_nodejs
[2.158s] [35m[1mScanning dependencies of target sensor_msgs_generate_messages_eus[0m
[2.166s] [  0%] Built target sensor_msgs_generate_messages_eus
[2.175s] [35m[1mScanning dependencies of target sensor_msgs_generate_messages_cpp[0m
[2.184s] [  0%] Built target sensor_msgs_generate_messages_cpp
[2.192s] [35m[1mScanning dependencies of target sensor_msgs_generate_messages_py[0m
[2.202s] [  0%] Built target sensor_msgs_generate_messages_py
[2.210s] [35m[1mScanning dependencies of target tf_generate_messages_py[0m
[2.220s] [  0%] Built target tf_generate_messages_py
[2.228s] [35m[1mScanning dependencies of target autoware_msgs_generate_messages_py[0m
[2.238s] [  0%] Built target autoware_msgs_generate_messages_py
[2.246s] [35m[1mScanning dependencies of target std_msgs_generate_messages_py[0m
[2.255s] [  0%] Built target std_msgs_generate_messages_py
[2.264s] [35m[1mScanning dependencies of target std_msgs_generate_messages_cpp[0m
[2.273s] [  0%] Built target std_msgs_generate_messages_cpp
[2.282s] [35m[1mScanning dependencies of target jsk_footstep_msgs_generate_messages_py[0m
[2.291s] [  0%] Built target jsk_footstep_msgs_generate_messages_py
[2.301s] [35m[1mScanning dependencies of target visualization_msgs_generate_messages_nodejs[0m
[2.309s] [  0%] Built target visualization_msgs_generate_messages_nodejs
[2.319s] [35m[1mScanning dependencies of target actionlib_msgs_generate_messages_nodejs[0m
[2.331s] [  0%] Built target actionlib_msgs_generate_messages_nodejs
[2.353s] [35m[1mScanning dependencies of target geometry_msgs_generate_messages_nodejs[0m
[2.362s] [  0%] Built target geometry_msgs_generate_messages_nodejs
[2.371s] [35m[1mScanning dependencies of target std_msgs_generate_messages_lisp[0m
[2.380s] [  0%] Built target std_msgs_generate_messages_lisp
[2.389s] [35m[1mScanning dependencies of target roscpp_generate_messages_nodejs[0m
[2.399s] [  0%] Built target roscpp_generate_messages_nodejs
[2.407s] [35m[1mScanning dependencies of target geometry_msgs_generate_messages_eus[0m
[2.417s] [  0%] Built target geometry_msgs_generate_messages_eus
[2.426s] [35m[1mScanning dependencies of target roscpp_generate_messages_py[0m
[2.436s] [  0%] Built target roscpp_generate_messages_py
[2.444s] [35m[1mScanning dependencies of target rosgraph_msgs_generate_messages_eus[0m
[2.453s] [  0%] Built target rosgraph_msgs_generate_messages_eus
[2.462s] [35m[1mScanning dependencies of target roscpp_generate_messages_lisp[0m
[2.471s] [  0%] Built target roscpp_generate_messages_lisp
[2.480s] [35m[1mScanning dependencies of target jsk_recognition_msgs_generate_messages_nodejs[0m
[2.490s] [  0%] Built target jsk_recognition_msgs_generate_messages_nodejs
[2.499s] [35m[1mScanning dependencies of target rosgraph_msgs_generate_messages_lisp[0m
[2.508s] [  0%] Built target rosgraph_msgs_generate_messages_lisp
[2.519s] [35m[1mScanning dependencies of target autoware_msgs_generate_messages_nodejs[0m
[2.528s] [  0%] Built target autoware_msgs_generate_messages_nodejs
[2.538s] [35m[1mScanning dependencies of target visualization_msgs_generate_messages_lisp[0m
[2.548s] [  0%] Built target visualization_msgs_generate_messages_lisp
[2.557s] [35m[1mScanning dependencies of target std_msgs_generate_messages_eus[0m
[2.567s] [  0%] Built target std_msgs_generate_messages_eus
[2.586s] [35m[1mScanning dependencies of target actionlib_msgs_generate_messages_eus[0m
[2.595s] [  0%] Built target actionlib_msgs_generate_messages_eus
[2.605s] [35m[1mScanning dependencies of target roscpp_generate_messages_eus[0m
[2.621s] [  0%] Built target roscpp_generate_messages_eus
[2.636s] [35m[1mScanning dependencies of target rosgraph_msgs_generate_messages_py[0m
[2.645s] [  0%] Built target rosgraph_msgs_generate_messages_py
[2.655s] [35m[1mScanning dependencies of target rosgraph_msgs_generate_messages_nodejs[0m
[2.664s] [  0%] Built target rosgraph_msgs_generate_messages_nodejs
[2.674s] [35m[1mScanning dependencies of target jsk_recognition_msgs_generate_messages_eus[0m
[2.684s] [  0%] Built target jsk_recognition_msgs_generate_messages_eus
[2.703s] [35m[1mScanning dependencies of target tf2_msgs_generate_messages_cpp[0m
[2.712s] [  0%] Built target tf2_msgs_generate_messages_cpp
[2.722s] [35m[1mScanning dependencies of target jsk_recognition_msgs_generate_messages_lisp[0m
[2.733s] [  0%] Built target jsk_recognition_msgs_generate_messages_lisp
[2.742s] [35m[1mScanning dependencies of target jsk_recognition_msgs_generate_messages_py[0m
[2.752s] [  0%] Built target jsk_recognition_msgs_generate_messages_py
[2.779s] [35m[1mScanning dependencies of target pcl_msgs_generate_messages_cpp[0m
[2.808s] [  0%] Built target pcl_msgs_generate_messages_cpp
[2.830s] [35m[1mScanning dependencies of target pcl_msgs_generate_messages_eus[0m
[2.861s] [  0%] Built target pcl_msgs_generate_messages_eus
[2.871s] [35m[1mScanning dependencies of target pcl_msgs_generate_messages_nodejs[0m
[2.886s] [  0%] Built target pcl_msgs_generate_messages_nodejs
[2.895s] [35m[1mScanning dependencies of target jsk_footstep_msgs_generate_messages_eus[0m
[2.905s] [  0%] Built target jsk_footstep_msgs_generate_messages_eus
[2.915s] [35m[1mScanning dependencies of target actionlib_msgs_generate_messages_py[0m
[2.924s] [  0%] Built target actionlib_msgs_generate_messages_py
[2.942s] [35m[1mScanning dependencies of target jsk_footstep_msgs_generate_messages_lisp[0m
[2.952s] [  0%] Built target jsk_footstep_msgs_generate_messages_lisp
[2.962s] [35m[1mScanning dependencies of target jsk_footstep_msgs_generate_messages_nodejs[0m
[2.973s] [  0%] Built target jsk_footstep_msgs_generate_messages_nodejs
[2.984s] [35m[1mScanning dependencies of target actionlib_msgs_generate_messages_lisp[0m
[2.996s] [  0%] Built target actionlib_msgs_generate_messages_lisp
[3.004s] [35m[1mScanning dependencies of target jsk_footstep_msgs_generate_messages_cpp[0m
[3.021s] [  0%] Built target jsk_footstep_msgs_generate_messages_cpp
[3.043s] [35m[1mScanning dependencies of target actionlib_msgs_generate_messages_cpp[0m
[3.060s] [  0%] Built target actionlib_msgs_generate_messages_cpp
[3.076s] [35m[1mScanning dependencies of target tf_generate_messages_eus[0m
[3.094s] [  0%] Built target tf_generate_messages_eus
[3.107s] [35m[1mScanning dependencies of target tf_generate_messages_lisp[0m
[3.123s] [  0%] Built target tf_generate_messages_lisp
[3.133s] [35m[1mScanning dependencies of target tf_generate_messages_nodejs[0m
[3.160s] [  0%] Built target tf_generate_messages_nodejs
[3.177s] [35m[1mScanning dependencies of target pcl_msgs_generate_messages_py[0m
[3.187s] [  0%] Built target pcl_msgs_generate_messages_py
[3.197s] [35m[1mScanning dependencies of target actionlib_generate_messages_eus[0m
[3.222s] [  0%] Built target actionlib_generate_messages_eus
[3.236s] [35m[1mScanning dependencies of target geometry_msgs_generate_messages_cpp[0m
[3.254s] [  0%] Built target geometry_msgs_generate_messages_cpp
[3.270s] [35m[1mScanning dependencies of target actionlib_generate_messages_lisp[0m
[3.279s] [  0%] Built target actionlib_generate_messages_lisp
[3.288s] [35m[1mScanning dependencies of target pcl_msgs_generate_messages_lisp[0m
[3.297s] [  0%] Built target pcl_msgs_generate_messages_lisp
[3.307s] [35m[1mScanning dependencies of target tf_generate_messages_cpp[0m
[3.316s] [  0%] Built target tf_generate_messages_cpp
[3.328s] [35m[1mScanning dependencies of target actionlib_generate_messages_nodejs[0m
[3.338s] [  0%] Built target actionlib_generate_messages_nodejs
[3.347s] [35m[1mScanning dependencies of target tf2_msgs_generate_messages_lisp[0m
[3.356s] [  0%] Built target tf2_msgs_generate_messages_lisp
[3.364s] [35m[1mScanning dependencies of target actionlib_generate_messages_py[0m
[3.374s] [  0%] Built target actionlib_generate_messages_py
[3.383s] [35m[1mScanning dependencies of target tf2_msgs_generate_messages_py[0m
[3.394s] [  0%] Built target tf2_msgs_generate_messages_py
[3.404s] [35m[1mScanning dependencies of target tf2_msgs_generate_messages_nodejs[0m
[3.416s] [  0%] Built target tf2_msgs_generate_messages_nodejs
[3.427s] [35m[1mScanning dependencies of target tf2_msgs_generate_messages_eus[0m
[3.436s] [  0%] Built target tf2_msgs_generate_messages_eus
[3.445s] [35m[1mScanning dependencies of target visualization_msgs_generate_messages_cpp[0m
[3.455s] [  0%] Built target visualization_msgs_generate_messages_cpp
[3.470s] [35m[1mScanning dependencies of target visualization_msgs_generate_messages_eus[0m
[3.479s] [  0%] Built target visualization_msgs_generate_messages_eus
[3.488s] [35m[1mScanning dependencies of target autoware_msgs_generate_messages_lisp[0m
[3.496s] [  0%] Built target autoware_msgs_generate_messages_lisp
[3.507s] [35m[1mScanning dependencies of target geometry_msgs_generate_messages_lisp[0m
[3.516s] [  0%] Built target geometry_msgs_generate_messages_lisp
[3.525s] [35m[1mScanning dependencies of target geometry_msgs_generate_messages_py[0m
[3.534s] [  0%] Built target geometry_msgs_generate_messages_py
[3.542s] [35m[1mScanning dependencies of target actionlib_generate_messages_cpp[0m
[3.555s] [  0%] Built target actionlib_generate_messages_cpp
[3.564s] [35m[1mScanning dependencies of target roscpp_generate_messages_cpp[0m
[3.574s] [  0%] Built target roscpp_generate_messages_cpp
[3.582s] [35m[1mScanning dependencies of target sensor_msgs_generate_messages_nodejs[0m
[3.591s] [  0%] Built target sensor_msgs_generate_messages_nodejs
[3.599s] [35m[1mScanning dependencies of target visualize_detected_objects[0m
[3.619s] [ 16%] [32mBuilding CXX object CMakeFiles/visualize_detected_objects.dir/src/visualize_detected_objects_main.cpp.o[0m
[4.817s] [ 33%] [32mBuilding CXX object CMakeFiles/visualize_detected_objects.dir/src/visualize_detected_objects.cpp.o[0m
[8.060s] [ 50%] [32m[1mLinking CXX executable devel/lib/detected_objects_visualizer/visualize_detected_objects[0m
[8.221s] [ 50%] Built target visualize_detected_objects
[8.232s] [35m[1mScanning dependencies of target visualize_rects[0m
[8.256s] [ 66%] [32mBuilding CXX object CMakeFiles/visualize_rects.dir/src/visualize_rects_main.cpp.o[0m
[10.434s] [ 83%] [32mBuilding CXX object CMakeFiles/visualize_rects.dir/src/visualize_rects.cpp.o[0m
[17.174s] [100%] [32m[1mLinking CXX executable devel/lib/detected_objects_visualizer/visualize_rects[0m
[17.555s] [100%] Built target visualize_rects
[17.568s] Invoked command in '/home/agilex/autoware.ai/build/detected_objects_visualizer' returned '0': CMAKE_PREFIX_PATH=/home/agilex/autoware.ai/install/autoware_msgs:/home/agilex/autoware.ai/install/autoware_build_flags:${CMAKE_PREFIX_PATH} PKG_CONFIG_PATH=/home/agilex/autoware.ai/install/autoware_msgs/lib/x86_64-linux-gnu/pkgconfig:/home/agilex/autoware.ai/install/autoware_msgs/lib/pkgconfig:/home/agilex/autoware.ai/install/autoware_build_flags/lib/x86_64-linux-gnu/pkgconfig:/home/agilex/autoware.ai/install/autoware_build_flags/lib/pkgconfig:${PKG_CONFIG_PATH} PYTHONPATH=/home/agilex/autoware.ai/install/autoware_msgs/lib/python2.7/dist-packages:${PYTHONPATH} ROS_PACKAGE_PATH=/home/agilex/autoware.ai/install/autoware_msgs/share:/home/agilex/autoware.ai/install/autoware_build_flags/share:${ROS_PACKAGE_PATH} /usr/bin/cmake --build /home/agilex/autoware.ai/build/detected_objects_visualizer -- -j8 -l8
[17.635s] Invoking command in '/home/agilex/autoware.ai/build/detected_objects_visualizer': CMAKE_PREFIX_PATH=/home/agilex/autoware.ai/install/autoware_msgs:/home/agilex/autoware.ai/install/autoware_build_flags:${CMAKE_PREFIX_PATH} PKG_CONFIG_PATH=/home/agilex/autoware.ai/install/autoware_msgs/lib/x86_64-linux-gnu/pkgconfig:/home/agilex/autoware.ai/install/autoware_msgs/lib/pkgconfig:/home/agilex/autoware.ai/install/autoware_build_flags/lib/x86_64-linux-gnu/pkgconfig:/home/agilex/autoware.ai/install/autoware_build_flags/lib/pkgconfig:${PKG_CONFIG_PATH} PYTHONPATH=/home/agilex/autoware.ai/install/autoware_msgs/lib/python2.7/dist-packages:${PYTHONPATH} ROS_PACKAGE_PATH=/home/agilex/autoware.ai/install/autoware_msgs/share:/home/agilex/autoware.ai/install/autoware_build_flags/share:${ROS_PACKAGE_PATH} /usr/bin/cmake --build /home/agilex/autoware.ai/build/detected_objects_visualizer --target tests -- -j8 -l8
[17.686s] [35m[1mScanning dependencies of target tests[0m
[17.698s] Built target tests
[17.710s] Invoked command in '/home/agilex/autoware.ai/build/detected_objects_visualizer' returned '0': CMAKE_PREFIX_PATH=/home/agilex/autoware.ai/install/autoware_msgs:/home/agilex/autoware.ai/install/autoware_build_flags:${CMAKE_PREFIX_PATH} PKG_CONFIG_PATH=/home/agilex/autoware.ai/install/autoware_msgs/lib/x86_64-linux-gnu/pkgconfig:/home/agilex/autoware.ai/install/autoware_msgs/lib/pkgconfig:/home/agilex/autoware.ai/install/autoware_build_flags/lib/x86_64-linux-gnu/pkgconfig:/home/agilex/autoware.ai/install/autoware_build_flags/lib/pkgconfig:${PKG_CONFIG_PATH} PYTHONPATH=/home/agilex/autoware.ai/install/autoware_msgs/lib/python2.7/dist-packages:${PYTHONPATH} ROS_PACKAGE_PATH=/home/agilex/autoware.ai/install/autoware_msgs/share:/home/agilex/autoware.ai/install/autoware_build_flags/share:${ROS_PACKAGE_PATH} /usr/bin/cmake --build /home/agilex/autoware.ai/build/detected_objects_visualizer --target tests -- -j8 -l8
[17.778s] Invoking command in '/home/agilex/autoware.ai/build/detected_objects_visualizer': CMAKE_PREFIX_PATH=/home/agilex/autoware.ai/install/autoware_msgs:/home/agilex/autoware.ai/install/autoware_build_flags:${CMAKE_PREFIX_PATH} PKG_CONFIG_PATH=/home/agilex/autoware.ai/install/autoware_msgs/lib/x86_64-linux-gnu/pkgconfig:/home/agilex/autoware.ai/install/autoware_msgs/lib/pkgconfig:/home/agilex/autoware.ai/install/autoware_build_flags/lib/x86_64-linux-gnu/pkgconfig:/home/agilex/autoware.ai/install/autoware_build_flags/lib/pkgconfig:${PKG_CONFIG_PATH} PYTHONPATH=/home/agilex/autoware.ai/install/autoware_msgs/lib/python2.7/dist-packages:${PYTHONPATH} ROS_PACKAGE_PATH=/home/agilex/autoware.ai/install/autoware_msgs/share:/home/agilex/autoware.ai/install/autoware_build_flags/share:${ROS_PACKAGE_PATH} /usr/bin/cmake --build /home/agilex/autoware.ai/build/detected_objects_visualizer --target install -- -j8 -l8
[17.828s] [  0%] Built target visualization_msgs_generate_messages_py
[17.845s] [  0%] Built target jsk_recognition_msgs_generate_messages_cpp
[17.863s] [  0%] Built target sensor_msgs_generate_messages_lisp
[17.884s] [  0%] Built target autoware_msgs_generate_messages_eus
[17.903s] [  0%] Built target autoware_msgs_generate_messages_cpp
[17.922s] [  0%] Built target rosgraph_msgs_generate_messages_cpp
[17.941s] [  0%] Built target std_msgs_generate_messages_nodejs
[17.959s] [  0%] Built target sensor_msgs_generate_messages_eus
[17.977s] [  0%] Built target sensor_msgs_generate_messages_cpp
[17.996s] [  0%] Built target sensor_msgs_generate_messages_py
[18.015s] [  0%] Built target tf_generate_messages_py
[18.033s] [  0%] Built target autoware_msgs_generate_messages_py
[18.055s] [  0%] Built target std_msgs_generate_messages_py
[18.074s] [  0%] Built target std_msgs_generate_messages_cpp
[18.092s] [  0%] Built target jsk_footstep_msgs_generate_messages_py
[18.111s] [  0%] Built target visualization_msgs_generate_messages_nodejs
[18.129s] [  0%] Built target actionlib_msgs_generate_messages_nodejs
[18.148s] [  0%] Built target geometry_msgs_generate_messages_nodejs
[18.170s] [  0%] Built target std_msgs_generate_messages_lisp
[18.189s] [  0%] Built target roscpp_generate_messages_nodejs
[18.210s] [  0%] Built target geometry_msgs_generate_messages_eus
[18.230s] [  0%] Built target roscpp_generate_messages_py
[18.252s] [  0%] Built target rosgraph_msgs_generate_messages_eus
[18.270s] [  0%] Built target roscpp_generate_messages_lisp
[18.288s] [  0%] Built target jsk_recognition_msgs_generate_messages_nodejs
[18.306s] [  0%] Built target rosgraph_msgs_generate_messages_lisp
[18.324s] [  0%] Built target autoware_msgs_generate_messages_nodejs
[18.341s] [  0%] Built target visualization_msgs_generate_messages_lisp
[18.362s] [  0%] Built target std_msgs_generate_messages_eus
[18.390s] [  0%] Built target actionlib_msgs_generate_messages_eus
[18.407s] [  0%] Built target roscpp_generate_messages_eus
[18.425s] [  0%] Built target rosgraph_msgs_generate_messages_py
[18.442s] [  0%] Built target rosgraph_msgs_generate_messages_nodejs
[18.460s] [  0%] Built target jsk_recognition_msgs_generate_messages_eus
[18.484s] [  0%] Built target tf2_msgs_generate_messages_cpp
[18.502s] [  0%] Built target jsk_recognition_msgs_generate_messages_lisp
[18.520s] [  0%] Built target jsk_recognition_msgs_generate_messages_py
[18.538s] [  0%] Built target pcl_msgs_generate_messages_cpp
[18.557s] [  0%] Built target pcl_msgs_generate_messages_eus
[18.575s] [  0%] Built target pcl_msgs_generate_messages_nodejs
[18.593s] [  0%] Built target jsk_footstep_msgs_generate_messages_eus
[18.612s] [  0%] Built target actionlib_msgs_generate_messages_py
[18.630s] [  0%] Built target jsk_footstep_msgs_generate_messages_lisp
[18.647s] [  0%] Built target jsk_footstep_msgs_generate_messages_nodejs
[18.666s] [  0%] Built target actionlib_msgs_generate_messages_lisp
[18.684s] [  0%] Built target jsk_footstep_msgs_generate_messages_cpp
[18.702s] [  0%] Built target actionlib_msgs_generate_messages_cpp
[18.720s] [  0%] Built target tf_generate_messages_eus
[18.738s] [  0%] Built target tf_generate_messages_lisp
[18.759s] [  0%] Built target tf_generate_messages_nodejs
[18.777s] [  0%] Built target pcl_msgs_generate_messages_py
[18.795s] [  0%] Built target actionlib_generate_messages_eus
[18.819s] [  0%] Built target geometry_msgs_generate_messages_cpp
[18.840s] [  0%] Built target actionlib_generate_messages_lisp
[18.858s] [  0%] Built target pcl_msgs_generate_messages_lisp
[18.877s] [  0%] Built target tf_generate_messages_cpp
[18.906s] [  0%] Built target actionlib_generate_messages_nodejs
[18.963s] [  0%] Built target tf2_msgs_generate_messages_lisp
[19.023s] [  0%] Built target actionlib_generate_messages_py
[19.052s] [  0%] Built target tf2_msgs_generate_messages_py
[19.086s] [  0%] Built target tf2_msgs_generate_messages_nodejs
[19.120s] [  0%] Built target tf2_msgs_generate_messages_eus
[19.159s] [  0%] Built target visualization_msgs_generate_messages_cpp
[19.208s] [  0%] Built target visualization_msgs_generate_messages_eus
[19.243s] [  0%] Built target autoware_msgs_generate_messages_lisp
[19.296s] [  0%] Built target geometry_msgs_generate_messages_lisp
[19.321s] [  0%] Built target geometry_msgs_generate_messages_py
[19.368s] [  0%] Built target actionlib_generate_messages_cpp
[19.408s] [  0%] Built target roscpp_generate_messages_cpp
[19.442s] [  0%] Built target sensor_msgs_generate_messages_nodejs
[19.483s] [ 50%] Built target visualize_detected_objects
[19.542s] [100%] Built target visualize_rects
[19.559s] [36mInstall the project...[0m
[19.567s] -- Install configuration: "Release"
[19.567s] -- Installing: /home/agilex/autoware.ai/install/detected_objects_visualizer/lib/pkgconfig/detected_objects_visualizer.pc
[19.567s] -- Installing: /home/agilex/autoware.ai/install/detected_objects_visualizer/share/detected_objects_visualizer/cmake/detected_objects_visualizerConfig.cmake
[19.567s] -- Installing: /home/agilex/autoware.ai/install/detected_objects_visualizer/share/detected_objects_visualizer/cmake/detected_objects_visualizerConfig-version.cmake
[19.568s] -- Installing: /home/agilex/autoware.ai/install/detected_objects_visualizer/share/detected_objects_visualizer/package.xml
[19.568s] -- Installing: /home/agilex/autoware.ai/install/detected_objects_visualizer/lib/detected_objects_visualizer/visualize_detected_objects
[19.568s] -- Set runtime path of "/home/agilex/autoware.ai/install/detected_objects_visualizer/lib/detected_objects_visualizer/visualize_detected_objects" to ""
[19.568s] -- Installing: /home/agilex/autoware.ai/install/detected_objects_visualizer/lib/detected_objects_visualizer/visualize_rects
[19.569s] -- Set runtime path of "/home/agilex/autoware.ai/install/detected_objects_visualizer/lib/detected_objects_visualizer/visualize_rects" to ""
[19.569s] -- Installing: /home/agilex/autoware.ai/install/detected_objects_visualizer/share/detected_objects_visualizer/models
[19.569s] -- Installing: /home/agilex/autoware.ai/install/detected_objects_visualizer/share/detected_objects_visualizer/models/bus.dae
[19.569s] -- Installing: /home/agilex/autoware.ai/install/detected_objects_visualizer/share/detected_objects_visualizer/models/truck.dae
[19.569s] -- Installing: /home/agilex/autoware.ai/install/detected_objects_visualizer/share/detected_objects_visualizer/models/person.dae
[19.569s] -- Installing: /home/agilex/autoware.ai/install/detected_objects_visualizer/share/detected_objects_visualizer/models/bike.dae
[19.570s] -- Installing: /home/agilex/autoware.ai/install/detected_objects_visualizer/share/detected_objects_visualizer/models/box.dae
[19.570s] -- Installing: /home/agilex/autoware.ai/install/detected_objects_visualizer/share/detected_objects_visualizer/models/car.dae
[19.573s] Invoked command in '/home/agilex/autoware.ai/build/detected_objects_visualizer' returned '0': CMAKE_PREFIX_PATH=/home/agilex/autoware.ai/install/autoware_msgs:/home/agilex/autoware.ai/install/autoware_build_flags:${CMAKE_PREFIX_PATH} PKG_CONFIG_PATH=/home/agilex/autoware.ai/install/autoware_msgs/lib/x86_64-linux-gnu/pkgconfig:/home/agilex/autoware.ai/install/autoware_msgs/lib/pkgconfig:/home/agilex/autoware.ai/install/autoware_build_flags/lib/x86_64-linux-gnu/pkgconfig:/home/agilex/autoware.ai/install/autoware_build_flags/lib/pkgconfig:${PKG_CONFIG_PATH} PYTHONPATH=/home/agilex/autoware.ai/install/autoware_msgs/lib/python2.7/dist-packages:${PYTHONPATH} ROS_PACKAGE_PATH=/home/agilex/autoware.ai/install/autoware_msgs/share:/home/agilex/autoware.ai/install/autoware_build_flags/share:${ROS_PACKAGE_PATH} /usr/bin/cmake --build /home/agilex/autoware.ai/build/detected_objects_visualizer --target install -- -j8 -l8
