[0.028s] Invoking command in '/home/agilex/autoware.ai/build/mqtt_socket': CMAKE_PREFIX_PATH=/home/agilex/autoware.ai/install/tablet_socket_msgs:/home/agilex/autoware.ai/install/autoware_msgs:/home/agilex/autoware.ai/install/autoware_can_msgs:/home/agilex/autoware.ai/install/autoware_build_flags:${CMAKE_PREFIX_PATH} PKG_CONFIG_PATH=/home/agilex/autoware.ai/install/tablet_socket_msgs/lib/x86_64-linux-gnu/pkgconfig:/home/agilex/autoware.ai/install/tablet_socket_msgs/lib/pkgconfig:/home/agilex/autoware.ai/install/autoware_msgs/lib/x86_64-linux-gnu/pkgconfig:/home/agilex/autoware.ai/install/autoware_msgs/lib/pkgconfig:/home/agilex/autoware.ai/install/autoware_can_msgs/lib/x86_64-linux-gnu/pkgconfig:/home/agilex/autoware.ai/install/autoware_can_msgs/lib/pkgconfig:/home/agilex/autoware.ai/install/autoware_build_flags/lib/x86_64-linux-gnu/pkgconfig:/home/agilex/autoware.ai/install/autoware_build_flags/lib/pkgconfig:${PKG_CONFIG_PATH} PYTHONPATH=/home/agilex/autoware.ai/install/tablet_socket_msgs/lib/python2.7/dist-packages:/home/agilex/autoware.ai/install/autoware_msgs/lib/python2.7/dist-packages:/home/agilex/autoware.ai/install/autoware_can_msgs/lib/python2.7/dist-packages:${PYTHONPATH} ROS_PACKAGE_PATH=/home/agilex/autoware.ai/install/tablet_socket_msgs/share:/home/agilex/autoware.ai/install/autoware_msgs/share:/home/agilex/autoware.ai/install/autoware_can_msgs/share:/home/agilex/autoware.ai/install/autoware_build_flags/share:${ROS_PACKAGE_PATH} /usr/bin/cmake /home/agilex/autoware.ai/src/autoware/utilities/mqtt_socket -DCMAKE_BUILD_TYPE=Release -DCATKIN_INSTALL_INTO_PREFIX_ROOT=0 -DCMAKE_INSTALL_PREFIX=/home/agilex/autoware.ai/install/mqtt_socket
[0.078s] -- The C compiler identification is GNU 7.5.0
[0.129s] -- The CXX compiler identification is GNU 7.5.0
[0.134s] -- Check for working C compiler: /usr/bin/cc
[0.198s] -- Check for working C compiler: /usr/bin/cc -- works
[0.200s] -- Detecting C compiler ABI info
[0.258s] -- Detecting C compiler ABI info - done
[0.267s] -- Detecting C compile features
[0.438s] -- Detecting C compile features - done
[0.441s] -- Check for working CXX compiler: /usr/bin/c++
[0.507s] -- Check for working CXX compiler: /usr/bin/c++ -- works
[0.508s] -- Detecting CXX compiler ABI info
[0.594s] -- Detecting CXX compiler ABI info - done
[0.602s] -- Detecting CXX compile features
[0.931s] -- Detecting CXX compile features - done
[0.932s] -- CUDA compilation status: .
[0.986s] -- Using CATKIN_DEVEL_PREFIX: /home/agilex/autoware.ai/build/mqtt_socket/devel
[0.986s] -- Using CMAKE_PREFIX_PATH: /home/agilex/autoware.ai/install/tablet_socket_msgs;/home/agilex/autoware.ai/install/autoware_msgs;/home/agilex/autoware.ai/install/autoware_can_msgs;/home/agilex/autoware.ai/install/autoware_build_flags;/opt/ros/melodic
[0.986s] -- This workspace overlays: /home/agilex/autoware.ai/install/tablet_socket_msgs;/home/agilex/autoware.ai/install/autoware_msgs;/home/agilex/autoware.ai/install/autoware_can_msgs;/home/agilex/autoware.ai/install/autoware_build_flags;/opt/ros/melodic
[1.000s] -- Found PythonInterp: /usr/bin/python2 (found suitable version "2.7.17", minimum required is "2") 
[1.000s] -- Using PYTHON_EXECUTABLE: /usr/bin/python2
[1.001s] -- Using Debian Python package layout
[1.002s] -- Using empy: /usr/bin/empy
[1.155s] -- Using CATKIN_ENABLE_TESTING: ON
[1.155s] -- Call enable_testing()
[1.157s] -- Using CATKIN_TEST_RESULTS_DIR: /home/agilex/autoware.ai/build/mqtt_socket/test_results
[1.175s] -- Found gtest sources under '/usr/src/googletest': gtests will be built
[1.175s] -- Found gmock sources under '/usr/src/googletest': gmock will be built
[1.189s] -- Found PythonInterp: /usr/bin/python2 (found version "2.7.17") 
[1.190s] -- Looking for pthread.h
[1.256s] -- Looking for pthread.h - found
[1.257s] -- Looking for pthread_create
[1.331s] -- Looking for pthread_create - not found
[1.332s] -- Looking for pthread_create in pthreads
[1.384s] -- Looking for pthread_create in pthreads - not found
[1.385s] -- Looking for pthread_create in pthread
[1.446s] -- Looking for pthread_create in pthread - found
[1.448s] -- Found Threads: TRUE  
[1.452s] -- Using Python nosetests: /usr/bin/nosetests-2.7
[1.497s] -- catkin 0.7.29
[1.497s] -- BUILD_SHARED_LIBS is on
[1.593s] -- Using these message generators: gencpp;geneus;genlisp;gennodejs;genpy
[1.837s] -- Configuring done
[1.862s] -- Generating done
[1.870s] -- Build files have been written to: /home/agilex/autoware.ai/build/mqtt_socket
[1.874s] Invoked command in '/home/agilex/autoware.ai/build/mqtt_socket' returned '0': CMAKE_PREFIX_PATH=/home/agilex/autoware.ai/install/tablet_socket_msgs:/home/agilex/autoware.ai/install/autoware_msgs:/home/agilex/autoware.ai/install/autoware_can_msgs:/home/agilex/autoware.ai/install/autoware_build_flags:${CMAKE_PREFIX_PATH} PKG_CONFIG_PATH=/home/agilex/autoware.ai/install/tablet_socket_msgs/lib/x86_64-linux-gnu/pkgconfig:/home/agilex/autoware.ai/install/tablet_socket_msgs/lib/pkgconfig:/home/agilex/autoware.ai/install/autoware_msgs/lib/x86_64-linux-gnu/pkgconfig:/home/agilex/autoware.ai/install/autoware_msgs/lib/pkgconfig:/home/agilex/autoware.ai/install/autoware_can_msgs/lib/x86_64-linux-gnu/pkgconfig:/home/agilex/autoware.ai/install/autoware_can_msgs/lib/pkgconfig:/home/agilex/autoware.ai/install/autoware_build_flags/lib/x86_64-linux-gnu/pkgconfig:/home/agilex/autoware.ai/install/autoware_build_flags/lib/pkgconfig:${PKG_CONFIG_PATH} PYTHONPATH=/home/agilex/autoware.ai/install/tablet_socket_msgs/lib/python2.7/dist-packages:/home/agilex/autoware.ai/install/autoware_msgs/lib/python2.7/dist-packages:/home/agilex/autoware.ai/install/autoware_can_msgs/lib/python2.7/dist-packages:${PYTHONPATH} ROS_PACKAGE_PATH=/home/agilex/autoware.ai/install/tablet_socket_msgs/share:/home/agilex/autoware.ai/install/autoware_msgs/share:/home/agilex/autoware.ai/install/autoware_can_msgs/share:/home/agilex/autoware.ai/install/autoware_build_flags/share:${ROS_PACKAGE_PATH} /usr/bin/cmake /home/agilex/autoware.ai/src/autoware/utilities/mqtt_socket -DCMAKE_BUILD_TYPE=Release -DCATKIN_INSTALL_INTO_PREFIX_ROOT=0 -DCMAKE_INSTALL_PREFIX=/home/agilex/autoware.ai/install/mqtt_socket
[1.877s] Invoking command in '/home/agilex/autoware.ai/build/mqtt_socket': CMAKE_PREFIX_PATH=/home/agilex/autoware.ai/install/tablet_socket_msgs:/home/agilex/autoware.ai/install/autoware_msgs:/home/agilex/autoware.ai/install/autoware_can_msgs:/home/agilex/autoware.ai/install/autoware_build_flags:${CMAKE_PREFIX_PATH} PKG_CONFIG_PATH=/home/agilex/autoware.ai/install/tablet_socket_msgs/lib/x86_64-linux-gnu/pkgconfig:/home/agilex/autoware.ai/install/tablet_socket_msgs/lib/pkgconfig:/home/agilex/autoware.ai/install/autoware_msgs/lib/x86_64-linux-gnu/pkgconfig:/home/agilex/autoware.ai/install/autoware_msgs/lib/pkgconfig:/home/agilex/autoware.ai/install/autoware_can_msgs/lib/x86_64-linux-gnu/pkgconfig:/home/agilex/autoware.ai/install/autoware_can_msgs/lib/pkgconfig:/home/agilex/autoware.ai/install/autoware_build_flags/lib/x86_64-linux-gnu/pkgconfig:/home/agilex/autoware.ai/install/autoware_build_flags/lib/pkgconfig:${PKG_CONFIG_PATH} PYTHONPATH=/home/agilex/autoware.ai/install/tablet_socket_msgs/lib/python2.7/dist-packages:/home/agilex/autoware.ai/install/autoware_msgs/lib/python2.7/dist-packages:/home/agilex/autoware.ai/install/autoware_can_msgs/lib/python2.7/dist-packages:${PYTHONPATH} ROS_PACKAGE_PATH=/home/agilex/autoware.ai/install/tablet_socket_msgs/share:/home/agilex/autoware.ai/install/autoware_msgs/share:/home/agilex/autoware.ai/install/autoware_can_msgs/share:/home/agilex/autoware.ai/install/autoware_build_flags/share:${ROS_PACKAGE_PATH} /usr/bin/cmake --build /home/agilex/autoware.ai/build/mqtt_socket -- -j8 -l8
[1.920s] [35m[1mScanning dependencies of target jsk_footstep_msgs_generate_messages_nodejs[0m
[1.928s] [  0%] Built target jsk_footstep_msgs_generate_messages_nodejs
[1.939s] [35m[1mScanning dependencies of target actionlib_msgs_generate_messages_nodejs[0m
[1.950s] [  0%] Built target actionlib_msgs_generate_messages_nodejs
[1.960s] [35m[1mScanning dependencies of target actionlib_msgs_generate_messages_lisp[0m
[1.970s] [  0%] Built target actionlib_msgs_generate_messages_lisp
[1.983s] [35m[1mScanning dependencies of target rosgraph_msgs_generate_messages_lisp[0m
[1.994s] [  0%] Built target rosgraph_msgs_generate_messages_lisp
[2.003s] [35m[1mScanning dependencies of target roscpp_generate_messages_py[0m
[2.015s] [  0%] Built target roscpp_generate_messages_py
[2.024s] [35m[1mScanning dependencies of target roscpp_generate_messages_lisp[0m
[2.034s] [  0%] Built target roscpp_generate_messages_lisp
[2.042s] [35m[1mScanning dependencies of target autoware_can_msgs_generate_messages_py[0m
[2.051s] [  0%] Built target autoware_can_msgs_generate_messages_py
[2.062s] [35m[1mScanning dependencies of target sensor_msgs_generate_messages_cpp[0m
[2.071s] [  0%] Built target sensor_msgs_generate_messages_cpp
[2.080s] [35m[1mScanning dependencies of target std_msgs_generate_messages_lisp[0m
[2.088s] [  0%] Built target std_msgs_generate_messages_lisp
[2.096s] [35m[1mScanning dependencies of target sensor_msgs_generate_messages_eus[0m
[2.104s] [  0%] Built target sensor_msgs_generate_messages_eus
[2.113s] [35m[1mScanning dependencies of target pcl_msgs_generate_messages_py[0m
[2.123s] [  0%] Built target pcl_msgs_generate_messages_py
[2.138s] [35m[1mScanning dependencies of target std_msgs_generate_messages_nodejs[0m
[2.148s] [  0%] Built target std_msgs_generate_messages_nodejs
[2.164s] [35m[1mScanning dependencies of target roscpp_generate_messages_nodejs[0m
[2.171s] [  0%] Built target roscpp_generate_messages_nodejs
[2.180s] [35m[1mScanning dependencies of target roscpp_generate_messages_eus[0m
[2.189s] [  0%] Built target roscpp_generate_messages_eus
[2.201s] [35m[1mScanning dependencies of target geometry_msgs_generate_messages_eus[0m
[2.208s] [  0%] Built target geometry_msgs_generate_messages_eus
[2.219s] [35m[1mScanning dependencies of target std_msgs_generate_messages_eus[0m
[2.228s] [  0%] Built target std_msgs_generate_messages_eus
[2.237s] [35m[1mScanning dependencies of target autoware_msgs_generate_messages_nodejs[0m
[2.246s] [  0%] Built target autoware_msgs_generate_messages_nodejs
[2.255s] [35m[1mScanning dependencies of target pcl_msgs_generate_messages_lisp[0m
[2.264s] [  0%] Built target pcl_msgs_generate_messages_lisp
[2.274s] [35m[1mScanning dependencies of target autoware_msgs_generate_messages_eus[0m
[2.282s] [  0%] Built target autoware_msgs_generate_messages_eus
[2.294s] [35m[1mScanning dependencies of target sensor_msgs_generate_messages_lisp[0m
[2.302s] [  0%] Built target sensor_msgs_generate_messages_lisp
[2.314s] [35m[1mScanning dependencies of target jsk_recognition_msgs_generate_messages_cpp[0m
[2.322s] [  0%] Built target jsk_recognition_msgs_generate_messages_cpp
[2.343s] [35m[1mScanning dependencies of target pcl_msgs_generate_messages_cpp[0m
[2.360s] [  0%] Built target pcl_msgs_generate_messages_cpp
[2.380s] [35m[1mScanning dependencies of target rosgraph_msgs_generate_messages_cpp[0m
[2.428s] [  0%] Built target rosgraph_msgs_generate_messages_cpp
[2.456s] [35m[1mScanning dependencies of target autoware_msgs_generate_messages_cpp[0m
[2.467s] [  0%] Built target autoware_msgs_generate_messages_cpp
[2.491s] [35m[1mScanning dependencies of target geometry_msgs_generate_messages_nodejs[0m
[2.504s] [  0%] Built target geometry_msgs_generate_messages_nodejs
[2.518s] [35m[1mScanning dependencies of target std_msgs_generate_messages_py[0m
[2.526s] [  0%] Built target std_msgs_generate_messages_py
[2.542s] [35m[1mScanning dependencies of target autoware_msgs_generate_messages_py[0m
[2.551s] [  0%] Built target autoware_msgs_generate_messages_py
[2.575s] [35m[1mScanning dependencies of target geometry_msgs_generate_messages_lisp[0m
[2.590s] [  0%] Built target geometry_msgs_generate_messages_lisp
[2.607s] [35m[1mScanning dependencies of target geometry_msgs_generate_messages_cpp[0m
[2.625s] [  0%] Built target geometry_msgs_generate_messages_cpp
[2.639s] [35m[1mScanning dependencies of target std_msgs_generate_messages_cpp[0m
[2.653s] [  0%] Built target std_msgs_generate_messages_cpp
[2.671s] [35m[1mScanning dependencies of target jsk_footstep_msgs_generate_messages_py[0m
[2.681s] [  0%] Built target jsk_footstep_msgs_generate_messages_py
[2.699s] [35m[1mScanning dependencies of target actionlib_msgs_generate_messages_eus[0m
[2.721s] [  0%] Built target actionlib_msgs_generate_messages_eus
[2.736s] [35m[1mScanning dependencies of target autoware_msgs_generate_messages_lisp[0m
[2.746s] [  0%] Built target autoware_msgs_generate_messages_lisp
[2.755s] [35m[1mScanning dependencies of target roscpp_generate_messages_cpp[0m
[2.776s] [  0%] Built target roscpp_generate_messages_cpp
[2.791s] [35m[1mScanning dependencies of target sensor_msgs_generate_messages_nodejs[0m
[2.806s] [  0%] Built target sensor_msgs_generate_messages_nodejs
[2.820s] [35m[1mScanning dependencies of target sensor_msgs_generate_messages_py[0m
[2.830s] [  0%] Built target sensor_msgs_generate_messages_py
[2.848s] [35m[1mScanning dependencies of target jsk_recognition_msgs_generate_messages_eus[0m
[2.870s] [  0%] Built target jsk_recognition_msgs_generate_messages_eus
[2.886s] [35m[1mScanning dependencies of target actionlib_msgs_generate_messages_cpp[0m
[2.902s] [  0%] Built target actionlib_msgs_generate_messages_cpp
[2.929s] [35m[1mScanning dependencies of target jsk_recognition_msgs_generate_messages_lisp[0m
[2.976s] [  0%] Built target jsk_recognition_msgs_generate_messages_lisp
[3.006s] [35m[1mScanning dependencies of target rosgraph_msgs_generate_messages_eus[0m
[3.020s] [  0%] Built target rosgraph_msgs_generate_messages_eus
[3.029s] [35m[1mScanning dependencies of target jsk_recognition_msgs_generate_messages_nodejs[0m
[3.059s] [  0%] Built target jsk_recognition_msgs_generate_messages_nodejs
[3.079s] [35m[1mScanning dependencies of target pcl_msgs_generate_messages_eus[0m
[3.109s] [  0%] Built target pcl_msgs_generate_messages_eus
[3.140s] [35m[1mScanning dependencies of target jsk_recognition_msgs_generate_messages_py[0m
[3.173s] [  0%] Built target jsk_recognition_msgs_generate_messages_py
[3.194s] [35m[1mScanning dependencies of target pcl_msgs_generate_messages_nodejs[0m
[3.203s] [  0%] Built target pcl_msgs_generate_messages_nodejs
[3.229s] [35m[1mScanning dependencies of target geometry_msgs_generate_messages_py[0m
[3.278s] [  0%] Built target geometry_msgs_generate_messages_py
[3.306s] [35m[1mScanning dependencies of target jsk_footstep_msgs_generate_messages_cpp[0m
[3.319s] [  0%] Built target jsk_footstep_msgs_generate_messages_cpp
[3.328s] [35m[1mScanning dependencies of target actionlib_msgs_generate_messages_py[0m
[3.337s] [  0%] Built target actionlib_msgs_generate_messages_py
[3.345s] [35m[1mScanning dependencies of target jsk_footstep_msgs_generate_messages_eus[0m
[3.354s] [  0%] Built target jsk_footstep_msgs_generate_messages_eus
[3.363s] [35m[1mScanning dependencies of target jsk_footstep_msgs_generate_messages_lisp[0m
[3.372s] [  0%] Built target jsk_footstep_msgs_generate_messages_lisp
[3.383s] [35m[1mScanning dependencies of target autoware_can_msgs_generate_messages_cpp[0m
[3.391s] [  0%] Built target autoware_can_msgs_generate_messages_cpp
[3.400s] [35m[1mScanning dependencies of target autoware_can_msgs_generate_messages_lisp[0m
[3.409s] [  0%] Built target autoware_can_msgs_generate_messages_lisp
[3.417s] [35m[1mScanning dependencies of target autoware_can_msgs_generate_messages_nodejs[0m
[3.426s] [  0%] Built target autoware_can_msgs_generate_messages_nodejs
[3.435s] [35m[1mScanning dependencies of target rosgraph_msgs_generate_messages_nodejs[0m
[3.444s] [  0%] Built target rosgraph_msgs_generate_messages_nodejs
[3.455s] [35m[1mScanning dependencies of target rosgraph_msgs_generate_messages_py[0m
[3.465s] [  0%] Built target rosgraph_msgs_generate_messages_py
[3.475s] [35m[1mScanning dependencies of target autoware_can_msgs_generate_messages_eus[0m
[3.484s] [  0%] Built target autoware_can_msgs_generate_messages_eus
[3.492s] [35m[1mScanning dependencies of target mqtt_receiver[0m
[3.514s] [ 25%] [32mBuilding CXX object CMakeFiles/mqtt_receiver.dir/nodes/mqtt_receiver/mqtt_receiver.cpp.o[0m
[4.801s] [01m[K/home/agilex/autoware.ai/src/autoware/utilities/mqtt_socket/nodes/mqtt_receiver/mqtt_receiver.cpp:[m[K In constructor '[01m[KMqttReceiver::MqttReceiver()[m[K':
[4.801s] [01m[K/home/agilex/autoware.ai/src/autoware/utilities/mqtt_socket/nodes/mqtt_receiver/mqtt_receiver.cpp:84:7:[m[K [01;35m[Kwarning: [m[Kvariable '[01m[Kret[m[K' set but not used [[01;35m[K-Wunused-but-set-variable[m[K]
[4.801s]    int [01;35m[Kret[m[K = mosquitto_loop(mqtt_client, -1, 1);
[4.802s]        [01;35m[K^~~[m[K
[4.802s] [01m[K/home/agilex/autoware.ai/src/autoware/utilities/mqtt_socket/nodes/mqtt_receiver/mqtt_receiver.cpp:[m[K In destructor '[01m[KMqttReceiver::~MqttReceiver()[m[K':
[4.802s] [01m[K/home/agilex/autoware.ai/src/autoware/utilities/mqtt_socket/nodes/mqtt_receiver/mqtt_receiver.cpp:90:7:[m[K [01;35m[Kwarning: [m[Kunused variable '[01m[Kret[m[K' [[01;35m[K-Wunused-variable[m[K]
[4.802s]    int [01;35m[Kret[m[K = mosquitto_loop_stop(mqtt_client, 1);
[4.802s]        [01;35m[K^~~[m[K
[4.802s] [01m[K/home/agilex/autoware.ai/src/autoware/utilities/mqtt_socket/nodes/mqtt_receiver/mqtt_receiver.cpp:[m[K At global scope:
[4.802s] [01m[K/home/agilex/autoware.ai/src/autoware/utilities/mqtt_socket/nodes/mqtt_receiver/mqtt_receiver.cpp:95:83:[m[K [01;35m[Kwarning: [m[Kcannot declare member function '[01m[Kstatic void MqttReceiver::on_connect(mosquitto*, void*, int)[m[K' to have static linkage [[01;35m[K-fpermissive[m[K]
[4.802s]  static void MqttReceiver::on_connect(struct mosquitto *mosq, void *obj, int result[01;35m[K)[m[K
[4.802s]                                                                                    [01;35m[K^[m[K
[4.802s] [01m[K/home/agilex/autoware.ai/src/autoware/utilities/mqtt_socket/nodes/mqtt_receiver/mqtt_receiver.cpp:101:82:[m[K [01;35m[Kwarning: [m[Kcannot declare member function '[01m[Kstatic void MqttReceiver::on_disconnect(mosquitto*, void*, int)[m[K' to have static linkage [[01;35m[K-fpermissive[m[K]
[4.802s]  static void MqttReceiver::on_disconnect(struct mosquitto *mosq, void *obj, int rc[01;35m[K)[m[K
[4.803s]                                                                                   [01;35m[K^[m[K
[4.803s] [01m[K/home/agilex/autoware.ai/src/autoware/utilities/mqtt_socket/nodes/mqtt_receiver/mqtt_receiver.cpp:106:39:[m[K [01;35m[Kwarning: [m[Kcannot declare member function '[01m[Kstatic void MqttReceiver::load_config()[m[K' to have static linkage [[01;35m[K-fpermissive[m[K]
[4.803s]  static void MqttReceiver::load_config([01;35m[K)[m[K
[4.803s]                                        [01;35m[K^[m[K
[4.805s] [01m[K/home/agilex/autoware.ai/src/autoware/utilities/mqtt_socket/nodes/mqtt_receiver/mqtt_receiver.cpp:133:112:[m[K [01;35m[Kwarning: [m[Kcannot declare member function '[01m[Kstatic void MqttReceiver::on_message(mosquitto*, void*, const mosquitto_message*)[m[K' to have static linkage [[01;35m[K-fpermissive[m[K]
[4.805s]  id MqttReceiver::on_message(struct mosquitto *mosq, void *obj, const struct mosquitto_message *message[01;35m[K)[m[K
[4.805s]                                                                                                        [01;35m[K^[m[K
[5.067s] [01m[K/home/agilex/autoware.ai/src/autoware/utilities/mqtt_socket/nodes/mqtt_receiver/mqtt_receiver.cpp:[m[K In static member function '[01m[Kstatic void MqttReceiver::on_message(mosquitto*, void*, const mosquitto_message*)[m[K':
[5.067s] [01m[K/home/agilex/autoware.ai/src/autoware/utilities/mqtt_socket/nodes/mqtt_receiver/mqtt_receiver.cpp:149:36:[m[K [01;35m[Kwarning: [m[Kstatement will never be executed [[01;35m[K-Wswitch-unreachable[m[K]
[5.067s]          [01;35m[Kmsg.vehicle_cmd.lamp_cmd.l = 0[m[K;
[5.067s]          [01;35m[K~~~~~~~~~~~~~~~~~~~~~~~~~~~^~~[m[K
[5.081s] In file included from [01m[K/home/agilex/autoware.ai/src/autoware/utilities/mqtt_socket/nodes/mqtt_receiver/mqtt_receiver.cpp:41:0[m[K:
[5.081s] [01m[K/home/agilex/autoware.ai/src/autoware/utilities/mqtt_socket/include/mqtt_socket/mqtt_setting.hpp:[m[K At global scope:
[5.081s] [01m[K/home/agilex/autoware.ai/src/autoware/utilities/mqtt_socket/include/mqtt_socket/mqtt_setting.hpp:18:14:[m[K [01;35m[Kwarning: [m[K'[01m[Kcaninfo_downsample[m[K' defined but not used [[01;35m[K-Wunused-variable[m[K]
[5.081s]  static float [01;35m[Kcaninfo_downsample[m[K;
[5.081s]               [01;35m[K^~~~~~~~~~~~~~~~~~[m[K
[6.500s] [ 50%] [32m[1mLinking CXX executable devel/lib/mqtt_socket/mqtt_receiver[0m
[6.663s] [ 50%] Built target mqtt_receiver
[6.675s] [35m[1mScanning dependencies of target mqtt_sender[0m
[6.693s] [ 75%] [32mBuilding CXX object CMakeFiles/mqtt_sender.dir/nodes/mqtt_sender/mqtt_sender.cpp.o[0m
[8.024s] [01m[K/home/agilex/autoware.ai/src/autoware/utilities/mqtt_socket/nodes/mqtt_sender/mqtt_sender.cpp:143:37:[m[K [01;35m[Kwarning: [m[Kcannot declare member function '[01m[Kstatic void MqttSender::load_config()[m[K' to have static linkage [[01;35m[K-fpermissive[m[K]
[8.024s]  static void MqttSender::load_config([01;35m[K)[m[K
[8.024s]                                      [01;35m[K^[m[K
[8.024s] [01m[K/home/agilex/autoware.ai/src/autoware/utilities/mqtt_socket/nodes/mqtt_sender/mqtt_sender.cpp:[m[K In member function '[01m[Kvoid MqttSender::targetVelocityArrayCallback(const Float64MultiArray&)[m[K':
[8.024s] [01m[K/home/agilex/autoware.ai/src/autoware/utilities/mqtt_socket/nodes/mqtt_sender/mqtt_sender.cpp:176:20:[m[K [01;35m[Kwarning: [m[Kcomparison between signed and unsigned integer expressions [[01;35m[K-Wsign-compare[m[K]
[8.024s]    for(int i = 0; [01;35m[Ki < sizeof([m[Kmsg.data); i++) {
[8.025s]                   [01;35m[K~~^~~~~~~~~[m[K
[8.025s] [01m[K/home/agilex/autoware.ai/src/autoware/utilities/mqtt_socket/nodes/mqtt_sender/mqtt_sender.cpp:181:7:[m[K [01;35m[Kwarning: [m[Kunused variable '[01m[Kret[m[K' [[01;35m[K-Wunused-variable[m[K]
[8.025s]    int [01;35m[Kret[m[K = mosquitto_publish(
[8.025s]        [01;35m[K^~~[m[K
[8.025s] [01m[K/home/agilex/autoware.ai/src/autoware/utilities/mqtt_socket/nodes/mqtt_sender/mqtt_sender.cpp:[m[K In member function '[01m[Kvoid MqttSender::twistCmdCallback(const TwistStamped&)[m[K':
[8.025s] [01m[K/home/agilex/autoware.ai/src/autoware/utilities/mqtt_socket/nodes/mqtt_sender/mqtt_sender.cpp:201:7:[m[K [01;35m[Kwarning: [m[Kunused variable '[01m[Kret[m[K' [[01;35m[K-Wunused-variable[m[K]
[8.025s]    int [01;35m[Kret[m[K = mosquitto_publish(
[8.025s]        [01;35m[K^~~[m[K
[8.025s] [01m[K/home/agilex/autoware.ai/src/autoware/utilities/mqtt_socket/nodes/mqtt_sender/mqtt_sender.cpp:[m[K In member function '[01m[Kvoid MqttSender::stateCallback(const String&)[m[K':
[8.025s] [01m[K/home/agilex/autoware.ai/src/autoware/utilities/mqtt_socket/nodes/mqtt_sender/mqtt_sender.cpp:216:7:[m[K [01;35m[Kwarning: [m[Kunused variable '[01m[Kret[m[K' [[01;35m[K-Wunused-variable[m[K]
[8.025s]    int [01;35m[Kret[m[K = mosquitto_publish(
[8.025s]        [01;35m[K^~~[m[K
[8.025s] [01m[K/home/agilex/autoware.ai/src/autoware/utilities/mqtt_socket/nodes/mqtt_sender/mqtt_sender.cpp:[m[K In member function '[01m[Kvoid MqttSender::currentPoseCallback(const PoseStamped&)[m[K':
[8.026s] [01m[K/home/agilex/autoware.ai/src/autoware/utilities/mqtt_socket/nodes/mqtt_sender/mqtt_sender.cpp:240:7:[m[K [01;35m[Kwarning: [m[Kunused variable '[01m[Kret[m[K' [[01;35m[K-Wunused-variable[m[K]
[8.026s]    int [01;35m[Kret[m[K = mosquitto_publish(
[8.026s]        [01;35m[K^~~[m[K
[8.026s] [01m[K/home/agilex/autoware.ai/src/autoware/utilities/mqtt_socket/nodes/mqtt_sender/mqtt_sender.cpp:[m[K In member function '[01m[Kvoid MqttSender::modeInfoCallback(const mode_info&)[m[K':
[8.026s] [01m[K/home/agilex/autoware.ai/src/autoware/utilities/mqtt_socket/nodes/mqtt_sender/mqtt_sender.cpp:259:9:[m[K [01;35m[Kwarning: [m[Kunused variable '[01m[Kret[m[K' [[01;35m[K-Wunused-variable[m[K]
[8.026s]      int [01;35m[Kret[m[K = mosquitto_publish(
[8.026s]          [01;35m[K^~~[m[K
[8.034s] [01m[K/home/agilex/autoware.ai/src/autoware/utilities/mqtt_socket/nodes/mqtt_sender/mqtt_sender.cpp:[m[K In member function '[01m[Kvoid MqttSender::canInfoCallback(const CANInfoConstPtr&)[m[K':
[8.034s] [01m[K/home/agilex/autoware.ai/src/autoware/utilities/mqtt_socket/nodes/mqtt_sender/mqtt_sender.cpp:345:9:[m[K [01;35m[Kwarning: [m[Kunused variable '[01m[Kret[m[K' [[01;35m[K-Wunused-variable[m[K]
[8.034s]      int [01;35m[Kret[m[K = mosquitto_publish(
[8.035s]          [01;35m[K^~~[m[K
[8.603s] In file included from [01m[K/home/agilex/autoware.ai/src/autoware/utilities/mqtt_socket/nodes/mqtt_sender/mqtt_sender.cpp:45:0[m[K:
[8.603s] [01m[K/home/agilex/autoware.ai/src/autoware/utilities/mqtt_socket/include/mqtt_socket/mqtt_setting.hpp:[m[K At global scope:
[8.603s] [01m[K/home/agilex/autoware.ai/src/autoware/utilities/mqtt_socket/include/mqtt_socket/mqtt_setting.hpp:15:14:[m[K [01;35m[Kwarning: [m[K'[01m[Klinear_x_max_val[m[K' defined but not used [[01;35m[K-Wunused-variable[m[K]
[8.603s]  static float [01;35m[Klinear_x_max_val[m[K;
[8.603s]               [01;35m[K^~~~~~~~~~~~~~~~[m[K
[8.603s] [01m[K/home/agilex/autoware.ai/src/autoware/utilities/mqtt_socket/include/mqtt_socket/mqtt_setting.hpp:14:14:[m[K [01;35m[Kwarning: [m[K'[01m[Ksteer_max_val[m[K' defined but not used [[01;35m[K-Wunused-variable[m[K]
[8.603s]  static float [01;35m[Ksteer_max_val[m[K;
[8.603s]               [01;35m[K^~~~~~~~~~~~~[m[K
[8.603s] [01m[K/home/agilex/autoware.ai/src/autoware/utilities/mqtt_socket/include/mqtt_socket/mqtt_setting.hpp:13:12:[m[K [01;35m[Kwarning: [m[K'[01m[Kbrake_max_val[m[K' defined but not used [[01;35m[K-Wunused-variable[m[K]
[8.603s]  static int [01;35m[Kbrake_max_val[m[K;
[8.603s]             [01;35m[K^~~~~~~~~~~~~[m[K
[8.603s] [01m[K/home/agilex/autoware.ai/src/autoware/utilities/mqtt_socket/include/mqtt_socket/mqtt_setting.hpp:12:12:[m[K [01;35m[Kwarning: [m[K'[01m[Kaccel_max_val[m[K' defined but not used [[01;35m[K-Wunused-variable[m[K]
[8.604s]  static int [01;35m[Kaccel_max_val[m[K;
[8.604s]             [01;35m[K^~~~~~~~~~~~~[m[K
[10.759s] [100%] [32m[1mLinking CXX executable devel/lib/mqtt_socket/mqtt_sender[0m
[10.979s] [100%] Built target mqtt_sender
[10.994s] Invoked command in '/home/agilex/autoware.ai/build/mqtt_socket' returned '0': CMAKE_PREFIX_PATH=/home/agilex/autoware.ai/install/tablet_socket_msgs:/home/agilex/autoware.ai/install/autoware_msgs:/home/agilex/autoware.ai/install/autoware_can_msgs:/home/agilex/autoware.ai/install/autoware_build_flags:${CMAKE_PREFIX_PATH} PKG_CONFIG_PATH=/home/agilex/autoware.ai/install/tablet_socket_msgs/lib/x86_64-linux-gnu/pkgconfig:/home/agilex/autoware.ai/install/tablet_socket_msgs/lib/pkgconfig:/home/agilex/autoware.ai/install/autoware_msgs/lib/x86_64-linux-gnu/pkgconfig:/home/agilex/autoware.ai/install/autoware_msgs/lib/pkgconfig:/home/agilex/autoware.ai/install/autoware_can_msgs/lib/x86_64-linux-gnu/pkgconfig:/home/agilex/autoware.ai/install/autoware_can_msgs/lib/pkgconfig:/home/agilex/autoware.ai/install/autoware_build_flags/lib/x86_64-linux-gnu/pkgconfig:/home/agilex/autoware.ai/install/autoware_build_flags/lib/pkgconfig:${PKG_CONFIG_PATH} PYTHONPATH=/home/agilex/autoware.ai/install/tablet_socket_msgs/lib/python2.7/dist-packages:/home/agilex/autoware.ai/install/autoware_msgs/lib/python2.7/dist-packages:/home/agilex/autoware.ai/install/autoware_can_msgs/lib/python2.7/dist-packages:${PYTHONPATH} ROS_PACKAGE_PATH=/home/agilex/autoware.ai/install/tablet_socket_msgs/share:/home/agilex/autoware.ai/install/autoware_msgs/share:/home/agilex/autoware.ai/install/autoware_can_msgs/share:/home/agilex/autoware.ai/install/autoware_build_flags/share:${ROS_PACKAGE_PATH} /usr/bin/cmake --build /home/agilex/autoware.ai/build/mqtt_socket -- -j8 -l8
[11.056s] Invoking command in '/home/agilex/autoware.ai/build/mqtt_socket': CMAKE_PREFIX_PATH=/home/agilex/autoware.ai/install/tablet_socket_msgs:/home/agilex/autoware.ai/install/autoware_msgs:/home/agilex/autoware.ai/install/autoware_can_msgs:/home/agilex/autoware.ai/install/autoware_build_flags:${CMAKE_PREFIX_PATH} PKG_CONFIG_PATH=/home/agilex/autoware.ai/install/tablet_socket_msgs/lib/x86_64-linux-gnu/pkgconfig:/home/agilex/autoware.ai/install/tablet_socket_msgs/lib/pkgconfig:/home/agilex/autoware.ai/install/autoware_msgs/lib/x86_64-linux-gnu/pkgconfig:/home/agilex/autoware.ai/install/autoware_msgs/lib/pkgconfig:/home/agilex/autoware.ai/install/autoware_can_msgs/lib/x86_64-linux-gnu/pkgconfig:/home/agilex/autoware.ai/install/autoware_can_msgs/lib/pkgconfig:/home/agilex/autoware.ai/install/autoware_build_flags/lib/x86_64-linux-gnu/pkgconfig:/home/agilex/autoware.ai/install/autoware_build_flags/lib/pkgconfig:${PKG_CONFIG_PATH} PYTHONPATH=/home/agilex/autoware.ai/install/tablet_socket_msgs/lib/python2.7/dist-packages:/home/agilex/autoware.ai/install/autoware_msgs/lib/python2.7/dist-packages:/home/agilex/autoware.ai/install/autoware_can_msgs/lib/python2.7/dist-packages:${PYTHONPATH} ROS_PACKAGE_PATH=/home/agilex/autoware.ai/install/tablet_socket_msgs/share:/home/agilex/autoware.ai/install/autoware_msgs/share:/home/agilex/autoware.ai/install/autoware_can_msgs/share:/home/agilex/autoware.ai/install/autoware_build_flags/share:${ROS_PACKAGE_PATH} /usr/bin/cmake --build /home/agilex/autoware.ai/build/mqtt_socket --target tests -- -j8 -l8
[11.109s] [35m[1mScanning dependencies of target tests[0m
[11.117s] Built target tests
[11.129s] Invoked command in '/home/agilex/autoware.ai/build/mqtt_socket' returned '0': CMAKE_PREFIX_PATH=/home/agilex/autoware.ai/install/tablet_socket_msgs:/home/agilex/autoware.ai/install/autoware_msgs:/home/agilex/autoware.ai/install/autoware_can_msgs:/home/agilex/autoware.ai/install/autoware_build_flags:${CMAKE_PREFIX_PATH} PKG_CONFIG_PATH=/home/agilex/autoware.ai/install/tablet_socket_msgs/lib/x86_64-linux-gnu/pkgconfig:/home/agilex/autoware.ai/install/tablet_socket_msgs/lib/pkgconfig:/home/agilex/autoware.ai/install/autoware_msgs/lib/x86_64-linux-gnu/pkgconfig:/home/agilex/autoware.ai/install/autoware_msgs/lib/pkgconfig:/home/agilex/autoware.ai/install/autoware_can_msgs/lib/x86_64-linux-gnu/pkgconfig:/home/agilex/autoware.ai/install/autoware_can_msgs/lib/pkgconfig:/home/agilex/autoware.ai/install/autoware_build_flags/lib/x86_64-linux-gnu/pkgconfig:/home/agilex/autoware.ai/install/autoware_build_flags/lib/pkgconfig:${PKG_CONFIG_PATH} PYTHONPATH=/home/agilex/autoware.ai/install/tablet_socket_msgs/lib/python2.7/dist-packages:/home/agilex/autoware.ai/install/autoware_msgs/lib/python2.7/dist-packages:/home/agilex/autoware.ai/install/autoware_can_msgs/lib/python2.7/dist-packages:${PYTHONPATH} ROS_PACKAGE_PATH=/home/agilex/autoware.ai/install/tablet_socket_msgs/share:/home/agilex/autoware.ai/install/autoware_msgs/share:/home/agilex/autoware.ai/install/autoware_can_msgs/share:/home/agilex/autoware.ai/install/autoware_build_flags/share:${ROS_PACKAGE_PATH} /usr/bin/cmake --build /home/agilex/autoware.ai/build/mqtt_socket --target tests -- -j8 -l8
[11.196s] Invoking command in '/home/agilex/autoware.ai/build/mqtt_socket': CMAKE_PREFIX_PATH=/home/agilex/autoware.ai/install/tablet_socket_msgs:/home/agilex/autoware.ai/install/autoware_msgs:/home/agilex/autoware.ai/install/autoware_can_msgs:/home/agilex/autoware.ai/install/autoware_build_flags:${CMAKE_PREFIX_PATH} PKG_CONFIG_PATH=/home/agilex/autoware.ai/install/tablet_socket_msgs/lib/x86_64-linux-gnu/pkgconfig:/home/agilex/autoware.ai/install/tablet_socket_msgs/lib/pkgconfig:/home/agilex/autoware.ai/install/autoware_msgs/lib/x86_64-linux-gnu/pkgconfig:/home/agilex/autoware.ai/install/autoware_msgs/lib/pkgconfig:/home/agilex/autoware.ai/install/autoware_can_msgs/lib/x86_64-linux-gnu/pkgconfig:/home/agilex/autoware.ai/install/autoware_can_msgs/lib/pkgconfig:/home/agilex/autoware.ai/install/autoware_build_flags/lib/x86_64-linux-gnu/pkgconfig:/home/agilex/autoware.ai/install/autoware_build_flags/lib/pkgconfig:${PKG_CONFIG_PATH} PYTHONPATH=/home/agilex/autoware.ai/install/tablet_socket_msgs/lib/python2.7/dist-packages:/home/agilex/autoware.ai/install/autoware_msgs/lib/python2.7/dist-packages:/home/agilex/autoware.ai/install/autoware_can_msgs/lib/python2.7/dist-packages:${PYTHONPATH} ROS_PACKAGE_PATH=/home/agilex/autoware.ai/install/tablet_socket_msgs/share:/home/agilex/autoware.ai/install/autoware_msgs/share:/home/agilex/autoware.ai/install/autoware_can_msgs/share:/home/agilex/autoware.ai/install/autoware_build_flags/share:${ROS_PACKAGE_PATH} /usr/bin/cmake --build /home/agilex/autoware.ai/build/mqtt_socket --target install -- -j8 -l8
[11.257s] [  0%] Built target jsk_footstep_msgs_generate_messages_nodejs
[11.275s] [  0%] Built target actionlib_msgs_generate_messages_nodejs
[11.293s] [  0%] Built target actionlib_msgs_generate_messages_lisp
[11.314s] [  0%] Built target rosgraph_msgs_generate_messages_lisp
[11.331s] [  0%] Built target roscpp_generate_messages_py
[11.349s] [  0%] Built target roscpp_generate_messages_lisp
[11.366s] [  0%] Built target autoware_can_msgs_generate_messages_py
[11.385s] [  0%] Built target sensor_msgs_generate_messages_cpp
[11.404s] [  0%] Built target std_msgs_generate_messages_lisp
[11.422s] [  0%] Built target sensor_msgs_generate_messages_eus
[11.440s] [  0%] Built target pcl_msgs_generate_messages_py
[11.457s] [  0%] Built target std_msgs_generate_messages_nodejs
[11.477s] [  0%] Built target roscpp_generate_messages_nodejs
[11.496s] [  0%] Built target roscpp_generate_messages_eus
[11.514s] [  0%] Built target geometry_msgs_generate_messages_eus
[11.533s] [  0%] Built target std_msgs_generate_messages_eus
[11.551s] [  0%] Built target autoware_msgs_generate_messages_nodejs
[11.568s] [  0%] Built target pcl_msgs_generate_messages_lisp
[11.588s] [  0%] Built target autoware_msgs_generate_messages_eus
[11.605s] [  0%] Built target sensor_msgs_generate_messages_lisp
[11.623s] [  0%] Built target jsk_recognition_msgs_generate_messages_cpp
[11.640s] [  0%] Built target pcl_msgs_generate_messages_cpp
[11.658s] [  0%] Built target rosgraph_msgs_generate_messages_cpp
[11.676s] [  0%] Built target autoware_msgs_generate_messages_cpp
[11.696s] [  0%] Built target geometry_msgs_generate_messages_nodejs
[11.713s] [  0%] Built target std_msgs_generate_messages_py
[11.730s] [  0%] Built target autoware_msgs_generate_messages_py
[11.747s] [  0%] Built target geometry_msgs_generate_messages_lisp
[11.764s] [  0%] Built target geometry_msgs_generate_messages_cpp
[11.781s] [  0%] Built target std_msgs_generate_messages_cpp
[11.800s] [  0%] Built target jsk_footstep_msgs_generate_messages_py
[11.818s] [  0%] Built target actionlib_msgs_generate_messages_eus
[11.835s] [  0%] Built target autoware_msgs_generate_messages_lisp
[11.852s] [  0%] Built target roscpp_generate_messages_cpp
[11.869s] [  0%] Built target sensor_msgs_generate_messages_nodejs
[11.888s] [  0%] Built target sensor_msgs_generate_messages_py
[11.905s] [  0%] Built target jsk_recognition_msgs_generate_messages_eus
[11.923s] [  0%] Built target actionlib_msgs_generate_messages_cpp
[11.940s] [  0%] Built target jsk_recognition_msgs_generate_messages_lisp
[11.958s] [  0%] Built target rosgraph_msgs_generate_messages_eus
[11.975s] [  0%] Built target jsk_recognition_msgs_generate_messages_nodejs
[11.995s] [  0%] Built target pcl_msgs_generate_messages_eus
[12.012s] [  0%] Built target jsk_recognition_msgs_generate_messages_py
[12.029s] [  0%] Built target pcl_msgs_generate_messages_nodejs
[12.046s] [  0%] Built target geometry_msgs_generate_messages_py
[12.064s] [  0%] Built target jsk_footstep_msgs_generate_messages_cpp
[12.082s] [  0%] Built target actionlib_msgs_generate_messages_py
[12.103s] [  0%] Built target jsk_footstep_msgs_generate_messages_eus
[12.121s] [  0%] Built target jsk_footstep_msgs_generate_messages_lisp
[12.139s] [  0%] Built target autoware_can_msgs_generate_messages_cpp
[12.156s] [  0%] Built target autoware_can_msgs_generate_messages_lisp
[12.174s] [  0%] Built target autoware_can_msgs_generate_messages_nodejs
[12.194s] [  0%] Built target rosgraph_msgs_generate_messages_nodejs
[12.212s] [  0%] Built target rosgraph_msgs_generate_messages_py
[12.229s] [  0%] Built target autoware_can_msgs_generate_messages_eus
[12.251s] [ 50%] Built target mqtt_receiver
[12.273s] [100%] Built target mqtt_sender
[12.295s] [36mInstall the project...[0m
[12.303s] -- Install configuration: "Release"
[12.303s] -- Installing: /home/agilex/autoware.ai/install/mqtt_socket/lib/pkgconfig/mqtt_socket.pc
[12.303s] -- Installing: /home/agilex/autoware.ai/install/mqtt_socket/share/mqtt_socket/cmake/mqtt_socketConfig.cmake
[12.303s] -- Installing: /home/agilex/autoware.ai/install/mqtt_socket/share/mqtt_socket/cmake/mqtt_socketConfig-version.cmake
[12.303s] -- Installing: /home/agilex/autoware.ai/install/mqtt_socket/share/mqtt_socket/package.xml
[12.304s] -- Installing: /home/agilex/autoware.ai/install/mqtt_socket/lib/mqtt_socket/mqtt_receiver
[12.304s] -- Set runtime path of "/home/agilex/autoware.ai/install/mqtt_socket/lib/mqtt_socket/mqtt_receiver" to ""
[12.304s] -- Installing: /home/agilex/autoware.ai/install/mqtt_socket/lib/mqtt_socket/mqtt_sender
[12.305s] -- Set runtime path of "/home/agilex/autoware.ai/install/mqtt_socket/lib/mqtt_socket/mqtt_sender" to ""
[12.310s] Invoked command in '/home/agilex/autoware.ai/build/mqtt_socket' returned '0': CMAKE_PREFIX_PATH=/home/agilex/autoware.ai/install/tablet_socket_msgs:/home/agilex/autoware.ai/install/autoware_msgs:/home/agilex/autoware.ai/install/autoware_can_msgs:/home/agilex/autoware.ai/install/autoware_build_flags:${CMAKE_PREFIX_PATH} PKG_CONFIG_PATH=/home/agilex/autoware.ai/install/tablet_socket_msgs/lib/x86_64-linux-gnu/pkgconfig:/home/agilex/autoware.ai/install/tablet_socket_msgs/lib/pkgconfig:/home/agilex/autoware.ai/install/autoware_msgs/lib/x86_64-linux-gnu/pkgconfig:/home/agilex/autoware.ai/install/autoware_msgs/lib/pkgconfig:/home/agilex/autoware.ai/install/autoware_can_msgs/lib/x86_64-linux-gnu/pkgconfig:/home/agilex/autoware.ai/install/autoware_can_msgs/lib/pkgconfig:/home/agilex/autoware.ai/install/autoware_build_flags/lib/x86_64-linux-gnu/pkgconfig:/home/agilex/autoware.ai/install/autoware_build_flags/lib/pkgconfig:${PKG_CONFIG_PATH} PYTHONPATH=/home/agilex/autoware.ai/install/tablet_socket_msgs/lib/python2.7/dist-packages:/home/agilex/autoware.ai/install/autoware_msgs/lib/python2.7/dist-packages:/home/agilex/autoware.ai/install/autoware_can_msgs/lib/python2.7/dist-packages:${PYTHONPATH} ROS_PACKAGE_PATH=/home/agilex/autoware.ai/install/tablet_socket_msgs/share:/home/agilex/autoware.ai/install/autoware_msgs/share:/home/agilex/autoware.ai/install/autoware_can_msgs/share:/home/agilex/autoware.ai/install/autoware_build_flags/share:${ROS_PACKAGE_PATH} /usr/bin/cmake --build /home/agilex/autoware.ai/build/mqtt_socket --target install -- -j8 -l8
