[0.023s] Invoking command in '/home/agilex/autoware.ai/build/gnss': /usr/bin/cmake /home/agilex/autoware.ai/src/autoware/common/gnss -DCMAKE_BUILD_TYPE=Release -DCATKIN_INSTALL_INTO_PREFIX_ROOT=0 -DCMAKE_INSTALL_PREFIX=/home/agilex/autoware.ai/install/gnss
[0.086s] -- The C compiler identification is GNU 7.5.0
[0.155s] -- The CXX compiler identification is GNU 7.5.0
[0.158s] -- Check for working C compiler: /usr/bin/cc
[0.242s] -- Check for working C compiler: /usr/bin/cc -- works
[0.243s] -- Detecting C compiler ABI info
[0.322s] -- Detecting C compiler ABI info - done
[0.329s] -- Detecting C compile features
[0.497s] -- Detecting C compile features - done
[0.499s] -- Check for working CXX compiler: /usr/bin/c++
[0.570s] -- Check for working CXX compiler: /usr/bin/c++ -- works
[0.571s] -- Detecting CXX compiler ABI info
[0.648s] -- Detecting CXX compiler ABI info - done
[0.655s] -- Detecting CXX compile features
[0.976s] -- Detecting CXX compile features - done
[0.977s] -- Using CATKIN_DEVEL_PREFIX: /home/agilex/autoware.ai/build/gnss/devel
[0.977s] -- Using CMAKE_PREFIX_PATH: /opt/ros/melodic
[0.977s] -- This workspace overlays: /opt/ros/melodic
[0.990s] -- Found PythonInterp: /usr/bin/python2 (found suitable version "2.7.17", minimum required is "2") 
[0.990s] -- Using PYTHON_EXECUTABLE: /usr/bin/python2
[0.990s] -- Using Debian Python package layout
[0.990s] -- Using empy: /usr/bin/empy
[1.127s] -- Using CATKIN_ENABLE_TESTING: ON
[1.128s] -- Call enable_testing()
[1.133s] -- Using CATKIN_TEST_RESULTS_DIR: /home/agilex/autoware.ai/build/gnss/test_results
[1.147s] -- Found gtest sources under '/usr/src/googletest': gtests will be built
[1.148s] -- Found gmock sources under '/usr/src/googletest': gmock will be built
[1.161s] -- Found PythonInterp: /usr/bin/python2 (found version "2.7.17") 
[1.162s] -- Looking for pthread.h
[1.233s] -- Looking for pthread.h - found
[1.233s] -- Looking for pthread_create
[1.296s] -- Looking for pthread_create - not found
[1.296s] -- Looking for pthread_create in pthreads
[1.355s] -- Looking for pthread_create in pthreads - not found
[1.355s] -- Looking for pthread_create in pthread
[1.423s] -- Looking for pthread_create in pthread - found
[1.424s] -- Found Threads: TRUE  
[1.427s] -- Using Python nosetests: /usr/bin/nosetests-2.7
[1.466s] -- catkin 0.7.29
[1.466s] -- BUILD_SHARED_LIBS is on
[1.745s] -- Configuring done
[1.758s] -- Generating done
[1.761s] -- Build files have been written to: /home/agilex/autoware.ai/build/gnss
[1.767s] Invoked command in '/home/agilex/autoware.ai/build/gnss' returned '0': /usr/bin/cmake /home/agilex/autoware.ai/src/autoware/common/gnss -DCMAKE_BUILD_TYPE=Release -DCATKIN_INSTALL_INTO_PREFIX_ROOT=0 -DCMAKE_INSTALL_PREFIX=/home/agilex/autoware.ai/install/gnss
[1.767s] Invoking command in '/home/agilex/autoware.ai/build/gnss': /usr/bin/cmake --build /home/agilex/autoware.ai/build/gnss -- -j8 -l8
[1.808s] [35m[1mScanning dependencies of target gnss[0m
[1.827s] [ 50%] [32mBuilding CXX object CMakeFiles/gnss.dir/src/geo_pos_conv.cpp.o[0m
[1.917s] [100%] [32m[1mLinking CXX shared library devel/lib/libgnss.so[0m
[1.956s] [100%] Built target gnss
[1.967s] Invoked command in '/home/agilex/autoware.ai/build/gnss' returned '0': /usr/bin/cmake --build /home/agilex/autoware.ai/build/gnss -- -j8 -l8
[2.408s] Invoking command in '/home/agilex/autoware.ai/build/gnss': /usr/bin/cmake --build /home/agilex/autoware.ai/build/gnss --target tests -- -j8 -l8
[2.834s] [35m[1mScanning dependencies of target tests[0m
[2.870s] Built target tests
[2.892s] Invoked command in '/home/agilex/autoware.ai/build/gnss' returned '0': /usr/bin/cmake --build /home/agilex/autoware.ai/build/gnss --target tests -- -j8 -l8
[3.839s] Invoking command in '/home/agilex/autoware.ai/build/gnss': /usr/bin/cmake --build /home/agilex/autoware.ai/build/gnss --target install -- -j8 -l8
[4.162s] [100%] Built target gnss
[4.266s] [36mInstall the project...[0m
[4.302s] -- Install configuration: "Release"
[4.302s] -- Installing: /home/agilex/autoware.ai/install/gnss/lib/pkgconfig/gnss.pc
[4.303s] -- Installing: /home/agilex/autoware.ai/install/gnss/share/gnss/cmake/gnssConfig.cmake
[4.303s] -- Installing: /home/agilex/autoware.ai/install/gnss/share/gnss/cmake/gnssConfig-version.cmake
[4.303s] -- Installing: /home/agilex/autoware.ai/install/gnss/share/gnss/package.xml
[4.303s] -- Installing: /home/agilex/autoware.ai/install/gnss/include/gnss
[4.303s] -- Installing: /home/agilex/autoware.ai/install/gnss/include/gnss/geo_pos_conv.hpp
[4.303s] -- Installing: /home/agilex/autoware.ai/install/gnss/lib/libgnss.so
[4.303s] -- Set runtime path of "/home/agilex/autoware.ai/install/gnss/lib/libgnss.so" to ""
[4.329s] Invoked command in '/home/agilex/autoware.ai/build/gnss' returned '0': /usr/bin/cmake --build /home/agilex/autoware.ai/build/gnss --target install -- -j8 -l8
