[0.011s] Invoking command in '/home/agilex/autoware.ai/build/fastvirtualscan': CMAKE_PREFIX_PATH=/home/agilex/autoware.ai/install/autoware_build_flags:${CMAKE_PREFIX_PATH} PKG_CONFIG_PATH=/home/agilex/autoware.ai/install/autoware_build_flags/lib/x86_64-linux-gnu/pkgconfig:/home/agilex/autoware.ai/install/autoware_build_flags/lib/pkgconfig:${PKG_CONFIG_PATH} ROS_PACKAGE_PATH=/home/agilex/autoware.ai/install/autoware_build_flags/share:${ROS_PACKAGE_PATH} /usr/bin/cmake /home/agilex/autoware.ai/src/autoware/visualization/fastvirtualscan -DCMAKE_BUILD_TYPE=Release -DCATKIN_INSTALL_INTO_PREFIX_ROOT=0 -DCMAKE_INSTALL_PREFIX=/home/agilex/autoware.ai/install/fastvirtualscan
[0.067s] -- The C compiler identification is GNU 7.5.0
[0.120s] -- The CXX compiler identification is GNU 7.5.0
[0.125s] -- Check for working C compiler: /usr/bin/cc
[0.178s] -- Check for working C compiler: /usr/bin/cc -- works
[0.179s] -- Detecting C compiler ABI info
[0.245s] -- Detecting C compiler ABI info - done
[0.248s] -- Detecting C compile features
[0.420s] -- Detecting C compile features - done
[0.423s] -- Check for working CXX compiler: /usr/bin/c++
[0.509s] -- Check for working CXX compiler: /usr/bin/c++ -- works
[0.510s] -- Detecting CXX compiler ABI info
[0.577s] -- Detecting CXX compiler ABI info - done
[0.585s] -- Detecting CXX compile features
[0.883s] -- Detecting CXX compile features - done
[0.884s] -- CUDA compilation status: .
[0.885s] -- Using CATKIN_DEVEL_PREFIX: /home/agilex/autoware.ai/build/fastvirtualscan/devel
[0.886s] -- Using CMAKE_PREFIX_PATH: /home/agilex/autoware.ai/install/autoware_build_flags;/opt/ros/melodic
[0.886s] -- This workspace overlays: /home/agilex/autoware.ai/install/autoware_build_flags;/opt/ros/melodic
[0.899s] -- Found PythonInterp: /usr/bin/python2 (found suitable version "2.7.17", minimum required is "2") 
[0.899s] -- Using PYTHON_EXECUTABLE: /usr/bin/python2
[0.899s] -- Using Debian Python package layout
[0.900s] -- Using empy: /usr/bin/empy
[1.064s] -- Using CATKIN_ENABLE_TESTING: ON
[1.065s] -- Call enable_testing()
[1.067s] -- Using CATKIN_TEST_RESULTS_DIR: /home/agilex/autoware.ai/build/fastvirtualscan/test_results
[1.084s] -- Found gtest sources under '/usr/src/googletest': gtests will be built
[1.085s] -- Found gmock sources under '/usr/src/googletest': gmock will be built
[1.097s] -- Found PythonInterp: /usr/bin/python2 (found version "2.7.17") 
[1.098s] -- Looking for pthread.h
[1.181s] -- Looking for pthread.h - found
[1.181s] -- Looking for pthread_create
[1.233s] -- Looking for pthread_create - not found
[1.233s] -- Looking for pthread_create in pthreads
[1.278s] -- Looking for pthread_create in pthreads - not found
[1.278s] -- Looking for pthread_create in pthread
[1.334s] -- Looking for pthread_create in pthread - found
[1.336s] -- Found Threads: TRUE  
[1.340s] -- Using Python nosetests: /usr/bin/nosetests-2.7
[1.381s] -- catkin 0.7.29
[1.381s] -- BUILD_SHARED_LIBS is on
[1.677s] -- Configuring done
[1.693s] -- Generating done
[1.697s] -- Build files have been written to: /home/agilex/autoware.ai/build/fastvirtualscan
[1.704s] Invoked command in '/home/agilex/autoware.ai/build/fastvirtualscan' returned '0': CMAKE_PREFIX_PATH=/home/agilex/autoware.ai/install/autoware_build_flags:${CMAKE_PREFIX_PATH} PKG_CONFIG_PATH=/home/agilex/autoware.ai/install/autoware_build_flags/lib/x86_64-linux-gnu/pkgconfig:/home/agilex/autoware.ai/install/autoware_build_flags/lib/pkgconfig:${PKG_CONFIG_PATH} ROS_PACKAGE_PATH=/home/agilex/autoware.ai/install/autoware_build_flags/share:${ROS_PACKAGE_PATH} /usr/bin/cmake /home/agilex/autoware.ai/src/autoware/visualization/fastvirtualscan -DCMAKE_BUILD_TYPE=Release -DCATKIN_INSTALL_INTO_PREFIX_ROOT=0 -DCMAKE_INSTALL_PREFIX=/home/agilex/autoware.ai/install/fastvirtualscan
[1.705s] Invoking command in '/home/agilex/autoware.ai/build/fastvirtualscan': CMAKE_PREFIX_PATH=/home/agilex/autoware.ai/install/autoware_build_flags:${CMAKE_PREFIX_PATH} PKG_CONFIG_PATH=/home/agilex/autoware.ai/install/autoware_build_flags/lib/x86_64-linux-gnu/pkgconfig:/home/agilex/autoware.ai/install/autoware_build_flags/lib/pkgconfig:${PKG_CONFIG_PATH} ROS_PACKAGE_PATH=/home/agilex/autoware.ai/install/autoware_build_flags/share:${ROS_PACKAGE_PATH} /usr/bin/cmake --build /home/agilex/autoware.ai/build/fastvirtualscan -- -j8 -l8
[1.741s] [35m[1mScanning dependencies of target fastvirtualscan[0m
[1.760s] [ 50%] [32mBuilding CXX object CMakeFiles/fastvirtualscan.dir/FastVirtualScan/fastvirtualscan.cpp.o[0m
[3.616s] [100%] [32m[1mLinking CXX shared library devel/lib/libfastvirtualscan.so[0m
[3.736s] [100%] Built target fastvirtualscan
[3.748s] Invoked command in '/home/agilex/autoware.ai/build/fastvirtualscan' returned '0': CMAKE_PREFIX_PATH=/home/agilex/autoware.ai/install/autoware_build_flags:${CMAKE_PREFIX_PATH} PKG_CONFIG_PATH=/home/agilex/autoware.ai/install/autoware_build_flags/lib/x86_64-linux-gnu/pkgconfig:/home/agilex/autoware.ai/install/autoware_build_flags/lib/pkgconfig:${PKG_CONFIG_PATH} ROS_PACKAGE_PATH=/home/agilex/autoware.ai/install/autoware_build_flags/share:${ROS_PACKAGE_PATH} /usr/bin/cmake --build /home/agilex/autoware.ai/build/fastvirtualscan -- -j8 -l8
[3.788s] Invoking command in '/home/agilex/autoware.ai/build/fastvirtualscan': CMAKE_PREFIX_PATH=/home/agilex/autoware.ai/install/autoware_build_flags:${CMAKE_PREFIX_PATH} PKG_CONFIG_PATH=/home/agilex/autoware.ai/install/autoware_build_flags/lib/x86_64-linux-gnu/pkgconfig:/home/agilex/autoware.ai/install/autoware_build_flags/lib/pkgconfig:${PKG_CONFIG_PATH} ROS_PACKAGE_PATH=/home/agilex/autoware.ai/install/autoware_build_flags/share:${ROS_PACKAGE_PATH} /usr/bin/cmake --build /home/agilex/autoware.ai/build/fastvirtualscan --target tests -- -j8 -l8
[3.836s] [35m[1mScanning dependencies of target tests[0m
[3.845s] Built target tests
[3.858s] Invoked command in '/home/agilex/autoware.ai/build/fastvirtualscan' returned '0': CMAKE_PREFIX_PATH=/home/agilex/autoware.ai/install/autoware_build_flags:${CMAKE_PREFIX_PATH} PKG_CONFIG_PATH=/home/agilex/autoware.ai/install/autoware_build_flags/lib/x86_64-linux-gnu/pkgconfig:/home/agilex/autoware.ai/install/autoware_build_flags/lib/pkgconfig:${PKG_CONFIG_PATH} ROS_PACKAGE_PATH=/home/agilex/autoware.ai/install/autoware_build_flags/share:${ROS_PACKAGE_PATH} /usr/bin/cmake --build /home/agilex/autoware.ai/build/fastvirtualscan --target tests -- -j8 -l8
[3.897s] Invoking command in '/home/agilex/autoware.ai/build/fastvirtualscan': CMAKE_PREFIX_PATH=/home/agilex/autoware.ai/install/autoware_build_flags:${CMAKE_PREFIX_PATH} PKG_CONFIG_PATH=/home/agilex/autoware.ai/install/autoware_build_flags/lib/x86_64-linux-gnu/pkgconfig:/home/agilex/autoware.ai/install/autoware_build_flags/lib/pkgconfig:${PKG_CONFIG_PATH} ROS_PACKAGE_PATH=/home/agilex/autoware.ai/install/autoware_build_flags/share:${ROS_PACKAGE_PATH} /usr/bin/cmake --build /home/agilex/autoware.ai/build/fastvirtualscan --target install -- -j8 -l8
[3.946s] [100%] Built target fastvirtualscan
[3.964s] [36mInstall the project...[0m
[3.973s] -- Install configuration: "Release"
[3.973s] -- Installing: /home/agilex/autoware.ai/install/fastvirtualscan/lib/pkgconfig/fastvirtualscan.pc
[3.974s] -- Installing: /home/agilex/autoware.ai/install/fastvirtualscan/share/fastvirtualscan/cmake/fastvirtualscanConfig.cmake
[3.974s] -- Installing: /home/agilex/autoware.ai/install/fastvirtualscan/share/fastvirtualscan/cmake/fastvirtualscanConfig-version.cmake
[3.974s] -- Installing: /home/agilex/autoware.ai/install/fastvirtualscan/share/fastvirtualscan/package.xml
[3.974s] -- Installing: /home/agilex/autoware.ai/install/fastvirtualscan/include/fastvirtualscan
[3.975s] -- Installing: /home/agilex/autoware.ai/install/fastvirtualscan/include/fastvirtualscan/fastvirtualscan.h
[3.975s] -- Installing: /home/agilex/autoware.ai/install/fastvirtualscan/lib/libfastvirtualscan.so
[3.980s] Invoked command in '/home/agilex/autoware.ai/build/fastvirtualscan' returned '0': CMAKE_PREFIX_PATH=/home/agilex/autoware.ai/install/autoware_build_flags:${CMAKE_PREFIX_PATH} PKG_CONFIG_PATH=/home/agilex/autoware.ai/install/autoware_build_flags/lib/x86_64-linux-gnu/pkgconfig:/home/agilex/autoware.ai/install/autoware_build_flags/lib/pkgconfig:${PKG_CONFIG_PATH} ROS_PACKAGE_PATH=/home/agilex/autoware.ai/install/autoware_build_flags/share:${ROS_PACKAGE_PATH} /usr/bin/cmake --build /home/agilex/autoware.ai/build/fastvirtualscan --target install -- -j8 -l8
