Determining if the pthread_create exist failed with the following output:
Change Dir: /home/agilex/autoware.ai/build/costmap_generator/CMakeFiles/CMakeTmp

Run Build Command:"/usr/bin/make" "cmTC_2c6dd/fast"
/usr/bin/make -f CMakeFiles/cmTC_2c6dd.dir/build.make CMakeFiles/cmTC_2c6dd.dir/build
make[1]: Entering directory '/home/agilex/autoware.ai/build/costmap_generator/CMakeFiles/CMakeTmp'
Building C object CMakeFiles/cmTC_2c6dd.dir/CheckSymbolExists.c.o
/usr/bin/cc    -o CMakeFiles/cmTC_2c6dd.dir/CheckSymbolExists.c.o   -c /home/agilex/autoware.ai/build/costmap_generator/CMakeFiles/CMakeTmp/CheckSymbolExists.c
Linking C executable cmTC_2c6dd
/usr/bin/cmake -E cmake_link_script CMakeFiles/cmTC_2c6dd.dir/link.txt --verbose=1
/usr/bin/cc      -rdynamic CMakeFiles/cmTC_2c6dd.dir/CheckSymbolExists.c.o  -o cmTC_2c6dd 
CMakeFiles/cmTC_2c6dd.dir/CheckSymbolExists.c.o: In function `main':
CheckSymbolExists.c:(.text+0x1b): undefined reference to `pthread_create'
collect2: error: ld returned 1 exit status
CMakeFiles/cmTC_2c6dd.dir/build.make:97: recipe for target 'cmTC_2c6dd' failed
make[1]: *** [cmTC_2c6dd] Error 1
make[1]: Leaving directory '/home/agilex/autoware.ai/build/costmap_generator/CMakeFiles/CMakeTmp'
Makefile:126: recipe for target 'cmTC_2c6dd/fast' failed
make: *** [cmTC_2c6dd/fast] Error 2

File /home/agilex/autoware.ai/build/costmap_generator/CMakeFiles/CMakeTmp/CheckSymbolExists.c:
/* */
#include <pthread.h>

int main(int argc, char** argv)
{
  (void)argv;
#ifndef pthread_create
  return ((int*)(&pthread_create))[argc];
#else
  (void)argc;
  return 0;
#endif
}

Determining if the function pthread_create exists in the pthreads failed with the following output:
Change Dir: /home/agilex/autoware.ai/build/costmap_generator/CMakeFiles/CMakeTmp

Run Build Command:"/usr/bin/make" "cmTC_73a68/fast"
/usr/bin/make -f CMakeFiles/cmTC_73a68.dir/build.make CMakeFiles/cmTC_73a68.dir/build
make[1]: Entering directory '/home/agilex/autoware.ai/build/costmap_generator/CMakeFiles/CMakeTmp'
Building C object CMakeFiles/cmTC_73a68.dir/CheckFunctionExists.c.o
/usr/bin/cc   -DCHECK_FUNCTION_EXISTS=pthread_create   -o CMakeFiles/cmTC_73a68.dir/CheckFunctionExists.c.o   -c /usr/share/cmake-3.10/Modules/CheckFunctionExists.c
Linking C executable cmTC_73a68
/usr/bin/cmake -E cmake_link_script CMakeFiles/cmTC_73a68.dir/link.txt --verbose=1
/usr/bin/cc  -DCHECK_FUNCTION_EXISTS=pthread_create    -rdynamic CMakeFiles/cmTC_73a68.dir/CheckFunctionExists.c.o  -o cmTC_73a68 -lpthreads 
/usr/bin/ld: cannot find -lpthreads
collect2: error: ld returned 1 exit status
CMakeFiles/cmTC_73a68.dir/build.make:97: recipe for target 'cmTC_73a68' failed
make[1]: *** [cmTC_73a68] Error 1
make[1]: Leaving directory '/home/agilex/autoware.ai/build/costmap_generator/CMakeFiles/CMakeTmp'
Makefile:126: recipe for target 'cmTC_73a68/fast' failed
make: *** [cmTC_73a68/fast] Error 2


