** WARNING ** io features related to ensenso will be disabled
** WARNING ** io features related to davidSDK will be disabled
** WARNING ** io features related to dssdk will be disabled
** WARNING ** io features related to pcap will be disabled
** WARNING ** io features related to png will be disabled
** WARNING ** io features related to libusb-1.0 will be disabled
** WARNING ** visualization features related to ensenso will be disabled
** WARNING ** visualization features related to davidSDK will be disabled
** WARNING ** visualization features related to dssdk will be disabled
** WARNING ** visualization features related to rssdk will be disabled
In file included from [01m[K/home/agilex/autoware.ai/src/autoware/core_perception/road_occupancy_processor/include/road_occupancy_processor/road_occupancy_processor.h:38:0[m[K,
                 from [01m[K/home/agilex/autoware.ai/src/autoware/core_perception/road_occupancy_processor/src/road_occupancy_processor.cpp:23[m[K:
[01m[K/opt/ros/melodic/include/pcl_ros/point_cloud.h:303:27:[m[K [01;35m[Kwarning: [m[Kvariable templates only available with -std=c++14 or -std=gnu++14
     constexpr static bool [01;35m[Kpcl_uses_boost[m[K = true;
                           [01;35m[K^~~~~~~~~~~~~~[m[K
In file included from [01m[K/home/agilex/autoware.ai/src/autoware/core_perception/road_occupancy_processor/include/road_occupancy_processor/road_occupancy_processor.h:38:0[m[K,
                 from [01m[K/home/agilex/autoware.ai/src/autoware/core_perception/road_occupancy_processor/src/road_occupancy_processor_node.cpp:23[m[K:
[01m[K/opt/ros/melodic/include/pcl_ros/point_cloud.h:303:27:[m[K [01;35m[Kwarning: [m[Kvariable templates only available with -std=c++14 or -std=gnu++14
     constexpr static bool [01;35m[Kpcl_uses_boost[m[K = true;
                           [01;35m[K^~~~~~~~~~~~~~[m[K
