[0.014s] Invoking command in '/home/agilex/autoware.ai/build/road_occupancy_processor': CMAKE_PREFIX_PATH=/home/agilex/autoware.ai/install/vector_map:/home/agilex/autoware.ai/install/vector_map_msgs:/home/agilex/autoware.ai/install/autoware_build_flags:${CMAKE_PREFIX_PATH} LD_LIBRARY_PATH=/home/agilex/autoware.ai/install/vector_map/lib:${LD_LIBRARY_PATH} PKG_CONFIG_PATH=/home/agilex/autoware.ai/install/vector_map/lib/x86_64-linux-gnu/pkgconfig:/home/agilex/autoware.ai/install/vector_map/lib/pkgconfig:/home/agilex/autoware.ai/install/vector_map_msgs/lib/x86_64-linux-gnu/pkgconfig:/home/agilex/autoware.ai/install/vector_map_msgs/lib/pkgconfig:/home/agilex/autoware.ai/install/autoware_build_flags/lib/x86_64-linux-gnu/pkgconfig:/home/agilex/autoware.ai/install/autoware_build_flags/lib/pkgconfig:${PKG_CONFIG_PATH} PYTHONPATH=/home/agilex/autoware.ai/install/vector_map_msgs/lib/python2.7/dist-packages:${PYTHONPATH} ROS_PACKAGE_PATH=/home/agilex/autoware.ai/install/vector_map/share:/home/agilex/autoware.ai/install/vector_map_msgs/share:/home/agilex/autoware.ai/install/autoware_build_flags/share:${ROS_PACKAGE_PATH} /usr/bin/cmake /home/agilex/autoware.ai/src/autoware/core_perception/road_occupancy_processor -DCMAKE_BUILD_TYPE=Release -DCATKIN_INSTALL_INTO_PREFIX_ROOT=0 -DCMAKE_INSTALL_PREFIX=/home/agilex/autoware.ai/install/road_occupancy_processor
[0.096s] -- The C compiler identification is GNU 7.5.0
[0.216s] -- The CXX compiler identification is GNU 7.5.0
[0.220s] -- Check for working C compiler: /usr/bin/cc
[0.382s] -- Check for working C compiler: /usr/bin/cc -- works
[0.395s] -- Detecting C compiler ABI info
[0.567s] -- Detecting C compiler ABI info - done
[0.575s] -- Detecting C compile features
[0.946s] -- Detecting C compile features - done
[0.957s] -- Check for working CXX compiler: /usr/bin/c++
[1.060s] -- Check for working CXX compiler: /usr/bin/c++ -- works
[1.061s] -- Detecting CXX compiler ABI info
[1.129s] -- Detecting CXX compiler ABI info - done
[1.137s] -- Detecting CXX compile features
[1.436s] -- Detecting CXX compile features - done
[1.438s] -- CUDA compilation status: .
[1.536s] -- Using CATKIN_DEVEL_PREFIX: /home/agilex/autoware.ai/build/road_occupancy_processor/devel
[1.536s] -- Using CMAKE_PREFIX_PATH: /home/agilex/autoware.ai/install/vector_map;/home/agilex/autoware.ai/install/vector_map_msgs;/home/agilex/autoware.ai/install/autoware_build_flags;/opt/ros/melodic
[1.537s] -- This workspace overlays: /home/agilex/autoware.ai/install/vector_map;/home/agilex/autoware.ai/install/vector_map_msgs;/home/agilex/autoware.ai/install/autoware_build_flags;/opt/ros/melodic
[1.550s] -- Found PythonInterp: /usr/bin/python2 (found suitable version "2.7.17", minimum required is "2") 
[1.550s] -- Using PYTHON_EXECUTABLE: /usr/bin/python2
[1.550s] -- Using Debian Python package layout
[1.551s] -- Using empy: /usr/bin/empy
[1.709s] -- Using CATKIN_ENABLE_TESTING: ON
[1.709s] -- Call enable_testing()
[1.711s] -- Using CATKIN_TEST_RESULTS_DIR: /home/agilex/autoware.ai/build/road_occupancy_processor/test_results
[1.726s] -- Found gtest sources under '/usr/src/googletest': gtests will be built
[1.726s] -- Found gmock sources under '/usr/src/googletest': gmock will be built
[1.740s] -- Found PythonInterp: /usr/bin/python2 (found version "2.7.17") 
[1.741s] -- Looking for pthread.h
[1.800s] -- Looking for pthread.h - found
[1.800s] -- Looking for pthread_create
[1.872s] -- Looking for pthread_create - not found
[1.872s] -- Looking for pthread_create in pthreads
[1.920s] -- Looking for pthread_create in pthreads - not found
[1.921s] -- Looking for pthread_create in pthread
[1.978s] -- Looking for pthread_create in pthread - found
[1.979s] -- Found Threads: TRUE  
[1.984s] -- Using Python nosetests: /usr/bin/nosetests-2.7
[2.027s] -- catkin 0.7.29
[2.028s] -- BUILD_SHARED_LIBS is on
[2.170s] -- Using these message generators: gencpp;geneus;genlisp;gennodejs;genpy
[3.362s] -- Found OpenCV: /usr (found version "3.2.0") 
[3.370s] -- Checking for module 'eigen3'
[3.384s] --   Found eigen3, version 3.3.4
[3.426s] -- Found eigen: /usr/include/eigen3  
[3.502s] -- Boost version: 1.65.1
[3.502s] -- Found the following Boost libraries:
[3.502s] --   system
[3.502s] --   filesystem
[3.502s] --   thread
[3.503s] --   date_time
[3.503s] --   iostreams
[3.503s] --   serialization
[3.503s] --   chrono
[3.504s] --   atomic
[3.504s] --   regex
[3.506s] -- Checking for module 'libopenni'
[3.521s] --   Found libopenni, version 1.5.4.0
[3.565s] -- Found openni: /usr/lib/libOpenNI.so  
[3.566s] -- Checking for module 'libopenni2'
[3.581s] --   Found libopenni2, version 2.2.0.3
[3.626s] -- Found OpenNI2: /usr/lib/libOpenNI2.so  
[3.631s] -- Could NOT find ensenso (missing: ENSENSO_LIBRARY ENSENSO_INCLUDE_DIR) 
[3.631s] ** WARNING ** io features related to ensenso will be disabled
[3.634s] -- Could NOT find DAVIDSDK (missing: DAVIDSDK_LIBRARY DAVIDSDK_INCLUDE_DIR) 
[3.635s] ** WARNING ** io features related to davidSDK will be disabled
[3.636s] -- Could NOT find DSSDK (missing: _DSSDK_LIBRARIES) 
[3.637s] ** WARNING ** io features related to dssdk will be disabled
[3.637s] ** WARNING ** io features related to pcap will be disabled
[3.637s] ** WARNING ** io features related to png will be disabled
[3.698s] -- The imported target "vtkRenderingPythonTkWidgets" references the file
[3.699s]    "/usr/lib/x86_64-linux-gnu/libvtkRenderingPythonTkWidgets.so"
[3.699s] but this file does not exist.  Possible reasons include:
[3.699s] * The file was deleted, renamed, or moved to another location.
[3.699s] * An install or uninstall procedure did not complete successfully.
[3.699s] * The installation package was faulty and contained
[3.699s]    "/usr/lib/cmake/vtk-6.3/VTKTargets.cmake"
[3.699s] but not all the files it references.
[3.700s] 
[3.700s] -- The imported target "vtk" references the file
[3.701s]    "/usr/bin/vtk"
[3.701s] but this file does not exist.  Possible reasons include:
[3.701s] * The file was deleted, renamed, or moved to another location.
[3.701s] * An install or uninstall procedure did not complete successfully.
[3.701s] * The installation package was faulty and contained
[3.701s]    "/usr/lib/cmake/vtk-6.3/VTKTargets.cmake"
[3.702s] but not all the files it references.
[3.702s] 
[3.766s] -- Found libusb-1.0: /usr/include  
[3.766s] ** WARNING ** io features related to libusb-1.0 will be disabled
[3.767s] -- Checking for module 'flann'
[3.782s] --   Found flann, version 1.9.1
[3.828s] -- Found Flann: /usr/lib/x86_64-linux-gnu/libflann_cpp_s.a  
[3.870s] -- Could NOT find ensenso (missing: ENSENSO_LIBRARY ENSENSO_INCLUDE_DIR) 
[3.870s] ** WARNING ** visualization features related to ensenso will be disabled
[3.873s] -- Could NOT find DAVIDSDK (missing: DAVIDSDK_LIBRARY DAVIDSDK_INCLUDE_DIR) 
[3.874s] ** WARNING ** visualization features related to davidSDK will be disabled
[3.875s] -- Could NOT find DSSDK (missing: _DSSDK_LIBRARIES) 
[3.875s] ** WARNING ** visualization features related to dssdk will be disabled
[3.876s] -- Could NOT find RSSDK (missing: _RSSDK_LIBRARIES) 
[3.876s] ** WARNING ** visualization features related to rssdk will be disabled
[3.916s] -- Found qhull: /usr/lib/x86_64-linux-gnu/libqhull.so  
[3.952s] -- looking for PCL_COMMON
[3.954s] -- Found PCL_COMMON: /usr/lib/x86_64-linux-gnu/libpcl_common.so  
[3.954s] -- looking for PCL_OCTREE
[3.956s] -- Found PCL_OCTREE: /usr/lib/x86_64-linux-gnu/libpcl_octree.so  
[3.957s] -- looking for PCL_IO
[3.958s] -- Found PCL_IO: /usr/lib/x86_64-linux-gnu/libpcl_io.so  
[3.959s] -- looking for PCL_KDTREE
[3.961s] -- Found PCL_KDTREE: /usr/lib/x86_64-linux-gnu/libpcl_kdtree.so  
[3.961s] -- looking for PCL_SEARCH
[3.963s] -- Found PCL_SEARCH: /usr/lib/x86_64-linux-gnu/libpcl_search.so  
[3.963s] -- looking for PCL_SAMPLE_CONSENSUS
[3.965s] -- Found PCL_SAMPLE_CONSENSUS: /usr/lib/x86_64-linux-gnu/libpcl_sample_consensus.so  
[3.966s] -- looking for PCL_FILTERS
[3.967s] -- Found PCL_FILTERS: /usr/lib/x86_64-linux-gnu/libpcl_filters.so  
[3.968s] -- looking for PCL_2D
[3.969s] -- Found PCL_2D: /usr/include/pcl-1.8  
[3.970s] -- looking for PCL_GEOMETRY
[3.970s] -- Found PCL_GEOMETRY: /usr/include/pcl-1.8  
[3.971s] -- looking for PCL_FEATURES
[3.973s] -- Found PCL_FEATURES: /usr/lib/x86_64-linux-gnu/libpcl_features.so  
[3.974s] -- looking for PCL_ML
[3.976s] -- Found PCL_ML: /usr/lib/x86_64-linux-gnu/libpcl_ml.so  
[3.976s] -- looking for PCL_SEGMENTATION
[3.978s] -- Found PCL_SEGMENTATION: /usr/lib/x86_64-linux-gnu/libpcl_segmentation.so  
[3.979s] -- looking for PCL_VISUALIZATION
[3.981s] -- Found PCL_VISUALIZATION: /usr/lib/x86_64-linux-gnu/libpcl_visualization.so  
[3.981s] -- looking for PCL_SURFACE
[3.983s] -- Found PCL_SURFACE: /usr/lib/x86_64-linux-gnu/libpcl_surface.so  
[3.984s] -- looking for PCL_REGISTRATION
[3.986s] -- Found PCL_REGISTRATION: /usr/lib/x86_64-linux-gnu/libpcl_registration.so  
[3.987s] -- looking for PCL_KEYPOINTS
[3.989s] -- Found PCL_KEYPOINTS: /usr/lib/x86_64-linux-gnu/libpcl_keypoints.so  
[3.989s] -- looking for PCL_TRACKING
[3.991s] -- Found PCL_TRACKING: /usr/lib/x86_64-linux-gnu/libpcl_tracking.so  
[3.992s] -- looking for PCL_RECOGNITION
[3.994s] -- Found PCL_RECOGNITION: /usr/lib/x86_64-linux-gnu/libpcl_recognition.so  
[3.995s] -- looking for PCL_STEREO
[3.997s] -- Found PCL_STEREO: /usr/lib/x86_64-linux-gnu/libpcl_stereo.so  
[3.998s] -- looking for PCL_APPS
[4.000s] -- Found PCL_APPS: /usr/lib/x86_64-linux-gnu/libpcl_apps.so  
[4.002s] -- looking for PCL_IN_HAND_SCANNER
[4.003s] -- Found PCL_IN_HAND_SCANNER: /usr/include/pcl-1.8  
[4.004s] -- looking for PCL_MODELER
[4.005s] -- Found PCL_MODELER: /usr/include/pcl-1.8  
[4.005s] -- looking for PCL_POINT_CLOUD_EDITOR
[4.006s] -- Found PCL_POINT_CLOUD_EDITOR: /usr/include/pcl-1.8  
[4.007s] -- looking for PCL_OUTOFCORE
[4.008s] -- Found PCL_OUTOFCORE: /usr/lib/x86_64-linux-gnu/libpcl_outofcore.so  
[4.009s] -- looking for PCL_PEOPLE
[4.011s] -- Found PCL_PEOPLE: /usr/lib/x86_64-linux-gnu/libpcl_people.so  
[4.037s] -- Found PCL: /usr/lib/x86_64-linux-gnu/libboost_system.so;/usr/lib/x86_64-linux-gnu/libboost_filesystem.so;/usr/lib/x86_64-linux-gnu/libboost_thread.so;/usr/lib/x86_64-linux-gnu/libboost_date_time.so;/usr/lib/x86_64-linux-gnu/libboost_iostreams.so;/usr/lib/x86_64-linux-gnu/libboost_serialization.so;/usr/lib/x86_64-linux-gnu/libboost_chrono.so;/usr/lib/x86_64-linux-gnu/libboost_atomic.so;/usr/lib/x86_64-linux-gnu/libboost_regex.so;/usr/lib/x86_64-linux-gnu/libpthread.so;optimized;/usr/lib/x86_64-linux-gnu/libpcl_common.so;debug;/usr/lib/x86_64-linux-gnu/libpcl_common.so;optimized;/usr/lib/x86_64-linux-gnu/libpcl_octree.so;debug;/usr/lib/x86_64-linux-gnu/libpcl_octree.so;/usr/lib/libOpenNI.so;/usr/lib/libOpenNI2.so;vtkChartsCore;vtkCommonColor;vtkCommonDataModel;vtkCommonMath;vtkCommonCore;vtksys;vtkCommonMisc;vtkCommonSystem;vtkCommonTransforms;vtkInfovisCore;vtkFiltersExtraction;vtkCommonExecutionModel;vtkFiltersCore;vtkFiltersGeneral;vtkCommonComputationalGeometry;vtkFiltersStatistics;vtkImagingFourier;vtkImagingCore;vtkalglib;vtkRenderingContext2D;vtkRenderingCore;vtkFiltersGeometry;vtkFiltersSources;vtkRenderingFreeType;/usr/lib/x86_64-linux-gnu/libfreetype.so;/usr/lib/x86_64-linux-gnu/libz.so;vtkftgl;vtkDICOMParser;vtkDomainsChemistry;vtkIOXML;vtkIOGeometry;vtkIOCore;vtkIOXMLParser;/usr/lib/x86_64-linux-gnu/libexpat.so;vtkFiltersAMR;vtkParallelCore;vtkIOLegacy;vtkFiltersFlowPaths;vtkFiltersGeneric;vtkFiltersHybrid;vtkImagingSources;vtkFiltersHyperTree;vtkFiltersImaging;vtkImagingGeneral;vtkFiltersModeling;vtkFiltersParallel;vtkFiltersParallelFlowPaths;vtkParallelMPI;vtkFiltersParallelGeometry;vtkFiltersParallelImaging;vtkFiltersParallelMPI;vtkFiltersParallelStatistics;vtkFiltersProgrammable;vtkFiltersPython;/usr/lib/x86_64-linux-gnu/libpython2.7.so;vtkWrappingPythonCore;vtkWrappingTools;vtkFiltersReebGraph;vtkFiltersSMP;vtkFiltersSelection;vtkFiltersTexture;vtkFiltersVerdict;verdict;vtkGUISupportQt;vtkInteractionStyle;vtkRenderingOpenGL;vtkImagingHybrid;vtkIOImage;vtkmetaio;/usr/lib/x86_64-linux-gnu/libjpeg.so;/usr/lib/x86_64-linux-gnu/libpng.so;/usr/lib/x86_64-linux-gnu/libtiff.so;vtkGUISupportQtOpenGL;vtkGUISupportQtSQL;vtkIOSQL;sqlite3;vtkGUISupportQtWebkit;vtkViewsQt;vtkViewsInfovis;vtkInfovisLayout;vtkInfovisBoostGraphAlgorithms;vtkRenderingLabel;vtkViewsCore;vtkInteractionWidgets;vtkRenderingAnnotation;vtkImagingColor;vtkRenderingVolume;vtkGeovisCore;/usr/lib/x86_64-linux-gnu/libproj.so;vtkIOAMR;/usr/lib/x86_64-linux-gnu/hdf5/openmpi/libhdf5.so;/usr/lib/x86_64-linux-gnu/libsz.so;/usr/lib/x86_64-linux-gnu/libdl.so;/usr/lib/x86_64-linux-gnu/libm.so;/usr/lib/x86_64-linux-gnu/openmpi/lib/libmpi.so;vtkIOEnSight;vtkIOExodus;vtkexoIIc;/usr/lib/x86_64-linux-gnu/libnetcdf_c++.so;/usr/lib/x86_64-linux-gnu/libnetcdf.so;vtkIOExport;vtkRenderingGL2PS;vtkRenderingContextOpenGL;/usr/lib/x86_64-linux-gnu/libgl2ps.so;vtkIOFFMPEG;vtkIOMovie;/usr/lib/x86_64-linux-gnu/libtheoraenc.so;/usr/lib/x86_64-linux-gnu/libtheoradec.so;/usr/lib/x86_64-linux-gnu/libogg.so;vtkIOGDAL;vtkIOGeoJSON;vtkIOImport;vtkIOInfovis;/usr/lib/x86_64-linux-gnu/libxml2.so;vtkIOLSDyna;vtkIOMINC;vtkIOMPIImage;vtkIOMPIParallel;vtkIOParallel;vtkIONetCDF;/usr/lib/x86_64-linux-gnu/libjsoncpp.so;vtkIOMySQL;vtkIOODBC;vtkIOPLY;vtkIOParallelExodus;vtkIOParallelLSDyna;vtkIOParallelNetCDF;vtkIOParallelXML;vtkIOPostgreSQL;vtkIOVPIC;VPIC;vtkIOVideo;vtkIOXdmf2;vtkxdmf2;vtkImagingMath;vtkImagingMorphological;vtkImagingStatistics;vtkImagingStencil;vtkInteractionImage;vtkLocalExample;vtkParallelMPI4Py;vtkPythonInterpreter;vtkRenderingExternal;vtkRenderingFreeTypeFontConfig;vtkRenderingImage;vtkRenderingLIC;vtkRenderingLOD;vtkRenderingMatplotlib;vtkRenderingParallel;vtkRenderingParallelLIC;vtkRenderingQt;vtkRenderingVolumeAMR;vtkRenderingVolumeOpenGL;vtkTestingGenericBridge;vtkTestingIOSQL;vtkTestingRendering;vtkViewsContext2D;vtkViewsGeovis;vtkWrappingJava;optimized;/usr/lib/x86_64-linux-gnu/libpcl_io.so;debug;/usr/lib/x86_64-linux-gnu/libpcl_io.so;optimized;/usr/lib/x86_64-linux-gnu/libflann_cpp_s.a;debug;/usr/lib/x86_64-linux-gnu/libflann_cpp_s.a;optimized;/usr/lib/x86_64-linux-gnu/libpcl_kdtree.so;debug;/usr/lib/x86_64-linux-gnu/libpcl_kdtree.so;optimized;/usr/lib/x86_64-linux-gnu/libpcl_search.so;debug;/usr/lib/x86_64-linux-gnu/libpcl_search.so;optimized;/usr/lib/x86_64-linux-gnu/libpcl_sample_consensus.so;debug;/usr/lib/x86_64-linux-gnu/libpcl_sample_consensus.so;optimized;/usr/lib/x86_64-linux-gnu/libpcl_filters.so;debug;/usr/lib/x86_64-linux-gnu/libpcl_filters.so;optimized;/usr/lib/x86_64-linux-gnu/libpcl_features.so;debug;/usr/lib/x86_64-linux-gnu/libpcl_features.so;optimized;/usr/lib/x86_64-linux-gnu/libpcl_ml.so;debug;/usr/lib/x86_64-linux-gnu/libpcl_ml.so;optimized;/usr/lib/x86_64-linux-gnu/libpcl_segmentation.so;debug;/usr/lib/x86_64-linux-gnu/libpcl_segmentation.so;optimized;/usr/lib/x86_64-linux-gnu/libpcl_visualization.so;debug;/usr/lib/x86_64-linux-gnu/libpcl_visualization.so;optimized;/usr/lib/x86_64-linux-gnu/libqhull.so;debug;/usr/lib/x86_64-linux-gnu/libqhull.so;optimized;/usr/lib/x86_64-linux-gnu/libpcl_surface.so;debug;/usr/lib/x86_64-linux-gnu/libpcl_surface.so;optimized;/usr/lib/x86_64-linux-gnu/libpcl_registration.so;debug;/usr/lib/x86_64-linux-gnu/libpcl_registration.so;optimized;/usr/lib/x86_64-linux-gnu/libpcl_keypoints.so;debug;/usr/lib/x86_64-linux-gnu/libpcl_keypoints.so;optimized;/usr/lib/x86_64-linux-gnu/libpcl_tracking.so;debug;/usr/lib/x86_64-linux-gnu/libpcl_tracking.so;optimized;/usr/lib/x86_64-linux-gnu/libpcl_recognition.so;debug;/usr/lib/x86_64-linux-gnu/libpcl_recognition.so;optimized;/usr/lib/x86_64-linux-gnu/libpcl_stereo.so;debug;/usr/lib/x86_64-linux-gnu/libpcl_stereo.so;optimized;/usr/lib/x86_64-linux-gnu/libpcl_apps.so;debug;/usr/lib/x86_64-linux-gnu/libpcl_apps.so;optimized;/usr/lib/x86_64-linux-gnu/libpcl_outofcore.so;debug;/usr/lib/x86_64-linux-gnu/libpcl_outofcore.so;optimized;/usr/lib/x86_64-linux-gnu/libpcl_people.so;debug;/usr/lib/x86_64-linux-gnu/libpcl_people.so;/usr/lib/x86_64-linux-gnu/libboost_system.so;/usr/lib/x86_64-linux-gnu/libboost_filesystem.so;/usr/lib/x86_64-linux-gnu/libboost_thread.so;/usr/lib/x86_64-linux-gnu/libboost_date_time.so;/usr/lib/x86_64-linux-gnu/libboost_iostreams.so;/usr/lib/x86_64-linux-gnu/libboost_serialization.so;/usr/lib/x86_64-linux-gnu/libboost_chrono.so;/usr/lib/x86_64-linux-gnu/libboost_atomic.so;/usr/lib/x86_64-linux-gnu/libboost_regex.so;/usr/lib/x86_64-linux-gnu/libpthread.so;optimized;/usr/lib/x86_64-linux-gnu/libqhull.so;debug;/usr/lib/x86_64-linux-gnu/libqhull.so;/usr/lib/libOpenNI.so;/usr/lib/libOpenNI2.so;optimized;/usr/lib/x86_64-linux-gnu/libflann_cpp_s.a;debug;/usr/lib/x86_64-linux-gnu/libflann_cpp_s.a;vtkChartsCore;vtkCommonColor;vtkCommonDataModel;vtkCommonMath;vtkCommonCore;vtksys;vtkCommonMisc;vtkCommonSystem;vtkCommonTransforms;vtkInfovisCore;vtkFiltersExtraction;vtkCommonExecutionModel;vtkFiltersCore;vtkFiltersGeneral;vtkCommonComputationalGeometry;vtkFiltersStatistics;vtkImagingFourier;vtkImagingCore;vtkalglib;vtkRenderingContext2D;vtkRenderingCore;vtkFiltersGeometry;vtkFiltersSources;vtkRenderingFreeType;/usr/lib/x86_64-linux-gnu/libfreetype.so;/usr/lib/x86_64-linux-gnu/libz.so;vtkftgl;vtkDICOMParser;vtkDomainsChemistry;vtkIOXML;vtkIOGeometry;vtkIOCore;vtkIOXMLParser;/usr/lib/x86_64-linux-gnu/libexpat.so;vtkFiltersAMR;vtkParallelCore;vtkIOLegacy;vtkFiltersFlowPaths;vtkFiltersGeneric;vtkFiltersHybrid;vtkImagingSources;vtkFiltersHyperTree;vtkFiltersImaging;vtkImagingGeneral;vtkFiltersModeling;vtkFiltersParallel;vtkFiltersParallelFlowPaths;vtkParallelMPI;vtkFiltersParallelGeometry;vtkFiltersParallelImaging;vtkFiltersParallelMPI;vtkFiltersParallelStatistics;vtkFiltersProgrammable;vtkFiltersPython;/usr/lib/x86_64-linux-gnu/libpython2.7.so;vtkWrappingPythonCore;vtkWrappingTools;vtkFiltersReebGraph;vtkFiltersSMP;vtkFiltersSelection;vtkFiltersTexture;vtkFiltersVerdict;verdict;vtkGUISupportQt;vtkInteractionStyle;vtkRenderingOpenGL;vtkImagingHybrid;vtkIOImage;vtkmetaio;/usr/lib/x86_64-linux-gnu/libjpeg.so;/usr/lib/x86_64-linux-gnu/libpng.so;/usr/lib/x86_64-linux-gnu/libtiff.so;vtkGUISupportQtOpenGL;vtkGUISupportQtSQL;vtkIOSQL;sqlite3;vtkGUISupportQtWebkit;vtkViewsQt;vtkViewsInfovis;vtkInfovisLayout;vtkInfovisBoostGraphAlgorithms;vtkRenderingLabel;vtkViewsCore;vtkInteractionWidgets;vtkRenderingAnnotation;vtkImagingColor;vtkRenderingVolume;vtkGeovisCore;/usr/lib/x86_64-linux-gnu/libproj.so;vtkIOAMR;/usr/lib/x86_64-linux-gnu/hdf5/openmpi/libhdf5.so;/usr/lib/x86_64-linux-gnu/libsz.so;/usr/lib/x86_64-linux-gnu/libdl.so;/usr/lib/x86_64-linux-gnu/libm.so;/usr/lib/x86_64-linux-gnu/openmpi/lib/libmpi.so;vtkIOEnSight;vtkIOExodus;vtkexoIIc;/usr/lib/x86_64-linux-gnu/libnetcdf_c++.so;/usr/lib/x86_64-linux-gnu/libnetcdf.so;vtkIOExport;vtkRenderingGL2PS;vtkRenderingContextOpenGL;/usr/lib/x86_64-linux-gnu/libgl2ps.so;vtkIOFFMPEG;vtkIOMovie;/usr/lib/x86_64-linux-gnu/libtheoraenc.so;/usr/lib/x86_64-linux-gnu/libtheoradec.so;/usr/lib/x86_64-linux-gnu/libogg.so;vtkIOGDAL;vtkIOGeoJSON;vtkIOImport;vtkIOInfovis;/usr/lib/x86_64-linux-gnu/libxml2.so;vtkIOLSDyna;vtkIOMINC;vtkIOMPIImage;vtkIOMPIParallel;vtkIOParallel;vtkIONetCDF;/usr/lib/x86_64-linux-gnu/libjsoncpp.so;vtkIOMySQL;vtkIOODBC;vtkIOPLY;vtkIOParallelExodus;vtkIOParallelLSDyna;vtkIOParallelNetCDF;vtkIOParallelXML;vtkIOPostgreSQL;vtkIOVPIC;VPIC;vtkIOVideo;vtkIOXdmf2;vtkxdmf2;vtkImagingMath;vtkImagingMorphological;vtkImagingStatistics;vtkImagingStencil;vtkInteractionImage;vtkLocalExample;vtkParallelMPI4Py;vtkPythonInterpreter;vtkRenderingExternal;vtkRenderingFreeTypeFontConfig;vtkRenderingImage;vtkRenderingLIC;vtkRenderingLOD;vtkRenderingMatplotlib;vtkRenderingParallel;vtkRenderingParallelLIC;vtkRenderingQt;vtkRenderingVolumeAMR;vtkRenderingVolumeOpenGL;vtkTestingGenericBridge;vtkTestingIOSQL;vtkTestingRendering;vtkViewsContext2D;vtkViewsGeovis;vtkWrappingJava  
[4.260s] -- Found OpenMP_C: -fopenmp (found version "4.5") 
[4.357s] -- Found OpenMP_CXX: -fopenmp (found version "4.5") 
[4.358s] -- Found OpenMP: TRUE (found version "4.5")  
[4.498s] -- Configuring done
[4.689s] -- Generating done
[4.701s] -- Build files have been written to: /home/agilex/autoware.ai/build/road_occupancy_processor
[4.716s] Invoked command in '/home/agilex/autoware.ai/build/road_occupancy_processor' returned '0': CMAKE_PREFIX_PATH=/home/agilex/autoware.ai/install/vector_map:/home/agilex/autoware.ai/install/vector_map_msgs:/home/agilex/autoware.ai/install/autoware_build_flags:${CMAKE_PREFIX_PATH} LD_LIBRARY_PATH=/home/agilex/autoware.ai/install/vector_map/lib:${LD_LIBRARY_PATH} PKG_CONFIG_PATH=/home/agilex/autoware.ai/install/vector_map/lib/x86_64-linux-gnu/pkgconfig:/home/agilex/autoware.ai/install/vector_map/lib/pkgconfig:/home/agilex/autoware.ai/install/vector_map_msgs/lib/x86_64-linux-gnu/pkgconfig:/home/agilex/autoware.ai/install/vector_map_msgs/lib/pkgconfig:/home/agilex/autoware.ai/install/autoware_build_flags/lib/x86_64-linux-gnu/pkgconfig:/home/agilex/autoware.ai/install/autoware_build_flags/lib/pkgconfig:${PKG_CONFIG_PATH} PYTHONPATH=/home/agilex/autoware.ai/install/vector_map_msgs/lib/python2.7/dist-packages:${PYTHONPATH} ROS_PACKAGE_PATH=/home/agilex/autoware.ai/install/vector_map/share:/home/agilex/autoware.ai/install/vector_map_msgs/share:/home/agilex/autoware.ai/install/autoware_build_flags/share:${ROS_PACKAGE_PATH} /usr/bin/cmake /home/agilex/autoware.ai/src/autoware/core_perception/road_occupancy_processor -DCMAKE_BUILD_TYPE=Release -DCATKIN_INSTALL_INTO_PREFIX_ROOT=0 -DCMAKE_INSTALL_PREFIX=/home/agilex/autoware.ai/install/road_occupancy_processor
[4.717s] Invoking command in '/home/agilex/autoware.ai/build/road_occupancy_processor': CMAKE_PREFIX_PATH=/home/agilex/autoware.ai/install/vector_map:/home/agilex/autoware.ai/install/vector_map_msgs:/home/agilex/autoware.ai/install/autoware_build_flags:${CMAKE_PREFIX_PATH} LD_LIBRARY_PATH=/home/agilex/autoware.ai/install/vector_map/lib:${LD_LIBRARY_PATH} PKG_CONFIG_PATH=/home/agilex/autoware.ai/install/vector_map/lib/x86_64-linux-gnu/pkgconfig:/home/agilex/autoware.ai/install/vector_map/lib/pkgconfig:/home/agilex/autoware.ai/install/vector_map_msgs/lib/x86_64-linux-gnu/pkgconfig:/home/agilex/autoware.ai/install/vector_map_msgs/lib/pkgconfig:/home/agilex/autoware.ai/install/autoware_build_flags/lib/x86_64-linux-gnu/pkgconfig:/home/agilex/autoware.ai/install/autoware_build_flags/lib/pkgconfig:${PKG_CONFIG_PATH} PYTHONPATH=/home/agilex/autoware.ai/install/vector_map_msgs/lib/python2.7/dist-packages:${PYTHONPATH} ROS_PACKAGE_PATH=/home/agilex/autoware.ai/install/vector_map/share:/home/agilex/autoware.ai/install/vector_map_msgs/share:/home/agilex/autoware.ai/install/autoware_build_flags/share:${ROS_PACKAGE_PATH} /usr/bin/cmake --build /home/agilex/autoware.ai/build/road_occupancy_processor -- -j8 -l8
[4.766s] [35m[1mScanning dependencies of target nodelet_generate_messages_eus[0m
[4.776s] [  0%] Built target nodelet_generate_messages_eus
[4.785s] [35m[1mScanning dependencies of target topic_tools_generate_messages_eus[0m
[4.794s] [  0%] Built target topic_tools_generate_messages_eus
[4.804s] [35m[1mScanning dependencies of target topic_tools_generate_messages_cpp[0m
[4.814s] [  0%] Built target topic_tools_generate_messages_cpp
[4.823s] [35m[1mScanning dependencies of target std_srvs_generate_messages_py[0m
[4.832s] [  0%] Built target std_srvs_generate_messages_py
[4.844s] [35m[1mScanning dependencies of target std_srvs_generate_messages_nodejs[0m
[4.854s] [  0%] Built target std_srvs_generate_messages_nodejs
[4.865s] [35m[1mScanning dependencies of target bond_generate_messages_nodejs[0m
[4.875s] [  0%] Built target bond_generate_messages_nodejs
[4.884s] [35m[1mScanning dependencies of target bond_generate_messages_lisp[0m
[4.894s] [  0%] Built target bond_generate_messages_lisp
[4.903s] [35m[1mScanning dependencies of target bond_generate_messages_eus[0m
[4.913s] [  0%] Built target bond_generate_messages_eus
[4.922s] [35m[1mScanning dependencies of target bond_generate_messages_cpp[0m
[4.934s] [  0%] Built target bond_generate_messages_cpp
[4.943s] [35m[1mScanning dependencies of target pcl_ros_gencfg[0m
[4.952s] [  0%] Built target pcl_ros_gencfg
[4.962s] [35m[1mScanning dependencies of target nodelet_generate_messages_cpp[0m
[4.971s] [  0%] Built target nodelet_generate_messages_cpp
[4.980s] [35m[1mScanning dependencies of target sensor_msgs_generate_messages_nodejs[0m
[4.990s] [  0%] Built target sensor_msgs_generate_messages_nodejs
[4.999s] [35m[1mScanning dependencies of target roscpp_generate_messages_cpp[0m
[5.009s] [  0%] Built target roscpp_generate_messages_cpp
[5.018s] [35m[1mScanning dependencies of target actionlib_generate_messages_cpp[0m
[5.027s] [  0%] Built target actionlib_generate_messages_cpp
[5.039s] [35m[1mScanning dependencies of target nav_msgs_generate_messages_cpp[0m
[5.048s] [  0%] Built target nav_msgs_generate_messages_cpp
[5.058s] [35m[1mScanning dependencies of target sensor_msgs_generate_messages_lisp[0m
[5.067s] [  0%] Built target sensor_msgs_generate_messages_lisp
[5.076s] [35m[1mScanning dependencies of target std_srvs_generate_messages_cpp[0m
[5.086s] [  0%] Built target std_srvs_generate_messages_cpp
[5.095s] [35m[1mScanning dependencies of target geometry_msgs_generate_messages_py[0m
[5.104s] [  0%] Built target geometry_msgs_generate_messages_py
[5.114s] [35m[1mScanning dependencies of target geometry_msgs_generate_messages_lisp[0m
[5.125s] [  0%] Built target geometry_msgs_generate_messages_lisp
[5.134s] [35m[1mScanning dependencies of target actionlib_generate_messages_lisp[0m
[5.146s] [  0%] Built target actionlib_generate_messages_lisp
[5.155s] [35m[1mScanning dependencies of target geometry_msgs_generate_messages_cpp[0m
[5.165s] [  0%] Built target geometry_msgs_generate_messages_cpp
[5.174s] [35m[1mScanning dependencies of target tf_generate_messages_nodejs[0m
[5.184s] [  0%] Built target tf_generate_messages_nodejs
[5.193s] [35m[1mScanning dependencies of target geometry_msgs_generate_messages_eus[0m
[5.203s] [  0%] Built target geometry_msgs_generate_messages_eus
[5.213s] [35m[1mScanning dependencies of target grid_map_msgs_generate_messages_cpp[0m
[5.222s] [  0%] Built target grid_map_msgs_generate_messages_cpp
[5.246s] [35m[1mScanning dependencies of target roscpp_generate_messages_py[0m
[5.255s] [  0%] Built target roscpp_generate_messages_py
[5.265s] [35m[1mScanning dependencies of target tf_generate_messages_lisp[0m
[5.274s] [  0%] Built target tf_generate_messages_lisp
[5.284s] [35m[1mScanning dependencies of target std_srvs_generate_messages_eus[0m
[5.293s] [  0%] Built target std_srvs_generate_messages_eus
[5.303s] [35m[1mScanning dependencies of target roscpp_generate_messages_lisp[0m
[5.313s] [  0%] Built target roscpp_generate_messages_lisp
[5.328s] [35m[1mScanning dependencies of target rosgraph_msgs_generate_messages_cpp[0m
[5.342s] [  0%] Built target rosgraph_msgs_generate_messages_cpp
[5.351s] [35m[1mScanning dependencies of target tf_generate_messages_py[0m
[5.361s] [  0%] Built target tf_generate_messages_py
[5.371s] [35m[1mScanning dependencies of target dynamic_reconfigure_generate_messages_cpp[0m
[5.381s] [  0%] Built target dynamic_reconfigure_generate_messages_cpp
[5.390s] [35m[1mScanning dependencies of target actionlib_msgs_generate_messages_cpp[0m
[5.400s] [  0%] Built target actionlib_msgs_generate_messages_cpp
[5.410s] [35m[1mScanning dependencies of target tf_generate_messages_eus[0m
[5.420s] [  0%] Built target tf_generate_messages_eus
[5.430s] [35m[1mScanning dependencies of target rosgraph_msgs_generate_messages_eus[0m
[5.440s] [  0%] Built target rosgraph_msgs_generate_messages_eus
[5.452s] [35m[1mScanning dependencies of target rosgraph_msgs_generate_messages_lisp[0m
[5.469s] [  0%] Built target rosgraph_msgs_generate_messages_lisp
[5.486s] [35m[1mScanning dependencies of target sensor_msgs_generate_messages_eus[0m
[5.500s] [  0%] Built target sensor_msgs_generate_messages_eus
[5.509s] [35m[1mScanning dependencies of target std_srvs_generate_messages_lisp[0m
[5.520s] [  0%] Built target std_srvs_generate_messages_lisp
[5.530s] [35m[1mScanning dependencies of target sensor_msgs_generate_messages_cpp[0m
[5.539s] [  0%] Built target sensor_msgs_generate_messages_cpp
[5.548s] [35m[1mScanning dependencies of target roscpp_generate_messages_nodejs[0m
[5.558s] [  0%] Built target roscpp_generate_messages_nodejs
[5.566s] [35m[1mScanning dependencies of target std_msgs_generate_messages_lisp[0m
[5.576s] [  0%] Built target std_msgs_generate_messages_lisp
[5.585s] [35m[1mScanning dependencies of target std_msgs_generate_messages_cpp[0m
[5.594s] [  0%] Built target std_msgs_generate_messages_cpp
[5.603s] [35m[1mScanning dependencies of target visualization_msgs_generate_messages_nodejs[0m
[5.613s] [  0%] Built target visualization_msgs_generate_messages_nodejs
[5.622s] [35m[1mScanning dependencies of target bond_generate_messages_py[0m
[5.632s] [  0%] Built target bond_generate_messages_py
[5.642s] [35m[1mScanning dependencies of target sensor_msgs_generate_messages_py[0m
[5.651s] [  0%] Built target sensor_msgs_generate_messages_py
[5.660s] [35m[1mScanning dependencies of target nodelet_generate_messages_py[0m
[5.670s] [  0%] Built target nodelet_generate_messages_py
[5.679s] [35m[1mScanning dependencies of target rosgraph_msgs_generate_messages_nodejs[0m
[5.688s] [  0%] Built target rosgraph_msgs_generate_messages_nodejs
[5.697s] [35m[1mScanning dependencies of target visualization_msgs_generate_messages_lisp[0m
[5.706s] [  0%] Built target visualization_msgs_generate_messages_lisp
[5.716s] [35m[1mScanning dependencies of target std_msgs_generate_messages_eus[0m
[5.724s] [  0%] Built target std_msgs_generate_messages_eus
[5.735s] [35m[1mScanning dependencies of target std_msgs_generate_messages_nodejs[0m
[5.743s] [  0%] Built target std_msgs_generate_messages_nodejs
[5.753s] [35m[1mScanning dependencies of target std_msgs_generate_messages_py[0m
[5.762s] [  0%] Built target std_msgs_generate_messages_py
[5.771s] [35m[1mScanning dependencies of target roscpp_generate_messages_eus[0m
[5.780s] [  0%] Built target roscpp_generate_messages_eus
[5.789s] [35m[1mScanning dependencies of target rosgraph_msgs_generate_messages_py[0m
[5.799s] [  0%] Built target rosgraph_msgs_generate_messages_py
[5.808s] [35m[1mScanning dependencies of target actionlib_msgs_generate_messages_eus[0m
[5.817s] [  0%] Built target actionlib_msgs_generate_messages_eus
[5.826s] [35m[1mScanning dependencies of target nodelet_generate_messages_lisp[0m
[5.837s] [  0%] Built target nodelet_generate_messages_lisp
[5.845s] [35m[1mScanning dependencies of target grid_map_msgs_generate_messages_lisp[0m
[5.855s] [  0%] Built target grid_map_msgs_generate_messages_lisp
[5.864s] [35m[1mScanning dependencies of target actionlib_msgs_generate_messages_lisp[0m
[5.874s] [  0%] Built target actionlib_msgs_generate_messages_lisp
[5.883s] [35m[1mScanning dependencies of target topic_tools_generate_messages_py[0m
[5.892s] [  0%] Built target topic_tools_generate_messages_py
[5.902s] [35m[1mScanning dependencies of target nodelet_topic_tools_gencfg[0m
[5.911s] [  0%] Built target nodelet_topic_tools_gencfg
[5.920s] [35m[1mScanning dependencies of target actionlib_msgs_generate_messages_nodejs[0m
[5.929s] [  0%] Built target actionlib_msgs_generate_messages_nodejs
[5.938s] [35m[1mScanning dependencies of target actionlib_msgs_generate_messages_py[0m
[5.947s] [  0%] Built target actionlib_msgs_generate_messages_py
[5.956s] [35m[1mScanning dependencies of target geometry_msgs_generate_messages_nodejs[0m
[5.965s] [  0%] Built target geometry_msgs_generate_messages_nodejs
[5.974s] [35m[1mScanning dependencies of target tf2_msgs_generate_messages_cpp[0m
[5.983s] [  0%] Built target tf2_msgs_generate_messages_cpp
[5.999s] [35m[1mScanning dependencies of target actionlib_generate_messages_py[0m
[6.010s] [  0%] Built target actionlib_generate_messages_py
[6.020s] [35m[1mScanning dependencies of target tf2_msgs_generate_messages_py[0m
[6.031s] [  0%] Built target tf2_msgs_generate_messages_py
[6.042s] [35m[1mScanning dependencies of target tf2_msgs_generate_messages_nodejs[0m
[6.052s] [  0%] Built target tf2_msgs_generate_messages_nodejs
[6.063s] [35m[1mScanning dependencies of target nav_msgs_generate_messages_eus[0m
[6.076s] [  0%] Built target nav_msgs_generate_messages_eus
[6.084s] [35m[1mScanning dependencies of target tf2_msgs_generate_messages_eus[0m
[6.093s] [  0%] Built target tf2_msgs_generate_messages_eus
[6.101s] [35m[1mScanning dependencies of target visualization_msgs_generate_messages_cpp[0m
[6.114s] [  0%] Built target visualization_msgs_generate_messages_cpp
[6.126s] [35m[1mScanning dependencies of target visualization_msgs_generate_messages_eus[0m
[6.137s] [  0%] Built target visualization_msgs_generate_messages_eus
[6.150s] [35m[1mScanning dependencies of target visualization_msgs_generate_messages_py[0m
[6.159s] [  0%] Built target visualization_msgs_generate_messages_py
[6.168s] [35m[1mScanning dependencies of target dynamic_reconfigure_generate_messages_nodejs[0m
[6.178s] [  0%] Built target dynamic_reconfigure_generate_messages_nodejs
[6.188s] [35m[1mScanning dependencies of target pcl_msgs_generate_messages_cpp[0m
[6.197s] [  0%] Built target pcl_msgs_generate_messages_cpp
[6.207s] [35m[1mScanning dependencies of target dynamic_reconfigure_generate_messages_lisp[0m
[6.216s] [  0%] Built target dynamic_reconfigure_generate_messages_lisp
[6.226s] [35m[1mScanning dependencies of target pcl_msgs_generate_messages_eus[0m
[6.235s] [  0%] Built target pcl_msgs_generate_messages_eus
[6.249s] [35m[1mScanning dependencies of target actionlib_generate_messages_nodejs[0m
[6.258s] [  0%] Built target actionlib_generate_messages_nodejs
[6.267s] [35m[1mScanning dependencies of target tf_generate_messages_cpp[0m
[6.276s] [  0%] Built target tf_generate_messages_cpp
[6.285s] [35m[1mScanning dependencies of target pcl_msgs_generate_messages_lisp[0m
[6.294s] [  0%] Built target pcl_msgs_generate_messages_lisp
[6.304s] [35m[1mScanning dependencies of target nav_msgs_generate_messages_lisp[0m
[6.313s] [  0%] Built target nav_msgs_generate_messages_lisp
[6.322s] [35m[1mScanning dependencies of target pcl_msgs_generate_messages_nodejs[0m
[6.331s] [  0%] Built target pcl_msgs_generate_messages_nodejs
[6.340s] [35m[1mScanning dependencies of target nodelet_generate_messages_nodejs[0m
[6.349s] [  0%] Built target nodelet_generate_messages_nodejs
[6.359s] [35m[1mScanning dependencies of target actionlib_generate_messages_eus[0m
[6.368s] [  0%] Built target actionlib_generate_messages_eus
[6.377s] [35m[1mScanning dependencies of target pcl_msgs_generate_messages_py[0m
[6.387s] [  0%] Built target pcl_msgs_generate_messages_py
[6.396s] [35m[1mScanning dependencies of target dynamic_reconfigure_generate_messages_eus[0m
[6.406s] [  0%] Built target dynamic_reconfigure_generate_messages_eus
[6.416s] [35m[1mScanning dependencies of target dynamic_reconfigure_generate_messages_py[0m
[6.426s] [  0%] Built target dynamic_reconfigure_generate_messages_py
[6.435s] [35m[1mScanning dependencies of target nav_msgs_generate_messages_py[0m
[6.444s] [  0%] Built target nav_msgs_generate_messages_py
[6.453s] [35m[1mScanning dependencies of target tf2_msgs_generate_messages_lisp[0m
[6.462s] [  0%] Built target tf2_msgs_generate_messages_lisp
[6.471s] [35m[1mScanning dependencies of target dynamic_reconfigure_gencfg[0m
[6.480s] [  0%] Built target dynamic_reconfigure_gencfg
[6.489s] [35m[1mScanning dependencies of target topic_tools_generate_messages_lisp[0m
[6.498s] [  0%] Built target topic_tools_generate_messages_lisp
[6.507s] [35m[1mScanning dependencies of target topic_tools_generate_messages_nodejs[0m
[6.515s] [  0%] Built target topic_tools_generate_messages_nodejs
[6.524s] [35m[1mScanning dependencies of target nav_msgs_generate_messages_nodejs[0m
[6.533s] [  0%] Built target nav_msgs_generate_messages_nodejs
[6.547s] [35m[1mScanning dependencies of target grid_map_msgs_generate_messages_eus[0m
[6.556s] [  0%] Built target grid_map_msgs_generate_messages_eus
[6.564s] [35m[1mScanning dependencies of target grid_map_msgs_generate_messages_nodejs[0m
[6.573s] [  0%] Built target grid_map_msgs_generate_messages_nodejs
[6.582s] [35m[1mScanning dependencies of target grid_map_msgs_generate_messages_py[0m
[6.597s] [  0%] Built target grid_map_msgs_generate_messages_py
[6.612s] [35m[1mScanning dependencies of target road_occupancy_processor_lib[0m
[6.697s] [ 25%] [32mBuilding CXX object CMakeFiles/road_occupancy_processor_lib.dir/src/road_occupancy_processor.cpp.o[0m
[11.603s] In file included from [01m[K/home/agilex/autoware.ai/src/autoware/core_perception/road_occupancy_processor/include/road_occupancy_processor/road_occupancy_processor.h:38:0[m[K,
[11.603s]                  from [01m[K/home/agilex/autoware.ai/src/autoware/core_perception/road_occupancy_processor/src/road_occupancy_processor.cpp:23[m[K:
[11.603s] [01m[K/opt/ros/melodic/include/pcl_ros/point_cloud.h:303:27:[m[K [01;35m[Kwarning: [m[Kvariable templates only available with -std=c++14 or -std=gnu++14
[11.603s]      constexpr static bool [01;35m[Kpcl_uses_boost[m[K = true;
[11.603s]                            [01;35m[K^~~~~~~~~~~~~~[m[K
[27.025s] [ 50%] [32m[1mLinking CXX shared library devel/lib/libroad_occupancy_processor_lib.so[0m
[29.077s] [ 50%] Built target road_occupancy_processor_lib
[29.088s] [35m[1mScanning dependencies of target road_occupancy_processor[0m
[29.171s] [ 75%] [32mBuilding CXX object CMakeFiles/road_occupancy_processor.dir/src/road_occupancy_processor_node.cpp.o[0m
[34.023s] In file included from [01m[K/home/agilex/autoware.ai/src/autoware/core_perception/road_occupancy_processor/include/road_occupancy_processor/road_occupancy_processor.h:38:0[m[K,
[34.024s]                  from [01m[K/home/agilex/autoware.ai/src/autoware/core_perception/road_occupancy_processor/src/road_occupancy_processor_node.cpp:23[m[K:
[34.024s] [01m[K/opt/ros/melodic/include/pcl_ros/point_cloud.h:303:27:[m[K [01;35m[Kwarning: [m[Kvariable templates only available with -std=c++14 or -std=gnu++14
[34.024s]      constexpr static bool [01;35m[Kpcl_uses_boost[m[K = true;
[34.024s]                            [01;35m[K^~~~~~~~~~~~~~[m[K
[41.981s] [100%] [32m[1mLinking CXX executable devel/lib/road_occupancy_processor/road_occupancy_processor[0m
[43.308s] [100%] Built target road_occupancy_processor
[43.321s] Invoked command in '/home/agilex/autoware.ai/build/road_occupancy_processor' returned '0': CMAKE_PREFIX_PATH=/home/agilex/autoware.ai/install/vector_map:/home/agilex/autoware.ai/install/vector_map_msgs:/home/agilex/autoware.ai/install/autoware_build_flags:${CMAKE_PREFIX_PATH} LD_LIBRARY_PATH=/home/agilex/autoware.ai/install/vector_map/lib:${LD_LIBRARY_PATH} PKG_CONFIG_PATH=/home/agilex/autoware.ai/install/vector_map/lib/x86_64-linux-gnu/pkgconfig:/home/agilex/autoware.ai/install/vector_map/lib/pkgconfig:/home/agilex/autoware.ai/install/vector_map_msgs/lib/x86_64-linux-gnu/pkgconfig:/home/agilex/autoware.ai/install/vector_map_msgs/lib/pkgconfig:/home/agilex/autoware.ai/install/autoware_build_flags/lib/x86_64-linux-gnu/pkgconfig:/home/agilex/autoware.ai/install/autoware_build_flags/lib/pkgconfig:${PKG_CONFIG_PATH} PYTHONPATH=/home/agilex/autoware.ai/install/vector_map_msgs/lib/python2.7/dist-packages:${PYTHONPATH} ROS_PACKAGE_PATH=/home/agilex/autoware.ai/install/vector_map/share:/home/agilex/autoware.ai/install/vector_map_msgs/share:/home/agilex/autoware.ai/install/autoware_build_flags/share:${ROS_PACKAGE_PATH} /usr/bin/cmake --build /home/agilex/autoware.ai/build/road_occupancy_processor -- -j8 -l8
[43.644s] Invoking command in '/home/agilex/autoware.ai/build/road_occupancy_processor': CMAKE_PREFIX_PATH=/home/agilex/autoware.ai/install/vector_map:/home/agilex/autoware.ai/install/vector_map_msgs:/home/agilex/autoware.ai/install/autoware_build_flags:${CMAKE_PREFIX_PATH} LD_LIBRARY_PATH=/home/agilex/autoware.ai/install/vector_map/lib:${LD_LIBRARY_PATH} PKG_CONFIG_PATH=/home/agilex/autoware.ai/install/vector_map/lib/x86_64-linux-gnu/pkgconfig:/home/agilex/autoware.ai/install/vector_map/lib/pkgconfig:/home/agilex/autoware.ai/install/vector_map_msgs/lib/x86_64-linux-gnu/pkgconfig:/home/agilex/autoware.ai/install/vector_map_msgs/lib/pkgconfig:/home/agilex/autoware.ai/install/autoware_build_flags/lib/x86_64-linux-gnu/pkgconfig:/home/agilex/autoware.ai/install/autoware_build_flags/lib/pkgconfig:${PKG_CONFIG_PATH} PYTHONPATH=/home/agilex/autoware.ai/install/vector_map_msgs/lib/python2.7/dist-packages:${PYTHONPATH} ROS_PACKAGE_PATH=/home/agilex/autoware.ai/install/vector_map/share:/home/agilex/autoware.ai/install/vector_map_msgs/share:/home/agilex/autoware.ai/install/autoware_build_flags/share:${ROS_PACKAGE_PATH} /usr/bin/cmake --build /home/agilex/autoware.ai/build/road_occupancy_processor --target tests -- -j8 -l8
[43.712s] [35m[1mScanning dependencies of target tests[0m
[43.722s] Built target tests
[43.734s] Invoked command in '/home/agilex/autoware.ai/build/road_occupancy_processor' returned '0': CMAKE_PREFIX_PATH=/home/agilex/autoware.ai/install/vector_map:/home/agilex/autoware.ai/install/vector_map_msgs:/home/agilex/autoware.ai/install/autoware_build_flags:${CMAKE_PREFIX_PATH} LD_LIBRARY_PATH=/home/agilex/autoware.ai/install/vector_map/lib:${LD_LIBRARY_PATH} PKG_CONFIG_PATH=/home/agilex/autoware.ai/install/vector_map/lib/x86_64-linux-gnu/pkgconfig:/home/agilex/autoware.ai/install/vector_map/lib/pkgconfig:/home/agilex/autoware.ai/install/vector_map_msgs/lib/x86_64-linux-gnu/pkgconfig:/home/agilex/autoware.ai/install/vector_map_msgs/lib/pkgconfig:/home/agilex/autoware.ai/install/autoware_build_flags/lib/x86_64-linux-gnu/pkgconfig:/home/agilex/autoware.ai/install/autoware_build_flags/lib/pkgconfig:${PKG_CONFIG_PATH} PYTHONPATH=/home/agilex/autoware.ai/install/vector_map_msgs/lib/python2.7/dist-packages:${PYTHONPATH} ROS_PACKAGE_PATH=/home/agilex/autoware.ai/install/vector_map/share:/home/agilex/autoware.ai/install/vector_map_msgs/share:/home/agilex/autoware.ai/install/autoware_build_flags/share:${ROS_PACKAGE_PATH} /usr/bin/cmake --build /home/agilex/autoware.ai/build/road_occupancy_processor --target tests -- -j8 -l8
[43.833s] Invoking command in '/home/agilex/autoware.ai/build/road_occupancy_processor': CMAKE_PREFIX_PATH=/home/agilex/autoware.ai/install/vector_map:/home/agilex/autoware.ai/install/vector_map_msgs:/home/agilex/autoware.ai/install/autoware_build_flags:${CMAKE_PREFIX_PATH} LD_LIBRARY_PATH=/home/agilex/autoware.ai/install/vector_map/lib:${LD_LIBRARY_PATH} PKG_CONFIG_PATH=/home/agilex/autoware.ai/install/vector_map/lib/x86_64-linux-gnu/pkgconfig:/home/agilex/autoware.ai/install/vector_map/lib/pkgconfig:/home/agilex/autoware.ai/install/vector_map_msgs/lib/x86_64-linux-gnu/pkgconfig:/home/agilex/autoware.ai/install/vector_map_msgs/lib/pkgconfig:/home/agilex/autoware.ai/install/autoware_build_flags/lib/x86_64-linux-gnu/pkgconfig:/home/agilex/autoware.ai/install/autoware_build_flags/lib/pkgconfig:${PKG_CONFIG_PATH} PYTHONPATH=/home/agilex/autoware.ai/install/vector_map_msgs/lib/python2.7/dist-packages:${PYTHONPATH} ROS_PACKAGE_PATH=/home/agilex/autoware.ai/install/vector_map/share:/home/agilex/autoware.ai/install/vector_map_msgs/share:/home/agilex/autoware.ai/install/autoware_build_flags/share:${ROS_PACKAGE_PATH} /usr/bin/cmake --build /home/agilex/autoware.ai/build/road_occupancy_processor --target install -- -j8 -l8
[43.890s] [  0%] Built target nodelet_generate_messages_eus
[43.913s] [  0%] Built target topic_tools_generate_messages_eus
[43.931s] [  0%] Built target topic_tools_generate_messages_cpp
[43.949s] [  0%] Built target std_srvs_generate_messages_py
[43.967s] [  0%] Built target std_srvs_generate_messages_nodejs
[43.986s] [  0%] Built target bond_generate_messages_nodejs
[44.004s] [  0%] Built target bond_generate_messages_lisp
[44.023s] [  0%] Built target bond_generate_messages_eus
[44.040s] [  0%] Built target bond_generate_messages_cpp
[44.058s] [  0%] Built target pcl_ros_gencfg
[44.075s] [  0%] Built target nodelet_generate_messages_cpp
[44.093s] [  0%] Built target sensor_msgs_generate_messages_nodejs
[44.111s] [  0%] Built target roscpp_generate_messages_cpp
[44.129s] [  0%] Built target actionlib_generate_messages_cpp
[44.146s] [  0%] Built target nav_msgs_generate_messages_cpp
[44.163s] [  0%] Built target sensor_msgs_generate_messages_lisp
[44.181s] [  0%] Built target std_srvs_generate_messages_cpp
[44.199s] [  0%] Built target geometry_msgs_generate_messages_py
[44.219s] [  0%] Built target geometry_msgs_generate_messages_lisp
[44.233s] [  0%] Built target actionlib_generate_messages_lisp
[44.250s] [  0%] Built target geometry_msgs_generate_messages_cpp
[44.269s] [  0%] Built target tf_generate_messages_nodejs
[44.289s] [  0%] Built target geometry_msgs_generate_messages_eus
[44.307s] [  0%] Built target grid_map_msgs_generate_messages_cpp
[44.325s] [  0%] Built target roscpp_generate_messages_py
[44.342s] [  0%] Built target tf_generate_messages_lisp
[44.360s] [  0%] Built target std_srvs_generate_messages_eus
[44.378s] [  0%] Built target roscpp_generate_messages_lisp
[44.398s] [  0%] Built target rosgraph_msgs_generate_messages_cpp
[44.420s] [  0%] Built target tf_generate_messages_py
[44.439s] [  0%] Built target dynamic_reconfigure_generate_messages_cpp
[44.461s] [  0%] Built target actionlib_msgs_generate_messages_cpp
[44.481s] [  0%] Built target tf_generate_messages_eus
[44.498s] [  0%] Built target rosgraph_msgs_generate_messages_eus
[44.519s] [  0%] Built target rosgraph_msgs_generate_messages_lisp
[44.539s] [  0%] Built target sensor_msgs_generate_messages_eus
[44.561s] [  0%] Built target std_srvs_generate_messages_lisp
[44.580s] [  0%] Built target sensor_msgs_generate_messages_cpp
[44.598s] [  0%] Built target roscpp_generate_messages_nodejs
[44.618s] [  0%] Built target std_msgs_generate_messages_lisp
[44.635s] [  0%] Built target std_msgs_generate_messages_cpp
[44.655s] [  0%] Built target visualization_msgs_generate_messages_nodejs
[44.673s] [  0%] Built target bond_generate_messages_py
[44.691s] [  0%] Built target sensor_msgs_generate_messages_py
[44.711s] [  0%] Built target nodelet_generate_messages_py
[44.730s] [  0%] Built target rosgraph_msgs_generate_messages_nodejs
[44.749s] [  0%] Built target visualization_msgs_generate_messages_lisp
[44.767s] [  0%] Built target std_msgs_generate_messages_eus
[44.785s] [  0%] Built target std_msgs_generate_messages_nodejs
[44.804s] [  0%] Built target std_msgs_generate_messages_py
[44.829s] [  0%] Built target roscpp_generate_messages_eus
[44.849s] [  0%] Built target rosgraph_msgs_generate_messages_py
[44.870s] [  0%] Built target actionlib_msgs_generate_messages_eus
[44.892s] [  0%] Built target nodelet_generate_messages_lisp
[44.914s] [  0%] Built target grid_map_msgs_generate_messages_lisp
[44.933s] [  0%] Built target actionlib_msgs_generate_messages_lisp
[44.953s] [  0%] Built target topic_tools_generate_messages_py
[44.975s] [  0%] Built target nodelet_topic_tools_gencfg
[44.994s] [  0%] Built target actionlib_msgs_generate_messages_nodejs
[45.017s] [  0%] Built target actionlib_msgs_generate_messages_py
[45.036s] [  0%] Built target geometry_msgs_generate_messages_nodejs
[45.056s] [  0%] Built target tf2_msgs_generate_messages_cpp
[45.075s] [  0%] Built target actionlib_generate_messages_py
[45.095s] [  0%] Built target tf2_msgs_generate_messages_py
[45.115s] [  0%] Built target tf2_msgs_generate_messages_nodejs
[45.138s] [  0%] Built target nav_msgs_generate_messages_eus
[45.157s] [  0%] Built target tf2_msgs_generate_messages_eus
[45.176s] [  0%] Built target visualization_msgs_generate_messages_cpp
[45.195s] [  0%] Built target visualization_msgs_generate_messages_eus
[45.214s] [  0%] Built target visualization_msgs_generate_messages_py
[45.233s] [  0%] Built target dynamic_reconfigure_generate_messages_nodejs
[45.252s] [  0%] Built target pcl_msgs_generate_messages_cpp
[45.272s] [  0%] Built target dynamic_reconfigure_generate_messages_lisp
[45.291s] [  0%] Built target pcl_msgs_generate_messages_eus
[45.310s] [  0%] Built target actionlib_generate_messages_nodejs
[45.329s] [  0%] Built target tf_generate_messages_cpp
[45.349s] [  0%] Built target pcl_msgs_generate_messages_lisp
[45.432s] [  0%] Built target nav_msgs_generate_messages_lisp
[45.456s] [  0%] Built target pcl_msgs_generate_messages_nodejs
[45.475s] [  0%] Built target nodelet_generate_messages_nodejs
[45.494s] [  0%] Built target actionlib_generate_messages_eus
[45.517s] [  0%] Built target pcl_msgs_generate_messages_py
[45.541s] [  0%] Built target dynamic_reconfigure_generate_messages_eus
[45.560s] [  0%] Built target dynamic_reconfigure_generate_messages_py
[45.585s] [  0%] Built target nav_msgs_generate_messages_py
[45.610s] [  0%] Built target tf2_msgs_generate_messages_lisp
[45.629s] [  0%] Built target dynamic_reconfigure_gencfg
[45.649s] [  0%] Built target topic_tools_generate_messages_lisp
[45.670s] [  0%] Built target topic_tools_generate_messages_nodejs
[45.693s] [  0%] Built target nav_msgs_generate_messages_nodejs
[45.712s] [  0%] Built target grid_map_msgs_generate_messages_eus
[45.731s] [  0%] Built target grid_map_msgs_generate_messages_nodejs
[45.752s] [  0%] Built target grid_map_msgs_generate_messages_py
[45.794s] [ 50%] Built target road_occupancy_processor_lib
[45.842s] [100%] Built target road_occupancy_processor
[45.863s] [36mInstall the project...[0m
[45.872s] -- Install configuration: "Release"
[45.873s] -- Installing: /home/agilex/autoware.ai/install/road_occupancy_processor/lib/pkgconfig/road_occupancy_processor.pc
[45.873s] -- Installing: /home/agilex/autoware.ai/install/road_occupancy_processor/share/road_occupancy_processor/cmake/road_occupancy_processorConfig.cmake
[45.873s] -- Installing: /home/agilex/autoware.ai/install/road_occupancy_processor/share/road_occupancy_processor/cmake/road_occupancy_processorConfig-version.cmake
[45.874s] -- Installing: /home/agilex/autoware.ai/install/road_occupancy_processor/share/road_occupancy_processor/package.xml
[45.874s] -- Installing: /home/agilex/autoware.ai/install/road_occupancy_processor/lib/road_occupancy_processor/road_occupancy_processor
[45.882s] -- Set runtime path of "/home/agilex/autoware.ai/install/road_occupancy_processor/lib/road_occupancy_processor/road_occupancy_processor" to ""
[45.882s] -- Installing: /home/agilex/autoware.ai/install/road_occupancy_processor/lib/libroad_occupancy_processor_lib.so
[45.895s] -- Set runtime path of "/home/agilex/autoware.ai/install/road_occupancy_processor/lib/libroad_occupancy_processor_lib.so" to ""
[45.896s] -- Installing: /home/agilex/autoware.ai/install/road_occupancy_processor/include/road_occupancy_processor
[45.896s] -- Installing: /home/agilex/autoware.ai/install/road_occupancy_processor/include/road_occupancy_processor/road_occupancy_processor.h
[45.896s] -- Installing: /home/agilex/autoware.ai/install/road_occupancy_processor/share/road_occupancy_processor/launch
[45.897s] -- Installing: /home/agilex/autoware.ai/install/road_occupancy_processor/share/road_occupancy_processor/launch/road_occupancy_processor.launch
[45.903s] Invoked command in '/home/agilex/autoware.ai/build/road_occupancy_processor' returned '0': CMAKE_PREFIX_PATH=/home/agilex/autoware.ai/install/vector_map:/home/agilex/autoware.ai/install/vector_map_msgs:/home/agilex/autoware.ai/install/autoware_build_flags:${CMAKE_PREFIX_PATH} LD_LIBRARY_PATH=/home/agilex/autoware.ai/install/vector_map/lib:${LD_LIBRARY_PATH} PKG_CONFIG_PATH=/home/agilex/autoware.ai/install/vector_map/lib/x86_64-linux-gnu/pkgconfig:/home/agilex/autoware.ai/install/vector_map/lib/pkgconfig:/home/agilex/autoware.ai/install/vector_map_msgs/lib/x86_64-linux-gnu/pkgconfig:/home/agilex/autoware.ai/install/vector_map_msgs/lib/pkgconfig:/home/agilex/autoware.ai/install/autoware_build_flags/lib/x86_64-linux-gnu/pkgconfig:/home/agilex/autoware.ai/install/autoware_build_flags/lib/pkgconfig:${PKG_CONFIG_PATH} PYTHONPATH=/home/agilex/autoware.ai/install/vector_map_msgs/lib/python2.7/dist-packages:${PYTHONPATH} ROS_PACKAGE_PATH=/home/agilex/autoware.ai/install/vector_map/share:/home/agilex/autoware.ai/install/vector_map_msgs/share:/home/agilex/autoware.ai/install/autoware_build_flags/share:${ROS_PACKAGE_PATH} /usr/bin/cmake --build /home/agilex/autoware.ai/build/road_occupancy_processor --target install -- -j8 -l8
