[0.093s] Invoking command in '/home/agilex/autoware.ai/build/op_utility': CMAKE_PREFIX_PATH=/home/agilex/autoware.ai/install/vector_map_server:/home/agilex/autoware.ai/install/vector_map:/home/agilex/autoware.ai/install/vector_map_msgs:/home/agilex/autoware.ai/install/autoware_msgs:/home/agilex/autoware.ai/install/autoware_build_flags:${CMAKE_PREFIX_PATH} LD_LIBRARY_PATH=/home/agilex/autoware.ai/install/vector_map/lib:${LD_LIBRARY_PATH} PKG_CONFIG_PATH=/home/agilex/autoware.ai/install/vector_map_server/lib/x86_64-linux-gnu/pkgconfig:/home/agilex/autoware.ai/install/vector_map_server/lib/pkgconfig:/home/agilex/autoware.ai/install/vector_map/lib/x86_64-linux-gnu/pkgconfig:/home/agilex/autoware.ai/install/vector_map/lib/pkgconfig:/home/agilex/autoware.ai/install/vector_map_msgs/lib/x86_64-linux-gnu/pkgconfig:/home/agilex/autoware.ai/install/vector_map_msgs/lib/pkgconfig:/home/agilex/autoware.ai/install/autoware_msgs/lib/x86_64-linux-gnu/pkgconfig:/home/agilex/autoware.ai/install/autoware_msgs/lib/pkgconfig:/home/agilex/autoware.ai/install/autoware_build_flags/lib/x86_64-linux-gnu/pkgconfig:/home/agilex/autoware.ai/install/autoware_build_flags/lib/pkgconfig:${PKG_CONFIG_PATH} PYTHONPATH=/home/agilex/autoware.ai/install/vector_map_server/lib/python2.7/dist-packages:/home/agilex/autoware.ai/install/vector_map_msgs/lib/python2.7/dist-packages:/home/agilex/autoware.ai/install/autoware_msgs/lib/python2.7/dist-packages:${PYTHONPATH} ROS_PACKAGE_PATH=/home/agilex/autoware.ai/install/vector_map_server/share:/home/agilex/autoware.ai/install/vector_map/share:/home/agilex/autoware.ai/install/vector_map_msgs/share:/home/agilex/autoware.ai/install/autoware_msgs/share:/home/agilex/autoware.ai/install/autoware_build_flags/share:${ROS_PACKAGE_PATH} /usr/bin/cmake --build /home/agilex/autoware.ai/build/op_utility -- -j8 -l8
[0.214s] [100%] Built target op_utility
[0.243s] Invoked command in '/home/agilex/autoware.ai/build/op_utility' returned '0': CMAKE_PREFIX_PATH=/home/agilex/autoware.ai/install/vector_map_server:/home/agilex/autoware.ai/install/vector_map:/home/agilex/autoware.ai/install/vector_map_msgs:/home/agilex/autoware.ai/install/autoware_msgs:/home/agilex/autoware.ai/install/autoware_build_flags:${CMAKE_PREFIX_PATH} LD_LIBRARY_PATH=/home/agilex/autoware.ai/install/vector_map/lib:${LD_LIBRARY_PATH} PKG_CONFIG_PATH=/home/agilex/autoware.ai/install/vector_map_server/lib/x86_64-linux-gnu/pkgconfig:/home/agilex/autoware.ai/install/vector_map_server/lib/pkgconfig:/home/agilex/autoware.ai/install/vector_map/lib/x86_64-linux-gnu/pkgconfig:/home/agilex/autoware.ai/install/vector_map/lib/pkgconfig:/home/agilex/autoware.ai/install/vector_map_msgs/lib/x86_64-linux-gnu/pkgconfig:/home/agilex/autoware.ai/install/vector_map_msgs/lib/pkgconfig:/home/agilex/autoware.ai/install/autoware_msgs/lib/x86_64-linux-gnu/pkgconfig:/home/agilex/autoware.ai/install/autoware_msgs/lib/pkgconfig:/home/agilex/autoware.ai/install/autoware_build_flags/lib/x86_64-linux-gnu/pkgconfig:/home/agilex/autoware.ai/install/autoware_build_flags/lib/pkgconfig:${PKG_CONFIG_PATH} PYTHONPATH=/home/agilex/autoware.ai/install/vector_map_server/lib/python2.7/dist-packages:/home/agilex/autoware.ai/install/vector_map_msgs/lib/python2.7/dist-packages:/home/agilex/autoware.ai/install/autoware_msgs/lib/python2.7/dist-packages:${PYTHONPATH} ROS_PACKAGE_PATH=/home/agilex/autoware.ai/install/vector_map_server/share:/home/agilex/autoware.ai/install/vector_map/share:/home/agilex/autoware.ai/install/vector_map_msgs/share:/home/agilex/autoware.ai/install/autoware_msgs/share:/home/agilex/autoware.ai/install/autoware_build_flags/share:${ROS_PACKAGE_PATH} /usr/bin/cmake --build /home/agilex/autoware.ai/build/op_utility -- -j8 -l8
[0.679s] Invoking command in '/home/agilex/autoware.ai/build/op_utility': CMAKE_PREFIX_PATH=/home/agilex/autoware.ai/install/vector_map_server:/home/agilex/autoware.ai/install/vector_map:/home/agilex/autoware.ai/install/vector_map_msgs:/home/agilex/autoware.ai/install/autoware_msgs:/home/agilex/autoware.ai/install/autoware_build_flags:${CMAKE_PREFIX_PATH} LD_LIBRARY_PATH=/home/agilex/autoware.ai/install/vector_map/lib:${LD_LIBRARY_PATH} PKG_CONFIG_PATH=/home/agilex/autoware.ai/install/vector_map_server/lib/x86_64-linux-gnu/pkgconfig:/home/agilex/autoware.ai/install/vector_map_server/lib/pkgconfig:/home/agilex/autoware.ai/install/vector_map/lib/x86_64-linux-gnu/pkgconfig:/home/agilex/autoware.ai/install/vector_map/lib/pkgconfig:/home/agilex/autoware.ai/install/vector_map_msgs/lib/x86_64-linux-gnu/pkgconfig:/home/agilex/autoware.ai/install/vector_map_msgs/lib/pkgconfig:/home/agilex/autoware.ai/install/autoware_msgs/lib/x86_64-linux-gnu/pkgconfig:/home/agilex/autoware.ai/install/autoware_msgs/lib/pkgconfig:/home/agilex/autoware.ai/install/autoware_build_flags/lib/x86_64-linux-gnu/pkgconfig:/home/agilex/autoware.ai/install/autoware_build_flags/lib/pkgconfig:${PKG_CONFIG_PATH} PYTHONPATH=/home/agilex/autoware.ai/install/vector_map_server/lib/python2.7/dist-packages:/home/agilex/autoware.ai/install/vector_map_msgs/lib/python2.7/dist-packages:/home/agilex/autoware.ai/install/autoware_msgs/lib/python2.7/dist-packages:${PYTHONPATH} ROS_PACKAGE_PATH=/home/agilex/autoware.ai/install/vector_map_server/share:/home/agilex/autoware.ai/install/vector_map/share:/home/agilex/autoware.ai/install/vector_map_msgs/share:/home/agilex/autoware.ai/install/autoware_msgs/share:/home/agilex/autoware.ai/install/autoware_build_flags/share:${ROS_PACKAGE_PATH} /usr/bin/cmake --build /home/agilex/autoware.ai/build/op_utility --target tests -- -j8 -l8
[0.768s] [  0%] Built target rosgraph_msgs_generate_messages_cpp
[0.773s] [  0%] Built target visualization_msgs_generate_messages_nodejs
[0.778s] [ 28%] Built target gtest
[0.783s] [ 28%] Built target visualization_msgs_generate_messages_py
[0.791s] [ 28%] Built target geometry_msgs_generate_messages_lisp
[0.798s] [ 28%] Built target tf2_msgs_generate_messages_nodejs
[0.800s] [ 28%] Built target geometry_msgs_generate_messages_py
[0.803s] [ 28%] Built target autoware_msgs_generate_messages_cpp
[0.807s] [ 28%] Built target rosgraph_msgs_generate_messages_eus
[0.807s] [ 28%] Built target roscpp_generate_messages_py
[0.807s] [ 28%] Built target jsk_recognition_msgs_generate_messages_nodejs
[0.820s] [ 28%] Built target geometry_msgs_generate_messages_eus
[0.829s] [ 28%] Built target sensor_msgs_generate_messages_lisp
[0.833s] [ 28%] Built target vector_map_msgs_generate_messages_lisp
[0.833s] [ 28%] Built target rosgraph_msgs_generate_messages_lisp
[0.835s] [ 28%] Built target tf_generate_messages_nodejs
[0.836s] [ 28%] Built target autoware_msgs_generate_messages_lisp
[0.842s] [ 28%] Built target roscpp_generate_messages_lisp
[0.845s] [ 28%] Built target vector_map_msgs_generate_messages_cpp
[0.852s] [ 28%] Built target visualization_msgs_generate_messages_eus
[0.854s] [ 28%] Built target vector_map_msgs_generate_messages_eus
[0.859s] [ 28%] Built target roscpp_generate_messages_eus
[0.867s] [ 28%] Built target actionlib_msgs_generate_messages_eus
[0.867s] [ 28%] Built target vector_map_server_generate_messages_cpp
[0.869s] [ 28%] Built target vector_map_server_generate_messages_py
[0.878s] [ 28%] Built target rosgraph_msgs_generate_messages_nodejs
[0.880s] [ 28%] Built target std_msgs_generate_messages_eus
[0.886s] [ 28%] Built target vector_map_msgs_generate_messages_py
[0.887s] [ 28%] Built target visualization_msgs_generate_messages_lisp
[0.892s] [ 28%] Built target rosgraph_msgs_generate_messages_py
[0.892s] [ 28%] Built target roscpp_generate_messages_nodejs
[0.897s] [ 28%] Built target std_msgs_generate_messages_lisp
[0.906s] [ 28%] Built target vector_map_server_generate_messages_nodejs
[0.906s] [ 28%] Built target std_msgs_generate_messages_nodejs
[0.911s] [ 28%] Built target jsk_footstep_msgs_generate_messages_py
[0.917s] [ 28%] Built target std_msgs_generate_messages_py
[0.920s] [ 28%] Built target vector_map_msgs_generate_messages_nodejs
[0.920s] [ 28%] Built target std_msgs_generate_messages_cpp
[0.929s] [ 28%] Built target actionlib_generate_messages_cpp
[0.949s] [ 28%] Built target autoware_msgs_generate_messages_py
[0.949s] [ 28%] Built target roscpp_generate_messages_cpp
[0.949s] [ 28%] Built target geometry_msgs_generate_messages_nodejs
[0.958s] [ 28%] Built target vector_map_server_generate_messages_eus
[0.969s] [ 28%] Built target autoware_msgs_generate_messages_eus
[0.972s] [ 28%] Built target sensor_msgs_generate_messages_cpp
[0.973s] [ 28%] Built target sensor_msgs_generate_messages_nodejs
[0.974s] [ 28%] Built target actionlib_msgs_generate_messages_nodejs
[0.976s] [ 28%] Built target autoware_msgs_generate_messages_nodejs
[0.982s] [ 28%] Built target sensor_msgs_generate_messages_py
[0.987s] [ 28%] Built target sensor_msgs_generate_messages_eus
[0.997s] [ 28%] Built target jsk_recognition_msgs_generate_messages_cpp
[0.998s] [ 28%] Built target tf_generate_messages_py
[1.009s] [ 28%] Built target jsk_recognition_msgs_generate_messages_eus
[1.010s] [ 28%] Built target tf2_msgs_generate_messages_cpp
[1.026s] [ 28%] Built target jsk_recognition_msgs_generate_messages_py
[1.029s] [ 28%] Built target jsk_recognition_msgs_generate_messages_lisp
[1.031s] [ 71%] Built target op_utility
[1.032s] [ 71%] Built target pcl_msgs_generate_messages_cpp
[1.035s] [ 71%] Built target pcl_msgs_generate_messages_eus
[1.046s] [ 71%] Built target pcl_msgs_generate_messages_nodejs
[1.065s] [ 71%] Built target actionlib_msgs_generate_messages_lisp
[1.072s] [ 71%] Built target actionlib_msgs_generate_messages_py
[1.077s] [ 71%] Built target jsk_footstep_msgs_generate_messages_eus
[1.081s] [ 71%] Built target jsk_footstep_msgs_generate_messages_nodejs
[1.081s] [ 71%] Built target jsk_footstep_msgs_generate_messages_lisp
[1.082s] [ 71%] Built target vector_map_server_generate_messages_lisp
[1.115s] [ 71%] Built target actionlib_msgs_generate_messages_cpp
[1.116s] [ 71%] Built target tf_generate_messages_lisp
[1.122s] [ 71%] Built target pcl_msgs_generate_messages_py
[1.125s] [ 71%] Built target tf_generate_messages_eus
[1.131s] [ 71%] Built target jsk_footstep_msgs_generate_messages_cpp
[1.147s] [ 71%] Built target actionlib_generate_messages_eus
[1.156s] [ 71%] Built target actionlib_generate_messages_lisp
[1.172s] [ 71%] Built target geometry_msgs_generate_messages_cpp
[1.174s] [ 71%] Built target actionlib_generate_messages_nodejs
[1.175s] [ 71%] Built target pcl_msgs_generate_messages_lisp
[1.186s] [ 71%] Built target tf_generate_messages_cpp
[1.189s] [ 71%] Built target actionlib_generate_messages_py
[1.202s] [ 71%] Built target tf2_msgs_generate_messages_eus
[1.203s] [ 71%] Built target visualization_msgs_generate_messages_cpp
[1.229s] [ 71%] Built target tf2_msgs_generate_messages_lisp
[1.230s] [ 71%] Built target tf2_msgs_generate_messages_py
[1.303s] [100%] Built target test-op_utility
[1.374s] [100%] Built target tests
[1.392s] Invoked command in '/home/agilex/autoware.ai/build/op_utility' returned '0': CMAKE_PREFIX_PATH=/home/agilex/autoware.ai/install/vector_map_server:/home/agilex/autoware.ai/install/vector_map:/home/agilex/autoware.ai/install/vector_map_msgs:/home/agilex/autoware.ai/install/autoware_msgs:/home/agilex/autoware.ai/install/autoware_build_flags:${CMAKE_PREFIX_PATH} LD_LIBRARY_PATH=/home/agilex/autoware.ai/install/vector_map/lib:${LD_LIBRARY_PATH} PKG_CONFIG_PATH=/home/agilex/autoware.ai/install/vector_map_server/lib/x86_64-linux-gnu/pkgconfig:/home/agilex/autoware.ai/install/vector_map_server/lib/pkgconfig:/home/agilex/autoware.ai/install/vector_map/lib/x86_64-linux-gnu/pkgconfig:/home/agilex/autoware.ai/install/vector_map/lib/pkgconfig:/home/agilex/autoware.ai/install/vector_map_msgs/lib/x86_64-linux-gnu/pkgconfig:/home/agilex/autoware.ai/install/vector_map_msgs/lib/pkgconfig:/home/agilex/autoware.ai/install/autoware_msgs/lib/x86_64-linux-gnu/pkgconfig:/home/agilex/autoware.ai/install/autoware_msgs/lib/pkgconfig:/home/agilex/autoware.ai/install/autoware_build_flags/lib/x86_64-linux-gnu/pkgconfig:/home/agilex/autoware.ai/install/autoware_build_flags/lib/pkgconfig:${PKG_CONFIG_PATH} PYTHONPATH=/home/agilex/autoware.ai/install/vector_map_server/lib/python2.7/dist-packages:/home/agilex/autoware.ai/install/vector_map_msgs/lib/python2.7/dist-packages:/home/agilex/autoware.ai/install/autoware_msgs/lib/python2.7/dist-packages:${PYTHONPATH} ROS_PACKAGE_PATH=/home/agilex/autoware.ai/install/vector_map_server/share:/home/agilex/autoware.ai/install/vector_map/share:/home/agilex/autoware.ai/install/vector_map_msgs/share:/home/agilex/autoware.ai/install/autoware_msgs/share:/home/agilex/autoware.ai/install/autoware_build_flags/share:${ROS_PACKAGE_PATH} /usr/bin/cmake --build /home/agilex/autoware.ai/build/op_utility --target tests -- -j8 -l8
[1.679s] Invoking command in '/home/agilex/autoware.ai/build/op_utility': CMAKE_PREFIX_PATH=/home/agilex/autoware.ai/install/vector_map_server:/home/agilex/autoware.ai/install/vector_map:/home/agilex/autoware.ai/install/vector_map_msgs:/home/agilex/autoware.ai/install/autoware_msgs:/home/agilex/autoware.ai/install/autoware_build_flags:${CMAKE_PREFIX_PATH} LD_LIBRARY_PATH=/home/agilex/autoware.ai/install/vector_map/lib:${LD_LIBRARY_PATH} PKG_CONFIG_PATH=/home/agilex/autoware.ai/install/vector_map_server/lib/x86_64-linux-gnu/pkgconfig:/home/agilex/autoware.ai/install/vector_map_server/lib/pkgconfig:/home/agilex/autoware.ai/install/vector_map/lib/x86_64-linux-gnu/pkgconfig:/home/agilex/autoware.ai/install/vector_map/lib/pkgconfig:/home/agilex/autoware.ai/install/vector_map_msgs/lib/x86_64-linux-gnu/pkgconfig:/home/agilex/autoware.ai/install/vector_map_msgs/lib/pkgconfig:/home/agilex/autoware.ai/install/autoware_msgs/lib/x86_64-linux-gnu/pkgconfig:/home/agilex/autoware.ai/install/autoware_msgs/lib/pkgconfig:/home/agilex/autoware.ai/install/autoware_build_flags/lib/x86_64-linux-gnu/pkgconfig:/home/agilex/autoware.ai/install/autoware_build_flags/lib/pkgconfig:${PKG_CONFIG_PATH} PYTHONPATH=/home/agilex/autoware.ai/install/vector_map_server/lib/python2.7/dist-packages:/home/agilex/autoware.ai/install/vector_map_msgs/lib/python2.7/dist-packages:/home/agilex/autoware.ai/install/autoware_msgs/lib/python2.7/dist-packages:${PYTHONPATH} ROS_PACKAGE_PATH=/home/agilex/autoware.ai/install/vector_map_server/share:/home/agilex/autoware.ai/install/vector_map/share:/home/agilex/autoware.ai/install/vector_map_msgs/share:/home/agilex/autoware.ai/install/autoware_msgs/share:/home/agilex/autoware.ai/install/autoware_build_flags/share:${ROS_PACKAGE_PATH} /usr/bin/cmake --build /home/agilex/autoware.ai/build/op_utility --target install -- -j8 -l8
[1.731s] [100%] Built target op_utility
[1.748s] [36mInstall the project...[0m
[1.755s] -- Install configuration: "Release"
[1.756s] -- Up-to-date: /home/agilex/autoware.ai/install/op_utility/lib/pkgconfig/op_utility.pc
[1.756s] -- Up-to-date: /home/agilex/autoware.ai/install/op_utility/share/op_utility/cmake/op_utilityConfig.cmake
[1.757s] -- Up-to-date: /home/agilex/autoware.ai/install/op_utility/share/op_utility/cmake/op_utilityConfig-version.cmake
[1.757s] -- Up-to-date: /home/agilex/autoware.ai/install/op_utility/share/op_utility/package.xml
[1.757s] -- Up-to-date: /home/agilex/autoware.ai/install/op_utility/include/op_utility
[1.758s] -- Up-to-date: /home/agilex/autoware.ai/install/op_utility/include/op_utility/UtilityH.h
[1.758s] -- Up-to-date: /home/agilex/autoware.ai/install/op_utility/include/op_utility/DataRW.h
[1.759s] -- Up-to-date: /home/agilex/autoware.ai/install/op_utility/lib/libop_utility.so
[1.776s] Invoked command in '/home/agilex/autoware.ai/build/op_utility' returned '0': CMAKE_PREFIX_PATH=/home/agilex/autoware.ai/install/vector_map_server:/home/agilex/autoware.ai/install/vector_map:/home/agilex/autoware.ai/install/vector_map_msgs:/home/agilex/autoware.ai/install/autoware_msgs:/home/agilex/autoware.ai/install/autoware_build_flags:${CMAKE_PREFIX_PATH} LD_LIBRARY_PATH=/home/agilex/autoware.ai/install/vector_map/lib:${LD_LIBRARY_PATH} PKG_CONFIG_PATH=/home/agilex/autoware.ai/install/vector_map_server/lib/x86_64-linux-gnu/pkgconfig:/home/agilex/autoware.ai/install/vector_map_server/lib/pkgconfig:/home/agilex/autoware.ai/install/vector_map/lib/x86_64-linux-gnu/pkgconfig:/home/agilex/autoware.ai/install/vector_map/lib/pkgconfig:/home/agilex/autoware.ai/install/vector_map_msgs/lib/x86_64-linux-gnu/pkgconfig:/home/agilex/autoware.ai/install/vector_map_msgs/lib/pkgconfig:/home/agilex/autoware.ai/install/autoware_msgs/lib/x86_64-linux-gnu/pkgconfig:/home/agilex/autoware.ai/install/autoware_msgs/lib/pkgconfig:/home/agilex/autoware.ai/install/autoware_build_flags/lib/x86_64-linux-gnu/pkgconfig:/home/agilex/autoware.ai/install/autoware_build_flags/lib/pkgconfig:${PKG_CONFIG_PATH} PYTHONPATH=/home/agilex/autoware.ai/install/vector_map_server/lib/python2.7/dist-packages:/home/agilex/autoware.ai/install/vector_map_msgs/lib/python2.7/dist-packages:/home/agilex/autoware.ai/install/autoware_msgs/lib/python2.7/dist-packages:${PYTHONPATH} ROS_PACKAGE_PATH=/home/agilex/autoware.ai/install/vector_map_server/share:/home/agilex/autoware.ai/install/vector_map/share:/home/agilex/autoware.ai/install/vector_map_msgs/share:/home/agilex/autoware.ai/install/autoware_msgs/share:/home/agilex/autoware.ai/install/autoware_build_flags/share:${ROS_PACKAGE_PATH} /usr/bin/cmake --build /home/agilex/autoware.ai/build/op_utility --target install -- -j8 -l8
