[  2%] [34m[1mAutomatic MOC, UIC and RCC for target label_maker[0m
[  2%] Built target label_maker_autogen
[  2%] Built target vector_map_server_generate_messages_lisp
[  2%] Built target jsk_footstep_msgs_generate_messages_nodejs
[  2%] Built target jsk_footstep_msgs_generate_messages_lisp
[  2%] Built target jsk_footstep_msgs_generate_messages_eus
[  2%] Built target actionlib_msgs_generate_messages_py
[  2%] Built target geometry_msgs_generate_messages_py
[  2%] Built target pcl_msgs_generate_messages_nodejs
[  2%] Built target jsk_recognition_msgs_generate_messages_py
[  2%] Built target pcl_msgs_generate_messages_eus
[  2%] Built target rosgraph_msgs_generate_messages_eus
[  2%] Built target jsk_recognition_msgs_generate_messages_lisp
[  2%] Built target jsk_recognition_msgs_generate_messages_eus
[  2%] Built target tf2_msgs_generate_messages_cpp
[  2%] Built target sensor_msgs_generate_messages_py
[  2%] Built target tf_generate_messages_py
[  2%] Built target sensor_msgs_generate_messages_nodejs
[  2%] Built target vector_map_server_generate_messages_eus
[  2%] Built target roscpp_generate_messages_cpp
[  2%] Built target actionlib_generate_messages_cpp
[  2%] Built target autoware_msgs_generate_messages_lisp
[  2%] Built target jsk_footstep_msgs_generate_messages_py
[  2%] Built target std_msgs_generate_messages_cpp
[  2%] Built target visualization_msgs_generate_messages_nodejs
[  2%] Built target geometry_msgs_generate_messages_lisp
[  2%] Built target autoware_msgs_generate_messages_py
[  2%] Built target std_msgs_generate_messages_py
[  2%] Built target autoware_msgs_generate_messages_cpp
[  2%] Built target rosgraph_msgs_generate_messages_cpp
[  2%] Built target pcl_msgs_generate_messages_cpp
[  2%] Built target jsk_recognition_msgs_generate_messages_cpp
[  2%] Built target sensor_msgs_generate_messages_lisp
[  2%] Built target autoware_msgs_generate_messages_eus
[  2%] Built target autoware_msgs_generate_messages_nodejs
[  2%] Built target visualization_msgs_generate_messages_lisp
[  2%] Built target std_msgs_generate_messages_eus
[  2%] Built target geometry_msgs_generate_messages_eus
[  2%] Built target std_msgs_generate_messages_nodejs
[  2%] Built target sensor_msgs_generate_messages_eus
[  2%] Built target roscpp_generate_messages_nodejs
[  2%] Built target std_msgs_generate_messages_lisp
[  2%] Built target sensor_msgs_generate_messages_cpp
[  2%] Built target actionlib_msgs_generate_messages_lisp
[  2%] Built target actionlib_msgs_generate_messages_nodejs
[  2%] Built target geometry_msgs_generate_messages_nodejs
[  2%] Built target jsk_recognition_msgs_generate_messages_nodejs
[  2%] Built target roscpp_generate_messages_lisp
[  2%] Built target roscpp_generate_messages_py
[  2%] Built target rosgraph_msgs_generate_messages_lisp
[  2%] Built target rosgraph_msgs_generate_messages_nodejs
[  2%] Built target vector_map_server_generate_messages_py
[  2%] Built target actionlib_msgs_generate_messages_eus
[  2%] Built target roscpp_generate_messages_eus
[  2%] Built target rosgraph_msgs_generate_messages_py
[  2%] Built target jsk_footstep_msgs_generate_messages_cpp
[  2%] Built target actionlib_msgs_generate_messages_cpp
[  2%] Built target tf_generate_messages_eus
[  2%] Built target tf_generate_messages_lisp
[  2%] Built target tf_generate_messages_nodejs
[  2%] Built target pcl_msgs_generate_messages_py
[  2%] Built target actionlib_generate_messages_eus
[  2%] Built target geometry_msgs_generate_messages_cpp
[  2%] Built target actionlib_generate_messages_lisp
[  2%] Built target pcl_msgs_generate_messages_lisp
[  2%] Built target tf_generate_messages_cpp
[  2%] Built target actionlib_generate_messages_nodejs
[  2%] Built target tf2_msgs_generate_messages_lisp
[  2%] Built target actionlib_generate_messages_py
[  2%] Built target tf2_msgs_generate_messages_py
[  2%] Built target tf2_msgs_generate_messages_nodejs
[  2%] Built target tf2_msgs_generate_messages_eus
[  2%] Built target visualization_msgs_generate_messages_cpp
[  2%] Built target vector_map_server_generate_messages_cpp
[  2%] Built target visualization_msgs_generate_messages_eus
[  2%] Built target visualization_msgs_generate_messages_py
[  2%] Built target vector_map_msgs_generate_messages_cpp
[ 22%] Built target label_maker
[ 22%] Built target vector_map_msgs_generate_messages_lisp
[ 22%] Built target vector_map_msgs_generate_messages_nodejs
[ 22%] Built target vector_map_msgs_generate_messages_py
[ 22%] Built target vector_map_server_generate_messages_nodejs
[ 22%] Built target vector_map_msgs_generate_messages_eus
[ 25%] [34m[1mAutomatic MOC, UIC and RCC for target tlr_tuner[0m
[ 25%] Built target tlr_tuner_autogen
[ 27%] [34m[1mAutomatic MOC, UIC and RCC for target feat_proj[0m
[ 27%] Built target feat_proj_autogen
[ 44%] Built target tlr_tuner
[ 52%] Built target feat_proj
[ 55%] [34m[1mAutomatic MOC, UIC and RCC for target tl_switch[0m
[ 55%] Built target tl_switch_autogen
[ 58%] [34m[1mAutomatic MOC, UIC and RCC for target libcontext[0m
[ 58%] Built target libcontext_autogen
[ 66%] Built target tl_switch
[ 75%] Built target libcontext
[ 77%] [34m[1mAutomatic MOC, UIC and RCC for target region_tlr[0m
[ 77%] Built target region_tlr_autogen
[ 80%] [34m[1mAutomatic MOC, UIC and RCC for target roi_extractor[0m
[ 80%] Built target roi_extractor_autogen
[ 91%] Built target region_tlr
[100%] Built target roi_extractor
Built target tests
[  2%] [34m[1mAutomatic MOC, UIC and RCC for target label_maker[0m
[  2%] Built target label_maker_autogen
[  2%] Built target vector_map_server_generate_messages_lisp
[  2%] Built target jsk_footstep_msgs_generate_messages_nodejs
[  2%] Built target jsk_footstep_msgs_generate_messages_lisp
[  2%] Built target jsk_footstep_msgs_generate_messages_eus
[  2%] Built target actionlib_msgs_generate_messages_py
[  2%] Built target geometry_msgs_generate_messages_py
[  2%] Built target pcl_msgs_generate_messages_nodejs
[  2%] Built target jsk_recognition_msgs_generate_messages_py
[  2%] Built target pcl_msgs_generate_messages_eus
[  2%] Built target rosgraph_msgs_generate_messages_eus
[  2%] Built target jsk_recognition_msgs_generate_messages_lisp
[  2%] Built target jsk_recognition_msgs_generate_messages_eus
[  2%] Built target tf2_msgs_generate_messages_cpp
[  2%] Built target sensor_msgs_generate_messages_py
[  2%] Built target tf_generate_messages_py
[  2%] Built target sensor_msgs_generate_messages_nodejs
[  2%] Built target vector_map_server_generate_messages_eus
[  2%] Built target roscpp_generate_messages_cpp
[  2%] Built target actionlib_generate_messages_cpp
[  2%] Built target autoware_msgs_generate_messages_lisp
[  2%] Built target jsk_footstep_msgs_generate_messages_py
[  2%] Built target std_msgs_generate_messages_cpp
[  2%] Built target visualization_msgs_generate_messages_nodejs
[  2%] Built target geometry_msgs_generate_messages_lisp
[  2%] Built target autoware_msgs_generate_messages_py
[  2%] Built target std_msgs_generate_messages_py
[  2%] Built target autoware_msgs_generate_messages_cpp
[  2%] Built target rosgraph_msgs_generate_messages_cpp
[  2%] Built target pcl_msgs_generate_messages_cpp
[  2%] Built target jsk_recognition_msgs_generate_messages_cpp
[  2%] Built target sensor_msgs_generate_messages_lisp
[  2%] Built target autoware_msgs_generate_messages_eus
[  2%] Built target autoware_msgs_generate_messages_nodejs
[  2%] Built target visualization_msgs_generate_messages_lisp
[  2%] Built target std_msgs_generate_messages_eus
[  2%] Built target geometry_msgs_generate_messages_eus
[  2%] Built target std_msgs_generate_messages_nodejs
[  2%] Built target sensor_msgs_generate_messages_eus
[  2%] Built target roscpp_generate_messages_nodejs
[  2%] Built target std_msgs_generate_messages_lisp
[  2%] Built target sensor_msgs_generate_messages_cpp
[  2%] Built target actionlib_msgs_generate_messages_lisp
[  2%] Built target actionlib_msgs_generate_messages_nodejs
[  2%] Built target geometry_msgs_generate_messages_nodejs
[  2%] Built target jsk_recognition_msgs_generate_messages_nodejs
[  2%] Built target roscpp_generate_messages_lisp
[  2%] Built target roscpp_generate_messages_py
[  2%] Built target rosgraph_msgs_generate_messages_lisp
[  2%] Built target rosgraph_msgs_generate_messages_nodejs
[  2%] Built target vector_map_server_generate_messages_py
[  2%] Built target actionlib_msgs_generate_messages_eus
[  2%] Built target roscpp_generate_messages_eus
[  2%] Built target rosgraph_msgs_generate_messages_py
[  2%] Built target jsk_footstep_msgs_generate_messages_cpp
[  2%] Built target actionlib_msgs_generate_messages_cpp
[  2%] Built target tf_generate_messages_eus
[  2%] Built target tf_generate_messages_lisp
[  2%] Built target tf_generate_messages_nodejs
[  2%] Built target pcl_msgs_generate_messages_py
[  2%] Built target actionlib_generate_messages_eus
[  2%] Built target geometry_msgs_generate_messages_cpp
[  2%] Built target actionlib_generate_messages_lisp
[  2%] Built target pcl_msgs_generate_messages_lisp
[  2%] Built target tf_generate_messages_cpp
[  2%] Built target actionlib_generate_messages_nodejs
[  2%] Built target tf2_msgs_generate_messages_lisp
[  2%] Built target actionlib_generate_messages_py
[  2%] Built target tf2_msgs_generate_messages_py
[  2%] Built target tf2_msgs_generate_messages_nodejs
[  2%] Built target tf2_msgs_generate_messages_eus
[  2%] Built target visualization_msgs_generate_messages_cpp
[  2%] Built target vector_map_server_generate_messages_cpp
[  2%] Built target visualization_msgs_generate_messages_eus
[  2%] Built target visualization_msgs_generate_messages_py
[  2%] Built target vector_map_msgs_generate_messages_cpp
[ 22%] Built target label_maker
[ 22%] Built target vector_map_msgs_generate_messages_lisp
[ 22%] Built target vector_map_msgs_generate_messages_nodejs
[ 22%] Built target vector_map_msgs_generate_messages_py
[ 22%] Built target vector_map_server_generate_messages_nodejs
[ 22%] Built target vector_map_msgs_generate_messages_eus
[ 25%] [34m[1mAutomatic MOC, UIC and RCC for target tlr_tuner[0m
[ 25%] Built target tlr_tuner_autogen
[ 27%] [34m[1mAutomatic MOC, UIC and RCC for target feat_proj[0m
[ 27%] Built target feat_proj_autogen
[ 44%] Built target tlr_tuner
[ 52%] Built target feat_proj
[ 55%] [34m[1mAutomatic MOC, UIC and RCC for target tl_switch[0m
[ 55%] Built target tl_switch_autogen
[ 58%] [34m[1mAutomatic MOC, UIC and RCC for target libcontext[0m
[ 58%] Built target libcontext_autogen
[ 66%] Built target tl_switch
[ 75%] Built target libcontext
[ 77%] [34m[1mAutomatic MOC, UIC and RCC for target region_tlr[0m
[ 77%] Built target region_tlr_autogen
[ 80%] [34m[1mAutomatic MOC, UIC and RCC for target roi_extractor[0m
[ 80%] Built target roi_extractor_autogen
[ 91%] Built target region_tlr
[100%] Built target roi_extractor
[36mInstall the project...[0m
-- Install configuration: "Release"
-- Up-to-date: /home/agilex/autoware.ai/install/trafficlight_recognizer/lib/pkgconfig/trafficlight_recognizer.pc
-- Up-to-date: /home/agilex/autoware.ai/install/trafficlight_recognizer/share/trafficlight_recognizer/cmake/trafficlight_recognizerConfig.cmake
-- Up-to-date: /home/agilex/autoware.ai/install/trafficlight_recognizer/share/trafficlight_recognizer/cmake/trafficlight_recognizerConfig-version.cmake
-- Up-to-date: /home/agilex/autoware.ai/install/trafficlight_recognizer/share/trafficlight_recognizer/package.xml
-- Up-to-date: /home/agilex/autoware.ai/install/trafficlight_recognizer/lib/trafficlight_recognizer/region_tlr
-- Up-to-date: /home/agilex/autoware.ai/install/trafficlight_recognizer/lib/trafficlight_recognizer/feat_proj
-- Up-to-date: /home/agilex/autoware.ai/install/trafficlight_recognizer/lib/trafficlight_recognizer/tlr_tuner
-- Up-to-date: /home/agilex/autoware.ai/install/trafficlight_recognizer/lib/trafficlight_recognizer/roi_extractor
-- Up-to-date: /home/agilex/autoware.ai/install/trafficlight_recognizer/lib/trafficlight_recognizer/label_maker
-- Up-to-date: /home/agilex/autoware.ai/install/trafficlight_recognizer/lib/liblibcontext.so
-- Up-to-date: /home/agilex/autoware.ai/install/trafficlight_recognizer/lib/trafficlight_recognizer/tl_switch
-- Up-to-date: /home/agilex/autoware.ai/install/trafficlight_recognizer/include/trafficlight_recognizer/include
-- Up-to-date: /home/agilex/autoware.ai/install/trafficlight_recognizer/include/trafficlight_recognizer/include/TrafficLight.h
-- Up-to-date: /home/agilex/autoware.ai/install/trafficlight_recognizer/include/trafficlight_recognizer/include/Context.h
-- Up-to-date: /home/agilex/autoware.ai/install/trafficlight_recognizer/share/trafficlight_recognizer/launch
-- Up-to-date: /home/agilex/autoware.ai/install/trafficlight_recognizer/share/trafficlight_recognizer/launch/traffic_light_recognition_mxnet.launch
-- Up-to-date: /home/agilex/autoware.ai/install/trafficlight_recognizer/share/trafficlight_recognizer/launch/traffic_light_recognition.launch
-- Up-to-date: /home/agilex/autoware.ai/install/trafficlight_recognizer/share/trafficlight_recognizer/launch/traffic_light_recognition_ssd.launch
-- Up-to-date: /home/agilex/autoware.ai/install/trafficlight_recognizer/share/trafficlight_recognizer/launch/roi_extractor.launch
-- Up-to-date: /home/agilex/autoware.ai/install/trafficlight_recognizer/share/trafficlight_recognizer/launch/feat_proj.launch
