[0.046s] Invoking command in '/home/agilex/autoware.ai/build/trafficlight_recognizer': CMAKE_PREFIX_PATH=/home/agilex/autoware.ai/install/vector_map_server:/home/agilex/autoware.ai/install/libvectormap:/home/agilex/autoware.ai/install/vector_map:/home/agilex/autoware.ai/install/runtime_manager:/home/agilex/autoware.ai/install/vector_map_msgs:/home/agilex/autoware.ai/install/tablet_socket_msgs:/home/agilex/autoware.ai/install/autoware_msgs:/home/agilex/autoware.ai/install/autoware_config_msgs:/home/agilex/autoware.ai/install/autoware_build_flags:${CMAKE_PREFIX_PATH} LD_LIBRARY_PATH=/home/agilex/autoware.ai/install/vector_map/lib:${LD_LIBRARY_PATH} PKG_CONFIG_PATH=/home/agilex/autoware.ai/install/vector_map_server/lib/x86_64-linux-gnu/pkgconfig:/home/agilex/autoware.ai/install/vector_map_server/lib/pkgconfig:/home/agilex/autoware.ai/install/libvectormap/lib/x86_64-linux-gnu/pkgconfig:/home/agilex/autoware.ai/install/libvectormap/lib/pkgconfig:/home/agilex/autoware.ai/install/vector_map/lib/x86_64-linux-gnu/pkgconfig:/home/agilex/autoware.ai/install/vector_map/lib/pkgconfig:/home/agilex/autoware.ai/install/runtime_manager/lib/x86_64-linux-gnu/pkgconfig:/home/agilex/autoware.ai/install/runtime_manager/lib/pkgconfig:/home/agilex/autoware.ai/install/vector_map_msgs/lib/x86_64-linux-gnu/pkgconfig:/home/agilex/autoware.ai/install/vector_map_msgs/lib/pkgconfig:/home/agilex/autoware.ai/install/tablet_socket_msgs/lib/x86_64-linux-gnu/pkgconfig:/home/agilex/autoware.ai/install/tablet_socket_msgs/lib/pkgconfig:/home/agilex/autoware.ai/install/autoware_msgs/lib/x86_64-linux-gnu/pkgconfig:/home/agilex/autoware.ai/install/autoware_msgs/lib/pkgconfig:/home/agilex/autoware.ai/install/autoware_config_msgs/lib/x86_64-linux-gnu/pkgconfig:/home/agilex/autoware.ai/install/autoware_config_msgs/lib/pkgconfig:/home/agilex/autoware.ai/install/autoware_build_flags/lib/x86_64-linux-gnu/pkgconfig:/home/agilex/autoware.ai/install/autoware_build_flags/lib/pkgconfig:${PKG_CONFIG_PATH} PYTHONPATH=/home/agilex/autoware.ai/install/vector_map_server/lib/python2.7/dist-packages:/home/agilex/autoware.ai/install/vector_map_msgs/lib/python2.7/dist-packages:/home/agilex/autoware.ai/install/tablet_socket_msgs/lib/python2.7/dist-packages:/home/agilex/autoware.ai/install/autoware_msgs/lib/python2.7/dist-packages:/home/agilex/autoware.ai/install/autoware_config_msgs/lib/python2.7/dist-packages:${PYTHONPATH} ROS_PACKAGE_PATH=/home/agilex/autoware.ai/install/vector_map_server/share:/home/agilex/autoware.ai/install/libvectormap/share:/home/agilex/autoware.ai/install/vector_map/share:/home/agilex/autoware.ai/install/runtime_manager/share:/home/agilex/autoware.ai/install/vector_map_msgs/share:/home/agilex/autoware.ai/install/tablet_socket_msgs/share:/home/agilex/autoware.ai/install/autoware_msgs/share:/home/agilex/autoware.ai/install/autoware_config_msgs/share:/home/agilex/autoware.ai/install/autoware_build_flags/share:${ROS_PACKAGE_PATH} /usr/bin/cmake --build /home/agilex/autoware.ai/build/trafficlight_recognizer -- -j8 -l8
[0.104s] [  2%] [34m[1mAutomatic MOC, UIC and RCC for target label_maker[0m
[0.127s] [  2%] Built target label_maker_autogen
[0.145s] [  2%] Built target vector_map_server_generate_messages_lisp
[0.166s] [  2%] Built target jsk_footstep_msgs_generate_messages_nodejs
[0.184s] [  2%] Built target jsk_footstep_msgs_generate_messages_lisp
[0.202s] [  2%] Built target jsk_footstep_msgs_generate_messages_eus
[0.227s] [  2%] Built target actionlib_msgs_generate_messages_py
[0.245s] [  2%] Built target geometry_msgs_generate_messages_py
[0.263s] [  2%] Built target pcl_msgs_generate_messages_nodejs
[0.283s] [  2%] Built target jsk_recognition_msgs_generate_messages_py
[0.300s] [  2%] Built target pcl_msgs_generate_messages_eus
[0.324s] [  2%] Built target rosgraph_msgs_generate_messages_eus
[0.340s] [  2%] Built target jsk_recognition_msgs_generate_messages_lisp
[0.356s] [  2%] Built target jsk_recognition_msgs_generate_messages_eus
[0.374s] [  2%] Built target tf2_msgs_generate_messages_cpp
[0.394s] [  2%] Built target sensor_msgs_generate_messages_py
[0.414s] [  2%] Built target tf_generate_messages_py
[0.434s] [  2%] Built target sensor_msgs_generate_messages_nodejs
[0.449s] [  2%] Built target vector_map_server_generate_messages_eus
[0.469s] [  2%] Built target roscpp_generate_messages_cpp
[0.490s] [  2%] Built target actionlib_generate_messages_cpp
[0.507s] [  2%] Built target autoware_msgs_generate_messages_lisp
[0.529s] [  2%] Built target jsk_footstep_msgs_generate_messages_py
[0.546s] [  2%] Built target std_msgs_generate_messages_cpp
[0.562s] [  2%] Built target visualization_msgs_generate_messages_nodejs
[0.583s] [  2%] Built target geometry_msgs_generate_messages_lisp
[0.600s] [  2%] Built target autoware_msgs_generate_messages_py
[0.628s] [  2%] Built target std_msgs_generate_messages_py
[0.647s] [  2%] Built target autoware_msgs_generate_messages_cpp
[0.675s] [  2%] Built target rosgraph_msgs_generate_messages_cpp
[0.692s] [  2%] Built target pcl_msgs_generate_messages_cpp
[0.712s] [  2%] Built target jsk_recognition_msgs_generate_messages_cpp
[0.731s] [  2%] Built target sensor_msgs_generate_messages_lisp
[0.748s] [  2%] Built target autoware_msgs_generate_messages_eus
[0.766s] [  2%] Built target autoware_msgs_generate_messages_nodejs
[0.788s] [  2%] Built target visualization_msgs_generate_messages_lisp
[0.805s] [  2%] Built target std_msgs_generate_messages_eus
[0.821s] [  2%] Built target geometry_msgs_generate_messages_eus
[0.838s] [  2%] Built target std_msgs_generate_messages_nodejs
[0.856s] [  2%] Built target sensor_msgs_generate_messages_eus
[0.872s] [  2%] Built target roscpp_generate_messages_nodejs
[0.889s] [  2%] Built target std_msgs_generate_messages_lisp
[0.909s] [  2%] Built target sensor_msgs_generate_messages_cpp
[0.928s] [  2%] Built target actionlib_msgs_generate_messages_lisp
[0.951s] [  2%] Built target actionlib_msgs_generate_messages_nodejs
[0.971s] [  2%] Built target geometry_msgs_generate_messages_nodejs
[0.990s] [  2%] Built target jsk_recognition_msgs_generate_messages_nodejs
[1.009s] [  2%] Built target roscpp_generate_messages_lisp
[1.028s] [  2%] Built target roscpp_generate_messages_py
[1.049s] [  2%] Built target rosgraph_msgs_generate_messages_lisp
[1.069s] [  2%] Built target rosgraph_msgs_generate_messages_nodejs
[1.089s] [  2%] Built target vector_map_server_generate_messages_py
[1.111s] [  2%] Built target actionlib_msgs_generate_messages_eus
[1.135s] [  2%] Built target roscpp_generate_messages_eus
[1.158s] [  2%] Built target rosgraph_msgs_generate_messages_py
[1.177s] [  2%] Built target jsk_footstep_msgs_generate_messages_cpp
[1.194s] [  2%] Built target actionlib_msgs_generate_messages_cpp
[1.213s] [  2%] Built target tf_generate_messages_eus
[1.233s] [  2%] Built target tf_generate_messages_lisp
[1.256s] [  2%] Built target tf_generate_messages_nodejs
[1.278s] [  2%] Built target pcl_msgs_generate_messages_py
[1.295s] [  2%] Built target actionlib_generate_messages_eus
[1.316s] [  2%] Built target geometry_msgs_generate_messages_cpp
[1.338s] [  2%] Built target actionlib_generate_messages_lisp
[1.353s] [  2%] Built target pcl_msgs_generate_messages_lisp
[1.372s] [  2%] Built target tf_generate_messages_cpp
[1.389s] [  2%] Built target actionlib_generate_messages_nodejs
[1.410s] [  2%] Built target tf2_msgs_generate_messages_lisp
[1.430s] [  2%] Built target actionlib_generate_messages_py
[1.448s] [  2%] Built target tf2_msgs_generate_messages_py
[1.470s] [  2%] Built target tf2_msgs_generate_messages_nodejs
[1.493s] [  2%] Built target tf2_msgs_generate_messages_eus
[1.511s] [  2%] Built target visualization_msgs_generate_messages_cpp
[1.530s] [  2%] Built target vector_map_server_generate_messages_cpp
[1.550s] [  2%] Built target visualization_msgs_generate_messages_eus
[1.567s] [  2%] Built target visualization_msgs_generate_messages_py
[1.586s] [  2%] Built target vector_map_msgs_generate_messages_cpp
[1.619s] [ 22%] Built target label_maker
[1.637s] [ 22%] Built target vector_map_msgs_generate_messages_lisp
[1.655s] [ 22%] Built target vector_map_msgs_generate_messages_nodejs
[1.676s] [ 22%] Built target vector_map_msgs_generate_messages_py
[1.694s] [ 22%] Built target vector_map_server_generate_messages_nodejs
[1.714s] [ 22%] Built target vector_map_msgs_generate_messages_eus
[1.737s] [ 25%] [34m[1mAutomatic MOC, UIC and RCC for target tlr_tuner[0m
[1.753s] [ 25%] Built target tlr_tuner_autogen
[1.776s] [ 27%] [34m[1mAutomatic MOC, UIC and RCC for target feat_proj[0m
[1.792s] [ 27%] Built target feat_proj_autogen
[1.825s] [ 44%] Built target tlr_tuner
[1.857s] [ 52%] Built target feat_proj
[1.882s] [ 55%] [34m[1mAutomatic MOC, UIC and RCC for target tl_switch[0m
[1.898s] [ 55%] Built target tl_switch_autogen
[1.917s] [ 58%] [34m[1mAutomatic MOC, UIC and RCC for target libcontext[0m
[1.938s] [ 58%] Built target libcontext_autogen
[1.965s] [ 66%] Built target tl_switch
[1.986s] [ 75%] Built target libcontext
[2.004s] [ 77%] [34m[1mAutomatic MOC, UIC and RCC for target region_tlr[0m
[2.019s] [ 77%] Built target region_tlr_autogen
[2.037s] [ 80%] [34m[1mAutomatic MOC, UIC and RCC for target roi_extractor[0m
[2.053s] [ 80%] Built target roi_extractor_autogen
[2.076s] [ 91%] Built target region_tlr
[2.100s] [100%] Built target roi_extractor
[2.111s] Invoked command in '/home/agilex/autoware.ai/build/trafficlight_recognizer' returned '0': CMAKE_PREFIX_PATH=/home/agilex/autoware.ai/install/vector_map_server:/home/agilex/autoware.ai/install/libvectormap:/home/agilex/autoware.ai/install/vector_map:/home/agilex/autoware.ai/install/runtime_manager:/home/agilex/autoware.ai/install/vector_map_msgs:/home/agilex/autoware.ai/install/tablet_socket_msgs:/home/agilex/autoware.ai/install/autoware_msgs:/home/agilex/autoware.ai/install/autoware_config_msgs:/home/agilex/autoware.ai/install/autoware_build_flags:${CMAKE_PREFIX_PATH} LD_LIBRARY_PATH=/home/agilex/autoware.ai/install/vector_map/lib:${LD_LIBRARY_PATH} PKG_CONFIG_PATH=/home/agilex/autoware.ai/install/vector_map_server/lib/x86_64-linux-gnu/pkgconfig:/home/agilex/autoware.ai/install/vector_map_server/lib/pkgconfig:/home/agilex/autoware.ai/install/libvectormap/lib/x86_64-linux-gnu/pkgconfig:/home/agilex/autoware.ai/install/libvectormap/lib/pkgconfig:/home/agilex/autoware.ai/install/vector_map/lib/x86_64-linux-gnu/pkgconfig:/home/agilex/autoware.ai/install/vector_map/lib/pkgconfig:/home/agilex/autoware.ai/install/runtime_manager/lib/x86_64-linux-gnu/pkgconfig:/home/agilex/autoware.ai/install/runtime_manager/lib/pkgconfig:/home/agilex/autoware.ai/install/vector_map_msgs/lib/x86_64-linux-gnu/pkgconfig:/home/agilex/autoware.ai/install/vector_map_msgs/lib/pkgconfig:/home/agilex/autoware.ai/install/tablet_socket_msgs/lib/x86_64-linux-gnu/pkgconfig:/home/agilex/autoware.ai/install/tablet_socket_msgs/lib/pkgconfig:/home/agilex/autoware.ai/install/autoware_msgs/lib/x86_64-linux-gnu/pkgconfig:/home/agilex/autoware.ai/install/autoware_msgs/lib/pkgconfig:/home/agilex/autoware.ai/install/autoware_config_msgs/lib/x86_64-linux-gnu/pkgconfig:/home/agilex/autoware.ai/install/autoware_config_msgs/lib/pkgconfig:/home/agilex/autoware.ai/install/autoware_build_flags/lib/x86_64-linux-gnu/pkgconfig:/home/agilex/autoware.ai/install/autoware_build_flags/lib/pkgconfig:${PKG_CONFIG_PATH} PYTHONPATH=/home/agilex/autoware.ai/install/vector_map_server/lib/python2.7/dist-packages:/home/agilex/autoware.ai/install/vector_map_msgs/lib/python2.7/dist-packages:/home/agilex/autoware.ai/install/tablet_socket_msgs/lib/python2.7/dist-packages:/home/agilex/autoware.ai/install/autoware_msgs/lib/python2.7/dist-packages:/home/agilex/autoware.ai/install/autoware_config_msgs/lib/python2.7/dist-packages:${PYTHONPATH} ROS_PACKAGE_PATH=/home/agilex/autoware.ai/install/vector_map_server/share:/home/agilex/autoware.ai/install/libvectormap/share:/home/agilex/autoware.ai/install/vector_map/share:/home/agilex/autoware.ai/install/runtime_manager/share:/home/agilex/autoware.ai/install/vector_map_msgs/share:/home/agilex/autoware.ai/install/tablet_socket_msgs/share:/home/agilex/autoware.ai/install/autoware_msgs/share:/home/agilex/autoware.ai/install/autoware_config_msgs/share:/home/agilex/autoware.ai/install/autoware_build_flags/share:${ROS_PACKAGE_PATH} /usr/bin/cmake --build /home/agilex/autoware.ai/build/trafficlight_recognizer -- -j8 -l8
[2.282s] Invoking command in '/home/agilex/autoware.ai/build/trafficlight_recognizer': CMAKE_PREFIX_PATH=/home/agilex/autoware.ai/install/vector_map_server:/home/agilex/autoware.ai/install/libvectormap:/home/agilex/autoware.ai/install/vector_map:/home/agilex/autoware.ai/install/runtime_manager:/home/agilex/autoware.ai/install/vector_map_msgs:/home/agilex/autoware.ai/install/tablet_socket_msgs:/home/agilex/autoware.ai/install/autoware_msgs:/home/agilex/autoware.ai/install/autoware_config_msgs:/home/agilex/autoware.ai/install/autoware_build_flags:${CMAKE_PREFIX_PATH} LD_LIBRARY_PATH=/home/agilex/autoware.ai/install/vector_map/lib:${LD_LIBRARY_PATH} PKG_CONFIG_PATH=/home/agilex/autoware.ai/install/vector_map_server/lib/x86_64-linux-gnu/pkgconfig:/home/agilex/autoware.ai/install/vector_map_server/lib/pkgconfig:/home/agilex/autoware.ai/install/libvectormap/lib/x86_64-linux-gnu/pkgconfig:/home/agilex/autoware.ai/install/libvectormap/lib/pkgconfig:/home/agilex/autoware.ai/install/vector_map/lib/x86_64-linux-gnu/pkgconfig:/home/agilex/autoware.ai/install/vector_map/lib/pkgconfig:/home/agilex/autoware.ai/install/runtime_manager/lib/x86_64-linux-gnu/pkgconfig:/home/agilex/autoware.ai/install/runtime_manager/lib/pkgconfig:/home/agilex/autoware.ai/install/vector_map_msgs/lib/x86_64-linux-gnu/pkgconfig:/home/agilex/autoware.ai/install/vector_map_msgs/lib/pkgconfig:/home/agilex/autoware.ai/install/tablet_socket_msgs/lib/x86_64-linux-gnu/pkgconfig:/home/agilex/autoware.ai/install/tablet_socket_msgs/lib/pkgconfig:/home/agilex/autoware.ai/install/autoware_msgs/lib/x86_64-linux-gnu/pkgconfig:/home/agilex/autoware.ai/install/autoware_msgs/lib/pkgconfig:/home/agilex/autoware.ai/install/autoware_config_msgs/lib/x86_64-linux-gnu/pkgconfig:/home/agilex/autoware.ai/install/autoware_config_msgs/lib/pkgconfig:/home/agilex/autoware.ai/install/autoware_build_flags/lib/x86_64-linux-gnu/pkgconfig:/home/agilex/autoware.ai/install/autoware_build_flags/lib/pkgconfig:${PKG_CONFIG_PATH} PYTHONPATH=/home/agilex/autoware.ai/install/vector_map_server/lib/python2.7/dist-packages:/home/agilex/autoware.ai/install/vector_map_msgs/lib/python2.7/dist-packages:/home/agilex/autoware.ai/install/tablet_socket_msgs/lib/python2.7/dist-packages:/home/agilex/autoware.ai/install/autoware_msgs/lib/python2.7/dist-packages:/home/agilex/autoware.ai/install/autoware_config_msgs/lib/python2.7/dist-packages:${PYTHONPATH} ROS_PACKAGE_PATH=/home/agilex/autoware.ai/install/vector_map_server/share:/home/agilex/autoware.ai/install/libvectormap/share:/home/agilex/autoware.ai/install/vector_map/share:/home/agilex/autoware.ai/install/runtime_manager/share:/home/agilex/autoware.ai/install/vector_map_msgs/share:/home/agilex/autoware.ai/install/tablet_socket_msgs/share:/home/agilex/autoware.ai/install/autoware_msgs/share:/home/agilex/autoware.ai/install/autoware_config_msgs/share:/home/agilex/autoware.ai/install/autoware_build_flags/share:${ROS_PACKAGE_PATH} /usr/bin/cmake --build /home/agilex/autoware.ai/build/trafficlight_recognizer --target tests -- -j8 -l8
[2.352s] Built target tests
[2.365s] Invoked command in '/home/agilex/autoware.ai/build/trafficlight_recognizer' returned '0': CMAKE_PREFIX_PATH=/home/agilex/autoware.ai/install/vector_map_server:/home/agilex/autoware.ai/install/libvectormap:/home/agilex/autoware.ai/install/vector_map:/home/agilex/autoware.ai/install/runtime_manager:/home/agilex/autoware.ai/install/vector_map_msgs:/home/agilex/autoware.ai/install/tablet_socket_msgs:/home/agilex/autoware.ai/install/autoware_msgs:/home/agilex/autoware.ai/install/autoware_config_msgs:/home/agilex/autoware.ai/install/autoware_build_flags:${CMAKE_PREFIX_PATH} LD_LIBRARY_PATH=/home/agilex/autoware.ai/install/vector_map/lib:${LD_LIBRARY_PATH} PKG_CONFIG_PATH=/home/agilex/autoware.ai/install/vector_map_server/lib/x86_64-linux-gnu/pkgconfig:/home/agilex/autoware.ai/install/vector_map_server/lib/pkgconfig:/home/agilex/autoware.ai/install/libvectormap/lib/x86_64-linux-gnu/pkgconfig:/home/agilex/autoware.ai/install/libvectormap/lib/pkgconfig:/home/agilex/autoware.ai/install/vector_map/lib/x86_64-linux-gnu/pkgconfig:/home/agilex/autoware.ai/install/vector_map/lib/pkgconfig:/home/agilex/autoware.ai/install/runtime_manager/lib/x86_64-linux-gnu/pkgconfig:/home/agilex/autoware.ai/install/runtime_manager/lib/pkgconfig:/home/agilex/autoware.ai/install/vector_map_msgs/lib/x86_64-linux-gnu/pkgconfig:/home/agilex/autoware.ai/install/vector_map_msgs/lib/pkgconfig:/home/agilex/autoware.ai/install/tablet_socket_msgs/lib/x86_64-linux-gnu/pkgconfig:/home/agilex/autoware.ai/install/tablet_socket_msgs/lib/pkgconfig:/home/agilex/autoware.ai/install/autoware_msgs/lib/x86_64-linux-gnu/pkgconfig:/home/agilex/autoware.ai/install/autoware_msgs/lib/pkgconfig:/home/agilex/autoware.ai/install/autoware_config_msgs/lib/x86_64-linux-gnu/pkgconfig:/home/agilex/autoware.ai/install/autoware_config_msgs/lib/pkgconfig:/home/agilex/autoware.ai/install/autoware_build_flags/lib/x86_64-linux-gnu/pkgconfig:/home/agilex/autoware.ai/install/autoware_build_flags/lib/pkgconfig:${PKG_CONFIG_PATH} PYTHONPATH=/home/agilex/autoware.ai/install/vector_map_server/lib/python2.7/dist-packages:/home/agilex/autoware.ai/install/vector_map_msgs/lib/python2.7/dist-packages:/home/agilex/autoware.ai/install/tablet_socket_msgs/lib/python2.7/dist-packages:/home/agilex/autoware.ai/install/autoware_msgs/lib/python2.7/dist-packages:/home/agilex/autoware.ai/install/autoware_config_msgs/lib/python2.7/dist-packages:${PYTHONPATH} ROS_PACKAGE_PATH=/home/agilex/autoware.ai/install/vector_map_server/share:/home/agilex/autoware.ai/install/libvectormap/share:/home/agilex/autoware.ai/install/vector_map/share:/home/agilex/autoware.ai/install/runtime_manager/share:/home/agilex/autoware.ai/install/vector_map_msgs/share:/home/agilex/autoware.ai/install/tablet_socket_msgs/share:/home/agilex/autoware.ai/install/autoware_msgs/share:/home/agilex/autoware.ai/install/autoware_config_msgs/share:/home/agilex/autoware.ai/install/autoware_build_flags/share:${ROS_PACKAGE_PATH} /usr/bin/cmake --build /home/agilex/autoware.ai/build/trafficlight_recognizer --target tests -- -j8 -l8
[2.544s] Invoking command in '/home/agilex/autoware.ai/build/trafficlight_recognizer': CMAKE_PREFIX_PATH=/home/agilex/autoware.ai/install/vector_map_server:/home/agilex/autoware.ai/install/libvectormap:/home/agilex/autoware.ai/install/vector_map:/home/agilex/autoware.ai/install/runtime_manager:/home/agilex/autoware.ai/install/vector_map_msgs:/home/agilex/autoware.ai/install/tablet_socket_msgs:/home/agilex/autoware.ai/install/autoware_msgs:/home/agilex/autoware.ai/install/autoware_config_msgs:/home/agilex/autoware.ai/install/autoware_build_flags:${CMAKE_PREFIX_PATH} LD_LIBRARY_PATH=/home/agilex/autoware.ai/install/vector_map/lib:${LD_LIBRARY_PATH} PKG_CONFIG_PATH=/home/agilex/autoware.ai/install/vector_map_server/lib/x86_64-linux-gnu/pkgconfig:/home/agilex/autoware.ai/install/vector_map_server/lib/pkgconfig:/home/agilex/autoware.ai/install/libvectormap/lib/x86_64-linux-gnu/pkgconfig:/home/agilex/autoware.ai/install/libvectormap/lib/pkgconfig:/home/agilex/autoware.ai/install/vector_map/lib/x86_64-linux-gnu/pkgconfig:/home/agilex/autoware.ai/install/vector_map/lib/pkgconfig:/home/agilex/autoware.ai/install/runtime_manager/lib/x86_64-linux-gnu/pkgconfig:/home/agilex/autoware.ai/install/runtime_manager/lib/pkgconfig:/home/agilex/autoware.ai/install/vector_map_msgs/lib/x86_64-linux-gnu/pkgconfig:/home/agilex/autoware.ai/install/vector_map_msgs/lib/pkgconfig:/home/agilex/autoware.ai/install/tablet_socket_msgs/lib/x86_64-linux-gnu/pkgconfig:/home/agilex/autoware.ai/install/tablet_socket_msgs/lib/pkgconfig:/home/agilex/autoware.ai/install/autoware_msgs/lib/x86_64-linux-gnu/pkgconfig:/home/agilex/autoware.ai/install/autoware_msgs/lib/pkgconfig:/home/agilex/autoware.ai/install/autoware_config_msgs/lib/x86_64-linux-gnu/pkgconfig:/home/agilex/autoware.ai/install/autoware_config_msgs/lib/pkgconfig:/home/agilex/autoware.ai/install/autoware_build_flags/lib/x86_64-linux-gnu/pkgconfig:/home/agilex/autoware.ai/install/autoware_build_flags/lib/pkgconfig:${PKG_CONFIG_PATH} PYTHONPATH=/home/agilex/autoware.ai/install/vector_map_server/lib/python2.7/dist-packages:/home/agilex/autoware.ai/install/vector_map_msgs/lib/python2.7/dist-packages:/home/agilex/autoware.ai/install/tablet_socket_msgs/lib/python2.7/dist-packages:/home/agilex/autoware.ai/install/autoware_msgs/lib/python2.7/dist-packages:/home/agilex/autoware.ai/install/autoware_config_msgs/lib/python2.7/dist-packages:${PYTHONPATH} ROS_PACKAGE_PATH=/home/agilex/autoware.ai/install/vector_map_server/share:/home/agilex/autoware.ai/install/libvectormap/share:/home/agilex/autoware.ai/install/vector_map/share:/home/agilex/autoware.ai/install/runtime_manager/share:/home/agilex/autoware.ai/install/vector_map_msgs/share:/home/agilex/autoware.ai/install/tablet_socket_msgs/share:/home/agilex/autoware.ai/install/autoware_msgs/share:/home/agilex/autoware.ai/install/autoware_config_msgs/share:/home/agilex/autoware.ai/install/autoware_build_flags/share:${ROS_PACKAGE_PATH} /usr/bin/cmake --build /home/agilex/autoware.ai/build/trafficlight_recognizer --target install -- -j8 -l8
[2.592s] [  2%] [34m[1mAutomatic MOC, UIC and RCC for target label_maker[0m
[2.607s] [  2%] Built target label_maker_autogen
[2.625s] [  2%] Built target vector_map_server_generate_messages_lisp
[2.646s] [  2%] Built target jsk_footstep_msgs_generate_messages_nodejs
[2.661s] [  2%] Built target jsk_footstep_msgs_generate_messages_lisp
[2.677s] [  2%] Built target jsk_footstep_msgs_generate_messages_eus
[2.696s] [  2%] Built target actionlib_msgs_generate_messages_py
[2.713s] [  2%] Built target geometry_msgs_generate_messages_py
[2.736s] [  2%] Built target pcl_msgs_generate_messages_nodejs
[2.756s] [  2%] Built target jsk_recognition_msgs_generate_messages_py
[2.776s] [  2%] Built target pcl_msgs_generate_messages_eus
[2.793s] [  2%] Built target rosgraph_msgs_generate_messages_eus
[2.814s] [  2%] Built target jsk_recognition_msgs_generate_messages_lisp
[2.833s] [  2%] Built target jsk_recognition_msgs_generate_messages_eus
[2.849s] [  2%] Built target tf2_msgs_generate_messages_cpp
[2.869s] [  2%] Built target sensor_msgs_generate_messages_py
[2.890s] [  2%] Built target tf_generate_messages_py
[2.911s] [  2%] Built target sensor_msgs_generate_messages_nodejs
[2.930s] [  2%] Built target vector_map_server_generate_messages_eus
[2.947s] [  2%] Built target roscpp_generate_messages_cpp
[2.964s] [  2%] Built target actionlib_generate_messages_cpp
[2.986s] [  2%] Built target autoware_msgs_generate_messages_lisp
[3.010s] [  2%] Built target jsk_footstep_msgs_generate_messages_py
[3.026s] [  2%] Built target std_msgs_generate_messages_cpp
[3.042s] [  2%] Built target visualization_msgs_generate_messages_nodejs
[3.063s] [  2%] Built target geometry_msgs_generate_messages_lisp
[3.081s] [  2%] Built target autoware_msgs_generate_messages_py
[3.101s] [  2%] Built target std_msgs_generate_messages_py
[3.118s] [  2%] Built target autoware_msgs_generate_messages_cpp
[3.136s] [  2%] Built target rosgraph_msgs_generate_messages_cpp
[3.155s] [  2%] Built target pcl_msgs_generate_messages_cpp
[3.172s] [  2%] Built target jsk_recognition_msgs_generate_messages_cpp
[3.193s] [  2%] Built target sensor_msgs_generate_messages_lisp
[3.210s] [  2%] Built target autoware_msgs_generate_messages_eus
[3.229s] [  2%] Built target autoware_msgs_generate_messages_nodejs
[3.246s] [  2%] Built target visualization_msgs_generate_messages_lisp
[3.264s] [  2%] Built target std_msgs_generate_messages_eus
[3.281s] [  2%] Built target geometry_msgs_generate_messages_eus
[3.303s] [  2%] Built target std_msgs_generate_messages_nodejs
[3.325s] [  2%] Built target sensor_msgs_generate_messages_eus
[3.342s] [  2%] Built target roscpp_generate_messages_nodejs
[3.364s] [  2%] Built target std_msgs_generate_messages_lisp
[3.380s] [  2%] Built target sensor_msgs_generate_messages_cpp
[3.402s] [  2%] Built target actionlib_msgs_generate_messages_lisp
[3.417s] [  2%] Built target actionlib_msgs_generate_messages_nodejs
[3.438s] [  2%] Built target geometry_msgs_generate_messages_nodejs
[3.455s] [  2%] Built target jsk_recognition_msgs_generate_messages_nodejs
[3.472s] [  2%] Built target roscpp_generate_messages_lisp
[3.490s] [  2%] Built target roscpp_generate_messages_py
[3.508s] [  2%] Built target rosgraph_msgs_generate_messages_lisp
[3.525s] [  2%] Built target rosgraph_msgs_generate_messages_nodejs
[3.548s] [  2%] Built target vector_map_server_generate_messages_py
[3.563s] [  2%] Built target actionlib_msgs_generate_messages_eus
[3.580s] [  2%] Built target roscpp_generate_messages_eus
[3.597s] [  2%] Built target rosgraph_msgs_generate_messages_py
[3.613s] [  2%] Built target jsk_footstep_msgs_generate_messages_cpp
[3.637s] [  2%] Built target actionlib_msgs_generate_messages_cpp
[3.661s] [  2%] Built target tf_generate_messages_eus
[3.680s] [  2%] Built target tf_generate_messages_lisp
[3.701s] [  2%] Built target tf_generate_messages_nodejs
[3.721s] [  2%] Built target pcl_msgs_generate_messages_py
[3.746s] [  2%] Built target actionlib_generate_messages_eus
[3.762s] [  2%] Built target geometry_msgs_generate_messages_cpp
[3.780s] [  2%] Built target actionlib_generate_messages_lisp
[3.797s] [  2%] Built target pcl_msgs_generate_messages_lisp
[3.819s] [  2%] Built target tf_generate_messages_cpp
[3.834s] [  2%] Built target actionlib_generate_messages_nodejs
[3.853s] [  2%] Built target tf2_msgs_generate_messages_lisp
[3.870s] [  2%] Built target actionlib_generate_messages_py
[3.887s] [  2%] Built target tf2_msgs_generate_messages_py
[3.903s] [  2%] Built target tf2_msgs_generate_messages_nodejs
[3.919s] [  2%] Built target tf2_msgs_generate_messages_eus
[3.935s] [  2%] Built target visualization_msgs_generate_messages_cpp
[3.952s] [  2%] Built target vector_map_server_generate_messages_cpp
[3.976s] [  2%] Built target visualization_msgs_generate_messages_eus
[3.992s] [  2%] Built target visualization_msgs_generate_messages_py
[4.008s] [  2%] Built target vector_map_msgs_generate_messages_cpp
[4.035s] [ 22%] Built target label_maker
[4.054s] [ 22%] Built target vector_map_msgs_generate_messages_lisp
[4.069s] [ 22%] Built target vector_map_msgs_generate_messages_nodejs
[4.086s] [ 22%] Built target vector_map_msgs_generate_messages_py
[4.109s] [ 22%] Built target vector_map_server_generate_messages_nodejs
[4.127s] [ 22%] Built target vector_map_msgs_generate_messages_eus
[4.150s] [ 25%] [34m[1mAutomatic MOC, UIC and RCC for target tlr_tuner[0m
[4.165s] [ 25%] Built target tlr_tuner_autogen
[4.184s] [ 27%] [34m[1mAutomatic MOC, UIC and RCC for target feat_proj[0m
[4.205s] [ 27%] Built target feat_proj_autogen
[4.235s] [ 44%] Built target tlr_tuner
[4.263s] [ 52%] Built target feat_proj
[4.280s] [ 55%] [34m[1mAutomatic MOC, UIC and RCC for target tl_switch[0m
[4.297s] [ 55%] Built target tl_switch_autogen
[4.315s] [ 58%] [34m[1mAutomatic MOC, UIC and RCC for target libcontext[0m
[4.331s] [ 58%] Built target libcontext_autogen
[4.355s] [ 66%] Built target tl_switch
[4.372s] [ 75%] Built target libcontext
[4.389s] [ 77%] [34m[1mAutomatic MOC, UIC and RCC for target region_tlr[0m
[4.404s] [ 77%] Built target region_tlr_autogen
[4.425s] [ 80%] [34m[1mAutomatic MOC, UIC and RCC for target roi_extractor[0m
[4.442s] [ 80%] Built target roi_extractor_autogen
[4.463s] [ 91%] Built target region_tlr
[4.483s] [100%] Built target roi_extractor
[4.502s] [36mInstall the project...[0m
[4.510s] -- Install configuration: "Release"
[4.510s] -- Up-to-date: /home/agilex/autoware.ai/install/trafficlight_recognizer/lib/pkgconfig/trafficlight_recognizer.pc
[4.510s] -- Up-to-date: /home/agilex/autoware.ai/install/trafficlight_recognizer/share/trafficlight_recognizer/cmake/trafficlight_recognizerConfig.cmake
[4.510s] -- Up-to-date: /home/agilex/autoware.ai/install/trafficlight_recognizer/share/trafficlight_recognizer/cmake/trafficlight_recognizerConfig-version.cmake
[4.510s] -- Up-to-date: /home/agilex/autoware.ai/install/trafficlight_recognizer/share/trafficlight_recognizer/package.xml
[4.511s] -- Up-to-date: /home/agilex/autoware.ai/install/trafficlight_recognizer/lib/trafficlight_recognizer/region_tlr
[4.512s] -- Up-to-date: /home/agilex/autoware.ai/install/trafficlight_recognizer/lib/trafficlight_recognizer/feat_proj
[4.513s] -- Up-to-date: /home/agilex/autoware.ai/install/trafficlight_recognizer/lib/trafficlight_recognizer/tlr_tuner
[4.514s] -- Up-to-date: /home/agilex/autoware.ai/install/trafficlight_recognizer/lib/trafficlight_recognizer/roi_extractor
[4.515s] -- Up-to-date: /home/agilex/autoware.ai/install/trafficlight_recognizer/lib/trafficlight_recognizer/label_maker
[4.516s] -- Up-to-date: /home/agilex/autoware.ai/install/trafficlight_recognizer/lib/liblibcontext.so
[4.517s] -- Up-to-date: /home/agilex/autoware.ai/install/trafficlight_recognizer/lib/trafficlight_recognizer/tl_switch
[4.517s] -- Up-to-date: /home/agilex/autoware.ai/install/trafficlight_recognizer/include/trafficlight_recognizer/include
[4.517s] -- Up-to-date: /home/agilex/autoware.ai/install/trafficlight_recognizer/include/trafficlight_recognizer/include/TrafficLight.h
[4.517s] -- Up-to-date: /home/agilex/autoware.ai/install/trafficlight_recognizer/include/trafficlight_recognizer/include/Context.h
[4.518s] -- Up-to-date: /home/agilex/autoware.ai/install/trafficlight_recognizer/share/trafficlight_recognizer/launch
[4.518s] -- Up-to-date: /home/agilex/autoware.ai/install/trafficlight_recognizer/share/trafficlight_recognizer/launch/traffic_light_recognition_mxnet.launch
[4.518s] -- Up-to-date: /home/agilex/autoware.ai/install/trafficlight_recognizer/share/trafficlight_recognizer/launch/traffic_light_recognition.launch
[4.518s] -- Up-to-date: /home/agilex/autoware.ai/install/trafficlight_recognizer/share/trafficlight_recognizer/launch/traffic_light_recognition_ssd.launch
[4.518s] -- Up-to-date: /home/agilex/autoware.ai/install/trafficlight_recognizer/share/trafficlight_recognizer/launch/roi_extractor.launch
[4.518s] -- Up-to-date: /home/agilex/autoware.ai/install/trafficlight_recognizer/share/trafficlight_recognizer/launch/feat_proj.launch
[4.523s] Invoked command in '/home/agilex/autoware.ai/build/trafficlight_recognizer' returned '0': CMAKE_PREFIX_PATH=/home/agilex/autoware.ai/install/vector_map_server:/home/agilex/autoware.ai/install/libvectormap:/home/agilex/autoware.ai/install/vector_map:/home/agilex/autoware.ai/install/runtime_manager:/home/agilex/autoware.ai/install/vector_map_msgs:/home/agilex/autoware.ai/install/tablet_socket_msgs:/home/agilex/autoware.ai/install/autoware_msgs:/home/agilex/autoware.ai/install/autoware_config_msgs:/home/agilex/autoware.ai/install/autoware_build_flags:${CMAKE_PREFIX_PATH} LD_LIBRARY_PATH=/home/agilex/autoware.ai/install/vector_map/lib:${LD_LIBRARY_PATH} PKG_CONFIG_PATH=/home/agilex/autoware.ai/install/vector_map_server/lib/x86_64-linux-gnu/pkgconfig:/home/agilex/autoware.ai/install/vector_map_server/lib/pkgconfig:/home/agilex/autoware.ai/install/libvectormap/lib/x86_64-linux-gnu/pkgconfig:/home/agilex/autoware.ai/install/libvectormap/lib/pkgconfig:/home/agilex/autoware.ai/install/vector_map/lib/x86_64-linux-gnu/pkgconfig:/home/agilex/autoware.ai/install/vector_map/lib/pkgconfig:/home/agilex/autoware.ai/install/runtime_manager/lib/x86_64-linux-gnu/pkgconfig:/home/agilex/autoware.ai/install/runtime_manager/lib/pkgconfig:/home/agilex/autoware.ai/install/vector_map_msgs/lib/x86_64-linux-gnu/pkgconfig:/home/agilex/autoware.ai/install/vector_map_msgs/lib/pkgconfig:/home/agilex/autoware.ai/install/tablet_socket_msgs/lib/x86_64-linux-gnu/pkgconfig:/home/agilex/autoware.ai/install/tablet_socket_msgs/lib/pkgconfig:/home/agilex/autoware.ai/install/autoware_msgs/lib/x86_64-linux-gnu/pkgconfig:/home/agilex/autoware.ai/install/autoware_msgs/lib/pkgconfig:/home/agilex/autoware.ai/install/autoware_config_msgs/lib/x86_64-linux-gnu/pkgconfig:/home/agilex/autoware.ai/install/autoware_config_msgs/lib/pkgconfig:/home/agilex/autoware.ai/install/autoware_build_flags/lib/x86_64-linux-gnu/pkgconfig:/home/agilex/autoware.ai/install/autoware_build_flags/lib/pkgconfig:${PKG_CONFIG_PATH} PYTHONPATH=/home/agilex/autoware.ai/install/vector_map_server/lib/python2.7/dist-packages:/home/agilex/autoware.ai/install/vector_map_msgs/lib/python2.7/dist-packages:/home/agilex/autoware.ai/install/tablet_socket_msgs/lib/python2.7/dist-packages:/home/agilex/autoware.ai/install/autoware_msgs/lib/python2.7/dist-packages:/home/agilex/autoware.ai/install/autoware_config_msgs/lib/python2.7/dist-packages:${PYTHONPATH} ROS_PACKAGE_PATH=/home/agilex/autoware.ai/install/vector_map_server/share:/home/agilex/autoware.ai/install/libvectormap/share:/home/agilex/autoware.ai/install/vector_map/share:/home/agilex/autoware.ai/install/runtime_manager/share:/home/agilex/autoware.ai/install/vector_map_msgs/share:/home/agilex/autoware.ai/install/tablet_socket_msgs/share:/home/agilex/autoware.ai/install/autoware_msgs/share:/home/agilex/autoware.ai/install/autoware_config_msgs/share:/home/agilex/autoware.ai/install/autoware_build_flags/share:${ROS_PACKAGE_PATH} /usr/bin/cmake --build /home/agilex/autoware.ai/build/trafficlight_recognizer --target install -- -j8 -l8
