[0.016s] Invoking command in '/home/agilex/autoware.ai/build/lidar_apollo_cnn_seg_detect': CMAKE_PREFIX_PATH=/home/agilex/autoware.ai/install/autoware_msgs:/home/agilex/autoware.ai/install/autoware_build_flags:${CMAKE_PREFIX_PATH} PKG_CONFIG_PATH=/home/agilex/autoware.ai/install/autoware_msgs/lib/x86_64-linux-gnu/pkgconfig:/home/agilex/autoware.ai/install/autoware_msgs/lib/pkgconfig:/home/agilex/autoware.ai/install/autoware_build_flags/lib/x86_64-linux-gnu/pkgconfig:/home/agilex/autoware.ai/install/autoware_build_flags/lib/pkgconfig:${PKG_CONFIG_PATH} PYTHONPATH=/home/agilex/autoware.ai/install/autoware_msgs/lib/python2.7/dist-packages:${PYTHONPATH} ROS_PACKAGE_PATH=/home/agilex/autoware.ai/install/autoware_msgs/share:/home/agilex/autoware.ai/install/autoware_build_flags/share:${ROS_PACKAGE_PATH} /usr/bin/cmake /home/agilex/autoware.ai/src/autoware/core_perception/lidar_apollo_cnn_seg_detect -DCMAKE_BUILD_TYPE=Release -DCATKIN_INSTALL_INTO_PREFIX_ROOT=0 -DCMAKE_INSTALL_PREFIX=/home/agilex/autoware.ai/install/lidar_apollo_cnn_seg_detect
[0.073s] -- The C compiler identification is GNU 7.5.0
[0.128s] -- The CXX compiler identification is GNU 7.5.0
[0.133s] -- Check for working C compiler: /usr/bin/cc
[0.190s] -- Check for working C compiler: /usr/bin/cc -- works
[0.191s] -- Detecting C compiler ABI info
[0.249s] -- Detecting C compiler ABI info - done
[0.258s] -- Detecting C compile features
[0.442s] -- Detecting C compile features - done
[0.444s] -- Check for working CXX compiler: /usr/bin/c++
[0.511s] -- Check for working CXX compiler: /usr/bin/c++ -- works
[0.512s] -- Detecting CXX compiler ABI info
[0.583s] -- Detecting CXX compiler ABI info - done
[0.591s] -- Detecting CXX compile features
[0.910s] -- Detecting CXX compile features - done
[0.912s] -- Using CATKIN_DEVEL_PREFIX: /home/agilex/autoware.ai/build/lidar_apollo_cnn_seg_detect/devel
[0.913s] -- Using CMAKE_PREFIX_PATH: /home/agilex/autoware.ai/install/autoware_msgs;/home/agilex/autoware.ai/install/autoware_build_flags;/opt/ros/melodic
[0.913s] -- This workspace overlays: /home/agilex/autoware.ai/install/autoware_msgs;/home/agilex/autoware.ai/install/autoware_build_flags;/opt/ros/melodic
[0.926s] -- Found PythonInterp: /usr/bin/python2 (found suitable version "2.7.17", minimum required is "2") 
[0.927s] -- Using PYTHON_EXECUTABLE: /usr/bin/python2
[0.927s] -- Using Debian Python package layout
[0.927s] -- Using empy: /usr/bin/empy
[1.083s] -- Using CATKIN_ENABLE_TESTING: ON
[1.083s] -- Call enable_testing()
[1.085s] -- Using CATKIN_TEST_RESULTS_DIR: /home/agilex/autoware.ai/build/lidar_apollo_cnn_seg_detect/test_results
[1.106s] -- Found gtest sources under '/usr/src/googletest': gtests will be built
[1.106s] -- Found gmock sources under '/usr/src/googletest': gmock will be built
[1.119s] -- Found PythonInterp: /usr/bin/python2 (found version "2.7.17") 
[1.120s] -- Looking for pthread.h
[1.180s] -- Looking for pthread.h - found
[1.181s] -- Looking for pthread_create
[1.244s] -- Looking for pthread_create - not found
[1.244s] -- Looking for pthread_create in pthreads
[1.292s] -- Looking for pthread_create in pthreads - not found
[1.292s] -- Looking for pthread_create in pthread
[1.356s] -- Looking for pthread_create in pthread - found
[1.357s] -- Found Threads: TRUE  
[1.362s] -- Using Python nosetests: /usr/bin/nosetests-2.7
[1.407s] -- catkin 0.7.29
[1.408s] -- BUILD_SHARED_LIBS is on
[1.501s] -- CUDA compilation status: .
[1.594s] -- Using these message generators: gencpp;geneus;genlisp;gennodejs;genpy
[2.387s] CUDA_TOOLKIT_ROOT_DIR not found or specified
[2.393s] -- Could NOT find CUDA (missing: CUDA_TOOLKIT_ROOT_DIR CUDA_NVCC_EXECUTABLE CUDA_INCLUDE_DIRS CUDA_CUDART_LIBRARY) 
[2.408s] -- Found OpenCV: /usr (found version "3.2.0") 
[2.531s] CMake Warning at /home/agilex/autoware.ai/install/autoware_build_flags/share/autoware_build_flags/cmake/autoware_build_flags-extras.cmake:36 (message):
[2.531s]   CUDA support is disabled.  Set the AUTOWARE_COMPILE_WITH_CUDA environment
[2.532s]   variable and recompile to enable it
[2.532s] Call Stack (most recent call first):
[2.532s]   CMakeLists.txt:34 (AW_CHECK_CUDA)
[2.532s] 
[2.532s] 
[2.532s] 'Caffe' is not installed. 'lidar_apollo_cnn_seg_detect' will not be built.
[2.534s] -- Configuring done
[2.565s] -- Generating done
[2.575s] -- Build files have been written to: /home/agilex/autoware.ai/build/lidar_apollo_cnn_seg_detect
[2.580s] Invoked command in '/home/agilex/autoware.ai/build/lidar_apollo_cnn_seg_detect' returned '0': CMAKE_PREFIX_PATH=/home/agilex/autoware.ai/install/autoware_msgs:/home/agilex/autoware.ai/install/autoware_build_flags:${CMAKE_PREFIX_PATH} PKG_CONFIG_PATH=/home/agilex/autoware.ai/install/autoware_msgs/lib/x86_64-linux-gnu/pkgconfig:/home/agilex/autoware.ai/install/autoware_msgs/lib/pkgconfig:/home/agilex/autoware.ai/install/autoware_build_flags/lib/x86_64-linux-gnu/pkgconfig:/home/agilex/autoware.ai/install/autoware_build_flags/lib/pkgconfig:${PKG_CONFIG_PATH} PYTHONPATH=/home/agilex/autoware.ai/install/autoware_msgs/lib/python2.7/dist-packages:${PYTHONPATH} ROS_PACKAGE_PATH=/home/agilex/autoware.ai/install/autoware_msgs/share:/home/agilex/autoware.ai/install/autoware_build_flags/share:${ROS_PACKAGE_PATH} /usr/bin/cmake /home/agilex/autoware.ai/src/autoware/core_perception/lidar_apollo_cnn_seg_detect -DCMAKE_BUILD_TYPE=Release -DCATKIN_INSTALL_INTO_PREFIX_ROOT=0 -DCMAKE_INSTALL_PREFIX=/home/agilex/autoware.ai/install/lidar_apollo_cnn_seg_detect
[2.583s] Invoking command in '/home/agilex/autoware.ai/build/lidar_apollo_cnn_seg_detect': CMAKE_PREFIX_PATH=/home/agilex/autoware.ai/install/autoware_msgs:/home/agilex/autoware.ai/install/autoware_build_flags:${CMAKE_PREFIX_PATH} PKG_CONFIG_PATH=/home/agilex/autoware.ai/install/autoware_msgs/lib/x86_64-linux-gnu/pkgconfig:/home/agilex/autoware.ai/install/autoware_msgs/lib/pkgconfig:/home/agilex/autoware.ai/install/autoware_build_flags/lib/x86_64-linux-gnu/pkgconfig:/home/agilex/autoware.ai/install/autoware_build_flags/lib/pkgconfig:${PKG_CONFIG_PATH} PYTHONPATH=/home/agilex/autoware.ai/install/autoware_msgs/lib/python2.7/dist-packages:${PYTHONPATH} ROS_PACKAGE_PATH=/home/agilex/autoware.ai/install/autoware_msgs/share:/home/agilex/autoware.ai/install/autoware_build_flags/share:${ROS_PACKAGE_PATH} /usr/bin/cmake --build /home/agilex/autoware.ai/build/lidar_apollo_cnn_seg_detect -- -j8 -l8
[2.627s] Invoked command in '/home/agilex/autoware.ai/build/lidar_apollo_cnn_seg_detect' returned '0': CMAKE_PREFIX_PATH=/home/agilex/autoware.ai/install/autoware_msgs:/home/agilex/autoware.ai/install/autoware_build_flags:${CMAKE_PREFIX_PATH} PKG_CONFIG_PATH=/home/agilex/autoware.ai/install/autoware_msgs/lib/x86_64-linux-gnu/pkgconfig:/home/agilex/autoware.ai/install/autoware_msgs/lib/pkgconfig:/home/agilex/autoware.ai/install/autoware_build_flags/lib/x86_64-linux-gnu/pkgconfig:/home/agilex/autoware.ai/install/autoware_build_flags/lib/pkgconfig:${PKG_CONFIG_PATH} PYTHONPATH=/home/agilex/autoware.ai/install/autoware_msgs/lib/python2.7/dist-packages:${PYTHONPATH} ROS_PACKAGE_PATH=/home/agilex/autoware.ai/install/autoware_msgs/share:/home/agilex/autoware.ai/install/autoware_build_flags/share:${ROS_PACKAGE_PATH} /usr/bin/cmake --build /home/agilex/autoware.ai/build/lidar_apollo_cnn_seg_detect -- -j8 -l8
[2.752s] Invoking command in '/home/agilex/autoware.ai/build/lidar_apollo_cnn_seg_detect': CMAKE_PREFIX_PATH=/home/agilex/autoware.ai/install/autoware_msgs:/home/agilex/autoware.ai/install/autoware_build_flags:${CMAKE_PREFIX_PATH} PKG_CONFIG_PATH=/home/agilex/autoware.ai/install/autoware_msgs/lib/x86_64-linux-gnu/pkgconfig:/home/agilex/autoware.ai/install/autoware_msgs/lib/pkgconfig:/home/agilex/autoware.ai/install/autoware_build_flags/lib/x86_64-linux-gnu/pkgconfig:/home/agilex/autoware.ai/install/autoware_build_flags/lib/pkgconfig:${PKG_CONFIG_PATH} PYTHONPATH=/home/agilex/autoware.ai/install/autoware_msgs/lib/python2.7/dist-packages:${PYTHONPATH} ROS_PACKAGE_PATH=/home/agilex/autoware.ai/install/autoware_msgs/share:/home/agilex/autoware.ai/install/autoware_build_flags/share:${ROS_PACKAGE_PATH} /usr/bin/cmake --build /home/agilex/autoware.ai/build/lidar_apollo_cnn_seg_detect --target tests -- -j8 -l8
[2.810s] [35m[1mScanning dependencies of target tests[0m
[2.820s] Built target tests
[2.834s] Invoked command in '/home/agilex/autoware.ai/build/lidar_apollo_cnn_seg_detect' returned '0': CMAKE_PREFIX_PATH=/home/agilex/autoware.ai/install/autoware_msgs:/home/agilex/autoware.ai/install/autoware_build_flags:${CMAKE_PREFIX_PATH} PKG_CONFIG_PATH=/home/agilex/autoware.ai/install/autoware_msgs/lib/x86_64-linux-gnu/pkgconfig:/home/agilex/autoware.ai/install/autoware_msgs/lib/pkgconfig:/home/agilex/autoware.ai/install/autoware_build_flags/lib/x86_64-linux-gnu/pkgconfig:/home/agilex/autoware.ai/install/autoware_build_flags/lib/pkgconfig:${PKG_CONFIG_PATH} PYTHONPATH=/home/agilex/autoware.ai/install/autoware_msgs/lib/python2.7/dist-packages:${PYTHONPATH} ROS_PACKAGE_PATH=/home/agilex/autoware.ai/install/autoware_msgs/share:/home/agilex/autoware.ai/install/autoware_build_flags/share:${ROS_PACKAGE_PATH} /usr/bin/cmake --build /home/agilex/autoware.ai/build/lidar_apollo_cnn_seg_detect --target tests -- -j8 -l8
[2.981s] Invoking command in '/home/agilex/autoware.ai/build/lidar_apollo_cnn_seg_detect': CMAKE_PREFIX_PATH=/home/agilex/autoware.ai/install/autoware_msgs:/home/agilex/autoware.ai/install/autoware_build_flags:${CMAKE_PREFIX_PATH} PKG_CONFIG_PATH=/home/agilex/autoware.ai/install/autoware_msgs/lib/x86_64-linux-gnu/pkgconfig:/home/agilex/autoware.ai/install/autoware_msgs/lib/pkgconfig:/home/agilex/autoware.ai/install/autoware_build_flags/lib/x86_64-linux-gnu/pkgconfig:/home/agilex/autoware.ai/install/autoware_build_flags/lib/pkgconfig:${PKG_CONFIG_PATH} PYTHONPATH=/home/agilex/autoware.ai/install/autoware_msgs/lib/python2.7/dist-packages:${PYTHONPATH} ROS_PACKAGE_PATH=/home/agilex/autoware.ai/install/autoware_msgs/share:/home/agilex/autoware.ai/install/autoware_build_flags/share:${ROS_PACKAGE_PATH} /usr/bin/cmake --build /home/agilex/autoware.ai/build/lidar_apollo_cnn_seg_detect --target install -- -j8 -l8
[3.040s] [36mInstall the project...[0m
[3.047s] -- Install configuration: "Release"
[3.047s] -- Installing: /home/agilex/autoware.ai/install/lidar_apollo_cnn_seg_detect/lib/pkgconfig/lidar_apollo_cnn_seg_detect.pc
[3.047s] -- Installing: /home/agilex/autoware.ai/install/lidar_apollo_cnn_seg_detect/share/lidar_apollo_cnn_seg_detect/cmake/lidar_apollo_cnn_seg_detectConfig.cmake
[3.048s] -- Installing: /home/agilex/autoware.ai/install/lidar_apollo_cnn_seg_detect/share/lidar_apollo_cnn_seg_detect/cmake/lidar_apollo_cnn_seg_detectConfig-version.cmake
[3.048s] -- Installing: /home/agilex/autoware.ai/install/lidar_apollo_cnn_seg_detect/share/lidar_apollo_cnn_seg_detect/package.xml
[3.052s] Invoked command in '/home/agilex/autoware.ai/build/lidar_apollo_cnn_seg_detect' returned '0': CMAKE_PREFIX_PATH=/home/agilex/autoware.ai/install/autoware_msgs:/home/agilex/autoware.ai/install/autoware_build_flags:${CMAKE_PREFIX_PATH} PKG_CONFIG_PATH=/home/agilex/autoware.ai/install/autoware_msgs/lib/x86_64-linux-gnu/pkgconfig:/home/agilex/autoware.ai/install/autoware_msgs/lib/pkgconfig:/home/agilex/autoware.ai/install/autoware_build_flags/lib/x86_64-linux-gnu/pkgconfig:/home/agilex/autoware.ai/install/autoware_build_flags/lib/pkgconfig:${PKG_CONFIG_PATH} PYTHONPATH=/home/agilex/autoware.ai/install/autoware_msgs/lib/python2.7/dist-packages:${PYTHONPATH} ROS_PACKAGE_PATH=/home/agilex/autoware.ai/install/autoware_msgs/share:/home/agilex/autoware.ai/install/autoware_build_flags/share:${ROS_PACKAGE_PATH} /usr/bin/cmake --build /home/agilex/autoware.ai/build/lidar_apollo_cnn_seg_detect --target install -- -j8 -l8
