[0.014s] Invoking command in '/home/agilex/autoware.ai/build/sick_ldmrs_msgs': /usr/bin/cmake --build /home/agilex/autoware.ai/build/sick_ldmrs_msgs -- -j8 -l8
[0.080s] [  0%] Built target std_msgs_generate_messages_eus
[0.082s] [  0%] Built target geometry_msgs_generate_messages_eus
[0.089s] [  0%] Built target geometry_msgs_generate_messages_py
[0.094s] [  0%] Built target std_msgs_generate_messages_py
[0.114s] [  0%] Built target std_msgs_generate_messages_lisp
[0.135s] [  0%] Built target _sick_ldmrs_msgs_generate_messages_check_deps_ObjectArray
[0.139s] [  0%] Built target std_msgs_generate_messages_cpp
[0.140s] [  0%] Built target geometry_msgs_generate_messages_lisp
[0.141s] [  0%] Built target geometry_msgs_generate_messages_nodejs
[0.148s] [  0%] Built target _sick_ldmrs_msgs_generate_messages_check_deps_Object
[0.149s] [  0%] Built target geometry_msgs_generate_messages_cpp
[0.183s] [  0%] Built target std_msgs_generate_messages_nodejs
[0.184s] [ 16%] Built target sick_ldmrs_msgs_generate_messages_cpp
[0.198s] [ 41%] Built target sick_ldmrs_msgs_generate_messages_eus
[0.201s] [ 58%] Built target sick_ldmrs_msgs_generate_messages_lisp
[0.202s] [ 83%] Built target sick_ldmrs_msgs_generate_messages_py
[0.226s] [100%] Built target sick_ldmrs_msgs_generate_messages_nodejs
[0.292s] [100%] Built target sick_ldmrs_msgs_generate_messages
[0.332s] Invoked command in '/home/agilex/autoware.ai/build/sick_ldmrs_msgs' returned '0': /usr/bin/cmake --build /home/agilex/autoware.ai/build/sick_ldmrs_msgs -- -j8 -l8
[0.450s] Invoking command in '/home/agilex/autoware.ai/build/sick_ldmrs_msgs': /usr/bin/cmake --build /home/agilex/autoware.ai/build/sick_ldmrs_msgs --target tests -- -j8 -l8
[0.562s] Built target tests
[0.579s] Invoked command in '/home/agilex/autoware.ai/build/sick_ldmrs_msgs' returned '0': /usr/bin/cmake --build /home/agilex/autoware.ai/build/sick_ldmrs_msgs --target tests -- -j8 -l8
[0.777s] Invoking command in '/home/agilex/autoware.ai/build/sick_ldmrs_msgs': /usr/bin/cmake --build /home/agilex/autoware.ai/build/sick_ldmrs_msgs --target install -- -j8 -l8
[0.889s] [  0%] Built target std_msgs_generate_messages_py
[0.909s] [  0%] Built target std_msgs_generate_messages_lisp
[0.910s] [  0%] Built target geometry_msgs_generate_messages_eus
[0.933s] [  0%] Built target geometry_msgs_generate_messages_py
[0.938s] [  0%] Built target geometry_msgs_generate_messages_lisp
[0.953s] [  0%] Built target std_msgs_generate_messages_eus
[0.963s] [  0%] Built target geometry_msgs_generate_messages_cpp
[0.977s] [  0%] Built target std_msgs_generate_messages_cpp
[0.985s] [  0%] Built target _sick_ldmrs_msgs_generate_messages_check_deps_Object
[0.986s] [  0%] Built target geometry_msgs_generate_messages_nodejs
[1.010s] [  0%] Built target _sick_ldmrs_msgs_generate_messages_check_deps_ObjectArray
[1.048s] [  0%] Built target std_msgs_generate_messages_nodejs
[1.068s] [ 25%] Built target sick_ldmrs_msgs_generate_messages_py
[1.070s] [ 41%] Built target sick_ldmrs_msgs_generate_messages_lisp
[1.088s] [ 58%] Built target sick_ldmrs_msgs_generate_messages_cpp
[1.091s] [ 83%] Built target sick_ldmrs_msgs_generate_messages_eus
[1.133s] [100%] Built target sick_ldmrs_msgs_generate_messages_nodejs
[1.238s] [100%] Built target sick_ldmrs_msgs_generate_messages
[1.295s] [36mInstall the project...[0m
[1.305s] -- Install configuration: "Release"
[1.305s] -- Up-to-date: /home/agilex/autoware.ai/install/sick_ldmrs_msgs/share/sick_ldmrs_msgs/msg/Object.msg
[1.305s] -- Up-to-date: /home/agilex/autoware.ai/install/sick_ldmrs_msgs/share/sick_ldmrs_msgs/msg/ObjectArray.msg
[1.305s] -- Up-to-date: /home/agilex/autoware.ai/install/sick_ldmrs_msgs/share/sick_ldmrs_msgs/cmake/sick_ldmrs_msgs-msg-paths.cmake
[1.305s] -- Up-to-date: /home/agilex/autoware.ai/install/sick_ldmrs_msgs/include/sick_ldmrs_msgs
[1.305s] -- Up-to-date: /home/agilex/autoware.ai/install/sick_ldmrs_msgs/include/sick_ldmrs_msgs/ObjectArray.h
[1.305s] -- Up-to-date: /home/agilex/autoware.ai/install/sick_ldmrs_msgs/include/sick_ldmrs_msgs/Object.h
[1.305s] -- Up-to-date: /home/agilex/autoware.ai/install/sick_ldmrs_msgs/share/roseus/ros/sick_ldmrs_msgs
[1.306s] -- Up-to-date: /home/agilex/autoware.ai/install/sick_ldmrs_msgs/share/roseus/ros/sick_ldmrs_msgs/manifest.l
[1.306s] -- Up-to-date: /home/agilex/autoware.ai/install/sick_ldmrs_msgs/share/roseus/ros/sick_ldmrs_msgs/msg
[1.306s] -- Up-to-date: /home/agilex/autoware.ai/install/sick_ldmrs_msgs/share/roseus/ros/sick_ldmrs_msgs/msg/Object.l
[1.306s] -- Up-to-date: /home/agilex/autoware.ai/install/sick_ldmrs_msgs/share/roseus/ros/sick_ldmrs_msgs/msg/ObjectArray.l
[1.306s] -- Up-to-date: /home/agilex/autoware.ai/install/sick_ldmrs_msgs/share/common-lisp/ros/sick_ldmrs_msgs
[1.306s] -- Up-to-date: /home/agilex/autoware.ai/install/sick_ldmrs_msgs/share/common-lisp/ros/sick_ldmrs_msgs/msg
[1.306s] -- Up-to-date: /home/agilex/autoware.ai/install/sick_ldmrs_msgs/share/common-lisp/ros/sick_ldmrs_msgs/msg/sick_ldmrs_msgs-msg.asd
[1.306s] -- Up-to-date: /home/agilex/autoware.ai/install/sick_ldmrs_msgs/share/common-lisp/ros/sick_ldmrs_msgs/msg/_package.lisp
[1.306s] -- Up-to-date: /home/agilex/autoware.ai/install/sick_ldmrs_msgs/share/common-lisp/ros/sick_ldmrs_msgs/msg/ObjectArray.lisp
[1.307s] -- Up-to-date: /home/agilex/autoware.ai/install/sick_ldmrs_msgs/share/common-lisp/ros/sick_ldmrs_msgs/msg/_package_ObjectArray.lisp
[1.307s] -- Up-to-date: /home/agilex/autoware.ai/install/sick_ldmrs_msgs/share/common-lisp/ros/sick_ldmrs_msgs/msg/Object.lisp
[1.307s] -- Up-to-date: /home/agilex/autoware.ai/install/sick_ldmrs_msgs/share/common-lisp/ros/sick_ldmrs_msgs/msg/_package_Object.lisp
[1.307s] -- Up-to-date: /home/agilex/autoware.ai/install/sick_ldmrs_msgs/share/gennodejs/ros/sick_ldmrs_msgs
[1.307s] -- Up-to-date: /home/agilex/autoware.ai/install/sick_ldmrs_msgs/share/gennodejs/ros/sick_ldmrs_msgs/msg
[1.307s] -- Up-to-date: /home/agilex/autoware.ai/install/sick_ldmrs_msgs/share/gennodejs/ros/sick_ldmrs_msgs/msg/Object.js
[1.307s] -- Up-to-date: /home/agilex/autoware.ai/install/sick_ldmrs_msgs/share/gennodejs/ros/sick_ldmrs_msgs/msg/ObjectArray.js
[1.307s] -- Up-to-date: /home/agilex/autoware.ai/install/sick_ldmrs_msgs/share/gennodejs/ros/sick_ldmrs_msgs/msg/_index.js
[1.307s] -- Up-to-date: /home/agilex/autoware.ai/install/sick_ldmrs_msgs/share/gennodejs/ros/sick_ldmrs_msgs/_index.js
[1.326s] Listing /home/agilex/autoware.ai/build/sick_ldmrs_msgs/devel/lib/python2.7/dist-packages/sick_ldmrs_msgs ...
[1.326s] Listing /home/agilex/autoware.ai/build/sick_ldmrs_msgs/devel/lib/python2.7/dist-packages/sick_ldmrs_msgs/msg ...
[1.326s] -- Up-to-date: /home/agilex/autoware.ai/install/sick_ldmrs_msgs/lib/python2.7/dist-packages/sick_ldmrs_msgs
[1.326s] -- Up-to-date: /home/agilex/autoware.ai/install/sick_ldmrs_msgs/lib/python2.7/dist-packages/sick_ldmrs_msgs/__init__.pyc
[1.327s] -- Up-to-date: /home/agilex/autoware.ai/install/sick_ldmrs_msgs/lib/python2.7/dist-packages/sick_ldmrs_msgs/msg
[1.327s] -- Up-to-date: /home/agilex/autoware.ai/install/sick_ldmrs_msgs/lib/python2.7/dist-packages/sick_ldmrs_msgs/msg/_Object.pyc
[1.327s] -- Up-to-date: /home/agilex/autoware.ai/install/sick_ldmrs_msgs/lib/python2.7/dist-packages/sick_ldmrs_msgs/msg/_ObjectArray.pyc
[1.327s] -- Up-to-date: /home/agilex/autoware.ai/install/sick_ldmrs_msgs/lib/python2.7/dist-packages/sick_ldmrs_msgs/msg/__init__.pyc
[1.327s] -- Up-to-date: /home/agilex/autoware.ai/install/sick_ldmrs_msgs/lib/python2.7/dist-packages/sick_ldmrs_msgs/msg/__init__.py
[1.327s] -- Up-to-date: /home/agilex/autoware.ai/install/sick_ldmrs_msgs/lib/python2.7/dist-packages/sick_ldmrs_msgs/msg/_Object.py
[1.327s] -- Up-to-date: /home/agilex/autoware.ai/install/sick_ldmrs_msgs/lib/python2.7/dist-packages/sick_ldmrs_msgs/msg/_ObjectArray.py
[1.327s] -- Up-to-date: /home/agilex/autoware.ai/install/sick_ldmrs_msgs/lib/python2.7/dist-packages/sick_ldmrs_msgs/__init__.py
[1.327s] -- Up-to-date: /home/agilex/autoware.ai/install/sick_ldmrs_msgs/lib/pkgconfig/sick_ldmrs_msgs.pc
[1.327s] -- Up-to-date: /home/agilex/autoware.ai/install/sick_ldmrs_msgs/share/sick_ldmrs_msgs/cmake/sick_ldmrs_msgs-msg-extras.cmake
[1.327s] -- Up-to-date: /home/agilex/autoware.ai/install/sick_ldmrs_msgs/share/sick_ldmrs_msgs/cmake/sick_ldmrs_msgsConfig.cmake
[1.327s] -- Up-to-date: /home/agilex/autoware.ai/install/sick_ldmrs_msgs/share/sick_ldmrs_msgs/cmake/sick_ldmrs_msgsConfig-version.cmake
[1.328s] -- Up-to-date: /home/agilex/autoware.ai/install/sick_ldmrs_msgs/share/sick_ldmrs_msgs/package.xml
[1.328s] -- Up-to-date: /home/agilex/autoware.ai/install/sick_ldmrs_msgs/include/sick_ldmrs_msgs
[1.328s] -- Up-to-date: /home/agilex/autoware.ai/install/sick_ldmrs_msgs/include/sick_ldmrs_msgs/sick_ldmrs_point_type.h
[1.332s] Invoked command in '/home/agilex/autoware.ai/build/sick_ldmrs_msgs' returned '0': /usr/bin/cmake --build /home/agilex/autoware.ai/build/sick_ldmrs_msgs --target install -- -j8 -l8
