[0.013s] Invoking command in '/home/agilex/autoware.ai/build/autoware_quickstart_examples': /usr/bin/cmake /home/agilex/autoware.ai/src/autoware/documentation/autoware_quickstart_examples -DCMAKE_BUILD_TYPE=Release -DCATKIN_INSTALL_INTO_PREFIX_ROOT=0 -DCMAKE_INSTALL_PREFIX=/home/agilex/autoware.ai/install/autoware_quickstart_examples
[0.067s] -- The C compiler identification is GNU 7.5.0
[0.118s] -- The CXX compiler identification is GNU 7.5.0
[0.122s] -- Check for working C compiler: /usr/bin/cc
[0.179s] -- Check for working C compiler: /usr/bin/cc -- works
[0.180s] -- Detecting C compiler ABI info
[0.242s] -- Detecting C compiler ABI info - done
[0.248s] -- Detecting C compile features
[0.443s] -- Detecting C compile features - done
[0.449s] -- Check for working CXX compiler: /usr/bin/c++
[0.515s] -- Check for working CXX compiler: /usr/bin/c++ -- works
[0.516s] -- Detecting CXX compiler ABI info
[0.585s] -- Detecting CXX compiler ABI info - done
[0.594s] -- Detecting CXX compile features
[0.897s] -- Detecting CXX compile features - done
[0.899s] -- Using CATKIN_DEVEL_PREFIX: /home/agilex/autoware.ai/build/autoware_quickstart_examples/devel
[0.899s] -- Using CMAKE_PREFIX_PATH: /opt/ros/melodic
[0.899s] -- This workspace overlays: /opt/ros/melodic
[0.911s] -- Found PythonInterp: /usr/bin/python2 (found suitable version "2.7.17", minimum required is "2") 
[0.911s] -- Using PYTHON_EXECUTABLE: /usr/bin/python2
[0.911s] -- Using Debian Python package layout
[0.911s] -- Using empy: /usr/bin/empy
[1.072s] -- Using CATKIN_ENABLE_TESTING: ON
[1.072s] -- Call enable_testing()
[1.074s] -- Using CATKIN_TEST_RESULTS_DIR: /home/agilex/autoware.ai/build/autoware_quickstart_examples/test_results
[1.091s] -- Found gtest sources under '/usr/src/googletest': gtests will be built
[1.092s] -- Found gmock sources under '/usr/src/googletest': gmock will be built
[1.108s] -- Found PythonInterp: /usr/bin/python2 (found version "2.7.17") 
[1.108s] -- Looking for pthread.h
[1.165s] -- Looking for pthread.h - found
[1.166s] -- Looking for pthread_create
[1.228s] -- Looking for pthread_create - not found
[1.228s] -- Looking for pthread_create in pthreads
[1.283s] -- Looking for pthread_create in pthreads - not found
[1.284s] -- Looking for pthread_create in pthread
[1.344s] -- Looking for pthread_create in pthread - found
[1.345s] -- Found Threads: TRUE  
[1.350s] -- Using Python nosetests: /usr/bin/nosetests-2.7
[1.393s] -- catkin 0.7.29
[1.393s] -- BUILD_SHARED_LIBS is on
[1.612s] -- Configuring done
[1.619s] -- Generating done
[1.622s] -- Build files have been written to: /home/agilex/autoware.ai/build/autoware_quickstart_examples
[1.630s] Invoked command in '/home/agilex/autoware.ai/build/autoware_quickstart_examples' returned '0': /usr/bin/cmake /home/agilex/autoware.ai/src/autoware/documentation/autoware_quickstart_examples -DCMAKE_BUILD_TYPE=Release -DCATKIN_INSTALL_INTO_PREFIX_ROOT=0 -DCMAKE_INSTALL_PREFIX=/home/agilex/autoware.ai/install/autoware_quickstart_examples
[1.631s] Invoking command in '/home/agilex/autoware.ai/build/autoware_quickstart_examples': /usr/bin/cmake --build /home/agilex/autoware.ai/build/autoware_quickstart_examples -- -j8 -l8
[1.670s] Invoked command in '/home/agilex/autoware.ai/build/autoware_quickstart_examples' returned '0': /usr/bin/cmake --build /home/agilex/autoware.ai/build/autoware_quickstart_examples -- -j8 -l8
[1.703s] Invoking command in '/home/agilex/autoware.ai/build/autoware_quickstart_examples': /usr/bin/cmake --build /home/agilex/autoware.ai/build/autoware_quickstart_examples --target tests -- -j8 -l8
[1.752s] [35m[1mScanning dependencies of target tests[0m
[1.768s] Built target tests
[1.782s] Invoked command in '/home/agilex/autoware.ai/build/autoware_quickstart_examples' returned '0': /usr/bin/cmake --build /home/agilex/autoware.ai/build/autoware_quickstart_examples --target tests -- -j8 -l8
[1.823s] Invoking command in '/home/agilex/autoware.ai/build/autoware_quickstart_examples': /usr/bin/cmake --build /home/agilex/autoware.ai/build/autoware_quickstart_examples --target install -- -j8 -l8
[1.870s] [36mInstall the project...[0m
[1.879s] -- Install configuration: "Release"
[1.879s] -- Installing: /home/agilex/autoware.ai/install/autoware_quickstart_examples/lib/pkgconfig/autoware_quickstart_examples.pc
[1.879s] -- Installing: /home/agilex/autoware.ai/install/autoware_quickstart_examples/share/autoware_quickstart_examples/cmake/autoware_quickstart_examplesConfig.cmake
[1.880s] -- Installing: /home/agilex/autoware.ai/install/autoware_quickstart_examples/share/autoware_quickstart_examples/cmake/autoware_quickstart_examplesConfig-version.cmake
[1.880s] -- Installing: /home/agilex/autoware.ai/install/autoware_quickstart_examples/share/autoware_quickstart_examples/package.xml
[1.880s] -- Installing: /home/agilex/autoware.ai/install/autoware_quickstart_examples/share/autoware_quickstart_examples/launch
[1.880s] -- Installing: /home/agilex/autoware.ai/install/autoware_quickstart_examples/share/autoware_quickstart_examples/launch/tf_local.launch
[1.880s] -- Installing: /home/agilex/autoware.ai/install/autoware_quickstart_examples/share/autoware_quickstart_examples/launch/rosbag_demo
[1.880s] -- Installing: /home/agilex/autoware.ai/install/autoware_quickstart_examples/share/autoware_quickstart_examples/launch/rosbag_demo/README.md
[1.880s] -- Installing: /home/agilex/autoware.ai/install/autoware_quickstart_examples/share/autoware_quickstart_examples/launch/rosbag_demo/my_detection.launch
[1.880s] -- Installing: /home/agilex/autoware.ai/install/autoware_quickstart_examples/share/autoware_quickstart_examples/launch/rosbag_demo/my_localization.launch
[1.880s] -- Installing: /home/agilex/autoware.ai/install/autoware_quickstart_examples/share/autoware_quickstart_examples/launch/rosbag_demo/my_mission_planning.launch
[1.886s] Invoked command in '/home/agilex/autoware.ai/build/autoware_quickstart_examples' returned '0': /usr/bin/cmake --build /home/agilex/autoware.ai/build/autoware_quickstart_examples --target install -- -j8 -l8
