Determining if the pthread_create exist failed with the following output:
Change Dir: /home/agilex/autoware.ai/build/lidar_apollo_cnn_seg_detect/CMakeFiles/CMakeTmp

Run Build Command:"/usr/bin/make" "cmTC_ae05c/fast"
/usr/bin/make -f CMakeFiles/cmTC_ae05c.dir/build.make CMakeFiles/cmTC_ae05c.dir/build
make[1]: Entering directory '/home/agilex/autoware.ai/build/lidar_apollo_cnn_seg_detect/CMakeFiles/CMakeTmp'
Building C object CMakeFiles/cmTC_ae05c.dir/CheckSymbolExists.c.o
/usr/bin/cc    -o CMakeFiles/cmTC_ae05c.dir/CheckSymbolExists.c.o   -c /home/agilex/autoware.ai/build/lidar_apollo_cnn_seg_detect/CMakeFiles/CMakeTmp/CheckSymbolExists.c
Linking C executable cmTC_ae05c
/usr/bin/cmake -E cmake_link_script CMakeFiles/cmTC_ae05c.dir/link.txt --verbose=1
/usr/bin/cc      -rdynamic CMakeFiles/cmTC_ae05c.dir/CheckSymbolExists.c.o  -o cmTC_ae05c 
CMakeFiles/cmTC_ae05c.dir/CheckSymbolExists.c.o: In function `main':
CheckSymbolExists.c:(.text+0x1b): undefined reference to `pthread_create'
collect2: error: ld returned 1 exit status
CMakeFiles/cmTC_ae05c.dir/build.make:97: recipe for target 'cmTC_ae05c' failed
make[1]: *** [cmTC_ae05c] Error 1
make[1]: Leaving directory '/home/agilex/autoware.ai/build/lidar_apollo_cnn_seg_detect/CMakeFiles/CMakeTmp'
Makefile:126: recipe for target 'cmTC_ae05c/fast' failed
make: *** [cmTC_ae05c/fast] Error 2

File /home/agilex/autoware.ai/build/lidar_apollo_cnn_seg_detect/CMakeFiles/CMakeTmp/CheckSymbolExists.c:
/* */
#include <pthread.h>

int main(int argc, char** argv)
{
  (void)argv;
#ifndef pthread_create
  return ((int*)(&pthread_create))[argc];
#else
  (void)argc;
  return 0;
#endif
}

Determining if the function pthread_create exists in the pthreads failed with the following output:
Change Dir: /home/agilex/autoware.ai/build/lidar_apollo_cnn_seg_detect/CMakeFiles/CMakeTmp

Run Build Command:"/usr/bin/make" "cmTC_907d8/fast"
/usr/bin/make -f CMakeFiles/cmTC_907d8.dir/build.make CMakeFiles/cmTC_907d8.dir/build
make[1]: Entering directory '/home/agilex/autoware.ai/build/lidar_apollo_cnn_seg_detect/CMakeFiles/CMakeTmp'
Building C object CMakeFiles/cmTC_907d8.dir/CheckFunctionExists.c.o
/usr/bin/cc   -DCHECK_FUNCTION_EXISTS=pthread_create   -o CMakeFiles/cmTC_907d8.dir/CheckFunctionExists.c.o   -c /usr/share/cmake-3.10/Modules/CheckFunctionExists.c
Linking C executable cmTC_907d8
/usr/bin/cmake -E cmake_link_script CMakeFiles/cmTC_907d8.dir/link.txt --verbose=1
/usr/bin/cc  -DCHECK_FUNCTION_EXISTS=pthread_create    -rdynamic CMakeFiles/cmTC_907d8.dir/CheckFunctionExists.c.o  -o cmTC_907d8 -lpthreads 
/usr/bin/ld: cannot find -lpthreads
collect2: error: ld returned 1 exit status
CMakeFiles/cmTC_907d8.dir/build.make:97: recipe for target 'cmTC_907d8' failed
make[1]: *** [cmTC_907d8] Error 1
make[1]: Leaving directory '/home/agilex/autoware.ai/build/lidar_apollo_cnn_seg_detect/CMakeFiles/CMakeTmp'
Makefile:126: recipe for target 'cmTC_907d8/fast' failed
make: *** [cmTC_907d8/fast] Error 2


