[0.028s] Invoking command in '/home/agilex/autoware.ai/build/vision_darknet_detect': CMAKE_PREFIX_PATH=/home/agilex/autoware.ai/install/autoware_msgs:/home/agilex/autoware.ai/install/autoware_config_msgs:/home/agilex/autoware.ai/install/autoware_build_flags:${CMAKE_PREFIX_PATH} PKG_CONFIG_PATH=/home/agilex/autoware.ai/install/autoware_msgs/lib/x86_64-linux-gnu/pkgconfig:/home/agilex/autoware.ai/install/autoware_msgs/lib/pkgconfig:/home/agilex/autoware.ai/install/autoware_config_msgs/lib/x86_64-linux-gnu/pkgconfig:/home/agilex/autoware.ai/install/autoware_config_msgs/lib/pkgconfig:/home/agilex/autoware.ai/install/autoware_build_flags/lib/x86_64-linux-gnu/pkgconfig:/home/agilex/autoware.ai/install/autoware_build_flags/lib/pkgconfig:${PKG_CONFIG_PATH} PYTHONPATH=/home/agilex/autoware.ai/install/autoware_msgs/lib/python2.7/dist-packages:/home/agilex/autoware.ai/install/autoware_config_msgs/lib/python2.7/dist-packages:${PYTHONPATH} ROS_PACKAGE_PATH=/home/agilex/autoware.ai/install/autoware_msgs/share:/home/agilex/autoware.ai/install/autoware_config_msgs/share:/home/agilex/autoware.ai/install/autoware_build_flags/share:${ROS_PACKAGE_PATH} /usr/bin/cmake /home/agilex/autoware.ai/src/autoware/core_perception/vision_darknet_detect -DCMAKE_BUILD_TYPE=Release -DCATKIN_INSTALL_INTO_PREFIX_ROOT=0 -DCMAKE_INSTALL_PREFIX=/home/agilex/autoware.ai/install/vision_darknet_detect
[0.083s] -- The C compiler identification is GNU 7.5.0
[0.135s] -- The CXX compiler identification is GNU 7.5.0
[0.139s] -- Check for working C compiler: /usr/bin/cc
[0.203s] -- Check for working C compiler: /usr/bin/cc -- works
[0.204s] -- Detecting C compiler ABI info
[0.267s] -- Detecting C compiler ABI info - done
[0.276s] -- Detecting C compile features
[0.462s] -- Detecting C compile features - done
[0.465s] -- Check for working CXX compiler: /usr/bin/c++
[0.537s] -- Check for working CXX compiler: /usr/bin/c++ -- works
[0.538s] -- Detecting CXX compiler ABI info
[0.620s] -- Detecting CXX compiler ABI info - done
[0.629s] -- Detecting CXX compile features
[0.951s] -- Detecting CXX compile features - done
[0.954s] -- CUDA compilation status: .
[1.010s] -- Using CATKIN_DEVEL_PREFIX: /home/agilex/autoware.ai/build/vision_darknet_detect/devel
[1.010s] -- Using CMAKE_PREFIX_PATH: /home/agilex/autoware.ai/install/autoware_msgs;/home/agilex/autoware.ai/install/autoware_config_msgs;/home/agilex/autoware.ai/install/autoware_build_flags;/opt/ros/melodic
[1.011s] -- This workspace overlays: /home/agilex/autoware.ai/install/autoware_msgs;/home/agilex/autoware.ai/install/autoware_config_msgs;/home/agilex/autoware.ai/install/autoware_build_flags;/opt/ros/melodic
[1.024s] -- Found PythonInterp: /usr/bin/python2 (found suitable version "2.7.17", minimum required is "2") 
[1.025s] -- Using PYTHON_EXECUTABLE: /usr/bin/python2
[1.025s] -- Using Debian Python package layout
[1.025s] -- Using empy: /usr/bin/empy
[1.189s] -- Using CATKIN_ENABLE_TESTING: ON
[1.190s] -- Call enable_testing()
[1.192s] -- Using CATKIN_TEST_RESULTS_DIR: /home/agilex/autoware.ai/build/vision_darknet_detect/test_results
[1.210s] -- Found gtest sources under '/usr/src/googletest': gtests will be built
[1.210s] -- Found gmock sources under '/usr/src/googletest': gmock will be built
[1.223s] -- Found PythonInterp: /usr/bin/python2 (found version "2.7.17") 
[1.224s] -- Looking for pthread.h
[1.286s] -- Looking for pthread.h - found
[1.286s] -- Looking for pthread_create
[1.349s] -- Looking for pthread_create - not found
[1.354s] -- Looking for pthread_create in pthreads
[1.397s] -- Looking for pthread_create in pthreads - not found
[1.398s] -- Looking for pthread_create in pthread
[1.464s] -- Looking for pthread_create in pthread - found
[1.465s] -- Found Threads: TRUE  
[1.469s] -- Using Python nosetests: /usr/bin/nosetests-2.7
[1.510s] -- catkin 0.7.29
[1.510s] -- BUILD_SHARED_LIBS is on
[1.602s] -- Using these message generators: gencpp;geneus;genlisp;gennodejs;genpy
[1.747s] CUDA_TOOLKIT_ROOT_DIR not found or specified
[1.754s] -- Could NOT find CUDA (missing: CUDA_TOOLKIT_ROOT_DIR CUDA_NVCC_EXECUTABLE CUDA_INCLUDE_DIRS CUDA_CUDART_LIBRARY) 
[1.768s] -- Found OpenCV: /usr (found version "3.2.0") 
[1.995s] -- Found OpenMP_C: -fopenmp (found version "4.5") 
[2.071s] -- Found OpenMP_CXX: -fopenmp (found version "4.5") 
[2.073s] -- Found OpenMP: TRUE (found version "4.5")  
[2.199s] CMake Warning at /home/agilex/autoware.ai/install/autoware_build_flags/share/autoware_build_flags/cmake/autoware_build_flags-extras.cmake:36 (message):
[2.200s]   CUDA support is disabled.  Set the AUTOWARE_COMPILE_WITH_CUDA environment
[2.200s]   variable and recompile to enable it
[2.200s] Call Stack (most recent call first):
[2.200s]   CMakeLists.txt:36 (AW_CHECK_CUDA)
[2.200s] 
[2.200s] 
[2.200s] CMake Warning at CMakeLists.txt:173 (message):
[2.200s]   Building vision_darknet_detect without CUDA
[2.200s] 
[2.200s] 
[2.201s] -- Configuring done
[2.262s] -- Generating done
[2.270s] -- Build files have been written to: /home/agilex/autoware.ai/build/vision_darknet_detect
[2.276s] Invoked command in '/home/agilex/autoware.ai/build/vision_darknet_detect' returned '0': CMAKE_PREFIX_PATH=/home/agilex/autoware.ai/install/autoware_msgs:/home/agilex/autoware.ai/install/autoware_config_msgs:/home/agilex/autoware.ai/install/autoware_build_flags:${CMAKE_PREFIX_PATH} PKG_CONFIG_PATH=/home/agilex/autoware.ai/install/autoware_msgs/lib/x86_64-linux-gnu/pkgconfig:/home/agilex/autoware.ai/install/autoware_msgs/lib/pkgconfig:/home/agilex/autoware.ai/install/autoware_config_msgs/lib/x86_64-linux-gnu/pkgconfig:/home/agilex/autoware.ai/install/autoware_config_msgs/lib/pkgconfig:/home/agilex/autoware.ai/install/autoware_build_flags/lib/x86_64-linux-gnu/pkgconfig:/home/agilex/autoware.ai/install/autoware_build_flags/lib/pkgconfig:${PKG_CONFIG_PATH} PYTHONPATH=/home/agilex/autoware.ai/install/autoware_msgs/lib/python2.7/dist-packages:/home/agilex/autoware.ai/install/autoware_config_msgs/lib/python2.7/dist-packages:${PYTHONPATH} ROS_PACKAGE_PATH=/home/agilex/autoware.ai/install/autoware_msgs/share:/home/agilex/autoware.ai/install/autoware_config_msgs/share:/home/agilex/autoware.ai/install/autoware_build_flags/share:${ROS_PACKAGE_PATH} /usr/bin/cmake /home/agilex/autoware.ai/src/autoware/core_perception/vision_darknet_detect -DCMAKE_BUILD_TYPE=Release -DCATKIN_INSTALL_INTO_PREFIX_ROOT=0 -DCMAKE_INSTALL_PREFIX=/home/agilex/autoware.ai/install/vision_darknet_detect
[2.279s] Invoking command in '/home/agilex/autoware.ai/build/vision_darknet_detect': CMAKE_PREFIX_PATH=/home/agilex/autoware.ai/install/autoware_msgs:/home/agilex/autoware.ai/install/autoware_config_msgs:/home/agilex/autoware.ai/install/autoware_build_flags:${CMAKE_PREFIX_PATH} PKG_CONFIG_PATH=/home/agilex/autoware.ai/install/autoware_msgs/lib/x86_64-linux-gnu/pkgconfig:/home/agilex/autoware.ai/install/autoware_msgs/lib/pkgconfig:/home/agilex/autoware.ai/install/autoware_config_msgs/lib/x86_64-linux-gnu/pkgconfig:/home/agilex/autoware.ai/install/autoware_config_msgs/lib/pkgconfig:/home/agilex/autoware.ai/install/autoware_build_flags/lib/x86_64-linux-gnu/pkgconfig:/home/agilex/autoware.ai/install/autoware_build_flags/lib/pkgconfig:${PKG_CONFIG_PATH} PYTHONPATH=/home/agilex/autoware.ai/install/autoware_msgs/lib/python2.7/dist-packages:/home/agilex/autoware.ai/install/autoware_config_msgs/lib/python2.7/dist-packages:${PYTHONPATH} ROS_PACKAGE_PATH=/home/agilex/autoware.ai/install/autoware_msgs/share:/home/agilex/autoware.ai/install/autoware_config_msgs/share:/home/agilex/autoware.ai/install/autoware_build_flags/share:${ROS_PACKAGE_PATH} /usr/bin/cmake --build /home/agilex/autoware.ai/build/vision_darknet_detect -- -j8 -l8
[2.315s] [35m[1mScanning dependencies of target jsk_footstep_msgs_generate_messages_nodejs[0m
[2.329s] [  0%] Built target jsk_footstep_msgs_generate_messages_nodejs
[2.338s] [35m[1mScanning dependencies of target sensor_msgs_generate_messages_cpp[0m
[2.347s] [  0%] Built target sensor_msgs_generate_messages_cpp
[2.359s] [35m[1mScanning dependencies of target std_msgs_generate_messages_lisp[0m
[2.367s] [  0%] Built target std_msgs_generate_messages_lisp
[2.376s] [35m[1mScanning dependencies of target rosgraph_msgs_generate_messages_nodejs[0m
[2.384s] [  0%] Built target rosgraph_msgs_generate_messages_nodejs
[2.393s] [35m[1mScanning dependencies of target rosgraph_msgs_generate_messages_lisp[0m
[2.401s] [  0%] Built target rosgraph_msgs_generate_messages_lisp
[2.410s] [35m[1mScanning dependencies of target roscpp_generate_messages_py[0m
[2.419s] [  0%] Built target roscpp_generate_messages_py
[2.427s] [35m[1mScanning dependencies of target sensor_msgs_generate_messages_eus[0m
[2.436s] [  0%] Built target sensor_msgs_generate_messages_eus
[2.448s] [35m[1mScanning dependencies of target pcl_msgs_generate_messages_py[0m
[2.457s] [  0%] Built target pcl_msgs_generate_messages_py
[2.466s] [35m[1mScanning dependencies of target std_msgs_generate_messages_nodejs[0m
[2.475s] [  0%] Built target std_msgs_generate_messages_nodejs
[2.484s] [35m[1mScanning dependencies of target roscpp_generate_messages_nodejs[0m
[2.493s] [  0%] Built target roscpp_generate_messages_nodejs
[2.502s] [35m[1mScanning dependencies of target roscpp_generate_messages_eus[0m
[2.512s] [  0%] Built target roscpp_generate_messages_eus
[2.523s] [35m[1mScanning dependencies of target autoware_config_msgs_generate_messages_nodejs[0m
[2.534s] [  0%] Built target autoware_config_msgs_generate_messages_nodejs
[2.564s] [35m[1mScanning dependencies of target geometry_msgs_generate_messages_eus[0m
[2.590s] [  0%] Built target geometry_msgs_generate_messages_eus
[2.600s] [35m[1mScanning dependencies of target std_msgs_generate_messages_eus[0m
[2.616s] [  0%] Built target std_msgs_generate_messages_eus
[2.626s] [35m[1mScanning dependencies of target autoware_msgs_generate_messages_nodejs[0m
[2.642s] [  0%] Built target autoware_msgs_generate_messages_nodejs
[2.651s] [35m[1mScanning dependencies of target pcl_msgs_generate_messages_lisp[0m
[2.675s] [  0%] Built target pcl_msgs_generate_messages_lisp
[2.685s] [35m[1mScanning dependencies of target autoware_msgs_generate_messages_eus[0m
[2.709s] [  0%] Built target autoware_msgs_generate_messages_eus
[2.719s] [35m[1mScanning dependencies of target sensor_msgs_generate_messages_lisp[0m
[2.735s] [  0%] Built target sensor_msgs_generate_messages_lisp
[2.751s] [35m[1mScanning dependencies of target jsk_recognition_msgs_generate_messages_cpp[0m
[2.768s] [  0%] Built target jsk_recognition_msgs_generate_messages_cpp
[2.776s] [35m[1mScanning dependencies of target pcl_msgs_generate_messages_cpp[0m
[2.789s] [  0%] Built target pcl_msgs_generate_messages_cpp
[2.810s] [35m[1mScanning dependencies of target rosgraph_msgs_generate_messages_cpp[0m
[2.825s] [  0%] Built target rosgraph_msgs_generate_messages_cpp
[2.835s] [35m[1mScanning dependencies of target autoware_msgs_generate_messages_cpp[0m
[2.851s] [  0%] Built target autoware_msgs_generate_messages_cpp
[2.875s] [35m[1mScanning dependencies of target geometry_msgs_generate_messages_nodejs[0m
[2.897s] [  0%] Built target geometry_msgs_generate_messages_nodejs
[2.906s] [35m[1mScanning dependencies of target std_msgs_generate_messages_py[0m
[2.926s] [  0%] Built target std_msgs_generate_messages_py
[2.935s] [35m[1mScanning dependencies of target autoware_msgs_generate_messages_py[0m
[2.969s] [  0%] Built target autoware_msgs_generate_messages_py
[2.985s] [35m[1mScanning dependencies of target geometry_msgs_generate_messages_lisp[0m
[3.001s] [  0%] Built target geometry_msgs_generate_messages_lisp
[3.017s] [35m[1mScanning dependencies of target geometry_msgs_generate_messages_cpp[0m
[3.040s] [  0%] Built target geometry_msgs_generate_messages_cpp
[3.059s] [35m[1mScanning dependencies of target std_msgs_generate_messages_cpp[0m
[3.068s] [  0%] Built target std_msgs_generate_messages_cpp
[3.083s] [35m[1mScanning dependencies of target jsk_footstep_msgs_generate_messages_py[0m
[3.100s] [  0%] Built target jsk_footstep_msgs_generate_messages_py
[3.125s] [35m[1mScanning dependencies of target actionlib_msgs_generate_messages_eus[0m
[3.133s] [  0%] Built target actionlib_msgs_generate_messages_eus
[3.149s] [35m[1mScanning dependencies of target autoware_msgs_generate_messages_lisp[0m
[3.158s] [  0%] Built target autoware_msgs_generate_messages_lisp
[3.172s] [35m[1mScanning dependencies of target roscpp_generate_messages_cpp[0m
[3.187s] [  0%] Built target roscpp_generate_messages_cpp
[3.202s] [35m[1mScanning dependencies of target sensor_msgs_generate_messages_nodejs[0m
[3.217s] [  0%] Built target sensor_msgs_generate_messages_nodejs
[3.233s] [35m[1mScanning dependencies of target sensor_msgs_generate_messages_py[0m
[3.250s] [  0%] Built target sensor_msgs_generate_messages_py
[3.259s] [35m[1mScanning dependencies of target autoware_config_msgs_generate_messages_cpp[0m
[3.275s] [  0%] Built target autoware_config_msgs_generate_messages_cpp
[3.292s] [35m[1mScanning dependencies of target jsk_recognition_msgs_generate_messages_eus[0m
[3.317s] [  0%] Built target jsk_recognition_msgs_generate_messages_eus
[3.323s] [35m[1mScanning dependencies of target actionlib_msgs_generate_messages_cpp[0m
[3.333s] [  0%] Built target actionlib_msgs_generate_messages_cpp
[3.341s] [35m[1mScanning dependencies of target jsk_recognition_msgs_generate_messages_lisp[0m
[3.355s] [  0%] Built target jsk_recognition_msgs_generate_messages_lisp
[3.374s] [35m[1mScanning dependencies of target rosgraph_msgs_generate_messages_eus[0m
[3.392s] [  0%] Built target rosgraph_msgs_generate_messages_eus
[3.405s] [35m[1mScanning dependencies of target jsk_recognition_msgs_generate_messages_nodejs[0m
[3.414s] [  0%] Built target jsk_recognition_msgs_generate_messages_nodejs
[3.427s] [35m[1mScanning dependencies of target pcl_msgs_generate_messages_eus[0m
[3.436s] [  0%] Built target pcl_msgs_generate_messages_eus
[3.451s] [35m[1mScanning dependencies of target jsk_recognition_msgs_generate_messages_py[0m
[3.468s] [  0%] Built target jsk_recognition_msgs_generate_messages_py
[3.483s] [35m[1mScanning dependencies of target pcl_msgs_generate_messages_nodejs[0m
[3.517s] [  0%] Built target pcl_msgs_generate_messages_nodejs
[3.525s] [35m[1mScanning dependencies of target geometry_msgs_generate_messages_py[0m
[3.536s] [  0%] Built target geometry_msgs_generate_messages_py
[3.546s] [35m[1mScanning dependencies of target jsk_footstep_msgs_generate_messages_cpp[0m
[3.556s] [  0%] Built target jsk_footstep_msgs_generate_messages_cpp
[3.565s] [35m[1mScanning dependencies of target actionlib_msgs_generate_messages_py[0m
[3.576s] [  0%] Built target actionlib_msgs_generate_messages_py
[3.589s] [35m[1mScanning dependencies of target jsk_footstep_msgs_generate_messages_eus[0m
[3.595s] [  0%] Built target jsk_footstep_msgs_generate_messages_eus
[3.605s] [35m[1mScanning dependencies of target autoware_config_msgs_generate_messages_eus[0m
[3.614s] [  0%] Built target autoware_config_msgs_generate_messages_eus
[3.626s] [35m[1mScanning dependencies of target jsk_footstep_msgs_generate_messages_lisp[0m
[3.638s] [  0%] Built target jsk_footstep_msgs_generate_messages_lisp
[3.647s] [35m[1mScanning dependencies of target actionlib_msgs_generate_messages_lisp[0m
[3.655s] [  0%] Built target actionlib_msgs_generate_messages_lisp
[3.665s] [35m[1mScanning dependencies of target actionlib_msgs_generate_messages_nodejs[0m
[3.673s] [  0%] Built target actionlib_msgs_generate_messages_nodejs
[3.682s] [35m[1mScanning dependencies of target autoware_config_msgs_generate_messages_lisp[0m
[3.694s] [  0%] Built target autoware_config_msgs_generate_messages_lisp
[3.705s] [35m[1mScanning dependencies of target autoware_config_msgs_generate_messages_py[0m
[3.716s] [  0%] Built target autoware_config_msgs_generate_messages_py
[3.723s] [35m[1mScanning dependencies of target rosgraph_msgs_generate_messages_py[0m
[3.734s] [  0%] Built target rosgraph_msgs_generate_messages_py
[3.743s] [35m[1mScanning dependencies of target roscpp_generate_messages_lisp[0m
[3.752s] [  0%] Built target roscpp_generate_messages_lisp
[3.768s] [35m[1mScanning dependencies of target vision_darknet_detect_lib[0m
[3.799s] [  2%] [32mBuilding C object CMakeFiles/vision_darknet_detect_lib.dir/darknet/src/gemm.c.o[0m
[3.947s] [  4%] [32mBuilding C object CMakeFiles/vision_darknet_detect_lib.dir/darknet/src/activations.c.o[0m
[4.026s] [  6%] [32mBuilding C object CMakeFiles/vision_darknet_detect_lib.dir/darknet/src/im2col.c.o[0m
[4.071s] [  8%] [32mBuilding C object CMakeFiles/vision_darknet_detect_lib.dir/darknet/src/col2im.c.o[0m
[4.164s] [ 10%] [32mBuilding C object CMakeFiles/vision_darknet_detect_lib.dir/darknet/src/blas.c.o[0m
[4.503s] [ 12%] [32mBuilding C object CMakeFiles/vision_darknet_detect_lib.dir/darknet/src/crop_layer.c.o[0m
[4.623s] [ 14%] [32mBuilding C object CMakeFiles/vision_darknet_detect_lib.dir/darknet/src/dropout_layer.c.o[0m
[4.692s] [ 17%] [32mBuilding C object CMakeFiles/vision_darknet_detect_lib.dir/darknet/src/maxpool_layer.c.o[0m
[4.771s] [ 19%] [32mBuilding C object CMakeFiles/vision_darknet_detect_lib.dir/darknet/src/softmax_layer.c.o[0m
[4.837s] [ 21%] [32mBuilding C object CMakeFiles/vision_darknet_detect_lib.dir/darknet/src/data.c.o[0m
[4.870s] [01m[K/home/agilex/autoware.ai/src/autoware/core_perception/vision_darknet_detect/darknet/src/data.c:[m[K In function '[01m[Kload_regression_labels_paths[m[K':
[4.870s] [01m[K/home/agilex/autoware.ai/src/autoware/core_perception/vision_darknet_detect/darknet/src/data.c:574:13:[m[K [01;35m[Kwarning: [m[Kignoring return value of '[01m[Kfscanf[m[K', declared with attribute warn_unused_result [[01;35m[K-Wunused-result[m[K]
[4.870s]              [01;35m[Kfscanf(file, "%f", &(y.vals[i][j]))[m[K;
[4.870s]              [01;35m[K^~~~~~~~~~~~~~~~~~~~~~~~~~~~~~~~~~~[m[K
[4.873s] [01m[K/home/agilex/autoware.ai/src/autoware/core_perception/vision_darknet_detect/darknet/src/data.c:[m[K In function '[01m[Kload_cifar10_data[m[K':
[4.874s] [01m[K/home/agilex/autoware.ai/src/autoware/core_perception/vision_darknet_detect/darknet/src/data.c:1354:9:[m[K [01;35m[Kwarning: [m[Kignoring return value of '[01m[Kfread[m[K', declared with attribute warn_unused_result [[01;35m[K-Wunused-result[m[K]
[4.874s]          [01;35m[Kfread(bytes, 1, 3073, fp)[m[K;
[4.874s]          [01;35m[K^~~~~~~~~~~~~~~~~~~~~~~~~[m[K
[4.875s] [01m[K/home/agilex/autoware.ai/src/autoware/core_perception/vision_darknet_detect/darknet/src/data.c:[m[K In function '[01m[Kload_all_cifar10[m[K':
[4.875s] [01m[K/home/agilex/autoware.ai/src/autoware/core_perception/vision_darknet_detect/darknet/src/data.c:1417:13:[m[K [01;35m[Kwarning: [m[Kignoring return value of '[01m[Kfread[m[K', declared with attribute warn_unused_result [[01;35m[K-Wunused-result[m[K]
[4.875s]              [01;35m[Kfread(bytes, 1, 3073, fp)[m[K;
[4.875s]              [01;35m[K^~~~~~~~~~~~~~~~~~~~~~~~~[m[K
[5.449s] [ 23%] [32mBuilding C object CMakeFiles/vision_darknet_detect_lib.dir/darknet/src/matrix.c.o[0m
[5.577s] [ 25%] [32mBuilding C object CMakeFiles/vision_darknet_detect_lib.dir/darknet/src/network.c.o[0m
[5.847s] [ 27%] [32mBuilding C object CMakeFiles/vision_darknet_detect_lib.dir/darknet/src/connected_layer.c.o[0m
[5.937s] [ 29%] [32mBuilding C object CMakeFiles/vision_darknet_detect_lib.dir/darknet/src/cost_layer.c.o[0m
[5.993s] [ 31%] [32mBuilding C object CMakeFiles/vision_darknet_detect_lib.dir/darknet/src/parser.c.o[0m
[6.026s] [01m[K/home/agilex/autoware.ai/src/autoware/core_perception/vision_darknet_detect/darknet/src/parser.c:[m[K In function '[01m[Kload_connected_weights[m[K':
[6.027s] [01m[K/home/agilex/autoware.ai/src/autoware/core_perception/vision_darknet_detect/darknet/src/parser.c:1085:5:[m[K [01;35m[Kwarning: [m[Kignoring return value of '[01m[Kfread[m[K', declared with attribute warn_unused_result [[01;35m[K-Wunused-result[m[K]
[6.027s]      [01;35m[Kfread(l.biases, sizeof(float), l.outputs, fp)[m[K;
[6.027s]      [01;35m[K^~~~~~~~~~~~~~~~~~~~~~~~~~~~~~~~~~~~~~~~~~~~~[m[K
[6.028s] [01m[K/home/agilex/autoware.ai/src/autoware/core_perception/vision_darknet_detect/darknet/src/parser.c:1086:5:[m[K [01;35m[Kwarning: [m[Kignoring return value of '[01m[Kfread[m[K', declared with attribute warn_unused_result [[01;35m[K-Wunused-result[m[K]
[6.028s]      [01;35m[Kfread(l.weights, sizeof(float), l.outputs*l.inputs, fp)[m[K;
[6.028s]      [01;35m[K^~~~~~~~~~~~~~~~~~~~~~~~~~~~~~~~~~~~~~~~~~~~~~~~~~~~~~~[m[K
[6.028s] [01m[K/home/agilex/autoware.ai/src/autoware/core_perception/vision_darknet_detect/darknet/src/parser.c:1093:9:[m[K [01;35m[Kwarning: [m[Kignoring return value of '[01m[Kfread[m[K', declared with attribute warn_unused_result [[01;35m[K-Wunused-result[m[K]
[6.028s]          [01;35m[Kfread(l.scales, sizeof(float), l.outputs, fp)[m[K;
[6.028s]          [01;35m[K^~~~~~~~~~~~~~~~~~~~~~~~~~~~~~~~~~~~~~~~~~~~~[m[K
[6.028s] [01m[K/home/agilex/autoware.ai/src/autoware/core_perception/vision_darknet_detect/darknet/src/parser.c:1094:9:[m[K [01;35m[Kwarning: [m[Kignoring return value of '[01m[Kfread[m[K', declared with attribute warn_unused_result [[01;35m[K-Wunused-result[m[K]
[6.028s]          [01;35m[Kfread(l.rolling_mean, sizeof(float), l.outputs, fp)[m[K;
[6.028s]          [01;35m[K^~~~~~~~~~~~~~~~~~~~~~~~~~~~~~~~~~~~~~~~~~~~~~~~~~~[m[K
[6.028s] [01m[K/home/agilex/autoware.ai/src/autoware/core_perception/vision_darknet_detect/darknet/src/parser.c:1095:9:[m[K [01;35m[Kwarning: [m[Kignoring return value of '[01m[Kfread[m[K', declared with attribute warn_unused_result [[01;35m[K-Wunused-result[m[K]
[6.028s]          [01;35m[Kfread(l.rolling_variance, sizeof(float), l.outputs, fp)[m[K;
[6.028s]          [01;35m[K^~~~~~~~~~~~~~~~~~~~~~~~~~~~~~~~~~~~~~~~~~~~~~~~~~~~~~~[m[K
[6.029s] [01m[K/home/agilex/autoware.ai/src/autoware/core_perception/vision_darknet_detect/darknet/src/parser.c:[m[K In function '[01m[Kload_batchnorm_weights[m[K':
[6.029s] [01m[K/home/agilex/autoware.ai/src/autoware/core_perception/vision_darknet_detect/darknet/src/parser.c:1109:5:[m[K [01;35m[Kwarning: [m[Kignoring return value of '[01m[Kfread[m[K', declared with attribute warn_unused_result [[01;35m[K-Wunused-result[m[K]
[6.029s]      [01;35m[Kfread(l.scales, sizeof(float), l.c, fp)[m[K;
[6.029s]      [01;35m[K^~~~~~~~~~~~~~~~~~~~~~~~~~~~~~~~~~~~~~~[m[K
[6.029s] [01m[K/home/agilex/autoware.ai/src/autoware/core_perception/vision_darknet_detect/darknet/src/parser.c:1110:5:[m[K [01;35m[Kwarning: [m[Kignoring return value of '[01m[Kfread[m[K', declared with attribute warn_unused_result [[01;35m[K-Wunused-result[m[K]
[6.029s]      [01;35m[Kfread(l.rolling_mean, sizeof(float), l.c, fp)[m[K;
[6.029s]      [01;35m[K^~~~~~~~~~~~~~~~~~~~~~~~~~~~~~~~~~~~~~~~~~~~~[m[K
[6.029s] [01m[K/home/agilex/autoware.ai/src/autoware/core_perception/vision_darknet_detect/darknet/src/parser.c:1111:5:[m[K [01;35m[Kwarning: [m[Kignoring return value of '[01m[Kfread[m[K', declared with attribute warn_unused_result [[01;35m[K-Wunused-result[m[K]
[6.029s]      [01;35m[Kfread(l.rolling_variance, sizeof(float), l.c, fp)[m[K;
[6.029s]      [01;35m[K^~~~~~~~~~~~~~~~~~~~~~~~~~~~~~~~~~~~~~~~~~~~~~~~~[m[K
[6.029s] [01m[K/home/agilex/autoware.ai/src/autoware/core_perception/vision_darknet_detect/darknet/src/parser.c:[m[K In function '[01m[Kload_convolutional_weights_binary[m[K':
[6.029s] [01m[K/home/agilex/autoware.ai/src/autoware/core_perception/vision_darknet_detect/darknet/src/parser.c:1121:5:[m[K [01;35m[Kwarning: [m[Kignoring return value of '[01m[Kfread[m[K', declared with attribute warn_unused_result [[01;35m[K-Wunused-result[m[K]
[6.030s]      [01;35m[Kfread(l.biases, sizeof(float), l.n, fp)[m[K;
[6.030s]      [01;35m[K^~~~~~~~~~~~~~~~~~~~~~~~~~~~~~~~~~~~~~~[m[K
[6.030s] [01m[K/home/agilex/autoware.ai/src/autoware/core_perception/vision_darknet_detect/darknet/src/parser.c:1123:9:[m[K [01;35m[Kwarning: [m[Kignoring return value of '[01m[Kfread[m[K', declared with attribute warn_unused_result [[01;35m[K-Wunused-result[m[K]
[6.030s]          [01;35m[Kfread(l.scales, sizeof(float), l.n, fp)[m[K;
[6.030s]          [01;35m[K^~~~~~~~~~~~~~~~~~~~~~~~~~~~~~~~~~~~~~~[m[K
[6.030s] [01m[K/home/agilex/autoware.ai/src/autoware/core_perception/vision_darknet_detect/darknet/src/parser.c:1124:9:[m[K [01;35m[Kwarning: [m[Kignoring return value of '[01m[Kfread[m[K', declared with attribute warn_unused_result [[01;35m[K-Wunused-result[m[K]
[6.030s]          [01;35m[Kfread(l.rolling_mean, sizeof(float), l.n, fp)[m[K;
[6.030s]          [01;35m[K^~~~~~~~~~~~~~~~~~~~~~~~~~~~~~~~~~~~~~~~~~~~~[m[K
[6.030s] [01m[K/home/agilex/autoware.ai/src/autoware/core_perception/vision_darknet_detect/darknet/src/parser.c:1125:9:[m[K [01;35m[Kwarning: [m[Kignoring return value of '[01m[Kfread[m[K', declared with attribute warn_unused_result [[01;35m[K-Wunused-result[m[K]
[6.030s]          [01;35m[Kfread(l.rolling_variance, sizeof(float), l.n, fp)[m[K;
[6.030s]          [01;35m[K^~~~~~~~~~~~~~~~~~~~~~~~~~~~~~~~~~~~~~~~~~~~~~~~~[m[K
[6.030s] [01m[K/home/agilex/autoware.ai/src/autoware/core_perception/vision_darknet_detect/darknet/src/parser.c:1131:9:[m[K [01;35m[Kwarning: [m[Kignoring return value of '[01m[Kfread[m[K', declared with attribute warn_unused_result [[01;35m[K-Wunused-result[m[K]
[6.031s]          [01;35m[Kfread(&mean, sizeof(float), 1, fp)[m[K;
[6.031s]          [01;35m[K^~~~~~~~~~~~~~~~~~~~~~~~~~~~~~~~~~[m[K
[6.031s] [01m[K/home/agilex/autoware.ai/src/autoware/core_perception/vision_darknet_detect/darknet/src/parser.c:1135:13:[m[K [01;35m[Kwarning: [m[Kignoring return value of '[01m[Kfread[m[K', declared with attribute warn_unused_result [[01;35m[K-Wunused-result[m[K]
[6.031s]              [01;35m[Kfread(&c, sizeof(char), 1, fp)[m[K;
[6.031s]              [01;35m[K^~~~~~~~~~~~~~~~~~~~~~~~~~~~~~[m[K
[6.031s] [01m[K/home/agilex/autoware.ai/src/autoware/core_perception/vision_darknet_detect/darknet/src/parser.c:[m[K In function '[01m[Kload_convolutional_weights[m[K':
[6.031s] [01m[K/home/agilex/autoware.ai/src/autoware/core_perception/vision_darknet_detect/darknet/src/parser.c:1156:5:[m[K [01;35m[Kwarning: [m[Kignoring return value of '[01m[Kfread[m[K', declared with attribute warn_unused_result [[01;35m[K-Wunused-result[m[K]
[6.031s]      [01;35m[Kfread(l.biases, sizeof(float), l.n, fp)[m[K;
[6.031s]      [01;35m[K^~~~~~~~~~~~~~~~~~~~~~~~~~~~~~~~~~~~~~~[m[K
[6.031s] [01m[K/home/agilex/autoware.ai/src/autoware/core_perception/vision_darknet_detect/darknet/src/parser.c:1158:9:[m[K [01;35m[Kwarning: [m[Kignoring return value of '[01m[Kfread[m[K', declared with attribute warn_unused_result [[01;35m[K-Wunused-result[m[K]
[6.031s]          [01;35m[Kfread(l.scales, sizeof(float), l.n, fp)[m[K;
[6.031s]          [01;35m[K^~~~~~~~~~~~~~~~~~~~~~~~~~~~~~~~~~~~~~~[m[K
[6.031s] [01m[K/home/agilex/autoware.ai/src/autoware/core_perception/vision_darknet_detect/darknet/src/parser.c:1159:9:[m[K [01;35m[Kwarning: [m[Kignoring return value of '[01m[Kfread[m[K', declared with attribute warn_unused_result [[01;35m[K-Wunused-result[m[K]
[6.032s]          [01;35m[Kfread(l.rolling_mean, sizeof(float), l.n, fp)[m[K;
[6.032s]          [01;35m[K^~~~~~~~~~~~~~~~~~~~~~~~~~~~~~~~~~~~~~~~~~~~~[m[K
[6.032s] [01m[K/home/agilex/autoware.ai/src/autoware/core_perception/vision_darknet_detect/darknet/src/parser.c:1160:9:[m[K [01;35m[Kwarning: [m[Kignoring return value of '[01m[Kfread[m[K', declared with attribute warn_unused_result [[01;35m[K-Wunused-result[m[K]
[6.032s]          [01;35m[Kfread(l.rolling_variance, sizeof(float), l.n, fp)[m[K;
[6.032s]          [01;35m[K^~~~~~~~~~~~~~~~~~~~~~~~~~~~~~~~~~~~~~~~~~~~~~~~~[m[K
[6.032s] [01m[K/home/agilex/autoware.ai/src/autoware/core_perception/vision_darknet_detect/darknet/src/parser.c:1188:5:[m[K [01;35m[Kwarning: [m[Kignoring return value of '[01m[Kfread[m[K', declared with attribute warn_unused_result [[01;35m[K-Wunused-result[m[K]
[6.032s]      [01;35m[Kfread(l.weights, sizeof(float), num, fp)[m[K;
[6.032s]      [01;35m[K^~~~~~~~~~~~~~~~~~~~~~~~~~~~~~~~~~~~~~~~[m[K
[6.032s] [01m[K/home/agilex/autoware.ai/src/autoware/core_perception/vision_darknet_detect/darknet/src/parser.c:[m[K In function '[01m[Kload_weights_upto[m[K':
[6.032s] [01m[K/home/agilex/autoware.ai/src/autoware/core_perception/vision_darknet_detect/darknet/src/parser.c:1217:5:[m[K [01;35m[Kwarning: [m[Kignoring return value of '[01m[Kfread[m[K', declared with attribute warn_unused_result [[01;35m[K-Wunused-result[m[K]
[6.032s]      [01;35m[Kfread(&major, sizeof(int), 1, fp)[m[K;
[6.032s]      [01;35m[K^~~~~~~~~~~~~~~~~~~~~~~~~~~~~~~~~[m[K
[6.033s] [01m[K/home/agilex/autoware.ai/src/autoware/core_perception/vision_darknet_detect/darknet/src/parser.c:1218:5:[m[K [01;35m[Kwarning: [m[Kignoring return value of '[01m[Kfread[m[K', declared with attribute warn_unused_result [[01;35m[K-Wunused-result[m[K]
[6.033s]      [01;35m[Kfread(&minor, sizeof(int), 1, fp)[m[K;
[6.033s]      [01;35m[K^~~~~~~~~~~~~~~~~~~~~~~~~~~~~~~~~[m[K
[6.033s] [01m[K/home/agilex/autoware.ai/src/autoware/core_perception/vision_darknet_detect/darknet/src/parser.c:1219:5:[m[K [01;35m[Kwarning: [m[Kignoring return value of '[01m[Kfread[m[K', declared with attribute warn_unused_result [[01;35m[K-Wunused-result[m[K]
[6.033s]      [01;35m[Kfread(&revision, sizeof(int), 1, fp)[m[K;
[6.033s]      [01;35m[K^~~~~~~~~~~~~~~~~~~~~~~~~~~~~~~~~~~~[m[K
[6.033s] [01m[K/home/agilex/autoware.ai/src/autoware/core_perception/vision_darknet_detect/darknet/src/parser.c:1221:9:[m[K [01;35m[Kwarning: [m[Kignoring return value of '[01m[Kfread[m[K', declared with attribute warn_unused_result [[01;35m[K-Wunused-result[m[K]
[6.033s]          [01;35m[Kfread(net->seen, sizeof(size_t), 1, fp)[m[K;
[6.033s]          [01;35m[K^~~~~~~~~~~~~~~~~~~~~~~~~~~~~~~~~~~~~~~[m[K
[6.033s] [01m[K/home/agilex/autoware.ai/src/autoware/core_perception/vision_darknet_detect/darknet/src/parser.c:1224:9:[m[K [01;35m[Kwarning: [m[Kignoring return value of '[01m[Kfread[m[K', declared with attribute warn_unused_result [[01;35m[K-Wunused-result[m[K]
[6.033s]          [01;35m[Kfread(&iseen, sizeof(int), 1, fp)[m[K;
[6.033s]          [01;35m[K^~~~~~~~~~~~~~~~~~~~~~~~~~~~~~~~~[m[K
[6.033s] [01m[K/home/agilex/autoware.ai/src/autoware/core_perception/vision_darknet_detect/darknet/src/parser.c:1279:13:[m[K [01;35m[Kwarning: [m[Kignoring return value of '[01m[Kfread[m[K', declared with attribute warn_unused_result [[01;35m[K-Wunused-result[m[K]
[6.034s]              [01;35m[Kfread(l.biases, sizeof(float), l.outputs, fp)[m[K;
[6.034s]              [01;35m[K^~~~~~~~~~~~~~~~~~~~~~~~~~~~~~~~~~~~~~~~~~~~~[m[K
[6.034s] [01m[K/home/agilex/autoware.ai/src/autoware/core_perception/vision_darknet_detect/darknet/src/parser.c:1280:13:[m[K [01;35m[Kwarning: [m[Kignoring return value of '[01m[Kfread[m[K', declared with attribute warn_unused_result [[01;35m[K-Wunused-result[m[K]
[6.034s]              [01;35m[Kfread(l.weights, sizeof(float), size, fp)[m[K;
[6.034s]              [01;35m[K^~~~~~~~~~~~~~~~~~~~~~~~~~~~~~~~~~~~~~~~~[m[K
[6.433s] [ 34%] [32mBuilding C object CMakeFiles/vision_darknet_detect_lib.dir/darknet/src/option_list.c.o[0m
[6.496s] [ 36%] [32mBuilding C object CMakeFiles/vision_darknet_detect_lib.dir/darknet/src/detection_layer.c.o[0m
[6.646s] [ 38%] [32mBuilding C object CMakeFiles/vision_darknet_detect_lib.dir/darknet/src/route_layer.c.o[0m
[6.717s] [ 40%] [32mBuilding C object CMakeFiles/vision_darknet_detect_lib.dir/darknet/src/upsample_layer.c.o[0m
[6.771s] [ 42%] [32mBuilding C object CMakeFiles/vision_darknet_detect_lib.dir/darknet/src/box.c.o[0m
[6.921s] [ 44%] [32mBuilding C object CMakeFiles/vision_darknet_detect_lib.dir/darknet/src/normalization_layer.c.o[0m
[6.985s] [ 46%] [32mBuilding C object CMakeFiles/vision_darknet_detect_lib.dir/darknet/src/avgpool_layer.c.o[0m
[7.059s] [ 48%] [32mBuilding C object CMakeFiles/vision_darknet_detect_lib.dir/darknet/src/layer.c.o[0m
[7.109s] [ 51%] [32mBuilding C object CMakeFiles/vision_darknet_detect_lib.dir/darknet/src/local_layer.c.o[0m
[7.199s] [ 53%] [32mBuilding C object CMakeFiles/vision_darknet_detect_lib.dir/darknet/src/shortcut_layer.c.o[0m
[7.249s] [ 55%] [32mBuilding C object CMakeFiles/vision_darknet_detect_lib.dir/darknet/src/logistic_layer.c.o[0m
[7.298s] [ 57%] [32mBuilding C object CMakeFiles/vision_darknet_detect_lib.dir/darknet/src/activation_layer.c.o[0m
[7.347s] [ 59%] [32mBuilding C object CMakeFiles/vision_darknet_detect_lib.dir/darknet/src/rnn_layer.c.o[0m
[7.435s] [ 61%] [32mBuilding C object CMakeFiles/vision_darknet_detect_lib.dir/darknet/src/gru_layer.c.o[0m
[7.527s] [ 63%] [32mBuilding C object CMakeFiles/vision_darknet_detect_lib.dir/darknet/src/crnn_layer.c.o[0m
[7.624s] [ 65%] [32mBuilding C object CMakeFiles/vision_darknet_detect_lib.dir/darknet/src/batchnorm_layer.c.o[0m
[7.723s] [ 68%] [32mBuilding C object CMakeFiles/vision_darknet_detect_lib.dir/darknet/src/region_layer.c.o[0m
[7.992s] [ 70%] [32mBuilding C object CMakeFiles/vision_darknet_detect_lib.dir/darknet/src/reorg_layer.c.o[0m
[8.056s] [ 72%] [32mBuilding C object CMakeFiles/vision_darknet_detect_lib.dir/darknet/src/tree.c.o[0m
[8.138s] [ 74%] [32mBuilding C object CMakeFiles/vision_darknet_detect_lib.dir/darknet/src/lstm_layer.c.o[0m
[8.308s] [ 76%] [32mBuilding C object CMakeFiles/vision_darknet_detect_lib.dir/darknet/src/l2norm_layer.c.o[0m
[8.355s] [ 78%] [32mBuilding C object CMakeFiles/vision_darknet_detect_lib.dir/darknet/src/yolo_layer.c.o[0m
[8.548s] [ 80%] [32mBuilding C object CMakeFiles/vision_darknet_detect_lib.dir/darknet/src/image.c.o[0m
[13.047s] [ 82%] [32mBuilding C object CMakeFiles/vision_darknet_detect_lib.dir/darknet/src/list.c.o[0m
[13.093s] [ 85%] [32mBuilding C object CMakeFiles/vision_darknet_detect_lib.dir/darknet/src/convolutional_layer.c.o[0m
[13.322s] [ 87%] [32mBuilding C object CMakeFiles/vision_darknet_detect_lib.dir/darknet/src/deconvolutional_layer.c.o[0m
[13.450s] [ 89%] [32mBuilding C object CMakeFiles/vision_darknet_detect_lib.dir/darknet/src/cuda.c.o[0m
[13.470s] [ 91%] [32mBuilding C object CMakeFiles/vision_darknet_detect_lib.dir/darknet/src/utils.c.o[0m
[13.498s] [01m[K/home/agilex/autoware.ai/src/autoware/core_perception/vision_darknet_detect/darknet/src/utils.c:[m[K In function '[01m[Kread_file[m[K':
[13.498s] [01m[K/home/agilex/autoware.ai/src/autoware/core_perception/vision_darknet_detect/darknet/src/utils.c:267:5:[m[K [01;35m[Kwarning: [m[Kignoring return value of '[01m[Kfread[m[K', declared with attribute warn_unused_result [[01;35m[K-Wunused-result[m[K]
[13.498s]      [01;35m[Kfread(text, 1, size, fp)[m[K;
[13.498s]      [01;35m[K^~~~~~~~~~~~~~~~~~~~~~~~[m[K
[13.498s] [01m[K/home/agilex/autoware.ai/src/autoware/core_perception/vision_darknet_detect/darknet/src/utils.c:[m[K In function '[01m[Kfgetl[m[K':
[13.498s] [01m[K/home/agilex/autoware.ai/src/autoware/core_perception/vision_darknet_detect/darknet/src/utils.c:355:9:[m[K [01;35m[Kwarning: [m[Kignoring return value of '[01m[Kfgets[m[K', declared with attribute warn_unused_result [[01;35m[K-Wunused-result[m[K]
[13.498s]          [01;35m[Kfgets(&line[curr], readsize, fp)[m[K;
[13.499s]          [01;35m[K^~~~~~~~~~~~~~~~~~~~~~~~~~~~~~~~[m[K
[13.736s] [ 93%] [32m[1mLinking C shared library devel/lib/libvision_darknet_detect_lib.so[0m
[13.806s] [ 93%] Built target vision_darknet_detect_lib
[13.815s] [35m[1mScanning dependencies of target vision_darknet_detect[0m
[13.840s] [ 95%] [32mBuilding CXX object CMakeFiles/vision_darknet_detect.dir/src/vision_darknet_detect_node.cpp.o[0m
[16.437s] [ 97%] [32mBuilding CXX object CMakeFiles/vision_darknet_detect.dir/src/vision_darknet_detect.cpp.o[0m
[22.202s] [100%] [32m[1mLinking CXX executable devel/lib/vision_darknet_detect/vision_darknet_detect[0m
[22.611s] [100%] Built target vision_darknet_detect
[22.631s] Invoked command in '/home/agilex/autoware.ai/build/vision_darknet_detect' returned '0': CMAKE_PREFIX_PATH=/home/agilex/autoware.ai/install/autoware_msgs:/home/agilex/autoware.ai/install/autoware_config_msgs:/home/agilex/autoware.ai/install/autoware_build_flags:${CMAKE_PREFIX_PATH} PKG_CONFIG_PATH=/home/agilex/autoware.ai/install/autoware_msgs/lib/x86_64-linux-gnu/pkgconfig:/home/agilex/autoware.ai/install/autoware_msgs/lib/pkgconfig:/home/agilex/autoware.ai/install/autoware_config_msgs/lib/x86_64-linux-gnu/pkgconfig:/home/agilex/autoware.ai/install/autoware_config_msgs/lib/pkgconfig:/home/agilex/autoware.ai/install/autoware_build_flags/lib/x86_64-linux-gnu/pkgconfig:/home/agilex/autoware.ai/install/autoware_build_flags/lib/pkgconfig:${PKG_CONFIG_PATH} PYTHONPATH=/home/agilex/autoware.ai/install/autoware_msgs/lib/python2.7/dist-packages:/home/agilex/autoware.ai/install/autoware_config_msgs/lib/python2.7/dist-packages:${PYTHONPATH} ROS_PACKAGE_PATH=/home/agilex/autoware.ai/install/autoware_msgs/share:/home/agilex/autoware.ai/install/autoware_config_msgs/share:/home/agilex/autoware.ai/install/autoware_build_flags/share:${ROS_PACKAGE_PATH} /usr/bin/cmake --build /home/agilex/autoware.ai/build/vision_darknet_detect -- -j8 -l8
[22.812s] Invoking command in '/home/agilex/autoware.ai/build/vision_darknet_detect': CMAKE_PREFIX_PATH=/home/agilex/autoware.ai/install/autoware_msgs:/home/agilex/autoware.ai/install/autoware_config_msgs:/home/agilex/autoware.ai/install/autoware_build_flags:${CMAKE_PREFIX_PATH} PKG_CONFIG_PATH=/home/agilex/autoware.ai/install/autoware_msgs/lib/x86_64-linux-gnu/pkgconfig:/home/agilex/autoware.ai/install/autoware_msgs/lib/pkgconfig:/home/agilex/autoware.ai/install/autoware_config_msgs/lib/x86_64-linux-gnu/pkgconfig:/home/agilex/autoware.ai/install/autoware_config_msgs/lib/pkgconfig:/home/agilex/autoware.ai/install/autoware_build_flags/lib/x86_64-linux-gnu/pkgconfig:/home/agilex/autoware.ai/install/autoware_build_flags/lib/pkgconfig:${PKG_CONFIG_PATH} PYTHONPATH=/home/agilex/autoware.ai/install/autoware_msgs/lib/python2.7/dist-packages:/home/agilex/autoware.ai/install/autoware_config_msgs/lib/python2.7/dist-packages:${PYTHONPATH} ROS_PACKAGE_PATH=/home/agilex/autoware.ai/install/autoware_msgs/share:/home/agilex/autoware.ai/install/autoware_config_msgs/share:/home/agilex/autoware.ai/install/autoware_build_flags/share:${ROS_PACKAGE_PATH} /usr/bin/cmake --build /home/agilex/autoware.ai/build/vision_darknet_detect --target tests -- -j8 -l8
[22.862s] [35m[1mScanning dependencies of target tests[0m
[22.873s] Built target tests
[22.883s] Invoked command in '/home/agilex/autoware.ai/build/vision_darknet_detect' returned '0': CMAKE_PREFIX_PATH=/home/agilex/autoware.ai/install/autoware_msgs:/home/agilex/autoware.ai/install/autoware_config_msgs:/home/agilex/autoware.ai/install/autoware_build_flags:${CMAKE_PREFIX_PATH} PKG_CONFIG_PATH=/home/agilex/autoware.ai/install/autoware_msgs/lib/x86_64-linux-gnu/pkgconfig:/home/agilex/autoware.ai/install/autoware_msgs/lib/pkgconfig:/home/agilex/autoware.ai/install/autoware_config_msgs/lib/x86_64-linux-gnu/pkgconfig:/home/agilex/autoware.ai/install/autoware_config_msgs/lib/pkgconfig:/home/agilex/autoware.ai/install/autoware_build_flags/lib/x86_64-linux-gnu/pkgconfig:/home/agilex/autoware.ai/install/autoware_build_flags/lib/pkgconfig:${PKG_CONFIG_PATH} PYTHONPATH=/home/agilex/autoware.ai/install/autoware_msgs/lib/python2.7/dist-packages:/home/agilex/autoware.ai/install/autoware_config_msgs/lib/python2.7/dist-packages:${PYTHONPATH} ROS_PACKAGE_PATH=/home/agilex/autoware.ai/install/autoware_msgs/share:/home/agilex/autoware.ai/install/autoware_config_msgs/share:/home/agilex/autoware.ai/install/autoware_build_flags/share:${ROS_PACKAGE_PATH} /usr/bin/cmake --build /home/agilex/autoware.ai/build/vision_darknet_detect --target tests -- -j8 -l8
[23.092s] Invoking command in '/home/agilex/autoware.ai/build/vision_darknet_detect': CMAKE_PREFIX_PATH=/home/agilex/autoware.ai/install/autoware_msgs:/home/agilex/autoware.ai/install/autoware_config_msgs:/home/agilex/autoware.ai/install/autoware_build_flags:${CMAKE_PREFIX_PATH} PKG_CONFIG_PATH=/home/agilex/autoware.ai/install/autoware_msgs/lib/x86_64-linux-gnu/pkgconfig:/home/agilex/autoware.ai/install/autoware_msgs/lib/pkgconfig:/home/agilex/autoware.ai/install/autoware_config_msgs/lib/x86_64-linux-gnu/pkgconfig:/home/agilex/autoware.ai/install/autoware_config_msgs/lib/pkgconfig:/home/agilex/autoware.ai/install/autoware_build_flags/lib/x86_64-linux-gnu/pkgconfig:/home/agilex/autoware.ai/install/autoware_build_flags/lib/pkgconfig:${PKG_CONFIG_PATH} PYTHONPATH=/home/agilex/autoware.ai/install/autoware_msgs/lib/python2.7/dist-packages:/home/agilex/autoware.ai/install/autoware_config_msgs/lib/python2.7/dist-packages:${PYTHONPATH} ROS_PACKAGE_PATH=/home/agilex/autoware.ai/install/autoware_msgs/share:/home/agilex/autoware.ai/install/autoware_config_msgs/share:/home/agilex/autoware.ai/install/autoware_build_flags/share:${ROS_PACKAGE_PATH} /usr/bin/cmake --build /home/agilex/autoware.ai/build/vision_darknet_detect --target install -- -j8 -l8
[23.137s] [  0%] Built target jsk_footstep_msgs_generate_messages_nodejs
[23.159s] [  0%] Built target sensor_msgs_generate_messages_cpp
[23.178s] [  0%] Built target std_msgs_generate_messages_lisp
[23.197s] [  0%] Built target rosgraph_msgs_generate_messages_nodejs
[23.218s] [  0%] Built target rosgraph_msgs_generate_messages_lisp
[23.241s] [  0%] Built target roscpp_generate_messages_py
[23.259s] [  0%] Built target sensor_msgs_generate_messages_eus
[23.279s] [  0%] Built target pcl_msgs_generate_messages_py
[23.297s] [  0%] Built target std_msgs_generate_messages_nodejs
[23.325s] [  0%] Built target roscpp_generate_messages_nodejs
[23.342s] [  0%] Built target roscpp_generate_messages_eus
[23.363s] [  0%] Built target autoware_config_msgs_generate_messages_nodejs
[23.383s] [  0%] Built target geometry_msgs_generate_messages_eus
[23.400s] [  0%] Built target std_msgs_generate_messages_eus
[23.417s] [  0%] Built target autoware_msgs_generate_messages_nodejs
[23.435s] [  0%] Built target pcl_msgs_generate_messages_lisp
[23.455s] [  0%] Built target autoware_msgs_generate_messages_eus
[23.473s] [  0%] Built target sensor_msgs_generate_messages_lisp
[23.492s] [  0%] Built target jsk_recognition_msgs_generate_messages_cpp
[23.510s] [  0%] Built target pcl_msgs_generate_messages_cpp
[23.531s] [  0%] Built target rosgraph_msgs_generate_messages_cpp
[23.554s] [  0%] Built target autoware_msgs_generate_messages_cpp
[23.576s] [  0%] Built target geometry_msgs_generate_messages_nodejs
[23.596s] [  0%] Built target std_msgs_generate_messages_py
[23.615s] [  0%] Built target autoware_msgs_generate_messages_py
[23.633s] [  0%] Built target geometry_msgs_generate_messages_lisp
[23.650s] [  0%] Built target geometry_msgs_generate_messages_cpp
[23.668s] [  0%] Built target std_msgs_generate_messages_cpp
[23.685s] [  0%] Built target jsk_footstep_msgs_generate_messages_py
[23.708s] [  0%] Built target actionlib_msgs_generate_messages_eus
[23.726s] [  0%] Built target autoware_msgs_generate_messages_lisp
[23.744s] [  0%] Built target roscpp_generate_messages_cpp
[23.762s] [  0%] Built target sensor_msgs_generate_messages_nodejs
[23.779s] [  0%] Built target sensor_msgs_generate_messages_py
[23.798s] [  0%] Built target autoware_config_msgs_generate_messages_cpp
[23.816s] [  0%] Built target jsk_recognition_msgs_generate_messages_eus
[23.833s] [  0%] Built target actionlib_msgs_generate_messages_cpp
[23.851s] [  0%] Built target jsk_recognition_msgs_generate_messages_lisp
[23.868s] [  0%] Built target rosgraph_msgs_generate_messages_eus
[23.885s] [  0%] Built target jsk_recognition_msgs_generate_messages_nodejs
[23.902s] [  0%] Built target pcl_msgs_generate_messages_eus
[23.920s] [  0%] Built target jsk_recognition_msgs_generate_messages_py
[23.937s] [  0%] Built target pcl_msgs_generate_messages_nodejs
[23.954s] [  0%] Built target geometry_msgs_generate_messages_py
[23.972s] [  0%] Built target jsk_footstep_msgs_generate_messages_cpp
[23.990s] [  0%] Built target actionlib_msgs_generate_messages_py
[24.008s] [  0%] Built target jsk_footstep_msgs_generate_messages_eus
[24.025s] [  0%] Built target autoware_config_msgs_generate_messages_eus
[24.042s] [  0%] Built target jsk_footstep_msgs_generate_messages_lisp
[24.059s] [  0%] Built target actionlib_msgs_generate_messages_lisp
[24.083s] [  0%] Built target actionlib_msgs_generate_messages_nodejs
[24.101s] [  0%] Built target autoware_config_msgs_generate_messages_lisp
[24.118s] [  0%] Built target autoware_config_msgs_generate_messages_py
[24.135s] [  0%] Built target rosgraph_msgs_generate_messages_py
[24.153s] [  0%] Built target roscpp_generate_messages_lisp
[24.183s] [ 93%] Built target vision_darknet_detect_lib
[24.207s] [100%] Built target vision_darknet_detect
[24.225s] [36mInstall the project...[0m
[24.233s] -- Install configuration: "Release"
[24.233s] -- Installing: /home/agilex/autoware.ai/install/vision_darknet_detect/lib/pkgconfig/vision_darknet_detect.pc
[24.233s] -- Installing: /home/agilex/autoware.ai/install/vision_darknet_detect/share/vision_darknet_detect/cmake/vision_darknet_detectConfig.cmake
[24.234s] -- Installing: /home/agilex/autoware.ai/install/vision_darknet_detect/share/vision_darknet_detect/cmake/vision_darknet_detectConfig-version.cmake
[24.234s] -- Installing: /home/agilex/autoware.ai/install/vision_darknet_detect/share/vision_darknet_detect/package.xml
[24.235s] -- Installing: /home/agilex/autoware.ai/install/vision_darknet_detect/lib/libvision_darknet_detect_lib.so
[24.235s] -- Set runtime path of "/home/agilex/autoware.ai/install/vision_darknet_detect/lib/libvision_darknet_detect_lib.so" to ""
[24.235s] -- Installing: /home/agilex/autoware.ai/install/vision_darknet_detect/lib/vision_darknet_detect/vision_darknet_detect
[24.237s] -- Set runtime path of "/home/agilex/autoware.ai/install/vision_darknet_detect/lib/vision_darknet_detect/vision_darknet_detect" to ""
[24.237s] -- Installing: /home/agilex/autoware.ai/install/vision_darknet_detect/share/vision_darknet_detect/launch
[24.238s] -- Installing: /home/agilex/autoware.ai/install/vision_darknet_detect/share/vision_darknet_detect/launch/vision_yolo2_detect.launch
[24.238s] -- Installing: /home/agilex/autoware.ai/install/vision_darknet_detect/share/vision_darknet_detect/launch/vision_yolo3_detect.launch
[24.238s] -- Installing: /home/agilex/autoware.ai/install/vision_darknet_detect/share/vision_darknet_detect/darknet/cfg/
[24.238s] -- Installing: /home/agilex/autoware.ai/install/vision_darknet_detect/share/vision_darknet_detect/darknet/cfg//yolov3-voc.cfg
[24.238s] -- Installing: /home/agilex/autoware.ai/install/vision_darknet_detect/share/vision_darknet_detect/darknet/cfg//yolov3.cfg
[24.238s] -- Installing: /home/agilex/autoware.ai/install/vision_darknet_detect/share/vision_darknet_detect/darknet/cfg//voc.names
[24.238s] -- Installing: /home/agilex/autoware.ai/install/vision_darknet_detect/share/vision_darknet_detect/darknet/cfg//coco.names
[24.238s] -- Installing: /home/agilex/autoware.ai/install/vision_darknet_detect/share/vision_darknet_detect/darknet/cfg//yolov2.cfg
[24.238s] -- Installing: /home/agilex/autoware.ai/install/vision_darknet_detect/share/vision_darknet_detect/darknet/cfg//yolov2-tiny.cfg
[24.238s] -- Installing: /home/agilex/autoware.ai/install/vision_darknet_detect/share/vision_darknet_detect/darknet/cfg//yolov3-tiny.cfg
[24.243s] Invoked command in '/home/agilex/autoware.ai/build/vision_darknet_detect' returned '0': CMAKE_PREFIX_PATH=/home/agilex/autoware.ai/install/autoware_msgs:/home/agilex/autoware.ai/install/autoware_config_msgs:/home/agilex/autoware.ai/install/autoware_build_flags:${CMAKE_PREFIX_PATH} PKG_CONFIG_PATH=/home/agilex/autoware.ai/install/autoware_msgs/lib/x86_64-linux-gnu/pkgconfig:/home/agilex/autoware.ai/install/autoware_msgs/lib/pkgconfig:/home/agilex/autoware.ai/install/autoware_config_msgs/lib/x86_64-linux-gnu/pkgconfig:/home/agilex/autoware.ai/install/autoware_config_msgs/lib/pkgconfig:/home/agilex/autoware.ai/install/autoware_build_flags/lib/x86_64-linux-gnu/pkgconfig:/home/agilex/autoware.ai/install/autoware_build_flags/lib/pkgconfig:${PKG_CONFIG_PATH} PYTHONPATH=/home/agilex/autoware.ai/install/autoware_msgs/lib/python2.7/dist-packages:/home/agilex/autoware.ai/install/autoware_config_msgs/lib/python2.7/dist-packages:${PYTHONPATH} ROS_PACKAGE_PATH=/home/agilex/autoware.ai/install/autoware_msgs/share:/home/agilex/autoware.ai/install/autoware_config_msgs/share:/home/agilex/autoware.ai/install/autoware_build_flags/share:${ROS_PACKAGE_PATH} /usr/bin/cmake --build /home/agilex/autoware.ai/build/vision_darknet_detect --target install -- -j8 -l8
