[0.127s] Invoking command in '/home/agilex/autoware.ai/build/op_global_planner': CMAKE_PREFIX_PATH=/home/agilex/autoware.ai/install/op_ros_helpers:/home/agilex/autoware.ai/install/op_simu:/home/agilex/autoware.ai/install/op_planner:/home/agilex/autoware.ai/install/op_utility:/home/agilex/autoware.ai/install/waypoint_follower:/home/agilex/autoware.ai/install/vector_map_server:/home/agilex/autoware.ai/install/map_file:/home/agilex/autoware.ai/install/vector_map:/home/agilex/autoware.ai/install/autoware_health_checker:/home/agilex/autoware.ai/install/amathutils_lib:/home/agilex/autoware.ai/install/vector_map_msgs:/home/agilex/autoware.ai/install/tablet_socket_msgs:/home/agilex/autoware.ai/install/autoware_system_msgs:/home/agilex/autoware.ai/install/autoware_msgs:/home/agilex/autoware.ai/install/autoware_config_msgs:/home/agilex/autoware.ai/install/autoware_can_msgs:/home/agilex/autoware.ai/install/autoware_build_flags:${CMAKE_PREFIX_PATH} LD_LIBRARY_PATH=/home/agilex/autoware.ai/install/op_ros_helpers/lib:/home/agilex/autoware.ai/install/op_simu/lib:/home/agilex/autoware.ai/install/op_planner/lib:/home/agilex/autoware.ai/install/op_utility/lib:/home/agilex/autoware.ai/install/waypoint_follower/lib:/home/agilex/autoware.ai/install/map_file/lib:/home/agilex/autoware.ai/install/vector_map/lib:/home/agilex/autoware.ai/install/autoware_health_checker/lib:/home/agilex/autoware.ai/install/amathutils_lib/lib:${LD_LIBRARY_PATH} PKG_CONFIG_PATH=/home/agilex/autoware.ai/install/op_ros_helpers/lib/x86_64-linux-gnu/pkgconfig:/home/agilex/autoware.ai/install/op_ros_helpers/lib/pkgconfig:/home/agilex/autoware.ai/install/op_simu/lib/x86_64-linux-gnu/pkgconfig:/home/agilex/autoware.ai/install/op_simu/lib/pkgconfig:/home/agilex/autoware.ai/install/op_planner/lib/x86_64-linux-gnu/pkgconfig:/home/agilex/autoware.ai/install/op_planner/lib/pkgconfig:/home/agilex/autoware.ai/install/op_utility/lib/x86_64-linux-gnu/pkgconfig:/home/agilex/autoware.ai/install/op_utility/lib/pkgconfig:/home/agilex/autoware.ai/install/waypoint_follower/lib/x86_64-linux-gnu/pkgconfig:/home/agilex/autoware.ai/install/waypoint_follower/lib/pkgconfig:/home/agilex/autoware.ai/install/vector_map_server/lib/x86_64-linux-gnu/pkgconfig:/home/agilex/autoware.ai/install/vector_map_server/lib/pkgconfig:/home/agilex/autoware.ai/install/map_file/lib/x86_64-linux-gnu/pkgconfig:/home/agilex/autoware.ai/install/map_file/lib/pkgconfig:/home/agilex/autoware.ai/install/vector_map/lib/x86_64-linux-gnu/pkgconfig:/home/agilex/autoware.ai/install/vector_map/lib/pkgconfig:/home/agilex/autoware.ai/install/autoware_health_checker/lib/x86_64-linux-gnu/pkgconfig:/home/agilex/autoware.ai/install/autoware_health_checker/lib/pkgconfig:/home/agilex/autoware.ai/install/amathutils_lib/lib/x86_64-linux-gnu/pkgconfig:/home/agilex/autoware.ai/install/amathutils_lib/lib/pkgconfig:/home/agilex/autoware.ai/install/vector_map_msgs/lib/x86_64-linux-gnu/pkgconfig:/home/agilex/autoware.ai/install/vector_map_msgs/lib/pkgconfig:/home/agilex/autoware.ai/install/tablet_socket_msgs/lib/x86_64-linux-gnu/pkgconfig:/home/agilex/autoware.ai/install/tablet_socket_msgs/lib/pkgconfig:/home/agilex/autoware.ai/install/autoware_system_msgs/lib/x86_64-linux-gnu/pkgconfig:/home/agilex/autoware.ai/install/autoware_system_msgs/lib/pkgconfig:/home/agilex/autoware.ai/install/autoware_msgs/lib/x86_64-linux-gnu/pkgconfig:/home/agilex/autoware.ai/install/autoware_msgs/lib/pkgconfig:/home/agilex/autoware.ai/install/autoware_config_msgs/lib/x86_64-linux-gnu/pkgconfig:/home/agilex/autoware.ai/install/autoware_config_msgs/lib/pkgconfig:/home/agilex/autoware.ai/install/autoware_can_msgs/lib/x86_64-linux-gnu/pkgconfig:/home/agilex/autoware.ai/install/autoware_can_msgs/lib/pkgconfig:/home/agilex/autoware.ai/install/autoware_build_flags/lib/x86_64-linux-gnu/pkgconfig:/home/agilex/autoware.ai/install/autoware_build_flags/lib/pkgconfig:${PKG_CONFIG_PATH} PYTHONPATH=/home/agilex/autoware.ai/install/vector_map_server/lib/python2.7/dist-packages:/home/agilex/autoware.ai/install/vector_map_msgs/lib/python2.7/dist-packages:/home/agilex/autoware.ai/install/tablet_socket_msgs/lib/python2.7/dist-packages:/home/agilex/autoware.ai/install/autoware_system_msgs/lib/python2.7/dist-packages:/home/agilex/autoware.ai/install/autoware_msgs/lib/python2.7/dist-packages:/home/agilex/autoware.ai/install/autoware_config_msgs/lib/python2.7/dist-packages:/home/agilex/autoware.ai/install/autoware_can_msgs/lib/python2.7/dist-packages:${PYTHONPATH} ROS_PACKAGE_PATH=/home/agilex/autoware.ai/install/op_ros_helpers/share:/home/agilex/autoware.ai/install/op_simu/share:/home/agilex/autoware.ai/install/op_planner/share:/home/agilex/autoware.ai/install/op_utility/share:/home/agilex/autoware.ai/install/waypoint_follower/share:/home/agilex/autoware.ai/install/vector_map_server/share:/home/agilex/autoware.ai/install/map_file/share:/home/agilex/autoware.ai/install/vector_map/share:/home/agilex/autoware.ai/install/autoware_health_checker/share:/home/agilex/autoware.ai/install/amathutils_lib/share:/home/agilex/autoware.ai/install/vector_map_msgs/share:/home/agilex/autoware.ai/install/tablet_socket_msgs/share:/home/agilex/autoware.ai/install/autoware_system_msgs/share:/home/agilex/autoware.ai/install/autoware_msgs/share:/home/agilex/autoware.ai/install/autoware_config_msgs/share:/home/agilex/autoware.ai/install/autoware_can_msgs/share:/home/agilex/autoware.ai/install/autoware_build_flags/share:${ROS_PACKAGE_PATH} /usr/bin/cmake /home/agilex/autoware.ai/src/autoware/core_planning/op_global_planner -DCMAKE_BUILD_TYPE=Release -DCATKIN_INSTALL_INTO_PREFIX_ROOT=0 -DCMAKE_INSTALL_PREFIX=/home/agilex/autoware.ai/install/op_global_planner
[0.225s] -- The C compiler identification is GNU 7.5.0
[0.287s] -- The CXX compiler identification is GNU 7.5.0
[0.292s] -- Check for working C compiler: /usr/bin/cc
[0.378s] -- Check for working C compiler: /usr/bin/cc -- works
[0.379s] -- Detecting C compiler ABI info
[0.486s] -- Detecting C compiler ABI info - done
[0.495s] -- Detecting C compile features
[0.802s] -- Detecting C compile features - done
[0.805s] -- Check for working CXX compiler: /usr/bin/c++
[0.907s] -- Check for working CXX compiler: /usr/bin/c++ -- works
[0.908s] -- Detecting CXX compiler ABI info
[0.982s] -- Detecting CXX compiler ABI info - done
[0.990s] -- Detecting CXX compile features
[1.322s] -- Detecting CXX compile features - done
[1.324s] -- CUDA compilation status: .
[1.356s] -- Using CATKIN_DEVEL_PREFIX: /home/agilex/autoware.ai/build/op_global_planner/devel
[1.356s] -- Using CMAKE_PREFIX_PATH: /home/agilex/autoware.ai/install/op_ros_helpers;/home/agilex/autoware.ai/install/op_simu;/home/agilex/autoware.ai/install/op_planner;/home/agilex/autoware.ai/install/op_utility;/home/agilex/autoware.ai/install/waypoint_follower;/home/agilex/autoware.ai/install/vector_map_server;/home/agilex/autoware.ai/install/map_file;/home/agilex/autoware.ai/install/vector_map;/home/agilex/autoware.ai/install/autoware_health_checker;/home/agilex/autoware.ai/install/amathutils_lib;/home/agilex/autoware.ai/install/vector_map_msgs;/home/agilex/autoware.ai/install/tablet_socket_msgs;/home/agilex/autoware.ai/install/autoware_system_msgs;/home/agilex/autoware.ai/install/autoware_msgs;/home/agilex/autoware.ai/install/autoware_config_msgs;/home/agilex/autoware.ai/install/autoware_can_msgs;/home/agilex/autoware.ai/install/autoware_build_flags;/opt/ros/melodic
[1.356s] -- This workspace overlays: /home/agilex/autoware.ai/install/op_ros_helpers;/home/agilex/autoware.ai/install/op_simu;/home/agilex/autoware.ai/install/op_planner;/home/agilex/autoware.ai/install/op_utility;/home/agilex/autoware.ai/install/waypoint_follower;/home/agilex/autoware.ai/install/vector_map_server;/home/agilex/autoware.ai/install/map_file;/home/agilex/autoware.ai/install/vector_map;/home/agilex/autoware.ai/install/autoware_health_checker;/home/agilex/autoware.ai/install/amathutils_lib;/home/agilex/autoware.ai/install/vector_map_msgs;/home/agilex/autoware.ai/install/tablet_socket_msgs;/home/agilex/autoware.ai/install/autoware_system_msgs;/home/agilex/autoware.ai/install/autoware_msgs;/home/agilex/autoware.ai/install/autoware_config_msgs;/home/agilex/autoware.ai/install/autoware_can_msgs;/home/agilex/autoware.ai/install/autoware_build_flags;/opt/ros/melodic
[1.371s] -- Found PythonInterp: /usr/bin/python2 (found suitable version "2.7.17", minimum required is "2") 
[1.372s] -- Using PYTHON_EXECUTABLE: /usr/bin/python2
[1.373s] -- Using Debian Python package layout
[1.373s] -- Using empy: /usr/bin/empy
[1.528s] -- Using CATKIN_ENABLE_TESTING: ON
[1.528s] -- Call enable_testing()
[1.531s] -- Using CATKIN_TEST_RESULTS_DIR: /home/agilex/autoware.ai/build/op_global_planner/test_results
[1.549s] -- Found gtest sources under '/usr/src/googletest': gtests will be built
[1.549s] -- Found gmock sources under '/usr/src/googletest': gmock will be built
[1.563s] -- Found PythonInterp: /usr/bin/python2 (found version "2.7.17") 
[1.564s] -- Looking for pthread.h
[1.638s] -- Looking for pthread.h - found
[1.639s] -- Looking for pthread_create
[1.711s] -- Looking for pthread_create - not found
[1.711s] -- Looking for pthread_create in pthreads
[1.765s] -- Looking for pthread_create in pthreads - not found
[1.765s] -- Looking for pthread_create in pthread
[1.831s] -- Looking for pthread_create in pthread - found
[1.833s] -- Found Threads: TRUE  
[1.837s] -- Using Python nosetests: /usr/bin/nosetests-2.7
[1.882s] -- catkin 0.7.29
[1.882s] -- BUILD_SHARED_LIBS is on
[2.084s] -- Using these message generators: gencpp;geneus;genlisp;gennodejs;genpy
[3.940s] -- Configuring done
[4.003s] -- Generating done
[4.017s] -- Build files have been written to: /home/agilex/autoware.ai/build/op_global_planner
[4.026s] Invoked command in '/home/agilex/autoware.ai/build/op_global_planner' returned '0': CMAKE_PREFIX_PATH=/home/agilex/autoware.ai/install/op_ros_helpers:/home/agilex/autoware.ai/install/op_simu:/home/agilex/autoware.ai/install/op_planner:/home/agilex/autoware.ai/install/op_utility:/home/agilex/autoware.ai/install/waypoint_follower:/home/agilex/autoware.ai/install/vector_map_server:/home/agilex/autoware.ai/install/map_file:/home/agilex/autoware.ai/install/vector_map:/home/agilex/autoware.ai/install/autoware_health_checker:/home/agilex/autoware.ai/install/amathutils_lib:/home/agilex/autoware.ai/install/vector_map_msgs:/home/agilex/autoware.ai/install/tablet_socket_msgs:/home/agilex/autoware.ai/install/autoware_system_msgs:/home/agilex/autoware.ai/install/autoware_msgs:/home/agilex/autoware.ai/install/autoware_config_msgs:/home/agilex/autoware.ai/install/autoware_can_msgs:/home/agilex/autoware.ai/install/autoware_build_flags:${CMAKE_PREFIX_PATH} LD_LIBRARY_PATH=/home/agilex/autoware.ai/install/op_ros_helpers/lib:/home/agilex/autoware.ai/install/op_simu/lib:/home/agilex/autoware.ai/install/op_planner/lib:/home/agilex/autoware.ai/install/op_utility/lib:/home/agilex/autoware.ai/install/waypoint_follower/lib:/home/agilex/autoware.ai/install/map_file/lib:/home/agilex/autoware.ai/install/vector_map/lib:/home/agilex/autoware.ai/install/autoware_health_checker/lib:/home/agilex/autoware.ai/install/amathutils_lib/lib:${LD_LIBRARY_PATH} PKG_CONFIG_PATH=/home/agilex/autoware.ai/install/op_ros_helpers/lib/x86_64-linux-gnu/pkgconfig:/home/agilex/autoware.ai/install/op_ros_helpers/lib/pkgconfig:/home/agilex/autoware.ai/install/op_simu/lib/x86_64-linux-gnu/pkgconfig:/home/agilex/autoware.ai/install/op_simu/lib/pkgconfig:/home/agilex/autoware.ai/install/op_planner/lib/x86_64-linux-gnu/pkgconfig:/home/agilex/autoware.ai/install/op_planner/lib/pkgconfig:/home/agilex/autoware.ai/install/op_utility/lib/x86_64-linux-gnu/pkgconfig:/home/agilex/autoware.ai/install/op_utility/lib/pkgconfig:/home/agilex/autoware.ai/install/waypoint_follower/lib/x86_64-linux-gnu/pkgconfig:/home/agilex/autoware.ai/install/waypoint_follower/lib/pkgconfig:/home/agilex/autoware.ai/install/vector_map_server/lib/x86_64-linux-gnu/pkgconfig:/home/agilex/autoware.ai/install/vector_map_server/lib/pkgconfig:/home/agilex/autoware.ai/install/map_file/lib/x86_64-linux-gnu/pkgconfig:/home/agilex/autoware.ai/install/map_file/lib/pkgconfig:/home/agilex/autoware.ai/install/vector_map/lib/x86_64-linux-gnu/pkgconfig:/home/agilex/autoware.ai/install/vector_map/lib/pkgconfig:/home/agilex/autoware.ai/install/autoware_health_checker/lib/x86_64-linux-gnu/pkgconfig:/home/agilex/autoware.ai/install/autoware_health_checker/lib/pkgconfig:/home/agilex/autoware.ai/install/amathutils_lib/lib/x86_64-linux-gnu/pkgconfig:/home/agilex/autoware.ai/install/amathutils_lib/lib/pkgconfig:/home/agilex/autoware.ai/install/vector_map_msgs/lib/x86_64-linux-gnu/pkgconfig:/home/agilex/autoware.ai/install/vector_map_msgs/lib/pkgconfig:/home/agilex/autoware.ai/install/tablet_socket_msgs/lib/x86_64-linux-gnu/pkgconfig:/home/agilex/autoware.ai/install/tablet_socket_msgs/lib/pkgconfig:/home/agilex/autoware.ai/install/autoware_system_msgs/lib/x86_64-linux-gnu/pkgconfig:/home/agilex/autoware.ai/install/autoware_system_msgs/lib/pkgconfig:/home/agilex/autoware.ai/install/autoware_msgs/lib/x86_64-linux-gnu/pkgconfig:/home/agilex/autoware.ai/install/autoware_msgs/lib/pkgconfig:/home/agilex/autoware.ai/install/autoware_config_msgs/lib/x86_64-linux-gnu/pkgconfig:/home/agilex/autoware.ai/install/autoware_config_msgs/lib/pkgconfig:/home/agilex/autoware.ai/install/autoware_can_msgs/lib/x86_64-linux-gnu/pkgconfig:/home/agilex/autoware.ai/install/autoware_can_msgs/lib/pkgconfig:/home/agilex/autoware.ai/install/autoware_build_flags/lib/x86_64-linux-gnu/pkgconfig:/home/agilex/autoware.ai/install/autoware_build_flags/lib/pkgconfig:${PKG_CONFIG_PATH} PYTHONPATH=/home/agilex/autoware.ai/install/vector_map_server/lib/python2.7/dist-packages:/home/agilex/autoware.ai/install/vector_map_msgs/lib/python2.7/dist-packages:/home/agilex/autoware.ai/install/tablet_socket_msgs/lib/python2.7/dist-packages:/home/agilex/autoware.ai/install/autoware_system_msgs/lib/python2.7/dist-packages:/home/agilex/autoware.ai/install/autoware_msgs/lib/python2.7/dist-packages:/home/agilex/autoware.ai/install/autoware_config_msgs/lib/python2.7/dist-packages:/home/agilex/autoware.ai/install/autoware_can_msgs/lib/python2.7/dist-packages:${PYTHONPATH} ROS_PACKAGE_PATH=/home/agilex/autoware.ai/install/op_ros_helpers/share:/home/agilex/autoware.ai/install/op_simu/share:/home/agilex/autoware.ai/install/op_planner/share:/home/agilex/autoware.ai/install/op_utility/share:/home/agilex/autoware.ai/install/waypoint_follower/share:/home/agilex/autoware.ai/install/vector_map_server/share:/home/agilex/autoware.ai/install/map_file/share:/home/agilex/autoware.ai/install/vector_map/share:/home/agilex/autoware.ai/install/autoware_health_checker/share:/home/agilex/autoware.ai/install/amathutils_lib/share:/home/agilex/autoware.ai/install/vector_map_msgs/share:/home/agilex/autoware.ai/install/tablet_socket_msgs/share:/home/agilex/autoware.ai/install/autoware_system_msgs/share:/home/agilex/autoware.ai/install/autoware_msgs/share:/home/agilex/autoware.ai/install/autoware_config_msgs/share:/home/agilex/autoware.ai/install/autoware_can_msgs/share:/home/agilex/autoware.ai/install/autoware_build_flags/share:${ROS_PACKAGE_PATH} /usr/bin/cmake /home/agilex/autoware.ai/src/autoware/core_planning/op_global_planner -DCMAKE_BUILD_TYPE=Release -DCATKIN_INSTALL_INTO_PREFIX_ROOT=0 -DCMAKE_INSTALL_PREFIX=/home/agilex/autoware.ai/install/op_global_planner
[4.027s] Invoking command in '/home/agilex/autoware.ai/build/op_global_planner': CMAKE_PREFIX_PATH=/home/agilex/autoware.ai/install/op_ros_helpers:/home/agilex/autoware.ai/install/op_simu:/home/agilex/autoware.ai/install/op_planner:/home/agilex/autoware.ai/install/op_utility:/home/agilex/autoware.ai/install/waypoint_follower:/home/agilex/autoware.ai/install/vector_map_server:/home/agilex/autoware.ai/install/map_file:/home/agilex/autoware.ai/install/vector_map:/home/agilex/autoware.ai/install/autoware_health_checker:/home/agilex/autoware.ai/install/amathutils_lib:/home/agilex/autoware.ai/install/vector_map_msgs:/home/agilex/autoware.ai/install/tablet_socket_msgs:/home/agilex/autoware.ai/install/autoware_system_msgs:/home/agilex/autoware.ai/install/autoware_msgs:/home/agilex/autoware.ai/install/autoware_config_msgs:/home/agilex/autoware.ai/install/autoware_can_msgs:/home/agilex/autoware.ai/install/autoware_build_flags:${CMAKE_PREFIX_PATH} LD_LIBRARY_PATH=/home/agilex/autoware.ai/install/op_ros_helpers/lib:/home/agilex/autoware.ai/install/op_simu/lib:/home/agilex/autoware.ai/install/op_planner/lib:/home/agilex/autoware.ai/install/op_utility/lib:/home/agilex/autoware.ai/install/waypoint_follower/lib:/home/agilex/autoware.ai/install/map_file/lib:/home/agilex/autoware.ai/install/vector_map/lib:/home/agilex/autoware.ai/install/autoware_health_checker/lib:/home/agilex/autoware.ai/install/amathutils_lib/lib:${LD_LIBRARY_PATH} PKG_CONFIG_PATH=/home/agilex/autoware.ai/install/op_ros_helpers/lib/x86_64-linux-gnu/pkgconfig:/home/agilex/autoware.ai/install/op_ros_helpers/lib/pkgconfig:/home/agilex/autoware.ai/install/op_simu/lib/x86_64-linux-gnu/pkgconfig:/home/agilex/autoware.ai/install/op_simu/lib/pkgconfig:/home/agilex/autoware.ai/install/op_planner/lib/x86_64-linux-gnu/pkgconfig:/home/agilex/autoware.ai/install/op_planner/lib/pkgconfig:/home/agilex/autoware.ai/install/op_utility/lib/x86_64-linux-gnu/pkgconfig:/home/agilex/autoware.ai/install/op_utility/lib/pkgconfig:/home/agilex/autoware.ai/install/waypoint_follower/lib/x86_64-linux-gnu/pkgconfig:/home/agilex/autoware.ai/install/waypoint_follower/lib/pkgconfig:/home/agilex/autoware.ai/install/vector_map_server/lib/x86_64-linux-gnu/pkgconfig:/home/agilex/autoware.ai/install/vector_map_server/lib/pkgconfig:/home/agilex/autoware.ai/install/map_file/lib/x86_64-linux-gnu/pkgconfig:/home/agilex/autoware.ai/install/map_file/lib/pkgconfig:/home/agilex/autoware.ai/install/vector_map/lib/x86_64-linux-gnu/pkgconfig:/home/agilex/autoware.ai/install/vector_map/lib/pkgconfig:/home/agilex/autoware.ai/install/autoware_health_checker/lib/x86_64-linux-gnu/pkgconfig:/home/agilex/autoware.ai/install/autoware_health_checker/lib/pkgconfig:/home/agilex/autoware.ai/install/amathutils_lib/lib/x86_64-linux-gnu/pkgconfig:/home/agilex/autoware.ai/install/amathutils_lib/lib/pkgconfig:/home/agilex/autoware.ai/install/vector_map_msgs/lib/x86_64-linux-gnu/pkgconfig:/home/agilex/autoware.ai/install/vector_map_msgs/lib/pkgconfig:/home/agilex/autoware.ai/install/tablet_socket_msgs/lib/x86_64-linux-gnu/pkgconfig:/home/agilex/autoware.ai/install/tablet_socket_msgs/lib/pkgconfig:/home/agilex/autoware.ai/install/autoware_system_msgs/lib/x86_64-linux-gnu/pkgconfig:/home/agilex/autoware.ai/install/autoware_system_msgs/lib/pkgconfig:/home/agilex/autoware.ai/install/autoware_msgs/lib/x86_64-linux-gnu/pkgconfig:/home/agilex/autoware.ai/install/autoware_msgs/lib/pkgconfig:/home/agilex/autoware.ai/install/autoware_config_msgs/lib/x86_64-linux-gnu/pkgconfig:/home/agilex/autoware.ai/install/autoware_config_msgs/lib/pkgconfig:/home/agilex/autoware.ai/install/autoware_can_msgs/lib/x86_64-linux-gnu/pkgconfig:/home/agilex/autoware.ai/install/autoware_can_msgs/lib/pkgconfig:/home/agilex/autoware.ai/install/autoware_build_flags/lib/x86_64-linux-gnu/pkgconfig:/home/agilex/autoware.ai/install/autoware_build_flags/lib/pkgconfig:${PKG_CONFIG_PATH} PYTHONPATH=/home/agilex/autoware.ai/install/vector_map_server/lib/python2.7/dist-packages:/home/agilex/autoware.ai/install/vector_map_msgs/lib/python2.7/dist-packages:/home/agilex/autoware.ai/install/tablet_socket_msgs/lib/python2.7/dist-packages:/home/agilex/autoware.ai/install/autoware_system_msgs/lib/python2.7/dist-packages:/home/agilex/autoware.ai/install/autoware_msgs/lib/python2.7/dist-packages:/home/agilex/autoware.ai/install/autoware_config_msgs/lib/python2.7/dist-packages:/home/agilex/autoware.ai/install/autoware_can_msgs/lib/python2.7/dist-packages:${PYTHONPATH} ROS_PACKAGE_PATH=/home/agilex/autoware.ai/install/op_ros_helpers/share:/home/agilex/autoware.ai/install/op_simu/share:/home/agilex/autoware.ai/install/op_planner/share:/home/agilex/autoware.ai/install/op_utility/share:/home/agilex/autoware.ai/install/waypoint_follower/share:/home/agilex/autoware.ai/install/vector_map_server/share:/home/agilex/autoware.ai/install/map_file/share:/home/agilex/autoware.ai/install/vector_map/share:/home/agilex/autoware.ai/install/autoware_health_checker/share:/home/agilex/autoware.ai/install/amathutils_lib/share:/home/agilex/autoware.ai/install/vector_map_msgs/share:/home/agilex/autoware.ai/install/tablet_socket_msgs/share:/home/agilex/autoware.ai/install/autoware_system_msgs/share:/home/agilex/autoware.ai/install/autoware_msgs/share:/home/agilex/autoware.ai/install/autoware_config_msgs/share:/home/agilex/autoware.ai/install/autoware_can_msgs/share:/home/agilex/autoware.ai/install/autoware_build_flags/share:${ROS_PACKAGE_PATH} /usr/bin/cmake --build /home/agilex/autoware.ai/build/op_global_planner -- -j8 -l8
[4.072s] [35m[1mScanning dependencies of target autoware_config_msgs_generate_messages_lisp[0m
[4.082s] [  0%] Built target autoware_config_msgs_generate_messages_lisp
[4.093s] [35m[1mScanning dependencies of target trajectory_msgs_generate_messages_py[0m
[4.104s] [  0%] Built target trajectory_msgs_generate_messages_py
[4.116s] [35m[1mScanning dependencies of target trajectory_msgs_generate_messages_eus[0m
[4.125s] [  0%] Built target trajectory_msgs_generate_messages_eus
[4.134s] [35m[1mScanning dependencies of target trajectory_msgs_generate_messages_cpp[0m
[4.144s] [  0%] Built target trajectory_msgs_generate_messages_cpp
[4.154s] [35m[1mScanning dependencies of target gazebo_msgs_generate_messages_eus[0m
[4.163s] [  0%] Built target gazebo_msgs_generate_messages_eus
[4.172s] [35m[1mScanning dependencies of target gazebo_msgs_generate_messages_lisp[0m
[4.183s] [  0%] Built target gazebo_msgs_generate_messages_lisp
[4.198s] [35m[1mScanning dependencies of target autoware_system_msgs_generate_messages_eus[0m
[4.208s] [  0%] Built target autoware_system_msgs_generate_messages_eus
[4.218s] [35m[1mScanning dependencies of target autoware_system_msgs_generate_messages_cpp[0m
[4.228s] [  0%] Built target autoware_system_msgs_generate_messages_cpp
[4.241s] [35m[1mScanning dependencies of target visualization_msgs_generate_messages_nodejs[0m
[4.251s] [  0%] Built target visualization_msgs_generate_messages_nodejs
[4.261s] [35m[1mScanning dependencies of target tablet_socket_msgs_generate_messages_lisp[0m
[4.271s] [  0%] Built target tablet_socket_msgs_generate_messages_lisp
[4.281s] [35m[1mScanning dependencies of target topic_tools_generate_messages_nodejs[0m
[4.291s] [  0%] Built target topic_tools_generate_messages_nodejs
[4.302s] [35m[1mScanning dependencies of target topic_tools_generate_messages_eus[0m
[4.312s] [  0%] Built target topic_tools_generate_messages_eus
[4.322s] [35m[1mScanning dependencies of target topic_tools_generate_messages_cpp[0m
[4.332s] [  0%] Built target topic_tools_generate_messages_cpp
[4.342s] [35m[1mScanning dependencies of target std_srvs_generate_messages_py[0m
[4.352s] [  0%] Built target std_srvs_generate_messages_py
[4.362s] [35m[1mScanning dependencies of target std_srvs_generate_messages_nodejs[0m
[4.371s] [  0%] Built target std_srvs_generate_messages_nodejs
[4.381s] [35m[1mScanning dependencies of target std_srvs_generate_messages_lisp[0m
[4.390s] [  0%] Built target std_srvs_generate_messages_lisp
[4.403s] [35m[1mScanning dependencies of target bond_generate_messages_lisp[0m
[4.414s] [  0%] Built target bond_generate_messages_lisp
[4.423s] [35m[1mScanning dependencies of target bond_generate_messages_eus[0m
[4.437s] [  0%] Built target bond_generate_messages_eus
[4.447s] [35m[1mScanning dependencies of target trajectory_msgs_generate_messages_lisp[0m
[4.457s] [  0%] Built target trajectory_msgs_generate_messages_lisp
[4.467s] [35m[1mScanning dependencies of target bond_generate_messages_cpp[0m
[4.476s] [  0%] Built target bond_generate_messages_cpp
[4.485s] [35m[1mScanning dependencies of target nodelet_generate_messages_nodejs[0m
[4.500s] [  0%] Built target nodelet_generate_messages_nodejs
[4.510s] [35m[1mScanning dependencies of target nodelet_generate_messages_eus[0m
[4.521s] [  0%] Built target nodelet_generate_messages_eus
[4.531s] [35m[1mScanning dependencies of target nodelet_generate_messages_cpp[0m
[4.543s] [  0%] Built target nodelet_generate_messages_cpp
[4.553s] [35m[1mScanning dependencies of target autoware_can_msgs_generate_messages_lisp[0m
[4.563s] [  0%] Built target autoware_can_msgs_generate_messages_lisp
[4.573s] [35m[1mScanning dependencies of target dynamic_reconfigure_generate_messages_py[0m
[4.583s] [  0%] Built target dynamic_reconfigure_generate_messages_py
[4.592s] [35m[1mScanning dependencies of target autoware_can_msgs_generate_messages_py[0m
[4.602s] [  0%] Built target autoware_can_msgs_generate_messages_py
[4.612s] [35m[1mScanning dependencies of target dynamic_reconfigure_generate_messages_nodejs[0m
[4.623s] [  0%] Built target dynamic_reconfigure_generate_messages_nodejs
[4.634s] [35m[1mScanning dependencies of target gazebo_msgs_generate_messages_cpp[0m
[4.646s] [  0%] Built target gazebo_msgs_generate_messages_cpp
[4.657s] [35m[1mScanning dependencies of target dynamic_reconfigure_generate_messages_lisp[0m
[4.667s] [  0%] Built target dynamic_reconfigure_generate_messages_lisp
[4.680s] [35m[1mScanning dependencies of target dynamic_reconfigure_generate_messages_eus[0m
[4.693s] [  0%] Built target dynamic_reconfigure_generate_messages_eus
[4.704s] [35m[1mScanning dependencies of target pcl_ros_gencfg[0m
[4.714s] [  0%] Built target pcl_ros_gencfg
[4.725s] [35m[1mScanning dependencies of target trajectory_msgs_generate_messages_nodejs[0m
[4.735s] [  0%] Built target trajectory_msgs_generate_messages_nodejs
[4.745s] [35m[1mScanning dependencies of target bond_generate_messages_nodejs[0m
[4.756s] [  0%] Built target bond_generate_messages_nodejs
[4.766s] [35m[1mScanning dependencies of target autoware_config_msgs_generate_messages_py[0m
[4.776s] [  0%] Built target autoware_config_msgs_generate_messages_py
[4.788s] [35m[1mScanning dependencies of target rosgraph_msgs_generate_messages_lisp[0m
[4.798s] [  0%] Built target rosgraph_msgs_generate_messages_lisp
[4.807s] [35m[1mScanning dependencies of target gazebo_msgs_generate_messages_nodejs[0m
[4.817s] [  0%] Built target gazebo_msgs_generate_messages_nodejs
[4.827s] [35m[1mScanning dependencies of target rosgraph_msgs_generate_messages_eus[0m
[4.839s] [  0%] Built target rosgraph_msgs_generate_messages_eus
[4.849s] [35m[1mScanning dependencies of target geometry_msgs_generate_messages_eus[0m
[4.861s] [  0%] Built target geometry_msgs_generate_messages_eus
[4.870s] [35m[1mScanning dependencies of target geometry_msgs_generate_messages_py[0m
[4.880s] [  0%] Built target geometry_msgs_generate_messages_py
[4.890s] [35m[1mScanning dependencies of target tf_generate_messages_lisp[0m
[4.906s] [  0%] Built target tf_generate_messages_lisp
[4.916s] [35m[1mScanning dependencies of target std_srvs_generate_messages_eus[0m
[4.925s] [  0%] Built target std_srvs_generate_messages_eus
[4.935s] [35m[1mScanning dependencies of target jsk_recognition_msgs_generate_messages_nodejs[0m
[4.947s] [  0%] Built target jsk_recognition_msgs_generate_messages_nodejs
[4.957s] [35m[1mScanning dependencies of target roscpp_generate_messages_lisp[0m
[4.966s] [  0%] Built target roscpp_generate_messages_lisp
[4.975s] [35m[1mScanning dependencies of target geometry_msgs_generate_messages_lisp[0m
[4.985s] [  0%] Built target geometry_msgs_generate_messages_lisp
[4.999s] [35m[1mScanning dependencies of target roscpp_generate_messages_py[0m
[5.009s] [  0%] Built target roscpp_generate_messages_py
[5.019s] [35m[1mScanning dependencies of target autoware_config_msgs_generate_messages_nodejs[0m
[5.030s] [  0%] Built target autoware_config_msgs_generate_messages_nodejs
[5.039s] [35m[1mScanning dependencies of target tf_generate_messages_nodejs[0m
[5.049s] [  0%] Built target tf_generate_messages_nodejs
[5.059s] [35m[1mScanning dependencies of target std_srvs_generate_messages_cpp[0m
[5.068s] [  0%] Built target std_srvs_generate_messages_cpp
[5.078s] [35m[1mScanning dependencies of target sensor_msgs_generate_messages_lisp[0m
[5.088s] [  0%] Built target sensor_msgs_generate_messages_lisp
[5.100s] [35m[1mScanning dependencies of target rosgraph_msgs_generate_messages_cpp[0m
[5.110s] [  0%] Built target rosgraph_msgs_generate_messages_cpp
[5.121s] [35m[1mScanning dependencies of target autoware_msgs_generate_messages_cpp[0m
[5.131s] [  0%] Built target autoware_msgs_generate_messages_cpp
[5.142s] [35m[1mScanning dependencies of target autoware_system_msgs_generate_messages_lisp[0m
[5.152s] [  0%] Built target autoware_system_msgs_generate_messages_lisp
[5.162s] [35m[1mScanning dependencies of target vector_map_msgs_generate_messages_lisp[0m
[5.171s] [  0%] Built target vector_map_msgs_generate_messages_lisp
[5.181s] [35m[1mScanning dependencies of target tf_generate_messages_eus[0m
[5.195s] [  0%] Built target tf_generate_messages_eus
[5.205s] [35m[1mScanning dependencies of target jsk_footstep_msgs_generate_messages_cpp[0m
[5.215s] [  0%] Built target jsk_footstep_msgs_generate_messages_cpp
[5.225s] [35m[1mScanning dependencies of target actionlib_msgs_generate_messages_cpp[0m
[5.236s] [  0%] Built target actionlib_msgs_generate_messages_cpp
[5.246s] [35m[1mScanning dependencies of target vector_map_msgs_generate_messages_cpp[0m
[5.257s] [  0%] Built target vector_map_msgs_generate_messages_cpp
[5.268s] [35m[1mScanning dependencies of target vector_map_msgs_generate_messages_eus[0m
[5.278s] [  0%] Built target vector_map_msgs_generate_messages_eus
[5.288s] [35m[1mScanning dependencies of target tablet_socket_msgs_generate_messages_nodejs[0m
[5.303s] [  0%] Built target tablet_socket_msgs_generate_messages_nodejs
[5.316s] [35m[1mScanning dependencies of target dynamic_reconfigure_generate_messages_cpp[0m
[5.326s] [  0%] Built target dynamic_reconfigure_generate_messages_cpp
[5.337s] [35m[1mScanning dependencies of target tf_generate_messages_py[0m
[5.348s] [  0%] Built target tf_generate_messages_py
[5.359s] [35m[1mScanning dependencies of target nodelet_generate_messages_py[0m
[5.369s] [  0%] Built target nodelet_generate_messages_py
[5.380s] [35m[1mScanning dependencies of target sensor_msgs_generate_messages_py[0m
[5.390s] [  0%] Built target sensor_msgs_generate_messages_py
[5.400s] [35m[1mScanning dependencies of target visualization_msgs_generate_messages_lisp[0m
[5.409s] [  0%] Built target visualization_msgs_generate_messages_lisp
[5.419s] [35m[1mScanning dependencies of target std_msgs_generate_messages_eus[0m
[5.428s] [  0%] Built target std_msgs_generate_messages_eus
[5.438s] [35m[1mScanning dependencies of target vector_map_msgs_generate_messages_py[0m
[5.448s] [  0%] Built target vector_map_msgs_generate_messages_py
[5.459s] [35m[1mScanning dependencies of target sensor_msgs_generate_messages_cpp[0m
[5.472s] [  0%] Built target sensor_msgs_generate_messages_cpp
[5.482s] [35m[1mScanning dependencies of target roscpp_generate_messages_nodejs[0m
[5.491s] [  0%] Built target roscpp_generate_messages_nodejs
[5.501s] [35m[1mScanning dependencies of target std_msgs_generate_messages_lisp[0m
[5.511s] [  0%] Built target std_msgs_generate_messages_lisp
[5.521s] [35m[1mScanning dependencies of target std_msgs_generate_messages_nodejs[0m
[5.531s] [  0%] Built target std_msgs_generate_messages_nodejs
[5.541s] [35m[1mScanning dependencies of target bond_generate_messages_py[0m
[5.551s] [  0%] Built target bond_generate_messages_py
[5.561s] [35m[1mScanning dependencies of target vector_map_msgs_generate_messages_nodejs[0m
[5.571s] [  0%] Built target vector_map_msgs_generate_messages_nodejs
[5.585s] [35m[1mScanning dependencies of target std_msgs_generate_messages_cpp[0m
[5.595s] [  0%] Built target std_msgs_generate_messages_cpp
[5.605s] [35m[1mScanning dependencies of target tablet_socket_msgs_generate_messages_py[0m
[5.615s] [  0%] Built target tablet_socket_msgs_generate_messages_py
[5.626s] [35m[1mScanning dependencies of target jsk_footstep_msgs_generate_messages_py[0m
[5.642s] [  0%] Built target jsk_footstep_msgs_generate_messages_py
[5.652s] [35m[1mScanning dependencies of target std_msgs_generate_messages_py[0m
[5.662s] [  0%] Built target std_msgs_generate_messages_py
[5.680s] [35m[1mScanning dependencies of target nodelet_generate_messages_lisp[0m
[5.690s] [  0%] Built target nodelet_generate_messages_lisp
[5.700s] [35m[1mScanning dependencies of target autoware_msgs_generate_messages_py[0m
[5.710s] [  0%] Built target autoware_msgs_generate_messages_py
[5.720s] [35m[1mScanning dependencies of target vector_map_server_generate_messages_eus[0m
[5.730s] [  0%] Built target vector_map_server_generate_messages_eus
[5.740s] [35m[1mScanning dependencies of target roscpp_generate_messages_cpp[0m
[5.750s] [  0%] Built target roscpp_generate_messages_cpp
[5.760s] [35m[1mScanning dependencies of target autoware_system_msgs_generate_messages_py[0m
[5.770s] [  0%] Built target autoware_system_msgs_generate_messages_py
[5.780s] [35m[1mScanning dependencies of target sensor_msgs_generate_messages_nodejs[0m
[5.790s] [  0%] Built target sensor_msgs_generate_messages_nodejs
[5.800s] [35m[1mScanning dependencies of target actionlib_generate_messages_cpp[0m
[5.810s] [  0%] Built target actionlib_generate_messages_cpp
[5.820s] [35m[1mScanning dependencies of target geometry_msgs_generate_messages_nodejs[0m
[5.829s] [  0%] Built target geometry_msgs_generate_messages_nodejs
[5.839s] [35m[1mScanning dependencies of target gazebo_msgs_generate_messages_py[0m
[5.849s] [  0%] Built target gazebo_msgs_generate_messages_py
[5.859s] [35m[1mScanning dependencies of target topic_tools_generate_messages_py[0m
[5.870s] [  0%] Built target topic_tools_generate_messages_py
[5.881s] [35m[1mScanning dependencies of target nodelet_topic_tools_gencfg[0m
[5.892s] [  0%] Built target nodelet_topic_tools_gencfg
[5.902s] [35m[1mScanning dependencies of target actionlib_msgs_generate_messages_nodejs[0m
[5.912s] [  0%] Built target actionlib_msgs_generate_messages_nodejs
[5.922s] [35m[1mScanning dependencies of target sensor_msgs_generate_messages_eus[0m
[5.932s] [  0%] Built target sensor_msgs_generate_messages_eus
[5.942s] [35m[1mScanning dependencies of target geometry_msgs_generate_messages_cpp[0m
[5.952s] [  0%] Built target geometry_msgs_generate_messages_cpp
[5.962s] [35m[1mScanning dependencies of target actionlib_generate_messages_lisp[0m
[5.972s] [  0%] Built target actionlib_generate_messages_lisp
[5.984s] [35m[1mScanning dependencies of target autoware_can_msgs_generate_messages_eus[0m
[5.994s] [  0%] Built target autoware_can_msgs_generate_messages_eus
[6.003s] [35m[1mScanning dependencies of target vector_map_server_generate_messages_py[0m
[6.012s] [  0%] Built target vector_map_server_generate_messages_py
[6.022s] [35m[1mScanning dependencies of target roscpp_generate_messages_eus[0m
[6.032s] [  0%] Built target roscpp_generate_messages_eus
[6.042s] [35m[1mScanning dependencies of target rosgraph_msgs_generate_messages_py[0m
[6.051s] [  0%] Built target rosgraph_msgs_generate_messages_py
[6.064s] [35m[1mScanning dependencies of target actionlib_msgs_generate_messages_eus[0m
[6.075s] [  0%] Built target actionlib_msgs_generate_messages_eus
[6.085s] [35m[1mScanning dependencies of target autoware_msgs_generate_messages_lisp[0m
[6.095s] [  0%] Built target autoware_msgs_generate_messages_lisp
[6.105s] [35m[1mScanning dependencies of target autoware_system_msgs_generate_messages_nodejs[0m
[6.116s] [  0%] Built target autoware_system_msgs_generate_messages_nodejs
[6.127s] [35m[1mScanning dependencies of target actionlib_msgs_generate_messages_lisp[0m
[6.137s] [  0%] Built target actionlib_msgs_generate_messages_lisp
[6.147s] [35m[1mScanning dependencies of target actionlib_msgs_generate_messages_py[0m
[6.157s] [  0%] Built target actionlib_msgs_generate_messages_py
[6.167s] [35m[1mScanning dependencies of target jsk_footstep_msgs_generate_messages_eus[0m
[6.177s] [  0%] Built target jsk_footstep_msgs_generate_messages_eus
[6.188s] [35m[1mScanning dependencies of target tf2_msgs_generate_messages_cpp[0m
[6.198s] [  0%] Built target tf2_msgs_generate_messages_cpp
[6.210s] [35m[1mScanning dependencies of target jsk_recognition_msgs_generate_messages_eus[0m
[6.219s] [  0%] Built target jsk_recognition_msgs_generate_messages_eus
[6.231s] [35m[1mScanning dependencies of target rosgraph_msgs_generate_messages_nodejs[0m
[6.240s] [  0%] Built target rosgraph_msgs_generate_messages_nodejs
[6.249s] [35m[1mScanning dependencies of target autoware_config_msgs_generate_messages_cpp[0m
[6.261s] [  0%] Built target autoware_config_msgs_generate_messages_cpp
[6.275s] [35m[1mScanning dependencies of target visualization_msgs_generate_messages_cpp[0m
[6.284s] [  0%] Built target visualization_msgs_generate_messages_cpp
[6.293s] [35m[1mScanning dependencies of target tablet_socket_msgs_generate_messages_eus[0m
[6.303s] [  0%] Built target tablet_socket_msgs_generate_messages_eus
[6.319s] [35m[1mScanning dependencies of target tf2_msgs_generate_messages_eus[0m
[6.328s] [  0%] Built target tf2_msgs_generate_messages_eus
[6.338s] [35m[1mScanning dependencies of target dynamic_reconfigure_gencfg[0m
[6.349s] [  0%] Built target dynamic_reconfigure_gencfg
[6.357s] [35m[1mScanning dependencies of target tf2_msgs_generate_messages_lisp[0m
[6.366s] [  0%] Built target tf2_msgs_generate_messages_lisp
[6.375s] [35m[1mScanning dependencies of target actionlib_generate_messages_py[0m
[6.390s] [  0%] Built target actionlib_generate_messages_py
[6.394s] [35m[1mScanning dependencies of target tf2_msgs_generate_messages_py[0m
[6.411s] [  0%] Built target tf2_msgs_generate_messages_py
[6.426s] [35m[1mScanning dependencies of target tf2_msgs_generate_messages_nodejs[0m
[6.436s] [  0%] Built target tf2_msgs_generate_messages_nodejs
[6.452s] [35m[1mScanning dependencies of target autoware_msgs_generate_messages_eus[0m
[6.480s] [  0%] Built target autoware_msgs_generate_messages_eus
[6.506s] [35m[1mScanning dependencies of target autoware_msgs_generate_messages_nodejs[0m
[6.523s] [  0%] Built target autoware_msgs_generate_messages_nodejs
[6.536s] [35m[1mScanning dependencies of target topic_tools_generate_messages_lisp[0m
[6.552s] [  0%] Built target topic_tools_generate_messages_lisp
[6.572s] [35m[1mScanning dependencies of target jsk_recognition_msgs_generate_messages_cpp[0m
[6.593s] [  0%] Built target jsk_recognition_msgs_generate_messages_cpp
[6.614s] [35m[1mScanning dependencies of target jsk_recognition_msgs_generate_messages_lisp[0m
[6.634s] [  0%] Built target jsk_recognition_msgs_generate_messages_lisp
[6.652s] [35m[1mScanning dependencies of target jsk_recognition_msgs_generate_messages_py[0m
[6.671s] [  0%] Built target jsk_recognition_msgs_generate_messages_py
[6.685s] [35m[1mScanning dependencies of target pcl_msgs_generate_messages_cpp[0m
[6.696s] [  0%] Built target pcl_msgs_generate_messages_cpp
[6.720s] [35m[1mScanning dependencies of target pcl_msgs_generate_messages_eus[0m
[6.739s] [  0%] Built target pcl_msgs_generate_messages_eus
[6.751s] [35m[1mScanning dependencies of target tf_generate_messages_cpp[0m
[6.768s] [  0%] Built target tf_generate_messages_cpp
[6.789s] [35m[1mScanning dependencies of target actionlib_generate_messages_nodejs[0m
[6.806s] [  0%] Built target actionlib_generate_messages_nodejs
[6.829s] [35m[1mScanning dependencies of target pcl_msgs_generate_messages_lisp[0m
[6.845s] [  0%] Built target pcl_msgs_generate_messages_lisp
[6.864s] [35m[1mScanning dependencies of target pcl_msgs_generate_messages_nodejs[0m
[6.886s] [  0%] Built target pcl_msgs_generate_messages_nodejs
[6.898s] [35m[1mScanning dependencies of target actionlib_generate_messages_eus[0m
[6.916s] [  0%] Built target actionlib_generate_messages_eus
[6.938s] [35m[1mScanning dependencies of target pcl_msgs_generate_messages_py[0m
[6.955s] [  0%] Built target pcl_msgs_generate_messages_py
[6.974s] [35m[1mScanning dependencies of target autoware_config_msgs_generate_messages_eus[0m
[6.988s] [  0%] Built target autoware_config_msgs_generate_messages_eus
[6.999s] [35m[1mScanning dependencies of target vector_map_server_generate_messages_lisp[0m
[7.027s] [  0%] Built target vector_map_server_generate_messages_lisp
[7.049s] [35m[1mScanning dependencies of target jsk_footstep_msgs_generate_messages_lisp[0m
[7.068s] [  0%] Built target jsk_footstep_msgs_generate_messages_lisp
[7.089s] [35m[1mScanning dependencies of target jsk_footstep_msgs_generate_messages_nodejs[0m
[7.105s] [  0%] Built target jsk_footstep_msgs_generate_messages_nodejs
[7.118s] [35m[1mScanning dependencies of target tablet_socket_msgs_generate_messages_cpp[0m
[7.135s] [  0%] Built target tablet_socket_msgs_generate_messages_cpp
[7.145s] [35m[1mScanning dependencies of target vector_map_server_generate_messages_cpp[0m
[7.162s] [  0%] Built target vector_map_server_generate_messages_cpp
[7.185s] [35m[1mScanning dependencies of target visualization_msgs_generate_messages_eus[0m
[7.204s] [  0%] Built target visualization_msgs_generate_messages_eus
[7.224s] [35m[1mScanning dependencies of target vector_map_server_generate_messages_nodejs[0m
[7.229s] [  0%] Built target vector_map_server_generate_messages_nodejs
[7.246s] [35m[1mScanning dependencies of target visualization_msgs_generate_messages_py[0m
[7.270s] [  0%] Built target visualization_msgs_generate_messages_py
[7.287s] [35m[1mScanning dependencies of target autoware_can_msgs_generate_messages_cpp[0m
[7.297s] [  0%] Built target autoware_can_msgs_generate_messages_cpp
[7.315s] [35m[1mScanning dependencies of target autoware_can_msgs_generate_messages_nodejs[0m
[7.332s] [  0%] Built target autoware_can_msgs_generate_messages_nodejs
[7.351s] [35m[1mScanning dependencies of target op_global_planner[0m
[7.426s] [ 33%] [32mBuilding CXX object CMakeFiles/op_global_planner.dir/nodes/op_global_planner.cpp.o[0m
[11.276s] [ 66%] [32mBuilding CXX object CMakeFiles/op_global_planner.dir/nodes/op_global_planner_core.cpp.o[0m
[24.072s] [100%] [32m[1mLinking CXX executable devel/lib/op_global_planner/op_global_planner[0m
[24.445s] [100%] Built target op_global_planner
[24.454s] Invoked command in '/home/agilex/autoware.ai/build/op_global_planner' returned '0': CMAKE_PREFIX_PATH=/home/agilex/autoware.ai/install/op_ros_helpers:/home/agilex/autoware.ai/install/op_simu:/home/agilex/autoware.ai/install/op_planner:/home/agilex/autoware.ai/install/op_utility:/home/agilex/autoware.ai/install/waypoint_follower:/home/agilex/autoware.ai/install/vector_map_server:/home/agilex/autoware.ai/install/map_file:/home/agilex/autoware.ai/install/vector_map:/home/agilex/autoware.ai/install/autoware_health_checker:/home/agilex/autoware.ai/install/amathutils_lib:/home/agilex/autoware.ai/install/vector_map_msgs:/home/agilex/autoware.ai/install/tablet_socket_msgs:/home/agilex/autoware.ai/install/autoware_system_msgs:/home/agilex/autoware.ai/install/autoware_msgs:/home/agilex/autoware.ai/install/autoware_config_msgs:/home/agilex/autoware.ai/install/autoware_can_msgs:/home/agilex/autoware.ai/install/autoware_build_flags:${CMAKE_PREFIX_PATH} LD_LIBRARY_PATH=/home/agilex/autoware.ai/install/op_ros_helpers/lib:/home/agilex/autoware.ai/install/op_simu/lib:/home/agilex/autoware.ai/install/op_planner/lib:/home/agilex/autoware.ai/install/op_utility/lib:/home/agilex/autoware.ai/install/waypoint_follower/lib:/home/agilex/autoware.ai/install/map_file/lib:/home/agilex/autoware.ai/install/vector_map/lib:/home/agilex/autoware.ai/install/autoware_health_checker/lib:/home/agilex/autoware.ai/install/amathutils_lib/lib:${LD_LIBRARY_PATH} PKG_CONFIG_PATH=/home/agilex/autoware.ai/install/op_ros_helpers/lib/x86_64-linux-gnu/pkgconfig:/home/agilex/autoware.ai/install/op_ros_helpers/lib/pkgconfig:/home/agilex/autoware.ai/install/op_simu/lib/x86_64-linux-gnu/pkgconfig:/home/agilex/autoware.ai/install/op_simu/lib/pkgconfig:/home/agilex/autoware.ai/install/op_planner/lib/x86_64-linux-gnu/pkgconfig:/home/agilex/autoware.ai/install/op_planner/lib/pkgconfig:/home/agilex/autoware.ai/install/op_utility/lib/x86_64-linux-gnu/pkgconfig:/home/agilex/autoware.ai/install/op_utility/lib/pkgconfig:/home/agilex/autoware.ai/install/waypoint_follower/lib/x86_64-linux-gnu/pkgconfig:/home/agilex/autoware.ai/install/waypoint_follower/lib/pkgconfig:/home/agilex/autoware.ai/install/vector_map_server/lib/x86_64-linux-gnu/pkgconfig:/home/agilex/autoware.ai/install/vector_map_server/lib/pkgconfig:/home/agilex/autoware.ai/install/map_file/lib/x86_64-linux-gnu/pkgconfig:/home/agilex/autoware.ai/install/map_file/lib/pkgconfig:/home/agilex/autoware.ai/install/vector_map/lib/x86_64-linux-gnu/pkgconfig:/home/agilex/autoware.ai/install/vector_map/lib/pkgconfig:/home/agilex/autoware.ai/install/autoware_health_checker/lib/x86_64-linux-gnu/pkgconfig:/home/agilex/autoware.ai/install/autoware_health_checker/lib/pkgconfig:/home/agilex/autoware.ai/install/amathutils_lib/lib/x86_64-linux-gnu/pkgconfig:/home/agilex/autoware.ai/install/amathutils_lib/lib/pkgconfig:/home/agilex/autoware.ai/install/vector_map_msgs/lib/x86_64-linux-gnu/pkgconfig:/home/agilex/autoware.ai/install/vector_map_msgs/lib/pkgconfig:/home/agilex/autoware.ai/install/tablet_socket_msgs/lib/x86_64-linux-gnu/pkgconfig:/home/agilex/autoware.ai/install/tablet_socket_msgs/lib/pkgconfig:/home/agilex/autoware.ai/install/autoware_system_msgs/lib/x86_64-linux-gnu/pkgconfig:/home/agilex/autoware.ai/install/autoware_system_msgs/lib/pkgconfig:/home/agilex/autoware.ai/install/autoware_msgs/lib/x86_64-linux-gnu/pkgconfig:/home/agilex/autoware.ai/install/autoware_msgs/lib/pkgconfig:/home/agilex/autoware.ai/install/autoware_config_msgs/lib/x86_64-linux-gnu/pkgconfig:/home/agilex/autoware.ai/install/autoware_config_msgs/lib/pkgconfig:/home/agilex/autoware.ai/install/autoware_can_msgs/lib/x86_64-linux-gnu/pkgconfig:/home/agilex/autoware.ai/install/autoware_can_msgs/lib/pkgconfig:/home/agilex/autoware.ai/install/autoware_build_flags/lib/x86_64-linux-gnu/pkgconfig:/home/agilex/autoware.ai/install/autoware_build_flags/lib/pkgconfig:${PKG_CONFIG_PATH} PYTHONPATH=/home/agilex/autoware.ai/install/vector_map_server/lib/python2.7/dist-packages:/home/agilex/autoware.ai/install/vector_map_msgs/lib/python2.7/dist-packages:/home/agilex/autoware.ai/install/tablet_socket_msgs/lib/python2.7/dist-packages:/home/agilex/autoware.ai/install/autoware_system_msgs/lib/python2.7/dist-packages:/home/agilex/autoware.ai/install/autoware_msgs/lib/python2.7/dist-packages:/home/agilex/autoware.ai/install/autoware_config_msgs/lib/python2.7/dist-packages:/home/agilex/autoware.ai/install/autoware_can_msgs/lib/python2.7/dist-packages:${PYTHONPATH} ROS_PACKAGE_PATH=/home/agilex/autoware.ai/install/op_ros_helpers/share:/home/agilex/autoware.ai/install/op_simu/share:/home/agilex/autoware.ai/install/op_planner/share:/home/agilex/autoware.ai/install/op_utility/share:/home/agilex/autoware.ai/install/waypoint_follower/share:/home/agilex/autoware.ai/install/vector_map_server/share:/home/agilex/autoware.ai/install/map_file/share:/home/agilex/autoware.ai/install/vector_map/share:/home/agilex/autoware.ai/install/autoware_health_checker/share:/home/agilex/autoware.ai/install/amathutils_lib/share:/home/agilex/autoware.ai/install/vector_map_msgs/share:/home/agilex/autoware.ai/install/tablet_socket_msgs/share:/home/agilex/autoware.ai/install/autoware_system_msgs/share:/home/agilex/autoware.ai/install/autoware_msgs/share:/home/agilex/autoware.ai/install/autoware_config_msgs/share:/home/agilex/autoware.ai/install/autoware_can_msgs/share:/home/agilex/autoware.ai/install/autoware_build_flags/share:${ROS_PACKAGE_PATH} /usr/bin/cmake --build /home/agilex/autoware.ai/build/op_global_planner -- -j8 -l8
[24.540s] Invoking command in '/home/agilex/autoware.ai/build/op_global_planner': CMAKE_PREFIX_PATH=/home/agilex/autoware.ai/install/op_ros_helpers:/home/agilex/autoware.ai/install/op_simu:/home/agilex/autoware.ai/install/op_planner:/home/agilex/autoware.ai/install/op_utility:/home/agilex/autoware.ai/install/waypoint_follower:/home/agilex/autoware.ai/install/vector_map_server:/home/agilex/autoware.ai/install/map_file:/home/agilex/autoware.ai/install/vector_map:/home/agilex/autoware.ai/install/autoware_health_checker:/home/agilex/autoware.ai/install/amathutils_lib:/home/agilex/autoware.ai/install/vector_map_msgs:/home/agilex/autoware.ai/install/tablet_socket_msgs:/home/agilex/autoware.ai/install/autoware_system_msgs:/home/agilex/autoware.ai/install/autoware_msgs:/home/agilex/autoware.ai/install/autoware_config_msgs:/home/agilex/autoware.ai/install/autoware_can_msgs:/home/agilex/autoware.ai/install/autoware_build_flags:${CMAKE_PREFIX_PATH} LD_LIBRARY_PATH=/home/agilex/autoware.ai/install/op_ros_helpers/lib:/home/agilex/autoware.ai/install/op_simu/lib:/home/agilex/autoware.ai/install/op_planner/lib:/home/agilex/autoware.ai/install/op_utility/lib:/home/agilex/autoware.ai/install/waypoint_follower/lib:/home/agilex/autoware.ai/install/map_file/lib:/home/agilex/autoware.ai/install/vector_map/lib:/home/agilex/autoware.ai/install/autoware_health_checker/lib:/home/agilex/autoware.ai/install/amathutils_lib/lib:${LD_LIBRARY_PATH} PKG_CONFIG_PATH=/home/agilex/autoware.ai/install/op_ros_helpers/lib/x86_64-linux-gnu/pkgconfig:/home/agilex/autoware.ai/install/op_ros_helpers/lib/pkgconfig:/home/agilex/autoware.ai/install/op_simu/lib/x86_64-linux-gnu/pkgconfig:/home/agilex/autoware.ai/install/op_simu/lib/pkgconfig:/home/agilex/autoware.ai/install/op_planner/lib/x86_64-linux-gnu/pkgconfig:/home/agilex/autoware.ai/install/op_planner/lib/pkgconfig:/home/agilex/autoware.ai/install/op_utility/lib/x86_64-linux-gnu/pkgconfig:/home/agilex/autoware.ai/install/op_utility/lib/pkgconfig:/home/agilex/autoware.ai/install/waypoint_follower/lib/x86_64-linux-gnu/pkgconfig:/home/agilex/autoware.ai/install/waypoint_follower/lib/pkgconfig:/home/agilex/autoware.ai/install/vector_map_server/lib/x86_64-linux-gnu/pkgconfig:/home/agilex/autoware.ai/install/vector_map_server/lib/pkgconfig:/home/agilex/autoware.ai/install/map_file/lib/x86_64-linux-gnu/pkgconfig:/home/agilex/autoware.ai/install/map_file/lib/pkgconfig:/home/agilex/autoware.ai/install/vector_map/lib/x86_64-linux-gnu/pkgconfig:/home/agilex/autoware.ai/install/vector_map/lib/pkgconfig:/home/agilex/autoware.ai/install/autoware_health_checker/lib/x86_64-linux-gnu/pkgconfig:/home/agilex/autoware.ai/install/autoware_health_checker/lib/pkgconfig:/home/agilex/autoware.ai/install/amathutils_lib/lib/x86_64-linux-gnu/pkgconfig:/home/agilex/autoware.ai/install/amathutils_lib/lib/pkgconfig:/home/agilex/autoware.ai/install/vector_map_msgs/lib/x86_64-linux-gnu/pkgconfig:/home/agilex/autoware.ai/install/vector_map_msgs/lib/pkgconfig:/home/agilex/autoware.ai/install/tablet_socket_msgs/lib/x86_64-linux-gnu/pkgconfig:/home/agilex/autoware.ai/install/tablet_socket_msgs/lib/pkgconfig:/home/agilex/autoware.ai/install/autoware_system_msgs/lib/x86_64-linux-gnu/pkgconfig:/home/agilex/autoware.ai/install/autoware_system_msgs/lib/pkgconfig:/home/agilex/autoware.ai/install/autoware_msgs/lib/x86_64-linux-gnu/pkgconfig:/home/agilex/autoware.ai/install/autoware_msgs/lib/pkgconfig:/home/agilex/autoware.ai/install/autoware_config_msgs/lib/x86_64-linux-gnu/pkgconfig:/home/agilex/autoware.ai/install/autoware_config_msgs/lib/pkgconfig:/home/agilex/autoware.ai/install/autoware_can_msgs/lib/x86_64-linux-gnu/pkgconfig:/home/agilex/autoware.ai/install/autoware_can_msgs/lib/pkgconfig:/home/agilex/autoware.ai/install/autoware_build_flags/lib/x86_64-linux-gnu/pkgconfig:/home/agilex/autoware.ai/install/autoware_build_flags/lib/pkgconfig:${PKG_CONFIG_PATH} PYTHONPATH=/home/agilex/autoware.ai/install/vector_map_server/lib/python2.7/dist-packages:/home/agilex/autoware.ai/install/vector_map_msgs/lib/python2.7/dist-packages:/home/agilex/autoware.ai/install/tablet_socket_msgs/lib/python2.7/dist-packages:/home/agilex/autoware.ai/install/autoware_system_msgs/lib/python2.7/dist-packages:/home/agilex/autoware.ai/install/autoware_msgs/lib/python2.7/dist-packages:/home/agilex/autoware.ai/install/autoware_config_msgs/lib/python2.7/dist-packages:/home/agilex/autoware.ai/install/autoware_can_msgs/lib/python2.7/dist-packages:${PYTHONPATH} ROS_PACKAGE_PATH=/home/agilex/autoware.ai/install/op_ros_helpers/share:/home/agilex/autoware.ai/install/op_simu/share:/home/agilex/autoware.ai/install/op_planner/share:/home/agilex/autoware.ai/install/op_utility/share:/home/agilex/autoware.ai/install/waypoint_follower/share:/home/agilex/autoware.ai/install/vector_map_server/share:/home/agilex/autoware.ai/install/map_file/share:/home/agilex/autoware.ai/install/vector_map/share:/home/agilex/autoware.ai/install/autoware_health_checker/share:/home/agilex/autoware.ai/install/amathutils_lib/share:/home/agilex/autoware.ai/install/vector_map_msgs/share:/home/agilex/autoware.ai/install/tablet_socket_msgs/share:/home/agilex/autoware.ai/install/autoware_system_msgs/share:/home/agilex/autoware.ai/install/autoware_msgs/share:/home/agilex/autoware.ai/install/autoware_config_msgs/share:/home/agilex/autoware.ai/install/autoware_can_msgs/share:/home/agilex/autoware.ai/install/autoware_build_flags/share:${ROS_PACKAGE_PATH} /usr/bin/cmake --build /home/agilex/autoware.ai/build/op_global_planner --target tests -- -j8 -l8
[24.593s] [35m[1mScanning dependencies of target tests[0m
[24.602s] Built target tests
[24.612s] Invoked command in '/home/agilex/autoware.ai/build/op_global_planner' returned '0': CMAKE_PREFIX_PATH=/home/agilex/autoware.ai/install/op_ros_helpers:/home/agilex/autoware.ai/install/op_simu:/home/agilex/autoware.ai/install/op_planner:/home/agilex/autoware.ai/install/op_utility:/home/agilex/autoware.ai/install/waypoint_follower:/home/agilex/autoware.ai/install/vector_map_server:/home/agilex/autoware.ai/install/map_file:/home/agilex/autoware.ai/install/vector_map:/home/agilex/autoware.ai/install/autoware_health_checker:/home/agilex/autoware.ai/install/amathutils_lib:/home/agilex/autoware.ai/install/vector_map_msgs:/home/agilex/autoware.ai/install/tablet_socket_msgs:/home/agilex/autoware.ai/install/autoware_system_msgs:/home/agilex/autoware.ai/install/autoware_msgs:/home/agilex/autoware.ai/install/autoware_config_msgs:/home/agilex/autoware.ai/install/autoware_can_msgs:/home/agilex/autoware.ai/install/autoware_build_flags:${CMAKE_PREFIX_PATH} LD_LIBRARY_PATH=/home/agilex/autoware.ai/install/op_ros_helpers/lib:/home/agilex/autoware.ai/install/op_simu/lib:/home/agilex/autoware.ai/install/op_planner/lib:/home/agilex/autoware.ai/install/op_utility/lib:/home/agilex/autoware.ai/install/waypoint_follower/lib:/home/agilex/autoware.ai/install/map_file/lib:/home/agilex/autoware.ai/install/vector_map/lib:/home/agilex/autoware.ai/install/autoware_health_checker/lib:/home/agilex/autoware.ai/install/amathutils_lib/lib:${LD_LIBRARY_PATH} PKG_CONFIG_PATH=/home/agilex/autoware.ai/install/op_ros_helpers/lib/x86_64-linux-gnu/pkgconfig:/home/agilex/autoware.ai/install/op_ros_helpers/lib/pkgconfig:/home/agilex/autoware.ai/install/op_simu/lib/x86_64-linux-gnu/pkgconfig:/home/agilex/autoware.ai/install/op_simu/lib/pkgconfig:/home/agilex/autoware.ai/install/op_planner/lib/x86_64-linux-gnu/pkgconfig:/home/agilex/autoware.ai/install/op_planner/lib/pkgconfig:/home/agilex/autoware.ai/install/op_utility/lib/x86_64-linux-gnu/pkgconfig:/home/agilex/autoware.ai/install/op_utility/lib/pkgconfig:/home/agilex/autoware.ai/install/waypoint_follower/lib/x86_64-linux-gnu/pkgconfig:/home/agilex/autoware.ai/install/waypoint_follower/lib/pkgconfig:/home/agilex/autoware.ai/install/vector_map_server/lib/x86_64-linux-gnu/pkgconfig:/home/agilex/autoware.ai/install/vector_map_server/lib/pkgconfig:/home/agilex/autoware.ai/install/map_file/lib/x86_64-linux-gnu/pkgconfig:/home/agilex/autoware.ai/install/map_file/lib/pkgconfig:/home/agilex/autoware.ai/install/vector_map/lib/x86_64-linux-gnu/pkgconfig:/home/agilex/autoware.ai/install/vector_map/lib/pkgconfig:/home/agilex/autoware.ai/install/autoware_health_checker/lib/x86_64-linux-gnu/pkgconfig:/home/agilex/autoware.ai/install/autoware_health_checker/lib/pkgconfig:/home/agilex/autoware.ai/install/amathutils_lib/lib/x86_64-linux-gnu/pkgconfig:/home/agilex/autoware.ai/install/amathutils_lib/lib/pkgconfig:/home/agilex/autoware.ai/install/vector_map_msgs/lib/x86_64-linux-gnu/pkgconfig:/home/agilex/autoware.ai/install/vector_map_msgs/lib/pkgconfig:/home/agilex/autoware.ai/install/tablet_socket_msgs/lib/x86_64-linux-gnu/pkgconfig:/home/agilex/autoware.ai/install/tablet_socket_msgs/lib/pkgconfig:/home/agilex/autoware.ai/install/autoware_system_msgs/lib/x86_64-linux-gnu/pkgconfig:/home/agilex/autoware.ai/install/autoware_system_msgs/lib/pkgconfig:/home/agilex/autoware.ai/install/autoware_msgs/lib/x86_64-linux-gnu/pkgconfig:/home/agilex/autoware.ai/install/autoware_msgs/lib/pkgconfig:/home/agilex/autoware.ai/install/autoware_config_msgs/lib/x86_64-linux-gnu/pkgconfig:/home/agilex/autoware.ai/install/autoware_config_msgs/lib/pkgconfig:/home/agilex/autoware.ai/install/autoware_can_msgs/lib/x86_64-linux-gnu/pkgconfig:/home/agilex/autoware.ai/install/autoware_can_msgs/lib/pkgconfig:/home/agilex/autoware.ai/install/autoware_build_flags/lib/x86_64-linux-gnu/pkgconfig:/home/agilex/autoware.ai/install/autoware_build_flags/lib/pkgconfig:${PKG_CONFIG_PATH} PYTHONPATH=/home/agilex/autoware.ai/install/vector_map_server/lib/python2.7/dist-packages:/home/agilex/autoware.ai/install/vector_map_msgs/lib/python2.7/dist-packages:/home/agilex/autoware.ai/install/tablet_socket_msgs/lib/python2.7/dist-packages:/home/agilex/autoware.ai/install/autoware_system_msgs/lib/python2.7/dist-packages:/home/agilex/autoware.ai/install/autoware_msgs/lib/python2.7/dist-packages:/home/agilex/autoware.ai/install/autoware_config_msgs/lib/python2.7/dist-packages:/home/agilex/autoware.ai/install/autoware_can_msgs/lib/python2.7/dist-packages:${PYTHONPATH} ROS_PACKAGE_PATH=/home/agilex/autoware.ai/install/op_ros_helpers/share:/home/agilex/autoware.ai/install/op_simu/share:/home/agilex/autoware.ai/install/op_planner/share:/home/agilex/autoware.ai/install/op_utility/share:/home/agilex/autoware.ai/install/waypoint_follower/share:/home/agilex/autoware.ai/install/vector_map_server/share:/home/agilex/autoware.ai/install/map_file/share:/home/agilex/autoware.ai/install/vector_map/share:/home/agilex/autoware.ai/install/autoware_health_checker/share:/home/agilex/autoware.ai/install/amathutils_lib/share:/home/agilex/autoware.ai/install/vector_map_msgs/share:/home/agilex/autoware.ai/install/tablet_socket_msgs/share:/home/agilex/autoware.ai/install/autoware_system_msgs/share:/home/agilex/autoware.ai/install/autoware_msgs/share:/home/agilex/autoware.ai/install/autoware_config_msgs/share:/home/agilex/autoware.ai/install/autoware_can_msgs/share:/home/agilex/autoware.ai/install/autoware_build_flags/share:${ROS_PACKAGE_PATH} /usr/bin/cmake --build /home/agilex/autoware.ai/build/op_global_planner --target tests -- -j8 -l8
[24.698s] Invoking command in '/home/agilex/autoware.ai/build/op_global_planner': CMAKE_PREFIX_PATH=/home/agilex/autoware.ai/install/op_ros_helpers:/home/agilex/autoware.ai/install/op_simu:/home/agilex/autoware.ai/install/op_planner:/home/agilex/autoware.ai/install/op_utility:/home/agilex/autoware.ai/install/waypoint_follower:/home/agilex/autoware.ai/install/vector_map_server:/home/agilex/autoware.ai/install/map_file:/home/agilex/autoware.ai/install/vector_map:/home/agilex/autoware.ai/install/autoware_health_checker:/home/agilex/autoware.ai/install/amathutils_lib:/home/agilex/autoware.ai/install/vector_map_msgs:/home/agilex/autoware.ai/install/tablet_socket_msgs:/home/agilex/autoware.ai/install/autoware_system_msgs:/home/agilex/autoware.ai/install/autoware_msgs:/home/agilex/autoware.ai/install/autoware_config_msgs:/home/agilex/autoware.ai/install/autoware_can_msgs:/home/agilex/autoware.ai/install/autoware_build_flags:${CMAKE_PREFIX_PATH} LD_LIBRARY_PATH=/home/agilex/autoware.ai/install/op_ros_helpers/lib:/home/agilex/autoware.ai/install/op_simu/lib:/home/agilex/autoware.ai/install/op_planner/lib:/home/agilex/autoware.ai/install/op_utility/lib:/home/agilex/autoware.ai/install/waypoint_follower/lib:/home/agilex/autoware.ai/install/map_file/lib:/home/agilex/autoware.ai/install/vector_map/lib:/home/agilex/autoware.ai/install/autoware_health_checker/lib:/home/agilex/autoware.ai/install/amathutils_lib/lib:${LD_LIBRARY_PATH} PKG_CONFIG_PATH=/home/agilex/autoware.ai/install/op_ros_helpers/lib/x86_64-linux-gnu/pkgconfig:/home/agilex/autoware.ai/install/op_ros_helpers/lib/pkgconfig:/home/agilex/autoware.ai/install/op_simu/lib/x86_64-linux-gnu/pkgconfig:/home/agilex/autoware.ai/install/op_simu/lib/pkgconfig:/home/agilex/autoware.ai/install/op_planner/lib/x86_64-linux-gnu/pkgconfig:/home/agilex/autoware.ai/install/op_planner/lib/pkgconfig:/home/agilex/autoware.ai/install/op_utility/lib/x86_64-linux-gnu/pkgconfig:/home/agilex/autoware.ai/install/op_utility/lib/pkgconfig:/home/agilex/autoware.ai/install/waypoint_follower/lib/x86_64-linux-gnu/pkgconfig:/home/agilex/autoware.ai/install/waypoint_follower/lib/pkgconfig:/home/agilex/autoware.ai/install/vector_map_server/lib/x86_64-linux-gnu/pkgconfig:/home/agilex/autoware.ai/install/vector_map_server/lib/pkgconfig:/home/agilex/autoware.ai/install/map_file/lib/x86_64-linux-gnu/pkgconfig:/home/agilex/autoware.ai/install/map_file/lib/pkgconfig:/home/agilex/autoware.ai/install/vector_map/lib/x86_64-linux-gnu/pkgconfig:/home/agilex/autoware.ai/install/vector_map/lib/pkgconfig:/home/agilex/autoware.ai/install/autoware_health_checker/lib/x86_64-linux-gnu/pkgconfig:/home/agilex/autoware.ai/install/autoware_health_checker/lib/pkgconfig:/home/agilex/autoware.ai/install/amathutils_lib/lib/x86_64-linux-gnu/pkgconfig:/home/agilex/autoware.ai/install/amathutils_lib/lib/pkgconfig:/home/agilex/autoware.ai/install/vector_map_msgs/lib/x86_64-linux-gnu/pkgconfig:/home/agilex/autoware.ai/install/vector_map_msgs/lib/pkgconfig:/home/agilex/autoware.ai/install/tablet_socket_msgs/lib/x86_64-linux-gnu/pkgconfig:/home/agilex/autoware.ai/install/tablet_socket_msgs/lib/pkgconfig:/home/agilex/autoware.ai/install/autoware_system_msgs/lib/x86_64-linux-gnu/pkgconfig:/home/agilex/autoware.ai/install/autoware_system_msgs/lib/pkgconfig:/home/agilex/autoware.ai/install/autoware_msgs/lib/x86_64-linux-gnu/pkgconfig:/home/agilex/autoware.ai/install/autoware_msgs/lib/pkgconfig:/home/agilex/autoware.ai/install/autoware_config_msgs/lib/x86_64-linux-gnu/pkgconfig:/home/agilex/autoware.ai/install/autoware_config_msgs/lib/pkgconfig:/home/agilex/autoware.ai/install/autoware_can_msgs/lib/x86_64-linux-gnu/pkgconfig:/home/agilex/autoware.ai/install/autoware_can_msgs/lib/pkgconfig:/home/agilex/autoware.ai/install/autoware_build_flags/lib/x86_64-linux-gnu/pkgconfig:/home/agilex/autoware.ai/install/autoware_build_flags/lib/pkgconfig:${PKG_CONFIG_PATH} PYTHONPATH=/home/agilex/autoware.ai/install/vector_map_server/lib/python2.7/dist-packages:/home/agilex/autoware.ai/install/vector_map_msgs/lib/python2.7/dist-packages:/home/agilex/autoware.ai/install/tablet_socket_msgs/lib/python2.7/dist-packages:/home/agilex/autoware.ai/install/autoware_system_msgs/lib/python2.7/dist-packages:/home/agilex/autoware.ai/install/autoware_msgs/lib/python2.7/dist-packages:/home/agilex/autoware.ai/install/autoware_config_msgs/lib/python2.7/dist-packages:/home/agilex/autoware.ai/install/autoware_can_msgs/lib/python2.7/dist-packages:${PYTHONPATH} ROS_PACKAGE_PATH=/home/agilex/autoware.ai/install/op_ros_helpers/share:/home/agilex/autoware.ai/install/op_simu/share:/home/agilex/autoware.ai/install/op_planner/share:/home/agilex/autoware.ai/install/op_utility/share:/home/agilex/autoware.ai/install/waypoint_follower/share:/home/agilex/autoware.ai/install/vector_map_server/share:/home/agilex/autoware.ai/install/map_file/share:/home/agilex/autoware.ai/install/vector_map/share:/home/agilex/autoware.ai/install/autoware_health_checker/share:/home/agilex/autoware.ai/install/amathutils_lib/share:/home/agilex/autoware.ai/install/vector_map_msgs/share:/home/agilex/autoware.ai/install/tablet_socket_msgs/share:/home/agilex/autoware.ai/install/autoware_system_msgs/share:/home/agilex/autoware.ai/install/autoware_msgs/share:/home/agilex/autoware.ai/install/autoware_config_msgs/share:/home/agilex/autoware.ai/install/autoware_can_msgs/share:/home/agilex/autoware.ai/install/autoware_build_flags/share:${ROS_PACKAGE_PATH} /usr/bin/cmake --build /home/agilex/autoware.ai/build/op_global_planner --target install -- -j8 -l8
[24.747s] [  0%] Built target autoware_config_msgs_generate_messages_lisp
[24.765s] [  0%] Built target trajectory_msgs_generate_messages_py
[24.782s] [  0%] Built target trajectory_msgs_generate_messages_eus
[24.800s] [  0%] Built target trajectory_msgs_generate_messages_cpp
[24.817s] [  0%] Built target gazebo_msgs_generate_messages_eus
[24.835s] [  0%] Built target gazebo_msgs_generate_messages_lisp
[24.853s] [  0%] Built target autoware_system_msgs_generate_messages_eus
[24.870s] [  0%] Built target autoware_system_msgs_generate_messages_cpp
[24.888s] [  0%] Built target visualization_msgs_generate_messages_nodejs
[24.905s] [  0%] Built target tablet_socket_msgs_generate_messages_lisp
[24.923s] [  0%] Built target topic_tools_generate_messages_nodejs
[24.941s] [  0%] Built target topic_tools_generate_messages_eus
[24.958s] [  0%] Built target topic_tools_generate_messages_cpp
[24.976s] [  0%] Built target std_srvs_generate_messages_py
[24.994s] [  0%] Built target std_srvs_generate_messages_nodejs
[25.012s] [  0%] Built target std_srvs_generate_messages_lisp
[25.029s] [  0%] Built target bond_generate_messages_lisp
[25.047s] [  0%] Built target bond_generate_messages_eus
[25.064s] [  0%] Built target trajectory_msgs_generate_messages_lisp
[25.082s] [  0%] Built target bond_generate_messages_cpp
[25.100s] [  0%] Built target nodelet_generate_messages_nodejs
[25.117s] [  0%] Built target nodelet_generate_messages_eus
[25.135s] [  0%] Built target nodelet_generate_messages_cpp
[25.152s] [  0%] Built target autoware_can_msgs_generate_messages_lisp
[25.170s] [  0%] Built target dynamic_reconfigure_generate_messages_py
[25.187s] [  0%] Built target autoware_can_msgs_generate_messages_py
[25.205s] [  0%] Built target dynamic_reconfigure_generate_messages_nodejs
[25.222s] [  0%] Built target gazebo_msgs_generate_messages_cpp
[25.240s] [  0%] Built target dynamic_reconfigure_generate_messages_lisp
[25.257s] [  0%] Built target dynamic_reconfigure_generate_messages_eus
[25.275s] [  0%] Built target pcl_ros_gencfg
[25.293s] [  0%] Built target trajectory_msgs_generate_messages_nodejs
[25.311s] [  0%] Built target bond_generate_messages_nodejs
[25.328s] [  0%] Built target autoware_config_msgs_generate_messages_py
[25.346s] [  0%] Built target rosgraph_msgs_generate_messages_lisp
[25.363s] [  0%] Built target gazebo_msgs_generate_messages_nodejs
[25.381s] [  0%] Built target rosgraph_msgs_generate_messages_eus
[25.399s] [  0%] Built target geometry_msgs_generate_messages_eus
[25.417s] [  0%] Built target geometry_msgs_generate_messages_py
[25.434s] [  0%] Built target tf_generate_messages_lisp
[25.453s] [  0%] Built target std_srvs_generate_messages_eus
[25.470s] [  0%] Built target jsk_recognition_msgs_generate_messages_nodejs
[25.488s] [  0%] Built target roscpp_generate_messages_lisp
[25.508s] [  0%] Built target geometry_msgs_generate_messages_lisp
[25.526s] [  0%] Built target roscpp_generate_messages_py
[25.543s] [  0%] Built target autoware_config_msgs_generate_messages_nodejs
[25.561s] [  0%] Built target tf_generate_messages_nodejs
[25.580s] [  0%] Built target std_srvs_generate_messages_cpp
[25.598s] [  0%] Built target sensor_msgs_generate_messages_lisp
[25.616s] [  0%] Built target rosgraph_msgs_generate_messages_cpp
[25.634s] [  0%] Built target autoware_msgs_generate_messages_cpp
[25.652s] [  0%] Built target autoware_system_msgs_generate_messages_lisp
[25.669s] [  0%] Built target vector_map_msgs_generate_messages_lisp
[25.687s] [  0%] Built target tf_generate_messages_eus
[25.707s] [  0%] Built target jsk_footstep_msgs_generate_messages_cpp
[25.724s] [  0%] Built target actionlib_msgs_generate_messages_cpp
[25.741s] [  0%] Built target vector_map_msgs_generate_messages_cpp
[25.759s] [  0%] Built target vector_map_msgs_generate_messages_eus
[25.779s] [  0%] Built target tablet_socket_msgs_generate_messages_nodejs
[25.796s] [  0%] Built target dynamic_reconfigure_generate_messages_cpp
[25.814s] [  0%] Built target tf_generate_messages_py
[25.832s] [  0%] Built target nodelet_generate_messages_py
[25.850s] [  0%] Built target sensor_msgs_generate_messages_py
[25.868s] [  0%] Built target visualization_msgs_generate_messages_lisp
[25.886s] [  0%] Built target std_msgs_generate_messages_eus
[25.903s] [  0%] Built target vector_map_msgs_generate_messages_py
[25.921s] [  0%] Built target sensor_msgs_generate_messages_cpp
[25.939s] [  0%] Built target roscpp_generate_messages_nodejs
[25.957s] [  0%] Built target std_msgs_generate_messages_lisp
[25.975s] [  0%] Built target std_msgs_generate_messages_nodejs
[25.993s] [  0%] Built target bond_generate_messages_py
[26.010s] [  0%] Built target vector_map_msgs_generate_messages_nodejs
[26.028s] [  0%] Built target std_msgs_generate_messages_cpp
[26.046s] [  0%] Built target tablet_socket_msgs_generate_messages_py
[26.064s] [  0%] Built target jsk_footstep_msgs_generate_messages_py
[26.081s] [  0%] Built target std_msgs_generate_messages_py
[26.099s] [  0%] Built target nodelet_generate_messages_lisp
[26.117s] [  0%] Built target autoware_msgs_generate_messages_py
[26.134s] [  0%] Built target vector_map_server_generate_messages_eus
[26.152s] [  0%] Built target roscpp_generate_messages_cpp
[26.170s] [  0%] Built target autoware_system_msgs_generate_messages_py
[26.187s] [  0%] Built target sensor_msgs_generate_messages_nodejs
[26.205s] [  0%] Built target actionlib_generate_messages_cpp
[26.223s] [  0%] Built target geometry_msgs_generate_messages_nodejs
[26.240s] [  0%] Built target gazebo_msgs_generate_messages_py
[26.258s] [  0%] Built target topic_tools_generate_messages_py
[26.275s] [  0%] Built target nodelet_topic_tools_gencfg
[26.293s] [  0%] Built target actionlib_msgs_generate_messages_nodejs
[26.311s] [  0%] Built target sensor_msgs_generate_messages_eus
[26.329s] [  0%] Built target geometry_msgs_generate_messages_cpp
[26.346s] [  0%] Built target actionlib_generate_messages_lisp
[26.363s] [  0%] Built target autoware_can_msgs_generate_messages_eus
[26.381s] [  0%] Built target vector_map_server_generate_messages_py
[26.398s] [  0%] Built target roscpp_generate_messages_eus
[26.416s] [  0%] Built target rosgraph_msgs_generate_messages_py
[26.434s] [  0%] Built target actionlib_msgs_generate_messages_eus
[26.451s] [  0%] Built target autoware_msgs_generate_messages_lisp
[26.469s] [  0%] Built target autoware_system_msgs_generate_messages_nodejs
[26.487s] [  0%] Built target actionlib_msgs_generate_messages_lisp
[26.505s] [  0%] Built target actionlib_msgs_generate_messages_py
[26.522s] [  0%] Built target jsk_footstep_msgs_generate_messages_eus
[26.540s] [  0%] Built target tf2_msgs_generate_messages_cpp
[26.558s] [  0%] Built target jsk_recognition_msgs_generate_messages_eus
[26.575s] [  0%] Built target rosgraph_msgs_generate_messages_nodejs
[26.593s] [  0%] Built target autoware_config_msgs_generate_messages_cpp
[26.611s] [  0%] Built target visualization_msgs_generate_messages_cpp
[26.629s] [  0%] Built target tablet_socket_msgs_generate_messages_eus
[26.646s] [  0%] Built target tf2_msgs_generate_messages_eus
[26.664s] [  0%] Built target dynamic_reconfigure_gencfg
[26.682s] [  0%] Built target tf2_msgs_generate_messages_lisp
[26.699s] [  0%] Built target actionlib_generate_messages_py
[26.717s] [  0%] Built target tf2_msgs_generate_messages_py
[26.734s] [  0%] Built target tf2_msgs_generate_messages_nodejs
[26.752s] [  0%] Built target autoware_msgs_generate_messages_eus
[26.769s] [  0%] Built target autoware_msgs_generate_messages_nodejs
[26.787s] [  0%] Built target topic_tools_generate_messages_lisp
[26.805s] [  0%] Built target jsk_recognition_msgs_generate_messages_cpp
[26.823s] [  0%] Built target jsk_recognition_msgs_generate_messages_lisp
[26.841s] [  0%] Built target jsk_recognition_msgs_generate_messages_py
[26.858s] [  0%] Built target pcl_msgs_generate_messages_cpp
[26.876s] [  0%] Built target pcl_msgs_generate_messages_eus
[26.894s] [  0%] Built target tf_generate_messages_cpp
[26.912s] [  0%] Built target actionlib_generate_messages_nodejs
[26.929s] [  0%] Built target pcl_msgs_generate_messages_lisp
[26.947s] [  0%] Built target pcl_msgs_generate_messages_nodejs
[26.965s] [  0%] Built target actionlib_generate_messages_eus
[26.983s] [  0%] Built target pcl_msgs_generate_messages_py
[27.001s] [  0%] Built target autoware_config_msgs_generate_messages_eus
[27.019s] [  0%] Built target vector_map_server_generate_messages_lisp
[27.037s] [  0%] Built target jsk_footstep_msgs_generate_messages_lisp
[27.054s] [  0%] Built target jsk_footstep_msgs_generate_messages_nodejs
[27.072s] [  0%] Built target tablet_socket_msgs_generate_messages_cpp
[27.090s] [  0%] Built target vector_map_server_generate_messages_cpp
[27.108s] [  0%] Built target visualization_msgs_generate_messages_eus
[27.125s] [  0%] Built target vector_map_server_generate_messages_nodejs
[27.143s] [  0%] Built target visualization_msgs_generate_messages_py
[27.160s] [  0%] Built target autoware_can_msgs_generate_messages_cpp
[27.179s] [  0%] Built target autoware_can_msgs_generate_messages_nodejs
[27.211s] [100%] Built target op_global_planner
[27.231s] [36mInstall the project...[0m
[27.239s] -- Install configuration: "Release"
[27.239s] -- Installing: /home/agilex/autoware.ai/install/op_global_planner/lib/pkgconfig/op_global_planner.pc
[27.239s] -- Installing: /home/agilex/autoware.ai/install/op_global_planner/share/op_global_planner/cmake/op_global_plannerConfig.cmake
[27.239s] -- Installing: /home/agilex/autoware.ai/install/op_global_planner/share/op_global_planner/cmake/op_global_plannerConfig-version.cmake
[27.239s] -- Installing: /home/agilex/autoware.ai/install/op_global_planner/share/op_global_planner/package.xml
[27.239s] -- Installing: /home/agilex/autoware.ai/install/op_global_planner/lib/op_global_planner/op_global_planner
[27.240s] -- Set runtime path of "/home/agilex/autoware.ai/install/op_global_planner/lib/op_global_planner/op_global_planner" to ""
[27.240s] -- Installing: /home/agilex/autoware.ai/install/op_global_planner/share/op_global_planner/launch
[27.240s] -- Installing: /home/agilex/autoware.ai/install/op_global_planner/share/op_global_planner/launch/op_global_planner.launch
[27.243s] Invoked command in '/home/agilex/autoware.ai/build/op_global_planner' returned '0': CMAKE_PREFIX_PATH=/home/agilex/autoware.ai/install/op_ros_helpers:/home/agilex/autoware.ai/install/op_simu:/home/agilex/autoware.ai/install/op_planner:/home/agilex/autoware.ai/install/op_utility:/home/agilex/autoware.ai/install/waypoint_follower:/home/agilex/autoware.ai/install/vector_map_server:/home/agilex/autoware.ai/install/map_file:/home/agilex/autoware.ai/install/vector_map:/home/agilex/autoware.ai/install/autoware_health_checker:/home/agilex/autoware.ai/install/amathutils_lib:/home/agilex/autoware.ai/install/vector_map_msgs:/home/agilex/autoware.ai/install/tablet_socket_msgs:/home/agilex/autoware.ai/install/autoware_system_msgs:/home/agilex/autoware.ai/install/autoware_msgs:/home/agilex/autoware.ai/install/autoware_config_msgs:/home/agilex/autoware.ai/install/autoware_can_msgs:/home/agilex/autoware.ai/install/autoware_build_flags:${CMAKE_PREFIX_PATH} LD_LIBRARY_PATH=/home/agilex/autoware.ai/install/op_ros_helpers/lib:/home/agilex/autoware.ai/install/op_simu/lib:/home/agilex/autoware.ai/install/op_planner/lib:/home/agilex/autoware.ai/install/op_utility/lib:/home/agilex/autoware.ai/install/waypoint_follower/lib:/home/agilex/autoware.ai/install/map_file/lib:/home/agilex/autoware.ai/install/vector_map/lib:/home/agilex/autoware.ai/install/autoware_health_checker/lib:/home/agilex/autoware.ai/install/amathutils_lib/lib:${LD_LIBRARY_PATH} PKG_CONFIG_PATH=/home/agilex/autoware.ai/install/op_ros_helpers/lib/x86_64-linux-gnu/pkgconfig:/home/agilex/autoware.ai/install/op_ros_helpers/lib/pkgconfig:/home/agilex/autoware.ai/install/op_simu/lib/x86_64-linux-gnu/pkgconfig:/home/agilex/autoware.ai/install/op_simu/lib/pkgconfig:/home/agilex/autoware.ai/install/op_planner/lib/x86_64-linux-gnu/pkgconfig:/home/agilex/autoware.ai/install/op_planner/lib/pkgconfig:/home/agilex/autoware.ai/install/op_utility/lib/x86_64-linux-gnu/pkgconfig:/home/agilex/autoware.ai/install/op_utility/lib/pkgconfig:/home/agilex/autoware.ai/install/waypoint_follower/lib/x86_64-linux-gnu/pkgconfig:/home/agilex/autoware.ai/install/waypoint_follower/lib/pkgconfig:/home/agilex/autoware.ai/install/vector_map_server/lib/x86_64-linux-gnu/pkgconfig:/home/agilex/autoware.ai/install/vector_map_server/lib/pkgconfig:/home/agilex/autoware.ai/install/map_file/lib/x86_64-linux-gnu/pkgconfig:/home/agilex/autoware.ai/install/map_file/lib/pkgconfig:/home/agilex/autoware.ai/install/vector_map/lib/x86_64-linux-gnu/pkgconfig:/home/agilex/autoware.ai/install/vector_map/lib/pkgconfig:/home/agilex/autoware.ai/install/autoware_health_checker/lib/x86_64-linux-gnu/pkgconfig:/home/agilex/autoware.ai/install/autoware_health_checker/lib/pkgconfig:/home/agilex/autoware.ai/install/amathutils_lib/lib/x86_64-linux-gnu/pkgconfig:/home/agilex/autoware.ai/install/amathutils_lib/lib/pkgconfig:/home/agilex/autoware.ai/install/vector_map_msgs/lib/x86_64-linux-gnu/pkgconfig:/home/agilex/autoware.ai/install/vector_map_msgs/lib/pkgconfig:/home/agilex/autoware.ai/install/tablet_socket_msgs/lib/x86_64-linux-gnu/pkgconfig:/home/agilex/autoware.ai/install/tablet_socket_msgs/lib/pkgconfig:/home/agilex/autoware.ai/install/autoware_system_msgs/lib/x86_64-linux-gnu/pkgconfig:/home/agilex/autoware.ai/install/autoware_system_msgs/lib/pkgconfig:/home/agilex/autoware.ai/install/autoware_msgs/lib/x86_64-linux-gnu/pkgconfig:/home/agilex/autoware.ai/install/autoware_msgs/lib/pkgconfig:/home/agilex/autoware.ai/install/autoware_config_msgs/lib/x86_64-linux-gnu/pkgconfig:/home/agilex/autoware.ai/install/autoware_config_msgs/lib/pkgconfig:/home/agilex/autoware.ai/install/autoware_can_msgs/lib/x86_64-linux-gnu/pkgconfig:/home/agilex/autoware.ai/install/autoware_can_msgs/lib/pkgconfig:/home/agilex/autoware.ai/install/autoware_build_flags/lib/x86_64-linux-gnu/pkgconfig:/home/agilex/autoware.ai/install/autoware_build_flags/lib/pkgconfig:${PKG_CONFIG_PATH} PYTHONPATH=/home/agilex/autoware.ai/install/vector_map_server/lib/python2.7/dist-packages:/home/agilex/autoware.ai/install/vector_map_msgs/lib/python2.7/dist-packages:/home/agilex/autoware.ai/install/tablet_socket_msgs/lib/python2.7/dist-packages:/home/agilex/autoware.ai/install/autoware_system_msgs/lib/python2.7/dist-packages:/home/agilex/autoware.ai/install/autoware_msgs/lib/python2.7/dist-packages:/home/agilex/autoware.ai/install/autoware_config_msgs/lib/python2.7/dist-packages:/home/agilex/autoware.ai/install/autoware_can_msgs/lib/python2.7/dist-packages:${PYTHONPATH} ROS_PACKAGE_PATH=/home/agilex/autoware.ai/install/op_ros_helpers/share:/home/agilex/autoware.ai/install/op_simu/share:/home/agilex/autoware.ai/install/op_planner/share:/home/agilex/autoware.ai/install/op_utility/share:/home/agilex/autoware.ai/install/waypoint_follower/share:/home/agilex/autoware.ai/install/vector_map_server/share:/home/agilex/autoware.ai/install/map_file/share:/home/agilex/autoware.ai/install/vector_map/share:/home/agilex/autoware.ai/install/autoware_health_checker/share:/home/agilex/autoware.ai/install/amathutils_lib/share:/home/agilex/autoware.ai/install/vector_map_msgs/share:/home/agilex/autoware.ai/install/tablet_socket_msgs/share:/home/agilex/autoware.ai/install/autoware_system_msgs/share:/home/agilex/autoware.ai/install/autoware_msgs/share:/home/agilex/autoware.ai/install/autoware_config_msgs/share:/home/agilex/autoware.ai/install/autoware_can_msgs/share:/home/agilex/autoware.ai/install/autoware_build_flags/share:${ROS_PACKAGE_PATH} /usr/bin/cmake --build /home/agilex/autoware.ai/build/op_global_planner --target install -- -j8 -l8
