[0.015s] Invoking command in '/home/agilex/autoware.ai/build/map_file': CMAKE_PREFIX_PATH=/home/agilex/autoware.ai/install/vector_map:/home/agilex/autoware.ai/install/vector_map_msgs:/home/agilex/autoware.ai/install/autoware_msgs:/home/agilex/autoware.ai/install/autoware_build_flags:${CMAKE_PREFIX_PATH} LD_LIBRARY_PATH=/home/agilex/autoware.ai/install/vector_map/lib:${LD_LIBRARY_PATH} PKG_CONFIG_PATH=/home/agilex/autoware.ai/install/vector_map/lib/x86_64-linux-gnu/pkgconfig:/home/agilex/autoware.ai/install/vector_map/lib/pkgconfig:/home/agilex/autoware.ai/install/vector_map_msgs/lib/x86_64-linux-gnu/pkgconfig:/home/agilex/autoware.ai/install/vector_map_msgs/lib/pkgconfig:/home/agilex/autoware.ai/install/autoware_msgs/lib/x86_64-linux-gnu/pkgconfig:/home/agilex/autoware.ai/install/autoware_msgs/lib/pkgconfig:/home/agilex/autoware.ai/install/autoware_build_flags/lib/x86_64-linux-gnu/pkgconfig:/home/agilex/autoware.ai/install/autoware_build_flags/lib/pkgconfig:${PKG_CONFIG_PATH} PYTHONPATH=/home/agilex/autoware.ai/install/vector_map_msgs/lib/python2.7/dist-packages:/home/agilex/autoware.ai/install/autoware_msgs/lib/python2.7/dist-packages:${PYTHONPATH} ROS_PACKAGE_PATH=/home/agilex/autoware.ai/install/vector_map/share:/home/agilex/autoware.ai/install/vector_map_msgs/share:/home/agilex/autoware.ai/install/autoware_msgs/share:/home/agilex/autoware.ai/install/autoware_build_flags/share:${ROS_PACKAGE_PATH} /usr/bin/cmake /home/agilex/autoware.ai/src/autoware/common/map_file -DCMAKE_BUILD_TYPE=Release -DCATKIN_INSTALL_INTO_PREFIX_ROOT=0 -DCMAKE_INSTALL_PREFIX=/home/agilex/autoware.ai/install/map_file
[0.076s] -- The C compiler identification is GNU 7.5.0
[0.129s] -- The CXX compiler identification is GNU 7.5.0
[0.134s] -- Check for working C compiler: /usr/bin/cc
[0.195s] -- Check for working C compiler: /usr/bin/cc -- works
[0.195s] -- Detecting C compiler ABI info
[0.257s] -- Detecting C compiler ABI info - done
[0.265s] -- Detecting C compile features
[0.435s] -- Detecting C compile features - done
[0.437s] -- Check for working CXX compiler: /usr/bin/c++
[0.504s] -- Check for working CXX compiler: /usr/bin/c++ -- works
[0.505s] -- Detecting CXX compiler ABI info
[0.570s] -- Detecting CXX compiler ABI info - done
[0.578s] -- Detecting CXX compile features
[0.896s] -- Detecting CXX compile features - done
[0.908s] -- Found PkgConfig: /usr/bin/pkg-config (found version "0.29.1") 
[0.909s] -- CUDA compilation status: .
[0.963s] -- Using CATKIN_DEVEL_PREFIX: /home/agilex/autoware.ai/build/map_file/devel
[0.963s] -- Using CMAKE_PREFIX_PATH: /home/agilex/autoware.ai/install/vector_map;/home/agilex/autoware.ai/install/vector_map_msgs;/home/agilex/autoware.ai/install/autoware_msgs;/home/agilex/autoware.ai/install/autoware_build_flags;/opt/ros/melodic
[0.963s] -- This workspace overlays: /home/agilex/autoware.ai/install/vector_map;/home/agilex/autoware.ai/install/vector_map_msgs;/home/agilex/autoware.ai/install/autoware_msgs;/home/agilex/autoware.ai/install/autoware_build_flags;/opt/ros/melodic
[0.980s] -- Found PythonInterp: /usr/bin/python2 (found suitable version "2.7.17", minimum required is "2") 
[0.980s] -- Using PYTHON_EXECUTABLE: /usr/bin/python2
[0.980s] -- Using Debian Python package layout
[0.980s] -- Using empy: /usr/bin/empy
[1.139s] -- Using CATKIN_ENABLE_TESTING: ON
[1.139s] -- Call enable_testing()
[1.142s] -- Using CATKIN_TEST_RESULTS_DIR: /home/agilex/autoware.ai/build/map_file/test_results
[1.160s] -- Found gtest sources under '/usr/src/googletest': gtests will be built
[1.160s] -- Found gmock sources under '/usr/src/googletest': gmock will be built
[1.173s] -- Found PythonInterp: /usr/bin/python2 (found version "2.7.17") 
[1.174s] -- Looking for pthread.h
[1.235s] -- Looking for pthread.h - found
[1.236s] -- Looking for pthread_create
[1.298s] -- Looking for pthread_create - not found
[1.298s] -- Looking for pthread_create in pthreads
[1.352s] -- Looking for pthread_create in pthreads - not found
[1.352s] -- Looking for pthread_create in pthread
[1.409s] -- Looking for pthread_create in pthread - found
[1.410s] -- Found Threads: TRUE  
[1.415s] -- Using Python nosetests: /usr/bin/nosetests-2.7
[1.457s] -- catkin 0.7.29
[1.457s] -- BUILD_SHARED_LIBS is on
[1.554s] -- Using these message generators: gencpp;geneus;genlisp;gennodejs;genpy
[2.458s] -- Checking for module 'eigen3'
[2.473s] --   Found eigen3, version 3.3.4
[2.514s] -- Found eigen: /usr/include/eigen3  
[2.586s] -- Boost version: 1.65.1
[2.586s] -- Found the following Boost libraries:
[2.586s] --   system
[2.586s] --   filesystem
[2.586s] --   thread
[2.586s] --   date_time
[2.586s] --   iostreams
[2.586s] --   serialization
[2.586s] --   chrono
[2.587s] --   atomic
[2.587s] --   regex
[2.588s] -- Checking for module 'libopenni'
[2.613s] --   Found libopenni, version 1.5.4.0
[2.661s] -- Found openni: /usr/lib/libOpenNI.so  
[2.661s] -- Checking for module 'libopenni2'
[2.676s] --   Found libopenni2, version 2.2.0.3
[2.725s] -- Found OpenNI2: /usr/lib/libOpenNI2.so  
[2.730s] -- Could NOT find ensenso (missing: ENSENSO_LIBRARY ENSENSO_INCLUDE_DIR) 
[2.731s] ** WARNING ** io features related to ensenso will be disabled
[2.734s] -- Could NOT find DAVIDSDK (missing: DAVIDSDK_LIBRARY DAVIDSDK_INCLUDE_DIR) 
[2.734s] ** WARNING ** io features related to davidSDK will be disabled
[2.735s] -- Could NOT find DSSDK (missing: _DSSDK_LIBRARIES) 
[2.736s] ** WARNING ** io features related to dssdk will be disabled
[2.736s] ** WARNING ** io features related to pcap will be disabled
[2.736s] ** WARNING ** io features related to png will be disabled
[2.797s] -- The imported target "vtkRenderingPythonTkWidgets" references the file
[2.797s]    "/usr/lib/x86_64-linux-gnu/libvtkRenderingPythonTkWidgets.so"
[2.797s] but this file does not exist.  Possible reasons include:
[2.797s] * The file was deleted, renamed, or moved to another location.
[2.797s] * An install or uninstall procedure did not complete successfully.
[2.797s] * The installation package was faulty and contained
[2.797s]    "/usr/lib/cmake/vtk-6.3/VTKTargets.cmake"
[2.797s] but not all the files it references.
[2.797s] 
[2.800s] -- The imported target "vtk" references the file
[2.800s]    "/usr/bin/vtk"
[2.800s] but this file does not exist.  Possible reasons include:
[2.800s] * The file was deleted, renamed, or moved to another location.
[2.800s] * An install or uninstall procedure did not complete successfully.
[2.801s] * The installation package was faulty and contained
[2.801s]    "/usr/lib/cmake/vtk-6.3/VTKTargets.cmake"
[2.801s] but not all the files it references.
[2.801s] 
[2.868s] -- Found libusb-1.0: /usr/include  
[2.868s] ** WARNING ** io features related to libusb-1.0 will be disabled
[2.869s] -- looking for PCL_COMMON
[2.870s] -- Found PCL_COMMON: /usr/lib/x86_64-linux-gnu/libpcl_common.so  
[2.871s] -- looking for PCL_OCTREE
[2.873s] -- Found PCL_OCTREE: /usr/lib/x86_64-linux-gnu/libpcl_octree.so  
[2.873s] -- looking for PCL_IO
[2.875s] -- Found PCL_IO: /usr/lib/x86_64-linux-gnu/libpcl_io.so  
[2.885s] -- Found PCL: /usr/lib/x86_64-linux-gnu/libboost_system.so;/usr/lib/x86_64-linux-gnu/libboost_filesystem.so;/usr/lib/x86_64-linux-gnu/libboost_thread.so;/usr/lib/x86_64-linux-gnu/libboost_date_time.so;/usr/lib/x86_64-linux-gnu/libboost_iostreams.so;/usr/lib/x86_64-linux-gnu/libboost_serialization.so;/usr/lib/x86_64-linux-gnu/libboost_chrono.so;/usr/lib/x86_64-linux-gnu/libboost_atomic.so;/usr/lib/x86_64-linux-gnu/libboost_regex.so;/usr/lib/x86_64-linux-gnu/libpthread.so;optimized;/usr/lib/x86_64-linux-gnu/libpcl_common.so;debug;/usr/lib/x86_64-linux-gnu/libpcl_common.so;optimized;/usr/lib/x86_64-linux-gnu/libpcl_octree.so;debug;/usr/lib/x86_64-linux-gnu/libpcl_octree.so;/usr/lib/libOpenNI.so;/usr/lib/libOpenNI2.so;vtkChartsCore;vtkCommonColor;vtkCommonDataModel;vtkCommonMath;vtkCommonCore;vtksys;vtkCommonMisc;vtkCommonSystem;vtkCommonTransforms;vtkInfovisCore;vtkFiltersExtraction;vtkCommonExecutionModel;vtkFiltersCore;vtkFiltersGeneral;vtkCommonComputationalGeometry;vtkFiltersStatistics;vtkImagingFourier;vtkImagingCore;vtkalglib;vtkRenderingContext2D;vtkRenderingCore;vtkFiltersGeometry;vtkFiltersSources;vtkRenderingFreeType;/usr/lib/x86_64-linux-gnu/libfreetype.so;/usr/lib/x86_64-linux-gnu/libz.so;vtkftgl;vtkDICOMParser;vtkDomainsChemistry;vtkIOXML;vtkIOGeometry;vtkIOCore;vtkIOXMLParser;/usr/lib/x86_64-linux-gnu/libexpat.so;vtkFiltersAMR;vtkParallelCore;vtkIOLegacy;vtkFiltersFlowPaths;vtkFiltersGeneric;vtkFiltersHybrid;vtkImagingSources;vtkFiltersHyperTree;vtkFiltersImaging;vtkImagingGeneral;vtkFiltersModeling;vtkFiltersParallel;vtkFiltersParallelFlowPaths;vtkParallelMPI;vtkFiltersParallelGeometry;vtkFiltersParallelImaging;vtkFiltersParallelMPI;vtkFiltersParallelStatistics;vtkFiltersProgrammable;vtkFiltersPython;/usr/lib/x86_64-linux-gnu/libpython2.7.so;vtkWrappingPythonCore;vtkWrappingTools;vtkFiltersReebGraph;vtkFiltersSMP;vtkFiltersSelection;vtkFiltersTexture;vtkFiltersVerdict;verdict;vtkGUISupportQt;vtkInteractionStyle;vtkRenderingOpenGL;vtkImagingHybrid;vtkIOImage;vtkmetaio;/usr/lib/x86_64-linux-gnu/libjpeg.so;/usr/lib/x86_64-linux-gnu/libpng.so;/usr/lib/x86_64-linux-gnu/libtiff.so;vtkGUISupportQtOpenGL;vtkGUISupportQtSQL;vtkIOSQL;sqlite3;vtkGUISupportQtWebkit;vtkViewsQt;vtkViewsInfovis;vtkInfovisLayout;vtkInfovisBoostGraphAlgorithms;vtkRenderingLabel;vtkViewsCore;vtkInteractionWidgets;vtkRenderingAnnotation;vtkImagingColor;vtkRenderingVolume;vtkGeovisCore;/usr/lib/x86_64-linux-gnu/libproj.so;vtkIOAMR;/usr/lib/x86_64-linux-gnu/hdf5/openmpi/libhdf5.so;/usr/lib/x86_64-linux-gnu/libsz.so;/usr/lib/x86_64-linux-gnu/libdl.so;/usr/lib/x86_64-linux-gnu/libm.so;/usr/lib/x86_64-linux-gnu/openmpi/lib/libmpi.so;vtkIOEnSight;vtkIOExodus;vtkexoIIc;/usr/lib/x86_64-linux-gnu/libnetcdf_c++.so;/usr/lib/x86_64-linux-gnu/libnetcdf.so;vtkIOExport;vtkRenderingGL2PS;vtkRenderingContextOpenGL;/usr/lib/x86_64-linux-gnu/libgl2ps.so;vtkIOFFMPEG;vtkIOMovie;/usr/lib/x86_64-linux-gnu/libtheoraenc.so;/usr/lib/x86_64-linux-gnu/libtheoradec.so;/usr/lib/x86_64-linux-gnu/libogg.so;vtkIOGDAL;vtkIOGeoJSON;vtkIOImport;vtkIOInfovis;/usr/lib/x86_64-linux-gnu/libxml2.so;vtkIOLSDyna;vtkIOMINC;vtkIOMPIImage;vtkIOMPIParallel;vtkIOParallel;vtkIONetCDF;/usr/lib/x86_64-linux-gnu/libjsoncpp.so;vtkIOMySQL;vtkIOODBC;vtkIOPLY;vtkIOParallelExodus;vtkIOParallelLSDyna;vtkIOParallelNetCDF;vtkIOParallelXML;vtkIOPostgreSQL;vtkIOVPIC;VPIC;vtkIOVideo;vtkIOXdmf2;vtkxdmf2;vtkImagingMath;vtkImagingMorphological;vtkImagingStatistics;vtkImagingStencil;vtkInteractionImage;vtkLocalExample;vtkParallelMPI4Py;vtkPythonInterpreter;vtkRenderingExternal;vtkRenderingFreeTypeFontConfig;vtkRenderingImage;vtkRenderingLIC;vtkRenderingLOD;vtkRenderingMatplotlib;vtkRenderingParallel;vtkRenderingParallelLIC;vtkRenderingQt;vtkRenderingVolumeAMR;vtkRenderingVolumeOpenGL;vtkTestingGenericBridge;vtkTestingIOSQL;vtkTestingRendering;vtkViewsContext2D;vtkViewsGeovis;vtkWrappingJava;optimized;/usr/lib/x86_64-linux-gnu/libpcl_io.so;debug;/usr/lib/x86_64-linux-gnu/libpcl_io.so;/usr/lib/x86_64-linux-gnu/libboost_system.so;/usr/lib/x86_64-linux-gnu/libboost_filesystem.so;/usr/lib/x86_64-linux-gnu/libboost_thread.so;/usr/lib/x86_64-linux-gnu/libboost_date_time.so;/usr/lib/x86_64-linux-gnu/libboost_iostreams.so;/usr/lib/x86_64-linux-gnu/libboost_serialization.so;/usr/lib/x86_64-linux-gnu/libboost_chrono.so;/usr/lib/x86_64-linux-gnu/libboost_atomic.so;/usr/lib/x86_64-linux-gnu/libboost_regex.so;/usr/lib/x86_64-linux-gnu/libpthread.so;/usr/lib/libOpenNI.so;/usr/lib/libOpenNI2.so;vtkChartsCore;vtkCommonColor;vtkCommonDataModel;vtkCommonMath;vtkCommonCore;vtksys;vtkCommonMisc;vtkCommonSystem;vtkCommonTransforms;vtkInfovisCore;vtkFiltersExtraction;vtkCommonExecutionModel;vtkFiltersCore;vtkFiltersGeneral;vtkCommonComputationalGeometry;vtkFiltersStatistics;vtkImagingFourier;vtkImagingCore;vtkalglib;vtkRenderingContext2D;vtkRenderingCore;vtkFiltersGeometry;vtkFiltersSources;vtkRenderingFreeType;/usr/lib/x86_64-linux-gnu/libfreetype.so;/usr/lib/x86_64-linux-gnu/libz.so;vtkftgl;vtkDICOMParser;vtkDomainsChemistry;vtkIOXML;vtkIOGeometry;vtkIOCore;vtkIOXMLParser;/usr/lib/x86_64-linux-gnu/libexpat.so;vtkFiltersAMR;vtkParallelCore;vtkIOLegacy;vtkFiltersFlowPaths;vtkFiltersGeneric;vtkFiltersHybrid;vtkImagingSources;vtkFiltersHyperTree;vtkFiltersImaging;vtkImagingGeneral;vtkFiltersModeling;vtkFiltersParallel;vtkFiltersParallelFlowPaths;vtkParallelMPI;vtkFiltersParallelGeometry;vtkFiltersParallelImaging;vtkFiltersParallelMPI;vtkFiltersParallelStatistics;vtkFiltersProgrammable;vtkFiltersPython;/usr/lib/x86_64-linux-gnu/libpython2.7.so;vtkWrappingPythonCore;vtkWrappingTools;vtkFiltersReebGraph;vtkFiltersSMP;vtkFiltersSelection;vtkFiltersTexture;vtkFiltersVerdict;verdict;vtkGUISupportQt;vtkInteractionStyle;vtkRenderingOpenGL;vtkImagingHybrid;vtkIOImage;vtkmetaio;/usr/lib/x86_64-linux-gnu/libjpeg.so;/usr/lib/x86_64-linux-gnu/libpng.so;/usr/lib/x86_64-linux-gnu/libtiff.so;vtkGUISupportQtOpenGL;vtkGUISupportQtSQL;vtkIOSQL;sqlite3;vtkGUISupportQtWebkit;vtkViewsQt;vtkViewsInfovis;vtkInfovisLayout;vtkInfovisBoostGraphAlgorithms;vtkRenderingLabel;vtkViewsCore;vtkInteractionWidgets;vtkRenderingAnnotation;vtkImagingColor;vtkRenderingVolume;vtkGeovisCore;/usr/lib/x86_64-linux-gnu/libproj.so;vtkIOAMR;/usr/lib/x86_64-linux-gnu/hdf5/openmpi/libhdf5.so;/usr/lib/x86_64-linux-gnu/libsz.so;/usr/lib/x86_64-linux-gnu/libdl.so;/usr/lib/x86_64-linux-gnu/libm.so;/usr/lib/x86_64-linux-gnu/openmpi/lib/libmpi.so;vtkIOEnSight;vtkIOExodus;vtkexoIIc;/usr/lib/x86_64-linux-gnu/libnetcdf_c++.so;/usr/lib/x86_64-linux-gnu/libnetcdf.so;vtkIOExport;vtkRenderingGL2PS;vtkRenderingContextOpenGL;/usr/lib/x86_64-linux-gnu/libgl2ps.so;vtkIOFFMPEG;vtkIOMovie;/usr/lib/x86_64-linux-gnu/libtheoraenc.so;/usr/lib/x86_64-linux-gnu/libtheoradec.so;/usr/lib/x86_64-linux-gnu/libogg.so;vtkIOGDAL;vtkIOGeoJSON;vtkIOImport;vtkIOInfovis;/usr/lib/x86_64-linux-gnu/libxml2.so;vtkIOLSDyna;vtkIOMINC;vtkIOMPIImage;vtkIOMPIParallel;vtkIOParallel;vtkIONetCDF;/usr/lib/x86_64-linux-gnu/libjsoncpp.so;vtkIOMySQL;vtkIOODBC;vtkIOPLY;vtkIOParallelExodus;vtkIOParallelLSDyna;vtkIOParallelNetCDF;vtkIOParallelXML;vtkIOPostgreSQL;vtkIOVPIC;VPIC;vtkIOVideo;vtkIOXdmf2;vtkxdmf2;vtkImagingMath;vtkImagingMorphological;vtkImagingStatistics;vtkImagingStencil;vtkInteractionImage;vtkLocalExample;vtkParallelMPI4Py;vtkPythonInterpreter;vtkRenderingExternal;vtkRenderingFreeTypeFontConfig;vtkRenderingImage;vtkRenderingLIC;vtkRenderingLOD;vtkRenderingMatplotlib;vtkRenderingParallel;vtkRenderingParallelLIC;vtkRenderingQt;vtkRenderingVolumeAMR;vtkRenderingVolumeOpenGL;vtkTestingGenericBridge;vtkTestingIOSQL;vtkTestingRendering;vtkViewsContext2D;vtkViewsGeovis;vtkWrappingJava  
[2.888s] -- Found CURL: /usr/lib/x86_64-linux-gnu/libcurl.so (found version "7.58.0") 
[3.025s] -- Configuring done
[3.159s] -- Generating done
[3.172s] -- Build files have been written to: /home/agilex/autoware.ai/build/map_file
[3.180s] Invoked command in '/home/agilex/autoware.ai/build/map_file' returned '0': CMAKE_PREFIX_PATH=/home/agilex/autoware.ai/install/vector_map:/home/agilex/autoware.ai/install/vector_map_msgs:/home/agilex/autoware.ai/install/autoware_msgs:/home/agilex/autoware.ai/install/autoware_build_flags:${CMAKE_PREFIX_PATH} LD_LIBRARY_PATH=/home/agilex/autoware.ai/install/vector_map/lib:${LD_LIBRARY_PATH} PKG_CONFIG_PATH=/home/agilex/autoware.ai/install/vector_map/lib/x86_64-linux-gnu/pkgconfig:/home/agilex/autoware.ai/install/vector_map/lib/pkgconfig:/home/agilex/autoware.ai/install/vector_map_msgs/lib/x86_64-linux-gnu/pkgconfig:/home/agilex/autoware.ai/install/vector_map_msgs/lib/pkgconfig:/home/agilex/autoware.ai/install/autoware_msgs/lib/x86_64-linux-gnu/pkgconfig:/home/agilex/autoware.ai/install/autoware_msgs/lib/pkgconfig:/home/agilex/autoware.ai/install/autoware_build_flags/lib/x86_64-linux-gnu/pkgconfig:/home/agilex/autoware.ai/install/autoware_build_flags/lib/pkgconfig:${PKG_CONFIG_PATH} PYTHONPATH=/home/agilex/autoware.ai/install/vector_map_msgs/lib/python2.7/dist-packages:/home/agilex/autoware.ai/install/autoware_msgs/lib/python2.7/dist-packages:${PYTHONPATH} ROS_PACKAGE_PATH=/home/agilex/autoware.ai/install/vector_map/share:/home/agilex/autoware.ai/install/vector_map_msgs/share:/home/agilex/autoware.ai/install/autoware_msgs/share:/home/agilex/autoware.ai/install/autoware_build_flags/share:${ROS_PACKAGE_PATH} /usr/bin/cmake /home/agilex/autoware.ai/src/autoware/common/map_file -DCMAKE_BUILD_TYPE=Release -DCATKIN_INSTALL_INTO_PREFIX_ROOT=0 -DCMAKE_INSTALL_PREFIX=/home/agilex/autoware.ai/install/map_file
[3.185s] Invoking command in '/home/agilex/autoware.ai/build/map_file': CMAKE_PREFIX_PATH=/home/agilex/autoware.ai/install/vector_map:/home/agilex/autoware.ai/install/vector_map_msgs:/home/agilex/autoware.ai/install/autoware_msgs:/home/agilex/autoware.ai/install/autoware_build_flags:${CMAKE_PREFIX_PATH} LD_LIBRARY_PATH=/home/agilex/autoware.ai/install/vector_map/lib:${LD_LIBRARY_PATH} PKG_CONFIG_PATH=/home/agilex/autoware.ai/install/vector_map/lib/x86_64-linux-gnu/pkgconfig:/home/agilex/autoware.ai/install/vector_map/lib/pkgconfig:/home/agilex/autoware.ai/install/vector_map_msgs/lib/x86_64-linux-gnu/pkgconfig:/home/agilex/autoware.ai/install/vector_map_msgs/lib/pkgconfig:/home/agilex/autoware.ai/install/autoware_msgs/lib/x86_64-linux-gnu/pkgconfig:/home/agilex/autoware.ai/install/autoware_msgs/lib/pkgconfig:/home/agilex/autoware.ai/install/autoware_build_flags/lib/x86_64-linux-gnu/pkgconfig:/home/agilex/autoware.ai/install/autoware_build_flags/lib/pkgconfig:${PKG_CONFIG_PATH} PYTHONPATH=/home/agilex/autoware.ai/install/vector_map_msgs/lib/python2.7/dist-packages:/home/agilex/autoware.ai/install/autoware_msgs/lib/python2.7/dist-packages:${PYTHONPATH} ROS_PACKAGE_PATH=/home/agilex/autoware.ai/install/vector_map/share:/home/agilex/autoware.ai/install/vector_map_msgs/share:/home/agilex/autoware.ai/install/autoware_msgs/share:/home/agilex/autoware.ai/install/autoware_build_flags/share:${ROS_PACKAGE_PATH} /usr/bin/cmake --build /home/agilex/autoware.ai/build/map_file -- -j8 -l8
[3.243s] [35m[1mScanning dependencies of target vector_map_msgs_generate_messages_eus[0m
[3.253s] [  0%] Built target vector_map_msgs_generate_messages_eus
[3.266s] [35m[1mScanning dependencies of target bond_generate_messages_lisp[0m
[3.275s] [  0%] Built target bond_generate_messages_lisp
[3.290s] [35m[1mScanning dependencies of target bond_generate_messages_eus[0m
[3.299s] [  0%] Built target bond_generate_messages_eus
[3.321s] [35m[1mScanning dependencies of target bond_generate_messages_cpp[0m
[3.337s] [  0%] Built target bond_generate_messages_cpp
[3.358s] [35m[1mScanning dependencies of target nodelet_generate_messages_nodejs[0m
[3.367s] [  0%] Built target nodelet_generate_messages_nodejs
[3.376s] [35m[1mScanning dependencies of target nodelet_generate_messages_eus[0m
[3.385s] [  0%] Built target nodelet_generate_messages_eus
[3.397s] [35m[1mScanning dependencies of target nodelet_generate_messages_cpp[0m
[3.409s] [  0%] Built target nodelet_generate_messages_cpp
[3.418s] [35m[1mScanning dependencies of target dynamic_reconfigure_generate_messages_py[0m
[3.445s] [  0%] Built target dynamic_reconfigure_generate_messages_py
[3.461s] [35m[1mScanning dependencies of target dynamic_reconfigure_generate_messages_nodejs[0m
[3.482s] [  0%] Built target dynamic_reconfigure_generate_messages_nodejs
[3.513s] [35m[1mScanning dependencies of target dynamic_reconfigure_generate_messages_lisp[0m
[3.523s] [  0%] Built target dynamic_reconfigure_generate_messages_lisp
[3.536s] [35m[1mScanning dependencies of target dynamic_reconfigure_generate_messages_eus[0m
[3.553s] [  0%] Built target dynamic_reconfigure_generate_messages_eus
[3.577s] [35m[1mScanning dependencies of target pcl_ros_gencfg[0m
[3.603s] [  0%] Built target pcl_ros_gencfg
[3.619s] [35m[1mScanning dependencies of target vector_map_msgs_generate_messages_py[0m
[3.636s] [  0%] Built target vector_map_msgs_generate_messages_py
[3.644s] [35m[1mScanning dependencies of target bond_generate_messages_py[0m
[3.659s] [  0%] Built target bond_generate_messages_py
[3.669s] [35m[1mScanning dependencies of target vector_map_msgs_generate_messages_nodejs[0m
[3.678s] [  0%] Built target vector_map_msgs_generate_messages_nodejs
[3.686s] [35m[1mScanning dependencies of target vector_map_msgs_generate_messages_lisp[0m
[3.703s] [  0%] Built target vector_map_msgs_generate_messages_lisp
[3.719s] [35m[1mScanning dependencies of target jsk_footstep_msgs_generate_messages_nodejs[0m
[3.736s] [  0%] Built target jsk_footstep_msgs_generate_messages_nodejs
[3.746s] [35m[1mScanning dependencies of target jsk_footstep_msgs_generate_messages_lisp[0m
[3.768s] [  0%] Built target jsk_footstep_msgs_generate_messages_lisp
[3.787s] [35m[1mScanning dependencies of target jsk_footstep_msgs_generate_messages_eus[0m
[3.795s] [  0%] Built target jsk_footstep_msgs_generate_messages_eus
[3.810s] [35m[1mScanning dependencies of target actionlib_msgs_generate_messages_py[0m
[3.818s] [  0%] Built target actionlib_msgs_generate_messages_py
[3.840s] [35m[1mScanning dependencies of target geometry_msgs_generate_messages_py[0m
[3.854s] [  0%] Built target geometry_msgs_generate_messages_py
[3.873s] [35m[1mScanning dependencies of target pcl_msgs_generate_messages_nodejs[0m
[3.886s] [  0%] Built target pcl_msgs_generate_messages_nodejs
[3.901s] [35m[1mScanning dependencies of target jsk_recognition_msgs_generate_messages_py[0m
[3.912s] [  0%] Built target jsk_recognition_msgs_generate_messages_py
[3.929s] [35m[1mScanning dependencies of target pcl_msgs_generate_messages_eus[0m
[3.943s] [  0%] Built target pcl_msgs_generate_messages_eus
[3.964s] [35m[1mScanning dependencies of target rosgraph_msgs_generate_messages_eus[0m
[3.997s] [  0%] Built target rosgraph_msgs_generate_messages_eus
[4.005s] [35m[1mScanning dependencies of target jsk_recognition_msgs_generate_messages_lisp[0m
[4.016s] [  0%] Built target jsk_recognition_msgs_generate_messages_lisp
[4.035s] [35m[1mScanning dependencies of target jsk_recognition_msgs_generate_messages_eus[0m
[4.045s] [  0%] Built target jsk_recognition_msgs_generate_messages_eus
[4.065s] [35m[1mScanning dependencies of target tf2_msgs_generate_messages_cpp[0m
[4.074s] [  0%] Built target tf2_msgs_generate_messages_cpp
[4.086s] [35m[1mScanning dependencies of target nodelet_generate_messages_py[0m
[4.095s] [  0%] Built target nodelet_generate_messages_py
[4.107s] [35m[1mScanning dependencies of target sensor_msgs_generate_messages_py[0m
[4.135s] [  0%] Built target sensor_msgs_generate_messages_py
[4.147s] [35m[1mScanning dependencies of target dynamic_reconfigure_generate_messages_cpp[0m
[4.163s] [  0%] Built target dynamic_reconfigure_generate_messages_cpp
[4.178s] [35m[1mScanning dependencies of target tf_generate_messages_py[0m
[4.199s] [  0%] Built target tf_generate_messages_py
[4.220s] [35m[1mScanning dependencies of target sensor_msgs_generate_messages_nodejs[0m
[4.234s] [  0%] Built target sensor_msgs_generate_messages_nodejs
[4.252s] [35m[1mScanning dependencies of target roscpp_generate_messages_cpp[0m
[4.260s] [  0%] Built target roscpp_generate_messages_cpp
[4.284s] [35m[1mScanning dependencies of target actionlib_generate_messages_cpp[0m
[4.293s] [  0%] Built target actionlib_generate_messages_cpp
[4.308s] [35m[1mScanning dependencies of target autoware_msgs_generate_messages_lisp[0m
[4.330s] [  0%] Built target autoware_msgs_generate_messages_lisp
[4.363s] [35m[1mScanning dependencies of target jsk_footstep_msgs_generate_messages_py[0m
[4.384s] [  0%] Built target jsk_footstep_msgs_generate_messages_py
[4.394s] [35m[1mScanning dependencies of target std_msgs_generate_messages_cpp[0m
[4.408s] [  0%] Built target std_msgs_generate_messages_cpp
[4.417s] [35m[1mScanning dependencies of target visualization_msgs_generate_messages_nodejs[0m
[4.427s] [  0%] Built target visualization_msgs_generate_messages_nodejs
[4.438s] [35m[1mScanning dependencies of target geometry_msgs_generate_messages_lisp[0m
[4.447s] [  0%] Built target geometry_msgs_generate_messages_lisp
[4.456s] [35m[1mScanning dependencies of target nodelet_generate_messages_lisp[0m
[4.471s] [  0%] Built target nodelet_generate_messages_lisp
[4.483s] [35m[1mScanning dependencies of target autoware_msgs_generate_messages_py[0m
[4.496s] [  0%] Built target autoware_msgs_generate_messages_py
[4.505s] [35m[1mScanning dependencies of target std_msgs_generate_messages_py[0m
[4.515s] [  0%] Built target std_msgs_generate_messages_py
[4.524s] [35m[1mScanning dependencies of target autoware_msgs_generate_messages_cpp[0m
[4.532s] [  0%] Built target autoware_msgs_generate_messages_cpp
[4.546s] [35m[1mScanning dependencies of target rosgraph_msgs_generate_messages_cpp[0m
[4.555s] [  0%] Built target rosgraph_msgs_generate_messages_cpp
[4.564s] [35m[1mScanning dependencies of target pcl_msgs_generate_messages_cpp[0m
[4.573s] [  0%] Built target pcl_msgs_generate_messages_cpp
[4.585s] [35m[1mScanning dependencies of target topic_tools_generate_messages_lisp[0m
[4.596s] [  0%] Built target topic_tools_generate_messages_lisp
[4.609s] [35m[1mScanning dependencies of target jsk_recognition_msgs_generate_messages_cpp[0m
[4.625s] [  0%] Built target jsk_recognition_msgs_generate_messages_cpp
[4.633s] [35m[1mScanning dependencies of target sensor_msgs_generate_messages_lisp[0m
[4.645s] [  0%] Built target sensor_msgs_generate_messages_lisp
[4.654s] [35m[1mScanning dependencies of target std_srvs_generate_messages_cpp[0m
[4.663s] [  0%] Built target std_srvs_generate_messages_cpp
[4.672s] [35m[1mScanning dependencies of target autoware_msgs_generate_messages_eus[0m
[4.689s] [  0%] Built target autoware_msgs_generate_messages_eus
[4.698s] [35m[1mScanning dependencies of target autoware_msgs_generate_messages_nodejs[0m
[4.715s] [  0%] Built target autoware_msgs_generate_messages_nodejs
[4.725s] [35m[1mScanning dependencies of target visualization_msgs_generate_messages_lisp[0m
[4.734s] [  0%] Built target visualization_msgs_generate_messages_lisp
[4.745s] [35m[1mScanning dependencies of target std_msgs_generate_messages_eus[0m
[4.761s] [  0%] Built target std_msgs_generate_messages_eus
[4.763s] [35m[1mScanning dependencies of target geometry_msgs_generate_messages_eus[0m
[4.772s] [  0%] Built target geometry_msgs_generate_messages_eus
[4.781s] [35m[1mScanning dependencies of target std_msgs_generate_messages_nodejs[0m
[4.797s] [  0%] Built target std_msgs_generate_messages_nodejs
[4.807s] [35m[1mScanning dependencies of target sensor_msgs_generate_messages_eus[0m
[4.817s] [  0%] Built target sensor_msgs_generate_messages_eus
[4.826s] [35m[1mScanning dependencies of target std_srvs_generate_messages_lisp[0m
[4.838s] [  0%] Built target std_srvs_generate_messages_lisp
[4.850s] [35m[1mScanning dependencies of target roscpp_generate_messages_nodejs[0m
[4.859s] [  0%] Built target roscpp_generate_messages_nodejs
[4.867s] [35m[1mScanning dependencies of target std_msgs_generate_messages_lisp[0m
[4.880s] [  0%] Built target std_msgs_generate_messages_lisp
[4.888s] [35m[1mScanning dependencies of target sensor_msgs_generate_messages_cpp[0m
[4.899s] [  0%] Built target sensor_msgs_generate_messages_cpp
[4.908s] [35m[1mScanning dependencies of target actionlib_msgs_generate_messages_lisp[0m
[4.917s] [  0%] Built target actionlib_msgs_generate_messages_lisp
[4.925s] [35m[1mScanning dependencies of target topic_tools_generate_messages_py[0m
[4.934s] [  0%] Built target topic_tools_generate_messages_py
[4.943s] [35m[1mScanning dependencies of target nodelet_topic_tools_gencfg[0m
[4.953s] [  0%] Built target nodelet_topic_tools_gencfg
[4.967s] [35m[1mScanning dependencies of target actionlib_msgs_generate_messages_nodejs[0m
[4.978s] [  0%] Built target actionlib_msgs_generate_messages_nodejs
[4.993s] [35m[1mScanning dependencies of target geometry_msgs_generate_messages_nodejs[0m
[5.008s] [  0%] Built target geometry_msgs_generate_messages_nodejs
[5.021s] [35m[1mScanning dependencies of target std_srvs_generate_messages_eus[0m
[5.029s] [  0%] Built target std_srvs_generate_messages_eus
[5.044s] [35m[1mScanning dependencies of target jsk_recognition_msgs_generate_messages_nodejs[0m
[5.055s] [  0%] Built target jsk_recognition_msgs_generate_messages_nodejs
[5.064s] [35m[1mScanning dependencies of target roscpp_generate_messages_lisp[0m
[5.073s] [  0%] Built target roscpp_generate_messages_lisp
[5.085s] [35m[1mScanning dependencies of target roscpp_generate_messages_py[0m
[5.096s] [  0%] Built target roscpp_generate_messages_py
[5.105s] [35m[1mScanning dependencies of target rosgraph_msgs_generate_messages_lisp[0m
[5.116s] [  0%] Built target rosgraph_msgs_generate_messages_lisp
[5.132s] [35m[1mScanning dependencies of target rosgraph_msgs_generate_messages_nodejs[0m
[5.141s] [  0%] Built target rosgraph_msgs_generate_messages_nodejs
[5.149s] [35m[1mScanning dependencies of target actionlib_msgs_generate_messages_eus[0m
[5.158s] [  0%] Built target actionlib_msgs_generate_messages_eus
[5.172s] [35m[1mScanning dependencies of target roscpp_generate_messages_eus[0m
[5.181s] [  0%] Built target roscpp_generate_messages_eus
[5.190s] [35m[1mScanning dependencies of target rosgraph_msgs_generate_messages_py[0m
[5.198s] [  0%] Built target rosgraph_msgs_generate_messages_py
[5.206s] [35m[1mScanning dependencies of target jsk_footstep_msgs_generate_messages_cpp[0m
[5.215s] [  0%] Built target jsk_footstep_msgs_generate_messages_cpp
[5.227s] [35m[1mScanning dependencies of target actionlib_msgs_generate_messages_cpp[0m
[5.238s] [  0%] Built target actionlib_msgs_generate_messages_cpp
[5.247s] [35m[1mScanning dependencies of target tf_generate_messages_eus[0m
[5.258s] [  0%] Built target tf_generate_messages_eus
[5.268s] [35m[1mScanning dependencies of target tf_generate_messages_lisp[0m
[5.280s] [  0%] Built target tf_generate_messages_lisp
[5.291s] [35m[1mScanning dependencies of target tf_generate_messages_nodejs[0m
[5.300s] [  0%] Built target tf_generate_messages_nodejs
[5.308s] [35m[1mScanning dependencies of target pcl_msgs_generate_messages_py[0m
[5.317s] [  0%] Built target pcl_msgs_generate_messages_py
[5.329s] [35m[1mScanning dependencies of target actionlib_generate_messages_eus[0m
[5.339s] [  0%] Built target actionlib_generate_messages_eus
[5.352s] [35m[1mScanning dependencies of target geometry_msgs_generate_messages_cpp[0m
[5.363s] [  0%] Built target geometry_msgs_generate_messages_cpp
[5.372s] [35m[1mScanning dependencies of target actionlib_generate_messages_lisp[0m
[5.382s] [  0%] Built target actionlib_generate_messages_lisp
[5.394s] [35m[1mScanning dependencies of target pcl_msgs_generate_messages_lisp[0m
[5.402s] [  0%] Built target pcl_msgs_generate_messages_lisp
[5.412s] [35m[1mScanning dependencies of target tf_generate_messages_cpp[0m
[5.423s] [  0%] Built target tf_generate_messages_cpp
[5.432s] [35m[1mScanning dependencies of target actionlib_generate_messages_nodejs[0m
[5.441s] [  0%] Built target actionlib_generate_messages_nodejs
[5.450s] [35m[1mScanning dependencies of target dynamic_reconfigure_gencfg[0m
[5.459s] [  0%] Built target dynamic_reconfigure_gencfg
[5.468s] [35m[1mScanning dependencies of target tf2_msgs_generate_messages_lisp[0m
[5.481s] [  0%] Built target tf2_msgs_generate_messages_lisp
[5.490s] [35m[1mScanning dependencies of target actionlib_generate_messages_py[0m
[5.498s] [  0%] Built target actionlib_generate_messages_py
[5.511s] [35m[1mScanning dependencies of target tf2_msgs_generate_messages_py[0m
[5.520s] [  0%] Built target tf2_msgs_generate_messages_py
[5.530s] [35m[1mScanning dependencies of target tf2_msgs_generate_messages_nodejs[0m
[5.546s] [  0%] Built target tf2_msgs_generate_messages_nodejs
[5.554s] [35m[1mScanning dependencies of target tf2_msgs_generate_messages_eus[0m
[5.564s] [  0%] Built target tf2_msgs_generate_messages_eus
[5.576s] [35m[1mScanning dependencies of target visualization_msgs_generate_messages_cpp[0m
[5.585s] [  0%] Built target visualization_msgs_generate_messages_cpp
[5.600s] [35m[1mScanning dependencies of target visualization_msgs_generate_messages_eus[0m
[5.608s] [  0%] Built target visualization_msgs_generate_messages_eus
[5.622s] [35m[1mScanning dependencies of target visualization_msgs_generate_messages_py[0m
[5.632s] [  0%] Built target visualization_msgs_generate_messages_py
[5.640s] [35m[1mScanning dependencies of target vector_map_msgs_generate_messages_cpp[0m
[5.653s] [  0%] Built target vector_map_msgs_generate_messages_cpp
[5.662s] [35m[1mScanning dependencies of target get_file[0m
[5.675s] [ 11%] [32mBuilding CXX object CMakeFiles/get_file.dir/lib/map_file/get_file.cpp.o[0m
[6.029s] [ 22%] [32m[1mLinking CXX shared library devel/lib/libget_file.so[0m
[6.094s] [ 22%] Built target get_file
[6.102s] [35m[1mScanning dependencies of target bond_generate_messages_nodejs[0m
[6.111s] [ 22%] Built target bond_generate_messages_nodejs
[6.120s] [35m[1mScanning dependencies of target vector_map_loader[0m
[6.149s] [ 33%] [32mBuilding CXX object CMakeFiles/vector_map_loader.dir/nodes/vector_map_loader/vector_map_loader.cpp.o[0m
[14.981s] [ 44%] [32m[1mLinking CXX executable devel/lib/map_file/vector_map_loader[0m
[15.523s] [ 44%] Built target vector_map_loader
[15.532s] [35m[1mScanning dependencies of target std_srvs_generate_messages_nodejs[0m
[15.541s] [ 44%] Built target std_srvs_generate_messages_nodejs
[15.552s] [35m[1mScanning dependencies of target std_srvs_generate_messages_py[0m
[15.561s] [ 44%] Built target std_srvs_generate_messages_py
[15.572s] [35m[1mScanning dependencies of target topic_tools_generate_messages_cpp[0m
[15.583s] [ 44%] Built target topic_tools_generate_messages_cpp
[15.591s] [35m[1mScanning dependencies of target topic_tools_generate_messages_eus[0m
[15.600s] [ 44%] Built target topic_tools_generate_messages_eus
[15.608s] [35m[1mScanning dependencies of target topic_tools_generate_messages_nodejs[0m
[15.619s] [ 44%] Built target topic_tools_generate_messages_nodejs
[15.629s] [35m[1mScanning dependencies of target points_map_filter[0m
[15.698s] [ 55%] [32mBuilding CXX object CMakeFiles/points_map_filter.dir/nodes/points_map_filter/points_map_filter_node.cpp.o[0m
[19.833s] In file included from [01m[K/home/agilex/autoware.ai/src/autoware/common/map_file/include/map_file/points_map_filter.h:49:0[m[K,
[19.833s]                  from [01m[K/home/agilex/autoware.ai/src/autoware/common/map_file/nodes/points_map_filter/points_map_filter_node.cpp:38[m[K:
[19.833s] [01m[K/opt/ros/melodic/include/pcl_ros/point_cloud.h:303:27:[m[K [01;35m[Kwarning: [m[Kvariable templates only available with -std=c++14 or -std=gnu++14
[19.833s]      constexpr static bool [01;35m[Kpcl_uses_boost[m[K = true;
[19.833s]                            [01;35m[K^~~~~~~~~~~~~~[m[K
[21.582s] [ 66%] [32mBuilding CXX object CMakeFiles/points_map_filter.dir/nodes/points_map_filter/points_map_filter.cpp.o[0m
[25.770s] In file included from [01m[K/home/agilex/autoware.ai/src/autoware/common/map_file/include/map_file/points_map_filter.h:49:0[m[K,
[25.770s]                  from [01m[K/home/agilex/autoware.ai/src/autoware/common/map_file/nodes/points_map_filter/points_map_filter.cpp:35[m[K:
[25.770s] [01m[K/opt/ros/melodic/include/pcl_ros/point_cloud.h:303:27:[m[K [01;35m[Kwarning: [m[Kvariable templates only available with -std=c++14 or -std=gnu++14
[25.770s]      constexpr static bool [01;35m[Kpcl_uses_boost[m[K = true;
[25.771s]                            [01;35m[K^~~~~~~~~~~~~~[m[K
[28.567s] [ 77%] [32m[1mLinking CXX executable devel/lib/map_file/points_map_filter[0m
[30.745s] [ 77%] Built target points_map_filter
[30.756s] [35m[1mScanning dependencies of target points_map_loader[0m
[30.830s] [ 88%] [32mBuilding CXX object CMakeFiles/points_map_loader.dir/nodes/points_map_loader/points_map_loader.cpp.o[0m
[35.931s] [01m[K/home/agilex/autoware.ai/src/autoware/common/map_file/nodes/points_map_loader/points_map_loader.cpp:61:6:[m[K [01;35m[Kwarning: [m[K'[01m[Kvoid {anonymous}::RequestQueue::clear()[m[K' defined but not used [[01;35m[K-Wunused-function[m[K]
[35.931s]  void [01;35m[KRequestQueue[m[K::clear()
[35.931s]       [01;35m[K^~~~~~~~~~~~[m[K
[38.393s] [100%] [32m[1mLinking CXX executable devel/lib/map_file/points_map_loader[0m
[39.774s] [100%] Built target points_map_loader
[39.786s] Invoked command in '/home/agilex/autoware.ai/build/map_file' returned '0': CMAKE_PREFIX_PATH=/home/agilex/autoware.ai/install/vector_map:/home/agilex/autoware.ai/install/vector_map_msgs:/home/agilex/autoware.ai/install/autoware_msgs:/home/agilex/autoware.ai/install/autoware_build_flags:${CMAKE_PREFIX_PATH} LD_LIBRARY_PATH=/home/agilex/autoware.ai/install/vector_map/lib:${LD_LIBRARY_PATH} PKG_CONFIG_PATH=/home/agilex/autoware.ai/install/vector_map/lib/x86_64-linux-gnu/pkgconfig:/home/agilex/autoware.ai/install/vector_map/lib/pkgconfig:/home/agilex/autoware.ai/install/vector_map_msgs/lib/x86_64-linux-gnu/pkgconfig:/home/agilex/autoware.ai/install/vector_map_msgs/lib/pkgconfig:/home/agilex/autoware.ai/install/autoware_msgs/lib/x86_64-linux-gnu/pkgconfig:/home/agilex/autoware.ai/install/autoware_msgs/lib/pkgconfig:/home/agilex/autoware.ai/install/autoware_build_flags/lib/x86_64-linux-gnu/pkgconfig:/home/agilex/autoware.ai/install/autoware_build_flags/lib/pkgconfig:${PKG_CONFIG_PATH} PYTHONPATH=/home/agilex/autoware.ai/install/vector_map_msgs/lib/python2.7/dist-packages:/home/agilex/autoware.ai/install/autoware_msgs/lib/python2.7/dist-packages:${PYTHONPATH} ROS_PACKAGE_PATH=/home/agilex/autoware.ai/install/vector_map/share:/home/agilex/autoware.ai/install/vector_map_msgs/share:/home/agilex/autoware.ai/install/autoware_msgs/share:/home/agilex/autoware.ai/install/autoware_build_flags/share:${ROS_PACKAGE_PATH} /usr/bin/cmake --build /home/agilex/autoware.ai/build/map_file -- -j8 -l8
[39.887s] Invoking command in '/home/agilex/autoware.ai/build/map_file': CMAKE_PREFIX_PATH=/home/agilex/autoware.ai/install/vector_map:/home/agilex/autoware.ai/install/vector_map_msgs:/home/agilex/autoware.ai/install/autoware_msgs:/home/agilex/autoware.ai/install/autoware_build_flags:${CMAKE_PREFIX_PATH} LD_LIBRARY_PATH=/home/agilex/autoware.ai/install/vector_map/lib:${LD_LIBRARY_PATH} PKG_CONFIG_PATH=/home/agilex/autoware.ai/install/vector_map/lib/x86_64-linux-gnu/pkgconfig:/home/agilex/autoware.ai/install/vector_map/lib/pkgconfig:/home/agilex/autoware.ai/install/vector_map_msgs/lib/x86_64-linux-gnu/pkgconfig:/home/agilex/autoware.ai/install/vector_map_msgs/lib/pkgconfig:/home/agilex/autoware.ai/install/autoware_msgs/lib/x86_64-linux-gnu/pkgconfig:/home/agilex/autoware.ai/install/autoware_msgs/lib/pkgconfig:/home/agilex/autoware.ai/install/autoware_build_flags/lib/x86_64-linux-gnu/pkgconfig:/home/agilex/autoware.ai/install/autoware_build_flags/lib/pkgconfig:${PKG_CONFIG_PATH} PYTHONPATH=/home/agilex/autoware.ai/install/vector_map_msgs/lib/python2.7/dist-packages:/home/agilex/autoware.ai/install/autoware_msgs/lib/python2.7/dist-packages:${PYTHONPATH} ROS_PACKAGE_PATH=/home/agilex/autoware.ai/install/vector_map/share:/home/agilex/autoware.ai/install/vector_map_msgs/share:/home/agilex/autoware.ai/install/autoware_msgs/share:/home/agilex/autoware.ai/install/autoware_build_flags/share:${ROS_PACKAGE_PATH} /usr/bin/cmake --build /home/agilex/autoware.ai/build/map_file --target tests -- -j8 -l8
[39.948s] [35m[1mScanning dependencies of target tests[0m
[39.957s] Built target tests
[39.969s] Invoked command in '/home/agilex/autoware.ai/build/map_file' returned '0': CMAKE_PREFIX_PATH=/home/agilex/autoware.ai/install/vector_map:/home/agilex/autoware.ai/install/vector_map_msgs:/home/agilex/autoware.ai/install/autoware_msgs:/home/agilex/autoware.ai/install/autoware_build_flags:${CMAKE_PREFIX_PATH} LD_LIBRARY_PATH=/home/agilex/autoware.ai/install/vector_map/lib:${LD_LIBRARY_PATH} PKG_CONFIG_PATH=/home/agilex/autoware.ai/install/vector_map/lib/x86_64-linux-gnu/pkgconfig:/home/agilex/autoware.ai/install/vector_map/lib/pkgconfig:/home/agilex/autoware.ai/install/vector_map_msgs/lib/x86_64-linux-gnu/pkgconfig:/home/agilex/autoware.ai/install/vector_map_msgs/lib/pkgconfig:/home/agilex/autoware.ai/install/autoware_msgs/lib/x86_64-linux-gnu/pkgconfig:/home/agilex/autoware.ai/install/autoware_msgs/lib/pkgconfig:/home/agilex/autoware.ai/install/autoware_build_flags/lib/x86_64-linux-gnu/pkgconfig:/home/agilex/autoware.ai/install/autoware_build_flags/lib/pkgconfig:${PKG_CONFIG_PATH} PYTHONPATH=/home/agilex/autoware.ai/install/vector_map_msgs/lib/python2.7/dist-packages:/home/agilex/autoware.ai/install/autoware_msgs/lib/python2.7/dist-packages:${PYTHONPATH} ROS_PACKAGE_PATH=/home/agilex/autoware.ai/install/vector_map/share:/home/agilex/autoware.ai/install/vector_map_msgs/share:/home/agilex/autoware.ai/install/autoware_msgs/share:/home/agilex/autoware.ai/install/autoware_build_flags/share:${ROS_PACKAGE_PATH} /usr/bin/cmake --build /home/agilex/autoware.ai/build/map_file --target tests -- -j8 -l8
[40.066s] Invoking command in '/home/agilex/autoware.ai/build/map_file': CMAKE_PREFIX_PATH=/home/agilex/autoware.ai/install/vector_map:/home/agilex/autoware.ai/install/vector_map_msgs:/home/agilex/autoware.ai/install/autoware_msgs:/home/agilex/autoware.ai/install/autoware_build_flags:${CMAKE_PREFIX_PATH} LD_LIBRARY_PATH=/home/agilex/autoware.ai/install/vector_map/lib:${LD_LIBRARY_PATH} PKG_CONFIG_PATH=/home/agilex/autoware.ai/install/vector_map/lib/x86_64-linux-gnu/pkgconfig:/home/agilex/autoware.ai/install/vector_map/lib/pkgconfig:/home/agilex/autoware.ai/install/vector_map_msgs/lib/x86_64-linux-gnu/pkgconfig:/home/agilex/autoware.ai/install/vector_map_msgs/lib/pkgconfig:/home/agilex/autoware.ai/install/autoware_msgs/lib/x86_64-linux-gnu/pkgconfig:/home/agilex/autoware.ai/install/autoware_msgs/lib/pkgconfig:/home/agilex/autoware.ai/install/autoware_build_flags/lib/x86_64-linux-gnu/pkgconfig:/home/agilex/autoware.ai/install/autoware_build_flags/lib/pkgconfig:${PKG_CONFIG_PATH} PYTHONPATH=/home/agilex/autoware.ai/install/vector_map_msgs/lib/python2.7/dist-packages:/home/agilex/autoware.ai/install/autoware_msgs/lib/python2.7/dist-packages:${PYTHONPATH} ROS_PACKAGE_PATH=/home/agilex/autoware.ai/install/vector_map/share:/home/agilex/autoware.ai/install/vector_map_msgs/share:/home/agilex/autoware.ai/install/autoware_msgs/share:/home/agilex/autoware.ai/install/autoware_build_flags/share:${ROS_PACKAGE_PATH} /usr/bin/cmake --build /home/agilex/autoware.ai/build/map_file --target install -- -j8 -l8
[40.116s] [  0%] Built target vector_map_msgs_generate_messages_eus
[40.136s] [  0%] Built target bond_generate_messages_lisp
[40.155s] [  0%] Built target bond_generate_messages_eus
[40.173s] [  0%] Built target bond_generate_messages_cpp
[40.191s] [  0%] Built target nodelet_generate_messages_nodejs
[40.209s] [  0%] Built target nodelet_generate_messages_eus
[40.227s] [  0%] Built target nodelet_generate_messages_cpp
[40.245s] [  0%] Built target dynamic_reconfigure_generate_messages_py
[40.265s] [  0%] Built target dynamic_reconfigure_generate_messages_nodejs
[40.283s] [  0%] Built target dynamic_reconfigure_generate_messages_lisp
[40.301s] [  0%] Built target dynamic_reconfigure_generate_messages_eus
[40.319s] [  0%] Built target pcl_ros_gencfg
[40.344s] [  0%] Built target vector_map_msgs_generate_messages_py
[40.368s] [  0%] Built target bond_generate_messages_py
[40.386s] [  0%] Built target vector_map_msgs_generate_messages_nodejs
[40.404s] [  0%] Built target vector_map_msgs_generate_messages_lisp
[40.421s] [  0%] Built target jsk_footstep_msgs_generate_messages_nodejs
[40.439s] [  0%] Built target jsk_footstep_msgs_generate_messages_lisp
[40.456s] [  0%] Built target jsk_footstep_msgs_generate_messages_eus
[40.474s] [  0%] Built target actionlib_msgs_generate_messages_py
[40.491s] [  0%] Built target geometry_msgs_generate_messages_py
[40.516s] [  0%] Built target pcl_msgs_generate_messages_nodejs
[40.538s] [  0%] Built target jsk_recognition_msgs_generate_messages_py
[40.556s] [  0%] Built target pcl_msgs_generate_messages_eus
[40.574s] [  0%] Built target rosgraph_msgs_generate_messages_eus
[40.591s] [  0%] Built target jsk_recognition_msgs_generate_messages_lisp
[40.615s] [  0%] Built target jsk_recognition_msgs_generate_messages_eus
[40.632s] [  0%] Built target tf2_msgs_generate_messages_cpp
[40.650s] [  0%] Built target nodelet_generate_messages_py
[40.667s] [  0%] Built target sensor_msgs_generate_messages_py
[40.685s] [  0%] Built target dynamic_reconfigure_generate_messages_cpp
[40.703s] [  0%] Built target tf_generate_messages_py
[40.721s] [  0%] Built target sensor_msgs_generate_messages_nodejs
[40.739s] [  0%] Built target roscpp_generate_messages_cpp
[40.765s] [  0%] Built target actionlib_generate_messages_cpp
[40.782s] [  0%] Built target autoware_msgs_generate_messages_lisp
[40.801s] [  0%] Built target jsk_footstep_msgs_generate_messages_py
[40.819s] [  0%] Built target std_msgs_generate_messages_cpp
[40.837s] [  0%] Built target visualization_msgs_generate_messages_nodejs
[40.858s] [  0%] Built target geometry_msgs_generate_messages_lisp
[40.881s] [  0%] Built target nodelet_generate_messages_lisp
[40.906s] [  0%] Built target autoware_msgs_generate_messages_py
[40.928s] [  0%] Built target std_msgs_generate_messages_py
[40.946s] [  0%] Built target autoware_msgs_generate_messages_cpp
[40.964s] [  0%] Built target rosgraph_msgs_generate_messages_cpp
[40.985s] [  0%] Built target pcl_msgs_generate_messages_cpp
[41.002s] [  0%] Built target topic_tools_generate_messages_lisp
[41.021s] [  0%] Built target jsk_recognition_msgs_generate_messages_cpp
[41.037s] [  0%] Built target sensor_msgs_generate_messages_lisp
[41.063s] [  0%] Built target std_srvs_generate_messages_cpp
[41.080s] [  0%] Built target autoware_msgs_generate_messages_eus
[41.101s] [  0%] Built target autoware_msgs_generate_messages_nodejs
[41.145s] [  0%] Built target visualization_msgs_generate_messages_lisp
[41.178s] [  0%] Built target std_msgs_generate_messages_eus
[41.204s] [  0%] Built target geometry_msgs_generate_messages_eus
[41.236s] [  0%] Built target std_msgs_generate_messages_nodejs
[41.254s] [  0%] Built target sensor_msgs_generate_messages_eus
[41.286s] [  0%] Built target std_srvs_generate_messages_lisp
[41.324s] [  0%] Built target roscpp_generate_messages_nodejs
[41.359s] [  0%] Built target std_msgs_generate_messages_lisp
[41.383s] [  0%] Built target sensor_msgs_generate_messages_cpp
[41.430s] [  0%] Built target actionlib_msgs_generate_messages_lisp
[41.470s] [  0%] Built target topic_tools_generate_messages_py
[41.512s] [  0%] Built target nodelet_topic_tools_gencfg
[41.530s] [  0%] Built target actionlib_msgs_generate_messages_nodejs
[41.568s] [  0%] Built target geometry_msgs_generate_messages_nodejs
[41.587s] [  0%] Built target std_srvs_generate_messages_eus
[41.618s] [  0%] Built target jsk_recognition_msgs_generate_messages_nodejs
[41.651s] [  0%] Built target roscpp_generate_messages_lisp
[41.669s] [  0%] Built target roscpp_generate_messages_py
[41.715s] [  0%] Built target rosgraph_msgs_generate_messages_lisp
[41.753s] [  0%] Built target rosgraph_msgs_generate_messages_nodejs
[41.773s] [  0%] Built target actionlib_msgs_generate_messages_eus
[41.795s] [  0%] Built target roscpp_generate_messages_eus
[41.813s] [  0%] Built target rosgraph_msgs_generate_messages_py
[41.875s] [  0%] Built target jsk_footstep_msgs_generate_messages_cpp
[41.919s] [  0%] Built target actionlib_msgs_generate_messages_cpp
[41.962s] [  0%] Built target tf_generate_messages_eus
[41.985s] [  0%] Built target tf_generate_messages_lisp
[42.017s] [  0%] Built target tf_generate_messages_nodejs
[42.057s] [  0%] Built target pcl_msgs_generate_messages_py
[42.075s] [  0%] Built target actionlib_generate_messages_eus
[42.096s] [  0%] Built target geometry_msgs_generate_messages_cpp
[42.115s] [  0%] Built target actionlib_generate_messages_lisp
[42.136s] [  0%] Built target pcl_msgs_generate_messages_lisp
[42.153s] [  0%] Built target tf_generate_messages_cpp
[42.170s] [  0%] Built target actionlib_generate_messages_nodejs
[42.188s] [  0%] Built target dynamic_reconfigure_gencfg
[42.206s] [  0%] Built target tf2_msgs_generate_messages_lisp
[42.222s] [  0%] Built target actionlib_generate_messages_py
[42.245s] [  0%] Built target tf2_msgs_generate_messages_py
[42.275s] [  0%] Built target tf2_msgs_generate_messages_nodejs
[42.293s] [  0%] Built target tf2_msgs_generate_messages_eus
[42.311s] [  0%] Built target visualization_msgs_generate_messages_cpp
[42.328s] [  0%] Built target visualization_msgs_generate_messages_eus
[42.350s] [  0%] Built target visualization_msgs_generate_messages_py
[42.369s] [  0%] Built target vector_map_msgs_generate_messages_cpp
[42.389s] [ 22%] Built target get_file
[42.413s] [ 22%] Built target bond_generate_messages_nodejs
[42.434s] [ 44%] Built target vector_map_loader
[42.452s] [ 44%] Built target std_srvs_generate_messages_nodejs
[42.471s] [ 44%] Built target std_srvs_generate_messages_py
[42.490s] [ 44%] Built target topic_tools_generate_messages_cpp
[42.509s] [ 44%] Built target topic_tools_generate_messages_eus
[42.526s] [ 44%] Built target topic_tools_generate_messages_nodejs
[42.566s] [ 77%] Built target points_map_filter
[42.599s] [100%] Built target points_map_loader
[42.624s] [36mInstall the project...[0m
[42.632s] -- Install configuration: "Release"
[42.632s] -- Installing: /home/agilex/autoware.ai/install/map_file/lib/pkgconfig/map_file.pc
[42.633s] -- Installing: /home/agilex/autoware.ai/install/map_file/share/map_file/cmake/map_fileConfig.cmake
[42.633s] -- Installing: /home/agilex/autoware.ai/install/map_file/share/map_file/cmake/map_fileConfig-version.cmake
[42.633s] -- Installing: /home/agilex/autoware.ai/install/map_file/share/map_file/package.xml
[42.633s] -- Installing: /home/agilex/autoware.ai/install/map_file/lib/libget_file.so
[42.633s] -- Installing: /home/agilex/autoware.ai/install/map_file/lib/map_file/points_map_loader
[42.634s] -- Set runtime path of "/home/agilex/autoware.ai/install/map_file/lib/map_file/points_map_loader" to ""
[42.634s] -- Installing: /home/agilex/autoware.ai/install/map_file/lib/map_file/vector_map_loader
[42.634s] -- Set runtime path of "/home/agilex/autoware.ai/install/map_file/lib/map_file/vector_map_loader" to ""
[42.635s] -- Installing: /home/agilex/autoware.ai/install/map_file/lib/map_file/points_map_filter
[42.635s] -- Set runtime path of "/home/agilex/autoware.ai/install/map_file/lib/map_file/points_map_filter" to ""
[42.635s] -- Installing: /home/agilex/autoware.ai/install/map_file/include/map_file
[42.635s] -- Installing: /home/agilex/autoware.ai/install/map_file/include/map_file/get_file.h
[42.636s] -- Installing: /home/agilex/autoware.ai/install/map_file/include/map_file/points_map_filter.h
[42.636s] -- Installing: /home/agilex/autoware.ai/install/map_file/share/map_file/launch
[42.636s] -- Installing: /home/agilex/autoware.ai/install/map_file/share/map_file/launch/map_filter.launch
[42.636s] -- Installing: /home/agilex/autoware.ai/install/map_file/share/map_file/launch/map_downloader.launch
[42.642s] Invoked command in '/home/agilex/autoware.ai/build/map_file' returned '0': CMAKE_PREFIX_PATH=/home/agilex/autoware.ai/install/vector_map:/home/agilex/autoware.ai/install/vector_map_msgs:/home/agilex/autoware.ai/install/autoware_msgs:/home/agilex/autoware.ai/install/autoware_build_flags:${CMAKE_PREFIX_PATH} LD_LIBRARY_PATH=/home/agilex/autoware.ai/install/vector_map/lib:${LD_LIBRARY_PATH} PKG_CONFIG_PATH=/home/agilex/autoware.ai/install/vector_map/lib/x86_64-linux-gnu/pkgconfig:/home/agilex/autoware.ai/install/vector_map/lib/pkgconfig:/home/agilex/autoware.ai/install/vector_map_msgs/lib/x86_64-linux-gnu/pkgconfig:/home/agilex/autoware.ai/install/vector_map_msgs/lib/pkgconfig:/home/agilex/autoware.ai/install/autoware_msgs/lib/x86_64-linux-gnu/pkgconfig:/home/agilex/autoware.ai/install/autoware_msgs/lib/pkgconfig:/home/agilex/autoware.ai/install/autoware_build_flags/lib/x86_64-linux-gnu/pkgconfig:/home/agilex/autoware.ai/install/autoware_build_flags/lib/pkgconfig:${PKG_CONFIG_PATH} PYTHONPATH=/home/agilex/autoware.ai/install/vector_map_msgs/lib/python2.7/dist-packages:/home/agilex/autoware.ai/install/autoware_msgs/lib/python2.7/dist-packages:${PYTHONPATH} ROS_PACKAGE_PATH=/home/agilex/autoware.ai/install/vector_map/share:/home/agilex/autoware.ai/install/vector_map_msgs/share:/home/agilex/autoware.ai/install/autoware_msgs/share:/home/agilex/autoware.ai/install/autoware_build_flags/share:${ROS_PACKAGE_PATH} /usr/bin/cmake --build /home/agilex/autoware.ai/build/map_file --target install -- -j8 -l8
