[0.037s] Invoking command in '/home/agilex/autoware.ai/build/points_downsampler': CMAKE_PREFIX_PATH=/home/agilex/autoware.ai/install/autoware_config_msgs:/home/agilex/autoware.ai/install/autoware_build_flags:${CMAKE_PREFIX_PATH} PKG_CONFIG_PATH=/home/agilex/autoware.ai/install/autoware_config_msgs/lib/x86_64-linux-gnu/pkgconfig:/home/agilex/autoware.ai/install/autoware_config_msgs/lib/pkgconfig:/home/agilex/autoware.ai/install/autoware_build_flags/lib/x86_64-linux-gnu/pkgconfig:/home/agilex/autoware.ai/install/autoware_build_flags/lib/pkgconfig:${PKG_CONFIG_PATH} PYTHONPATH=/home/agilex/autoware.ai/install/autoware_config_msgs/lib/python2.7/dist-packages:${PYTHONPATH} ROS_PACKAGE_PATH=/home/agilex/autoware.ai/install/autoware_config_msgs/share:/home/agilex/autoware.ai/install/autoware_build_flags/share:${ROS_PACKAGE_PATH} /usr/bin/cmake --build /home/agilex/autoware.ai/build/points_downsampler -- -j8 -l8
[0.113s] [  0%] Built target std_msgs_generate_messages_nodejs
[0.122s] [  0%] Built target velodyne_msgs_generate_messages_py
[0.130s] [  0%] Built target actionlib_generate_messages_nodejs
[0.140s] [  0%] Built target std_msgs_generate_messages_eus
[0.147s] [  0%] Built target _points_downsampler_generate_messages_check_deps_PointsDownsamplerInfo
[0.154s] [  0%] Built target velodyne_msgs_generate_messages_eus
[0.174s] [  0%] Built target diagnostic_msgs_generate_messages_nodejs
[0.178s] [  0%] Built target diagnostic_msgs_generate_messages_eus
[0.181s] [  0%] Built target diagnostic_msgs_generate_messages_py
[0.183s] [  0%] Built target diagnostic_msgs_generate_messages_lisp
[0.184s] [  0%] Built target velodyne_msgs_generate_messages_cpp
[0.213s] [  0%] Built target velodyne_pointcloud_gencfg
[0.214s] [  0%] Built target tf2_msgs_generate_messages_eus
[0.218s] [  0%] Built target velodyne_driver_gencfg
[0.220s] [  0%] Built target tf2_msgs_generate_messages_cpp
[0.226s] [  0%] Built target tf2_msgs_generate_messages_nodejs
[0.236s] [  0%] Built target actionlib_msgs_generate_messages_lisp
[0.249s] [  0%] Built target tf2_msgs_generate_messages_lisp
[0.261s] [  0%] Built target actionlib_msgs_generate_messages_py
[0.266s] [  0%] Built target dynamic_reconfigure_gencfg
[0.282s] [  0%] Built target dynamic_reconfigure_generate_messages_lisp
[0.289s] [  0%] Built target geometry_msgs_generate_messages_lisp
[0.301s] [  0%] Built target dynamic_reconfigure_generate_messages_py
[0.303s] [  0%] Built target pcl_msgs_generate_messages_cpp
[0.311s] [  0%] Built target rosgraph_msgs_generate_messages_cpp
[0.322s] [  0%] Built target topic_tools_generate_messages_cpp
[0.331s] [  0%] Built target rosgraph_msgs_generate_messages_lisp
[0.341s] [  0%] Built target rosgraph_msgs_generate_messages_eus
[0.355s] [  0%] Built target geometry_msgs_generate_messages_eus
[0.360s] [  0%] Built target dynamic_reconfigure_generate_messages_nodejs
[0.373s] [  0%] Built target roscpp_generate_messages_py
[0.377s] [  0%] Built target bond_generate_messages_eus
[0.380s] [  0%] Built target actionlib_msgs_generate_messages_eus
[0.395s] [  0%] Built target roscpp_generate_messages_eus
[0.404s] [  0%] Built target rosgraph_msgs_generate_messages_py
[0.414s] [  0%] Built target pcl_ros_gencfg
[0.419s] [  0%] Built target topic_tools_generate_messages_nodejs
[0.435s] [  0%] Built target tf2_msgs_generate_messages_py
[0.438s] [  0%] Built target std_msgs_generate_messages_cpp
[0.462s] [  0%] Built target rosgraph_msgs_generate_messages_nodejs
[0.463s] [  0%] Built target actionlib_generate_messages_py
[0.496s] [  0%] Built target dynamic_reconfigure_generate_messages_eus
[0.508s] [  0%] Built target std_msgs_generate_messages_py
[0.508s] [  0%] Built target std_msgs_generate_messages_lisp
[0.513s] [  0%] Built target roscpp_generate_messages_nodejs
[0.537s] [  0%] Built target bond_generate_messages_lisp
[0.550s] [  0%] Built target sensor_msgs_generate_messages_lisp
[0.550s] [  0%] Built target geometry_msgs_generate_messages_nodejs
[0.553s] [  0%] Built target std_srvs_generate_messages_eus
[0.573s] [  0%] Built target roscpp_generate_messages_lisp
[0.578s] [  0%] Built target actionlib_generate_messages_cpp
[0.605s] [  0%] Built target roscpp_generate_messages_cpp
[0.606s] [  0%] Built target sensor_msgs_generate_messages_nodejs
[0.614s] [  0%] Built target nodelet_generate_messages_cpp
[0.615s] [  0%] Built target geometry_msgs_generate_messages_py
[0.631s] [  0%] Built target bond_generate_messages_py
[0.656s] [  0%] Built target std_srvs_generate_messages_nodejs
[0.667s] [  0%] Built target actionlib_generate_messages_lisp
[0.673s] [  0%] Built target nodelet_generate_messages_eus
[0.673s] [  0%] Built target nodelet_generate_messages_lisp
[0.691s] [  0%] Built target geometry_msgs_generate_messages_cpp
[0.706s] [  0%] Built target pcl_msgs_generate_messages_nodejs
[0.728s] [  0%] Built target nodelet_generate_messages_nodejs
[0.736s] [  0%] Built target bond_generate_messages_nodejs
[0.751s] [  0%] Built target tf_generate_messages_eus
[0.751s] [  0%] Built target bond_generate_messages_cpp
[0.760s] [  0%] Built target actionlib_msgs_generate_messages_cpp
[0.786s] [  0%] Built target nodelet_topic_tools_gencfg
[0.791s] [  6%] Built target points_downsampler_generate_messages_lisp
[0.802s] [  6%] Built target actionlib_msgs_generate_messages_nodejs
[0.817s] [  6%] Built target topic_tools_generate_messages_py
[0.817s] [  6%] Built target std_srvs_generate_messages_lisp
[0.864s] [  6%] Built target pcl_msgs_generate_messages_eus
[0.873s] [  6%] Built target topic_tools_generate_messages_lisp
[0.889s] [  6%] Built target sensor_msgs_generate_messages_cpp
[0.893s] [  6%] Built target topic_tools_generate_messages_eus
[0.905s] [  6%] Built target velodyne_msgs_generate_messages_lisp
[0.933s] [  6%] Built target velodyne_msgs_generate_messages_nodejs
[0.942s] [  6%] Built target nodelet_generate_messages_py
[0.955s] [  6%] Built target std_srvs_generate_messages_cpp
[0.963s] [  6%] Built target sensor_msgs_generate_messages_eus
[0.967s] [  6%] Built target sensor_msgs_generate_messages_py
[0.981s] [  6%] Built target tf_generate_messages_py
[0.990s] [  6%] Built target dynamic_reconfigure_generate_messages_cpp
[1.015s] [  6%] Built target tf_generate_messages_lisp
[1.046s] [ 13%] Built target points_downsampler_generate_messages_cpp
[1.050s] [ 13%] Built target pcl_msgs_generate_messages_py
[1.054s] [ 13%] Built target pcl_msgs_generate_messages_lisp
[1.056s] [ 13%] Built target std_srvs_generate_messages_py
[1.065s] [ 13%] Built target tf_generate_messages_nodejs
[1.089s] [ 13%] Built target diagnostic_msgs_generate_messages_cpp
[1.089s] [ 13%] Built target actionlib_generate_messages_eus
[1.111s] [ 26%] Built target points_downsampler_generate_messages_eus
[1.140s] [ 40%] Built target points_downsampler_generate_messages_py
[1.152s] [ 40%] Built target tf_generate_messages_cpp
[1.154s] [ 46%] Built target points_downsampler_generate_messages_nodejs
[1.234s] [ 60%] Built target random_filter
[1.236s] [ 73%] Built target distance_filter
[1.249s] [ 86%] Built target ring_filter
[1.305s] [ 86%] Built target points_downsampler_generate_messages
[1.327s] [100%] Built target voxel_grid_filter
[1.356s] Invoked command in '/home/agilex/autoware.ai/build/points_downsampler' returned '0': CMAKE_PREFIX_PATH=/home/agilex/autoware.ai/install/autoware_config_msgs:/home/agilex/autoware.ai/install/autoware_build_flags:${CMAKE_PREFIX_PATH} PKG_CONFIG_PATH=/home/agilex/autoware.ai/install/autoware_config_msgs/lib/x86_64-linux-gnu/pkgconfig:/home/agilex/autoware.ai/install/autoware_config_msgs/lib/pkgconfig:/home/agilex/autoware.ai/install/autoware_build_flags/lib/x86_64-linux-gnu/pkgconfig:/home/agilex/autoware.ai/install/autoware_build_flags/lib/pkgconfig:${PKG_CONFIG_PATH} PYTHONPATH=/home/agilex/autoware.ai/install/autoware_config_msgs/lib/python2.7/dist-packages:${PYTHONPATH} ROS_PACKAGE_PATH=/home/agilex/autoware.ai/install/autoware_config_msgs/share:/home/agilex/autoware.ai/install/autoware_build_flags/share:${ROS_PACKAGE_PATH} /usr/bin/cmake --build /home/agilex/autoware.ai/build/points_downsampler -- -j8 -l8
[1.904s] Invoking command in '/home/agilex/autoware.ai/build/points_downsampler': CMAKE_PREFIX_PATH=/home/agilex/autoware.ai/install/autoware_config_msgs:/home/agilex/autoware.ai/install/autoware_build_flags:${CMAKE_PREFIX_PATH} PKG_CONFIG_PATH=/home/agilex/autoware.ai/install/autoware_config_msgs/lib/x86_64-linux-gnu/pkgconfig:/home/agilex/autoware.ai/install/autoware_config_msgs/lib/pkgconfig:/home/agilex/autoware.ai/install/autoware_build_flags/lib/x86_64-linux-gnu/pkgconfig:/home/agilex/autoware.ai/install/autoware_build_flags/lib/pkgconfig:${PKG_CONFIG_PATH} PYTHONPATH=/home/agilex/autoware.ai/install/autoware_config_msgs/lib/python2.7/dist-packages:${PYTHONPATH} ROS_PACKAGE_PATH=/home/agilex/autoware.ai/install/autoware_config_msgs/share:/home/agilex/autoware.ai/install/autoware_build_flags/share:${ROS_PACKAGE_PATH} /usr/bin/cmake --build /home/agilex/autoware.ai/build/points_downsampler --target tests -- -j8 -l8
[2.092s] Built target tests
[2.107s] Invoked command in '/home/agilex/autoware.ai/build/points_downsampler' returned '0': CMAKE_PREFIX_PATH=/home/agilex/autoware.ai/install/autoware_config_msgs:/home/agilex/autoware.ai/install/autoware_build_flags:${CMAKE_PREFIX_PATH} PKG_CONFIG_PATH=/home/agilex/autoware.ai/install/autoware_config_msgs/lib/x86_64-linux-gnu/pkgconfig:/home/agilex/autoware.ai/install/autoware_config_msgs/lib/pkgconfig:/home/agilex/autoware.ai/install/autoware_build_flags/lib/x86_64-linux-gnu/pkgconfig:/home/agilex/autoware.ai/install/autoware_build_flags/lib/pkgconfig:${PKG_CONFIG_PATH} PYTHONPATH=/home/agilex/autoware.ai/install/autoware_config_msgs/lib/python2.7/dist-packages:${PYTHONPATH} ROS_PACKAGE_PATH=/home/agilex/autoware.ai/install/autoware_config_msgs/share:/home/agilex/autoware.ai/install/autoware_build_flags/share:${ROS_PACKAGE_PATH} /usr/bin/cmake --build /home/agilex/autoware.ai/build/points_downsampler --target tests -- -j8 -l8
[2.384s] Invoking command in '/home/agilex/autoware.ai/build/points_downsampler': CMAKE_PREFIX_PATH=/home/agilex/autoware.ai/install/autoware_config_msgs:/home/agilex/autoware.ai/install/autoware_build_flags:${CMAKE_PREFIX_PATH} PKG_CONFIG_PATH=/home/agilex/autoware.ai/install/autoware_config_msgs/lib/x86_64-linux-gnu/pkgconfig:/home/agilex/autoware.ai/install/autoware_config_msgs/lib/pkgconfig:/home/agilex/autoware.ai/install/autoware_build_flags/lib/x86_64-linux-gnu/pkgconfig:/home/agilex/autoware.ai/install/autoware_build_flags/lib/pkgconfig:${PKG_CONFIG_PATH} PYTHONPATH=/home/agilex/autoware.ai/install/autoware_config_msgs/lib/python2.7/dist-packages:${PYTHONPATH} ROS_PACKAGE_PATH=/home/agilex/autoware.ai/install/autoware_config_msgs/share:/home/agilex/autoware.ai/install/autoware_build_flags/share:${ROS_PACKAGE_PATH} /usr/bin/cmake --build /home/agilex/autoware.ai/build/points_downsampler --target install -- -j8 -l8
[2.431s] [  0%] Built target std_msgs_generate_messages_nodejs
[2.439s] [  0%] Built target actionlib_generate_messages_nodejs
[2.447s] [  0%] Built target velodyne_msgs_generate_messages_eus
[2.450s] [  0%] Built target std_msgs_generate_messages_eus
[2.463s] [  0%] Built target velodyne_msgs_generate_messages_cpp
[2.479s] [  0%] Built target diagnostic_msgs_generate_messages_py
[2.483s] [  0%] Built target diagnostic_msgs_generate_messages_nodejs
[2.486s] [  0%] Built target _points_downsampler_generate_messages_check_deps_PointsDownsamplerInfo
[2.491s] [  0%] Built target diagnostic_msgs_generate_messages_lisp
[2.509s] [  0%] Built target diagnostic_msgs_generate_messages_eus
[2.513s] [  0%] Built target velodyne_driver_gencfg
[2.521s] [  0%] Built target velodyne_pointcloud_gencfg
[2.531s] [  0%] Built target tf2_msgs_generate_messages_nodejs
[2.539s] [  0%] Built target tf2_msgs_generate_messages_eus
[2.551s] [  0%] Built target tf2_msgs_generate_messages_cpp
[2.558s] [  0%] Built target actionlib_msgs_generate_messages_py
[2.571s] [  0%] Built target geometry_msgs_generate_messages_lisp
[2.578s] [  0%] Built target actionlib_msgs_generate_messages_lisp
[2.585s] [  0%] Built target tf2_msgs_generate_messages_lisp
[2.588s] [  0%] Built target dynamic_reconfigure_gencfg
[2.599s] [  0%] Built target dynamic_reconfigure_generate_messages_py
[2.605s] [  0%] Built target dynamic_reconfigure_generate_messages_lisp
[2.619s] [  0%] Built target rosgraph_msgs_generate_messages_cpp
[2.626s] [  0%] Built target pcl_msgs_generate_messages_cpp
[2.633s] [  0%] Built target rosgraph_msgs_generate_messages_lisp
[2.635s] [  0%] Built target topic_tools_generate_messages_cpp
[2.665s] [  0%] Built target rosgraph_msgs_generate_messages_eus
[2.676s] [  0%] Built target dynamic_reconfigure_generate_messages_nodejs
[2.679s] [  0%] Built target roscpp_generate_messages_py
[2.687s] [  0%] Built target geometry_msgs_generate_messages_eus
[2.705s] [  0%] Built target actionlib_msgs_generate_messages_eus
[2.715s] [  0%] Built target roscpp_generate_messages_eus
[2.721s] [  0%] Built target bond_generate_messages_eus
[2.732s] [  0%] Built target rosgraph_msgs_generate_messages_py
[2.758s] [  0%] Built target pcl_ros_gencfg
[2.765s] [  0%] Built target topic_tools_generate_messages_nodejs
[2.787s] [  0%] Built target tf2_msgs_generate_messages_py
[2.790s] [  0%] Built target actionlib_generate_messages_py
[2.805s] [  0%] Built target rosgraph_msgs_generate_messages_nodejs
[2.816s] [  0%] Built target std_msgs_generate_messages_cpp
[2.846s] [  0%] Built target roscpp_generate_messages_nodejs
[2.852s] [  0%] Built target std_msgs_generate_messages_lisp
[2.855s] [  0%] Built target std_msgs_generate_messages_py
[2.870s] [  0%] Built target bond_generate_messages_lisp
[2.877s] [  0%] Built target dynamic_reconfigure_generate_messages_eus
[2.895s] [  0%] Built target velodyne_msgs_generate_messages_lisp
[2.897s] [  0%] Built target velodyne_msgs_generate_messages_nodejs
[2.929s] [  0%] Built target sensor_msgs_generate_messages_lisp
[2.931s] [  0%] Built target roscpp_generate_messages_lisp
[2.936s] [  0%] Built target geometry_msgs_generate_messages_nodejs
[2.942s] [  0%] Built target std_srvs_generate_messages_eus
[2.982s] [  0%] Built target geometry_msgs_generate_messages_py
[2.989s] [  0%] Built target sensor_msgs_generate_messages_nodejs
[2.989s] [  0%] Built target roscpp_generate_messages_cpp
[2.992s] [  0%] Built target nodelet_generate_messages_cpp
[3.003s] [  0%] Built target actionlib_generate_messages_cpp
[3.003s] [  0%] Built target bond_generate_messages_py
[3.039s] [  0%] Built target nodelet_generate_messages_eus
[3.042s] [  0%] Built target nodelet_generate_messages_lisp
[3.048s] [  0%] Built target actionlib_generate_messages_lisp
[3.061s] [  0%] Built target std_srvs_generate_messages_nodejs
[3.072s] [  0%] Built target velodyne_msgs_generate_messages_py
[3.101s] [  0%] Built target bond_generate_messages_nodejs
[3.102s] [  0%] Built target geometry_msgs_generate_messages_cpp
[3.107s] [  0%] Built target bond_generate_messages_cpp
[3.109s] [  0%] Built target actionlib_msgs_generate_messages_cpp
[3.131s] [  0%] Built target tf_generate_messages_eus
[3.133s] [  0%] Built target pcl_msgs_generate_messages_nodejs
[3.162s] [  0%] Built target topic_tools_generate_messages_py
[3.179s] [  6%] Built target points_downsampler_generate_messages_lisp
[3.189s] [  6%] Built target std_srvs_generate_messages_lisp
[3.193s] [  6%] Built target actionlib_msgs_generate_messages_nodejs
[3.195s] [  6%] Built target nodelet_topic_tools_gencfg
[3.237s] [  6%] Built target sensor_msgs_generate_messages_eus
[3.238s] [  6%] Built target sensor_msgs_generate_messages_cpp
[3.246s] [  6%] Built target pcl_msgs_generate_messages_eus
[3.267s] [  6%] Built target topic_tools_generate_messages_lisp
[3.276s] [  6%] Built target dynamic_reconfigure_generate_messages_cpp
[3.279s] [  6%] Built target topic_tools_generate_messages_eus
[3.280s] [  6%] Built target nodelet_generate_messages_py
[3.282s] [  6%] Built target sensor_msgs_generate_messages_py
[3.291s] [  6%] Built target tf_generate_messages_py
[3.313s] [  6%] Built target std_srvs_generate_messages_cpp
[3.323s] [  6%] Built target tf_generate_messages_lisp
[3.330s] [  6%] Built target tf_generate_messages_nodejs
[3.334s] [  6%] Built target std_srvs_generate_messages_py
[3.364s] [  6%] Built target pcl_msgs_generate_messages_py
[3.372s] [  6%] Built target pcl_msgs_generate_messages_lisp
[3.374s] [ 13%] Built target points_downsampler_generate_messages_cpp
[3.383s] [ 13%] Built target diagnostic_msgs_generate_messages_cpp
[3.408s] [ 13%] Built target actionlib_generate_messages_eus
[3.413s] [ 20%] Built target points_downsampler_generate_messages_nodejs
[3.419s] [ 33%] Built target points_downsampler_generate_messages_eus
[3.427s] [ 33%] Built target tf_generate_messages_cpp
[3.429s] [ 46%] Built target points_downsampler_generate_messages_py
[3.430s] [ 46%] Built target nodelet_generate_messages_nodejs
[3.474s] [ 60%] Built target distance_filter
[3.477s] [ 60%] Built target points_downsampler_generate_messages
[3.514s] [ 73%] Built target random_filter
[3.530s] [ 86%] Built target ring_filter
[3.544s] [100%] Built target voxel_grid_filter
[3.568s] [36mInstall the project...[0m
[3.581s] -- Install configuration: "Release"
[3.581s] -- Up-to-date: /home/agilex/autoware.ai/install/points_downsampler/share/points_downsampler/msg/PointsDownsamplerInfo.msg
[3.582s] -- Up-to-date: /home/agilex/autoware.ai/install/points_downsampler/share/points_downsampler/cmake/points_downsampler-msg-paths.cmake
[3.582s] -- Up-to-date: /home/agilex/autoware.ai/install/points_downsampler/include/points_downsampler
[3.582s] -- Up-to-date: /home/agilex/autoware.ai/install/points_downsampler/include/points_downsampler/PointsDownsamplerInfo.h
[3.582s] -- Up-to-date: /home/agilex/autoware.ai/install/points_downsampler/share/roseus/ros/points_downsampler
[3.582s] -- Up-to-date: /home/agilex/autoware.ai/install/points_downsampler/share/roseus/ros/points_downsampler/manifest.l
[3.582s] -- Up-to-date: /home/agilex/autoware.ai/install/points_downsampler/share/roseus/ros/points_downsampler/msg
[3.582s] -- Up-to-date: /home/agilex/autoware.ai/install/points_downsampler/share/roseus/ros/points_downsampler/msg/PointsDownsamplerInfo.l
[3.583s] -- Up-to-date: /home/agilex/autoware.ai/install/points_downsampler/share/common-lisp/ros/points_downsampler
[3.583s] -- Up-to-date: /home/agilex/autoware.ai/install/points_downsampler/share/common-lisp/ros/points_downsampler/msg
[3.583s] -- Up-to-date: /home/agilex/autoware.ai/install/points_downsampler/share/common-lisp/ros/points_downsampler/msg/_package_PointsDownsamplerInfo.lisp
[3.583s] -- Up-to-date: /home/agilex/autoware.ai/install/points_downsampler/share/common-lisp/ros/points_downsampler/msg/_package.lisp
[3.583s] -- Up-to-date: /home/agilex/autoware.ai/install/points_downsampler/share/common-lisp/ros/points_downsampler/msg/points_downsampler-msg.asd
[3.583s] -- Up-to-date: /home/agilex/autoware.ai/install/points_downsampler/share/common-lisp/ros/points_downsampler/msg/PointsDownsamplerInfo.lisp
[3.583s] -- Up-to-date: /home/agilex/autoware.ai/install/points_downsampler/share/gennodejs/ros/points_downsampler
[3.583s] -- Up-to-date: /home/agilex/autoware.ai/install/points_downsampler/share/gennodejs/ros/points_downsampler/msg
[3.583s] -- Up-to-date: /home/agilex/autoware.ai/install/points_downsampler/share/gennodejs/ros/points_downsampler/msg/PointsDownsamplerInfo.js
[3.584s] -- Up-to-date: /home/agilex/autoware.ai/install/points_downsampler/share/gennodejs/ros/points_downsampler/msg/_index.js
[3.584s] -- Up-to-date: /home/agilex/autoware.ai/install/points_downsampler/share/gennodejs/ros/points_downsampler/_index.js
[3.615s] Listing /home/agilex/autoware.ai/build/points_downsampler/devel/lib/python2.7/dist-packages/points_downsampler ...
[3.615s] Listing /home/agilex/autoware.ai/build/points_downsampler/devel/lib/python2.7/dist-packages/points_downsampler/msg ...
[3.615s] -- Up-to-date: /home/agilex/autoware.ai/install/points_downsampler/lib/python2.7/dist-packages/points_downsampler
[3.616s] -- Up-to-date: /home/agilex/autoware.ai/install/points_downsampler/lib/python2.7/dist-packages/points_downsampler/__init__.pyc
[3.616s] -- Up-to-date: /home/agilex/autoware.ai/install/points_downsampler/lib/python2.7/dist-packages/points_downsampler/msg
[3.616s] -- Up-to-date: /home/agilex/autoware.ai/install/points_downsampler/lib/python2.7/dist-packages/points_downsampler/msg/_PointsDownsamplerInfo.pyc
[3.616s] -- Up-to-date: /home/agilex/autoware.ai/install/points_downsampler/lib/python2.7/dist-packages/points_downsampler/msg/__init__.pyc
[3.616s] -- Up-to-date: /home/agilex/autoware.ai/install/points_downsampler/lib/python2.7/dist-packages/points_downsampler/msg/_PointsDownsamplerInfo.py
[3.616s] -- Up-to-date: /home/agilex/autoware.ai/install/points_downsampler/lib/python2.7/dist-packages/points_downsampler/msg/__init__.py
[3.616s] -- Up-to-date: /home/agilex/autoware.ai/install/points_downsampler/lib/python2.7/dist-packages/points_downsampler/__init__.py
[3.616s] -- Up-to-date: /home/agilex/autoware.ai/install/points_downsampler/lib/pkgconfig/points_downsampler.pc
[3.616s] -- Up-to-date: /home/agilex/autoware.ai/install/points_downsampler/share/points_downsampler/cmake/points_downsampler-msg-extras.cmake
[3.617s] -- Up-to-date: /home/agilex/autoware.ai/install/points_downsampler/share/points_downsampler/cmake/points_downsamplerConfig.cmake
[3.617s] -- Up-to-date: /home/agilex/autoware.ai/install/points_downsampler/share/points_downsampler/cmake/points_downsamplerConfig-version.cmake
[3.617s] -- Up-to-date: /home/agilex/autoware.ai/install/points_downsampler/share/points_downsampler/package.xml
[3.631s] -- Up-to-date: /home/agilex/autoware.ai/install/points_downsampler/lib/points_downsampler/voxel_grid_filter
[3.641s] -- Up-to-date: /home/agilex/autoware.ai/install/points_downsampler/lib/points_downsampler/ring_filter
[3.653s] -- Up-to-date: /home/agilex/autoware.ai/install/points_downsampler/lib/points_downsampler/distance_filter
[3.659s] -- Up-to-date: /home/agilex/autoware.ai/install/points_downsampler/lib/points_downsampler/random_filter
[3.659s] -- Up-to-date: /home/agilex/autoware.ai/install/points_downsampler/share/points_downsampler/launch
[3.659s] -- Up-to-date: /home/agilex/autoware.ai/install/points_downsampler/share/points_downsampler/launch/points_downsample.launch
[3.674s] Invoked command in '/home/agilex/autoware.ai/build/points_downsampler' returned '0': CMAKE_PREFIX_PATH=/home/agilex/autoware.ai/install/autoware_config_msgs:/home/agilex/autoware.ai/install/autoware_build_flags:${CMAKE_PREFIX_PATH} PKG_CONFIG_PATH=/home/agilex/autoware.ai/install/autoware_config_msgs/lib/x86_64-linux-gnu/pkgconfig:/home/agilex/autoware.ai/install/autoware_config_msgs/lib/pkgconfig:/home/agilex/autoware.ai/install/autoware_build_flags/lib/x86_64-linux-gnu/pkgconfig:/home/agilex/autoware.ai/install/autoware_build_flags/lib/pkgconfig:${PKG_CONFIG_PATH} PYTHONPATH=/home/agilex/autoware.ai/install/autoware_config_msgs/lib/python2.7/dist-packages:${PYTHONPATH} ROS_PACKAGE_PATH=/home/agilex/autoware.ai/install/autoware_config_msgs/share:/home/agilex/autoware.ai/install/autoware_build_flags/share:${ROS_PACKAGE_PATH} /usr/bin/cmake --build /home/agilex/autoware.ai/build/points_downsampler --target install -- -j8 -l8
