[0.017s] Invoking command in '/home/agilex/autoware.ai/build/vehicle_socket': CMAKE_PREFIX_PATH=/home/agilex/autoware.ai/install/tablet_socket_msgs:/home/agilex/autoware.ai/install/autoware_msgs:/home/agilex/autoware.ai/install/autoware_can_msgs:/home/agilex/autoware.ai/install/autoware_build_flags:${CMAKE_PREFIX_PATH} PKG_CONFIG_PATH=/home/agilex/autoware.ai/install/tablet_socket_msgs/lib/x86_64-linux-gnu/pkgconfig:/home/agilex/autoware.ai/install/tablet_socket_msgs/lib/pkgconfig:/home/agilex/autoware.ai/install/autoware_msgs/lib/x86_64-linux-gnu/pkgconfig:/home/agilex/autoware.ai/install/autoware_msgs/lib/pkgconfig:/home/agilex/autoware.ai/install/autoware_can_msgs/lib/x86_64-linux-gnu/pkgconfig:/home/agilex/autoware.ai/install/autoware_can_msgs/lib/pkgconfig:/home/agilex/autoware.ai/install/autoware_build_flags/lib/x86_64-linux-gnu/pkgconfig:/home/agilex/autoware.ai/install/autoware_build_flags/lib/pkgconfig:${PKG_CONFIG_PATH} PYTHONPATH=/home/agilex/autoware.ai/install/tablet_socket_msgs/lib/python2.7/dist-packages:/home/agilex/autoware.ai/install/autoware_msgs/lib/python2.7/dist-packages:/home/agilex/autoware.ai/install/autoware_can_msgs/lib/python2.7/dist-packages:${PYTHONPATH} ROS_PACKAGE_PATH=/home/agilex/autoware.ai/install/tablet_socket_msgs/share:/home/agilex/autoware.ai/install/autoware_msgs/share:/home/agilex/autoware.ai/install/autoware_can_msgs/share:/home/agilex/autoware.ai/install/autoware_build_flags/share:${ROS_PACKAGE_PATH} /usr/bin/cmake /home/agilex/autoware.ai/src/autoware/utilities/vehicle_socket -DCMAKE_BUILD_TYPE=Release -DCATKIN_INSTALL_INTO_PREFIX_ROOT=0 -DCMAKE_INSTALL_PREFIX=/home/agilex/autoware.ai/install/vehicle_socket
[0.086s] -- The C compiler identification is GNU 7.5.0
[0.140s] -- The CXX compiler identification is GNU 7.5.0
[0.144s] -- Check for working C compiler: /usr/bin/cc
[0.205s] -- Check for working C compiler: /usr/bin/cc -- works
[0.205s] -- Detecting C compiler ABI info
[0.270s] -- Detecting C compiler ABI info - done
[0.278s] -- Detecting C compile features
[0.457s] -- Detecting C compile features - done
[0.460s] -- Check for working CXX compiler: /usr/bin/c++
[0.533s] -- Check for working CXX compiler: /usr/bin/c++ -- works
[0.534s] -- Detecting CXX compiler ABI info
[0.608s] -- Detecting CXX compiler ABI info - done
[0.616s] -- Detecting CXX compile features
[0.946s] -- Detecting CXX compile features - done
[0.948s] -- CUDA compilation status: .
[1.005s] -- Using CATKIN_DEVEL_PREFIX: /home/agilex/autoware.ai/build/vehicle_socket/devel
[1.006s] -- Using CMAKE_PREFIX_PATH: /home/agilex/autoware.ai/install/tablet_socket_msgs;/home/agilex/autoware.ai/install/autoware_msgs;/home/agilex/autoware.ai/install/autoware_can_msgs;/home/agilex/autoware.ai/install/autoware_build_flags;/opt/ros/melodic
[1.006s] -- This workspace overlays: /home/agilex/autoware.ai/install/tablet_socket_msgs;/home/agilex/autoware.ai/install/autoware_msgs;/home/agilex/autoware.ai/install/autoware_can_msgs;/home/agilex/autoware.ai/install/autoware_build_flags;/opt/ros/melodic
[1.020s] -- Found PythonInterp: /usr/bin/python2 (found suitable version "2.7.17", minimum required is "2") 
[1.021s] -- Using PYTHON_EXECUTABLE: /usr/bin/python2
[1.021s] -- Using Debian Python package layout
[1.021s] -- Using empy: /usr/bin/empy
[1.179s] -- Using CATKIN_ENABLE_TESTING: ON
[1.179s] -- Call enable_testing()
[1.180s] -- Using CATKIN_TEST_RESULTS_DIR: /home/agilex/autoware.ai/build/vehicle_socket/test_results
[1.199s] -- Found gtest sources under '/usr/src/googletest': gtests will be built
[1.199s] -- Found gmock sources under '/usr/src/googletest': gmock will be built
[1.213s] -- Found PythonInterp: /usr/bin/python2 (found version "2.7.17") 
[1.217s] -- Looking for pthread.h
[1.280s] -- Looking for pthread.h - found
[1.280s] -- Looking for pthread_create
[1.352s] -- Looking for pthread_create - not found
[1.352s] -- Looking for pthread_create in pthreads
[1.403s] -- Looking for pthread_create in pthreads - not found
[1.403s] -- Looking for pthread_create in pthread
[1.470s] -- Looking for pthread_create in pthread - found
[1.470s] -- Found Threads: TRUE  
[1.470s] -- Using Python nosetests: /usr/bin/nosetests-2.7
[1.510s] -- catkin 0.7.29
[1.510s] -- BUILD_SHARED_LIBS is on
[1.605s] -- Using these message generators: gencpp;geneus;genlisp;gennodejs;genpy
[1.826s] -- Configuring done
[1.855s] -- Generating done
[1.863s] -- Build files have been written to: /home/agilex/autoware.ai/build/vehicle_socket
[1.871s] Invoked command in '/home/agilex/autoware.ai/build/vehicle_socket' returned '0': CMAKE_PREFIX_PATH=/home/agilex/autoware.ai/install/tablet_socket_msgs:/home/agilex/autoware.ai/install/autoware_msgs:/home/agilex/autoware.ai/install/autoware_can_msgs:/home/agilex/autoware.ai/install/autoware_build_flags:${CMAKE_PREFIX_PATH} PKG_CONFIG_PATH=/home/agilex/autoware.ai/install/tablet_socket_msgs/lib/x86_64-linux-gnu/pkgconfig:/home/agilex/autoware.ai/install/tablet_socket_msgs/lib/pkgconfig:/home/agilex/autoware.ai/install/autoware_msgs/lib/x86_64-linux-gnu/pkgconfig:/home/agilex/autoware.ai/install/autoware_msgs/lib/pkgconfig:/home/agilex/autoware.ai/install/autoware_can_msgs/lib/x86_64-linux-gnu/pkgconfig:/home/agilex/autoware.ai/install/autoware_can_msgs/lib/pkgconfig:/home/agilex/autoware.ai/install/autoware_build_flags/lib/x86_64-linux-gnu/pkgconfig:/home/agilex/autoware.ai/install/autoware_build_flags/lib/pkgconfig:${PKG_CONFIG_PATH} PYTHONPATH=/home/agilex/autoware.ai/install/tablet_socket_msgs/lib/python2.7/dist-packages:/home/agilex/autoware.ai/install/autoware_msgs/lib/python2.7/dist-packages:/home/agilex/autoware.ai/install/autoware_can_msgs/lib/python2.7/dist-packages:${PYTHONPATH} ROS_PACKAGE_PATH=/home/agilex/autoware.ai/install/tablet_socket_msgs/share:/home/agilex/autoware.ai/install/autoware_msgs/share:/home/agilex/autoware.ai/install/autoware_can_msgs/share:/home/agilex/autoware.ai/install/autoware_build_flags/share:${ROS_PACKAGE_PATH} /usr/bin/cmake /home/agilex/autoware.ai/src/autoware/utilities/vehicle_socket -DCMAKE_BUILD_TYPE=Release -DCATKIN_INSTALL_INTO_PREFIX_ROOT=0 -DCMAKE_INSTALL_PREFIX=/home/agilex/autoware.ai/install/vehicle_socket
[1.872s] Invoking command in '/home/agilex/autoware.ai/build/vehicle_socket': CMAKE_PREFIX_PATH=/home/agilex/autoware.ai/install/tablet_socket_msgs:/home/agilex/autoware.ai/install/autoware_msgs:/home/agilex/autoware.ai/install/autoware_can_msgs:/home/agilex/autoware.ai/install/autoware_build_flags:${CMAKE_PREFIX_PATH} PKG_CONFIG_PATH=/home/agilex/autoware.ai/install/tablet_socket_msgs/lib/x86_64-linux-gnu/pkgconfig:/home/agilex/autoware.ai/install/tablet_socket_msgs/lib/pkgconfig:/home/agilex/autoware.ai/install/autoware_msgs/lib/x86_64-linux-gnu/pkgconfig:/home/agilex/autoware.ai/install/autoware_msgs/lib/pkgconfig:/home/agilex/autoware.ai/install/autoware_can_msgs/lib/x86_64-linux-gnu/pkgconfig:/home/agilex/autoware.ai/install/autoware_can_msgs/lib/pkgconfig:/home/agilex/autoware.ai/install/autoware_build_flags/lib/x86_64-linux-gnu/pkgconfig:/home/agilex/autoware.ai/install/autoware_build_flags/lib/pkgconfig:${PKG_CONFIG_PATH} PYTHONPATH=/home/agilex/autoware.ai/install/tablet_socket_msgs/lib/python2.7/dist-packages:/home/agilex/autoware.ai/install/autoware_msgs/lib/python2.7/dist-packages:/home/agilex/autoware.ai/install/autoware_can_msgs/lib/python2.7/dist-packages:${PYTHONPATH} ROS_PACKAGE_PATH=/home/agilex/autoware.ai/install/tablet_socket_msgs/share:/home/agilex/autoware.ai/install/autoware_msgs/share:/home/agilex/autoware.ai/install/autoware_can_msgs/share:/home/agilex/autoware.ai/install/autoware_build_flags/share:${ROS_PACKAGE_PATH} /usr/bin/cmake --build /home/agilex/autoware.ai/build/vehicle_socket -- -j8 -l8
[1.907s] [35m[1mScanning dependencies of target jsk_footstep_msgs_generate_messages_nodejs[0m
[1.916s] [  0%] Built target jsk_footstep_msgs_generate_messages_nodejs
[1.926s] [35m[1mScanning dependencies of target tablet_socket_msgs_generate_messages_nodejs[0m
[1.935s] [  0%] Built target tablet_socket_msgs_generate_messages_nodejs
[1.945s] [35m[1mScanning dependencies of target tablet_socket_msgs_generate_messages_lisp[0m
[1.954s] [  0%] Built target tablet_socket_msgs_generate_messages_lisp
[1.967s] [35m[1mScanning dependencies of target tablet_socket_msgs_generate_messages_eus[0m
[1.976s] [  0%] Built target tablet_socket_msgs_generate_messages_eus
[1.986s] [35m[1mScanning dependencies of target autoware_can_msgs_generate_messages_py[0m
[1.997s] [  0%] Built target autoware_can_msgs_generate_messages_py
[2.005s] [35m[1mScanning dependencies of target tablet_socket_msgs_generate_messages_cpp[0m
[2.018s] [  0%] Built target tablet_socket_msgs_generate_messages_cpp
[2.027s] [35m[1mScanning dependencies of target actionlib_msgs_generate_messages_nodejs[0m
[2.038s] [  0%] Built target actionlib_msgs_generate_messages_nodejs
[2.047s] [35m[1mScanning dependencies of target actionlib_msgs_generate_messages_lisp[0m
[2.059s] [  0%] Built target actionlib_msgs_generate_messages_lisp
[2.072s] [35m[1mScanning dependencies of target sensor_msgs_generate_messages_cpp[0m
[2.081s] [  0%] Built target sensor_msgs_generate_messages_cpp
[2.089s] [35m[1mScanning dependencies of target std_msgs_generate_messages_lisp[0m
[2.098s] [  0%] Built target std_msgs_generate_messages_lisp
[2.106s] [35m[1mScanning dependencies of target rosgraph_msgs_generate_messages_nodejs[0m
[2.115s] [  0%] Built target rosgraph_msgs_generate_messages_nodejs
[2.126s] [35m[1mScanning dependencies of target rosgraph_msgs_generate_messages_lisp[0m
[2.135s] [  0%] Built target rosgraph_msgs_generate_messages_lisp
[2.144s] [35m[1mScanning dependencies of target roscpp_generate_messages_py[0m
[2.156s] [  0%] Built target roscpp_generate_messages_py
[2.165s] [35m[1mScanning dependencies of target roscpp_generate_messages_lisp[0m
[2.177s] [  0%] Built target roscpp_generate_messages_lisp
[2.185s] [35m[1mScanning dependencies of target sensor_msgs_generate_messages_eus[0m
[2.197s] [  0%] Built target sensor_msgs_generate_messages_eus
[2.206s] [35m[1mScanning dependencies of target pcl_msgs_generate_messages_py[0m
[2.221s] [  0%] Built target pcl_msgs_generate_messages_py
[2.230s] [35m[1mScanning dependencies of target std_msgs_generate_messages_nodejs[0m
[2.239s] [  0%] Built target std_msgs_generate_messages_nodejs
[2.249s] [35m[1mScanning dependencies of target roscpp_generate_messages_nodejs[0m
[2.259s] [  0%] Built target roscpp_generate_messages_nodejs
[2.267s] [35m[1mScanning dependencies of target roscpp_generate_messages_eus[0m
[2.278s] [  0%] Built target roscpp_generate_messages_eus
[2.288s] [35m[1mScanning dependencies of target geometry_msgs_generate_messages_eus[0m
[2.298s] [  0%] Built target geometry_msgs_generate_messages_eus
[2.307s] [35m[1mScanning dependencies of target std_msgs_generate_messages_eus[0m
[2.317s] [  0%] Built target std_msgs_generate_messages_eus
[2.328s] [35m[1mScanning dependencies of target autoware_msgs_generate_messages_nodejs[0m
[2.338s] [  0%] Built target autoware_msgs_generate_messages_nodejs
[2.351s] [35m[1mScanning dependencies of target pcl_msgs_generate_messages_lisp[0m
[2.360s] [  0%] Built target pcl_msgs_generate_messages_lisp
[2.368s] [35m[1mScanning dependencies of target autoware_msgs_generate_messages_eus[0m
[2.377s] [  0%] Built target autoware_msgs_generate_messages_eus
[2.392s] [35m[1mScanning dependencies of target sensor_msgs_generate_messages_lisp[0m
[2.402s] [  0%] Built target sensor_msgs_generate_messages_lisp
[2.413s] [35m[1mScanning dependencies of target jsk_recognition_msgs_generate_messages_cpp[0m
[2.425s] [  0%] Built target jsk_recognition_msgs_generate_messages_cpp
[2.433s] [35m[1mScanning dependencies of target pcl_msgs_generate_messages_cpp[0m
[2.441s] [  0%] Built target pcl_msgs_generate_messages_cpp
[2.449s] [35m[1mScanning dependencies of target rosgraph_msgs_generate_messages_cpp[0m
[2.459s] [  0%] Built target rosgraph_msgs_generate_messages_cpp
[2.469s] [35m[1mScanning dependencies of target autoware_msgs_generate_messages_cpp[0m
[2.479s] [  0%] Built target autoware_msgs_generate_messages_cpp
[2.487s] [35m[1mScanning dependencies of target geometry_msgs_generate_messages_nodejs[0m
[2.500s] [  0%] Built target geometry_msgs_generate_messages_nodejs
[2.509s] [35m[1mScanning dependencies of target std_msgs_generate_messages_py[0m
[2.520s] [  0%] Built target std_msgs_generate_messages_py
[2.528s] [35m[1mScanning dependencies of target autoware_msgs_generate_messages_py[0m
[2.538s] [  0%] Built target autoware_msgs_generate_messages_py
[2.550s] [35m[1mScanning dependencies of target geometry_msgs_generate_messages_lisp[0m
[2.558s] [  0%] Built target geometry_msgs_generate_messages_lisp
[2.575s] [35m[1mScanning dependencies of target geometry_msgs_generate_messages_cpp[0m
[2.583s] [  0%] Built target geometry_msgs_generate_messages_cpp
[2.591s] [35m[1mScanning dependencies of target std_msgs_generate_messages_cpp[0m
[2.599s] [  0%] Built target std_msgs_generate_messages_cpp
[2.609s] [35m[1mScanning dependencies of target jsk_footstep_msgs_generate_messages_py[0m
[2.620s] [  0%] Built target jsk_footstep_msgs_generate_messages_py
[2.629s] [35m[1mScanning dependencies of target actionlib_msgs_generate_messages_eus[0m
[2.643s] [  0%] Built target actionlib_msgs_generate_messages_eus
[2.652s] [35m[1mScanning dependencies of target autoware_msgs_generate_messages_lisp[0m
[2.661s] [  0%] Built target autoware_msgs_generate_messages_lisp
[2.670s] [35m[1mScanning dependencies of target roscpp_generate_messages_cpp[0m
[2.678s] [  0%] Built target roscpp_generate_messages_cpp
[2.686s] [35m[1mScanning dependencies of target sensor_msgs_generate_messages_nodejs[0m
[2.696s] [  0%] Built target sensor_msgs_generate_messages_nodejs
[2.707s] [35m[1mScanning dependencies of target sensor_msgs_generate_messages_py[0m
[2.716s] [  0%] Built target sensor_msgs_generate_messages_py
[2.724s] [35m[1mScanning dependencies of target jsk_recognition_msgs_generate_messages_eus[0m
[2.737s] [  0%] Built target jsk_recognition_msgs_generate_messages_eus
[2.748s] [35m[1mScanning dependencies of target actionlib_msgs_generate_messages_cpp[0m
[2.755s] [  0%] Built target actionlib_msgs_generate_messages_cpp
[2.764s] [35m[1mScanning dependencies of target jsk_recognition_msgs_generate_messages_lisp[0m
[2.776s] [  0%] Built target jsk_recognition_msgs_generate_messages_lisp
[2.785s] [35m[1mScanning dependencies of target rosgraph_msgs_generate_messages_eus[0m
[2.795s] [  0%] Built target rosgraph_msgs_generate_messages_eus
[2.806s] [35m[1mScanning dependencies of target jsk_recognition_msgs_generate_messages_nodejs[0m
[2.816s] [  0%] Built target jsk_recognition_msgs_generate_messages_nodejs
[2.825s] [35m[1mScanning dependencies of target pcl_msgs_generate_messages_eus[0m
[2.840s] [  0%] Built target pcl_msgs_generate_messages_eus
[2.848s] [35m[1mScanning dependencies of target jsk_recognition_msgs_generate_messages_py[0m
[2.861s] [  0%] Built target jsk_recognition_msgs_generate_messages_py
[2.872s] [35m[1mScanning dependencies of target pcl_msgs_generate_messages_nodejs[0m
[2.881s] [  0%] Built target pcl_msgs_generate_messages_nodejs
[2.891s] [35m[1mScanning dependencies of target geometry_msgs_generate_messages_py[0m
[2.899s] [  0%] Built target geometry_msgs_generate_messages_py
[2.907s] [35m[1mScanning dependencies of target jsk_footstep_msgs_generate_messages_cpp[0m
[2.915s] [  0%] Built target jsk_footstep_msgs_generate_messages_cpp
[2.923s] [35m[1mScanning dependencies of target actionlib_msgs_generate_messages_py[0m
[2.934s] [  0%] Built target actionlib_msgs_generate_messages_py
[2.944s] [35m[1mScanning dependencies of target jsk_footstep_msgs_generate_messages_eus[0m
[2.952s] [  0%] Built target jsk_footstep_msgs_generate_messages_eus
[2.966s] [35m[1mScanning dependencies of target jsk_footstep_msgs_generate_messages_lisp[0m
[2.978s] [  0%] Built target jsk_footstep_msgs_generate_messages_lisp
[2.990s] [35m[1mScanning dependencies of target tablet_socket_msgs_generate_messages_py[0m
[3.000s] [  0%] Built target tablet_socket_msgs_generate_messages_py
[3.012s] [35m[1mScanning dependencies of target autoware_can_msgs_generate_messages_cpp[0m
[3.020s] [  0%] Built target autoware_can_msgs_generate_messages_cpp
[3.029s] [35m[1mScanning dependencies of target autoware_can_msgs_generate_messages_lisp[0m
[3.040s] [  0%] Built target autoware_can_msgs_generate_messages_lisp
[3.051s] [35m[1mScanning dependencies of target autoware_can_msgs_generate_messages_nodejs[0m
[3.059s] [  0%] Built target autoware_can_msgs_generate_messages_nodejs
[3.070s] [35m[1mScanning dependencies of target rosgraph_msgs_generate_messages_py[0m
[3.079s] [  0%] Built target rosgraph_msgs_generate_messages_py
[3.088s] [35m[1mScanning dependencies of target autoware_can_msgs_generate_messages_eus[0m
[3.102s] [  0%] Built target autoware_can_msgs_generate_messages_eus
[3.113s] [35m[1mScanning dependencies of target vehicle_sender[0m
[3.129s] [ 25%] [32mBuilding CXX object CMakeFiles/vehicle_sender.dir/nodes/vehicle_sender/vehicle_sender.cpp.o[0m
[4.894s] [ 50%] [32m[1mLinking CXX executable devel/lib/vehicle_socket/vehicle_sender[0m
[5.025s] [ 50%] Built target vehicle_sender
[5.035s] [35m[1mScanning dependencies of target vehicle_receiver[0m
[5.054s] [ 75%] [32mBuilding CXX object CMakeFiles/vehicle_receiver.dir/nodes/vehicle_receiver/vehicle_receiver.cpp.o[0m
[6.741s] [100%] [32m[1mLinking CXX executable devel/lib/vehicle_socket/vehicle_receiver[0m
[6.873s] [100%] Built target vehicle_receiver
[6.882s] Invoked command in '/home/agilex/autoware.ai/build/vehicle_socket' returned '0': CMAKE_PREFIX_PATH=/home/agilex/autoware.ai/install/tablet_socket_msgs:/home/agilex/autoware.ai/install/autoware_msgs:/home/agilex/autoware.ai/install/autoware_can_msgs:/home/agilex/autoware.ai/install/autoware_build_flags:${CMAKE_PREFIX_PATH} PKG_CONFIG_PATH=/home/agilex/autoware.ai/install/tablet_socket_msgs/lib/x86_64-linux-gnu/pkgconfig:/home/agilex/autoware.ai/install/tablet_socket_msgs/lib/pkgconfig:/home/agilex/autoware.ai/install/autoware_msgs/lib/x86_64-linux-gnu/pkgconfig:/home/agilex/autoware.ai/install/autoware_msgs/lib/pkgconfig:/home/agilex/autoware.ai/install/autoware_can_msgs/lib/x86_64-linux-gnu/pkgconfig:/home/agilex/autoware.ai/install/autoware_can_msgs/lib/pkgconfig:/home/agilex/autoware.ai/install/autoware_build_flags/lib/x86_64-linux-gnu/pkgconfig:/home/agilex/autoware.ai/install/autoware_build_flags/lib/pkgconfig:${PKG_CONFIG_PATH} PYTHONPATH=/home/agilex/autoware.ai/install/tablet_socket_msgs/lib/python2.7/dist-packages:/home/agilex/autoware.ai/install/autoware_msgs/lib/python2.7/dist-packages:/home/agilex/autoware.ai/install/autoware_can_msgs/lib/python2.7/dist-packages:${PYTHONPATH} ROS_PACKAGE_PATH=/home/agilex/autoware.ai/install/tablet_socket_msgs/share:/home/agilex/autoware.ai/install/autoware_msgs/share:/home/agilex/autoware.ai/install/autoware_can_msgs/share:/home/agilex/autoware.ai/install/autoware_build_flags/share:${ROS_PACKAGE_PATH} /usr/bin/cmake --build /home/agilex/autoware.ai/build/vehicle_socket -- -j8 -l8
[7.088s] Invoking command in '/home/agilex/autoware.ai/build/vehicle_socket': CMAKE_PREFIX_PATH=/home/agilex/autoware.ai/install/tablet_socket_msgs:/home/agilex/autoware.ai/install/autoware_msgs:/home/agilex/autoware.ai/install/autoware_can_msgs:/home/agilex/autoware.ai/install/autoware_build_flags:${CMAKE_PREFIX_PATH} PKG_CONFIG_PATH=/home/agilex/autoware.ai/install/tablet_socket_msgs/lib/x86_64-linux-gnu/pkgconfig:/home/agilex/autoware.ai/install/tablet_socket_msgs/lib/pkgconfig:/home/agilex/autoware.ai/install/autoware_msgs/lib/x86_64-linux-gnu/pkgconfig:/home/agilex/autoware.ai/install/autoware_msgs/lib/pkgconfig:/home/agilex/autoware.ai/install/autoware_can_msgs/lib/x86_64-linux-gnu/pkgconfig:/home/agilex/autoware.ai/install/autoware_can_msgs/lib/pkgconfig:/home/agilex/autoware.ai/install/autoware_build_flags/lib/x86_64-linux-gnu/pkgconfig:/home/agilex/autoware.ai/install/autoware_build_flags/lib/pkgconfig:${PKG_CONFIG_PATH} PYTHONPATH=/home/agilex/autoware.ai/install/tablet_socket_msgs/lib/python2.7/dist-packages:/home/agilex/autoware.ai/install/autoware_msgs/lib/python2.7/dist-packages:/home/agilex/autoware.ai/install/autoware_can_msgs/lib/python2.7/dist-packages:${PYTHONPATH} ROS_PACKAGE_PATH=/home/agilex/autoware.ai/install/tablet_socket_msgs/share:/home/agilex/autoware.ai/install/autoware_msgs/share:/home/agilex/autoware.ai/install/autoware_can_msgs/share:/home/agilex/autoware.ai/install/autoware_build_flags/share:${ROS_PACKAGE_PATH} /usr/bin/cmake --build /home/agilex/autoware.ai/build/vehicle_socket --target tests -- -j8 -l8
[7.171s] [35m[1mScanning dependencies of target tests[0m
[7.186s] Built target tests
[7.203s] Invoked command in '/home/agilex/autoware.ai/build/vehicle_socket' returned '0': CMAKE_PREFIX_PATH=/home/agilex/autoware.ai/install/tablet_socket_msgs:/home/agilex/autoware.ai/install/autoware_msgs:/home/agilex/autoware.ai/install/autoware_can_msgs:/home/agilex/autoware.ai/install/autoware_build_flags:${CMAKE_PREFIX_PATH} PKG_CONFIG_PATH=/home/agilex/autoware.ai/install/tablet_socket_msgs/lib/x86_64-linux-gnu/pkgconfig:/home/agilex/autoware.ai/install/tablet_socket_msgs/lib/pkgconfig:/home/agilex/autoware.ai/install/autoware_msgs/lib/x86_64-linux-gnu/pkgconfig:/home/agilex/autoware.ai/install/autoware_msgs/lib/pkgconfig:/home/agilex/autoware.ai/install/autoware_can_msgs/lib/x86_64-linux-gnu/pkgconfig:/home/agilex/autoware.ai/install/autoware_can_msgs/lib/pkgconfig:/home/agilex/autoware.ai/install/autoware_build_flags/lib/x86_64-linux-gnu/pkgconfig:/home/agilex/autoware.ai/install/autoware_build_flags/lib/pkgconfig:${PKG_CONFIG_PATH} PYTHONPATH=/home/agilex/autoware.ai/install/tablet_socket_msgs/lib/python2.7/dist-packages:/home/agilex/autoware.ai/install/autoware_msgs/lib/python2.7/dist-packages:/home/agilex/autoware.ai/install/autoware_can_msgs/lib/python2.7/dist-packages:${PYTHONPATH} ROS_PACKAGE_PATH=/home/agilex/autoware.ai/install/tablet_socket_msgs/share:/home/agilex/autoware.ai/install/autoware_msgs/share:/home/agilex/autoware.ai/install/autoware_can_msgs/share:/home/agilex/autoware.ai/install/autoware_build_flags/share:${ROS_PACKAGE_PATH} /usr/bin/cmake --build /home/agilex/autoware.ai/build/vehicle_socket --target tests -- -j8 -l8
[7.464s] Invoking command in '/home/agilex/autoware.ai/build/vehicle_socket': CMAKE_PREFIX_PATH=/home/agilex/autoware.ai/install/tablet_socket_msgs:/home/agilex/autoware.ai/install/autoware_msgs:/home/agilex/autoware.ai/install/autoware_can_msgs:/home/agilex/autoware.ai/install/autoware_build_flags:${CMAKE_PREFIX_PATH} PKG_CONFIG_PATH=/home/agilex/autoware.ai/install/tablet_socket_msgs/lib/x86_64-linux-gnu/pkgconfig:/home/agilex/autoware.ai/install/tablet_socket_msgs/lib/pkgconfig:/home/agilex/autoware.ai/install/autoware_msgs/lib/x86_64-linux-gnu/pkgconfig:/home/agilex/autoware.ai/install/autoware_msgs/lib/pkgconfig:/home/agilex/autoware.ai/install/autoware_can_msgs/lib/x86_64-linux-gnu/pkgconfig:/home/agilex/autoware.ai/install/autoware_can_msgs/lib/pkgconfig:/home/agilex/autoware.ai/install/autoware_build_flags/lib/x86_64-linux-gnu/pkgconfig:/home/agilex/autoware.ai/install/autoware_build_flags/lib/pkgconfig:${PKG_CONFIG_PATH} PYTHONPATH=/home/agilex/autoware.ai/install/tablet_socket_msgs/lib/python2.7/dist-packages:/home/agilex/autoware.ai/install/autoware_msgs/lib/python2.7/dist-packages:/home/agilex/autoware.ai/install/autoware_can_msgs/lib/python2.7/dist-packages:${PYTHONPATH} ROS_PACKAGE_PATH=/home/agilex/autoware.ai/install/tablet_socket_msgs/share:/home/agilex/autoware.ai/install/autoware_msgs/share:/home/agilex/autoware.ai/install/autoware_can_msgs/share:/home/agilex/autoware.ai/install/autoware_build_flags/share:${ROS_PACKAGE_PATH} /usr/bin/cmake --build /home/agilex/autoware.ai/build/vehicle_socket --target install -- -j8 -l8
[7.540s] [  0%] Built target jsk_footstep_msgs_generate_messages_nodejs
[7.572s] [  0%] Built target tablet_socket_msgs_generate_messages_nodejs
[7.598s] [  0%] Built target tablet_socket_msgs_generate_messages_lisp
[7.620s] [  0%] Built target tablet_socket_msgs_generate_messages_eus
[7.652s] [  0%] Built target autoware_can_msgs_generate_messages_py
[7.681s] [  0%] Built target tablet_socket_msgs_generate_messages_cpp
[7.715s] [  0%] Built target actionlib_msgs_generate_messages_nodejs
[7.743s] [  0%] Built target actionlib_msgs_generate_messages_lisp
[7.763s] [  0%] Built target sensor_msgs_generate_messages_cpp
[7.783s] [  0%] Built target std_msgs_generate_messages_lisp
[7.805s] [  0%] Built target rosgraph_msgs_generate_messages_nodejs
[7.825s] [  0%] Built target rosgraph_msgs_generate_messages_lisp
[7.842s] [  0%] Built target roscpp_generate_messages_py
[7.863s] [  0%] Built target roscpp_generate_messages_lisp
[7.884s] [  0%] Built target sensor_msgs_generate_messages_eus
[7.910s] [  0%] Built target pcl_msgs_generate_messages_py
[7.928s] [  0%] Built target std_msgs_generate_messages_nodejs
[7.947s] [  0%] Built target roscpp_generate_messages_nodejs
[7.966s] [  0%] Built target roscpp_generate_messages_eus
[7.988s] [  0%] Built target geometry_msgs_generate_messages_eus
[8.020s] [  0%] Built target std_msgs_generate_messages_eus
[8.037s] [  0%] Built target autoware_msgs_generate_messages_nodejs
[8.059s] [  0%] Built target pcl_msgs_generate_messages_lisp
[8.077s] [  0%] Built target autoware_msgs_generate_messages_eus
[8.095s] [  0%] Built target sensor_msgs_generate_messages_lisp
[8.120s] [  0%] Built target jsk_recognition_msgs_generate_messages_cpp
[8.142s] [  0%] Built target pcl_msgs_generate_messages_cpp
[8.162s] [  0%] Built target rosgraph_msgs_generate_messages_cpp
[8.183s] [  0%] Built target autoware_msgs_generate_messages_cpp
[8.204s] [  0%] Built target geometry_msgs_generate_messages_nodejs
[8.221s] [  0%] Built target std_msgs_generate_messages_py
[8.247s] [  0%] Built target autoware_msgs_generate_messages_py
[8.270s] [  0%] Built target geometry_msgs_generate_messages_lisp
[8.292s] [  0%] Built target geometry_msgs_generate_messages_cpp
[8.315s] [  0%] Built target std_msgs_generate_messages_cpp
[8.334s] [  0%] Built target jsk_footstep_msgs_generate_messages_py
[8.352s] [  0%] Built target actionlib_msgs_generate_messages_eus
[8.374s] [  0%] Built target autoware_msgs_generate_messages_lisp
[8.393s] [  0%] Built target roscpp_generate_messages_cpp
[8.418s] [  0%] Built target sensor_msgs_generate_messages_nodejs
[8.439s] [  0%] Built target sensor_msgs_generate_messages_py
[8.458s] [  0%] Built target jsk_recognition_msgs_generate_messages_eus
[8.479s] [  0%] Built target actionlib_msgs_generate_messages_cpp
[8.497s] [  0%] Built target jsk_recognition_msgs_generate_messages_lisp
[8.519s] [  0%] Built target rosgraph_msgs_generate_messages_eus
[8.538s] [  0%] Built target jsk_recognition_msgs_generate_messages_nodejs
[8.563s] [  0%] Built target pcl_msgs_generate_messages_eus
[8.583s] [  0%] Built target jsk_recognition_msgs_generate_messages_py
[8.605s] [  0%] Built target pcl_msgs_generate_messages_nodejs
[8.628s] [  0%] Built target geometry_msgs_generate_messages_py
[8.665s] [  0%] Built target jsk_footstep_msgs_generate_messages_cpp
[8.689s] [  0%] Built target actionlib_msgs_generate_messages_py
[8.710s] [  0%] Built target jsk_footstep_msgs_generate_messages_eus
[8.734s] [  0%] Built target jsk_footstep_msgs_generate_messages_lisp
[8.753s] [  0%] Built target tablet_socket_msgs_generate_messages_py
[8.766s] [  0%] Built target autoware_can_msgs_generate_messages_cpp
[8.782s] [  0%] Built target autoware_can_msgs_generate_messages_lisp
[8.806s] [  0%] Built target autoware_can_msgs_generate_messages_nodejs
[8.832s] [  0%] Built target rosgraph_msgs_generate_messages_py
[8.851s] [  0%] Built target autoware_can_msgs_generate_messages_eus
[8.876s] [ 50%] Built target vehicle_sender
[8.897s] [100%] Built target vehicle_receiver
[8.914s] [36mInstall the project...[0m
[8.921s] -- Install configuration: "Release"
[8.921s] -- Installing: /home/agilex/autoware.ai/install/vehicle_socket/lib/pkgconfig/vehicle_socket.pc
[8.922s] -- Installing: /home/agilex/autoware.ai/install/vehicle_socket/share/vehicle_socket/cmake/vehicle_socketConfig.cmake
[8.922s] -- Installing: /home/agilex/autoware.ai/install/vehicle_socket/share/vehicle_socket/cmake/vehicle_socketConfig-version.cmake
[8.922s] -- Installing: /home/agilex/autoware.ai/install/vehicle_socket/share/vehicle_socket/package.xml
[8.922s] -- Installing: /home/agilex/autoware.ai/install/vehicle_socket/lib/vehicle_socket/vehicle_sender
[8.927s] -- Set runtime path of "/home/agilex/autoware.ai/install/vehicle_socket/lib/vehicle_socket/vehicle_sender" to ""
[8.928s] -- Installing: /home/agilex/autoware.ai/install/vehicle_socket/lib/vehicle_socket/vehicle_receiver
[8.928s] -- Set runtime path of "/home/agilex/autoware.ai/install/vehicle_socket/lib/vehicle_socket/vehicle_receiver" to ""
[8.928s] Invoked command in '/home/agilex/autoware.ai/build/vehicle_socket' returned '0': CMAKE_PREFIX_PATH=/home/agilex/autoware.ai/install/tablet_socket_msgs:/home/agilex/autoware.ai/install/autoware_msgs:/home/agilex/autoware.ai/install/autoware_can_msgs:/home/agilex/autoware.ai/install/autoware_build_flags:${CMAKE_PREFIX_PATH} PKG_CONFIG_PATH=/home/agilex/autoware.ai/install/tablet_socket_msgs/lib/x86_64-linux-gnu/pkgconfig:/home/agilex/autoware.ai/install/tablet_socket_msgs/lib/pkgconfig:/home/agilex/autoware.ai/install/autoware_msgs/lib/x86_64-linux-gnu/pkgconfig:/home/agilex/autoware.ai/install/autoware_msgs/lib/pkgconfig:/home/agilex/autoware.ai/install/autoware_can_msgs/lib/x86_64-linux-gnu/pkgconfig:/home/agilex/autoware.ai/install/autoware_can_msgs/lib/pkgconfig:/home/agilex/autoware.ai/install/autoware_build_flags/lib/x86_64-linux-gnu/pkgconfig:/home/agilex/autoware.ai/install/autoware_build_flags/lib/pkgconfig:${PKG_CONFIG_PATH} PYTHONPATH=/home/agilex/autoware.ai/install/tablet_socket_msgs/lib/python2.7/dist-packages:/home/agilex/autoware.ai/install/autoware_msgs/lib/python2.7/dist-packages:/home/agilex/autoware.ai/install/autoware_can_msgs/lib/python2.7/dist-packages:${PYTHONPATH} ROS_PACKAGE_PATH=/home/agilex/autoware.ai/install/tablet_socket_msgs/share:/home/agilex/autoware.ai/install/autoware_msgs/share:/home/agilex/autoware.ai/install/autoware_can_msgs/share:/home/agilex/autoware.ai/install/autoware_build_flags/share:${ROS_PACKAGE_PATH} /usr/bin/cmake --build /home/agilex/autoware.ai/build/vehicle_socket --target install -- -j8 -l8
