[0.018s] Invoking command in '/home/agilex/autoware.ai/build/vision_lane_detect': CMAKE_PREFIX_PATH=/home/agilex/autoware.ai/install/autoware_msgs:${CMAKE_PREFIX_PATH} PKG_CONFIG_PATH=/home/agilex/autoware.ai/install/autoware_msgs/lib/x86_64-linux-gnu/pkgconfig:/home/agilex/autoware.ai/install/autoware_msgs/lib/pkgconfig:${PKG_CONFIG_PATH} PYTHONPATH=/home/agilex/autoware.ai/install/autoware_msgs/lib/python2.7/dist-packages:${PYTHONPATH} ROS_PACKAGE_PATH=/home/agilex/autoware.ai/install/autoware_msgs/share:${ROS_PACKAGE_PATH} /usr/bin/cmake --build /home/agilex/autoware.ai/build/vision_lane_detect -- -j8 -l8
[0.126s] [  0%] Built target rosgraph_msgs_generate_messages_nodejs
[0.127s] [  0%] Built target rosgraph_msgs_generate_messages_py
[0.134s] [  0%] Built target rosgraph_msgs_generate_messages_lisp
[0.160s] [  0%] Built target jsk_footstep_msgs_generate_messages_nodejs
[0.174s] [  0%] Built target sensor_msgs_generate_messages_cpp
[0.189s] [  0%] Built target std_msgs_generate_messages_lisp
[0.197s] [  0%] Built target sensor_msgs_generate_messages_eus
[0.212s] [  0%] Built target actionlib_msgs_generate_messages_lisp
[0.215s] [  0%] Built target pcl_msgs_generate_messages_py
[0.229s] [  0%] Built target roscpp_generate_messages_nodejs
[0.251s] [  0%] Built target std_msgs_generate_messages_nodejs
[0.252s] [  0%] Built target geometry_msgs_generate_messages_eus
[0.261s] [  0%] Built target roscpp_generate_messages_eus
[0.288s] [  0%] Built target std_msgs_generate_messages_eus
[0.301s] [  0%] Built target autoware_msgs_generate_messages_nodejs
[0.316s] [  0%] Built target autoware_msgs_generate_messages_eus
[0.318s] [  0%] Built target pcl_msgs_generate_messages_lisp
[0.334s] [  0%] Built target sensor_msgs_generate_messages_lisp
[0.334s] [  0%] Built target jsk_recognition_msgs_generate_messages_cpp
[0.358s] [  0%] Built target rosgraph_msgs_generate_messages_cpp
[0.369s] [  0%] Built target pcl_msgs_generate_messages_cpp
[0.391s] [  0%] Built target autoware_msgs_generate_messages_cpp
[0.397s] [  0%] Built target geometry_msgs_generate_messages_nodejs
[0.414s] [  0%] Built target std_msgs_generate_messages_py
[0.427s] [  0%] Built target autoware_msgs_generate_messages_py
[0.440s] [  0%] Built target geometry_msgs_generate_messages_lisp
[0.445s] [  0%] Built target geometry_msgs_generate_messages_cpp
[0.449s] [  0%] Built target std_msgs_generate_messages_cpp
[0.469s] [  0%] Built target jsk_footstep_msgs_generate_messages_py
[0.476s] [  0%] Built target autoware_msgs_generate_messages_lisp
[0.487s] [  0%] Built target actionlib_msgs_generate_messages_eus
[0.502s] [  0%] Built target roscpp_generate_messages_cpp
[0.504s] [  0%] Built target sensor_msgs_generate_messages_nodejs
[0.537s] [  0%] Built target sensor_msgs_generate_messages_py
[0.544s] [  0%] Built target jsk_recognition_msgs_generate_messages_lisp
[0.545s] [  0%] Built target jsk_recognition_msgs_generate_messages_eus
[0.550s] [  0%] Built target actionlib_msgs_generate_messages_cpp
[0.582s] [  0%] Built target jsk_recognition_msgs_generate_messages_nodejs
[0.590s] [  0%] Built target rosgraph_msgs_generate_messages_eus
[0.597s] [  0%] Built target pcl_msgs_generate_messages_eus
[0.597s] [  0%] Built target jsk_recognition_msgs_generate_messages_py
[0.638s] [  0%] Built target pcl_msgs_generate_messages_nodejs
[0.643s] [  0%] Built target actionlib_msgs_generate_messages_py
[0.649s] [  0%] Built target jsk_footstep_msgs_generate_messages_cpp
[0.649s] [  0%] Built target geometry_msgs_generate_messages_py
[0.678s] [  0%] Built target actionlib_msgs_generate_messages_nodejs
[0.687s] [  0%] Built target jsk_footstep_msgs_generate_messages_lisp
[0.696s] [  0%] Built target jsk_footstep_msgs_generate_messages_eus
[0.699s] [  0%] Built target roscpp_generate_messages_lisp
[0.703s] [  0%] Built target roscpp_generate_messages_py
[0.749s] [100%] Built target vision_lane_detect
[0.764s] Invoked command in '/home/agilex/autoware.ai/build/vision_lane_detect' returned '0': CMAKE_PREFIX_PATH=/home/agilex/autoware.ai/install/autoware_msgs:${CMAKE_PREFIX_PATH} PKG_CONFIG_PATH=/home/agilex/autoware.ai/install/autoware_msgs/lib/x86_64-linux-gnu/pkgconfig:/home/agilex/autoware.ai/install/autoware_msgs/lib/pkgconfig:${PKG_CONFIG_PATH} PYTHONPATH=/home/agilex/autoware.ai/install/autoware_msgs/lib/python2.7/dist-packages:${PYTHONPATH} ROS_PACKAGE_PATH=/home/agilex/autoware.ai/install/autoware_msgs/share:${ROS_PACKAGE_PATH} /usr/bin/cmake --build /home/agilex/autoware.ai/build/vision_lane_detect -- -j8 -l8
[0.877s] Invoking command in '/home/agilex/autoware.ai/build/vision_lane_detect': CMAKE_PREFIX_PATH=/home/agilex/autoware.ai/install/autoware_msgs:${CMAKE_PREFIX_PATH} PKG_CONFIG_PATH=/home/agilex/autoware.ai/install/autoware_msgs/lib/x86_64-linux-gnu/pkgconfig:/home/agilex/autoware.ai/install/autoware_msgs/lib/pkgconfig:${PKG_CONFIG_PATH} PYTHONPATH=/home/agilex/autoware.ai/install/autoware_msgs/lib/python2.7/dist-packages:${PYTHONPATH} ROS_PACKAGE_PATH=/home/agilex/autoware.ai/install/autoware_msgs/share:${ROS_PACKAGE_PATH} /usr/bin/cmake --build /home/agilex/autoware.ai/build/vision_lane_detect --target tests -- -j8 -l8
[0.954s] Built target tests
[0.967s] Invoked command in '/home/agilex/autoware.ai/build/vision_lane_detect' returned '0': CMAKE_PREFIX_PATH=/home/agilex/autoware.ai/install/autoware_msgs:${CMAKE_PREFIX_PATH} PKG_CONFIG_PATH=/home/agilex/autoware.ai/install/autoware_msgs/lib/x86_64-linux-gnu/pkgconfig:/home/agilex/autoware.ai/install/autoware_msgs/lib/pkgconfig:${PKG_CONFIG_PATH} PYTHONPATH=/home/agilex/autoware.ai/install/autoware_msgs/lib/python2.7/dist-packages:${PYTHONPATH} ROS_PACKAGE_PATH=/home/agilex/autoware.ai/install/autoware_msgs/share:${ROS_PACKAGE_PATH} /usr/bin/cmake --build /home/agilex/autoware.ai/build/vision_lane_detect --target tests -- -j8 -l8
[1.099s] Invoking command in '/home/agilex/autoware.ai/build/vision_lane_detect': CMAKE_PREFIX_PATH=/home/agilex/autoware.ai/install/autoware_msgs:${CMAKE_PREFIX_PATH} PKG_CONFIG_PATH=/home/agilex/autoware.ai/install/autoware_msgs/lib/x86_64-linux-gnu/pkgconfig:/home/agilex/autoware.ai/install/autoware_msgs/lib/pkgconfig:${PKG_CONFIG_PATH} PYTHONPATH=/home/agilex/autoware.ai/install/autoware_msgs/lib/python2.7/dist-packages:${PYTHONPATH} ROS_PACKAGE_PATH=/home/agilex/autoware.ai/install/autoware_msgs/share:${ROS_PACKAGE_PATH} /usr/bin/cmake --build /home/agilex/autoware.ai/build/vision_lane_detect --target install -- -j8 -l8
[1.150s] [  0%] Built target rosgraph_msgs_generate_messages_nodejs
[1.151s] [  0%] Built target rosgraph_msgs_generate_messages_py
[1.151s] [  0%] Built target rosgraph_msgs_generate_messages_lisp
[1.168s] [  0%] Built target jsk_footstep_msgs_generate_messages_nodejs
[1.175s] [  0%] Built target sensor_msgs_generate_messages_cpp
[1.182s] [  0%] Built target std_msgs_generate_messages_lisp
[1.184s] [  0%] Built target actionlib_msgs_generate_messages_lisp
[1.191s] [  0%] Built target sensor_msgs_generate_messages_eus
[1.201s] [  0%] Built target pcl_msgs_generate_messages_py
[1.209s] [  0%] Built target std_msgs_generate_messages_nodejs
[1.216s] [  0%] Built target roscpp_generate_messages_eus
[1.223s] [  0%] Built target roscpp_generate_messages_nodejs
[1.236s] [  0%] Built target geometry_msgs_generate_messages_eus
[1.245s] [  0%] Built target autoware_msgs_generate_messages_nodejs
[1.259s] [  0%] Built target actionlib_msgs_generate_messages_nodejs
[1.259s] [  0%] Built target autoware_msgs_generate_messages_eus
[1.277s] [  0%] Built target pcl_msgs_generate_messages_lisp
[1.284s] [  0%] Built target sensor_msgs_generate_messages_lisp
[1.297s] [  0%] Built target jsk_recognition_msgs_generate_messages_cpp
[1.301s] [  0%] Built target pcl_msgs_generate_messages_cpp
[1.304s] [  0%] Built target rosgraph_msgs_generate_messages_cpp
[1.320s] [  0%] Built target std_msgs_generate_messages_py
[1.320s] [  0%] Built target autoware_msgs_generate_messages_cpp
[1.334s] [  0%] Built target autoware_msgs_generate_messages_py
[1.340s] [  0%] Built target geometry_msgs_generate_messages_nodejs
[1.357s] [  0%] Built target geometry_msgs_generate_messages_cpp
[1.357s] [  0%] Built target geometry_msgs_generate_messages_lisp
[1.370s] [  0%] Built target jsk_footstep_msgs_generate_messages_py
[1.373s] [  0%] Built target std_msgs_generate_messages_cpp
[1.392s] [  0%] Built target std_msgs_generate_messages_eus
[1.392s] [  0%] Built target actionlib_msgs_generate_messages_eus
[1.404s] [  0%] Built target roscpp_generate_messages_cpp
[1.410s] [  0%] Built target sensor_msgs_generate_messages_nodejs
[1.417s] [  0%] Built target sensor_msgs_generate_messages_py
[1.420s] [  0%] Built target jsk_recognition_msgs_generate_messages_eus
[1.442s] [  0%] Built target actionlib_msgs_generate_messages_cpp
[1.443s] [  0%] Built target jsk_recognition_msgs_generate_messages_lisp
[1.445s] [  0%] Built target rosgraph_msgs_generate_messages_eus
[1.451s] [  0%] Built target jsk_recognition_msgs_generate_messages_nodejs
[1.462s] [  0%] Built target pcl_msgs_generate_messages_eus
[1.469s] [  0%] Built target geometry_msgs_generate_messages_py
[1.469s] [  0%] Built target pcl_msgs_generate_messages_nodejs
[1.470s] [  0%] Built target jsk_recognition_msgs_generate_messages_py
[1.496s] [  0%] Built target actionlib_msgs_generate_messages_py
[1.498s] [  0%] Built target jsk_footstep_msgs_generate_messages_cpp
[1.500s] [  0%] Built target jsk_footstep_msgs_generate_messages_lisp
[1.503s] [  0%] Built target autoware_msgs_generate_messages_lisp
[1.536s] [  0%] Built target roscpp_generate_messages_lisp
[1.536s] [  0%] Built target jsk_footstep_msgs_generate_messages_eus
[1.540s] [  0%] Built target roscpp_generate_messages_py
[1.583s] [100%] Built target vision_lane_detect
[1.619s] [36mInstall the project...[0m
[1.631s] -- Install configuration: "Release"
[1.631s] -- Up-to-date: /home/agilex/autoware.ai/install/vision_lane_detect/lib/pkgconfig/vision_lane_detect.pc
[1.631s] -- Up-to-date: /home/agilex/autoware.ai/install/vision_lane_detect/share/vision_lane_detect/cmake/vision_lane_detectConfig.cmake
[1.631s] -- Up-to-date: /home/agilex/autoware.ai/install/vision_lane_detect/share/vision_lane_detect/cmake/vision_lane_detectConfig-version.cmake
[1.631s] -- Up-to-date: /home/agilex/autoware.ai/install/vision_lane_detect/share/vision_lane_detect/package.xml
[1.644s] -- Up-to-date: /home/agilex/autoware.ai/install/vision_lane_detect/lib/vision_lane_detect/vision_lane_detect
[1.660s] Invoked command in '/home/agilex/autoware.ai/build/vision_lane_detect' returned '0': CMAKE_PREFIX_PATH=/home/agilex/autoware.ai/install/autoware_msgs:${CMAKE_PREFIX_PATH} PKG_CONFIG_PATH=/home/agilex/autoware.ai/install/autoware_msgs/lib/x86_64-linux-gnu/pkgconfig:/home/agilex/autoware.ai/install/autoware_msgs/lib/pkgconfig:${PKG_CONFIG_PATH} PYTHONPATH=/home/agilex/autoware.ai/install/autoware_msgs/lib/python2.7/dist-packages:${PYTHONPATH} ROS_PACKAGE_PATH=/home/agilex/autoware.ai/install/autoware_msgs/share:${ROS_PACKAGE_PATH} /usr/bin/cmake --build /home/agilex/autoware.ai/build/vision_lane_detect --target install -- -j8 -l8
