[0.014s] Invoking command in '/home/agilex/autoware.ai/build/obj_db': CMAKE_PREFIX_PATH=/home/agilex/autoware.ai/install/gnss:/home/agilex/autoware.ai/install/autoware_can_msgs:/home/agilex/autoware.ai/install/autoware_build_flags:${CMAKE_PREFIX_PATH} LD_LIBRARY_PATH=/home/agilex/autoware.ai/install/gnss/lib:${LD_LIBRARY_PATH} PKG_CONFIG_PATH=/home/agilex/autoware.ai/install/gnss/lib/x86_64-linux-gnu/pkgconfig:/home/agilex/autoware.ai/install/gnss/lib/pkgconfig:/home/agilex/autoware.ai/install/autoware_can_msgs/lib/x86_64-linux-gnu/pkgconfig:/home/agilex/autoware.ai/install/autoware_can_msgs/lib/pkgconfig:/home/agilex/autoware.ai/install/autoware_build_flags/lib/x86_64-linux-gnu/pkgconfig:/home/agilex/autoware.ai/install/autoware_build_flags/lib/pkgconfig:${PKG_CONFIG_PATH} PYTHONPATH=/home/agilex/autoware.ai/install/autoware_can_msgs/lib/python2.7/dist-packages:${PYTHONPATH} ROS_PACKAGE_PATH=/home/agilex/autoware.ai/install/gnss/share:/home/agilex/autoware.ai/install/autoware_can_msgs/share:/home/agilex/autoware.ai/install/autoware_build_flags/share:${ROS_PACKAGE_PATH} /usr/bin/cmake /home/agilex/autoware.ai/src/autoware/core_perception/obj_db -DCMAKE_BUILD_TYPE=Release -DCATKIN_INSTALL_INTO_PREFIX_ROOT=0 -DCMAKE_INSTALL_PREFIX=/home/agilex/autoware.ai/install/obj_db
[0.143s] -- The C compiler identification is GNU 7.5.0
[0.232s] -- The CXX compiler identification is GNU 7.5.0
[0.237s] -- Check for working C compiler: /usr/bin/cc
[0.341s] -- Check for working C compiler: /usr/bin/cc -- works
[0.344s] -- Detecting C compiler ABI info
[0.508s] -- Detecting C compiler ABI info - done
[0.541s] -- Detecting C compile features
[0.968s] -- Detecting C compile features - done
[0.972s] -- Check for working CXX compiler: /usr/bin/c++
[1.044s] -- Check for working CXX compiler: /usr/bin/c++ -- works
[1.045s] -- Detecting CXX compiler ABI info
[1.113s] -- Detecting CXX compiler ABI info - done
[1.121s] -- Detecting CXX compile features
[1.453s] -- Detecting CXX compile features - done
[1.455s] -- CUDA compilation status: .
[1.457s] -- Using CATKIN_DEVEL_PREFIX: /home/agilex/autoware.ai/build/obj_db/devel
[1.457s] -- Using CMAKE_PREFIX_PATH: /home/agilex/autoware.ai/install/gnss;/home/agilex/autoware.ai/install/autoware_can_msgs;/home/agilex/autoware.ai/install/autoware_build_flags;/opt/ros/melodic
[1.458s] -- This workspace overlays: /home/agilex/autoware.ai/install/gnss;/home/agilex/autoware.ai/install/autoware_can_msgs;/home/agilex/autoware.ai/install/autoware_build_flags;/opt/ros/melodic
[1.472s] -- Found PythonInterp: /usr/bin/python2 (found suitable version "2.7.17", minimum required is "2") 
[1.472s] -- Using PYTHON_EXECUTABLE: /usr/bin/python2
[1.473s] -- Using Debian Python package layout
[1.473s] -- Using empy: /usr/bin/empy
[1.647s] -- Using CATKIN_ENABLE_TESTING: ON
[1.648s] -- Call enable_testing()
[1.650s] -- Using CATKIN_TEST_RESULTS_DIR: /home/agilex/autoware.ai/build/obj_db/test_results
[1.668s] -- Found gtest sources under '/usr/src/googletest': gtests will be built
[1.669s] -- Found gmock sources under '/usr/src/googletest': gmock will be built
[1.681s] -- Found PythonInterp: /usr/bin/python2 (found version "2.7.17") 
[1.682s] -- Looking for pthread.h
[1.747s] -- Looking for pthread.h - found
[1.747s] -- Looking for pthread_create
[1.810s] -- Looking for pthread_create - not found
[1.810s] -- Looking for pthread_create in pthreads
[1.863s] -- Looking for pthread_create in pthreads - not found
[1.864s] -- Looking for pthread_create in pthread
[1.923s] -- Looking for pthread_create in pthread - found
[1.924s] -- Found Threads: TRUE  
[1.931s] -- Using Python nosetests: /usr/bin/nosetests-2.7
[1.973s] -- catkin 0.7.29
[1.973s] -- BUILD_SHARED_LIBS is on
[2.299s] -- Configuring done
[2.326s] -- Generating done
[2.331s] -- Build files have been written to: /home/agilex/autoware.ai/build/obj_db
[2.337s] Invoked command in '/home/agilex/autoware.ai/build/obj_db' returned '0': CMAKE_PREFIX_PATH=/home/agilex/autoware.ai/install/gnss:/home/agilex/autoware.ai/install/autoware_can_msgs:/home/agilex/autoware.ai/install/autoware_build_flags:${CMAKE_PREFIX_PATH} LD_LIBRARY_PATH=/home/agilex/autoware.ai/install/gnss/lib:${LD_LIBRARY_PATH} PKG_CONFIG_PATH=/home/agilex/autoware.ai/install/gnss/lib/x86_64-linux-gnu/pkgconfig:/home/agilex/autoware.ai/install/gnss/lib/pkgconfig:/home/agilex/autoware.ai/install/autoware_can_msgs/lib/x86_64-linux-gnu/pkgconfig:/home/agilex/autoware.ai/install/autoware_can_msgs/lib/pkgconfig:/home/agilex/autoware.ai/install/autoware_build_flags/lib/x86_64-linux-gnu/pkgconfig:/home/agilex/autoware.ai/install/autoware_build_flags/lib/pkgconfig:${PKG_CONFIG_PATH} PYTHONPATH=/home/agilex/autoware.ai/install/autoware_can_msgs/lib/python2.7/dist-packages:${PYTHONPATH} ROS_PACKAGE_PATH=/home/agilex/autoware.ai/install/gnss/share:/home/agilex/autoware.ai/install/autoware_can_msgs/share:/home/agilex/autoware.ai/install/autoware_build_flags/share:${ROS_PACKAGE_PATH} /usr/bin/cmake /home/agilex/autoware.ai/src/autoware/core_perception/obj_db -DCMAKE_BUILD_TYPE=Release -DCATKIN_INSTALL_INTO_PREFIX_ROOT=0 -DCMAKE_INSTALL_PREFIX=/home/agilex/autoware.ai/install/obj_db
[2.338s] Invoking command in '/home/agilex/autoware.ai/build/obj_db': CMAKE_PREFIX_PATH=/home/agilex/autoware.ai/install/gnss:/home/agilex/autoware.ai/install/autoware_can_msgs:/home/agilex/autoware.ai/install/autoware_build_flags:${CMAKE_PREFIX_PATH} LD_LIBRARY_PATH=/home/agilex/autoware.ai/install/gnss/lib:${LD_LIBRARY_PATH} PKG_CONFIG_PATH=/home/agilex/autoware.ai/install/gnss/lib/x86_64-linux-gnu/pkgconfig:/home/agilex/autoware.ai/install/gnss/lib/pkgconfig:/home/agilex/autoware.ai/install/autoware_can_msgs/lib/x86_64-linux-gnu/pkgconfig:/home/agilex/autoware.ai/install/autoware_can_msgs/lib/pkgconfig:/home/agilex/autoware.ai/install/autoware_build_flags/lib/x86_64-linux-gnu/pkgconfig:/home/agilex/autoware.ai/install/autoware_build_flags/lib/pkgconfig:${PKG_CONFIG_PATH} PYTHONPATH=/home/agilex/autoware.ai/install/autoware_can_msgs/lib/python2.7/dist-packages:${PYTHONPATH} ROS_PACKAGE_PATH=/home/agilex/autoware.ai/install/gnss/share:/home/agilex/autoware.ai/install/autoware_can_msgs/share:/home/agilex/autoware.ai/install/autoware_build_flags/share:${ROS_PACKAGE_PATH} /usr/bin/cmake --build /home/agilex/autoware.ai/build/obj_db -- -j8 -l8
[2.381s] [35m[1mScanning dependencies of target obj_db[0m
[2.392s] [ 11%] [32mBuilding CXX object CMakeFiles/obj_db.dir/lib/obj_db/SendData.cpp.o[0m
[2.616s] [ 22%] [32mBuilding CXX object CMakeFiles/obj_db.dir/lib/obj_db/util.cpp.o[0m
[2.774s] [ 33%] [32m[1mLinking CXX shared library devel/lib/libobj_db.so[0m
[2.842s] [ 33%] Built target obj_db
[2.870s] [35m[1mScanning dependencies of target roscpp_generate_messages_py[0m
[2.881s] [ 33%] Built target roscpp_generate_messages_py
[2.896s] [35m[1mScanning dependencies of target geometry_msgs_generate_messages_eus[0m
[2.907s] [ 33%] Built target geometry_msgs_generate_messages_eus
[2.916s] [35m[1mScanning dependencies of target roscpp_generate_messages_nodejs[0m
[2.937s] [ 33%] Built target roscpp_generate_messages_nodejs
[2.958s] [35m[1mScanning dependencies of target roscpp_generate_messages_eus[0m
[2.981s] [ 33%] Built target roscpp_generate_messages_eus
[2.998s] [35m[1mScanning dependencies of target roscpp_generate_messages_lisp[0m
[3.011s] [ 33%] Built target roscpp_generate_messages_lisp
[3.023s] [35m[1mScanning dependencies of target autoware_can_msgs_generate_messages_eus[0m
[3.037s] [ 33%] Built target autoware_can_msgs_generate_messages_eus
[3.046s] [35m[1mScanning dependencies of target roscpp_generate_messages_cpp[0m
[3.063s] [ 33%] Built target roscpp_generate_messages_cpp
[3.072s] [35m[1mScanning dependencies of target geometry_msgs_generate_messages_nodejs[0m
[3.081s] [ 33%] Built target geometry_msgs_generate_messages_nodejs
[3.090s] [35m[1mScanning dependencies of target std_msgs_generate_messages_lisp[0m
[3.098s] [ 33%] Built target std_msgs_generate_messages_lisp
[3.106s] [35m[1mScanning dependencies of target std_msgs_generate_messages_nodejs[0m
[3.122s] [ 33%] Built target std_msgs_generate_messages_nodejs
[3.134s] [35m[1mScanning dependencies of target visualization_msgs_generate_messages_cpp[0m
[3.143s] [ 33%] Built target visualization_msgs_generate_messages_cpp
[3.152s] [35m[1mScanning dependencies of target visualization_msgs_generate_messages_eus[0m
[3.161s] [ 33%] Built target visualization_msgs_generate_messages_eus
[3.169s] [35m[1mScanning dependencies of target visualization_msgs_generate_messages_lisp[0m
[3.178s] [ 33%] Built target visualization_msgs_generate_messages_lisp
[3.187s] [35m[1mScanning dependencies of target std_msgs_generate_messages_cpp[0m
[3.196s] [ 33%] Built target std_msgs_generate_messages_cpp
[3.204s] [35m[1mScanning dependencies of target visualization_msgs_generate_messages_nodejs[0m
[3.213s] [ 33%] Built target visualization_msgs_generate_messages_nodejs
[3.222s] [35m[1mScanning dependencies of target visualization_msgs_generate_messages_py[0m
[3.230s] [ 33%] Built target visualization_msgs_generate_messages_py
[3.239s] [35m[1mScanning dependencies of target autoware_can_msgs_generate_messages_py[0m
[3.247s] [ 33%] Built target autoware_can_msgs_generate_messages_py
[3.256s] [35m[1mScanning dependencies of target geometry_msgs_generate_messages_cpp[0m
[3.265s] [ 33%] Built target geometry_msgs_generate_messages_cpp
[3.274s] [35m[1mScanning dependencies of target geometry_msgs_generate_messages_lisp[0m
[3.283s] [ 33%] Built target geometry_msgs_generate_messages_lisp
[3.292s] [35m[1mScanning dependencies of target geometry_msgs_generate_messages_py[0m
[3.301s] [ 33%] Built target geometry_msgs_generate_messages_py
[3.310s] [35m[1mScanning dependencies of target autoware_can_msgs_generate_messages_cpp[0m
[3.320s] [ 33%] Built target autoware_can_msgs_generate_messages_cpp
[3.329s] [35m[1mScanning dependencies of target autoware_can_msgs_generate_messages_nodejs[0m
[3.337s] [ 33%] Built target autoware_can_msgs_generate_messages_nodejs
[3.346s] [35m[1mScanning dependencies of target autoware_can_msgs_generate_messages_lisp[0m
[3.355s] [ 33%] Built target autoware_can_msgs_generate_messages_lisp
[3.367s] [35m[1mScanning dependencies of target std_msgs_generate_messages_py[0m
[3.376s] [ 33%] Built target std_msgs_generate_messages_py
[3.384s] [35m[1mScanning dependencies of target obj_downloader[0m
[3.398s] [ 44%] [32mBuilding CXX object CMakeFiles/obj_downloader.dir/nodes/obj_downloader/obj_downloader.cpp.o[0m
[5.169s] [ 55%] [32m[1mLinking CXX executable devel/lib/obj_db/obj_downloader[0m
[5.315s] [ 55%] Built target obj_downloader
[5.324s] [35m[1mScanning dependencies of target obj_uploader[0m
[5.343s] [ 66%] [32mBuilding CXX object CMakeFiles/obj_uploader.dir/nodes/obj_uploader/obj_uploader.cpp.o[0m
[7.406s] [ 77%] [32m[1mLinking CXX executable devel/lib/obj_db/obj_uploader[0m
[7.547s] [ 77%] Built target obj_uploader
[7.557s] [35m[1mScanning dependencies of target rosgraph_msgs_generate_messages_cpp[0m
[7.567s] [ 77%] Built target rosgraph_msgs_generate_messages_cpp
[7.576s] [35m[1mScanning dependencies of target rosgraph_msgs_generate_messages_eus[0m
[7.586s] [ 77%] Built target rosgraph_msgs_generate_messages_eus
[7.596s] [35m[1mScanning dependencies of target rosgraph_msgs_generate_messages_lisp[0m
[7.606s] [ 77%] Built target rosgraph_msgs_generate_messages_lisp
[7.615s] [35m[1mScanning dependencies of target std_msgs_generate_messages_eus[0m
[7.625s] [ 77%] Built target std_msgs_generate_messages_eus
[7.636s] [35m[1mScanning dependencies of target rosgraph_msgs_generate_messages_py[0m
[7.646s] [ 77%] Built target rosgraph_msgs_generate_messages_py
[7.656s] [35m[1mScanning dependencies of target rosgraph_msgs_generate_messages_nodejs[0m
[7.669s] [ 77%] Built target rosgraph_msgs_generate_messages_nodejs
[7.678s] [35m[1mScanning dependencies of target can_uploader[0m
[7.695s] [ 88%] [32mBuilding CXX object CMakeFiles/can_uploader.dir/nodes/can_uploader/can_uploader.cpp.o[0m
[9.574s] [100%] [32m[1mLinking CXX executable devel/lib/obj_db/can_uploader[0m
[9.703s] [100%] Built target can_uploader
[9.711s] Invoked command in '/home/agilex/autoware.ai/build/obj_db' returned '0': CMAKE_PREFIX_PATH=/home/agilex/autoware.ai/install/gnss:/home/agilex/autoware.ai/install/autoware_can_msgs:/home/agilex/autoware.ai/install/autoware_build_flags:${CMAKE_PREFIX_PATH} LD_LIBRARY_PATH=/home/agilex/autoware.ai/install/gnss/lib:${LD_LIBRARY_PATH} PKG_CONFIG_PATH=/home/agilex/autoware.ai/install/gnss/lib/x86_64-linux-gnu/pkgconfig:/home/agilex/autoware.ai/install/gnss/lib/pkgconfig:/home/agilex/autoware.ai/install/autoware_can_msgs/lib/x86_64-linux-gnu/pkgconfig:/home/agilex/autoware.ai/install/autoware_can_msgs/lib/pkgconfig:/home/agilex/autoware.ai/install/autoware_build_flags/lib/x86_64-linux-gnu/pkgconfig:/home/agilex/autoware.ai/install/autoware_build_flags/lib/pkgconfig:${PKG_CONFIG_PATH} PYTHONPATH=/home/agilex/autoware.ai/install/autoware_can_msgs/lib/python2.7/dist-packages:${PYTHONPATH} ROS_PACKAGE_PATH=/home/agilex/autoware.ai/install/gnss/share:/home/agilex/autoware.ai/install/autoware_can_msgs/share:/home/agilex/autoware.ai/install/autoware_build_flags/share:${ROS_PACKAGE_PATH} /usr/bin/cmake --build /home/agilex/autoware.ai/build/obj_db -- -j8 -l8
[9.798s] Invoking command in '/home/agilex/autoware.ai/build/obj_db': CMAKE_PREFIX_PATH=/home/agilex/autoware.ai/install/gnss:/home/agilex/autoware.ai/install/autoware_can_msgs:/home/agilex/autoware.ai/install/autoware_build_flags:${CMAKE_PREFIX_PATH} LD_LIBRARY_PATH=/home/agilex/autoware.ai/install/gnss/lib:${LD_LIBRARY_PATH} PKG_CONFIG_PATH=/home/agilex/autoware.ai/install/gnss/lib/x86_64-linux-gnu/pkgconfig:/home/agilex/autoware.ai/install/gnss/lib/pkgconfig:/home/agilex/autoware.ai/install/autoware_can_msgs/lib/x86_64-linux-gnu/pkgconfig:/home/agilex/autoware.ai/install/autoware_can_msgs/lib/pkgconfig:/home/agilex/autoware.ai/install/autoware_build_flags/lib/x86_64-linux-gnu/pkgconfig:/home/agilex/autoware.ai/install/autoware_build_flags/lib/pkgconfig:${PKG_CONFIG_PATH} PYTHONPATH=/home/agilex/autoware.ai/install/autoware_can_msgs/lib/python2.7/dist-packages:${PYTHONPATH} ROS_PACKAGE_PATH=/home/agilex/autoware.ai/install/gnss/share:/home/agilex/autoware.ai/install/autoware_can_msgs/share:/home/agilex/autoware.ai/install/autoware_build_flags/share:${ROS_PACKAGE_PATH} /usr/bin/cmake --build /home/agilex/autoware.ai/build/obj_db --target tests -- -j8 -l8
[9.855s] [35m[1mScanning dependencies of target tests[0m
[9.864s] Built target tests
[9.874s] Invoked command in '/home/agilex/autoware.ai/build/obj_db' returned '0': CMAKE_PREFIX_PATH=/home/agilex/autoware.ai/install/gnss:/home/agilex/autoware.ai/install/autoware_can_msgs:/home/agilex/autoware.ai/install/autoware_build_flags:${CMAKE_PREFIX_PATH} LD_LIBRARY_PATH=/home/agilex/autoware.ai/install/gnss/lib:${LD_LIBRARY_PATH} PKG_CONFIG_PATH=/home/agilex/autoware.ai/install/gnss/lib/x86_64-linux-gnu/pkgconfig:/home/agilex/autoware.ai/install/gnss/lib/pkgconfig:/home/agilex/autoware.ai/install/autoware_can_msgs/lib/x86_64-linux-gnu/pkgconfig:/home/agilex/autoware.ai/install/autoware_can_msgs/lib/pkgconfig:/home/agilex/autoware.ai/install/autoware_build_flags/lib/x86_64-linux-gnu/pkgconfig:/home/agilex/autoware.ai/install/autoware_build_flags/lib/pkgconfig:${PKG_CONFIG_PATH} PYTHONPATH=/home/agilex/autoware.ai/install/autoware_can_msgs/lib/python2.7/dist-packages:${PYTHONPATH} ROS_PACKAGE_PATH=/home/agilex/autoware.ai/install/gnss/share:/home/agilex/autoware.ai/install/autoware_can_msgs/share:/home/agilex/autoware.ai/install/autoware_build_flags/share:${ROS_PACKAGE_PATH} /usr/bin/cmake --build /home/agilex/autoware.ai/build/obj_db --target tests -- -j8 -l8
[9.957s] Invoking command in '/home/agilex/autoware.ai/build/obj_db': CMAKE_PREFIX_PATH=/home/agilex/autoware.ai/install/gnss:/home/agilex/autoware.ai/install/autoware_can_msgs:/home/agilex/autoware.ai/install/autoware_build_flags:${CMAKE_PREFIX_PATH} LD_LIBRARY_PATH=/home/agilex/autoware.ai/install/gnss/lib:${LD_LIBRARY_PATH} PKG_CONFIG_PATH=/home/agilex/autoware.ai/install/gnss/lib/x86_64-linux-gnu/pkgconfig:/home/agilex/autoware.ai/install/gnss/lib/pkgconfig:/home/agilex/autoware.ai/install/autoware_can_msgs/lib/x86_64-linux-gnu/pkgconfig:/home/agilex/autoware.ai/install/autoware_can_msgs/lib/pkgconfig:/home/agilex/autoware.ai/install/autoware_build_flags/lib/x86_64-linux-gnu/pkgconfig:/home/agilex/autoware.ai/install/autoware_build_flags/lib/pkgconfig:${PKG_CONFIG_PATH} PYTHONPATH=/home/agilex/autoware.ai/install/autoware_can_msgs/lib/python2.7/dist-packages:${PYTHONPATH} ROS_PACKAGE_PATH=/home/agilex/autoware.ai/install/gnss/share:/home/agilex/autoware.ai/install/autoware_can_msgs/share:/home/agilex/autoware.ai/install/autoware_build_flags/share:${ROS_PACKAGE_PATH} /usr/bin/cmake --build /home/agilex/autoware.ai/build/obj_db --target install -- -j8 -l8
[10.005s] [ 33%] Built target obj_db
[10.027s] [ 33%] Built target roscpp_generate_messages_py
[10.048s] [ 33%] Built target geometry_msgs_generate_messages_eus
[10.065s] [ 33%] Built target roscpp_generate_messages_nodejs
[10.086s] [ 33%] Built target roscpp_generate_messages_eus
[10.110s] [ 33%] Built target roscpp_generate_messages_lisp
[10.130s] [ 33%] Built target autoware_can_msgs_generate_messages_eus
[10.147s] [ 33%] Built target roscpp_generate_messages_cpp
[10.168s] [ 33%] Built target geometry_msgs_generate_messages_nodejs
[10.184s] [ 33%] Built target std_msgs_generate_messages_lisp
[10.208s] [ 33%] Built target std_msgs_generate_messages_nodejs
[10.225s] [ 33%] Built target visualization_msgs_generate_messages_cpp
[10.244s] [ 33%] Built target visualization_msgs_generate_messages_eus
[10.281s] [ 33%] Built target visualization_msgs_generate_messages_lisp
[10.316s] [ 33%] Built target std_msgs_generate_messages_cpp
[10.342s] [ 33%] Built target visualization_msgs_generate_messages_nodejs
[10.364s] [ 33%] Built target visualization_msgs_generate_messages_py
[10.396s] [ 33%] Built target autoware_can_msgs_generate_messages_py
[10.431s] [ 33%] Built target geometry_msgs_generate_messages_cpp
[10.457s] [ 33%] Built target geometry_msgs_generate_messages_lisp
[10.486s] [ 33%] Built target geometry_msgs_generate_messages_py
[10.515s] [ 33%] Built target autoware_can_msgs_generate_messages_cpp
[10.545s] [ 33%] Built target autoware_can_msgs_generate_messages_nodejs
[10.569s] [ 33%] Built target autoware_can_msgs_generate_messages_lisp
[10.597s] [ 33%] Built target std_msgs_generate_messages_py
[10.635s] [ 55%] Built target obj_downloader
[10.660s] [ 77%] Built target obj_uploader
[10.684s] [ 77%] Built target rosgraph_msgs_generate_messages_cpp
[10.707s] [ 77%] Built target rosgraph_msgs_generate_messages_eus
[10.728s] [ 77%] Built target rosgraph_msgs_generate_messages_lisp
[10.747s] [ 77%] Built target std_msgs_generate_messages_eus
[10.773s] [ 77%] Built target rosgraph_msgs_generate_messages_py
[10.798s] [ 77%] Built target rosgraph_msgs_generate_messages_nodejs
[10.821s] [100%] Built target can_uploader
[10.842s] [36mInstall the project...[0m
[10.851s] -- Install configuration: "Release"
[10.851s] -- Installing: /home/agilex/autoware.ai/install/obj_db/lib/pkgconfig/obj_db.pc
[10.851s] -- Installing: /home/agilex/autoware.ai/install/obj_db/share/obj_db/cmake/obj_dbConfig.cmake
[10.852s] -- Installing: /home/agilex/autoware.ai/install/obj_db/share/obj_db/cmake/obj_dbConfig-version.cmake
[10.852s] -- Installing: /home/agilex/autoware.ai/install/obj_db/share/obj_db/package.xml
[10.852s] -- Installing: /home/agilex/autoware.ai/install/obj_db/lib/obj_db/can_uploader
[10.853s] -- Set runtime path of "/home/agilex/autoware.ai/install/obj_db/lib/obj_db/can_uploader" to ""
[10.853s] -- Installing: /home/agilex/autoware.ai/install/obj_db/lib/obj_db/obj_uploader
[10.853s] -- Set runtime path of "/home/agilex/autoware.ai/install/obj_db/lib/obj_db/obj_uploader" to ""
[10.854s] -- Installing: /home/agilex/autoware.ai/install/obj_db/lib/libobj_db.so
[10.854s] -- Installing: /home/agilex/autoware.ai/install/obj_db/lib/obj_db/obj_downloader
[10.854s] -- Set runtime path of "/home/agilex/autoware.ai/install/obj_db/lib/obj_db/obj_downloader" to ""
[10.855s] -- Installing: /home/agilex/autoware.ai/install/obj_db/include/obj_db/include
[10.855s] -- Installing: /home/agilex/autoware.ai/install/obj_db/include/obj_db/include/obj_db.h
[10.864s] Invoked command in '/home/agilex/autoware.ai/build/obj_db' returned '0': CMAKE_PREFIX_PATH=/home/agilex/autoware.ai/install/gnss:/home/agilex/autoware.ai/install/autoware_can_msgs:/home/agilex/autoware.ai/install/autoware_build_flags:${CMAKE_PREFIX_PATH} LD_LIBRARY_PATH=/home/agilex/autoware.ai/install/gnss/lib:${LD_LIBRARY_PATH} PKG_CONFIG_PATH=/home/agilex/autoware.ai/install/gnss/lib/x86_64-linux-gnu/pkgconfig:/home/agilex/autoware.ai/install/gnss/lib/pkgconfig:/home/agilex/autoware.ai/install/autoware_can_msgs/lib/x86_64-linux-gnu/pkgconfig:/home/agilex/autoware.ai/install/autoware_can_msgs/lib/pkgconfig:/home/agilex/autoware.ai/install/autoware_build_flags/lib/x86_64-linux-gnu/pkgconfig:/home/agilex/autoware.ai/install/autoware_build_flags/lib/pkgconfig:${PKG_CONFIG_PATH} PYTHONPATH=/home/agilex/autoware.ai/install/autoware_can_msgs/lib/python2.7/dist-packages:${PYTHONPATH} ROS_PACKAGE_PATH=/home/agilex/autoware.ai/install/gnss/share:/home/agilex/autoware.ai/install/autoware_can_msgs/share:/home/agilex/autoware.ai/install/autoware_build_flags/share:${ROS_PACKAGE_PATH} /usr/bin/cmake --build /home/agilex/autoware.ai/build/obj_db --target install -- -j8 -l8
