[0.079s] Invoking command in '/home/agilex/autoware.ai/build/as': CMAKE_PREFIX_PATH=/home/agilex/autoware.ai/install/autoware_msgs:/home/agilex/autoware.ai/install/autoware_build_flags:${CMAKE_PREFIX_PATH} PKG_CONFIG_PATH=/home/agilex/autoware.ai/install/autoware_msgs/lib/x86_64-linux-gnu/pkgconfig:/home/agilex/autoware.ai/install/autoware_msgs/lib/pkgconfig:/home/agilex/autoware.ai/install/autoware_build_flags/lib/x86_64-linux-gnu/pkgconfig:/home/agilex/autoware.ai/install/autoware_build_flags/lib/pkgconfig:${PKG_CONFIG_PATH} PYTHONPATH=/home/agilex/autoware.ai/install/autoware_msgs/lib/python2.7/dist-packages:${PYTHONPATH} ROS_PACKAGE_PATH=/home/agilex/autoware.ai/install/autoware_msgs/share:/home/agilex/autoware.ai/install/autoware_build_flags/share:${ROS_PACKAGE_PATH} /usr/bin/cmake /home/agilex/autoware.ai/src/drivers/awf_drivers/as -DCMAKE_BUILD_TYPE=Release -DCATKIN_INSTALL_INTO_PREFIX_ROOT=0 -DCMAKE_INSTALL_PREFIX=/home/agilex/autoware.ai/install/as
[0.171s] -- The C compiler identification is GNU 7.5.0
[0.226s] -- The CXX compiler identification is GNU 7.5.0
[0.231s] -- Check for working C compiler: /usr/bin/cc
[0.284s] -- Check for working C compiler: /usr/bin/cc -- works
[0.285s] -- Detecting C compiler ABI info
[0.377s] -- Detecting C compiler ABI info - done
[0.385s] -- Detecting C compile features
[0.662s] -- Detecting C compile features - done
[0.665s] -- Check for working CXX compiler: /usr/bin/c++
[0.734s] -- Check for working CXX compiler: /usr/bin/c++ -- works
[0.735s] -- Detecting CXX compiler ABI info
[0.807s] -- Detecting CXX compiler ABI info - done
[0.815s] -- Detecting CXX compile features
[1.128s] -- Detecting CXX compile features - done
[1.130s] -- Using CATKIN_DEVEL_PREFIX: /home/agilex/autoware.ai/build/as/devel
[1.130s] -- Using CMAKE_PREFIX_PATH: /home/agilex/autoware.ai/install/autoware_msgs;/home/agilex/autoware.ai/install/autoware_build_flags;/opt/ros/melodic
[1.130s] -- This workspace overlays: /home/agilex/autoware.ai/install/autoware_msgs;/home/agilex/autoware.ai/install/autoware_build_flags;/opt/ros/melodic
[1.144s] -- Found PythonInterp: /usr/bin/python2 (found suitable version "2.7.17", minimum required is "2") 
[1.144s] -- Using PYTHON_EXECUTABLE: /usr/bin/python2
[1.144s] -- Using Debian Python package layout
[1.145s] -- Using empy: /usr/bin/empy
[1.301s] -- Using CATKIN_ENABLE_TESTING: ON
[1.301s] -- Call enable_testing()
[1.303s] -- Using CATKIN_TEST_RESULTS_DIR: /home/agilex/autoware.ai/build/as/test_results
[1.323s] -- Found gtest sources under '/usr/src/googletest': gtests will be built
[1.324s] -- Found gmock sources under '/usr/src/googletest': gmock will be built
[1.338s] -- Found PythonInterp: /usr/bin/python2 (found version "2.7.17") 
[1.339s] -- Looking for pthread.h
[1.401s] -- Looking for pthread.h - found
[1.401s] -- Looking for pthread_create
[1.459s] -- Looking for pthread_create - not found
[1.459s] -- Looking for pthread_create in pthreads
[1.507s] -- Looking for pthread_create in pthreads - not found
[1.507s] -- Looking for pthread_create in pthread
[1.566s] -- Looking for pthread_create in pthread - found
[1.568s] -- Found Threads: TRUE  
[1.572s] -- Using Python nosetests: /usr/bin/nosetests-2.7
[1.616s] -- catkin 0.7.29
[1.617s] -- BUILD_SHARED_LIBS is on
[1.696s] -- CUDA compilation status: .
[1.822s] -- Using these message generators: gencpp;geneus;genlisp;gennodejs;genpy
[2.008s] -- Configuring done
[2.027s] -- Generating done
[2.035s] -- Build files have been written to: /home/agilex/autoware.ai/build/as
[2.043s] Invoked command in '/home/agilex/autoware.ai/build/as' returned '0': CMAKE_PREFIX_PATH=/home/agilex/autoware.ai/install/autoware_msgs:/home/agilex/autoware.ai/install/autoware_build_flags:${CMAKE_PREFIX_PATH} PKG_CONFIG_PATH=/home/agilex/autoware.ai/install/autoware_msgs/lib/x86_64-linux-gnu/pkgconfig:/home/agilex/autoware.ai/install/autoware_msgs/lib/pkgconfig:/home/agilex/autoware.ai/install/autoware_build_flags/lib/x86_64-linux-gnu/pkgconfig:/home/agilex/autoware.ai/install/autoware_build_flags/lib/pkgconfig:${PKG_CONFIG_PATH} PYTHONPATH=/home/agilex/autoware.ai/install/autoware_msgs/lib/python2.7/dist-packages:${PYTHONPATH} ROS_PACKAGE_PATH=/home/agilex/autoware.ai/install/autoware_msgs/share:/home/agilex/autoware.ai/install/autoware_build_flags/share:${ROS_PACKAGE_PATH} /usr/bin/cmake /home/agilex/autoware.ai/src/drivers/awf_drivers/as -DCMAKE_BUILD_TYPE=Release -DCATKIN_INSTALL_INTO_PREFIX_ROOT=0 -DCMAKE_INSTALL_PREFIX=/home/agilex/autoware.ai/install/as
[2.044s] Invoking command in '/home/agilex/autoware.ai/build/as': CMAKE_PREFIX_PATH=/home/agilex/autoware.ai/install/autoware_msgs:/home/agilex/autoware.ai/install/autoware_build_flags:${CMAKE_PREFIX_PATH} PKG_CONFIG_PATH=/home/agilex/autoware.ai/install/autoware_msgs/lib/x86_64-linux-gnu/pkgconfig:/home/agilex/autoware.ai/install/autoware_msgs/lib/pkgconfig:/home/agilex/autoware.ai/install/autoware_build_flags/lib/x86_64-linux-gnu/pkgconfig:/home/agilex/autoware.ai/install/autoware_build_flags/lib/pkgconfig:${PKG_CONFIG_PATH} PYTHONPATH=/home/agilex/autoware.ai/install/autoware_msgs/lib/python2.7/dist-packages:${PYTHONPATH} ROS_PACKAGE_PATH=/home/agilex/autoware.ai/install/autoware_msgs/share:/home/agilex/autoware.ai/install/autoware_build_flags/share:${ROS_PACKAGE_PATH} /usr/bin/cmake --build /home/agilex/autoware.ai/build/as -- -j8 -l8
[2.086s] [35m[1mScanning dependencies of target pacmod_msgs_generate_messages_cpp[0m
[2.095s] [  0%] Built target pacmod_msgs_generate_messages_cpp
[2.105s] [35m[1mScanning dependencies of target rosgraph_msgs_generate_messages_cpp[0m
[2.115s] [  0%] Built target rosgraph_msgs_generate_messages_cpp
[2.122s] [35m[1mScanning dependencies of target autoware_msgs_generate_messages_py[0m
[2.132s] [  0%] Built target autoware_msgs_generate_messages_py
[2.141s] [35m[1mScanning dependencies of target sensor_msgs_generate_messages_py[0m
[2.149s] [  0%] Built target sensor_msgs_generate_messages_py
[2.160s] [35m[1mScanning dependencies of target sensor_msgs_generate_messages_eus[0m
[2.176s] [  0%] Built target sensor_msgs_generate_messages_eus
[2.176s] [35m[1mScanning dependencies of target sensor_msgs_generate_messages_cpp[0m
[2.184s] [  0%] Built target sensor_msgs_generate_messages_cpp
[2.194s] [35m[1mScanning dependencies of target autoware_msgs_generate_messages_nodejs[0m
[2.208s] [  0%] Built target autoware_msgs_generate_messages_nodejs
[2.219s] [35m[1mScanning dependencies of target autoware_msgs_generate_messages_eus[0m
[2.233s] [  0%] Built target autoware_msgs_generate_messages_eus
[2.242s] [35m[1mScanning dependencies of target pacmod_msgs_generate_messages_py[0m
[2.252s] [  0%] Built target pacmod_msgs_generate_messages_py
[2.264s] [35m[1mScanning dependencies of target pacmod_msgs_generate_messages_nodejs[0m
[2.273s] [  0%] Built target pacmod_msgs_generate_messages_nodejs
[2.282s] [35m[1mScanning dependencies of target pacmod_msgs_generate_messages_lisp[0m
[2.291s] [  0%] Built target pacmod_msgs_generate_messages_lisp
[2.299s] [35m[1mScanning dependencies of target jsk_footstep_msgs_generate_messages_eus[0m
[2.308s] [  0%] Built target jsk_footstep_msgs_generate_messages_eus
[2.317s] [35m[1mScanning dependencies of target pcl_msgs_generate_messages_py[0m
[2.326s] [  0%] Built target pcl_msgs_generate_messages_py
[2.334s] [35m[1mScanning dependencies of target pacmod_msgs_generate_messages_eus[0m
[2.343s] [  0%] Built target pacmod_msgs_generate_messages_eus
[2.352s] [35m[1mScanning dependencies of target rosgraph_msgs_generate_messages_nodejs[0m
[2.361s] [  0%] Built target rosgraph_msgs_generate_messages_nodejs
[2.369s] [35m[1mScanning dependencies of target rosgraph_msgs_generate_messages_py[0m
[2.378s] [  0%] Built target rosgraph_msgs_generate_messages_py
[2.387s] [35m[1mScanning dependencies of target std_msgs_generate_messages_eus[0m
[2.396s] [  0%] Built target std_msgs_generate_messages_eus
[2.404s] [35m[1mScanning dependencies of target rosgraph_msgs_generate_messages_lisp[0m
[2.415s] [  0%] Built target rosgraph_msgs_generate_messages_lisp
[2.423s] [35m[1mScanning dependencies of target pcl_msgs_generate_messages_nodejs[0m
[2.432s] [  0%] Built target pcl_msgs_generate_messages_nodejs
[2.440s] [35m[1mScanning dependencies of target pcl_msgs_generate_messages_eus[0m
[2.449s] [  0%] Built target pcl_msgs_generate_messages_eus
[2.457s] [35m[1mScanning dependencies of target pcl_msgs_generate_messages_cpp[0m
[2.465s] [  0%] Built target pcl_msgs_generate_messages_cpp
[2.474s] [35m[1mScanning dependencies of target actionlib_msgs_generate_messages_lisp[0m
[2.484s] [  0%] Built target actionlib_msgs_generate_messages_lisp
[2.493s] [35m[1mScanning dependencies of target std_msgs_generate_messages_py[0m
[2.502s] [  0%] Built target std_msgs_generate_messages_py
[2.511s] [35m[1mScanning dependencies of target geometry_msgs_generate_messages_eus[0m
[2.524s] [  0%] Built target geometry_msgs_generate_messages_eus
[2.543s] [35m[1mScanning dependencies of target roscpp_generate_messages_nodejs[0m
[2.554s] [  0%] Built target roscpp_generate_messages_nodejs
[2.562s] [35m[1mScanning dependencies of target roscpp_generate_messages_eus[0m
[2.572s] [  0%] Built target roscpp_generate_messages_eus
[2.580s] [35m[1mScanning dependencies of target roscpp_generate_messages_lisp[0m
[2.589s] [  0%] Built target roscpp_generate_messages_lisp
[2.598s] [35m[1mScanning dependencies of target jsk_recognition_msgs_generate_messages_lisp[0m
[2.607s] [  0%] Built target jsk_recognition_msgs_generate_messages_lisp
[2.615s] [35m[1mScanning dependencies of target jsk_recognition_msgs_generate_messages_eus[0m
[2.624s] [  0%] Built target jsk_recognition_msgs_generate_messages_eus
[2.632s] [35m[1mScanning dependencies of target jsk_recognition_msgs_generate_messages_cpp[0m
[2.641s] [  0%] Built target jsk_recognition_msgs_generate_messages_cpp
[2.649s] [35m[1mScanning dependencies of target sensor_msgs_generate_messages_nodejs[0m
[2.658s] [  0%] Built target sensor_msgs_generate_messages_nodejs
[2.667s] [35m[1mScanning dependencies of target roscpp_generate_messages_cpp[0m
[2.677s] [  0%] Built target roscpp_generate_messages_cpp
[2.686s] [35m[1mScanning dependencies of target actionlib_msgs_generate_messages_nodejs[0m
[2.695s] [  0%] Built target actionlib_msgs_generate_messages_nodejs
[2.704s] [35m[1mScanning dependencies of target jsk_footstep_msgs_generate_messages_py[0m
[2.716s] [  0%] Built target jsk_footstep_msgs_generate_messages_py
[2.728s] [35m[1mScanning dependencies of target std_msgs_generate_messages_cpp[0m
[2.737s] [  0%] Built target std_msgs_generate_messages_cpp
[2.747s] [35m[1mScanning dependencies of target geometry_msgs_generate_messages_nodejs[0m
[2.756s] [  0%] Built target geometry_msgs_generate_messages_nodejs
[2.769s] [35m[1mScanning dependencies of target automotive_navigation_msgs_generate_messages_eus[0m
[2.778s] [  0%] Built target automotive_navigation_msgs_generate_messages_eus
[2.788s] [35m[1mScanning dependencies of target automotive_platform_msgs_generate_messages_cpp[0m
[2.797s] [  0%] Built target automotive_platform_msgs_generate_messages_cpp
[2.808s] [35m[1mScanning dependencies of target std_msgs_generate_messages_lisp[0m
[2.820s] [  0%] Built target std_msgs_generate_messages_lisp
[2.829s] [35m[1mScanning dependencies of target std_msgs_generate_messages_nodejs[0m
[2.838s] [  0%] Built target std_msgs_generate_messages_nodejs
[2.847s] [35m[1mScanning dependencies of target geometry_msgs_generate_messages_cpp[0m
[2.856s] [  0%] Built target geometry_msgs_generate_messages_cpp
[2.865s] [35m[1mScanning dependencies of target geometry_msgs_generate_messages_lisp[0m
[2.874s] [  0%] Built target geometry_msgs_generate_messages_lisp
[2.882s] [35m[1mScanning dependencies of target jsk_footstep_msgs_generate_messages_cpp[0m
[2.891s] [  0%] Built target jsk_footstep_msgs_generate_messages_cpp
[2.900s] [35m[1mScanning dependencies of target geometry_msgs_generate_messages_py[0m
[2.909s] [  0%] Built target geometry_msgs_generate_messages_py
[2.922s] [35m[1mScanning dependencies of target automotive_platform_msgs_generate_messages_eus[0m
[2.931s] [  0%] Built target automotive_platform_msgs_generate_messages_eus
[2.941s] [35m[1mScanning dependencies of target jsk_recognition_msgs_generate_messages_py[0m
[2.951s] [  0%] Built target jsk_recognition_msgs_generate_messages_py
[2.960s] [35m[1mScanning dependencies of target automotive_platform_msgs_generate_messages_lisp[0m
[2.969s] [  0%] Built target automotive_platform_msgs_generate_messages_lisp
[2.979s] [35m[1mScanning dependencies of target automotive_platform_msgs_generate_messages_nodejs[0m
[2.988s] [  0%] Built target automotive_platform_msgs_generate_messages_nodejs
[3.000s] [35m[1mScanning dependencies of target roscpp_generate_messages_py[0m
[3.015s] [  0%] Built target roscpp_generate_messages_py
[3.024s] [35m[1mScanning dependencies of target automotive_platform_msgs_generate_messages_py[0m
[3.033s] [  0%] Built target automotive_platform_msgs_generate_messages_py
[3.042s] [35m[1mScanning dependencies of target pcl_msgs_generate_messages_lisp[0m
[3.050s] [  0%] Built target pcl_msgs_generate_messages_lisp
[3.059s] [35m[1mScanning dependencies of target automotive_navigation_msgs_generate_messages_cpp[0m
[3.068s] [  0%] Built target automotive_navigation_msgs_generate_messages_cpp
[3.076s] [35m[1mScanning dependencies of target jsk_footstep_msgs_generate_messages_lisp[0m
[3.085s] [  0%] Built target jsk_footstep_msgs_generate_messages_lisp
[3.094s] [35m[1mScanning dependencies of target automotive_navigation_msgs_generate_messages_py[0m
[3.102s] [  0%] Built target automotive_navigation_msgs_generate_messages_py
[3.113s] [35m[1mScanning dependencies of target sensor_msgs_generate_messages_lisp[0m
[3.122s] [  0%] Built target sensor_msgs_generate_messages_lisp
[3.131s] [35m[1mScanning dependencies of target automotive_navigation_msgs_generate_messages_lisp[0m
[3.140s] [  0%] Built target automotive_navigation_msgs_generate_messages_lisp
[3.149s] [35m[1mScanning dependencies of target actionlib_msgs_generate_messages_eus[0m
[3.158s] [  0%] Built target actionlib_msgs_generate_messages_eus
[3.168s] [35m[1mScanning dependencies of target autoware_msgs_generate_messages_lisp[0m
[3.177s] [  0%] Built target autoware_msgs_generate_messages_lisp
[3.187s] [35m[1mScanning dependencies of target automotive_navigation_msgs_generate_messages_nodejs[0m
[3.197s] [  0%] Built target automotive_navigation_msgs_generate_messages_nodejs
[3.207s] [35m[1mScanning dependencies of target autoware_msgs_generate_messages_cpp[0m
[3.216s] [  0%] Built target autoware_msgs_generate_messages_cpp
[3.225s] [35m[1mScanning dependencies of target rosgraph_msgs_generate_messages_eus[0m
[3.235s] [  0%] Built target rosgraph_msgs_generate_messages_eus
[3.244s] [35m[1mScanning dependencies of target jsk_recognition_msgs_generate_messages_nodejs[0m
[3.253s] [  0%] Built target jsk_recognition_msgs_generate_messages_nodejs
[3.261s] [35m[1mScanning dependencies of target actionlib_msgs_generate_messages_py[0m
[3.270s] [  0%] Built target actionlib_msgs_generate_messages_py
[3.279s] [35m[1mScanning dependencies of target jsk_footstep_msgs_generate_messages_nodejs[0m
[3.288s] [  0%] Built target jsk_footstep_msgs_generate_messages_nodejs
[3.302s] [35m[1mScanning dependencies of target actionlib_msgs_generate_messages_cpp[0m
[3.313s] [  0%] Built target actionlib_msgs_generate_messages_cpp
[3.322s] [35m[1mScanning dependencies of target ssc_interface[0m
[3.343s] [ 33%] [32mBuilding CXX object CMakeFiles/ssc_interface.dir/nodes/ssc_interface/ssc_interface_node.cpp.o[0m
[5.270s] [ 66%] [32mBuilding CXX object CMakeFiles/ssc_interface.dir/nodes/ssc_interface/ssc_interface.cpp.o[0m
[16.382s] [100%] [32m[1mLinking CXX executable devel/lib/as/ssc_interface[0m
[16.555s] [100%] Built target ssc_interface
[16.566s] Invoked command in '/home/agilex/autoware.ai/build/as' returned '0': CMAKE_PREFIX_PATH=/home/agilex/autoware.ai/install/autoware_msgs:/home/agilex/autoware.ai/install/autoware_build_flags:${CMAKE_PREFIX_PATH} PKG_CONFIG_PATH=/home/agilex/autoware.ai/install/autoware_msgs/lib/x86_64-linux-gnu/pkgconfig:/home/agilex/autoware.ai/install/autoware_msgs/lib/pkgconfig:/home/agilex/autoware.ai/install/autoware_build_flags/lib/x86_64-linux-gnu/pkgconfig:/home/agilex/autoware.ai/install/autoware_build_flags/lib/pkgconfig:${PKG_CONFIG_PATH} PYTHONPATH=/home/agilex/autoware.ai/install/autoware_msgs/lib/python2.7/dist-packages:${PYTHONPATH} ROS_PACKAGE_PATH=/home/agilex/autoware.ai/install/autoware_msgs/share:/home/agilex/autoware.ai/install/autoware_build_flags/share:${ROS_PACKAGE_PATH} /usr/bin/cmake --build /home/agilex/autoware.ai/build/as -- -j8 -l8
[16.682s] Invoking command in '/home/agilex/autoware.ai/build/as': CMAKE_PREFIX_PATH=/home/agilex/autoware.ai/install/autoware_msgs:/home/agilex/autoware.ai/install/autoware_build_flags:${CMAKE_PREFIX_PATH} PKG_CONFIG_PATH=/home/agilex/autoware.ai/install/autoware_msgs/lib/x86_64-linux-gnu/pkgconfig:/home/agilex/autoware.ai/install/autoware_msgs/lib/pkgconfig:/home/agilex/autoware.ai/install/autoware_build_flags/lib/x86_64-linux-gnu/pkgconfig:/home/agilex/autoware.ai/install/autoware_build_flags/lib/pkgconfig:${PKG_CONFIG_PATH} PYTHONPATH=/home/agilex/autoware.ai/install/autoware_msgs/lib/python2.7/dist-packages:${PYTHONPATH} ROS_PACKAGE_PATH=/home/agilex/autoware.ai/install/autoware_msgs/share:/home/agilex/autoware.ai/install/autoware_build_flags/share:${ROS_PACKAGE_PATH} /usr/bin/cmake --build /home/agilex/autoware.ai/build/as --target tests -- -j8 -l8
[16.734s] [35m[1mScanning dependencies of target tests[0m
[16.743s] Built target tests
[16.757s] Invoked command in '/home/agilex/autoware.ai/build/as' returned '0': CMAKE_PREFIX_PATH=/home/agilex/autoware.ai/install/autoware_msgs:/home/agilex/autoware.ai/install/autoware_build_flags:${CMAKE_PREFIX_PATH} PKG_CONFIG_PATH=/home/agilex/autoware.ai/install/autoware_msgs/lib/x86_64-linux-gnu/pkgconfig:/home/agilex/autoware.ai/install/autoware_msgs/lib/pkgconfig:/home/agilex/autoware.ai/install/autoware_build_flags/lib/x86_64-linux-gnu/pkgconfig:/home/agilex/autoware.ai/install/autoware_build_flags/lib/pkgconfig:${PKG_CONFIG_PATH} PYTHONPATH=/home/agilex/autoware.ai/install/autoware_msgs/lib/python2.7/dist-packages:${PYTHONPATH} ROS_PACKAGE_PATH=/home/agilex/autoware.ai/install/autoware_msgs/share:/home/agilex/autoware.ai/install/autoware_build_flags/share:${ROS_PACKAGE_PATH} /usr/bin/cmake --build /home/agilex/autoware.ai/build/as --target tests -- -j8 -l8
[16.867s] Invoking command in '/home/agilex/autoware.ai/build/as': CMAKE_PREFIX_PATH=/home/agilex/autoware.ai/install/autoware_msgs:/home/agilex/autoware.ai/install/autoware_build_flags:${CMAKE_PREFIX_PATH} PKG_CONFIG_PATH=/home/agilex/autoware.ai/install/autoware_msgs/lib/x86_64-linux-gnu/pkgconfig:/home/agilex/autoware.ai/install/autoware_msgs/lib/pkgconfig:/home/agilex/autoware.ai/install/autoware_build_flags/lib/x86_64-linux-gnu/pkgconfig:/home/agilex/autoware.ai/install/autoware_build_flags/lib/pkgconfig:${PKG_CONFIG_PATH} PYTHONPATH=/home/agilex/autoware.ai/install/autoware_msgs/lib/python2.7/dist-packages:${PYTHONPATH} ROS_PACKAGE_PATH=/home/agilex/autoware.ai/install/autoware_msgs/share:/home/agilex/autoware.ai/install/autoware_build_flags/share:${ROS_PACKAGE_PATH} /usr/bin/cmake --build /home/agilex/autoware.ai/build/as --target install -- -j8 -l8
[16.992s] [  0%] Built target pacmod_msgs_generate_messages_cpp
[17.045s] [  0%] Built target rosgraph_msgs_generate_messages_cpp
[17.077s] [  0%] Built target autoware_msgs_generate_messages_py
[17.110s] [  0%] Built target sensor_msgs_generate_messages_py
[17.148s] [  0%] Built target sensor_msgs_generate_messages_eus
[17.167s] [  0%] Built target sensor_msgs_generate_messages_cpp
[17.186s] [  0%] Built target autoware_msgs_generate_messages_nodejs
[17.207s] [  0%] Built target autoware_msgs_generate_messages_eus
[17.229s] [  0%] Built target pacmod_msgs_generate_messages_py
[17.248s] [  0%] Built target pacmod_msgs_generate_messages_nodejs
[17.277s] [  0%] Built target pacmod_msgs_generate_messages_lisp
[17.299s] [  0%] Built target jsk_footstep_msgs_generate_messages_eus
[17.319s] [  0%] Built target pcl_msgs_generate_messages_py
[17.339s] [  0%] Built target pacmod_msgs_generate_messages_eus
[17.376s] [  0%] Built target rosgraph_msgs_generate_messages_nodejs
[17.413s] [  0%] Built target rosgraph_msgs_generate_messages_py
[17.437s] [  0%] Built target std_msgs_generate_messages_eus
[17.475s] [  0%] Built target rosgraph_msgs_generate_messages_lisp
[17.505s] [  0%] Built target pcl_msgs_generate_messages_nodejs
[17.525s] [  0%] Built target pcl_msgs_generate_messages_eus
[17.546s] [  0%] Built target pcl_msgs_generate_messages_cpp
[17.567s] [  0%] Built target actionlib_msgs_generate_messages_lisp
[17.586s] [  0%] Built target std_msgs_generate_messages_py
[17.605s] [  0%] Built target geometry_msgs_generate_messages_eus
[17.625s] [  0%] Built target roscpp_generate_messages_nodejs
[17.645s] [  0%] Built target roscpp_generate_messages_eus
[17.668s] [  0%] Built target roscpp_generate_messages_lisp
[17.691s] [  0%] Built target jsk_recognition_msgs_generate_messages_lisp
[17.713s] [  0%] Built target jsk_recognition_msgs_generate_messages_eus
[17.734s] [  0%] Built target jsk_recognition_msgs_generate_messages_cpp
[17.761s] [  0%] Built target sensor_msgs_generate_messages_nodejs
[17.783s] [  0%] Built target roscpp_generate_messages_cpp
[17.819s] [  0%] Built target actionlib_msgs_generate_messages_nodejs
[17.838s] [  0%] Built target jsk_footstep_msgs_generate_messages_py
[17.857s] [  0%] Built target std_msgs_generate_messages_cpp
[17.876s] [  0%] Built target geometry_msgs_generate_messages_nodejs
[17.896s] [  0%] Built target automotive_navigation_msgs_generate_messages_eus
[17.918s] [  0%] Built target automotive_platform_msgs_generate_messages_cpp
[17.935s] [  0%] Built target std_msgs_generate_messages_lisp
[17.953s] [  0%] Built target std_msgs_generate_messages_nodejs
[17.973s] [  0%] Built target geometry_msgs_generate_messages_cpp
[17.995s] [  0%] Built target geometry_msgs_generate_messages_lisp
[18.055s] [  0%] Built target jsk_footstep_msgs_generate_messages_cpp
[18.098s] [  0%] Built target geometry_msgs_generate_messages_py
[18.140s] [  0%] Built target automotive_platform_msgs_generate_messages_eus
[18.172s] [  0%] Built target jsk_recognition_msgs_generate_messages_py
[18.196s] [  0%] Built target automotive_platform_msgs_generate_messages_lisp
[18.229s] [  0%] Built target automotive_platform_msgs_generate_messages_nodejs
[18.261s] [  0%] Built target roscpp_generate_messages_py
[18.285s] [  0%] Built target automotive_platform_msgs_generate_messages_py
[18.312s] [  0%] Built target pcl_msgs_generate_messages_lisp
[18.339s] [  0%] Built target automotive_navigation_msgs_generate_messages_cpp
[18.367s] [  0%] Built target jsk_footstep_msgs_generate_messages_lisp
[18.396s] [  0%] Built target automotive_navigation_msgs_generate_messages_py
[18.428s] [  0%] Built target sensor_msgs_generate_messages_lisp
[18.462s] [  0%] Built target automotive_navigation_msgs_generate_messages_lisp
[18.485s] [  0%] Built target actionlib_msgs_generate_messages_eus
[18.502s] [  0%] Built target autoware_msgs_generate_messages_lisp
[18.531s] [  0%] Built target automotive_navigation_msgs_generate_messages_nodejs
[18.549s] [  0%] Built target autoware_msgs_generate_messages_cpp
[18.581s] [  0%] Built target rosgraph_msgs_generate_messages_eus
[18.598s] [  0%] Built target jsk_recognition_msgs_generate_messages_nodejs
[18.619s] [  0%] Built target actionlib_msgs_generate_messages_py
[18.637s] [  0%] Built target jsk_footstep_msgs_generate_messages_nodejs
[18.668s] [  0%] Built target actionlib_msgs_generate_messages_cpp
[18.704s] [100%] Built target ssc_interface
[18.725s] [36mInstall the project...[0m
[18.736s] -- Install configuration: "Release"
[18.736s] -- Installing: /home/agilex/autoware.ai/install/as/lib/pkgconfig/as.pc
[18.736s] -- Installing: /home/agilex/autoware.ai/install/as/share/as/cmake/asConfig.cmake
[18.736s] -- Installing: /home/agilex/autoware.ai/install/as/share/as/cmake/asConfig-version.cmake
[18.737s] -- Installing: /home/agilex/autoware.ai/install/as/share/as/package.xml
[18.737s] -- Installing: /home/agilex/autoware.ai/install/as/lib/as/ssc_interface
[18.738s] -- Set runtime path of "/home/agilex/autoware.ai/install/as/lib/as/ssc_interface" to ""
[18.738s] -- Installing: /home/agilex/autoware.ai/install/as/share/as/launch
[18.738s] -- Installing: /home/agilex/autoware.ai/install/as/share/as/launch/ssc_interface.launch
[18.743s] Invoked command in '/home/agilex/autoware.ai/build/as' returned '0': CMAKE_PREFIX_PATH=/home/agilex/autoware.ai/install/autoware_msgs:/home/agilex/autoware.ai/install/autoware_build_flags:${CMAKE_PREFIX_PATH} PKG_CONFIG_PATH=/home/agilex/autoware.ai/install/autoware_msgs/lib/x86_64-linux-gnu/pkgconfig:/home/agilex/autoware.ai/install/autoware_msgs/lib/pkgconfig:/home/agilex/autoware.ai/install/autoware_build_flags/lib/x86_64-linux-gnu/pkgconfig:/home/agilex/autoware.ai/install/autoware_build_flags/lib/pkgconfig:${PKG_CONFIG_PATH} PYTHONPATH=/home/agilex/autoware.ai/install/autoware_msgs/lib/python2.7/dist-packages:${PYTHONPATH} ROS_PACKAGE_PATH=/home/agilex/autoware.ai/install/autoware_msgs/share:/home/agilex/autoware.ai/install/autoware_build_flags/share:${ROS_PACKAGE_PATH} /usr/bin/cmake --build /home/agilex/autoware.ai/build/as --target install -- -j8 -l8
