[0.018s] Invoking command in '/home/agilex/autoware.ai/build/autoware_rviz_plugins': CMAKE_PREFIX_PATH=/home/agilex/autoware.ai/install/autoware_build_flags:${CMAKE_PREFIX_PATH} PKG_CONFIG_PATH=/home/agilex/autoware.ai/install/autoware_build_flags/lib/x86_64-linux-gnu/pkgconfig:/home/agilex/autoware.ai/install/autoware_build_flags/lib/pkgconfig:${PKG_CONFIG_PATH} ROS_PACKAGE_PATH=/home/agilex/autoware.ai/install/autoware_build_flags/share:${ROS_PACKAGE_PATH} /usr/bin/cmake /home/agilex/autoware.ai/src/autoware/visualization/state_panel -DCMAKE_BUILD_TYPE=Release -DCATKIN_INSTALL_INTO_PREFIX_ROOT=0 -DCMAKE_INSTALL_PREFIX=/home/agilex/autoware.ai/install/autoware_rviz_plugins
[0.080s] -- The C compiler identification is GNU 7.5.0
[0.135s] -- The CXX compiler identification is GNU 7.5.0
[0.140s] -- Check for working C compiler: /usr/bin/cc
[0.201s] -- Check for working C compiler: /usr/bin/cc -- works
[0.201s] -- Detecting C compiler ABI info
[0.262s] -- Detecting C compiler ABI info - done
[0.270s] -- Detecting C compile features
[0.466s] -- Detecting C compile features - done
[0.466s] -- Check for working CXX compiler: /usr/bin/c++
[0.540s] -- Check for working CXX compiler: /usr/bin/c++ -- works
[0.540s] -- Detecting CXX compiler ABI info
[0.611s] -- Detecting CXX compiler ABI info - done
[0.620s] -- Detecting CXX compile features
[0.915s] -- Detecting CXX compile features - done
[0.917s] -- CUDA compilation status: .
[0.918s] -- Using CATKIN_DEVEL_PREFIX: /home/agilex/autoware.ai/build/autoware_rviz_plugins/devel
[0.918s] -- Using CMAKE_PREFIX_PATH: /home/agilex/autoware.ai/install/autoware_build_flags;/opt/ros/melodic
[0.918s] -- This workspace overlays: /home/agilex/autoware.ai/install/autoware_build_flags;/opt/ros/melodic
[0.933s] -- Found PythonInterp: /usr/bin/python2 (found suitable version "2.7.17", minimum required is "2") 
[0.933s] -- Using PYTHON_EXECUTABLE: /usr/bin/python2
[0.933s] -- Using Debian Python package layout
[0.933s] -- Using empy: /usr/bin/empy
[1.086s] -- Using CATKIN_ENABLE_TESTING: ON
[1.086s] -- Call enable_testing()
[1.088s] -- Using CATKIN_TEST_RESULTS_DIR: /home/agilex/autoware.ai/build/autoware_rviz_plugins/test_results
[1.106s] -- Found gtest sources under '/usr/src/googletest': gtests will be built
[1.106s] -- Found gmock sources under '/usr/src/googletest': gmock will be built
[1.117s] -- Found PythonInterp: /usr/bin/python2 (found version "2.7.17") 
[1.124s] -- Looking for pthread.h
[1.181s] -- Looking for pthread.h - found
[1.181s] -- Looking for pthread_create
[1.243s] -- Looking for pthread_create - not found
[1.244s] -- Looking for pthread_create in pthreads
[1.290s] -- Looking for pthread_create in pthreads - not found
[1.290s] -- Looking for pthread_create in pthread
[1.345s] -- Looking for pthread_create in pthread - found
[1.346s] -- Found Threads: TRUE  
[1.351s] -- Using Python nosetests: /usr/bin/nosetests-2.7
[1.395s] -- catkin 0.7.29
[1.395s] -- BUILD_SHARED_LIBS is on
[1.612s] -- Using these message generators: gencpp;geneus;genlisp;gennodejs;genpy
[1.799s] -- Using Qt5 based on the rviz_QT_VERSION: 5.9.5
[1.943s] -- Configuring done
[1.977s] -- Generating done
[1.985s] -- Build files have been written to: /home/agilex/autoware.ai/build/autoware_rviz_plugins
[1.992s] Invoked command in '/home/agilex/autoware.ai/build/autoware_rviz_plugins' returned '0': CMAKE_PREFIX_PATH=/home/agilex/autoware.ai/install/autoware_build_flags:${CMAKE_PREFIX_PATH} PKG_CONFIG_PATH=/home/agilex/autoware.ai/install/autoware_build_flags/lib/x86_64-linux-gnu/pkgconfig:/home/agilex/autoware.ai/install/autoware_build_flags/lib/pkgconfig:${PKG_CONFIG_PATH} ROS_PACKAGE_PATH=/home/agilex/autoware.ai/install/autoware_build_flags/share:${ROS_PACKAGE_PATH} /usr/bin/cmake /home/agilex/autoware.ai/src/autoware/visualization/state_panel -DCMAKE_BUILD_TYPE=Release -DCATKIN_INSTALL_INTO_PREFIX_ROOT=0 -DCMAKE_INSTALL_PREFIX=/home/agilex/autoware.ai/install/autoware_rviz_plugins
[1.993s] Invoking command in '/home/agilex/autoware.ai/build/autoware_rviz_plugins': CMAKE_PREFIX_PATH=/home/agilex/autoware.ai/install/autoware_build_flags:${CMAKE_PREFIX_PATH} PKG_CONFIG_PATH=/home/agilex/autoware.ai/install/autoware_build_flags/lib/x86_64-linux-gnu/pkgconfig:/home/agilex/autoware.ai/install/autoware_build_flags/lib/pkgconfig:${PKG_CONFIG_PATH} ROS_PACKAGE_PATH=/home/agilex/autoware.ai/install/autoware_build_flags/share:${ROS_PACKAGE_PATH} /usr/bin/cmake --build /home/agilex/autoware.ai/build/autoware_rviz_plugins -- -j8 -l8
[2.032s] [35m[1mScanning dependencies of target autoware_rviz_plugins_autogen[0m
[2.041s] [ 20%] [34m[1mAutomatic MOC for target autoware_rviz_plugins[0m
[3.231s] [ 20%] Built target autoware_rviz_plugins_autogen
[3.241s] [35m[1mScanning dependencies of target autoware_rviz_plugins[0m
[3.282s] [ 40%] [32mBuilding CXX object CMakeFiles/autoware_rviz_plugins.dir/src/state_panel/state_panel.cpp.o[0m
[6.475s] [ 60%] [32mBuilding CXX object CMakeFiles/autoware_rviz_plugins.dir/autoware_rviz_plugins_autogen/mocs_compilation.cpp.o[0m
[8.551s] [ 80%] [32mBuilding CXX object CMakeFiles/autoware_rviz_plugins.dir/src/sim_object/autoware_flag_tool.cpp.o[0m
[16.121s] [100%] [32m[1mLinking CXX shared library devel/lib/libautoware_rviz_plugins.so[0m
[16.691s] [100%] Built target autoware_rviz_plugins
[16.708s] Invoked command in '/home/agilex/autoware.ai/build/autoware_rviz_plugins' returned '0': CMAKE_PREFIX_PATH=/home/agilex/autoware.ai/install/autoware_build_flags:${CMAKE_PREFIX_PATH} PKG_CONFIG_PATH=/home/agilex/autoware.ai/install/autoware_build_flags/lib/x86_64-linux-gnu/pkgconfig:/home/agilex/autoware.ai/install/autoware_build_flags/lib/pkgconfig:${PKG_CONFIG_PATH} ROS_PACKAGE_PATH=/home/agilex/autoware.ai/install/autoware_build_flags/share:${ROS_PACKAGE_PATH} /usr/bin/cmake --build /home/agilex/autoware.ai/build/autoware_rviz_plugins -- -j8 -l8
[16.901s] Invoking command in '/home/agilex/autoware.ai/build/autoware_rviz_plugins': CMAKE_PREFIX_PATH=/home/agilex/autoware.ai/install/autoware_build_flags:${CMAKE_PREFIX_PATH} PKG_CONFIG_PATH=/home/agilex/autoware.ai/install/autoware_build_flags/lib/x86_64-linux-gnu/pkgconfig:/home/agilex/autoware.ai/install/autoware_build_flags/lib/pkgconfig:${PKG_CONFIG_PATH} ROS_PACKAGE_PATH=/home/agilex/autoware.ai/install/autoware_build_flags/share:${ROS_PACKAGE_PATH} /usr/bin/cmake --build /home/agilex/autoware.ai/build/autoware_rviz_plugins --target tests -- -j8 -l8
[16.958s] [35m[1mScanning dependencies of target tests[0m
[16.974s] Built target tests
[16.991s] Invoked command in '/home/agilex/autoware.ai/build/autoware_rviz_plugins' returned '0': CMAKE_PREFIX_PATH=/home/agilex/autoware.ai/install/autoware_build_flags:${CMAKE_PREFIX_PATH} PKG_CONFIG_PATH=/home/agilex/autoware.ai/install/autoware_build_flags/lib/x86_64-linux-gnu/pkgconfig:/home/agilex/autoware.ai/install/autoware_build_flags/lib/pkgconfig:${PKG_CONFIG_PATH} ROS_PACKAGE_PATH=/home/agilex/autoware.ai/install/autoware_build_flags/share:${ROS_PACKAGE_PATH} /usr/bin/cmake --build /home/agilex/autoware.ai/build/autoware_rviz_plugins --target tests -- -j8 -l8
[17.132s] Invoking command in '/home/agilex/autoware.ai/build/autoware_rviz_plugins': CMAKE_PREFIX_PATH=/home/agilex/autoware.ai/install/autoware_build_flags:${CMAKE_PREFIX_PATH} PKG_CONFIG_PATH=/home/agilex/autoware.ai/install/autoware_build_flags/lib/x86_64-linux-gnu/pkgconfig:/home/agilex/autoware.ai/install/autoware_build_flags/lib/pkgconfig:${PKG_CONFIG_PATH} ROS_PACKAGE_PATH=/home/agilex/autoware.ai/install/autoware_build_flags/share:${ROS_PACKAGE_PATH} /usr/bin/cmake --build /home/agilex/autoware.ai/build/autoware_rviz_plugins --target install -- -j8 -l8
[17.176s] [ 20%] [34m[1mAutomatic MOC for target autoware_rviz_plugins[0m
[17.195s] [ 20%] Built target autoware_rviz_plugins_autogen
[17.225s] [100%] Built target autoware_rviz_plugins
[17.245s] [36mInstall the project...[0m
[17.252s] -- Install configuration: "Release"
[17.252s] -- Installing: /home/agilex/autoware.ai/install/autoware_rviz_plugins/lib/pkgconfig/autoware_rviz_plugins.pc
[17.253s] -- Installing: /home/agilex/autoware.ai/install/autoware_rviz_plugins/share/autoware_rviz_plugins/cmake/autoware_rviz_pluginsConfig.cmake
[17.253s] -- Installing: /home/agilex/autoware.ai/install/autoware_rviz_plugins/share/autoware_rviz_plugins/cmake/autoware_rviz_pluginsConfig-version.cmake
[17.253s] -- Installing: /home/agilex/autoware.ai/install/autoware_rviz_plugins/share/autoware_rviz_plugins/package.xml
[17.253s] -- Installing: /home/agilex/autoware.ai/install/autoware_rviz_plugins/lib/libautoware_rviz_plugins.so
[17.256s] -- Set runtime path of "/home/agilex/autoware.ai/install/autoware_rviz_plugins/lib/libautoware_rviz_plugins.so" to ""
[17.256s] -- Installing: /home/agilex/autoware.ai/install/autoware_rviz_plugins/share/autoware_rviz_plugins/media
[17.256s] -- Installing: /home/agilex/autoware.ai/install/autoware_rviz_plugins/share/autoware_rviz_plugins/media/flag.dae
[17.256s] -- Installing: /home/agilex/autoware.ai/install/autoware_rviz_plugins/share/autoware_rviz_plugins/icons
[17.256s] -- Installing: /home/agilex/autoware.ai/install/autoware_rviz_plugins/share/autoware_rviz_plugins/icons/classes
[17.257s] -- Installing: /home/agilex/autoware.ai/install/autoware_rviz_plugins/share/autoware_rviz_plugins/icons/classes/OpFlag.png
[17.257s] -- Installing: /home/agilex/autoware.ai/install/autoware_rviz_plugins/share/autoware_rviz_plugins/plugin_description.xml
[17.259s] Invoked command in '/home/agilex/autoware.ai/build/autoware_rviz_plugins' returned '0': CMAKE_PREFIX_PATH=/home/agilex/autoware.ai/install/autoware_build_flags:${CMAKE_PREFIX_PATH} PKG_CONFIG_PATH=/home/agilex/autoware.ai/install/autoware_build_flags/lib/x86_64-linux-gnu/pkgconfig:/home/agilex/autoware.ai/install/autoware_build_flags/lib/pkgconfig:${PKG_CONFIG_PATH} ROS_PACKAGE_PATH=/home/agilex/autoware.ai/install/autoware_build_flags/share:${ROS_PACKAGE_PATH} /usr/bin/cmake --build /home/agilex/autoware.ai/build/autoware_rviz_plugins --target install -- -j8 -l8
