[0.015s] Invoking command in '/home/agilex/autoware.ai/build/kitti_box_publisher': CMAKE_PREFIX_PATH=/home/agilex/autoware.ai/install/autoware_msgs:${CMAKE_PREFIX_PATH} PKG_CONFIG_PATH=/home/agilex/autoware.ai/install/autoware_msgs/lib/x86_64-linux-gnu/pkgconfig:/home/agilex/autoware.ai/install/autoware_msgs/lib/pkgconfig:${PKG_CONFIG_PATH} PYTHONPATH=/home/agilex/autoware.ai/install/autoware_msgs/lib/python2.7/dist-packages:${PYTHONPATH} ROS_PACKAGE_PATH=/home/agilex/autoware.ai/install/autoware_msgs/share:${ROS_PACKAGE_PATH} /usr/bin/cmake /home/agilex/autoware.ai/src/autoware/utilities/kitti_box_publisher -DCMAKE_BUILD_TYPE=Release -DCATKIN_INSTALL_INTO_PREFIX_ROOT=0 -DCMAKE_INSTALL_PREFIX=/home/agilex/autoware.ai/install/kitti_box_publisher
[0.068s] -- The C compiler identification is GNU 7.5.0
[0.124s] -- The CXX compiler identification is GNU 7.5.0
[0.129s] -- Check for working C compiler: /usr/bin/cc
[0.182s] -- Check for working C compiler: /usr/bin/cc -- works
[0.183s] -- Detecting C compiler ABI info
[0.241s] -- Detecting C compiler ABI info - done
[0.249s] -- Detecting C compile features
[0.418s] -- Detecting C compile features - done
[0.421s] -- Check for working CXX compiler: /usr/bin/c++
[0.489s] -- Check for working CXX compiler: /usr/bin/c++ -- works
[0.489s] -- Detecting CXX compiler ABI info
[0.554s] -- Detecting CXX compiler ABI info - done
[0.562s] -- Detecting CXX compile features
[0.854s] -- Detecting CXX compile features - done
[0.907s] -- Using CATKIN_DEVEL_PREFIX: /home/agilex/autoware.ai/build/kitti_box_publisher/devel
[0.907s] -- Using CMAKE_PREFIX_PATH: /home/agilex/autoware.ai/install/autoware_msgs;/opt/ros/melodic
[0.908s] -- This workspace overlays: /home/agilex/autoware.ai/install/autoware_msgs;/opt/ros/melodic
[0.921s] -- Found PythonInterp: /usr/bin/python2 (found suitable version "2.7.17", minimum required is "2") 
[0.921s] -- Using PYTHON_EXECUTABLE: /usr/bin/python2
[0.922s] -- Using Debian Python package layout
[0.922s] -- Using empy: /usr/bin/empy
[1.074s] -- Using CATKIN_ENABLE_TESTING: ON
[1.074s] -- Call enable_testing()
[1.076s] -- Using CATKIN_TEST_RESULTS_DIR: /home/agilex/autoware.ai/build/kitti_box_publisher/test_results
[1.093s] -- Found gtest sources under '/usr/src/googletest': gtests will be built
[1.093s] -- Found gmock sources under '/usr/src/googletest': gmock will be built
[1.105s] -- Found PythonInterp: /usr/bin/python2 (found version "2.7.17") 
[1.107s] -- Looking for pthread.h
[1.164s] -- Looking for pthread.h - found
[1.165s] -- Looking for pthread_create
[1.223s] -- Looking for pthread_create - not found
[1.224s] -- Looking for pthread_create in pthreads
[1.269s] -- Looking for pthread_create in pthreads - not found
[1.269s] -- Looking for pthread_create in pthread
[1.324s] -- Looking for pthread_create in pthread - found
[1.325s] -- Found Threads: TRUE  
[1.329s] -- Using Python nosetests: /usr/bin/nosetests-2.7
[1.370s] -- catkin 0.7.29
[1.370s] -- BUILD_SHARED_LIBS is on
[1.457s] -- Using these message generators: gencpp;geneus;genlisp;gennodejs;genpy
[1.632s] -- Configuring done
[1.650s] -- Generating done
[1.655s] -- Build files have been written to: /home/agilex/autoware.ai/build/kitti_box_publisher
[1.662s] Invoked command in '/home/agilex/autoware.ai/build/kitti_box_publisher' returned '0': CMAKE_PREFIX_PATH=/home/agilex/autoware.ai/install/autoware_msgs:${CMAKE_PREFIX_PATH} PKG_CONFIG_PATH=/home/agilex/autoware.ai/install/autoware_msgs/lib/x86_64-linux-gnu/pkgconfig:/home/agilex/autoware.ai/install/autoware_msgs/lib/pkgconfig:${PKG_CONFIG_PATH} PYTHONPATH=/home/agilex/autoware.ai/install/autoware_msgs/lib/python2.7/dist-packages:${PYTHONPATH} ROS_PACKAGE_PATH=/home/agilex/autoware.ai/install/autoware_msgs/share:${ROS_PACKAGE_PATH} /usr/bin/cmake /home/agilex/autoware.ai/src/autoware/utilities/kitti_box_publisher -DCMAKE_BUILD_TYPE=Release -DCATKIN_INSTALL_INTO_PREFIX_ROOT=0 -DCMAKE_INSTALL_PREFIX=/home/agilex/autoware.ai/install/kitti_box_publisher
[1.663s] Invoking command in '/home/agilex/autoware.ai/build/kitti_box_publisher': CMAKE_PREFIX_PATH=/home/agilex/autoware.ai/install/autoware_msgs:${CMAKE_PREFIX_PATH} PKG_CONFIG_PATH=/home/agilex/autoware.ai/install/autoware_msgs/lib/x86_64-linux-gnu/pkgconfig:/home/agilex/autoware.ai/install/autoware_msgs/lib/pkgconfig:${PKG_CONFIG_PATH} PYTHONPATH=/home/agilex/autoware.ai/install/autoware_msgs/lib/python2.7/dist-packages:${PYTHONPATH} ROS_PACKAGE_PATH=/home/agilex/autoware.ai/install/autoware_msgs/share:${ROS_PACKAGE_PATH} /usr/bin/cmake --build /home/agilex/autoware.ai/build/kitti_box_publisher -- -j8 -l8
[1.702s] Invoked command in '/home/agilex/autoware.ai/build/kitti_box_publisher' returned '0': CMAKE_PREFIX_PATH=/home/agilex/autoware.ai/install/autoware_msgs:${CMAKE_PREFIX_PATH} PKG_CONFIG_PATH=/home/agilex/autoware.ai/install/autoware_msgs/lib/x86_64-linux-gnu/pkgconfig:/home/agilex/autoware.ai/install/autoware_msgs/lib/pkgconfig:${PKG_CONFIG_PATH} PYTHONPATH=/home/agilex/autoware.ai/install/autoware_msgs/lib/python2.7/dist-packages:${PYTHONPATH} ROS_PACKAGE_PATH=/home/agilex/autoware.ai/install/autoware_msgs/share:${ROS_PACKAGE_PATH} /usr/bin/cmake --build /home/agilex/autoware.ai/build/kitti_box_publisher -- -j8 -l8
[1.745s] Invoking command in '/home/agilex/autoware.ai/build/kitti_box_publisher': CMAKE_PREFIX_PATH=/home/agilex/autoware.ai/install/autoware_msgs:${CMAKE_PREFIX_PATH} PKG_CONFIG_PATH=/home/agilex/autoware.ai/install/autoware_msgs/lib/x86_64-linux-gnu/pkgconfig:/home/agilex/autoware.ai/install/autoware_msgs/lib/pkgconfig:${PKG_CONFIG_PATH} PYTHONPATH=/home/agilex/autoware.ai/install/autoware_msgs/lib/python2.7/dist-packages:${PYTHONPATH} ROS_PACKAGE_PATH=/home/agilex/autoware.ai/install/autoware_msgs/share:${ROS_PACKAGE_PATH} /usr/bin/cmake --build /home/agilex/autoware.ai/build/kitti_box_publisher --target tests -- -j8 -l8
[1.791s] [35m[1mScanning dependencies of target tests[0m
[1.801s] Built target tests
[1.813s] Invoked command in '/home/agilex/autoware.ai/build/kitti_box_publisher' returned '0': CMAKE_PREFIX_PATH=/home/agilex/autoware.ai/install/autoware_msgs:${CMAKE_PREFIX_PATH} PKG_CONFIG_PATH=/home/agilex/autoware.ai/install/autoware_msgs/lib/x86_64-linux-gnu/pkgconfig:/home/agilex/autoware.ai/install/autoware_msgs/lib/pkgconfig:${PKG_CONFIG_PATH} PYTHONPATH=/home/agilex/autoware.ai/install/autoware_msgs/lib/python2.7/dist-packages:${PYTHONPATH} ROS_PACKAGE_PATH=/home/agilex/autoware.ai/install/autoware_msgs/share:${ROS_PACKAGE_PATH} /usr/bin/cmake --build /home/agilex/autoware.ai/build/kitti_box_publisher --target tests -- -j8 -l8
[1.859s] Invoking command in '/home/agilex/autoware.ai/build/kitti_box_publisher': CMAKE_PREFIX_PATH=/home/agilex/autoware.ai/install/autoware_msgs:${CMAKE_PREFIX_PATH} PKG_CONFIG_PATH=/home/agilex/autoware.ai/install/autoware_msgs/lib/x86_64-linux-gnu/pkgconfig:/home/agilex/autoware.ai/install/autoware_msgs/lib/pkgconfig:${PKG_CONFIG_PATH} PYTHONPATH=/home/agilex/autoware.ai/install/autoware_msgs/lib/python2.7/dist-packages:${PYTHONPATH} ROS_PACKAGE_PATH=/home/agilex/autoware.ai/install/autoware_msgs/share:${ROS_PACKAGE_PATH} /usr/bin/cmake --build /home/agilex/autoware.ai/build/kitti_box_publisher --target install -- -j8 -l8
[1.904s] [36mInstall the project...[0m
[1.912s] -- Install configuration: "Release"
[1.912s] -- Installing: /home/agilex/autoware.ai/install/kitti_box_publisher/lib/pkgconfig/kitti_box_publisher.pc
[1.913s] -- Installing: /home/agilex/autoware.ai/install/kitti_box_publisher/share/kitti_box_publisher/cmake/kitti_box_publisherConfig.cmake
[1.913s] -- Installing: /home/agilex/autoware.ai/install/kitti_box_publisher/share/kitti_box_publisher/cmake/kitti_box_publisherConfig-version.cmake
[1.913s] -- Installing: /home/agilex/autoware.ai/install/kitti_box_publisher/share/kitti_box_publisher/package.xml
[1.914s] -- Installing: /home/agilex/autoware.ai/install/kitti_box_publisher/lib/kitti_box_publisher/kitti_box_publisher.py
[1.918s] Invoked command in '/home/agilex/autoware.ai/build/kitti_box_publisher' returned '0': CMAKE_PREFIX_PATH=/home/agilex/autoware.ai/install/autoware_msgs:${CMAKE_PREFIX_PATH} PKG_CONFIG_PATH=/home/agilex/autoware.ai/install/autoware_msgs/lib/x86_64-linux-gnu/pkgconfig:/home/agilex/autoware.ai/install/autoware_msgs/lib/pkgconfig:${PKG_CONFIG_PATH} PYTHONPATH=/home/agilex/autoware.ai/install/autoware_msgs/lib/python2.7/dist-packages:${PYTHONPATH} ROS_PACKAGE_PATH=/home/agilex/autoware.ai/install/autoware_msgs/share:${ROS_PACKAGE_PATH} /usr/bin/cmake --build /home/agilex/autoware.ai/build/kitti_box_publisher --target install -- -j8 -l8
