Determining if the pthread_create exist failed with the following output:
Change Dir: /home/agilex/autoware.ai/build/lidar_euclidean_cluster_detect/CMakeFiles/CMakeTmp

Run Build Command:"/usr/bin/make" "cmTC_8526c/fast"
/usr/bin/make -f CMakeFiles/cmTC_8526c.dir/build.make CMakeFiles/cmTC_8526c.dir/build
make[1]: Entering directory '/home/agilex/autoware.ai/build/lidar_euclidean_cluster_detect/CMakeFiles/CMakeTmp'
Building C object CMakeFiles/cmTC_8526c.dir/CheckSymbolExists.c.o
/usr/bin/cc    -o CMakeFiles/cmTC_8526c.dir/CheckSymbolExists.c.o   -c /home/agilex/autoware.ai/build/lidar_euclidean_cluster_detect/CMakeFiles/CMakeTmp/CheckSymbolExists.c
Linking C executable cmTC_8526c
/usr/bin/cmake -E cmake_link_script CMakeFiles/cmTC_8526c.dir/link.txt --verbose=1
/usr/bin/cc      -rdynamic CMakeFiles/cmTC_8526c.dir/CheckSymbolExists.c.o  -o cmTC_8526c 
CMakeFiles/cmTC_8526c.dir/CheckSymbolExists.c.o: In function `main':
CheckSymbolExists.c:(.text+0x1b): undefined reference to `pthread_create'
collect2: error: ld returned 1 exit status
CMakeFiles/cmTC_8526c.dir/build.make:97: recipe for target 'cmTC_8526c' failed
make[1]: *** [cmTC_8526c] Error 1
make[1]: Leaving directory '/home/agilex/autoware.ai/build/lidar_euclidean_cluster_detect/CMakeFiles/CMakeTmp'
Makefile:126: recipe for target 'cmTC_8526c/fast' failed
make: *** [cmTC_8526c/fast] Error 2

File /home/agilex/autoware.ai/build/lidar_euclidean_cluster_detect/CMakeFiles/CMakeTmp/CheckSymbolExists.c:
/* */
#include <pthread.h>

int main(int argc, char** argv)
{
  (void)argv;
#ifndef pthread_create
  return ((int*)(&pthread_create))[argc];
#else
  (void)argc;
  return 0;
#endif
}

Determining if the function pthread_create exists in the pthreads failed with the following output:
Change Dir: /home/agilex/autoware.ai/build/lidar_euclidean_cluster_detect/CMakeFiles/CMakeTmp

Run Build Command:"/usr/bin/make" "cmTC_d2a0a/fast"
/usr/bin/make -f CMakeFiles/cmTC_d2a0a.dir/build.make CMakeFiles/cmTC_d2a0a.dir/build
make[1]: Entering directory '/home/agilex/autoware.ai/build/lidar_euclidean_cluster_detect/CMakeFiles/CMakeTmp'
Building C object CMakeFiles/cmTC_d2a0a.dir/CheckFunctionExists.c.o
/usr/bin/cc   -DCHECK_FUNCTION_EXISTS=pthread_create   -o CMakeFiles/cmTC_d2a0a.dir/CheckFunctionExists.c.o   -c /usr/share/cmake-3.10/Modules/CheckFunctionExists.c
Linking C executable cmTC_d2a0a
/usr/bin/cmake -E cmake_link_script CMakeFiles/cmTC_d2a0a.dir/link.txt --verbose=1
/usr/bin/cc  -DCHECK_FUNCTION_EXISTS=pthread_create    -rdynamic CMakeFiles/cmTC_d2a0a.dir/CheckFunctionExists.c.o  -o cmTC_d2a0a -lpthreads 
/usr/bin/ld: cannot find -lpthreads
collect2: error: ld returned 1 exit status
CMakeFiles/cmTC_d2a0a.dir/build.make:97: recipe for target 'cmTC_d2a0a' failed
make[1]: *** [cmTC_d2a0a] Error 1
make[1]: Leaving directory '/home/agilex/autoware.ai/build/lidar_euclidean_cluster_detect/CMakeFiles/CMakeTmp'
Makefile:126: recipe for target 'cmTC_d2a0a/fast' failed
make: *** [cmTC_d2a0a/fast] Error 2


