[0.055s] Invoking command in '/home/agilex/autoware.ai/build/dp_planner': CMAKE_PREFIX_PATH=/home/agilex/autoware.ai/install/op_simu:/home/agilex/autoware.ai/install/op_planner:/home/agilex/autoware.ai/install/op_utility:/home/agilex/autoware.ai/install/waypoint_follower:/home/agilex/autoware.ai/install/vector_map_server:/home/agilex/autoware.ai/install/map_file:/home/agilex/autoware.ai/install/vector_map:/home/agilex/autoware.ai/install/autoware_health_checker:/home/agilex/autoware.ai/install/amathutils_lib:/home/agilex/autoware.ai/install/vector_map_msgs:/home/agilex/autoware.ai/install/tablet_socket_msgs:/home/agilex/autoware.ai/install/autoware_system_msgs:/home/agilex/autoware.ai/install/autoware_msgs:/home/agilex/autoware.ai/install/autoware_config_msgs:/home/agilex/autoware.ai/install/autoware_can_msgs:/home/agilex/autoware.ai/install/autoware_build_flags:${CMAKE_PREFIX_PATH} LD_LIBRARY_PATH=/home/agilex/autoware.ai/install/op_simu/lib:/home/agilex/autoware.ai/install/op_planner/lib:/home/agilex/autoware.ai/install/op_utility/lib:/home/agilex/autoware.ai/install/waypoint_follower/lib:/home/agilex/autoware.ai/install/map_file/lib:/home/agilex/autoware.ai/install/vector_map/lib:/home/agilex/autoware.ai/install/autoware_health_checker/lib:/home/agilex/autoware.ai/install/amathutils_lib/lib:${LD_LIBRARY_PATH} PKG_CONFIG_PATH=/home/agilex/autoware.ai/install/op_simu/lib/x86_64-linux-gnu/pkgconfig:/home/agilex/autoware.ai/install/op_simu/lib/pkgconfig:/home/agilex/autoware.ai/install/op_planner/lib/x86_64-linux-gnu/pkgconfig:/home/agilex/autoware.ai/install/op_planner/lib/pkgconfig:/home/agilex/autoware.ai/install/op_utility/lib/x86_64-linux-gnu/pkgconfig:/home/agilex/autoware.ai/install/op_utility/lib/pkgconfig:/home/agilex/autoware.ai/install/waypoint_follower/lib/x86_64-linux-gnu/pkgconfig:/home/agilex/autoware.ai/install/waypoint_follower/lib/pkgconfig:/home/agilex/autoware.ai/install/vector_map_server/lib/x86_64-linux-gnu/pkgconfig:/home/agilex/autoware.ai/install/vector_map_server/lib/pkgconfig:/home/agilex/autoware.ai/install/map_file/lib/x86_64-linux-gnu/pkgconfig:/home/agilex/autoware.ai/install/map_file/lib/pkgconfig:/home/agilex/autoware.ai/install/vector_map/lib/x86_64-linux-gnu/pkgconfig:/home/agilex/autoware.ai/install/vector_map/lib/pkgconfig:/home/agilex/autoware.ai/install/autoware_health_checker/lib/x86_64-linux-gnu/pkgconfig:/home/agilex/autoware.ai/install/autoware_health_checker/lib/pkgconfig:/home/agilex/autoware.ai/install/amathutils_lib/lib/x86_64-linux-gnu/pkgconfig:/home/agilex/autoware.ai/install/amathutils_lib/lib/pkgconfig:/home/agilex/autoware.ai/install/vector_map_msgs/lib/x86_64-linux-gnu/pkgconfig:/home/agilex/autoware.ai/install/vector_map_msgs/lib/pkgconfig:/home/agilex/autoware.ai/install/tablet_socket_msgs/lib/x86_64-linux-gnu/pkgconfig:/home/agilex/autoware.ai/install/tablet_socket_msgs/lib/pkgconfig:/home/agilex/autoware.ai/install/autoware_system_msgs/lib/x86_64-linux-gnu/pkgconfig:/home/agilex/autoware.ai/install/autoware_system_msgs/lib/pkgconfig:/home/agilex/autoware.ai/install/autoware_msgs/lib/x86_64-linux-gnu/pkgconfig:/home/agilex/autoware.ai/install/autoware_msgs/lib/pkgconfig:/home/agilex/autoware.ai/install/autoware_config_msgs/lib/x86_64-linux-gnu/pkgconfig:/home/agilex/autoware.ai/install/autoware_config_msgs/lib/pkgconfig:/home/agilex/autoware.ai/install/autoware_can_msgs/lib/x86_64-linux-gnu/pkgconfig:/home/agilex/autoware.ai/install/autoware_can_msgs/lib/pkgconfig:/home/agilex/autoware.ai/install/autoware_build_flags/lib/x86_64-linux-gnu/pkgconfig:/home/agilex/autoware.ai/install/autoware_build_flags/lib/pkgconfig:${PKG_CONFIG_PATH} PYTHONPATH=/home/agilex/autoware.ai/install/vector_map_server/lib/python2.7/dist-packages:/home/agilex/autoware.ai/install/vector_map_msgs/lib/python2.7/dist-packages:/home/agilex/autoware.ai/install/tablet_socket_msgs/lib/python2.7/dist-packages:/home/agilex/autoware.ai/install/autoware_system_msgs/lib/python2.7/dist-packages:/home/agilex/autoware.ai/install/autoware_msgs/lib/python2.7/dist-packages:/home/agilex/autoware.ai/install/autoware_config_msgs/lib/python2.7/dist-packages:/home/agilex/autoware.ai/install/autoware_can_msgs/lib/python2.7/dist-packages:${PYTHONPATH} ROS_PACKAGE_PATH=/home/agilex/autoware.ai/install/op_simu/share:/home/agilex/autoware.ai/install/op_planner/share:/home/agilex/autoware.ai/install/op_utility/share:/home/agilex/autoware.ai/install/waypoint_follower/share:/home/agilex/autoware.ai/install/vector_map_server/share:/home/agilex/autoware.ai/install/map_file/share:/home/agilex/autoware.ai/install/vector_map/share:/home/agilex/autoware.ai/install/autoware_health_checker/share:/home/agilex/autoware.ai/install/amathutils_lib/share:/home/agilex/autoware.ai/install/vector_map_msgs/share:/home/agilex/autoware.ai/install/tablet_socket_msgs/share:/home/agilex/autoware.ai/install/autoware_system_msgs/share:/home/agilex/autoware.ai/install/autoware_msgs/share:/home/agilex/autoware.ai/install/autoware_config_msgs/share:/home/agilex/autoware.ai/install/autoware_can_msgs/share:/home/agilex/autoware.ai/install/autoware_build_flags/share:${ROS_PACKAGE_PATH} /usr/bin/cmake /home/agilex/autoware.ai/src/autoware/core_planning/dp_planner -DCMAKE_BUILD_TYPE=Release -DCATKIN_INSTALL_INTO_PREFIX_ROOT=0 -DCMAKE_INSTALL_PREFIX=/home/agilex/autoware.ai/install/dp_planner
[0.209s] -- The C compiler identification is GNU 7.5.0
[0.322s] -- The CXX compiler identification is GNU 7.5.0
[0.338s] -- Check for working C compiler: /usr/bin/cc
[0.509s] -- Check for working C compiler: /usr/bin/cc -- works
[0.509s] -- Detecting C compiler ABI info
[0.675s] -- Detecting C compiler ABI info - done
[0.683s] -- Detecting C compile features
[1.046s] -- Detecting C compile features - done
[1.050s] -- Check for working CXX compiler: /usr/bin/c++
[1.130s] -- Check for working CXX compiler: /usr/bin/c++ -- works
[1.131s] -- Detecting CXX compiler ABI info
[1.207s] -- Detecting CXX compiler ABI info - done
[1.215s] -- Detecting CXX compile features
[1.557s] -- Detecting CXX compile features - done
[1.560s] -- CUDA compilation status: .
[1.608s] -- Found OpenCV: /usr (found version "3.2.0") 
[1.610s] -- Using CATKIN_DEVEL_PREFIX: /home/agilex/autoware.ai/build/dp_planner/devel
[1.611s] -- Using CMAKE_PREFIX_PATH: /home/agilex/autoware.ai/install/op_simu;/home/agilex/autoware.ai/install/op_planner;/home/agilex/autoware.ai/install/op_utility;/home/agilex/autoware.ai/install/waypoint_follower;/home/agilex/autoware.ai/install/vector_map_server;/home/agilex/autoware.ai/install/map_file;/home/agilex/autoware.ai/install/vector_map;/home/agilex/autoware.ai/install/autoware_health_checker;/home/agilex/autoware.ai/install/amathutils_lib;/home/agilex/autoware.ai/install/vector_map_msgs;/home/agilex/autoware.ai/install/tablet_socket_msgs;/home/agilex/autoware.ai/install/autoware_system_msgs;/home/agilex/autoware.ai/install/autoware_msgs;/home/agilex/autoware.ai/install/autoware_config_msgs;/home/agilex/autoware.ai/install/autoware_can_msgs;/home/agilex/autoware.ai/install/autoware_build_flags;/opt/ros/melodic
[1.612s] -- This workspace overlays: /home/agilex/autoware.ai/install/op_simu;/home/agilex/autoware.ai/install/op_planner;/home/agilex/autoware.ai/install/op_utility;/home/agilex/autoware.ai/install/waypoint_follower;/home/agilex/autoware.ai/install/vector_map_server;/home/agilex/autoware.ai/install/map_file;/home/agilex/autoware.ai/install/vector_map;/home/agilex/autoware.ai/install/autoware_health_checker;/home/agilex/autoware.ai/install/amathutils_lib;/home/agilex/autoware.ai/install/vector_map_msgs;/home/agilex/autoware.ai/install/tablet_socket_msgs;/home/agilex/autoware.ai/install/autoware_system_msgs;/home/agilex/autoware.ai/install/autoware_msgs;/home/agilex/autoware.ai/install/autoware_config_msgs;/home/agilex/autoware.ai/install/autoware_can_msgs;/home/agilex/autoware.ai/install/autoware_build_flags;/opt/ros/melodic
[1.627s] -- Found PythonInterp: /usr/bin/python2 (found suitable version "2.7.17", minimum required is "2") 
[1.627s] -- Using PYTHON_EXECUTABLE: /usr/bin/python2
[1.628s] -- Using Debian Python package layout
[1.628s] -- Using empy: /usr/bin/empy
[1.785s] -- Using CATKIN_ENABLE_TESTING: ON
[1.785s] -- Call enable_testing()
[1.787s] -- Using CATKIN_TEST_RESULTS_DIR: /home/agilex/autoware.ai/build/dp_planner/test_results
[1.810s] -- Found gtest sources under '/usr/src/googletest': gtests will be built
[1.810s] -- Found gmock sources under '/usr/src/googletest': gmock will be built
[1.827s] -- Found PythonInterp: /usr/bin/python2 (found version "2.7.17") 
[1.829s] -- Looking for pthread.h
[1.895s] -- Looking for pthread.h - found
[1.895s] -- Looking for pthread_create
[1.967s] -- Looking for pthread_create - not found
[1.972s] -- Looking for pthread_create in pthreads
[2.017s] -- Looking for pthread_create in pthreads - not found
[2.017s] -- Looking for pthread_create in pthread
[2.123s] -- Looking for pthread_create in pthread - found
[2.124s] -- Found Threads: TRUE  
[2.128s] -- Using Python nosetests: /usr/bin/nosetests-2.7
[2.256s] -- catkin 0.7.29
[2.256s] -- BUILD_SHARED_LIBS is on
[3.125s] -- Using these message generators: gencpp;geneus;genlisp;gennodejs;genpy
[4.170s] -- Configuring done
[4.260s] -- Generating done
[4.276s] -- Build files have been written to: /home/agilex/autoware.ai/build/dp_planner
[4.287s] Invoked command in '/home/agilex/autoware.ai/build/dp_planner' returned '0': CMAKE_PREFIX_PATH=/home/agilex/autoware.ai/install/op_simu:/home/agilex/autoware.ai/install/op_planner:/home/agilex/autoware.ai/install/op_utility:/home/agilex/autoware.ai/install/waypoint_follower:/home/agilex/autoware.ai/install/vector_map_server:/home/agilex/autoware.ai/install/map_file:/home/agilex/autoware.ai/install/vector_map:/home/agilex/autoware.ai/install/autoware_health_checker:/home/agilex/autoware.ai/install/amathutils_lib:/home/agilex/autoware.ai/install/vector_map_msgs:/home/agilex/autoware.ai/install/tablet_socket_msgs:/home/agilex/autoware.ai/install/autoware_system_msgs:/home/agilex/autoware.ai/install/autoware_msgs:/home/agilex/autoware.ai/install/autoware_config_msgs:/home/agilex/autoware.ai/install/autoware_can_msgs:/home/agilex/autoware.ai/install/autoware_build_flags:${CMAKE_PREFIX_PATH} LD_LIBRARY_PATH=/home/agilex/autoware.ai/install/op_simu/lib:/home/agilex/autoware.ai/install/op_planner/lib:/home/agilex/autoware.ai/install/op_utility/lib:/home/agilex/autoware.ai/install/waypoint_follower/lib:/home/agilex/autoware.ai/install/map_file/lib:/home/agilex/autoware.ai/install/vector_map/lib:/home/agilex/autoware.ai/install/autoware_health_checker/lib:/home/agilex/autoware.ai/install/amathutils_lib/lib:${LD_LIBRARY_PATH} PKG_CONFIG_PATH=/home/agilex/autoware.ai/install/op_simu/lib/x86_64-linux-gnu/pkgconfig:/home/agilex/autoware.ai/install/op_simu/lib/pkgconfig:/home/agilex/autoware.ai/install/op_planner/lib/x86_64-linux-gnu/pkgconfig:/home/agilex/autoware.ai/install/op_planner/lib/pkgconfig:/home/agilex/autoware.ai/install/op_utility/lib/x86_64-linux-gnu/pkgconfig:/home/agilex/autoware.ai/install/op_utility/lib/pkgconfig:/home/agilex/autoware.ai/install/waypoint_follower/lib/x86_64-linux-gnu/pkgconfig:/home/agilex/autoware.ai/install/waypoint_follower/lib/pkgconfig:/home/agilex/autoware.ai/install/vector_map_server/lib/x86_64-linux-gnu/pkgconfig:/home/agilex/autoware.ai/install/vector_map_server/lib/pkgconfig:/home/agilex/autoware.ai/install/map_file/lib/x86_64-linux-gnu/pkgconfig:/home/agilex/autoware.ai/install/map_file/lib/pkgconfig:/home/agilex/autoware.ai/install/vector_map/lib/x86_64-linux-gnu/pkgconfig:/home/agilex/autoware.ai/install/vector_map/lib/pkgconfig:/home/agilex/autoware.ai/install/autoware_health_checker/lib/x86_64-linux-gnu/pkgconfig:/home/agilex/autoware.ai/install/autoware_health_checker/lib/pkgconfig:/home/agilex/autoware.ai/install/amathutils_lib/lib/x86_64-linux-gnu/pkgconfig:/home/agilex/autoware.ai/install/amathutils_lib/lib/pkgconfig:/home/agilex/autoware.ai/install/vector_map_msgs/lib/x86_64-linux-gnu/pkgconfig:/home/agilex/autoware.ai/install/vector_map_msgs/lib/pkgconfig:/home/agilex/autoware.ai/install/tablet_socket_msgs/lib/x86_64-linux-gnu/pkgconfig:/home/agilex/autoware.ai/install/tablet_socket_msgs/lib/pkgconfig:/home/agilex/autoware.ai/install/autoware_system_msgs/lib/x86_64-linux-gnu/pkgconfig:/home/agilex/autoware.ai/install/autoware_system_msgs/lib/pkgconfig:/home/agilex/autoware.ai/install/autoware_msgs/lib/x86_64-linux-gnu/pkgconfig:/home/agilex/autoware.ai/install/autoware_msgs/lib/pkgconfig:/home/agilex/autoware.ai/install/autoware_config_msgs/lib/x86_64-linux-gnu/pkgconfig:/home/agilex/autoware.ai/install/autoware_config_msgs/lib/pkgconfig:/home/agilex/autoware.ai/install/autoware_can_msgs/lib/x86_64-linux-gnu/pkgconfig:/home/agilex/autoware.ai/install/autoware_can_msgs/lib/pkgconfig:/home/agilex/autoware.ai/install/autoware_build_flags/lib/x86_64-linux-gnu/pkgconfig:/home/agilex/autoware.ai/install/autoware_build_flags/lib/pkgconfig:${PKG_CONFIG_PATH} PYTHONPATH=/home/agilex/autoware.ai/install/vector_map_server/lib/python2.7/dist-packages:/home/agilex/autoware.ai/install/vector_map_msgs/lib/python2.7/dist-packages:/home/agilex/autoware.ai/install/tablet_socket_msgs/lib/python2.7/dist-packages:/home/agilex/autoware.ai/install/autoware_system_msgs/lib/python2.7/dist-packages:/home/agilex/autoware.ai/install/autoware_msgs/lib/python2.7/dist-packages:/home/agilex/autoware.ai/install/autoware_config_msgs/lib/python2.7/dist-packages:/home/agilex/autoware.ai/install/autoware_can_msgs/lib/python2.7/dist-packages:${PYTHONPATH} ROS_PACKAGE_PATH=/home/agilex/autoware.ai/install/op_simu/share:/home/agilex/autoware.ai/install/op_planner/share:/home/agilex/autoware.ai/install/op_utility/share:/home/agilex/autoware.ai/install/waypoint_follower/share:/home/agilex/autoware.ai/install/vector_map_server/share:/home/agilex/autoware.ai/install/map_file/share:/home/agilex/autoware.ai/install/vector_map/share:/home/agilex/autoware.ai/install/autoware_health_checker/share:/home/agilex/autoware.ai/install/amathutils_lib/share:/home/agilex/autoware.ai/install/vector_map_msgs/share:/home/agilex/autoware.ai/install/tablet_socket_msgs/share:/home/agilex/autoware.ai/install/autoware_system_msgs/share:/home/agilex/autoware.ai/install/autoware_msgs/share:/home/agilex/autoware.ai/install/autoware_config_msgs/share:/home/agilex/autoware.ai/install/autoware_can_msgs/share:/home/agilex/autoware.ai/install/autoware_build_flags/share:${ROS_PACKAGE_PATH} /usr/bin/cmake /home/agilex/autoware.ai/src/autoware/core_planning/dp_planner -DCMAKE_BUILD_TYPE=Release -DCATKIN_INSTALL_INTO_PREFIX_ROOT=0 -DCMAKE_INSTALL_PREFIX=/home/agilex/autoware.ai/install/dp_planner
[4.288s] Invoking command in '/home/agilex/autoware.ai/build/dp_planner': CMAKE_PREFIX_PATH=/home/agilex/autoware.ai/install/op_simu:/home/agilex/autoware.ai/install/op_planner:/home/agilex/autoware.ai/install/op_utility:/home/agilex/autoware.ai/install/waypoint_follower:/home/agilex/autoware.ai/install/vector_map_server:/home/agilex/autoware.ai/install/map_file:/home/agilex/autoware.ai/install/vector_map:/home/agilex/autoware.ai/install/autoware_health_checker:/home/agilex/autoware.ai/install/amathutils_lib:/home/agilex/autoware.ai/install/vector_map_msgs:/home/agilex/autoware.ai/install/tablet_socket_msgs:/home/agilex/autoware.ai/install/autoware_system_msgs:/home/agilex/autoware.ai/install/autoware_msgs:/home/agilex/autoware.ai/install/autoware_config_msgs:/home/agilex/autoware.ai/install/autoware_can_msgs:/home/agilex/autoware.ai/install/autoware_build_flags:${CMAKE_PREFIX_PATH} LD_LIBRARY_PATH=/home/agilex/autoware.ai/install/op_simu/lib:/home/agilex/autoware.ai/install/op_planner/lib:/home/agilex/autoware.ai/install/op_utility/lib:/home/agilex/autoware.ai/install/waypoint_follower/lib:/home/agilex/autoware.ai/install/map_file/lib:/home/agilex/autoware.ai/install/vector_map/lib:/home/agilex/autoware.ai/install/autoware_health_checker/lib:/home/agilex/autoware.ai/install/amathutils_lib/lib:${LD_LIBRARY_PATH} PKG_CONFIG_PATH=/home/agilex/autoware.ai/install/op_simu/lib/x86_64-linux-gnu/pkgconfig:/home/agilex/autoware.ai/install/op_simu/lib/pkgconfig:/home/agilex/autoware.ai/install/op_planner/lib/x86_64-linux-gnu/pkgconfig:/home/agilex/autoware.ai/install/op_planner/lib/pkgconfig:/home/agilex/autoware.ai/install/op_utility/lib/x86_64-linux-gnu/pkgconfig:/home/agilex/autoware.ai/install/op_utility/lib/pkgconfig:/home/agilex/autoware.ai/install/waypoint_follower/lib/x86_64-linux-gnu/pkgconfig:/home/agilex/autoware.ai/install/waypoint_follower/lib/pkgconfig:/home/agilex/autoware.ai/install/vector_map_server/lib/x86_64-linux-gnu/pkgconfig:/home/agilex/autoware.ai/install/vector_map_server/lib/pkgconfig:/home/agilex/autoware.ai/install/map_file/lib/x86_64-linux-gnu/pkgconfig:/home/agilex/autoware.ai/install/map_file/lib/pkgconfig:/home/agilex/autoware.ai/install/vector_map/lib/x86_64-linux-gnu/pkgconfig:/home/agilex/autoware.ai/install/vector_map/lib/pkgconfig:/home/agilex/autoware.ai/install/autoware_health_checker/lib/x86_64-linux-gnu/pkgconfig:/home/agilex/autoware.ai/install/autoware_health_checker/lib/pkgconfig:/home/agilex/autoware.ai/install/amathutils_lib/lib/x86_64-linux-gnu/pkgconfig:/home/agilex/autoware.ai/install/amathutils_lib/lib/pkgconfig:/home/agilex/autoware.ai/install/vector_map_msgs/lib/x86_64-linux-gnu/pkgconfig:/home/agilex/autoware.ai/install/vector_map_msgs/lib/pkgconfig:/home/agilex/autoware.ai/install/tablet_socket_msgs/lib/x86_64-linux-gnu/pkgconfig:/home/agilex/autoware.ai/install/tablet_socket_msgs/lib/pkgconfig:/home/agilex/autoware.ai/install/autoware_system_msgs/lib/x86_64-linux-gnu/pkgconfig:/home/agilex/autoware.ai/install/autoware_system_msgs/lib/pkgconfig:/home/agilex/autoware.ai/install/autoware_msgs/lib/x86_64-linux-gnu/pkgconfig:/home/agilex/autoware.ai/install/autoware_msgs/lib/pkgconfig:/home/agilex/autoware.ai/install/autoware_config_msgs/lib/x86_64-linux-gnu/pkgconfig:/home/agilex/autoware.ai/install/autoware_config_msgs/lib/pkgconfig:/home/agilex/autoware.ai/install/autoware_can_msgs/lib/x86_64-linux-gnu/pkgconfig:/home/agilex/autoware.ai/install/autoware_can_msgs/lib/pkgconfig:/home/agilex/autoware.ai/install/autoware_build_flags/lib/x86_64-linux-gnu/pkgconfig:/home/agilex/autoware.ai/install/autoware_build_flags/lib/pkgconfig:${PKG_CONFIG_PATH} PYTHONPATH=/home/agilex/autoware.ai/install/vector_map_server/lib/python2.7/dist-packages:/home/agilex/autoware.ai/install/vector_map_msgs/lib/python2.7/dist-packages:/home/agilex/autoware.ai/install/tablet_socket_msgs/lib/python2.7/dist-packages:/home/agilex/autoware.ai/install/autoware_system_msgs/lib/python2.7/dist-packages:/home/agilex/autoware.ai/install/autoware_msgs/lib/python2.7/dist-packages:/home/agilex/autoware.ai/install/autoware_config_msgs/lib/python2.7/dist-packages:/home/agilex/autoware.ai/install/autoware_can_msgs/lib/python2.7/dist-packages:${PYTHONPATH} ROS_PACKAGE_PATH=/home/agilex/autoware.ai/install/op_simu/share:/home/agilex/autoware.ai/install/op_planner/share:/home/agilex/autoware.ai/install/op_utility/share:/home/agilex/autoware.ai/install/waypoint_follower/share:/home/agilex/autoware.ai/install/vector_map_server/share:/home/agilex/autoware.ai/install/map_file/share:/home/agilex/autoware.ai/install/vector_map/share:/home/agilex/autoware.ai/install/autoware_health_checker/share:/home/agilex/autoware.ai/install/amathutils_lib/share:/home/agilex/autoware.ai/install/vector_map_msgs/share:/home/agilex/autoware.ai/install/tablet_socket_msgs/share:/home/agilex/autoware.ai/install/autoware_system_msgs/share:/home/agilex/autoware.ai/install/autoware_msgs/share:/home/agilex/autoware.ai/install/autoware_config_msgs/share:/home/agilex/autoware.ai/install/autoware_can_msgs/share:/home/agilex/autoware.ai/install/autoware_build_flags/share:${ROS_PACKAGE_PATH} /usr/bin/cmake --build /home/agilex/autoware.ai/build/dp_planner -- -j8 -l8
[4.338s] [35m[1mScanning dependencies of target tf_generate_messages_nodejs[0m
[4.348s] [  0%] Built target tf_generate_messages_nodejs
[4.359s] [35m[1mScanning dependencies of target autoware_system_msgs_generate_messages_cpp[0m
[4.370s] [  0%] Built target autoware_system_msgs_generate_messages_cpp
[4.382s] [35m[1mScanning dependencies of target tablet_socket_msgs_generate_messages_cpp[0m
[4.393s] [  0%] Built target tablet_socket_msgs_generate_messages_cpp
[4.404s] [35m[1mScanning dependencies of target autoware_config_msgs_generate_messages_lisp[0m
[4.415s] [  0%] Built target autoware_config_msgs_generate_messages_lisp
[4.426s] [35m[1mScanning dependencies of target autoware_config_msgs_generate_messages_eus[0m
[4.437s] [  0%] Built target autoware_config_msgs_generate_messages_eus
[4.448s] [35m[1mScanning dependencies of target visualization_msgs_generate_messages_py[0m
[4.460s] [  0%] Built target visualization_msgs_generate_messages_py
[4.471s] [35m[1mScanning dependencies of target tablet_socket_msgs_generate_messages_lisp[0m
[4.482s] [  0%] Built target tablet_socket_msgs_generate_messages_lisp
[4.493s] [35m[1mScanning dependencies of target visualization_msgs_generate_messages_nodejs[0m
[4.504s] [  0%] Built target visualization_msgs_generate_messages_nodejs
[4.515s] [35m[1mScanning dependencies of target autoware_msgs_generate_messages_nodejs[0m
[4.526s] [  0%] Built target autoware_msgs_generate_messages_nodejs
[4.537s] [35m[1mScanning dependencies of target autoware_msgs_generate_messages_lisp[0m
[4.548s] [  0%] Built target autoware_msgs_generate_messages_lisp
[4.559s] [35m[1mScanning dependencies of target autoware_msgs_generate_messages_eus[0m
[4.570s] [  0%] Built target autoware_msgs_generate_messages_eus
[4.582s] [35m[1mScanning dependencies of target autoware_msgs_generate_messages_cpp[0m
[4.593s] [  0%] Built target autoware_msgs_generate_messages_cpp
[4.604s] [35m[1mScanning dependencies of target vector_map_server_generate_messages_nodejs[0m
[4.616s] [  0%] Built target vector_map_server_generate_messages_nodejs
[4.628s] [35m[1mScanning dependencies of target visualization_msgs_generate_messages_eus[0m
[4.644s] [  0%] Built target visualization_msgs_generate_messages_eus
[4.655s] [35m[1mScanning dependencies of target vector_map_server_generate_messages_cpp[0m
[4.666s] [  0%] Built target vector_map_server_generate_messages_cpp
[4.677s] [35m[1mScanning dependencies of target tablet_socket_msgs_generate_messages_py[0m
[4.689s] [  0%] Built target tablet_socket_msgs_generate_messages_py
[4.700s] [35m[1mScanning dependencies of target jsk_footstep_msgs_generate_messages_py[0m
[4.714s] [  0%] Built target jsk_footstep_msgs_generate_messages_py
[4.725s] [35m[1mScanning dependencies of target vector_map_server_generate_messages_lisp[0m
[4.736s] [  0%] Built target vector_map_server_generate_messages_lisp
[4.747s] [35m[1mScanning dependencies of target jsk_footstep_msgs_generate_messages_nodejs[0m
[4.759s] [  0%] Built target jsk_footstep_msgs_generate_messages_nodejs
[4.769s] [35m[1mScanning dependencies of target jsk_footstep_msgs_generate_messages_lisp[0m
[4.780s] [  0%] Built target jsk_footstep_msgs_generate_messages_lisp
[4.791s] [35m[1mScanning dependencies of target jsk_footstep_msgs_generate_messages_eus[0m
[4.805s] [  0%] Built target jsk_footstep_msgs_generate_messages_eus
[4.820s] [35m[1mScanning dependencies of target jsk_recognition_msgs_generate_messages_py[0m
[4.831s] [  0%] Built target jsk_recognition_msgs_generate_messages_py
[4.842s] [35m[1mScanning dependencies of target jsk_recognition_msgs_generate_messages_lisp[0m
[4.856s] [  0%] Built target jsk_recognition_msgs_generate_messages_lisp
[4.868s] [35m[1mScanning dependencies of target jsk_recognition_msgs_generate_messages_eus[0m
[4.880s] [  0%] Built target jsk_recognition_msgs_generate_messages_eus
[4.891s] [35m[1mScanning dependencies of target tf2_msgs_generate_messages_nodejs[0m
[4.902s] [  0%] Built target tf2_msgs_generate_messages_nodejs
[4.916s] [35m[1mScanning dependencies of target tablet_socket_msgs_generate_messages_eus[0m
[4.929s] [  0%] Built target tablet_socket_msgs_generate_messages_eus
[4.940s] [35m[1mScanning dependencies of target visualization_msgs_generate_messages_cpp[0m
[4.951s] [  0%] Built target visualization_msgs_generate_messages_cpp
[4.963s] [35m[1mScanning dependencies of target tf2_msgs_generate_messages_eus[0m
[4.974s] [  0%] Built target tf2_msgs_generate_messages_eus
[4.985s] [35m[1mScanning dependencies of target tf2_msgs_generate_messages_cpp[0m
[4.996s] [  0%] Built target tf2_msgs_generate_messages_cpp
[5.007s] [35m[1mScanning dependencies of target actionlib_msgs_generate_messages_py[0m
[5.022s] [  0%] Built target actionlib_msgs_generate_messages_py
[5.033s] [35m[1mScanning dependencies of target autoware_system_msgs_generate_messages_nodejs[0m
[5.044s] [  0%] Built target autoware_system_msgs_generate_messages_nodejs
[5.055s] [35m[1mScanning dependencies of target actionlib_msgs_generate_messages_lisp[0m
[5.066s] [  0%] Built target actionlib_msgs_generate_messages_lisp
[5.077s] [35m[1mScanning dependencies of target tf2_msgs_generate_messages_py[0m
[5.089s] [  0%] Built target tf2_msgs_generate_messages_py
[5.100s] [35m[1mScanning dependencies of target actionlib_generate_messages_py[0m
[5.111s] [  0%] Built target actionlib_generate_messages_py
[5.126s] [35m[1mScanning dependencies of target actionlib_generate_messages_cpp[0m
[5.138s] [  0%] Built target actionlib_generate_messages_cpp
[5.148s] [35m[1mScanning dependencies of target pcl_msgs_generate_messages_cpp[0m
[5.160s] [  0%] Built target pcl_msgs_generate_messages_cpp
[5.170s] [35m[1mScanning dependencies of target gazebo_msgs_generate_messages_cpp[0m
[5.181s] [  0%] Built target gazebo_msgs_generate_messages_cpp
[5.192s] [35m[1mScanning dependencies of target dynamic_reconfigure_generate_messages_lisp[0m
[5.206s] [  0%] Built target dynamic_reconfigure_generate_messages_lisp
[5.217s] [35m[1mScanning dependencies of target autoware_can_msgs_generate_messages_nodejs[0m
[5.231s] [  0%] Built target autoware_can_msgs_generate_messages_nodejs
[5.242s] [35m[1mScanning dependencies of target autoware_can_msgs_generate_messages_cpp[0m
[5.253s] [  0%] Built target autoware_can_msgs_generate_messages_cpp
[5.264s] [35m[1mScanning dependencies of target gazebo_msgs_generate_messages_py[0m
[5.274s] [  0%] Built target gazebo_msgs_generate_messages_py
[5.285s] [35m[1mScanning dependencies of target geometry_msgs_generate_messages_py[0m
[5.296s] [  0%] Built target geometry_msgs_generate_messages_py
[5.305s] [35m[1mScanning dependencies of target geometry_msgs_generate_messages_lisp[0m
[5.316s] [  0%] Built target geometry_msgs_generate_messages_lisp
[5.326s] [35m[1mScanning dependencies of target actionlib_generate_messages_lisp[0m
[5.340s] [  0%] Built target actionlib_generate_messages_lisp
[5.350s] [35m[1mScanning dependencies of target geometry_msgs_generate_messages_cpp[0m
[5.360s] [  0%] Built target geometry_msgs_generate_messages_cpp
[5.370s] [35m[1mScanning dependencies of target rosgraph_msgs_generate_messages_lisp[0m
[5.380s] [  0%] Built target rosgraph_msgs_generate_messages_lisp
[5.390s] [35m[1mScanning dependencies of target gazebo_msgs_generate_messages_nodejs[0m
[5.400s] [  0%] Built target gazebo_msgs_generate_messages_nodejs
[5.410s] [35m[1mScanning dependencies of target rosgraph_msgs_generate_messages_eus[0m
[5.423s] [  0%] Built target rosgraph_msgs_generate_messages_eus
[5.433s] [35m[1mScanning dependencies of target geometry_msgs_generate_messages_eus[0m
[5.446s] [  0%] Built target geometry_msgs_generate_messages_eus
[5.457s] [35m[1mScanning dependencies of target roscpp_generate_messages_py[0m
[5.470s] [  0%] Built target roscpp_generate_messages_py
[5.481s] [35m[1mScanning dependencies of target bond_generate_messages_eus[0m
[5.492s] [  0%] Built target bond_generate_messages_eus
[5.502s] [35m[1mScanning dependencies of target sensor_msgs_generate_messages_lisp[0m
[5.513s] [  0%] Built target sensor_msgs_generate_messages_lisp
[5.524s] [35m[1mScanning dependencies of target jsk_recognition_msgs_generate_messages_nodejs[0m
[5.533s] [  0%] Built target jsk_recognition_msgs_generate_messages_nodejs
[5.543s] [35m[1mScanning dependencies of target roscpp_generate_messages_lisp[0m
[5.553s] [  0%] Built target roscpp_generate_messages_lisp
[5.563s] [35m[1mScanning dependencies of target std_srvs_generate_messages_eus[0m
[5.573s] [  0%] Built target std_srvs_generate_messages_eus
[5.583s] [35m[1mScanning dependencies of target rosgraph_msgs_generate_messages_cpp[0m
[5.593s] [  0%] Built target rosgraph_msgs_generate_messages_cpp
[5.603s] [35m[1mScanning dependencies of target topic_tools_generate_messages_cpp[0m
[5.615s] [  0%] Built target topic_tools_generate_messages_cpp
[5.626s] [35m[1mScanning dependencies of target autoware_system_msgs_generate_messages_lisp[0m
[5.636s] [  0%] Built target autoware_system_msgs_generate_messages_lisp
[5.646s] [35m[1mScanning dependencies of target vector_map_msgs_generate_messages_lisp[0m
[5.656s] [  0%] Built target vector_map_msgs_generate_messages_lisp
[5.667s] [35m[1mScanning dependencies of target std_srvs_generate_messages_cpp[0m
[5.678s] [  0%] Built target std_srvs_generate_messages_cpp
[5.688s] [35m[1mScanning dependencies of target vector_map_msgs_generate_messages_cpp[0m
[5.698s] [  0%] Built target vector_map_msgs_generate_messages_cpp
[5.709s] [35m[1mScanning dependencies of target vector_map_msgs_generate_messages_eus[0m
[5.722s] [  0%] Built target vector_map_msgs_generate_messages_eus
[5.733s] [35m[1mScanning dependencies of target vector_map_server_generate_messages_py[0m
[5.743s] [  0%] Built target vector_map_server_generate_messages_py
[5.753s] [35m[1mScanning dependencies of target actionlib_msgs_generate_messages_eus[0m
[5.764s] [  0%] Built target actionlib_msgs_generate_messages_eus
[5.774s] [35m[1mScanning dependencies of target roscpp_generate_messages_eus[0m
[5.784s] [  0%] Built target roscpp_generate_messages_eus
[5.794s] [35m[1mScanning dependencies of target autoware_can_msgs_generate_messages_eus[0m
[5.809s] [  0%] Built target autoware_can_msgs_generate_messages_eus
[5.819s] [35m[1mScanning dependencies of target rosgraph_msgs_generate_messages_py[0m
[5.829s] [  0%] Built target rosgraph_msgs_generate_messages_py
[5.838s] [35m[1mScanning dependencies of target autoware_config_msgs_generate_messages_cpp[0m
[5.848s] [  0%] Built target autoware_config_msgs_generate_messages_cpp
[5.859s] [35m[1mScanning dependencies of target rosgraph_msgs_generate_messages_nodejs[0m
[5.869s] [  0%] Built target rosgraph_msgs_generate_messages_nodejs
[5.878s] [35m[1mScanning dependencies of target visualization_msgs_generate_messages_lisp[0m
[5.888s] [  0%] Built target visualization_msgs_generate_messages_lisp
[5.898s] [35m[1mScanning dependencies of target std_msgs_generate_messages_eus[0m
[5.908s] [  0%] Built target std_msgs_generate_messages_eus
[5.918s] [35m[1mScanning dependencies of target vector_map_msgs_generate_messages_py[0m
[5.928s] [  0%] Built target vector_map_msgs_generate_messages_py
[5.937s] [35m[1mScanning dependencies of target roscpp_generate_messages_nodejs[0m
[5.947s] [  0%] Built target roscpp_generate_messages_nodejs
[5.957s] [35m[1mScanning dependencies of target std_msgs_generate_messages_lisp[0m
[5.967s] [  0%] Built target std_msgs_generate_messages_lisp
[5.977s] [35m[1mScanning dependencies of target std_msgs_generate_messages_nodejs[0m
[5.987s] [  0%] Built target std_msgs_generate_messages_nodejs
[5.997s] [35m[1mScanning dependencies of target bond_generate_messages_lisp[0m
[6.008s] [  0%] Built target bond_generate_messages_lisp
[6.018s] [35m[1mScanning dependencies of target std_msgs_generate_messages_cpp[0m
[6.028s] [  0%] Built target std_msgs_generate_messages_cpp
[6.038s] [35m[1mScanning dependencies of target std_msgs_generate_messages_py[0m
[6.048s] [  0%] Built target std_msgs_generate_messages_py
[6.058s] [35m[1mScanning dependencies of target geometry_msgs_generate_messages_nodejs[0m
[6.069s] [  0%] Built target geometry_msgs_generate_messages_nodejs
[6.079s] [35m[1mScanning dependencies of target vector_map_server_generate_messages_eus[0m
[6.089s] [  0%] Built target vector_map_server_generate_messages_eus
[6.100s] [35m[1mScanning dependencies of target roscpp_generate_messages_cpp[0m
[6.111s] [  0%] Built target roscpp_generate_messages_cpp
[6.124s] [35m[1mScanning dependencies of target autoware_system_msgs_generate_messages_py[0m
[6.134s] [  0%] Built target autoware_system_msgs_generate_messages_py
[6.144s] [35m[1mScanning dependencies of target sensor_msgs_generate_messages_nodejs[0m
[6.155s] [  0%] Built target sensor_msgs_generate_messages_nodejs
[6.165s] [35m[1mScanning dependencies of target pcl_msgs_generate_messages_eus[0m
[6.175s] [  0%] Built target pcl_msgs_generate_messages_eus
[6.187s] [35m[1mScanning dependencies of target topic_tools_generate_messages_eus[0m
[6.199s] [  0%] Built target topic_tools_generate_messages_eus
[6.212s] [35m[1mScanning dependencies of target pcl_msgs_generate_messages_nodejs[0m
[6.223s] [  0%] Built target pcl_msgs_generate_messages_nodejs
[6.235s] [35m[1mScanning dependencies of target nodelet_generate_messages_nodejs[0m
[6.245s] [  0%] Built target nodelet_generate_messages_nodejs
[6.255s] [35m[1mScanning dependencies of target actionlib_generate_messages_eus[0m
[6.266s] [  0%] Built target actionlib_generate_messages_eus
[6.276s] [35m[1mScanning dependencies of target pcl_msgs_generate_messages_py[0m
[6.287s] [  0%] Built target pcl_msgs_generate_messages_py
[6.297s] [35m[1mScanning dependencies of target sensor_msgs_generate_messages_cpp[0m
[6.307s] [  0%] Built target sensor_msgs_generate_messages_cpp
[6.319s] [35m[1mScanning dependencies of target sensor_msgs_generate_messages_eus[0m
[6.330s] [  0%] Built target sensor_msgs_generate_messages_eus
[6.340s] [35m[1mScanning dependencies of target nodelet_generate_messages_py[0m
[6.350s] [  0%] Built target nodelet_generate_messages_py
[6.360s] [35m[1mScanning dependencies of target sensor_msgs_generate_messages_py[0m
[6.370s] [  0%] Built target sensor_msgs_generate_messages_py
[6.381s] [35m[1mScanning dependencies of target tablet_socket_msgs_generate_messages_nodejs[0m
[6.392s] [  0%] Built target tablet_socket_msgs_generate_messages_nodejs
[6.402s] [35m[1mScanning dependencies of target dynamic_reconfigure_generate_messages_cpp[0m
[6.412s] [  0%] Built target dynamic_reconfigure_generate_messages_cpp
[6.425s] [35m[1mScanning dependencies of target tf_generate_messages_py[0m
[6.436s] [  0%] Built target tf_generate_messages_py
[6.445s] [35m[1mScanning dependencies of target pcl_ros_gencfg[0m
[6.456s] [  0%] Built target pcl_ros_gencfg
[6.466s] [35m[1mScanning dependencies of target topic_tools_generate_messages_nodejs[0m
[6.476s] [  0%] Built target topic_tools_generate_messages_nodejs
[6.486s] [35m[1mScanning dependencies of target dynamic_reconfigure_generate_messages_eus[0m
[6.497s] [  0%] Built target dynamic_reconfigure_generate_messages_eus
[6.507s] [35m[1mScanning dependencies of target autoware_can_msgs_generate_messages_py[0m
[6.519s] [  0%] Built target autoware_can_msgs_generate_messages_py
[6.529s] [35m[1mScanning dependencies of target dynamic_reconfigure_generate_messages_nodejs[0m
[6.540s] [  0%] Built target dynamic_reconfigure_generate_messages_nodejs
[6.549s] [35m[1mScanning dependencies of target autoware_can_msgs_generate_messages_lisp[0m
[6.560s] [  0%] Built target autoware_can_msgs_generate_messages_lisp
[6.570s] [35m[1mScanning dependencies of target dynamic_reconfigure_generate_messages_py[0m
[6.581s] [  0%] Built target dynamic_reconfigure_generate_messages_py
[6.591s] [35m[1mScanning dependencies of target tf2_msgs_generate_messages_lisp[0m
[6.601s] [  0%] Built target tf2_msgs_generate_messages_lisp
[6.611s] [35m[1mScanning dependencies of target dynamic_reconfigure_gencfg[0m
[6.624s] [  0%] Built target dynamic_reconfigure_gencfg
[6.636s] [35m[1mScanning dependencies of target nodelet_generate_messages_cpp[0m
[6.646s] [  0%] Built target nodelet_generate_messages_cpp
[6.659s] [35m[1mScanning dependencies of target vector_map_msgs_generate_messages_nodejs[0m
[6.670s] [  0%] Built target vector_map_msgs_generate_messages_nodejs
[6.680s] [35m[1mScanning dependencies of target bond_generate_messages_py[0m
[6.690s] [  0%] Built target bond_generate_messages_py
[6.700s] [35m[1mScanning dependencies of target std_srvs_generate_messages_nodejs[0m
[6.713s] [  0%] Built target std_srvs_generate_messages_nodejs
[6.724s] [35m[1mScanning dependencies of target nodelet_generate_messages_eus[0m
[6.734s] [  0%] Built target nodelet_generate_messages_eus
[6.744s] [35m[1mScanning dependencies of target autoware_msgs_generate_messages_py[0m
[6.754s] [  0%] Built target autoware_msgs_generate_messages_py
[6.764s] [35m[1mScanning dependencies of target nodelet_generate_messages_lisp[0m
[6.775s] [  0%] Built target nodelet_generate_messages_lisp
[6.785s] [35m[1mScanning dependencies of target trajectory_msgs_generate_messages_lisp[0m
[6.796s] [  0%] Built target trajectory_msgs_generate_messages_lisp
[6.806s] [35m[1mScanning dependencies of target bond_generate_messages_cpp[0m
[6.819s] [  0%] Built target bond_generate_messages_cpp
[6.829s] [35m[1mScanning dependencies of target jsk_footstep_msgs_generate_messages_cpp[0m
[6.839s] [  0%] Built target jsk_footstep_msgs_generate_messages_cpp
[6.859s] [35m[1mScanning dependencies of target actionlib_msgs_generate_messages_cpp[0m
[6.871s] [  0%] Built target actionlib_msgs_generate_messages_cpp
[6.882s] [35m[1mScanning dependencies of target tf_generate_messages_eus[0m
[6.892s] [  0%] Built target tf_generate_messages_eus
[6.902s] [35m[1mScanning dependencies of target trajectory_msgs_generate_messages_nodejs[0m
[6.912s] [  0%] Built target trajectory_msgs_generate_messages_nodejs
[6.925s] [35m[1mScanning dependencies of target autoware_config_msgs_generate_messages_py[0m
[6.935s] [  0%] Built target autoware_config_msgs_generate_messages_py
[6.945s] [35m[1mScanning dependencies of target bond_generate_messages_nodejs[0m
[6.955s] [  0%] Built target bond_generate_messages_nodejs
[6.966s] [35m[1mScanning dependencies of target actionlib_msgs_generate_messages_nodejs[0m
[6.976s] [  0%] Built target actionlib_msgs_generate_messages_nodejs
[6.987s] [35m[1mScanning dependencies of target topic_tools_generate_messages_py[0m
[6.997s] [  0%] Built target topic_tools_generate_messages_py
[7.007s] [35m[1mScanning dependencies of target nodelet_topic_tools_gencfg[0m
[7.017s] [  0%] Built target nodelet_topic_tools_gencfg
[7.030s] [35m[1mScanning dependencies of target std_srvs_generate_messages_lisp[0m
[7.041s] [  0%] Built target std_srvs_generate_messages_lisp
[7.053s] [35m[1mScanning dependencies of target jsk_recognition_msgs_generate_messages_cpp[0m
[7.064s] [  0%] Built target jsk_recognition_msgs_generate_messages_cpp
[7.074s] [35m[1mScanning dependencies of target topic_tools_generate_messages_lisp[0m
[7.085s] [  0%] Built target topic_tools_generate_messages_lisp
[7.095s] [35m[1mScanning dependencies of target std_srvs_generate_messages_py[0m
[7.105s] [  0%] Built target std_srvs_generate_messages_py
[7.115s] [35m[1mScanning dependencies of target actionlib_generate_messages_nodejs[0m
[7.126s] [  0%] Built target actionlib_generate_messages_nodejs
[7.139s] [35m[1mScanning dependencies of target pcl_msgs_generate_messages_lisp[0m
[7.150s] [  0%] Built target pcl_msgs_generate_messages_lisp
[7.160s] [35m[1mScanning dependencies of target tf_generate_messages_cpp[0m
[7.171s] [  0%] Built target tf_generate_messages_cpp
[7.181s] [35m[1mScanning dependencies of target tf_generate_messages_lisp[0m
[7.192s] [  0%] Built target tf_generate_messages_lisp
[7.203s] [35m[1mScanning dependencies of target autoware_config_msgs_generate_messages_nodejs[0m
[7.213s] [  0%] Built target autoware_config_msgs_generate_messages_nodejs
[7.225s] [35m[1mScanning dependencies of target autoware_system_msgs_generate_messages_eus[0m
[7.236s] [  0%] Built target autoware_system_msgs_generate_messages_eus
[7.245s] [35m[1mScanning dependencies of target gazebo_msgs_generate_messages_lisp[0m
[7.258s] [  0%] Built target gazebo_msgs_generate_messages_lisp
[7.268s] [35m[1mScanning dependencies of target gazebo_msgs_generate_messages_eus[0m
[7.278s] [  0%] Built target gazebo_msgs_generate_messages_eus
[7.289s] [35m[1mScanning dependencies of target trajectory_msgs_generate_messages_cpp[0m
[7.299s] [  0%] Built target trajectory_msgs_generate_messages_cpp
[7.309s] [35m[1mScanning dependencies of target trajectory_msgs_generate_messages_eus[0m
[7.319s] [  0%] Built target trajectory_msgs_generate_messages_eus
[7.332s] [35m[1mScanning dependencies of target trajectory_msgs_generate_messages_py[0m
[7.342s] [  0%] Built target trajectory_msgs_generate_messages_py
[7.353s] [35m[1mScanning dependencies of target dp_planner[0m
[7.467s] [ 20%] [32mBuilding CXX object CMakeFiles/dp_planner.dir/nodes/dp_planner.cpp.o[0m
[15.485s] [ 40%] [32mBuilding CXX object CMakeFiles/dp_planner.dir/nodes/PolygonGenerator.cpp.o[0m
[23.119s] [ 60%] [32mBuilding CXX object CMakeFiles/dp_planner.dir/nodes/ROSHelpers.cpp.o[0m
[27.732s] [01m[K/home/agilex/autoware.ai/src/autoware/core_planning/dp_planner/nodes/ROSHelpers.cpp:[m[K In static member function '[01m[Kstatic void PlannerXNS::ROSHelpers::ConvertFromPlannerHRectangleToAutowareRviz(const std::vector<PlannerHNS::GPSPoint>&, visualization_msgs::Marker&)[m[K':
[27.732s] [01m[K/home/agilex/autoware.ai/src/autoware/core_planning/dp_planner/nodes/ROSHelpers.cpp:142:6:[m[K [01;35m[Kwarning: [m[Kunused variable '[01m[Kid[m[K' [[01;35m[K-Wunused-variable[m[K]
[27.732s]   int [01;35m[Kid[m[K = 0;
[27.732s]       [01;35m[K^~[m[K
[27.732s] [01m[K/home/agilex/autoware.ai/src/autoware/core_planning/dp_planner/nodes/ROSHelpers.cpp:[m[K In static member function '[01m[Kstatic void PlannerXNS::ROSHelpers::ConvertFromPlannerHToAutowareVisualizePathFormat(const std::vector<PlannerHNS::WayPoint>&, const std::vector<std::vector<std::vector<PlannerHNS::WayPoint> > >&, const PlannerHNS::LocalPlannerH&, visualization_msgs::MarkerArray&)[m[K':
[27.732s] [01m[K/home/agilex/autoware.ai/src/autoware/core_planning/dp_planner/nodes/ROSHelpers.cpp:245:9:[m[K [01;35m[Kwarning: [m[Kcomparison between signed and unsigned integer expressions [[01;35m[K-Wsign-compare[m[K]
[27.733s]     if([01;35m[Ki == localPlanner.m_iSafeTrajectory[m[K && il == localPlanner.m_iCurrentTotalPathId)
[27.733s]        [01;35m[K~~^~~~~~~~~~~~~~~~~~~~~~~~~~~~~~~~~[m[K
[27.733s] [01m[K/home/agilex/autoware.ai/src/autoware/core_planning/dp_planner/nodes/ROSHelpers.cpp:245:49:[m[K [01;35m[Kwarning: [m[Kcomparison between signed and unsigned integer expressions [[01;35m[K-Wsign-compare[m[K]
[27.733s]     if(i == localPlanner.m_iSafeTrajectory && [01;35m[Kil == localPlanner.m_iCurrentTotalPathId[m[K)
[27.733s]                                               [01;35m[K~~~^~~~~~~~~~~~~~~~~~~~~~~~~~~~~~~~~~~~~[m[K
[27.752s] [01m[K/home/agilex/autoware.ai/src/autoware/core_planning/dp_planner/nodes/ROSHelpers.cpp:[m[K In static member function '[01m[Kstatic void PlannerXNS::ROSHelpers::ConvertFromAutowareCloudClusterObstaclesToPlannerH(const PlannerHNS::WayPoint&, const PlannerHNS::CAR_BASIC_INFO&, const CloudClusterArray&, std::vector<PlannerHNS::DetectedObject>&, int&, int&)[m[K':
[27.752s] [01m[K/home/agilex/autoware.ai/src/autoware/core_planning/dp_planner/nodes/ROSHelpers.cpp:646:10:[m[K [01;35m[Kwarning: [m[Kunused variable '[01m[Ksize[m[K' [[01;35m[K-Wunused-variable[m[K]
[27.752s]    double [01;35m[Ksize[m[K = (obj.w+obj.l)/2.0;
[27.752s]           [01;35m[K^~~~[m[K
[32.752s] [ 80%] [32mBuilding CXX object CMakeFiles/dp_planner.dir/nodes/dp_planner_core.cpp.o[0m
[52.127s] [100%] [32m[1mLinking CXX executable devel/lib/dp_planner/dp_planner[0m
[52.874s] [100%] Built target dp_planner
[52.884s] Invoked command in '/home/agilex/autoware.ai/build/dp_planner' returned '0': CMAKE_PREFIX_PATH=/home/agilex/autoware.ai/install/op_simu:/home/agilex/autoware.ai/install/op_planner:/home/agilex/autoware.ai/install/op_utility:/home/agilex/autoware.ai/install/waypoint_follower:/home/agilex/autoware.ai/install/vector_map_server:/home/agilex/autoware.ai/install/map_file:/home/agilex/autoware.ai/install/vector_map:/home/agilex/autoware.ai/install/autoware_health_checker:/home/agilex/autoware.ai/install/amathutils_lib:/home/agilex/autoware.ai/install/vector_map_msgs:/home/agilex/autoware.ai/install/tablet_socket_msgs:/home/agilex/autoware.ai/install/autoware_system_msgs:/home/agilex/autoware.ai/install/autoware_msgs:/home/agilex/autoware.ai/install/autoware_config_msgs:/home/agilex/autoware.ai/install/autoware_can_msgs:/home/agilex/autoware.ai/install/autoware_build_flags:${CMAKE_PREFIX_PATH} LD_LIBRARY_PATH=/home/agilex/autoware.ai/install/op_simu/lib:/home/agilex/autoware.ai/install/op_planner/lib:/home/agilex/autoware.ai/install/op_utility/lib:/home/agilex/autoware.ai/install/waypoint_follower/lib:/home/agilex/autoware.ai/install/map_file/lib:/home/agilex/autoware.ai/install/vector_map/lib:/home/agilex/autoware.ai/install/autoware_health_checker/lib:/home/agilex/autoware.ai/install/amathutils_lib/lib:${LD_LIBRARY_PATH} PKG_CONFIG_PATH=/home/agilex/autoware.ai/install/op_simu/lib/x86_64-linux-gnu/pkgconfig:/home/agilex/autoware.ai/install/op_simu/lib/pkgconfig:/home/agilex/autoware.ai/install/op_planner/lib/x86_64-linux-gnu/pkgconfig:/home/agilex/autoware.ai/install/op_planner/lib/pkgconfig:/home/agilex/autoware.ai/install/op_utility/lib/x86_64-linux-gnu/pkgconfig:/home/agilex/autoware.ai/install/op_utility/lib/pkgconfig:/home/agilex/autoware.ai/install/waypoint_follower/lib/x86_64-linux-gnu/pkgconfig:/home/agilex/autoware.ai/install/waypoint_follower/lib/pkgconfig:/home/agilex/autoware.ai/install/vector_map_server/lib/x86_64-linux-gnu/pkgconfig:/home/agilex/autoware.ai/install/vector_map_server/lib/pkgconfig:/home/agilex/autoware.ai/install/map_file/lib/x86_64-linux-gnu/pkgconfig:/home/agilex/autoware.ai/install/map_file/lib/pkgconfig:/home/agilex/autoware.ai/install/vector_map/lib/x86_64-linux-gnu/pkgconfig:/home/agilex/autoware.ai/install/vector_map/lib/pkgconfig:/home/agilex/autoware.ai/install/autoware_health_checker/lib/x86_64-linux-gnu/pkgconfig:/home/agilex/autoware.ai/install/autoware_health_checker/lib/pkgconfig:/home/agilex/autoware.ai/install/amathutils_lib/lib/x86_64-linux-gnu/pkgconfig:/home/agilex/autoware.ai/install/amathutils_lib/lib/pkgconfig:/home/agilex/autoware.ai/install/vector_map_msgs/lib/x86_64-linux-gnu/pkgconfig:/home/agilex/autoware.ai/install/vector_map_msgs/lib/pkgconfig:/home/agilex/autoware.ai/install/tablet_socket_msgs/lib/x86_64-linux-gnu/pkgconfig:/home/agilex/autoware.ai/install/tablet_socket_msgs/lib/pkgconfig:/home/agilex/autoware.ai/install/autoware_system_msgs/lib/x86_64-linux-gnu/pkgconfig:/home/agilex/autoware.ai/install/autoware_system_msgs/lib/pkgconfig:/home/agilex/autoware.ai/install/autoware_msgs/lib/x86_64-linux-gnu/pkgconfig:/home/agilex/autoware.ai/install/autoware_msgs/lib/pkgconfig:/home/agilex/autoware.ai/install/autoware_config_msgs/lib/x86_64-linux-gnu/pkgconfig:/home/agilex/autoware.ai/install/autoware_config_msgs/lib/pkgconfig:/home/agilex/autoware.ai/install/autoware_can_msgs/lib/x86_64-linux-gnu/pkgconfig:/home/agilex/autoware.ai/install/autoware_can_msgs/lib/pkgconfig:/home/agilex/autoware.ai/install/autoware_build_flags/lib/x86_64-linux-gnu/pkgconfig:/home/agilex/autoware.ai/install/autoware_build_flags/lib/pkgconfig:${PKG_CONFIG_PATH} PYTHONPATH=/home/agilex/autoware.ai/install/vector_map_server/lib/python2.7/dist-packages:/home/agilex/autoware.ai/install/vector_map_msgs/lib/python2.7/dist-packages:/home/agilex/autoware.ai/install/tablet_socket_msgs/lib/python2.7/dist-packages:/home/agilex/autoware.ai/install/autoware_system_msgs/lib/python2.7/dist-packages:/home/agilex/autoware.ai/install/autoware_msgs/lib/python2.7/dist-packages:/home/agilex/autoware.ai/install/autoware_config_msgs/lib/python2.7/dist-packages:/home/agilex/autoware.ai/install/autoware_can_msgs/lib/python2.7/dist-packages:${PYTHONPATH} ROS_PACKAGE_PATH=/home/agilex/autoware.ai/install/op_simu/share:/home/agilex/autoware.ai/install/op_planner/share:/home/agilex/autoware.ai/install/op_utility/share:/home/agilex/autoware.ai/install/waypoint_follower/share:/home/agilex/autoware.ai/install/vector_map_server/share:/home/agilex/autoware.ai/install/map_file/share:/home/agilex/autoware.ai/install/vector_map/share:/home/agilex/autoware.ai/install/autoware_health_checker/share:/home/agilex/autoware.ai/install/amathutils_lib/share:/home/agilex/autoware.ai/install/vector_map_msgs/share:/home/agilex/autoware.ai/install/tablet_socket_msgs/share:/home/agilex/autoware.ai/install/autoware_system_msgs/share:/home/agilex/autoware.ai/install/autoware_msgs/share:/home/agilex/autoware.ai/install/autoware_config_msgs/share:/home/agilex/autoware.ai/install/autoware_can_msgs/share:/home/agilex/autoware.ai/install/autoware_build_flags/share:${ROS_PACKAGE_PATH} /usr/bin/cmake --build /home/agilex/autoware.ai/build/dp_planner -- -j8 -l8
[52.983s] Invoking command in '/home/agilex/autoware.ai/build/dp_planner': CMAKE_PREFIX_PATH=/home/agilex/autoware.ai/install/op_simu:/home/agilex/autoware.ai/install/op_planner:/home/agilex/autoware.ai/install/op_utility:/home/agilex/autoware.ai/install/waypoint_follower:/home/agilex/autoware.ai/install/vector_map_server:/home/agilex/autoware.ai/install/map_file:/home/agilex/autoware.ai/install/vector_map:/home/agilex/autoware.ai/install/autoware_health_checker:/home/agilex/autoware.ai/install/amathutils_lib:/home/agilex/autoware.ai/install/vector_map_msgs:/home/agilex/autoware.ai/install/tablet_socket_msgs:/home/agilex/autoware.ai/install/autoware_system_msgs:/home/agilex/autoware.ai/install/autoware_msgs:/home/agilex/autoware.ai/install/autoware_config_msgs:/home/agilex/autoware.ai/install/autoware_can_msgs:/home/agilex/autoware.ai/install/autoware_build_flags:${CMAKE_PREFIX_PATH} LD_LIBRARY_PATH=/home/agilex/autoware.ai/install/op_simu/lib:/home/agilex/autoware.ai/install/op_planner/lib:/home/agilex/autoware.ai/install/op_utility/lib:/home/agilex/autoware.ai/install/waypoint_follower/lib:/home/agilex/autoware.ai/install/map_file/lib:/home/agilex/autoware.ai/install/vector_map/lib:/home/agilex/autoware.ai/install/autoware_health_checker/lib:/home/agilex/autoware.ai/install/amathutils_lib/lib:${LD_LIBRARY_PATH} PKG_CONFIG_PATH=/home/agilex/autoware.ai/install/op_simu/lib/x86_64-linux-gnu/pkgconfig:/home/agilex/autoware.ai/install/op_simu/lib/pkgconfig:/home/agilex/autoware.ai/install/op_planner/lib/x86_64-linux-gnu/pkgconfig:/home/agilex/autoware.ai/install/op_planner/lib/pkgconfig:/home/agilex/autoware.ai/install/op_utility/lib/x86_64-linux-gnu/pkgconfig:/home/agilex/autoware.ai/install/op_utility/lib/pkgconfig:/home/agilex/autoware.ai/install/waypoint_follower/lib/x86_64-linux-gnu/pkgconfig:/home/agilex/autoware.ai/install/waypoint_follower/lib/pkgconfig:/home/agilex/autoware.ai/install/vector_map_server/lib/x86_64-linux-gnu/pkgconfig:/home/agilex/autoware.ai/install/vector_map_server/lib/pkgconfig:/home/agilex/autoware.ai/install/map_file/lib/x86_64-linux-gnu/pkgconfig:/home/agilex/autoware.ai/install/map_file/lib/pkgconfig:/home/agilex/autoware.ai/install/vector_map/lib/x86_64-linux-gnu/pkgconfig:/home/agilex/autoware.ai/install/vector_map/lib/pkgconfig:/home/agilex/autoware.ai/install/autoware_health_checker/lib/x86_64-linux-gnu/pkgconfig:/home/agilex/autoware.ai/install/autoware_health_checker/lib/pkgconfig:/home/agilex/autoware.ai/install/amathutils_lib/lib/x86_64-linux-gnu/pkgconfig:/home/agilex/autoware.ai/install/amathutils_lib/lib/pkgconfig:/home/agilex/autoware.ai/install/vector_map_msgs/lib/x86_64-linux-gnu/pkgconfig:/home/agilex/autoware.ai/install/vector_map_msgs/lib/pkgconfig:/home/agilex/autoware.ai/install/tablet_socket_msgs/lib/x86_64-linux-gnu/pkgconfig:/home/agilex/autoware.ai/install/tablet_socket_msgs/lib/pkgconfig:/home/agilex/autoware.ai/install/autoware_system_msgs/lib/x86_64-linux-gnu/pkgconfig:/home/agilex/autoware.ai/install/autoware_system_msgs/lib/pkgconfig:/home/agilex/autoware.ai/install/autoware_msgs/lib/x86_64-linux-gnu/pkgconfig:/home/agilex/autoware.ai/install/autoware_msgs/lib/pkgconfig:/home/agilex/autoware.ai/install/autoware_config_msgs/lib/x86_64-linux-gnu/pkgconfig:/home/agilex/autoware.ai/install/autoware_config_msgs/lib/pkgconfig:/home/agilex/autoware.ai/install/autoware_can_msgs/lib/x86_64-linux-gnu/pkgconfig:/home/agilex/autoware.ai/install/autoware_can_msgs/lib/pkgconfig:/home/agilex/autoware.ai/install/autoware_build_flags/lib/x86_64-linux-gnu/pkgconfig:/home/agilex/autoware.ai/install/autoware_build_flags/lib/pkgconfig:${PKG_CONFIG_PATH} PYTHONPATH=/home/agilex/autoware.ai/install/vector_map_server/lib/python2.7/dist-packages:/home/agilex/autoware.ai/install/vector_map_msgs/lib/python2.7/dist-packages:/home/agilex/autoware.ai/install/tablet_socket_msgs/lib/python2.7/dist-packages:/home/agilex/autoware.ai/install/autoware_system_msgs/lib/python2.7/dist-packages:/home/agilex/autoware.ai/install/autoware_msgs/lib/python2.7/dist-packages:/home/agilex/autoware.ai/install/autoware_config_msgs/lib/python2.7/dist-packages:/home/agilex/autoware.ai/install/autoware_can_msgs/lib/python2.7/dist-packages:${PYTHONPATH} ROS_PACKAGE_PATH=/home/agilex/autoware.ai/install/op_simu/share:/home/agilex/autoware.ai/install/op_planner/share:/home/agilex/autoware.ai/install/op_utility/share:/home/agilex/autoware.ai/install/waypoint_follower/share:/home/agilex/autoware.ai/install/vector_map_server/share:/home/agilex/autoware.ai/install/map_file/share:/home/agilex/autoware.ai/install/vector_map/share:/home/agilex/autoware.ai/install/autoware_health_checker/share:/home/agilex/autoware.ai/install/amathutils_lib/share:/home/agilex/autoware.ai/install/vector_map_msgs/share:/home/agilex/autoware.ai/install/tablet_socket_msgs/share:/home/agilex/autoware.ai/install/autoware_system_msgs/share:/home/agilex/autoware.ai/install/autoware_msgs/share:/home/agilex/autoware.ai/install/autoware_config_msgs/share:/home/agilex/autoware.ai/install/autoware_can_msgs/share:/home/agilex/autoware.ai/install/autoware_build_flags/share:${ROS_PACKAGE_PATH} /usr/bin/cmake --build /home/agilex/autoware.ai/build/dp_planner --target tests -- -j8 -l8
[53.040s] [35m[1mScanning dependencies of target tests[0m
[53.050s] Built target tests
[53.059s] Invoked command in '/home/agilex/autoware.ai/build/dp_planner' returned '0': CMAKE_PREFIX_PATH=/home/agilex/autoware.ai/install/op_simu:/home/agilex/autoware.ai/install/op_planner:/home/agilex/autoware.ai/install/op_utility:/home/agilex/autoware.ai/install/waypoint_follower:/home/agilex/autoware.ai/install/vector_map_server:/home/agilex/autoware.ai/install/map_file:/home/agilex/autoware.ai/install/vector_map:/home/agilex/autoware.ai/install/autoware_health_checker:/home/agilex/autoware.ai/install/amathutils_lib:/home/agilex/autoware.ai/install/vector_map_msgs:/home/agilex/autoware.ai/install/tablet_socket_msgs:/home/agilex/autoware.ai/install/autoware_system_msgs:/home/agilex/autoware.ai/install/autoware_msgs:/home/agilex/autoware.ai/install/autoware_config_msgs:/home/agilex/autoware.ai/install/autoware_can_msgs:/home/agilex/autoware.ai/install/autoware_build_flags:${CMAKE_PREFIX_PATH} LD_LIBRARY_PATH=/home/agilex/autoware.ai/install/op_simu/lib:/home/agilex/autoware.ai/install/op_planner/lib:/home/agilex/autoware.ai/install/op_utility/lib:/home/agilex/autoware.ai/install/waypoint_follower/lib:/home/agilex/autoware.ai/install/map_file/lib:/home/agilex/autoware.ai/install/vector_map/lib:/home/agilex/autoware.ai/install/autoware_health_checker/lib:/home/agilex/autoware.ai/install/amathutils_lib/lib:${LD_LIBRARY_PATH} PKG_CONFIG_PATH=/home/agilex/autoware.ai/install/op_simu/lib/x86_64-linux-gnu/pkgconfig:/home/agilex/autoware.ai/install/op_simu/lib/pkgconfig:/home/agilex/autoware.ai/install/op_planner/lib/x86_64-linux-gnu/pkgconfig:/home/agilex/autoware.ai/install/op_planner/lib/pkgconfig:/home/agilex/autoware.ai/install/op_utility/lib/x86_64-linux-gnu/pkgconfig:/home/agilex/autoware.ai/install/op_utility/lib/pkgconfig:/home/agilex/autoware.ai/install/waypoint_follower/lib/x86_64-linux-gnu/pkgconfig:/home/agilex/autoware.ai/install/waypoint_follower/lib/pkgconfig:/home/agilex/autoware.ai/install/vector_map_server/lib/x86_64-linux-gnu/pkgconfig:/home/agilex/autoware.ai/install/vector_map_server/lib/pkgconfig:/home/agilex/autoware.ai/install/map_file/lib/x86_64-linux-gnu/pkgconfig:/home/agilex/autoware.ai/install/map_file/lib/pkgconfig:/home/agilex/autoware.ai/install/vector_map/lib/x86_64-linux-gnu/pkgconfig:/home/agilex/autoware.ai/install/vector_map/lib/pkgconfig:/home/agilex/autoware.ai/install/autoware_health_checker/lib/x86_64-linux-gnu/pkgconfig:/home/agilex/autoware.ai/install/autoware_health_checker/lib/pkgconfig:/home/agilex/autoware.ai/install/amathutils_lib/lib/x86_64-linux-gnu/pkgconfig:/home/agilex/autoware.ai/install/amathutils_lib/lib/pkgconfig:/home/agilex/autoware.ai/install/vector_map_msgs/lib/x86_64-linux-gnu/pkgconfig:/home/agilex/autoware.ai/install/vector_map_msgs/lib/pkgconfig:/home/agilex/autoware.ai/install/tablet_socket_msgs/lib/x86_64-linux-gnu/pkgconfig:/home/agilex/autoware.ai/install/tablet_socket_msgs/lib/pkgconfig:/home/agilex/autoware.ai/install/autoware_system_msgs/lib/x86_64-linux-gnu/pkgconfig:/home/agilex/autoware.ai/install/autoware_system_msgs/lib/pkgconfig:/home/agilex/autoware.ai/install/autoware_msgs/lib/x86_64-linux-gnu/pkgconfig:/home/agilex/autoware.ai/install/autoware_msgs/lib/pkgconfig:/home/agilex/autoware.ai/install/autoware_config_msgs/lib/x86_64-linux-gnu/pkgconfig:/home/agilex/autoware.ai/install/autoware_config_msgs/lib/pkgconfig:/home/agilex/autoware.ai/install/autoware_can_msgs/lib/x86_64-linux-gnu/pkgconfig:/home/agilex/autoware.ai/install/autoware_can_msgs/lib/pkgconfig:/home/agilex/autoware.ai/install/autoware_build_flags/lib/x86_64-linux-gnu/pkgconfig:/home/agilex/autoware.ai/install/autoware_build_flags/lib/pkgconfig:${PKG_CONFIG_PATH} PYTHONPATH=/home/agilex/autoware.ai/install/vector_map_server/lib/python2.7/dist-packages:/home/agilex/autoware.ai/install/vector_map_msgs/lib/python2.7/dist-packages:/home/agilex/autoware.ai/install/tablet_socket_msgs/lib/python2.7/dist-packages:/home/agilex/autoware.ai/install/autoware_system_msgs/lib/python2.7/dist-packages:/home/agilex/autoware.ai/install/autoware_msgs/lib/python2.7/dist-packages:/home/agilex/autoware.ai/install/autoware_config_msgs/lib/python2.7/dist-packages:/home/agilex/autoware.ai/install/autoware_can_msgs/lib/python2.7/dist-packages:${PYTHONPATH} ROS_PACKAGE_PATH=/home/agilex/autoware.ai/install/op_simu/share:/home/agilex/autoware.ai/install/op_planner/share:/home/agilex/autoware.ai/install/op_utility/share:/home/agilex/autoware.ai/install/waypoint_follower/share:/home/agilex/autoware.ai/install/vector_map_server/share:/home/agilex/autoware.ai/install/map_file/share:/home/agilex/autoware.ai/install/vector_map/share:/home/agilex/autoware.ai/install/autoware_health_checker/share:/home/agilex/autoware.ai/install/amathutils_lib/share:/home/agilex/autoware.ai/install/vector_map_msgs/share:/home/agilex/autoware.ai/install/tablet_socket_msgs/share:/home/agilex/autoware.ai/install/autoware_system_msgs/share:/home/agilex/autoware.ai/install/autoware_msgs/share:/home/agilex/autoware.ai/install/autoware_config_msgs/share:/home/agilex/autoware.ai/install/autoware_can_msgs/share:/home/agilex/autoware.ai/install/autoware_build_flags/share:${ROS_PACKAGE_PATH} /usr/bin/cmake --build /home/agilex/autoware.ai/build/dp_planner --target tests -- -j8 -l8
[53.159s] Invoking command in '/home/agilex/autoware.ai/build/dp_planner': CMAKE_PREFIX_PATH=/home/agilex/autoware.ai/install/op_simu:/home/agilex/autoware.ai/install/op_planner:/home/agilex/autoware.ai/install/op_utility:/home/agilex/autoware.ai/install/waypoint_follower:/home/agilex/autoware.ai/install/vector_map_server:/home/agilex/autoware.ai/install/map_file:/home/agilex/autoware.ai/install/vector_map:/home/agilex/autoware.ai/install/autoware_health_checker:/home/agilex/autoware.ai/install/amathutils_lib:/home/agilex/autoware.ai/install/vector_map_msgs:/home/agilex/autoware.ai/install/tablet_socket_msgs:/home/agilex/autoware.ai/install/autoware_system_msgs:/home/agilex/autoware.ai/install/autoware_msgs:/home/agilex/autoware.ai/install/autoware_config_msgs:/home/agilex/autoware.ai/install/autoware_can_msgs:/home/agilex/autoware.ai/install/autoware_build_flags:${CMAKE_PREFIX_PATH} LD_LIBRARY_PATH=/home/agilex/autoware.ai/install/op_simu/lib:/home/agilex/autoware.ai/install/op_planner/lib:/home/agilex/autoware.ai/install/op_utility/lib:/home/agilex/autoware.ai/install/waypoint_follower/lib:/home/agilex/autoware.ai/install/map_file/lib:/home/agilex/autoware.ai/install/vector_map/lib:/home/agilex/autoware.ai/install/autoware_health_checker/lib:/home/agilex/autoware.ai/install/amathutils_lib/lib:${LD_LIBRARY_PATH} PKG_CONFIG_PATH=/home/agilex/autoware.ai/install/op_simu/lib/x86_64-linux-gnu/pkgconfig:/home/agilex/autoware.ai/install/op_simu/lib/pkgconfig:/home/agilex/autoware.ai/install/op_planner/lib/x86_64-linux-gnu/pkgconfig:/home/agilex/autoware.ai/install/op_planner/lib/pkgconfig:/home/agilex/autoware.ai/install/op_utility/lib/x86_64-linux-gnu/pkgconfig:/home/agilex/autoware.ai/install/op_utility/lib/pkgconfig:/home/agilex/autoware.ai/install/waypoint_follower/lib/x86_64-linux-gnu/pkgconfig:/home/agilex/autoware.ai/install/waypoint_follower/lib/pkgconfig:/home/agilex/autoware.ai/install/vector_map_server/lib/x86_64-linux-gnu/pkgconfig:/home/agilex/autoware.ai/install/vector_map_server/lib/pkgconfig:/home/agilex/autoware.ai/install/map_file/lib/x86_64-linux-gnu/pkgconfig:/home/agilex/autoware.ai/install/map_file/lib/pkgconfig:/home/agilex/autoware.ai/install/vector_map/lib/x86_64-linux-gnu/pkgconfig:/home/agilex/autoware.ai/install/vector_map/lib/pkgconfig:/home/agilex/autoware.ai/install/autoware_health_checker/lib/x86_64-linux-gnu/pkgconfig:/home/agilex/autoware.ai/install/autoware_health_checker/lib/pkgconfig:/home/agilex/autoware.ai/install/amathutils_lib/lib/x86_64-linux-gnu/pkgconfig:/home/agilex/autoware.ai/install/amathutils_lib/lib/pkgconfig:/home/agilex/autoware.ai/install/vector_map_msgs/lib/x86_64-linux-gnu/pkgconfig:/home/agilex/autoware.ai/install/vector_map_msgs/lib/pkgconfig:/home/agilex/autoware.ai/install/tablet_socket_msgs/lib/x86_64-linux-gnu/pkgconfig:/home/agilex/autoware.ai/install/tablet_socket_msgs/lib/pkgconfig:/home/agilex/autoware.ai/install/autoware_system_msgs/lib/x86_64-linux-gnu/pkgconfig:/home/agilex/autoware.ai/install/autoware_system_msgs/lib/pkgconfig:/home/agilex/autoware.ai/install/autoware_msgs/lib/x86_64-linux-gnu/pkgconfig:/home/agilex/autoware.ai/install/autoware_msgs/lib/pkgconfig:/home/agilex/autoware.ai/install/autoware_config_msgs/lib/x86_64-linux-gnu/pkgconfig:/home/agilex/autoware.ai/install/autoware_config_msgs/lib/pkgconfig:/home/agilex/autoware.ai/install/autoware_can_msgs/lib/x86_64-linux-gnu/pkgconfig:/home/agilex/autoware.ai/install/autoware_can_msgs/lib/pkgconfig:/home/agilex/autoware.ai/install/autoware_build_flags/lib/x86_64-linux-gnu/pkgconfig:/home/agilex/autoware.ai/install/autoware_build_flags/lib/pkgconfig:${PKG_CONFIG_PATH} PYTHONPATH=/home/agilex/autoware.ai/install/vector_map_server/lib/python2.7/dist-packages:/home/agilex/autoware.ai/install/vector_map_msgs/lib/python2.7/dist-packages:/home/agilex/autoware.ai/install/tablet_socket_msgs/lib/python2.7/dist-packages:/home/agilex/autoware.ai/install/autoware_system_msgs/lib/python2.7/dist-packages:/home/agilex/autoware.ai/install/autoware_msgs/lib/python2.7/dist-packages:/home/agilex/autoware.ai/install/autoware_config_msgs/lib/python2.7/dist-packages:/home/agilex/autoware.ai/install/autoware_can_msgs/lib/python2.7/dist-packages:${PYTHONPATH} ROS_PACKAGE_PATH=/home/agilex/autoware.ai/install/op_simu/share:/home/agilex/autoware.ai/install/op_planner/share:/home/agilex/autoware.ai/install/op_utility/share:/home/agilex/autoware.ai/install/waypoint_follower/share:/home/agilex/autoware.ai/install/vector_map_server/share:/home/agilex/autoware.ai/install/map_file/share:/home/agilex/autoware.ai/install/vector_map/share:/home/agilex/autoware.ai/install/autoware_health_checker/share:/home/agilex/autoware.ai/install/amathutils_lib/share:/home/agilex/autoware.ai/install/vector_map_msgs/share:/home/agilex/autoware.ai/install/tablet_socket_msgs/share:/home/agilex/autoware.ai/install/autoware_system_msgs/share:/home/agilex/autoware.ai/install/autoware_msgs/share:/home/agilex/autoware.ai/install/autoware_config_msgs/share:/home/agilex/autoware.ai/install/autoware_can_msgs/share:/home/agilex/autoware.ai/install/autoware_build_flags/share:${ROS_PACKAGE_PATH} /usr/bin/cmake --build /home/agilex/autoware.ai/build/dp_planner --target install -- -j8 -l8
[53.212s] [  0%] Built target tf_generate_messages_nodejs
[53.229s] [  0%] Built target autoware_system_msgs_generate_messages_cpp
[53.248s] [  0%] Built target tablet_socket_msgs_generate_messages_cpp
[53.267s] [  0%] Built target autoware_config_msgs_generate_messages_lisp
[53.285s] [  0%] Built target autoware_config_msgs_generate_messages_eus
[53.304s] [  0%] Built target visualization_msgs_generate_messages_py
[53.323s] [  0%] Built target tablet_socket_msgs_generate_messages_lisp
[53.344s] [  0%] Built target visualization_msgs_generate_messages_nodejs
[53.363s] [  0%] Built target autoware_msgs_generate_messages_nodejs
[53.381s] [  0%] Built target autoware_msgs_generate_messages_lisp
[53.400s] [  0%] Built target autoware_msgs_generate_messages_eus
[53.419s] [  0%] Built target autoware_msgs_generate_messages_cpp
[53.437s] [  0%] Built target vector_map_server_generate_messages_nodejs
[53.458s] [  0%] Built target visualization_msgs_generate_messages_eus
[53.476s] [  0%] Built target vector_map_server_generate_messages_cpp
[53.496s] [  0%] Built target tablet_socket_msgs_generate_messages_py
[53.515s] [  0%] Built target jsk_footstep_msgs_generate_messages_py
[53.533s] [  0%] Built target vector_map_server_generate_messages_lisp
[53.553s] [  0%] Built target jsk_footstep_msgs_generate_messages_nodejs
[53.571s] [  0%] Built target jsk_footstep_msgs_generate_messages_lisp
[53.589s] [  0%] Built target jsk_footstep_msgs_generate_messages_eus
[53.607s] [  0%] Built target jsk_recognition_msgs_generate_messages_py
[53.625s] [  0%] Built target jsk_recognition_msgs_generate_messages_lisp
[53.643s] [  0%] Built target jsk_recognition_msgs_generate_messages_eus
[53.662s] [  0%] Built target tf2_msgs_generate_messages_nodejs
[53.681s] [  0%] Built target tablet_socket_msgs_generate_messages_eus
[53.699s] [  0%] Built target visualization_msgs_generate_messages_cpp
[53.718s] [  0%] Built target tf2_msgs_generate_messages_eus
[53.736s] [  0%] Built target tf2_msgs_generate_messages_cpp
[53.755s] [  0%] Built target actionlib_msgs_generate_messages_py
[53.774s] [  0%] Built target autoware_system_msgs_generate_messages_nodejs
[53.792s] [  0%] Built target actionlib_msgs_generate_messages_lisp
[53.810s] [  0%] Built target tf2_msgs_generate_messages_py
[53.828s] [  0%] Built target actionlib_generate_messages_py
[53.847s] [  0%] Built target actionlib_generate_messages_cpp
[53.865s] [  0%] Built target pcl_msgs_generate_messages_cpp
[53.883s] [  0%] Built target gazebo_msgs_generate_messages_cpp
[53.902s] [  0%] Built target dynamic_reconfigure_generate_messages_lisp
[53.920s] [  0%] Built target autoware_can_msgs_generate_messages_nodejs
[53.938s] [  0%] Built target autoware_can_msgs_generate_messages_cpp
[53.957s] [  0%] Built target gazebo_msgs_generate_messages_py
[53.975s] [  0%] Built target geometry_msgs_generate_messages_py
[53.993s] [  0%] Built target geometry_msgs_generate_messages_lisp
[54.011s] [  0%] Built target actionlib_generate_messages_lisp
[54.029s] [  0%] Built target geometry_msgs_generate_messages_cpp
[54.048s] [  0%] Built target rosgraph_msgs_generate_messages_lisp
[54.066s] [  0%] Built target gazebo_msgs_generate_messages_nodejs
[54.084s] [  0%] Built target rosgraph_msgs_generate_messages_eus
[54.103s] [  0%] Built target geometry_msgs_generate_messages_eus
[54.121s] [  0%] Built target roscpp_generate_messages_py
[54.139s] [  0%] Built target bond_generate_messages_eus
[54.157s] [  0%] Built target sensor_msgs_generate_messages_lisp
[54.176s] [  0%] Built target jsk_recognition_msgs_generate_messages_nodejs
[54.194s] [  0%] Built target roscpp_generate_messages_lisp
[54.212s] [  0%] Built target std_srvs_generate_messages_eus
[54.230s] [  0%] Built target rosgraph_msgs_generate_messages_cpp
[54.249s] [  0%] Built target topic_tools_generate_messages_cpp
[54.268s] [  0%] Built target autoware_system_msgs_generate_messages_lisp
[54.287s] [  0%] Built target vector_map_msgs_generate_messages_lisp
[54.305s] [  0%] Built target std_srvs_generate_messages_cpp
[54.323s] [  0%] Built target vector_map_msgs_generate_messages_cpp
[54.342s] [  0%] Built target vector_map_msgs_generate_messages_eus
[54.360s] [  0%] Built target vector_map_server_generate_messages_py
[54.380s] [  0%] Built target actionlib_msgs_generate_messages_eus
[54.398s] [  0%] Built target roscpp_generate_messages_eus
[54.417s] [  0%] Built target autoware_can_msgs_generate_messages_eus
[54.435s] [  0%] Built target rosgraph_msgs_generate_messages_py
[54.454s] [  0%] Built target autoware_config_msgs_generate_messages_cpp
[54.474s] [  0%] Built target rosgraph_msgs_generate_messages_nodejs
[54.492s] [  0%] Built target visualization_msgs_generate_messages_lisp
[54.511s] [  0%] Built target std_msgs_generate_messages_eus
[54.529s] [  0%] Built target vector_map_msgs_generate_messages_py
[54.547s] [  0%] Built target roscpp_generate_messages_nodejs
[54.566s] [  0%] Built target std_msgs_generate_messages_lisp
[54.584s] [  0%] Built target std_msgs_generate_messages_nodejs
[54.603s] [  0%] Built target bond_generate_messages_lisp
[54.621s] [  0%] Built target std_msgs_generate_messages_cpp
[54.640s] [  0%] Built target std_msgs_generate_messages_py
[54.660s] [  0%] Built target geometry_msgs_generate_messages_nodejs
[54.678s] [  0%] Built target vector_map_server_generate_messages_eus
[54.696s] [  0%] Built target roscpp_generate_messages_cpp
[54.714s] [  0%] Built target autoware_system_msgs_generate_messages_py
[54.733s] [  0%] Built target sensor_msgs_generate_messages_nodejs
[54.752s] [  0%] Built target pcl_msgs_generate_messages_eus
[54.770s] [  0%] Built target topic_tools_generate_messages_eus
[54.789s] [  0%] Built target pcl_msgs_generate_messages_nodejs
[54.807s] [  0%] Built target nodelet_generate_messages_nodejs
[54.826s] [  0%] Built target actionlib_generate_messages_eus
[54.844s] [  0%] Built target pcl_msgs_generate_messages_py
[54.863s] [  0%] Built target sensor_msgs_generate_messages_cpp
[54.881s] [  0%] Built target sensor_msgs_generate_messages_eus
[54.900s] [  0%] Built target nodelet_generate_messages_py
[54.919s] [  0%] Built target sensor_msgs_generate_messages_py
[54.937s] [  0%] Built target tablet_socket_msgs_generate_messages_nodejs
[54.956s] [  0%] Built target dynamic_reconfigure_generate_messages_cpp
[54.975s] [  0%] Built target tf_generate_messages_py
[54.994s] [  0%] Built target pcl_ros_gencfg
[55.012s] [  0%] Built target topic_tools_generate_messages_nodejs
[55.031s] [  0%] Built target dynamic_reconfigure_generate_messages_eus
[55.050s] [  0%] Built target autoware_can_msgs_generate_messages_py
[55.068s] [  0%] Built target dynamic_reconfigure_generate_messages_nodejs
[55.087s] [  0%] Built target autoware_can_msgs_generate_messages_lisp
[55.105s] [  0%] Built target dynamic_reconfigure_generate_messages_py
[55.124s] [  0%] Built target tf2_msgs_generate_messages_lisp
[55.143s] [  0%] Built target dynamic_reconfigure_gencfg
[55.161s] [  0%] Built target nodelet_generate_messages_cpp
[55.180s] [  0%] Built target vector_map_msgs_generate_messages_nodejs
[55.198s] [  0%] Built target bond_generate_messages_py
[55.217s] [  0%] Built target std_srvs_generate_messages_nodejs
[55.236s] [  0%] Built target nodelet_generate_messages_eus
[55.255s] [  0%] Built target autoware_msgs_generate_messages_py
[55.274s] [  0%] Built target nodelet_generate_messages_lisp
[55.293s] [  0%] Built target trajectory_msgs_generate_messages_lisp
[55.311s] [  0%] Built target bond_generate_messages_cpp
[55.330s] [  0%] Built target jsk_footstep_msgs_generate_messages_cpp
[55.349s] [  0%] Built target actionlib_msgs_generate_messages_cpp
[55.368s] [  0%] Built target tf_generate_messages_eus
[55.387s] [  0%] Built target trajectory_msgs_generate_messages_nodejs
[55.406s] [  0%] Built target autoware_config_msgs_generate_messages_py
[55.425s] [  0%] Built target bond_generate_messages_nodejs
[55.444s] [  0%] Built target actionlib_msgs_generate_messages_nodejs
[55.463s] [  0%] Built target topic_tools_generate_messages_py
[55.482s] [  0%] Built target nodelet_topic_tools_gencfg
[55.501s] [  0%] Built target std_srvs_generate_messages_lisp
[55.520s] [  0%] Built target jsk_recognition_msgs_generate_messages_cpp
[55.539s] [  0%] Built target topic_tools_generate_messages_lisp
[55.558s] [  0%] Built target std_srvs_generate_messages_py
[55.577s] [  0%] Built target actionlib_generate_messages_nodejs
[55.596s] [  0%] Built target pcl_msgs_generate_messages_lisp
[55.614s] [  0%] Built target tf_generate_messages_cpp
[55.633s] [  0%] Built target tf_generate_messages_lisp
[55.652s] [  0%] Built target autoware_config_msgs_generate_messages_nodejs
[55.670s] [  0%] Built target autoware_system_msgs_generate_messages_eus
[55.688s] [  0%] Built target gazebo_msgs_generate_messages_lisp
[55.706s] [  0%] Built target gazebo_msgs_generate_messages_eus
[55.725s] [  0%] Built target trajectory_msgs_generate_messages_cpp
[55.744s] [  0%] Built target trajectory_msgs_generate_messages_eus
[55.762s] [  0%] Built target trajectory_msgs_generate_messages_py
[55.803s] [100%] Built target dp_planner
[55.824s] [36mInstall the project...[0m
[55.832s] -- Install configuration: "Release"
[55.832s] -- Installing: /home/agilex/autoware.ai/install/dp_planner/lib/pkgconfig/dp_planner.pc
[55.832s] -- Installing: /home/agilex/autoware.ai/install/dp_planner/share/dp_planner/cmake/dp_plannerConfig.cmake
[55.832s] -- Installing: /home/agilex/autoware.ai/install/dp_planner/share/dp_planner/cmake/dp_plannerConfig-version.cmake
[55.832s] -- Installing: /home/agilex/autoware.ai/install/dp_planner/share/dp_planner/package.xml
[55.832s] -- Installing: /home/agilex/autoware.ai/install/dp_planner/lib/dp_planner/dp_planner
[55.845s] -- Set runtime path of "/home/agilex/autoware.ai/install/dp_planner/lib/dp_planner/dp_planner" to ""
[55.845s] -- Installing: /home/agilex/autoware.ai/install/dp_planner/share/dp_planner/launch
[55.845s] -- Installing: /home/agilex/autoware.ai/install/dp_planner/share/dp_planner/launch/dp_planner_exp.launch
[55.845s] -- Installing: /home/agilex/autoware.ai/install/dp_planner/share/dp_planner/launch/dp_planner.launch
[55.846s] Invoked command in '/home/agilex/autoware.ai/build/dp_planner' returned '0': CMAKE_PREFIX_PATH=/home/agilex/autoware.ai/install/op_simu:/home/agilex/autoware.ai/install/op_planner:/home/agilex/autoware.ai/install/op_utility:/home/agilex/autoware.ai/install/waypoint_follower:/home/agilex/autoware.ai/install/vector_map_server:/home/agilex/autoware.ai/install/map_file:/home/agilex/autoware.ai/install/vector_map:/home/agilex/autoware.ai/install/autoware_health_checker:/home/agilex/autoware.ai/install/amathutils_lib:/home/agilex/autoware.ai/install/vector_map_msgs:/home/agilex/autoware.ai/install/tablet_socket_msgs:/home/agilex/autoware.ai/install/autoware_system_msgs:/home/agilex/autoware.ai/install/autoware_msgs:/home/agilex/autoware.ai/install/autoware_config_msgs:/home/agilex/autoware.ai/install/autoware_can_msgs:/home/agilex/autoware.ai/install/autoware_build_flags:${CMAKE_PREFIX_PATH} LD_LIBRARY_PATH=/home/agilex/autoware.ai/install/op_simu/lib:/home/agilex/autoware.ai/install/op_planner/lib:/home/agilex/autoware.ai/install/op_utility/lib:/home/agilex/autoware.ai/install/waypoint_follower/lib:/home/agilex/autoware.ai/install/map_file/lib:/home/agilex/autoware.ai/install/vector_map/lib:/home/agilex/autoware.ai/install/autoware_health_checker/lib:/home/agilex/autoware.ai/install/amathutils_lib/lib:${LD_LIBRARY_PATH} PKG_CONFIG_PATH=/home/agilex/autoware.ai/install/op_simu/lib/x86_64-linux-gnu/pkgconfig:/home/agilex/autoware.ai/install/op_simu/lib/pkgconfig:/home/agilex/autoware.ai/install/op_planner/lib/x86_64-linux-gnu/pkgconfig:/home/agilex/autoware.ai/install/op_planner/lib/pkgconfig:/home/agilex/autoware.ai/install/op_utility/lib/x86_64-linux-gnu/pkgconfig:/home/agilex/autoware.ai/install/op_utility/lib/pkgconfig:/home/agilex/autoware.ai/install/waypoint_follower/lib/x86_64-linux-gnu/pkgconfig:/home/agilex/autoware.ai/install/waypoint_follower/lib/pkgconfig:/home/agilex/autoware.ai/install/vector_map_server/lib/x86_64-linux-gnu/pkgconfig:/home/agilex/autoware.ai/install/vector_map_server/lib/pkgconfig:/home/agilex/autoware.ai/install/map_file/lib/x86_64-linux-gnu/pkgconfig:/home/agilex/autoware.ai/install/map_file/lib/pkgconfig:/home/agilex/autoware.ai/install/vector_map/lib/x86_64-linux-gnu/pkgconfig:/home/agilex/autoware.ai/install/vector_map/lib/pkgconfig:/home/agilex/autoware.ai/install/autoware_health_checker/lib/x86_64-linux-gnu/pkgconfig:/home/agilex/autoware.ai/install/autoware_health_checker/lib/pkgconfig:/home/agilex/autoware.ai/install/amathutils_lib/lib/x86_64-linux-gnu/pkgconfig:/home/agilex/autoware.ai/install/amathutils_lib/lib/pkgconfig:/home/agilex/autoware.ai/install/vector_map_msgs/lib/x86_64-linux-gnu/pkgconfig:/home/agilex/autoware.ai/install/vector_map_msgs/lib/pkgconfig:/home/agilex/autoware.ai/install/tablet_socket_msgs/lib/x86_64-linux-gnu/pkgconfig:/home/agilex/autoware.ai/install/tablet_socket_msgs/lib/pkgconfig:/home/agilex/autoware.ai/install/autoware_system_msgs/lib/x86_64-linux-gnu/pkgconfig:/home/agilex/autoware.ai/install/autoware_system_msgs/lib/pkgconfig:/home/agilex/autoware.ai/install/autoware_msgs/lib/x86_64-linux-gnu/pkgconfig:/home/agilex/autoware.ai/install/autoware_msgs/lib/pkgconfig:/home/agilex/autoware.ai/install/autoware_config_msgs/lib/x86_64-linux-gnu/pkgconfig:/home/agilex/autoware.ai/install/autoware_config_msgs/lib/pkgconfig:/home/agilex/autoware.ai/install/autoware_can_msgs/lib/x86_64-linux-gnu/pkgconfig:/home/agilex/autoware.ai/install/autoware_can_msgs/lib/pkgconfig:/home/agilex/autoware.ai/install/autoware_build_flags/lib/x86_64-linux-gnu/pkgconfig:/home/agilex/autoware.ai/install/autoware_build_flags/lib/pkgconfig:${PKG_CONFIG_PATH} PYTHONPATH=/home/agilex/autoware.ai/install/vector_map_server/lib/python2.7/dist-packages:/home/agilex/autoware.ai/install/vector_map_msgs/lib/python2.7/dist-packages:/home/agilex/autoware.ai/install/tablet_socket_msgs/lib/python2.7/dist-packages:/home/agilex/autoware.ai/install/autoware_system_msgs/lib/python2.7/dist-packages:/home/agilex/autoware.ai/install/autoware_msgs/lib/python2.7/dist-packages:/home/agilex/autoware.ai/install/autoware_config_msgs/lib/python2.7/dist-packages:/home/agilex/autoware.ai/install/autoware_can_msgs/lib/python2.7/dist-packages:${PYTHONPATH} ROS_PACKAGE_PATH=/home/agilex/autoware.ai/install/op_simu/share:/home/agilex/autoware.ai/install/op_planner/share:/home/agilex/autoware.ai/install/op_utility/share:/home/agilex/autoware.ai/install/waypoint_follower/share:/home/agilex/autoware.ai/install/vector_map_server/share:/home/agilex/autoware.ai/install/map_file/share:/home/agilex/autoware.ai/install/vector_map/share:/home/agilex/autoware.ai/install/autoware_health_checker/share:/home/agilex/autoware.ai/install/amathutils_lib/share:/home/agilex/autoware.ai/install/vector_map_msgs/share:/home/agilex/autoware.ai/install/tablet_socket_msgs/share:/home/agilex/autoware.ai/install/autoware_system_msgs/share:/home/agilex/autoware.ai/install/autoware_msgs/share:/home/agilex/autoware.ai/install/autoware_config_msgs/share:/home/agilex/autoware.ai/install/autoware_can_msgs/share:/home/agilex/autoware.ai/install/autoware_build_flags/share:${ROS_PACKAGE_PATH} /usr/bin/cmake --build /home/agilex/autoware.ai/build/dp_planner --target install -- -j8 -l8
