-- The C compiler identification is GNU 7.5.0
-- The CXX compiler identification is GNU 7.5.0
-- Check for working C compiler: /usr/bin/cc
-- Check for working C compiler: /usr/bin/cc -- works
-- Detecting C compiler ABI info
-- Detecting C compiler ABI info - done
-- Detecting C compile features
-- Detecting C compile features - done
-- Check for working CXX compiler: /usr/bin/c++
-- Check for working CXX compiler: /usr/bin/c++ -- works
-- Detecting CXX compiler ABI info
-- Detecting CXX compiler ABI info - done
-- Detecting CXX compile features
-- Detecting CXX compile features - done
-- CUDA compilation status: .
-- Using CATKIN_DEVEL_PREFIX: /home/agilex/autoware.ai/build/trafficlight_recognizer/devel
-- Using CMAKE_PREFIX_PATH: /home/agilex/autoware.ai/install/vector_map_server;/home/agilex/autoware.ai/install/libvectormap;/home/agilex/autoware.ai/install/vector_map;/home/agilex/autoware.ai/install/runtime_manager;/home/agilex/autoware.ai/install/vector_map_msgs;/home/agilex/autoware.ai/install/tablet_socket_msgs;/home/agilex/autoware.ai/install/autoware_msgs;/home/agilex/autoware.ai/install/autoware_config_msgs;/home/agilex/autoware.ai/install/autoware_build_flags;/opt/ros/melodic
-- This workspace overlays: /home/agilex/autoware.ai/install/vector_map_server;/home/agilex/autoware.ai/install/libvectormap;/home/agilex/autoware.ai/install/vector_map;/home/agilex/autoware.ai/install/runtime_manager;/home/agilex/autoware.ai/install/vector_map_msgs;/home/agilex/autoware.ai/install/tablet_socket_msgs;/home/agilex/autoware.ai/install/autoware_msgs;/home/agilex/autoware.ai/install/autoware_config_msgs;/home/agilex/autoware.ai/install/autoware_build_flags;/opt/ros/melodic
-- Found PythonInterp: /usr/bin/python2 (found suitable version "2.7.17", minimum required is "2") 
-- Using PYTHON_EXECUTABLE: /usr/bin/python2
-- Using Debian Python package layout
-- Using empy: /usr/bin/empy
-- Using CATKIN_ENABLE_TESTING: ON
-- Call enable_testing()
-- Using CATKIN_TEST_RESULTS_DIR: /home/agilex/autoware.ai/build/trafficlight_recognizer/test_results
-- Found gtest sources under '/usr/src/googletest': gtests will be built
-- Found gmock sources under '/usr/src/googletest': gmock will be built
-- Found PythonInterp: /usr/bin/python2 (found version "2.7.17") 
-- Looking for pthread.h
-- Looking for pthread.h - found
-- Looking for pthread_create
-- Looking for pthread_create - not found
-- Looking for pthread_create in pthreads
-- Looking for pthread_create in pthreads - not found
-- Looking for pthread_create in pthread
-- Looking for pthread_create in pthread - found
-- Found Threads: TRUE  
-- Using Python nosetests: /usr/bin/nosetests-2.7
-- catkin 0.7.29
-- BUILD_SHARED_LIBS is on
-- Using these message generators: gencpp;geneus;genlisp;gennodejs;genpy
-- Found OpenCV: /usr (found version "3.2.0") 
-- Found OpenGL: /usr/lib/x86_64-linux-gnu/libOpenGL.so   
-- Found TinyXML: /usr/lib/x86_64-linux-gnu/libtinyxml.so  
CMake Warning at /home/agilex/autoware.ai/install/autoware_build_flags/share/autoware_build_flags/cmake/autoware_build_flags-extras.cmake:36 (message):
  CUDA support is disabled.  Set the AUTOWARE_COMPILE_WITH_CUDA environment
  variable and recompile to enable it
Call Stack (most recent call first):
  CMakeLists.txt:251 (AW_CHECK_CUDA)


'SSD/Caffe' is not installed. 'region_tlr_ssd' will not be built.
CMake Warning at /home/agilex/autoware.ai/install/autoware_build_flags/share/autoware_build_flags/cmake/autoware_build_flags-extras.cmake:36 (message):
  CUDA support is disabled.  Set the AUTOWARE_COMPILE_WITH_CUDA environment
  variable and recompile to enable it
Call Stack (most recent call first):
  CMakeLists.txt:315 (AW_CHECK_CUDA)


'MXNET Package' is not installed. 'region_tlr_mxnet' will not be built.
-- Configuring done
-- Generating done
-- Build files have been written to: /home/agilex/autoware.ai/build/trafficlight_recognizer
[35m[1mScanning dependencies of target label_maker_autogen[0m
[  2%] [34m[1mAutomatic MOC, UIC and RCC for target label_maker[0m
[  2%] Built target label_maker_autogen
[35m[1mScanning dependencies of target vector_map_server_generate_messages_lisp[0m
[  2%] Built target vector_map_server_generate_messages_lisp
[35m[1mScanning dependencies of target jsk_footstep_msgs_generate_messages_nodejs[0m
[  2%] Built target jsk_footstep_msgs_generate_messages_nodejs
[35m[1mScanning dependencies of target jsk_footstep_msgs_generate_messages_lisp[0m
[  2%] Built target jsk_footstep_msgs_generate_messages_lisp
[35m[1mScanning dependencies of target jsk_footstep_msgs_generate_messages_eus[0m
[  2%] Built target jsk_footstep_msgs_generate_messages_eus
[35m[1mScanning dependencies of target actionlib_msgs_generate_messages_py[0m
[  2%] Built target actionlib_msgs_generate_messages_py
[35m[1mScanning dependencies of target geometry_msgs_generate_messages_py[0m
[  2%] Built target geometry_msgs_generate_messages_py
[35m[1mScanning dependencies of target pcl_msgs_generate_messages_nodejs[0m
[  2%] Built target pcl_msgs_generate_messages_nodejs
[35m[1mScanning dependencies of target jsk_recognition_msgs_generate_messages_py[0m
[  2%] Built target jsk_recognition_msgs_generate_messages_py
[35m[1mScanning dependencies of target pcl_msgs_generate_messages_eus[0m
[  2%] Built target pcl_msgs_generate_messages_eus
[35m[1mScanning dependencies of target rosgraph_msgs_generate_messages_eus[0m
[  2%] Built target rosgraph_msgs_generate_messages_eus
[35m[1mScanning dependencies of target jsk_recognition_msgs_generate_messages_lisp[0m
[  2%] Built target jsk_recognition_msgs_generate_messages_lisp
[35m[1mScanning dependencies of target jsk_recognition_msgs_generate_messages_eus[0m
[  2%] Built target jsk_recognition_msgs_generate_messages_eus
[35m[1mScanning dependencies of target tf2_msgs_generate_messages_cpp[0m
[  2%] Built target tf2_msgs_generate_messages_cpp
[35m[1mScanning dependencies of target sensor_msgs_generate_messages_py[0m
[  2%] Built target sensor_msgs_generate_messages_py
[35m[1mScanning dependencies of target tf_generate_messages_py[0m
[  2%] Built target tf_generate_messages_py
[35m[1mScanning dependencies of target sensor_msgs_generate_messages_nodejs[0m
[  2%] Built target sensor_msgs_generate_messages_nodejs
[35m[1mScanning dependencies of target vector_map_server_generate_messages_eus[0m
[  2%] Built target vector_map_server_generate_messages_eus
[35m[1mScanning dependencies of target roscpp_generate_messages_cpp[0m
[  2%] Built target roscpp_generate_messages_cpp
[35m[1mScanning dependencies of target actionlib_generate_messages_cpp[0m
[  2%] Built target actionlib_generate_messages_cpp
[35m[1mScanning dependencies of target autoware_msgs_generate_messages_lisp[0m
[  2%] Built target autoware_msgs_generate_messages_lisp
[35m[1mScanning dependencies of target jsk_footstep_msgs_generate_messages_py[0m
[  2%] Built target jsk_footstep_msgs_generate_messages_py
[35m[1mScanning dependencies of target std_msgs_generate_messages_cpp[0m
[  2%] Built target std_msgs_generate_messages_cpp
[35m[1mScanning dependencies of target visualization_msgs_generate_messages_nodejs[0m
[  2%] Built target visualization_msgs_generate_messages_nodejs
[35m[1mScanning dependencies of target geometry_msgs_generate_messages_lisp[0m
[  2%] Built target geometry_msgs_generate_messages_lisp
[35m[1mScanning dependencies of target autoware_msgs_generate_messages_py[0m
[  2%] Built target autoware_msgs_generate_messages_py
[35m[1mScanning dependencies of target std_msgs_generate_messages_py[0m
[  2%] Built target std_msgs_generate_messages_py
[35m[1mScanning dependencies of target autoware_msgs_generate_messages_cpp[0m
[  2%] Built target autoware_msgs_generate_messages_cpp
[35m[1mScanning dependencies of target rosgraph_msgs_generate_messages_cpp[0m
[  2%] Built target rosgraph_msgs_generate_messages_cpp
[35m[1mScanning dependencies of target pcl_msgs_generate_messages_cpp[0m
[  2%] Built target pcl_msgs_generate_messages_cpp
[35m[1mScanning dependencies of target jsk_recognition_msgs_generate_messages_cpp[0m
[  2%] Built target jsk_recognition_msgs_generate_messages_cpp
[35m[1mScanning dependencies of target sensor_msgs_generate_messages_lisp[0m
[  2%] Built target sensor_msgs_generate_messages_lisp
[35m[1mScanning dependencies of target autoware_msgs_generate_messages_eus[0m
[  2%] Built target autoware_msgs_generate_messages_eus
[35m[1mScanning dependencies of target autoware_msgs_generate_messages_nodejs[0m
[  2%] Built target autoware_msgs_generate_messages_nodejs
[35m[1mScanning dependencies of target visualization_msgs_generate_messages_lisp[0m
[  2%] Built target visualization_msgs_generate_messages_lisp
[35m[1mScanning dependencies of target std_msgs_generate_messages_eus[0m
[  2%] Built target std_msgs_generate_messages_eus
[35m[1mScanning dependencies of target geometry_msgs_generate_messages_eus[0m
[  2%] Built target geometry_msgs_generate_messages_eus
[35m[1mScanning dependencies of target std_msgs_generate_messages_nodejs[0m
[  2%] Built target std_msgs_generate_messages_nodejs
[35m[1mScanning dependencies of target sensor_msgs_generate_messages_eus[0m
[  2%] Built target sensor_msgs_generate_messages_eus
[35m[1mScanning dependencies of target roscpp_generate_messages_nodejs[0m
[  2%] Built target roscpp_generate_messages_nodejs
[35m[1mScanning dependencies of target std_msgs_generate_messages_lisp[0m
[  2%] Built target std_msgs_generate_messages_lisp
[35m[1mScanning dependencies of target sensor_msgs_generate_messages_cpp[0m
[  2%] Built target sensor_msgs_generate_messages_cpp
[35m[1mScanning dependencies of target actionlib_msgs_generate_messages_lisp[0m
[  2%] Built target actionlib_msgs_generate_messages_lisp
[35m[1mScanning dependencies of target actionlib_msgs_generate_messages_nodejs[0m
[  2%] Built target actionlib_msgs_generate_messages_nodejs
[35m[1mScanning dependencies of target geometry_msgs_generate_messages_nodejs[0m
[  2%] Built target geometry_msgs_generate_messages_nodejs
[35m[1mScanning dependencies of target jsk_recognition_msgs_generate_messages_nodejs[0m
[  2%] Built target jsk_recognition_msgs_generate_messages_nodejs
[35m[1mScanning dependencies of target roscpp_generate_messages_lisp[0m
[  2%] Built target roscpp_generate_messages_lisp
[35m[1mScanning dependencies of target roscpp_generate_messages_py[0m
[  2%] Built target roscpp_generate_messages_py
[35m[1mScanning dependencies of target rosgraph_msgs_generate_messages_lisp[0m
[  2%] Built target rosgraph_msgs_generate_messages_lisp
[35m[1mScanning dependencies of target rosgraph_msgs_generate_messages_nodejs[0m
[  2%] Built target rosgraph_msgs_generate_messages_nodejs
[35m[1mScanning dependencies of target vector_map_server_generate_messages_py[0m
[  2%] Built target vector_map_server_generate_messages_py
[35m[1mScanning dependencies of target actionlib_msgs_generate_messages_eus[0m
[  2%] Built target actionlib_msgs_generate_messages_eus
[35m[1mScanning dependencies of target roscpp_generate_messages_eus[0m
[  2%] Built target roscpp_generate_messages_eus
[35m[1mScanning dependencies of target rosgraph_msgs_generate_messages_py[0m
[  2%] Built target rosgraph_msgs_generate_messages_py
[35m[1mScanning dependencies of target jsk_footstep_msgs_generate_messages_cpp[0m
[  2%] Built target jsk_footstep_msgs_generate_messages_cpp
[35m[1mScanning dependencies of target actionlib_msgs_generate_messages_cpp[0m
[  2%] Built target actionlib_msgs_generate_messages_cpp
[35m[1mScanning dependencies of target tf_generate_messages_eus[0m
[  2%] Built target tf_generate_messages_eus
[35m[1mScanning dependencies of target tf_generate_messages_lisp[0m
[  2%] Built target tf_generate_messages_lisp
[35m[1mScanning dependencies of target tf_generate_messages_nodejs[0m
[  2%] Built target tf_generate_messages_nodejs
[35m[1mScanning dependencies of target pcl_msgs_generate_messages_py[0m
[  2%] Built target pcl_msgs_generate_messages_py
[35m[1mScanning dependencies of target actionlib_generate_messages_eus[0m
[  2%] Built target actionlib_generate_messages_eus
[35m[1mScanning dependencies of target geometry_msgs_generate_messages_cpp[0m
[  2%] Built target geometry_msgs_generate_messages_cpp
[35m[1mScanning dependencies of target actionlib_generate_messages_lisp[0m
[  2%] Built target actionlib_generate_messages_lisp
[35m[1mScanning dependencies of target pcl_msgs_generate_messages_lisp[0m
[  2%] Built target pcl_msgs_generate_messages_lisp
[35m[1mScanning dependencies of target tf_generate_messages_cpp[0m
[  2%] Built target tf_generate_messages_cpp
[35m[1mScanning dependencies of target actionlib_generate_messages_nodejs[0m
[  2%] Built target actionlib_generate_messages_nodejs
[35m[1mScanning dependencies of target tf2_msgs_generate_messages_lisp[0m
[  2%] Built target tf2_msgs_generate_messages_lisp
[35m[1mScanning dependencies of target actionlib_generate_messages_py[0m
[  2%] Built target actionlib_generate_messages_py
[35m[1mScanning dependencies of target tf2_msgs_generate_messages_py[0m
[  2%] Built target tf2_msgs_generate_messages_py
[35m[1mScanning dependencies of target tf2_msgs_generate_messages_nodejs[0m
[  2%] Built target tf2_msgs_generate_messages_nodejs
[35m[1mScanning dependencies of target tf2_msgs_generate_messages_eus[0m
[  2%] Built target tf2_msgs_generate_messages_eus
[35m[1mScanning dependencies of target visualization_msgs_generate_messages_cpp[0m
[  2%] Built target visualization_msgs_generate_messages_cpp
[35m[1mScanning dependencies of target vector_map_server_generate_messages_cpp[0m
[  2%] Built target vector_map_server_generate_messages_cpp
[35m[1mScanning dependencies of target visualization_msgs_generate_messages_eus[0m
[  2%] Built target visualization_msgs_generate_messages_eus
[35m[1mScanning dependencies of target visualization_msgs_generate_messages_py[0m
[  2%] Built target visualization_msgs_generate_messages_py
[35m[1mScanning dependencies of target vector_map_msgs_generate_messages_cpp[0m
[  2%] Built target vector_map_msgs_generate_messages_cpp
[  5%] [34m[1mGenerating ui_label_maker_gui.h[0m
[35m[1mScanning dependencies of target label_maker[0m
[  8%] [32mBuilding CXX object CMakeFiles/label_maker.dir/nodes/label_maker/custom_graphics_view.cpp.o[0m
[ 11%] [32mBuilding CXX object CMakeFiles/label_maker.dir/nodes/label_maker/file_system_operator.cpp.o[0m
[ 13%] [32mBuilding CXX object CMakeFiles/label_maker.dir/nodes/label_maker/label_maker.cpp.o[0m
[ 16%] [32mBuilding CXX object CMakeFiles/label_maker.dir/nodes/label_maker/label_maker_gui.cpp.o[0m
[ 19%] [32mBuilding CXX object CMakeFiles/label_maker.dir/label_maker_autogen/mocs_compilation.cpp.o[0m
[ 22%] [32m[1mLinking CXX executable devel/lib/trafficlight_recognizer/label_maker[0m
[ 22%] Built target label_maker
[35m[1mScanning dependencies of target vector_map_msgs_generate_messages_lisp[0m
[ 22%] Built target vector_map_msgs_generate_messages_lisp
[35m[1mScanning dependencies of target vector_map_msgs_generate_messages_nodejs[0m
[ 22%] Built target vector_map_msgs_generate_messages_nodejs
[35m[1mScanning dependencies of target vector_map_msgs_generate_messages_py[0m
[ 22%] Built target vector_map_msgs_generate_messages_py
[35m[1mScanning dependencies of target vector_map_server_generate_messages_nodejs[0m
[ 22%] Built target vector_map_server_generate_messages_nodejs
[35m[1mScanning dependencies of target vector_map_msgs_generate_messages_eus[0m
[ 22%] Built target vector_map_msgs_generate_messages_eus
[35m[1mScanning dependencies of target tlr_tuner_autogen[0m
[ 25%] [34m[1mAutomatic MOC, UIC and RCC for target tlr_tuner[0m
[ 25%] Built target tlr_tuner_autogen
[35m[1mScanning dependencies of target feat_proj_autogen[0m
[ 27%] [34m[1mAutomatic MOC, UIC and RCC for target feat_proj[0m
[ 27%] Built target feat_proj_autogen
[ 30%] [34m[1mGenerating ui_mainwindow.h[0m
[35m[1mScanning dependencies of target tlr_tuner[0m
[ 33%] [32mBuilding CXX object CMakeFiles/tlr_tuner.dir/nodes/tlr_tuner/tlr_tuner.cpp.o[0m
[ 36%] [32mBuilding CXX object CMakeFiles/tlr_tuner.dir/tlr_tuner_autogen/mocs_compilation.cpp.o[0m
[ 38%] [32mBuilding CXX object CMakeFiles/tlr_tuner.dir/nodes/tlr_tuner/tunerBody.cpp.o[0m
[ 41%] [32mBuilding CXX object CMakeFiles/tlr_tuner.dir/nodes/tlr_tuner/mainwindow.cpp.o[0m
[ 44%] [32m[1mLinking CXX executable devel/lib/trafficlight_recognizer/tlr_tuner[0m
[ 44%] Built target tlr_tuner
[35m[1mScanning dependencies of target feat_proj[0m
[ 47%] [32mBuilding CXX object CMakeFiles/feat_proj.dir/nodes/feat_proj/feat_proj.cpp.o[0m
[ 50%] [32mBuilding CXX object CMakeFiles/feat_proj.dir/feat_proj_autogen/mocs_compilation.cpp.o[0m
[ 52%] [32m[1mLinking CXX executable devel/lib/trafficlight_recognizer/feat_proj[0m
[ 52%] Built target feat_proj
[35m[1mScanning dependencies of target tl_switch_autogen[0m
[ 55%] [34m[1mAutomatic MOC, UIC and RCC for target tl_switch[0m
[ 55%] Built target tl_switch_autogen
[35m[1mScanning dependencies of target libcontext_autogen[0m
[ 58%] [34m[1mAutomatic MOC, UIC and RCC for target libcontext[0m
[ 58%] Built target libcontext_autogen
[35m[1mScanning dependencies of target tl_switch[0m
[ 61%] [32mBuilding CXX object CMakeFiles/tl_switch.dir/nodes/tl_switch/tl_switch.cpp.o[0m
[ 63%] [32mBuilding CXX object CMakeFiles/tl_switch.dir/tl_switch_autogen/mocs_compilation.cpp.o[0m
[ 66%] [32m[1mLinking CXX executable devel/lib/trafficlight_recognizer/tl_switch[0m
[ 66%] Built target tl_switch
[35m[1mScanning dependencies of target libcontext[0m
[ 69%] [32mBuilding CXX object CMakeFiles/libcontext.dir/lib/Context.cpp.o[0m
In file included from [01m[K/home/agilex/autoware.ai/src/autoware/core_perception/trafficlight_recognizer/lib/Context.cpp:1:0[m[K:
[01m[K/home/agilex/autoware.ai/src/autoware/core_perception/trafficlight_recognizer/include/Context.h:[m[K In static member function '[01m[Kstatic void Context::SetContexts(std::vector<Context>&, const ConstPtr&, int, int)[m[K':
[01m[K/home/agilex/autoware.ai/src/autoware/core_perception/trafficlight_recognizer/include/Context.h:14:7:[m[K [01;35m[Kwarning: [m[K'[01m[Kcurrent_signal_context.Context::newCandidateLightState[m[K' may be used uninitialized in this function [[01;35m[K-Wmaybe-uninitialized[m[K]
 class [01;35m[KContext[m[K
       [01;35m[K^~~~~~~[m[K
[01m[K/home/agilex/autoware.ai/src/autoware/core_perception/trafficlight_recognizer/include/Context.h:14:7:[m[K [01;35m[Kwarning: [m[K'[01m[Kcurrent_signal_context.Context::newCandidateLightState[m[K' may be used uninitialized in this function [[01;35m[K-Wmaybe-uninitialized[m[K]
 class [01;35m[KContext[m[K
       [01;35m[K^~~~~~~[m[K
[ 72%] [32mBuilding CXX object CMakeFiles/libcontext.dir/libcontext_autogen/mocs_compilation.cpp.o[0m
[ 75%] [32m[1mLinking CXX shared library devel/lib/liblibcontext.so[0m
[ 75%] Built target libcontext
[35m[1mScanning dependencies of target region_tlr_autogen[0m
[ 77%] [34m[1mAutomatic MOC, UIC and RCC for target region_tlr[0m
[ 77%] Built target region_tlr_autogen
[35m[1mScanning dependencies of target roi_extractor_autogen[0m
[ 80%] [34m[1mAutomatic MOC, UIC and RCC for target roi_extractor[0m
[ 80%] Built target roi_extractor_autogen
[35m[1mScanning dependencies of target region_tlr[0m
[ 83%] [32mBuilding CXX object CMakeFiles/region_tlr.dir/nodes/region_tlr/region_tlr.cpp.o[0m
[ 86%] [32mBuilding CXX object CMakeFiles/region_tlr.dir/region_tlr_autogen/mocs_compilation.cpp.o[0m
[ 88%] [32mBuilding CXX object CMakeFiles/region_tlr.dir/nodes/region_tlr/TrafficLightDetector.cpp.o[0m
[ 91%] [32m[1mLinking CXX executable devel/lib/trafficlight_recognizer/region_tlr[0m
[ 91%] Built target region_tlr
[35m[1mScanning dependencies of target roi_extractor[0m
[ 94%] [32mBuilding CXX object CMakeFiles/roi_extractor.dir/nodes/roi_extractor/roi_extractor.cpp.o[0m
[ 97%] [32mBuilding CXX object CMakeFiles/roi_extractor.dir/roi_extractor_autogen/mocs_compilation.cpp.o[0m
[100%] [32m[1mLinking CXX executable devel/lib/trafficlight_recognizer/roi_extractor[0m
[100%] Built target roi_extractor
[35m[1mScanning dependencies of target tests[0m
Built target tests
[  2%] [34m[1mAutomatic MOC, UIC and RCC for target label_maker[0m
[  2%] Built target label_maker_autogen
[  2%] Built target vector_map_server_generate_messages_lisp
[  2%] Built target jsk_footstep_msgs_generate_messages_nodejs
[  2%] Built target jsk_footstep_msgs_generate_messages_lisp
[  2%] Built target jsk_footstep_msgs_generate_messages_eus
[  2%] Built target actionlib_msgs_generate_messages_py
[  2%] Built target geometry_msgs_generate_messages_py
[  2%] Built target pcl_msgs_generate_messages_nodejs
[  2%] Built target jsk_recognition_msgs_generate_messages_py
[  2%] Built target pcl_msgs_generate_messages_eus
[  2%] Built target rosgraph_msgs_generate_messages_eus
[  2%] Built target jsk_recognition_msgs_generate_messages_lisp
[  2%] Built target jsk_recognition_msgs_generate_messages_eus
[  2%] Built target tf2_msgs_generate_messages_cpp
[  2%] Built target sensor_msgs_generate_messages_py
[  2%] Built target tf_generate_messages_py
[  2%] Built target sensor_msgs_generate_messages_nodejs
[  2%] Built target vector_map_server_generate_messages_eus
[  2%] Built target roscpp_generate_messages_cpp
[  2%] Built target actionlib_generate_messages_cpp
[  2%] Built target autoware_msgs_generate_messages_lisp
[  2%] Built target jsk_footstep_msgs_generate_messages_py
[  2%] Built target std_msgs_generate_messages_cpp
[  2%] Built target visualization_msgs_generate_messages_nodejs
[  2%] Built target geometry_msgs_generate_messages_lisp
[  2%] Built target autoware_msgs_generate_messages_py
[  2%] Built target std_msgs_generate_messages_py
[  2%] Built target autoware_msgs_generate_messages_cpp
[  2%] Built target rosgraph_msgs_generate_messages_cpp
[  2%] Built target pcl_msgs_generate_messages_cpp
[  2%] Built target jsk_recognition_msgs_generate_messages_cpp
[  2%] Built target sensor_msgs_generate_messages_lisp
[  2%] Built target autoware_msgs_generate_messages_eus
[  2%] Built target autoware_msgs_generate_messages_nodejs
[  2%] Built target visualization_msgs_generate_messages_lisp
[  2%] Built target std_msgs_generate_messages_eus
[  2%] Built target geometry_msgs_generate_messages_eus
[  2%] Built target std_msgs_generate_messages_nodejs
[  2%] Built target sensor_msgs_generate_messages_eus
[  2%] Built target roscpp_generate_messages_nodejs
[  2%] Built target std_msgs_generate_messages_lisp
[  2%] Built target sensor_msgs_generate_messages_cpp
[  2%] Built target actionlib_msgs_generate_messages_lisp
[  2%] Built target actionlib_msgs_generate_messages_nodejs
[  2%] Built target geometry_msgs_generate_messages_nodejs
[  2%] Built target jsk_recognition_msgs_generate_messages_nodejs
[  2%] Built target roscpp_generate_messages_lisp
[  2%] Built target roscpp_generate_messages_py
[  2%] Built target rosgraph_msgs_generate_messages_lisp
[  2%] Built target rosgraph_msgs_generate_messages_nodejs
[  2%] Built target vector_map_server_generate_messages_py
[  2%] Built target actionlib_msgs_generate_messages_eus
[  2%] Built target roscpp_generate_messages_eus
[  2%] Built target rosgraph_msgs_generate_messages_py
[  2%] Built target jsk_footstep_msgs_generate_messages_cpp
[  2%] Built target actionlib_msgs_generate_messages_cpp
[  2%] Built target tf_generate_messages_eus
[  2%] Built target tf_generate_messages_lisp
[  2%] Built target tf_generate_messages_nodejs
[  2%] Built target pcl_msgs_generate_messages_py
[  2%] Built target actionlib_generate_messages_eus
[  2%] Built target geometry_msgs_generate_messages_cpp
[  2%] Built target actionlib_generate_messages_lisp
[  2%] Built target pcl_msgs_generate_messages_lisp
[  2%] Built target tf_generate_messages_cpp
[  2%] Built target actionlib_generate_messages_nodejs
[  2%] Built target tf2_msgs_generate_messages_lisp
[  2%] Built target actionlib_generate_messages_py
[  2%] Built target tf2_msgs_generate_messages_py
[  2%] Built target tf2_msgs_generate_messages_nodejs
[  2%] Built target tf2_msgs_generate_messages_eus
[  2%] Built target visualization_msgs_generate_messages_cpp
[  2%] Built target vector_map_server_generate_messages_cpp
[  2%] Built target visualization_msgs_generate_messages_eus
[  2%] Built target visualization_msgs_generate_messages_py
[  2%] Built target vector_map_msgs_generate_messages_cpp
[ 22%] Built target label_maker
[ 22%] Built target vector_map_msgs_generate_messages_lisp
[ 22%] Built target vector_map_msgs_generate_messages_nodejs
[ 22%] Built target vector_map_msgs_generate_messages_py
[ 22%] Built target vector_map_server_generate_messages_nodejs
[ 22%] Built target vector_map_msgs_generate_messages_eus
[ 25%] [34m[1mAutomatic MOC, UIC and RCC for target tlr_tuner[0m
[ 25%] Built target tlr_tuner_autogen
[ 27%] [34m[1mAutomatic MOC, UIC and RCC for target feat_proj[0m
[ 27%] Built target feat_proj_autogen
[ 44%] Built target tlr_tuner
[ 52%] Built target feat_proj
[ 55%] [34m[1mAutomatic MOC, UIC and RCC for target tl_switch[0m
[ 55%] Built target tl_switch_autogen
[ 58%] [34m[1mAutomatic MOC, UIC and RCC for target libcontext[0m
[ 58%] Built target libcontext_autogen
[ 66%] Built target tl_switch
[ 75%] Built target libcontext
[ 77%] [34m[1mAutomatic MOC, UIC and RCC for target region_tlr[0m
[ 77%] Built target region_tlr_autogen
[ 80%] [34m[1mAutomatic MOC, UIC and RCC for target roi_extractor[0m
[ 80%] Built target roi_extractor_autogen
[ 91%] Built target region_tlr
[100%] Built target roi_extractor
[36mInstall the project...[0m
-- Install configuration: "Release"
-- Installing: /home/agilex/autoware.ai/install/trafficlight_recognizer/lib/pkgconfig/trafficlight_recognizer.pc
-- Installing: /home/agilex/autoware.ai/install/trafficlight_recognizer/share/trafficlight_recognizer/cmake/trafficlight_recognizerConfig.cmake
-- Installing: /home/agilex/autoware.ai/install/trafficlight_recognizer/share/trafficlight_recognizer/cmake/trafficlight_recognizerConfig-version.cmake
-- Installing: /home/agilex/autoware.ai/install/trafficlight_recognizer/share/trafficlight_recognizer/package.xml
-- Installing: /home/agilex/autoware.ai/install/trafficlight_recognizer/lib/trafficlight_recognizer/region_tlr
-- Set runtime path of "/home/agilex/autoware.ai/install/trafficlight_recognizer/lib/trafficlight_recognizer/region_tlr" to ""
-- Installing: /home/agilex/autoware.ai/install/trafficlight_recognizer/lib/trafficlight_recognizer/feat_proj
-- Set runtime path of "/home/agilex/autoware.ai/install/trafficlight_recognizer/lib/trafficlight_recognizer/feat_proj" to ""
-- Installing: /home/agilex/autoware.ai/install/trafficlight_recognizer/lib/trafficlight_recognizer/tlr_tuner
-- Set runtime path of "/home/agilex/autoware.ai/install/trafficlight_recognizer/lib/trafficlight_recognizer/tlr_tuner" to ""
-- Installing: /home/agilex/autoware.ai/install/trafficlight_recognizer/lib/trafficlight_recognizer/roi_extractor
-- Set runtime path of "/home/agilex/autoware.ai/install/trafficlight_recognizer/lib/trafficlight_recognizer/roi_extractor" to ""
-- Installing: /home/agilex/autoware.ai/install/trafficlight_recognizer/lib/trafficlight_recognizer/label_maker
-- Set runtime path of "/home/agilex/autoware.ai/install/trafficlight_recognizer/lib/trafficlight_recognizer/label_maker" to ""
-- Installing: /home/agilex/autoware.ai/install/trafficlight_recognizer/lib/liblibcontext.so
-- Installing: /home/agilex/autoware.ai/install/trafficlight_recognizer/lib/trafficlight_recognizer/tl_switch
-- Set runtime path of "/home/agilex/autoware.ai/install/trafficlight_recognizer/lib/trafficlight_recognizer/tl_switch" to ""
-- Installing: /home/agilex/autoware.ai/install/trafficlight_recognizer/include/trafficlight_recognizer/include
-- Installing: /home/agilex/autoware.ai/install/trafficlight_recognizer/include/trafficlight_recognizer/include/TrafficLight.h
-- Installing: /home/agilex/autoware.ai/install/trafficlight_recognizer/include/trafficlight_recognizer/include/Context.h
-- Installing: /home/agilex/autoware.ai/install/trafficlight_recognizer/share/trafficlight_recognizer/launch
-- Installing: /home/agilex/autoware.ai/install/trafficlight_recognizer/share/trafficlight_recognizer/launch/traffic_light_recognition_mxnet.launch
-- Installing: /home/agilex/autoware.ai/install/trafficlight_recognizer/share/trafficlight_recognizer/launch/traffic_light_recognition.launch
-- Installing: /home/agilex/autoware.ai/install/trafficlight_recognizer/share/trafficlight_recognizer/launch/traffic_light_recognition_ssd.launch
-- Installing: /home/agilex/autoware.ai/install/trafficlight_recognizer/share/trafficlight_recognizer/launch/roi_extractor.launch
-- Installing: /home/agilex/autoware.ai/install/trafficlight_recognizer/share/trafficlight_recognizer/launch/feat_proj.launch
