[0.013s] Invoking command in '/home/agilex/autoware.ai/build/ds4': CMAKE_PREFIX_PATH=/home/agilex/autoware.ai/install/ds4_msgs:/home/agilex/autoware.ai/install/ds4_driver:${CMAKE_PREFIX_PATH} PKG_CONFIG_PATH=/home/agilex/autoware.ai/install/ds4_msgs/lib/x86_64-linux-gnu/pkgconfig:/home/agilex/autoware.ai/install/ds4_msgs/lib/pkgconfig:/home/agilex/autoware.ai/install/ds4_driver/lib/x86_64-linux-gnu/pkgconfig:/home/agilex/autoware.ai/install/ds4_driver/lib/pkgconfig:${PKG_CONFIG_PATH} PYTHONPATH=/home/agilex/autoware.ai/install/ds4_msgs/lib/python2.7/dist-packages:${PYTHONPATH} ROS_PACKAGE_PATH=/home/agilex/autoware.ai/install/ds4_msgs/share:/home/agilex/autoware.ai/install/ds4_driver/share:${ROS_PACKAGE_PATH} /usr/bin/cmake /home/agilex/autoware.ai/src/drivers/ds4/ds4 -DCMAKE_BUILD_TYPE=Release -DCATKIN_INSTALL_INTO_PREFIX_ROOT=0 -DCMAKE_INSTALL_PREFIX=/home/agilex/autoware.ai/install/ds4
[0.084s] -- The C compiler identification is GNU 7.5.0
[0.145s] -- The CXX compiler identification is GNU 7.5.0
[0.150s] -- Check for working C compiler: /usr/bin/cc
[0.220s] -- Check for working C compiler: /usr/bin/cc -- works
[0.221s] -- Detecting C compiler ABI info
[0.318s] -- Detecting C compiler ABI info - done
[0.329s] -- Detecting C compile features
[0.592s] -- Detecting C compile features - done
[0.595s] -- Check for working CXX compiler: /usr/bin/c++
[0.704s] -- Check for working CXX compiler: /usr/bin/c++ -- works
[0.704s] -- Detecting CXX compiler ABI info
[0.800s] -- Detecting CXX compiler ABI info - done
[0.808s] -- Detecting CXX compile features
[1.132s] -- Detecting CXX compile features - done
[1.134s] -- Using CATKIN_DEVEL_PREFIX: /home/agilex/autoware.ai/build/ds4/devel
[1.134s] -- Using CMAKE_PREFIX_PATH: /home/agilex/autoware.ai/install/ds4_msgs;/home/agilex/autoware.ai/install/ds4_driver;/opt/ros/melodic
[1.135s] -- This workspace overlays: /home/agilex/autoware.ai/install/ds4_msgs;/home/agilex/autoware.ai/install/ds4_driver;/opt/ros/melodic
[1.152s] -- Found PythonInterp: /usr/bin/python2 (found suitable version "2.7.17", minimum required is "2") 
[1.152s] -- Using PYTHON_EXECUTABLE: /usr/bin/python2
[1.152s] -- Using Debian Python package layout
[1.153s] -- Using empy: /usr/bin/empy
[1.312s] -- Using CATKIN_ENABLE_TESTING: ON
[1.313s] -- Call enable_testing()
[1.315s] -- Using CATKIN_TEST_RESULTS_DIR: /home/agilex/autoware.ai/build/ds4/test_results
[1.333s] -- Found gtest sources under '/usr/src/googletest': gtests will be built
[1.333s] -- Found gmock sources under '/usr/src/googletest': gmock will be built
[1.346s] -- Found PythonInterp: /usr/bin/python2 (found version "2.7.17") 
[1.348s] -- Looking for pthread.h
[1.410s] -- Looking for pthread.h - found
[1.411s] -- Looking for pthread_create
[1.474s] -- Looking for pthread_create - not found
[1.475s] -- Looking for pthread_create in pthreads
[1.531s] -- Looking for pthread_create in pthreads - not found
[1.531s] -- Looking for pthread_create in pthread
[1.595s] -- Looking for pthread_create in pthread - found
[1.596s] -- Found Threads: TRUE  
[1.601s] -- Using Python nosetests: /usr/bin/nosetests-2.7
[1.644s] -- catkin 0.7.29
[1.644s] -- BUILD_SHARED_LIBS is on
[1.780s] -- Configuring done
[1.790s] -- Generating done
[1.792s] -- Build files have been written to: /home/agilex/autoware.ai/build/ds4
[1.797s] Invoked command in '/home/agilex/autoware.ai/build/ds4' returned '0': CMAKE_PREFIX_PATH=/home/agilex/autoware.ai/install/ds4_msgs:/home/agilex/autoware.ai/install/ds4_driver:${CMAKE_PREFIX_PATH} PKG_CONFIG_PATH=/home/agilex/autoware.ai/install/ds4_msgs/lib/x86_64-linux-gnu/pkgconfig:/home/agilex/autoware.ai/install/ds4_msgs/lib/pkgconfig:/home/agilex/autoware.ai/install/ds4_driver/lib/x86_64-linux-gnu/pkgconfig:/home/agilex/autoware.ai/install/ds4_driver/lib/pkgconfig:${PKG_CONFIG_PATH} PYTHONPATH=/home/agilex/autoware.ai/install/ds4_msgs/lib/python2.7/dist-packages:${PYTHONPATH} ROS_PACKAGE_PATH=/home/agilex/autoware.ai/install/ds4_msgs/share:/home/agilex/autoware.ai/install/ds4_driver/share:${ROS_PACKAGE_PATH} /usr/bin/cmake /home/agilex/autoware.ai/src/drivers/ds4/ds4 -DCMAKE_BUILD_TYPE=Release -DCATKIN_INSTALL_INTO_PREFIX_ROOT=0 -DCMAKE_INSTALL_PREFIX=/home/agilex/autoware.ai/install/ds4
[1.800s] Invoking command in '/home/agilex/autoware.ai/build/ds4': CMAKE_PREFIX_PATH=/home/agilex/autoware.ai/install/ds4_msgs:/home/agilex/autoware.ai/install/ds4_driver:${CMAKE_PREFIX_PATH} PKG_CONFIG_PATH=/home/agilex/autoware.ai/install/ds4_msgs/lib/x86_64-linux-gnu/pkgconfig:/home/agilex/autoware.ai/install/ds4_msgs/lib/pkgconfig:/home/agilex/autoware.ai/install/ds4_driver/lib/x86_64-linux-gnu/pkgconfig:/home/agilex/autoware.ai/install/ds4_driver/lib/pkgconfig:${PKG_CONFIG_PATH} PYTHONPATH=/home/agilex/autoware.ai/install/ds4_msgs/lib/python2.7/dist-packages:${PYTHONPATH} ROS_PACKAGE_PATH=/home/agilex/autoware.ai/install/ds4_msgs/share:/home/agilex/autoware.ai/install/ds4_driver/share:${ROS_PACKAGE_PATH} /usr/bin/cmake --build /home/agilex/autoware.ai/build/ds4 -- -j8 -l8
[1.838s] Invoked command in '/home/agilex/autoware.ai/build/ds4' returned '0': CMAKE_PREFIX_PATH=/home/agilex/autoware.ai/install/ds4_msgs:/home/agilex/autoware.ai/install/ds4_driver:${CMAKE_PREFIX_PATH} PKG_CONFIG_PATH=/home/agilex/autoware.ai/install/ds4_msgs/lib/x86_64-linux-gnu/pkgconfig:/home/agilex/autoware.ai/install/ds4_msgs/lib/pkgconfig:/home/agilex/autoware.ai/install/ds4_driver/lib/x86_64-linux-gnu/pkgconfig:/home/agilex/autoware.ai/install/ds4_driver/lib/pkgconfig:${PKG_CONFIG_PATH} PYTHONPATH=/home/agilex/autoware.ai/install/ds4_msgs/lib/python2.7/dist-packages:${PYTHONPATH} ROS_PACKAGE_PATH=/home/agilex/autoware.ai/install/ds4_msgs/share:/home/agilex/autoware.ai/install/ds4_driver/share:${ROS_PACKAGE_PATH} /usr/bin/cmake --build /home/agilex/autoware.ai/build/ds4 -- -j8 -l8
[1.865s] Invoking command in '/home/agilex/autoware.ai/build/ds4': CMAKE_PREFIX_PATH=/home/agilex/autoware.ai/install/ds4_msgs:/home/agilex/autoware.ai/install/ds4_driver:${CMAKE_PREFIX_PATH} PKG_CONFIG_PATH=/home/agilex/autoware.ai/install/ds4_msgs/lib/x86_64-linux-gnu/pkgconfig:/home/agilex/autoware.ai/install/ds4_msgs/lib/pkgconfig:/home/agilex/autoware.ai/install/ds4_driver/lib/x86_64-linux-gnu/pkgconfig:/home/agilex/autoware.ai/install/ds4_driver/lib/pkgconfig:${PKG_CONFIG_PATH} PYTHONPATH=/home/agilex/autoware.ai/install/ds4_msgs/lib/python2.7/dist-packages:${PYTHONPATH} ROS_PACKAGE_PATH=/home/agilex/autoware.ai/install/ds4_msgs/share:/home/agilex/autoware.ai/install/ds4_driver/share:${ROS_PACKAGE_PATH} /usr/bin/cmake --build /home/agilex/autoware.ai/build/ds4 --target tests -- -j8 -l8
[1.919s] [35m[1mScanning dependencies of target tests[0m
[1.928s] Built target tests
[1.940s] Invoked command in '/home/agilex/autoware.ai/build/ds4' returned '0': CMAKE_PREFIX_PATH=/home/agilex/autoware.ai/install/ds4_msgs:/home/agilex/autoware.ai/install/ds4_driver:${CMAKE_PREFIX_PATH} PKG_CONFIG_PATH=/home/agilex/autoware.ai/install/ds4_msgs/lib/x86_64-linux-gnu/pkgconfig:/home/agilex/autoware.ai/install/ds4_msgs/lib/pkgconfig:/home/agilex/autoware.ai/install/ds4_driver/lib/x86_64-linux-gnu/pkgconfig:/home/agilex/autoware.ai/install/ds4_driver/lib/pkgconfig:${PKG_CONFIG_PATH} PYTHONPATH=/home/agilex/autoware.ai/install/ds4_msgs/lib/python2.7/dist-packages:${PYTHONPATH} ROS_PACKAGE_PATH=/home/agilex/autoware.ai/install/ds4_msgs/share:/home/agilex/autoware.ai/install/ds4_driver/share:${ROS_PACKAGE_PATH} /usr/bin/cmake --build /home/agilex/autoware.ai/build/ds4 --target tests -- -j8 -l8
[1.965s] Invoking command in '/home/agilex/autoware.ai/build/ds4': CMAKE_PREFIX_PATH=/home/agilex/autoware.ai/install/ds4_msgs:/home/agilex/autoware.ai/install/ds4_driver:${CMAKE_PREFIX_PATH} PKG_CONFIG_PATH=/home/agilex/autoware.ai/install/ds4_msgs/lib/x86_64-linux-gnu/pkgconfig:/home/agilex/autoware.ai/install/ds4_msgs/lib/pkgconfig:/home/agilex/autoware.ai/install/ds4_driver/lib/x86_64-linux-gnu/pkgconfig:/home/agilex/autoware.ai/install/ds4_driver/lib/pkgconfig:${PKG_CONFIG_PATH} PYTHONPATH=/home/agilex/autoware.ai/install/ds4_msgs/lib/python2.7/dist-packages:${PYTHONPATH} ROS_PACKAGE_PATH=/home/agilex/autoware.ai/install/ds4_msgs/share:/home/agilex/autoware.ai/install/ds4_driver/share:${ROS_PACKAGE_PATH} /usr/bin/cmake --build /home/agilex/autoware.ai/build/ds4 --target install -- -j8 -l8
[2.012s] [36mInstall the project...[0m
[2.020s] -- Install configuration: "Release"
[2.020s] -- Installing: /home/agilex/autoware.ai/install/ds4/share/ds4/package.xml
[2.025s] Invoked command in '/home/agilex/autoware.ai/build/ds4' returned '0': CMAKE_PREFIX_PATH=/home/agilex/autoware.ai/install/ds4_msgs:/home/agilex/autoware.ai/install/ds4_driver:${CMAKE_PREFIX_PATH} PKG_CONFIG_PATH=/home/agilex/autoware.ai/install/ds4_msgs/lib/x86_64-linux-gnu/pkgconfig:/home/agilex/autoware.ai/install/ds4_msgs/lib/pkgconfig:/home/agilex/autoware.ai/install/ds4_driver/lib/x86_64-linux-gnu/pkgconfig:/home/agilex/autoware.ai/install/ds4_driver/lib/pkgconfig:${PKG_CONFIG_PATH} PYTHONPATH=/home/agilex/autoware.ai/install/ds4_msgs/lib/python2.7/dist-packages:${PYTHONPATH} ROS_PACKAGE_PATH=/home/agilex/autoware.ai/install/ds4_msgs/share:/home/agilex/autoware.ai/install/ds4_driver/share:${ROS_PACKAGE_PATH} /usr/bin/cmake --build /home/agilex/autoware.ai/build/ds4 --target install -- -j8 -l8
