[0.014s] Invoking command in '/home/agilex/autoware.ai/build/graph_tools': /usr/bin/cmake /home/agilex/autoware.ai/src/autoware/utilities/graph_tools -DCMAKE_BUILD_TYPE=Release -DCATKIN_INSTALL_INTO_PREFIX_ROOT=0 -DCMAKE_INSTALL_PREFIX=/home/agilex/autoware.ai/install/graph_tools
[0.081s] -- The C compiler identification is GNU 7.5.0
[0.138s] -- The CXX compiler identification is GNU 7.5.0
[0.143s] -- Check for working C compiler: /usr/bin/cc
[0.205s] -- Check for working C compiler: /usr/bin/cc -- works
[0.205s] -- Detecting C compiler ABI info
[0.267s] -- Detecting C compiler ABI info - done
[0.275s] -- Detecting C compile features
[0.460s] -- Detecting C compile features - done
[0.463s] -- Check for working CXX compiler: /usr/bin/c++
[0.528s] -- Check for working CXX compiler: /usr/bin/c++ -- works
[0.529s] -- Detecting CXX compiler ABI info
[0.599s] -- Detecting CXX compiler ABI info - done
[0.607s] -- Detecting CXX compile features
[0.914s] -- Detecting CXX compile features - done
[0.916s] -- Using CATKIN_DEVEL_PREFIX: /home/agilex/autoware.ai/build/graph_tools/devel
[0.916s] -- Using CMAKE_PREFIX_PATH: /opt/ros/melodic
[0.917s] -- This workspace overlays: /opt/ros/melodic
[0.929s] -- Found PythonInterp: /usr/bin/python2 (found suitable version "2.7.17", minimum required is "2") 
[0.929s] -- Using PYTHON_EXECUTABLE: /usr/bin/python2
[0.930s] -- Using Debian Python package layout
[0.930s] -- Using empy: /usr/bin/empy
[1.083s] -- Using CATKIN_ENABLE_TESTING: ON
[1.083s] -- Call enable_testing()
[1.084s] -- Using CATKIN_TEST_RESULTS_DIR: /home/agilex/autoware.ai/build/graph_tools/test_results
[1.101s] -- Found gtest sources under '/usr/src/googletest': gtests will be built
[1.101s] -- Found gmock sources under '/usr/src/googletest': gmock will be built
[1.114s] -- Found PythonInterp: /usr/bin/python2 (found version "2.7.17") 
[1.115s] -- Looking for pthread.h
[1.176s] -- Looking for pthread.h - found
[1.176s] -- Looking for pthread_create
[1.247s] -- Looking for pthread_create - not found
[1.247s] -- Looking for pthread_create in pthreads
[1.311s] -- Looking for pthread_create in pthreads - not found
[1.311s] -- Looking for pthread_create in pthread
[1.382s] -- Looking for pthread_create in pthread - found
[1.382s] -- Found Threads: TRUE  
[1.382s] -- Using Python nosetests: /usr/bin/nosetests-2.7
[1.430s] -- catkin 0.7.29
[1.430s] -- BUILD_SHARED_LIBS is on
[1.639s] -- Configuring done
[1.648s] -- Generating done
[1.650s] -- Build files have been written to: /home/agilex/autoware.ai/build/graph_tools
[1.654s] Invoked command in '/home/agilex/autoware.ai/build/graph_tools' returned '0': /usr/bin/cmake /home/agilex/autoware.ai/src/autoware/utilities/graph_tools -DCMAKE_BUILD_TYPE=Release -DCATKIN_INSTALL_INTO_PREFIX_ROOT=0 -DCMAKE_INSTALL_PREFIX=/home/agilex/autoware.ai/install/graph_tools
[1.657s] Invoking command in '/home/agilex/autoware.ai/build/graph_tools': /usr/bin/cmake --build /home/agilex/autoware.ai/build/graph_tools -- -j8 -l8
[1.693s] Invoked command in '/home/agilex/autoware.ai/build/graph_tools' returned '0': /usr/bin/cmake --build /home/agilex/autoware.ai/build/graph_tools -- -j8 -l8
[1.737s] Invoking command in '/home/agilex/autoware.ai/build/graph_tools': /usr/bin/cmake --build /home/agilex/autoware.ai/build/graph_tools --target tests -- -j8 -l8
[1.781s] [35m[1mScanning dependencies of target tests[0m
[1.790s] Built target tests
[1.801s] Invoked command in '/home/agilex/autoware.ai/build/graph_tools' returned '0': /usr/bin/cmake --build /home/agilex/autoware.ai/build/graph_tools --target tests -- -j8 -l8
[1.836s] Invoking command in '/home/agilex/autoware.ai/build/graph_tools': /usr/bin/cmake --build /home/agilex/autoware.ai/build/graph_tools --target install -- -j8 -l8
[1.882s] [36mInstall the project...[0m
[1.890s] -- Install configuration: "Release"
[1.890s] -- Installing: /home/agilex/autoware.ai/install/graph_tools/lib/pkgconfig/graph_tools.pc
[1.891s] -- Installing: /home/agilex/autoware.ai/install/graph_tools/share/graph_tools/cmake/graph_toolsConfig.cmake
[1.891s] -- Installing: /home/agilex/autoware.ai/install/graph_tools/share/graph_tools/cmake/graph_toolsConfig-version.cmake
[1.891s] -- Installing: /home/agilex/autoware.ai/install/graph_tools/share/graph_tools/package.xml
[1.896s] Invoked command in '/home/agilex/autoware.ai/build/graph_tools' returned '0': /usr/bin/cmake --build /home/agilex/autoware.ai/build/graph_tools --target install -- -j8 -l8
