[0.014s] Invoking command in '/home/agilex/autoware.ai/build/gnss_localizer': CMAKE_PREFIX_PATH=/home/agilex/autoware.ai/install/gnss:/home/agilex/autoware.ai/install/autoware_build_flags:${CMAKE_PREFIX_PATH} LD_LIBRARY_PATH=/home/agilex/autoware.ai/install/gnss/lib:${LD_LIBRARY_PATH} PKG_CONFIG_PATH=/home/agilex/autoware.ai/install/gnss/lib/x86_64-linux-gnu/pkgconfig:/home/agilex/autoware.ai/install/gnss/lib/pkgconfig:/home/agilex/autoware.ai/install/autoware_build_flags/lib/x86_64-linux-gnu/pkgconfig:/home/agilex/autoware.ai/install/autoware_build_flags/lib/pkgconfig:${PKG_CONFIG_PATH} ROS_PACKAGE_PATH=/home/agilex/autoware.ai/install/gnss/share:/home/agilex/autoware.ai/install/autoware_build_flags/share:${ROS_PACKAGE_PATH} /usr/bin/cmake /home/agilex/autoware.ai/src/autoware/core_perception/gnss_localizer -DCMAKE_BUILD_TYPE=Release -DCATKIN_INSTALL_INTO_PREFIX_ROOT=0 -DCMAKE_INSTALL_PREFIX=/home/agilex/autoware.ai/install/gnss_localizer
[0.072s] -- The C compiler identification is GNU 7.5.0
[0.130s] -- The CXX compiler identification is GNU 7.5.0
[0.134s] -- Check for working C compiler: /usr/bin/cc
[0.193s] -- Check for working C compiler: /usr/bin/cc -- works
[0.194s] -- Detecting C compiler ABI info
[0.252s] -- Detecting C compiler ABI info - done
[0.261s] -- Detecting C compile features
[0.450s] -- Detecting C compile features - done
[0.453s] -- Check for working CXX compiler: /usr/bin/c++
[0.524s] -- Check for working CXX compiler: /usr/bin/c++ -- works
[0.525s] -- Detecting CXX compiler ABI info
[0.594s] -- Detecting CXX compiler ABI info - done
[0.602s] -- Detecting CXX compile features
[0.909s] -- Detecting CXX compile features - done
[0.910s] -- CUDA compilation status: .
[0.914s] -- Using CATKIN_DEVEL_PREFIX: /home/agilex/autoware.ai/build/gnss_localizer/devel
[0.919s] -- Using CMAKE_PREFIX_PATH: /home/agilex/autoware.ai/install/gnss;/home/agilex/autoware.ai/install/autoware_build_flags;/opt/ros/melodic
[0.920s] -- This workspace overlays: /home/agilex/autoware.ai/install/gnss;/home/agilex/autoware.ai/install/autoware_build_flags;/opt/ros/melodic
[0.933s] -- Found PythonInterp: /usr/bin/python2 (found suitable version "2.7.17", minimum required is "2") 
[0.933s] -- Using PYTHON_EXECUTABLE: /usr/bin/python2
[0.933s] -- Using Debian Python package layout
[0.934s] -- Using empy: /usr/bin/empy
[1.090s] -- Using CATKIN_ENABLE_TESTING: ON
[1.091s] -- Call enable_testing()
[1.095s] -- Using CATKIN_TEST_RESULTS_DIR: /home/agilex/autoware.ai/build/gnss_localizer/test_results
[1.113s] -- Found gtest sources under '/usr/src/googletest': gtests will be built
[1.113s] -- Found gmock sources under '/usr/src/googletest': gmock will be built
[1.125s] -- Found PythonInterp: /usr/bin/python2 (found version "2.7.17") 
[1.126s] -- Looking for pthread.h
[1.187s] -- Looking for pthread.h - found
[1.188s] -- Looking for pthread_create
[1.246s] -- Looking for pthread_create - not found
[1.246s] -- Looking for pthread_create in pthreads
[1.293s] -- Looking for pthread_create in pthreads - not found
[1.294s] -- Looking for pthread_create in pthread
[1.350s] -- Looking for pthread_create in pthread - found
[1.351s] -- Found Threads: TRUE  
[1.356s] -- Using Python nosetests: /usr/bin/nosetests-2.7
[1.398s] -- catkin 0.7.29
[1.398s] -- BUILD_SHARED_LIBS is on
[1.588s] -- Using these message generators: gencpp;geneus;genlisp;gennodejs;genpy
[1.806s] -- Configuring done
[1.834s] -- Generating done
[1.841s] -- Build files have been written to: /home/agilex/autoware.ai/build/gnss_localizer
[1.848s] Invoked command in '/home/agilex/autoware.ai/build/gnss_localizer' returned '0': CMAKE_PREFIX_PATH=/home/agilex/autoware.ai/install/gnss:/home/agilex/autoware.ai/install/autoware_build_flags:${CMAKE_PREFIX_PATH} LD_LIBRARY_PATH=/home/agilex/autoware.ai/install/gnss/lib:${LD_LIBRARY_PATH} PKG_CONFIG_PATH=/home/agilex/autoware.ai/install/gnss/lib/x86_64-linux-gnu/pkgconfig:/home/agilex/autoware.ai/install/gnss/lib/pkgconfig:/home/agilex/autoware.ai/install/autoware_build_flags/lib/x86_64-linux-gnu/pkgconfig:/home/agilex/autoware.ai/install/autoware_build_flags/lib/pkgconfig:${PKG_CONFIG_PATH} ROS_PACKAGE_PATH=/home/agilex/autoware.ai/install/gnss/share:/home/agilex/autoware.ai/install/autoware_build_flags/share:${ROS_PACKAGE_PATH} /usr/bin/cmake /home/agilex/autoware.ai/src/autoware/core_perception/gnss_localizer -DCMAKE_BUILD_TYPE=Release -DCATKIN_INSTALL_INTO_PREFIX_ROOT=0 -DCMAKE_INSTALL_PREFIX=/home/agilex/autoware.ai/install/gnss_localizer
[1.849s] Invoking command in '/home/agilex/autoware.ai/build/gnss_localizer': CMAKE_PREFIX_PATH=/home/agilex/autoware.ai/install/gnss:/home/agilex/autoware.ai/install/autoware_build_flags:${CMAKE_PREFIX_PATH} LD_LIBRARY_PATH=/home/agilex/autoware.ai/install/gnss/lib:${LD_LIBRARY_PATH} PKG_CONFIG_PATH=/home/agilex/autoware.ai/install/gnss/lib/x86_64-linux-gnu/pkgconfig:/home/agilex/autoware.ai/install/gnss/lib/pkgconfig:/home/agilex/autoware.ai/install/autoware_build_flags/lib/x86_64-linux-gnu/pkgconfig:/home/agilex/autoware.ai/install/autoware_build_flags/lib/pkgconfig:${PKG_CONFIG_PATH} ROS_PACKAGE_PATH=/home/agilex/autoware.ai/install/gnss/share:/home/agilex/autoware.ai/install/autoware_build_flags/share:${ROS_PACKAGE_PATH} /usr/bin/cmake --build /home/agilex/autoware.ai/build/gnss_localizer -- -j8 -l8
[1.890s] [35m[1mScanning dependencies of target geometry_msgs_generate_messages_py[0m
[1.900s] [  0%] Built target geometry_msgs_generate_messages_py
[1.909s] [35m[1mScanning dependencies of target actionlib_msgs_generate_messages_lisp[0m
[1.918s] [  0%] Built target actionlib_msgs_generate_messages_lisp
[1.928s] [35m[1mScanning dependencies of target actionlib_msgs_generate_messages_eus[0m
[1.937s] [  0%] Built target actionlib_msgs_generate_messages_eus
[1.946s] [35m[1mScanning dependencies of target actionlib_generate_messages_py[0m
[1.955s] [  0%] Built target actionlib_generate_messages_py
[1.965s] [35m[1mScanning dependencies of target actionlib_generate_messages_nodejs[0m
[1.974s] [  0%] Built target actionlib_generate_messages_nodejs
[1.984s] [35m[1mScanning dependencies of target actionlib_generate_messages_lisp[0m
[1.996s] [  0%] Built target actionlib_generate_messages_lisp
[2.005s] [35m[1mScanning dependencies of target actionlib_generate_messages_eus[0m
[2.015s] [  0%] Built target actionlib_generate_messages_eus
[2.024s] [35m[1mScanning dependencies of target rosgraph_msgs_generate_messages_nodejs[0m
[2.034s] [  0%] Built target rosgraph_msgs_generate_messages_nodejs
[2.043s] [35m[1mScanning dependencies of target std_msgs_generate_messages_eus[0m
[2.052s] [  0%] Built target std_msgs_generate_messages_eus
[2.062s] [35m[1mScanning dependencies of target sensor_msgs_generate_messages_py[0m
[2.072s] [  0%] Built target sensor_msgs_generate_messages_py
[2.081s] [35m[1mScanning dependencies of target tf_generate_messages_py[0m
[2.091s] [  0%] Built target tf_generate_messages_py
[2.100s] [35m[1mScanning dependencies of target rosgraph_msgs_generate_messages_lisp[0m
[2.110s] [  0%] Built target rosgraph_msgs_generate_messages_lisp
[2.119s] [35m[1mScanning dependencies of target rosgraph_msgs_generate_messages_eus[0m
[2.129s] [  0%] Built target rosgraph_msgs_generate_messages_eus
[2.138s] [35m[1mScanning dependencies of target tf_generate_messages_eus[0m
[2.147s] [  0%] Built target tf_generate_messages_eus
[2.156s] [35m[1mScanning dependencies of target rosgraph_msgs_generate_messages_cpp[0m
[2.166s] [  0%] Built target rosgraph_msgs_generate_messages_cpp
[2.175s] [35m[1mScanning dependencies of target roscpp_generate_messages_py[0m
[2.184s] [  0%] Built target roscpp_generate_messages_py
[2.194s] [35m[1mScanning dependencies of target std_msgs_generate_messages_py[0m
[2.203s] [  0%] Built target std_msgs_generate_messages_py
[2.212s] [35m[1mScanning dependencies of target geometry_msgs_generate_messages_eus[0m
[2.221s] [  0%] Built target geometry_msgs_generate_messages_eus
[2.231s] [35m[1mScanning dependencies of target roscpp_generate_messages_nodejs[0m
[2.240s] [  0%] Built target roscpp_generate_messages_nodejs
[2.249s] [35m[1mScanning dependencies of target roscpp_generate_messages_eus[0m
[2.259s] [  0%] Built target roscpp_generate_messages_eus
[2.268s] [35m[1mScanning dependencies of target roscpp_generate_messages_lisp[0m
[2.278s] [  0%] Built target roscpp_generate_messages_lisp
[2.287s] [35m[1mScanning dependencies of target tf_generate_messages_lisp[0m
[2.297s] [  0%] Built target tf_generate_messages_lisp
[2.322s] [35m[1mScanning dependencies of target actionlib_generate_messages_cpp[0m
[2.341s] [  0%] Built target actionlib_generate_messages_cpp
[2.350s] [35m[1mScanning dependencies of target sensor_msgs_generate_messages_nodejs[0m
[2.362s] [  0%] Built target sensor_msgs_generate_messages_nodejs
[2.372s] [35m[1mScanning dependencies of target roscpp_generate_messages_cpp[0m
[2.383s] [  0%] Built target roscpp_generate_messages_cpp
[2.395s] [35m[1mScanning dependencies of target actionlib_msgs_generate_messages_nodejs[0m
[2.411s] [  0%] Built target actionlib_msgs_generate_messages_nodejs
[2.438s] [35m[1mScanning dependencies of target std_msgs_generate_messages_cpp[0m
[2.471s] [  0%] Built target std_msgs_generate_messages_cpp
[2.503s] [35m[1mScanning dependencies of target geometry_msgs_generate_messages_nodejs[0m
[2.538s] [  0%] Built target geometry_msgs_generate_messages_nodejs
[2.571s] [35m[1mScanning dependencies of target sensor_msgs_generate_messages_eus[0m
[2.604s] [  0%] Built target sensor_msgs_generate_messages_eus
[2.638s] [35m[1mScanning dependencies of target nmea_msgs_generate_messages_lisp[0m
[2.682s] [  0%] Built target nmea_msgs_generate_messages_lisp
[2.704s] [35m[1mScanning dependencies of target sensor_msgs_generate_messages_lisp[0m
[2.744s] [  0%] Built target sensor_msgs_generate_messages_lisp
[2.754s] [35m[1mScanning dependencies of target tf_generate_messages_nodejs[0m
[2.785s] [  0%] Built target tf_generate_messages_nodejs
[2.795s] [35m[1mScanning dependencies of target std_msgs_generate_messages_lisp[0m
[2.818s] [  0%] Built target std_msgs_generate_messages_lisp
[2.832s] [35m[1mScanning dependencies of target tf_generate_messages_cpp[0m
[2.853s] [  0%] Built target tf_generate_messages_cpp
[2.880s] [35m[1mScanning dependencies of target sensor_msgs_generate_messages_cpp[0m
[2.889s] [  0%] Built target sensor_msgs_generate_messages_cpp
[2.911s] [35m[1mScanning dependencies of target actionlib_msgs_generate_messages_cpp[0m
[2.925s] [  0%] Built target actionlib_msgs_generate_messages_cpp
[2.934s] [35m[1mScanning dependencies of target nmea_msgs_generate_messages_eus[0m
[2.943s] [  0%] Built target nmea_msgs_generate_messages_eus
[2.959s] [35m[1mScanning dependencies of target rosgraph_msgs_generate_messages_py[0m
[2.971s] [  0%] Built target rosgraph_msgs_generate_messages_py
[2.980s] [35m[1mScanning dependencies of target nmea_msgs_generate_messages_cpp[0m
[2.992s] [  0%] Built target nmea_msgs_generate_messages_cpp
[3.005s] [35m[1mScanning dependencies of target nmea_msgs_generate_messages_nodejs[0m
[3.013s] [  0%] Built target nmea_msgs_generate_messages_nodejs
[3.035s] [35m[1mScanning dependencies of target std_msgs_generate_messages_nodejs[0m
[3.044s] [  0%] Built target std_msgs_generate_messages_nodejs
[3.052s] [35m[1mScanning dependencies of target nmea_msgs_generate_messages_py[0m
[3.062s] [  0%] Built target nmea_msgs_generate_messages_py
[3.084s] [35m[1mScanning dependencies of target geometry_msgs_generate_messages_cpp[0m
[3.093s] [  0%] Built target geometry_msgs_generate_messages_cpp
[3.117s] [35m[1mScanning dependencies of target geometry_msgs_generate_messages_lisp[0m
[3.127s] [  0%] Built target geometry_msgs_generate_messages_lisp
[3.143s] [35m[1mScanning dependencies of target actionlib_msgs_generate_messages_py[0m
[3.169s] [  0%] Built target actionlib_msgs_generate_messages_py
[3.196s] [35m[1mScanning dependencies of target tf2_msgs_generate_messages_cpp[0m
[3.211s] [  0%] Built target tf2_msgs_generate_messages_cpp
[3.229s] [35m[1mScanning dependencies of target tf2_msgs_generate_messages_eus[0m
[3.246s] [  0%] Built target tf2_msgs_generate_messages_eus
[3.262s] [35m[1mScanning dependencies of target tf2_msgs_generate_messages_lisp[0m
[3.271s] [  0%] Built target tf2_msgs_generate_messages_lisp
[3.279s] [35m[1mScanning dependencies of target tf2_msgs_generate_messages_py[0m
[3.289s] [  0%] Built target tf2_msgs_generate_messages_py
[3.298s] [35m[1mScanning dependencies of target tf2_msgs_generate_messages_nodejs[0m
[3.307s] [  0%] Built target tf2_msgs_generate_messages_nodejs
[3.316s] [35m[1mScanning dependencies of target nmea2tfpose[0m
[3.337s] [ 20%] [32mBuilding CXX object CMakeFiles/nmea2tfpose.dir/nodes/nmea2tfpose/nmea2tfpose_core.cpp.o[0m
[7.119s] [ 40%] [32mBuilding CXX object CMakeFiles/nmea2tfpose.dir/nodes/nmea2tfpose/nmea2tfpose_node.cpp.o[0m
[9.433s] [ 60%] [32m[1mLinking CXX executable devel/lib/gnss_localizer/nmea2tfpose[0m
[9.592s] [ 60%] Built target nmea2tfpose
[9.601s] [35m[1mScanning dependencies of target fix2tfpose[0m
[9.620s] [ 80%] [32mBuilding CXX object CMakeFiles/fix2tfpose.dir/nodes/fix2tfpose/fix2tfpose.cpp.o[0m
[13.208s] [100%] [32m[1mLinking CXX executable devel/lib/gnss_localizer/fix2tfpose[0m
[13.364s] [100%] Built target fix2tfpose
[13.375s] Invoked command in '/home/agilex/autoware.ai/build/gnss_localizer' returned '0': CMAKE_PREFIX_PATH=/home/agilex/autoware.ai/install/gnss:/home/agilex/autoware.ai/install/autoware_build_flags:${CMAKE_PREFIX_PATH} LD_LIBRARY_PATH=/home/agilex/autoware.ai/install/gnss/lib:${LD_LIBRARY_PATH} PKG_CONFIG_PATH=/home/agilex/autoware.ai/install/gnss/lib/x86_64-linux-gnu/pkgconfig:/home/agilex/autoware.ai/install/gnss/lib/pkgconfig:/home/agilex/autoware.ai/install/autoware_build_flags/lib/x86_64-linux-gnu/pkgconfig:/home/agilex/autoware.ai/install/autoware_build_flags/lib/pkgconfig:${PKG_CONFIG_PATH} ROS_PACKAGE_PATH=/home/agilex/autoware.ai/install/gnss/share:/home/agilex/autoware.ai/install/autoware_build_flags/share:${ROS_PACKAGE_PATH} /usr/bin/cmake --build /home/agilex/autoware.ai/build/gnss_localizer -- -j8 -l8
[13.492s] Invoking command in '/home/agilex/autoware.ai/build/gnss_localizer': CMAKE_PREFIX_PATH=/home/agilex/autoware.ai/install/gnss:/home/agilex/autoware.ai/install/autoware_build_flags:${CMAKE_PREFIX_PATH} LD_LIBRARY_PATH=/home/agilex/autoware.ai/install/gnss/lib:${LD_LIBRARY_PATH} PKG_CONFIG_PATH=/home/agilex/autoware.ai/install/gnss/lib/x86_64-linux-gnu/pkgconfig:/home/agilex/autoware.ai/install/gnss/lib/pkgconfig:/home/agilex/autoware.ai/install/autoware_build_flags/lib/x86_64-linux-gnu/pkgconfig:/home/agilex/autoware.ai/install/autoware_build_flags/lib/pkgconfig:${PKG_CONFIG_PATH} ROS_PACKAGE_PATH=/home/agilex/autoware.ai/install/gnss/share:/home/agilex/autoware.ai/install/autoware_build_flags/share:${ROS_PACKAGE_PATH} /usr/bin/cmake --build /home/agilex/autoware.ai/build/gnss_localizer --target tests -- -j8 -l8
[13.548s] [35m[1mScanning dependencies of target tests[0m
[13.560s] Built target tests
[13.573s] Invoked command in '/home/agilex/autoware.ai/build/gnss_localizer' returned '0': CMAKE_PREFIX_PATH=/home/agilex/autoware.ai/install/gnss:/home/agilex/autoware.ai/install/autoware_build_flags:${CMAKE_PREFIX_PATH} LD_LIBRARY_PATH=/home/agilex/autoware.ai/install/gnss/lib:${LD_LIBRARY_PATH} PKG_CONFIG_PATH=/home/agilex/autoware.ai/install/gnss/lib/x86_64-linux-gnu/pkgconfig:/home/agilex/autoware.ai/install/gnss/lib/pkgconfig:/home/agilex/autoware.ai/install/autoware_build_flags/lib/x86_64-linux-gnu/pkgconfig:/home/agilex/autoware.ai/install/autoware_build_flags/lib/pkgconfig:${PKG_CONFIG_PATH} ROS_PACKAGE_PATH=/home/agilex/autoware.ai/install/gnss/share:/home/agilex/autoware.ai/install/autoware_build_flags/share:${ROS_PACKAGE_PATH} /usr/bin/cmake --build /home/agilex/autoware.ai/build/gnss_localizer --target tests -- -j8 -l8
[13.654s] Invoking command in '/home/agilex/autoware.ai/build/gnss_localizer': CMAKE_PREFIX_PATH=/home/agilex/autoware.ai/install/gnss:/home/agilex/autoware.ai/install/autoware_build_flags:${CMAKE_PREFIX_PATH} LD_LIBRARY_PATH=/home/agilex/autoware.ai/install/gnss/lib:${LD_LIBRARY_PATH} PKG_CONFIG_PATH=/home/agilex/autoware.ai/install/gnss/lib/x86_64-linux-gnu/pkgconfig:/home/agilex/autoware.ai/install/gnss/lib/pkgconfig:/home/agilex/autoware.ai/install/autoware_build_flags/lib/x86_64-linux-gnu/pkgconfig:/home/agilex/autoware.ai/install/autoware_build_flags/lib/pkgconfig:${PKG_CONFIG_PATH} ROS_PACKAGE_PATH=/home/agilex/autoware.ai/install/gnss/share:/home/agilex/autoware.ai/install/autoware_build_flags/share:${ROS_PACKAGE_PATH} /usr/bin/cmake --build /home/agilex/autoware.ai/build/gnss_localizer --target install -- -j8 -l8
[13.704s] [  0%] Built target geometry_msgs_generate_messages_py
[13.727s] [  0%] Built target actionlib_msgs_generate_messages_lisp
[13.750s] [  0%] Built target actionlib_msgs_generate_messages_eus
[13.768s] [  0%] Built target actionlib_generate_messages_py
[13.785s] [  0%] Built target actionlib_generate_messages_nodejs
[13.806s] [  0%] Built target actionlib_generate_messages_lisp
[13.822s] [  0%] Built target actionlib_generate_messages_eus
[13.840s] [  0%] Built target rosgraph_msgs_generate_messages_nodejs
[13.858s] [  0%] Built target std_msgs_generate_messages_eus
[13.876s] [  0%] Built target sensor_msgs_generate_messages_py
[13.892s] [  0%] Built target tf_generate_messages_py
[13.909s] [  0%] Built target rosgraph_msgs_generate_messages_lisp
[13.928s] [  0%] Built target rosgraph_msgs_generate_messages_eus
[13.944s] [  0%] Built target tf_generate_messages_eus
[13.962s] [  0%] Built target rosgraph_msgs_generate_messages_cpp
[13.986s] [  0%] Built target roscpp_generate_messages_py
[14.005s] [  0%] Built target std_msgs_generate_messages_py
[14.022s] [  0%] Built target geometry_msgs_generate_messages_eus
[14.039s] [  0%] Built target roscpp_generate_messages_nodejs
[14.056s] [  0%] Built target roscpp_generate_messages_eus
[14.072s] [  0%] Built target roscpp_generate_messages_lisp
[14.096s] [  0%] Built target tf_generate_messages_lisp
[14.135s] [  0%] Built target actionlib_generate_messages_cpp
[14.162s] [  0%] Built target sensor_msgs_generate_messages_nodejs
[14.178s] [  0%] Built target roscpp_generate_messages_cpp
[14.197s] [  0%] Built target actionlib_msgs_generate_messages_nodejs
[14.217s] [  0%] Built target std_msgs_generate_messages_cpp
[14.238s] [  0%] Built target geometry_msgs_generate_messages_nodejs
[14.259s] [  0%] Built target sensor_msgs_generate_messages_eus
[14.280s] [  0%] Built target nmea_msgs_generate_messages_lisp
[14.298s] [  0%] Built target sensor_msgs_generate_messages_lisp
[14.323s] [  0%] Built target tf_generate_messages_nodejs
[14.352s] [  0%] Built target std_msgs_generate_messages_lisp
[14.370s] [  0%] Built target tf_generate_messages_cpp
[14.389s] [  0%] Built target sensor_msgs_generate_messages_cpp
[14.414s] [  0%] Built target actionlib_msgs_generate_messages_cpp
[14.444s] [  0%] Built target nmea_msgs_generate_messages_eus
[14.461s] [  0%] Built target rosgraph_msgs_generate_messages_py
[14.484s] [  0%] Built target nmea_msgs_generate_messages_cpp
[14.505s] [  0%] Built target nmea_msgs_generate_messages_nodejs
[14.527s] [  0%] Built target std_msgs_generate_messages_nodejs
[14.549s] [  0%] Built target nmea_msgs_generate_messages_py
[14.578s] [  0%] Built target geometry_msgs_generate_messages_cpp
[14.598s] [  0%] Built target geometry_msgs_generate_messages_lisp
[14.615s] [  0%] Built target actionlib_msgs_generate_messages_py
[14.644s] [  0%] Built target tf2_msgs_generate_messages_cpp
[14.667s] [  0%] Built target tf2_msgs_generate_messages_eus
[14.687s] [  0%] Built target tf2_msgs_generate_messages_lisp
[14.710s] [  0%] Built target tf2_msgs_generate_messages_py
[14.727s] [  0%] Built target tf2_msgs_generate_messages_nodejs
[14.752s] [ 60%] Built target nmea2tfpose
[14.780s] [100%] Built target fix2tfpose
[14.796s] [36mInstall the project...[0m
[14.803s] -- Install configuration: "Release"
[14.804s] -- Installing: /home/agilex/autoware.ai/install/gnss_localizer/lib/pkgconfig/gnss_localizer.pc
[14.804s] -- Installing: /home/agilex/autoware.ai/install/gnss_localizer/share/gnss_localizer/cmake/gnss_localizerConfig.cmake
[14.804s] -- Installing: /home/agilex/autoware.ai/install/gnss_localizer/share/gnss_localizer/cmake/gnss_localizerConfig-version.cmake
[14.804s] -- Installing: /home/agilex/autoware.ai/install/gnss_localizer/share/gnss_localizer/package.xml
[14.804s] -- Installing: /home/agilex/autoware.ai/install/gnss_localizer/lib/gnss_localizer/nmea2tfpose
[14.806s] -- Set runtime path of "/home/agilex/autoware.ai/install/gnss_localizer/lib/gnss_localizer/nmea2tfpose" to ""
[14.806s] -- Installing: /home/agilex/autoware.ai/install/gnss_localizer/lib/gnss_localizer/fix2tfpose
[14.807s] -- Set runtime path of "/home/agilex/autoware.ai/install/gnss_localizer/lib/gnss_localizer/fix2tfpose" to ""
[14.807s] -- Installing: /home/agilex/autoware.ai/install/gnss_localizer/share/gnss_localizer/launch
[14.807s] -- Installing: /home/agilex/autoware.ai/install/gnss_localizer/share/gnss_localizer/launch/fix2tfpose.launch
[14.807s] -- Installing: /home/agilex/autoware.ai/install/gnss_localizer/share/gnss_localizer/launch/nmea2tfpose.launch
[14.810s] Invoked command in '/home/agilex/autoware.ai/build/gnss_localizer' returned '0': CMAKE_PREFIX_PATH=/home/agilex/autoware.ai/install/gnss:/home/agilex/autoware.ai/install/autoware_build_flags:${CMAKE_PREFIX_PATH} LD_LIBRARY_PATH=/home/agilex/autoware.ai/install/gnss/lib:${LD_LIBRARY_PATH} PKG_CONFIG_PATH=/home/agilex/autoware.ai/install/gnss/lib/x86_64-linux-gnu/pkgconfig:/home/agilex/autoware.ai/install/gnss/lib/pkgconfig:/home/agilex/autoware.ai/install/autoware_build_flags/lib/x86_64-linux-gnu/pkgconfig:/home/agilex/autoware.ai/install/autoware_build_flags/lib/pkgconfig:${PKG_CONFIG_PATH} ROS_PACKAGE_PATH=/home/agilex/autoware.ai/install/gnss/share:/home/agilex/autoware.ai/install/autoware_build_flags/share:${ROS_PACKAGE_PATH} /usr/bin/cmake --build /home/agilex/autoware.ai/build/gnss_localizer --target install -- -j8 -l8
