[0.043s] Invoking command in '/home/agilex/autoware.ai/build/waypoint_maker': CMAKE_PREFIX_PATH=/home/agilex/autoware.ai/install/lane_planner:/home/agilex/autoware.ai/install/waypoint_follower:/home/agilex/autoware.ai/install/vector_map:/home/agilex/autoware.ai/install/autoware_health_checker:/home/agilex/autoware.ai/install/amathutils_lib:/home/agilex/autoware.ai/install/vector_map_msgs:/home/agilex/autoware.ai/install/tablet_socket_msgs:/home/agilex/autoware.ai/install/gnss:/home/agilex/autoware.ai/install/autoware_system_msgs:/home/agilex/autoware.ai/install/autoware_msgs:/home/agilex/autoware.ai/install/autoware_config_msgs:/home/agilex/autoware.ai/install/autoware_build_flags:${CMAKE_PREFIX_PATH} LD_LIBRARY_PATH=/home/agilex/autoware.ai/install/lane_planner/lib:/home/agilex/autoware.ai/install/waypoint_follower/lib:/home/agilex/autoware.ai/install/vector_map/lib:/home/agilex/autoware.ai/install/autoware_health_checker/lib:/home/agilex/autoware.ai/install/amathutils_lib/lib:/home/agilex/autoware.ai/install/gnss/lib:${LD_LIBRARY_PATH} PKG_CONFIG_PATH=/home/agilex/autoware.ai/install/lane_planner/lib/x86_64-linux-gnu/pkgconfig:/home/agilex/autoware.ai/install/lane_planner/lib/pkgconfig:/home/agilex/autoware.ai/install/waypoint_follower/lib/x86_64-linux-gnu/pkgconfig:/home/agilex/autoware.ai/install/waypoint_follower/lib/pkgconfig:/home/agilex/autoware.ai/install/vector_map/lib/x86_64-linux-gnu/pkgconfig:/home/agilex/autoware.ai/install/vector_map/lib/pkgconfig:/home/agilex/autoware.ai/install/autoware_health_checker/lib/x86_64-linux-gnu/pkgconfig:/home/agilex/autoware.ai/install/autoware_health_checker/lib/pkgconfig:/home/agilex/autoware.ai/install/amathutils_lib/lib/x86_64-linux-gnu/pkgconfig:/home/agilex/autoware.ai/install/amathutils_lib/lib/pkgconfig:/home/agilex/autoware.ai/install/vector_map_msgs/lib/x86_64-linux-gnu/pkgconfig:/home/agilex/autoware.ai/install/vector_map_msgs/lib/pkgconfig:/home/agilex/autoware.ai/install/tablet_socket_msgs/lib/x86_64-linux-gnu/pkgconfig:/home/agilex/autoware.ai/install/tablet_socket_msgs/lib/pkgconfig:/home/agilex/autoware.ai/install/gnss/lib/x86_64-linux-gnu/pkgconfig:/home/agilex/autoware.ai/install/gnss/lib/pkgconfig:/home/agilex/autoware.ai/install/autoware_system_msgs/lib/x86_64-linux-gnu/pkgconfig:/home/agilex/autoware.ai/install/autoware_system_msgs/lib/pkgconfig:/home/agilex/autoware.ai/install/autoware_msgs/lib/x86_64-linux-gnu/pkgconfig:/home/agilex/autoware.ai/install/autoware_msgs/lib/pkgconfig:/home/agilex/autoware.ai/install/autoware_config_msgs/lib/x86_64-linux-gnu/pkgconfig:/home/agilex/autoware.ai/install/autoware_config_msgs/lib/pkgconfig:/home/agilex/autoware.ai/install/autoware_build_flags/lib/x86_64-linux-gnu/pkgconfig:/home/agilex/autoware.ai/install/autoware_build_flags/lib/pkgconfig:${PKG_CONFIG_PATH} PYTHONPATH=/home/agilex/autoware.ai/install/vector_map_msgs/lib/python2.7/dist-packages:/home/agilex/autoware.ai/install/tablet_socket_msgs/lib/python2.7/dist-packages:/home/agilex/autoware.ai/install/autoware_system_msgs/lib/python2.7/dist-packages:/home/agilex/autoware.ai/install/autoware_msgs/lib/python2.7/dist-packages:/home/agilex/autoware.ai/install/autoware_config_msgs/lib/python2.7/dist-packages:${PYTHONPATH} ROS_PACKAGE_PATH=/home/agilex/autoware.ai/install/lane_planner/share:/home/agilex/autoware.ai/install/waypoint_follower/share:/home/agilex/autoware.ai/install/vector_map/share:/home/agilex/autoware.ai/install/autoware_health_checker/share:/home/agilex/autoware.ai/install/amathutils_lib/share:/home/agilex/autoware.ai/install/vector_map_msgs/share:/home/agilex/autoware.ai/install/tablet_socket_msgs/share:/home/agilex/autoware.ai/install/gnss/share:/home/agilex/autoware.ai/install/autoware_system_msgs/share:/home/agilex/autoware.ai/install/autoware_msgs/share:/home/agilex/autoware.ai/install/autoware_config_msgs/share:/home/agilex/autoware.ai/install/autoware_build_flags/share:${ROS_PACKAGE_PATH} /usr/bin/cmake --build /home/agilex/autoware.ai/build/waypoint_maker -- -j8 -l8
[0.098s] [  0%] Built target tf2_msgs_generate_messages_cpp
[0.119s] [  0%] Built target sensor_msgs_generate_messages_nodejs
[0.142s] [  0%] Built target roscpp_generate_messages_cpp
[0.166s] [  0%] Built target actionlib_generate_messages_cpp
[0.186s] [  0%] Built target autoware_msgs_generate_messages_lisp
[0.205s] [  0%] Built target tablet_socket_msgs_generate_messages_py
[0.225s] [  0%] Built target jsk_footstep_msgs_generate_messages_py
[0.246s] [  0%] Built target std_msgs_generate_messages_cpp
[0.264s] [  0%] Built target tablet_socket_msgs_generate_messages_lisp
[0.282s] [  0%] Built target visualization_msgs_generate_messages_nodejs
[0.304s] [  0%] Built target geometry_msgs_generate_messages_lisp
[0.322s] [  0%] Built target nodelet_generate_messages_lisp
[0.345s] [  0%] Built target autoware_msgs_generate_messages_py
[0.368s] [  0%] Built target std_msgs_generate_messages_py
[0.388s] [  0%] Built target autoware_msgs_generate_messages_cpp
[0.408s] [  0%] Built target rosgraph_msgs_generate_messages_cpp
[0.428s] [  0%] Built target pcl_msgs_generate_messages_cpp
[0.450s] [  0%] Built target topic_tools_generate_messages_lisp
[0.469s] [  0%] Built target jsk_recognition_msgs_generate_messages_cpp
[0.489s] [  0%] Built target nav_msgs_generate_messages_cpp
[0.514s] [  0%] Built target sensor_msgs_generate_messages_lisp
[0.535s] [  0%] Built target std_srvs_generate_messages_cpp
[0.554s] [  0%] Built target autoware_msgs_generate_messages_eus
[0.577s] [  0%] Built target autoware_msgs_generate_messages_nodejs
[0.602s] [  0%] Built target visualization_msgs_generate_messages_lisp
[0.628s] [  0%] Built target std_msgs_generate_messages_eus
[0.645s] [  0%] Built target geometry_msgs_generate_messages_eus
[0.664s] [  0%] Built target std_msgs_generate_messages_nodejs
[0.691s] [  0%] Built target sensor_msgs_generate_messages_eus
[0.718s] [  0%] Built target std_srvs_generate_messages_lisp
[0.743s] [  0%] Built target roscpp_generate_messages_nodejs
[0.764s] [  0%] Built target std_msgs_generate_messages_lisp
[0.783s] [  0%] Built target sensor_msgs_generate_messages_cpp
[0.803s] [  0%] Built target autoware_system_msgs_generate_messages_nodejs
[0.824s] [  0%] Built target actionlib_msgs_generate_messages_lisp
[0.845s] [  0%] Built target topic_tools_generate_messages_py
[0.865s] [  0%] Built target nodelet_topic_tools_gencfg
[0.882s] [  0%] Built target actionlib_msgs_generate_messages_nodejs
[0.900s] [  0%] Built target gazebo_msgs_generate_messages_py
[0.923s] [  0%] Built target geometry_msgs_generate_messages_nodejs
[0.943s] [  0%] Built target std_srvs_generate_messages_eus
[0.962s] [  0%] Built target jsk_recognition_msgs_generate_messages_nodejs
[0.981s] [  0%] Built target roscpp_generate_messages_lisp
[1.007s] [  0%] Built target roscpp_generate_messages_py
[1.029s] [  0%] Built target rosgraph_msgs_generate_messages_lisp
[1.048s] [  0%] Built target autoware_config_msgs_generate_messages_cpp
[1.069s] [  0%] Built target rosgraph_msgs_generate_messages_nodejs
[1.089s] [  0%] Built target actionlib_msgs_generate_messages_eus
[1.107s] [  0%] Built target roscpp_generate_messages_eus
[1.128s] [  0%] Built target rosgraph_msgs_generate_messages_py
[1.145s] [  0%] Built target jsk_footstep_msgs_generate_messages_cpp
[1.164s] [  0%] Built target actionlib_msgs_generate_messages_cpp
[1.184s] [  0%] Built target tf_generate_messages_eus
[1.205s] [  0%] Built target tf_generate_messages_lisp
[1.223s] [  0%] Built target autoware_config_msgs_generate_messages_nodejs
[1.241s] [  0%] Built target tf_generate_messages_nodejs
[1.260s] [  0%] Built target pcl_msgs_generate_messages_py
[1.280s] [  0%] Built target actionlib_generate_messages_eus
[1.301s] [  0%] Built target geometry_msgs_generate_messages_cpp
[1.329s] [  0%] Built target actionlib_generate_messages_lisp
[1.351s] [  0%] Built target pcl_msgs_generate_messages_lisp
[1.368s] [  0%] Built target tf_generate_messages_cpp
[1.387s] [  0%] Built target actionlib_generate_messages_nodejs
[1.405s] [  0%] Built target dynamic_reconfigure_gencfg
[1.425s] [  0%] Built target nav_msgs_generate_messages_py
[1.444s] [  0%] Built target tf2_msgs_generate_messages_lisp
[1.465s] [  0%] Built target actionlib_generate_messages_py
[1.484s] [  0%] Built target tf2_msgs_generate_messages_py
[1.503s] [  0%] Built target tf2_msgs_generate_messages_nodejs
[1.522s] [  0%] Built target tablet_socket_msgs_generate_messages_eus
[1.539s] [  0%] Built target nav_msgs_generate_messages_eus
[1.559s] [  0%] Built target tf2_msgs_generate_messages_eus
[1.579s] [  0%] Built target visualization_msgs_generate_messages_cpp
[1.596s] [  0%] Built target visualization_msgs_generate_messages_eus
[1.624s] [  0%] Built target visualization_msgs_generate_messages_py
[1.645s] [  0%] Built target vector_map_msgs_generate_messages_cpp
[1.662s] [  0%] Built target vector_map_msgs_generate_messages_eus
[1.680s] [  0%] Built target trajectory_msgs_generate_messages_py
[1.703s] [  0%] Built target trajectory_msgs_generate_messages_eus
[1.722s] [  0%] Built target trajectory_msgs_generate_messages_cpp
[1.748s] [  0%] Built target gazebo_msgs_generate_messages_eus
[1.764s] [  0%] Built target gazebo_msgs_generate_messages_lisp
[1.784s] [  0%] Built target autoware_system_msgs_generate_messages_eus
[1.804s] [  0%] Built target autoware_system_msgs_generate_messages_cpp
[1.822s] [  0%] Built target topic_tools_generate_messages_nodejs
[1.842s] [  0%] Built target topic_tools_generate_messages_eus
[1.868s] [  0%] Built target topic_tools_generate_messages_cpp
[1.888s] [  0%] Built target std_srvs_generate_messages_py
[1.911s] [  0%] Built target std_srvs_generate_messages_nodejs
[1.930s] [  0%] Built target bond_generate_messages_lisp
[1.948s] [  0%] Built target bond_generate_messages_eus
[1.966s] [  0%] Built target trajectory_msgs_generate_messages_lisp
[1.989s] [  0%] Built target bond_generate_messages_cpp
[2.015s] [  0%] Built target nodelet_generate_messages_nodejs
[2.034s] [  0%] Built target nodelet_generate_messages_eus
[2.058s] [  0%] Built target nodelet_generate_messages_cpp
[2.080s] [  0%] Built target dynamic_reconfigure_generate_messages_py
[2.099s] [  0%] Built target dynamic_reconfigure_generate_messages_nodejs
[2.118s] [  0%] Built target gazebo_msgs_generate_messages_cpp
[2.140s] [  0%] Built target dynamic_reconfigure_generate_messages_lisp
[2.162s] [  0%] Built target dynamic_reconfigure_generate_messages_eus
[2.183s] [  0%] Built target pcl_ros_gencfg
[2.204s] [  0%] Built target trajectory_msgs_generate_messages_nodejs
[2.226s] [  0%] Built target bond_generate_messages_nodejs
[2.248s] [  0%] Built target autoware_config_msgs_generate_messages_py
[2.269s] [  0%] Built target tablet_socket_msgs_generate_messages_cpp
[2.290s] [  0%] Built target autoware_config_msgs_generate_messages_lisp
[2.312s] [  0%] Built target autoware_config_msgs_generate_messages_eus
[2.334s] [  0%] Built target nav_msgs_generate_messages_nodejs
[2.355s] [  0%] Built target vector_map_msgs_generate_messages_py
[2.373s] [  0%] Built target bond_generate_messages_py
[2.394s] [  0%] Built target vector_map_msgs_generate_messages_nodejs
[2.414s] [  0%] Built target autoware_system_msgs_generate_messages_lisp
[2.438s] [  0%] Built target vector_map_msgs_generate_messages_lisp
[2.457s] [  0%] Built target jsk_footstep_msgs_generate_messages_nodejs
[2.479s] [  0%] Built target jsk_footstep_msgs_generate_messages_lisp
[2.502s] [  0%] Built target jsk_footstep_msgs_generate_messages_eus
[2.522s] [  0%] Built target actionlib_msgs_generate_messages_py
[2.543s] [  0%] Built target geometry_msgs_generate_messages_py
[2.561s] [  0%] Built target nav_msgs_generate_messages_lisp
[2.583s] [  0%] Built target pcl_msgs_generate_messages_nodejs
[2.604s] [  0%] Built target jsk_recognition_msgs_generate_messages_py
[2.622s] [  0%] Built target pcl_msgs_generate_messages_eus
[2.642s] [  0%] Built target gazebo_msgs_generate_messages_nodejs
[2.663s] [  0%] Built target rosgraph_msgs_generate_messages_eus
[2.685s] [  0%] Built target jsk_recognition_msgs_generate_messages_lisp
[2.711s] [  0%] Built target jsk_recognition_msgs_generate_messages_eus
[2.741s] [ 12%] Built target waypoint_clicker
[2.762s] [ 12%] Built target autoware_system_msgs_generate_messages_py
[2.787s] [ 12%] Built target tf_generate_messages_py
[2.806s] [ 12%] Built target dynamic_reconfigure_generate_messages_cpp
[2.829s] [ 12%] Built target tablet_socket_msgs_generate_messages_nodejs
[2.849s] [ 12%] Built target sensor_msgs_generate_messages_py
[2.868s] [ 12%] Built target nodelet_generate_messages_py
[2.896s] [ 25%] Built target waypoint_marker_publisher
[2.929s] [ 43%] Built target waypoint_replanner
[2.955s] [ 56%] Built target waypoint_velocity_visualizer
[2.983s] [ 68%] Built target waypoint_saver
[3.013s] [ 81%] Built target waypoint_extractor
[3.040s] [100%] Built target waypoint_loader
[3.049s] Invoked command in '/home/agilex/autoware.ai/build/waypoint_maker' returned '0': CMAKE_PREFIX_PATH=/home/agilex/autoware.ai/install/lane_planner:/home/agilex/autoware.ai/install/waypoint_follower:/home/agilex/autoware.ai/install/vector_map:/home/agilex/autoware.ai/install/autoware_health_checker:/home/agilex/autoware.ai/install/amathutils_lib:/home/agilex/autoware.ai/install/vector_map_msgs:/home/agilex/autoware.ai/install/tablet_socket_msgs:/home/agilex/autoware.ai/install/gnss:/home/agilex/autoware.ai/install/autoware_system_msgs:/home/agilex/autoware.ai/install/autoware_msgs:/home/agilex/autoware.ai/install/autoware_config_msgs:/home/agilex/autoware.ai/install/autoware_build_flags:${CMAKE_PREFIX_PATH} LD_LIBRARY_PATH=/home/agilex/autoware.ai/install/lane_planner/lib:/home/agilex/autoware.ai/install/waypoint_follower/lib:/home/agilex/autoware.ai/install/vector_map/lib:/home/agilex/autoware.ai/install/autoware_health_checker/lib:/home/agilex/autoware.ai/install/amathutils_lib/lib:/home/agilex/autoware.ai/install/gnss/lib:${LD_LIBRARY_PATH} PKG_CONFIG_PATH=/home/agilex/autoware.ai/install/lane_planner/lib/x86_64-linux-gnu/pkgconfig:/home/agilex/autoware.ai/install/lane_planner/lib/pkgconfig:/home/agilex/autoware.ai/install/waypoint_follower/lib/x86_64-linux-gnu/pkgconfig:/home/agilex/autoware.ai/install/waypoint_follower/lib/pkgconfig:/home/agilex/autoware.ai/install/vector_map/lib/x86_64-linux-gnu/pkgconfig:/home/agilex/autoware.ai/install/vector_map/lib/pkgconfig:/home/agilex/autoware.ai/install/autoware_health_checker/lib/x86_64-linux-gnu/pkgconfig:/home/agilex/autoware.ai/install/autoware_health_checker/lib/pkgconfig:/home/agilex/autoware.ai/install/amathutils_lib/lib/x86_64-linux-gnu/pkgconfig:/home/agilex/autoware.ai/install/amathutils_lib/lib/pkgconfig:/home/agilex/autoware.ai/install/vector_map_msgs/lib/x86_64-linux-gnu/pkgconfig:/home/agilex/autoware.ai/install/vector_map_msgs/lib/pkgconfig:/home/agilex/autoware.ai/install/tablet_socket_msgs/lib/x86_64-linux-gnu/pkgconfig:/home/agilex/autoware.ai/install/tablet_socket_msgs/lib/pkgconfig:/home/agilex/autoware.ai/install/gnss/lib/x86_64-linux-gnu/pkgconfig:/home/agilex/autoware.ai/install/gnss/lib/pkgconfig:/home/agilex/autoware.ai/install/autoware_system_msgs/lib/x86_64-linux-gnu/pkgconfig:/home/agilex/autoware.ai/install/autoware_system_msgs/lib/pkgconfig:/home/agilex/autoware.ai/install/autoware_msgs/lib/x86_64-linux-gnu/pkgconfig:/home/agilex/autoware.ai/install/autoware_msgs/lib/pkgconfig:/home/agilex/autoware.ai/install/autoware_config_msgs/lib/x86_64-linux-gnu/pkgconfig:/home/agilex/autoware.ai/install/autoware_config_msgs/lib/pkgconfig:/home/agilex/autoware.ai/install/autoware_build_flags/lib/x86_64-linux-gnu/pkgconfig:/home/agilex/autoware.ai/install/autoware_build_flags/lib/pkgconfig:${PKG_CONFIG_PATH} PYTHONPATH=/home/agilex/autoware.ai/install/vector_map_msgs/lib/python2.7/dist-packages:/home/agilex/autoware.ai/install/tablet_socket_msgs/lib/python2.7/dist-packages:/home/agilex/autoware.ai/install/autoware_system_msgs/lib/python2.7/dist-packages:/home/agilex/autoware.ai/install/autoware_msgs/lib/python2.7/dist-packages:/home/agilex/autoware.ai/install/autoware_config_msgs/lib/python2.7/dist-packages:${PYTHONPATH} ROS_PACKAGE_PATH=/home/agilex/autoware.ai/install/lane_planner/share:/home/agilex/autoware.ai/install/waypoint_follower/share:/home/agilex/autoware.ai/install/vector_map/share:/home/agilex/autoware.ai/install/autoware_health_checker/share:/home/agilex/autoware.ai/install/amathutils_lib/share:/home/agilex/autoware.ai/install/vector_map_msgs/share:/home/agilex/autoware.ai/install/tablet_socket_msgs/share:/home/agilex/autoware.ai/install/gnss/share:/home/agilex/autoware.ai/install/autoware_system_msgs/share:/home/agilex/autoware.ai/install/autoware_msgs/share:/home/agilex/autoware.ai/install/autoware_config_msgs/share:/home/agilex/autoware.ai/install/autoware_build_flags/share:${ROS_PACKAGE_PATH} /usr/bin/cmake --build /home/agilex/autoware.ai/build/waypoint_maker -- -j8 -l8
[3.241s] Invoking command in '/home/agilex/autoware.ai/build/waypoint_maker': CMAKE_PREFIX_PATH=/home/agilex/autoware.ai/install/lane_planner:/home/agilex/autoware.ai/install/waypoint_follower:/home/agilex/autoware.ai/install/vector_map:/home/agilex/autoware.ai/install/autoware_health_checker:/home/agilex/autoware.ai/install/amathutils_lib:/home/agilex/autoware.ai/install/vector_map_msgs:/home/agilex/autoware.ai/install/tablet_socket_msgs:/home/agilex/autoware.ai/install/gnss:/home/agilex/autoware.ai/install/autoware_system_msgs:/home/agilex/autoware.ai/install/autoware_msgs:/home/agilex/autoware.ai/install/autoware_config_msgs:/home/agilex/autoware.ai/install/autoware_build_flags:${CMAKE_PREFIX_PATH} LD_LIBRARY_PATH=/home/agilex/autoware.ai/install/lane_planner/lib:/home/agilex/autoware.ai/install/waypoint_follower/lib:/home/agilex/autoware.ai/install/vector_map/lib:/home/agilex/autoware.ai/install/autoware_health_checker/lib:/home/agilex/autoware.ai/install/amathutils_lib/lib:/home/agilex/autoware.ai/install/gnss/lib:${LD_LIBRARY_PATH} PKG_CONFIG_PATH=/home/agilex/autoware.ai/install/lane_planner/lib/x86_64-linux-gnu/pkgconfig:/home/agilex/autoware.ai/install/lane_planner/lib/pkgconfig:/home/agilex/autoware.ai/install/waypoint_follower/lib/x86_64-linux-gnu/pkgconfig:/home/agilex/autoware.ai/install/waypoint_follower/lib/pkgconfig:/home/agilex/autoware.ai/install/vector_map/lib/x86_64-linux-gnu/pkgconfig:/home/agilex/autoware.ai/install/vector_map/lib/pkgconfig:/home/agilex/autoware.ai/install/autoware_health_checker/lib/x86_64-linux-gnu/pkgconfig:/home/agilex/autoware.ai/install/autoware_health_checker/lib/pkgconfig:/home/agilex/autoware.ai/install/amathutils_lib/lib/x86_64-linux-gnu/pkgconfig:/home/agilex/autoware.ai/install/amathutils_lib/lib/pkgconfig:/home/agilex/autoware.ai/install/vector_map_msgs/lib/x86_64-linux-gnu/pkgconfig:/home/agilex/autoware.ai/install/vector_map_msgs/lib/pkgconfig:/home/agilex/autoware.ai/install/tablet_socket_msgs/lib/x86_64-linux-gnu/pkgconfig:/home/agilex/autoware.ai/install/tablet_socket_msgs/lib/pkgconfig:/home/agilex/autoware.ai/install/gnss/lib/x86_64-linux-gnu/pkgconfig:/home/agilex/autoware.ai/install/gnss/lib/pkgconfig:/home/agilex/autoware.ai/install/autoware_system_msgs/lib/x86_64-linux-gnu/pkgconfig:/home/agilex/autoware.ai/install/autoware_system_msgs/lib/pkgconfig:/home/agilex/autoware.ai/install/autoware_msgs/lib/x86_64-linux-gnu/pkgconfig:/home/agilex/autoware.ai/install/autoware_msgs/lib/pkgconfig:/home/agilex/autoware.ai/install/autoware_config_msgs/lib/x86_64-linux-gnu/pkgconfig:/home/agilex/autoware.ai/install/autoware_config_msgs/lib/pkgconfig:/home/agilex/autoware.ai/install/autoware_build_flags/lib/x86_64-linux-gnu/pkgconfig:/home/agilex/autoware.ai/install/autoware_build_flags/lib/pkgconfig:${PKG_CONFIG_PATH} PYTHONPATH=/home/agilex/autoware.ai/install/vector_map_msgs/lib/python2.7/dist-packages:/home/agilex/autoware.ai/install/tablet_socket_msgs/lib/python2.7/dist-packages:/home/agilex/autoware.ai/install/autoware_system_msgs/lib/python2.7/dist-packages:/home/agilex/autoware.ai/install/autoware_msgs/lib/python2.7/dist-packages:/home/agilex/autoware.ai/install/autoware_config_msgs/lib/python2.7/dist-packages:${PYTHONPATH} ROS_PACKAGE_PATH=/home/agilex/autoware.ai/install/lane_planner/share:/home/agilex/autoware.ai/install/waypoint_follower/share:/home/agilex/autoware.ai/install/vector_map/share:/home/agilex/autoware.ai/install/autoware_health_checker/share:/home/agilex/autoware.ai/install/amathutils_lib/share:/home/agilex/autoware.ai/install/vector_map_msgs/share:/home/agilex/autoware.ai/install/tablet_socket_msgs/share:/home/agilex/autoware.ai/install/gnss/share:/home/agilex/autoware.ai/install/autoware_system_msgs/share:/home/agilex/autoware.ai/install/autoware_msgs/share:/home/agilex/autoware.ai/install/autoware_config_msgs/share:/home/agilex/autoware.ai/install/autoware_build_flags/share:${ROS_PACKAGE_PATH} /usr/bin/cmake --build /home/agilex/autoware.ai/build/waypoint_maker --target tests -- -j8 -l8
[3.307s] Built target tests
[3.315s] Invoked command in '/home/agilex/autoware.ai/build/waypoint_maker' returned '0': CMAKE_PREFIX_PATH=/home/agilex/autoware.ai/install/lane_planner:/home/agilex/autoware.ai/install/waypoint_follower:/home/agilex/autoware.ai/install/vector_map:/home/agilex/autoware.ai/install/autoware_health_checker:/home/agilex/autoware.ai/install/amathutils_lib:/home/agilex/autoware.ai/install/vector_map_msgs:/home/agilex/autoware.ai/install/tablet_socket_msgs:/home/agilex/autoware.ai/install/gnss:/home/agilex/autoware.ai/install/autoware_system_msgs:/home/agilex/autoware.ai/install/autoware_msgs:/home/agilex/autoware.ai/install/autoware_config_msgs:/home/agilex/autoware.ai/install/autoware_build_flags:${CMAKE_PREFIX_PATH} LD_LIBRARY_PATH=/home/agilex/autoware.ai/install/lane_planner/lib:/home/agilex/autoware.ai/install/waypoint_follower/lib:/home/agilex/autoware.ai/install/vector_map/lib:/home/agilex/autoware.ai/install/autoware_health_checker/lib:/home/agilex/autoware.ai/install/amathutils_lib/lib:/home/agilex/autoware.ai/install/gnss/lib:${LD_LIBRARY_PATH} PKG_CONFIG_PATH=/home/agilex/autoware.ai/install/lane_planner/lib/x86_64-linux-gnu/pkgconfig:/home/agilex/autoware.ai/install/lane_planner/lib/pkgconfig:/home/agilex/autoware.ai/install/waypoint_follower/lib/x86_64-linux-gnu/pkgconfig:/home/agilex/autoware.ai/install/waypoint_follower/lib/pkgconfig:/home/agilex/autoware.ai/install/vector_map/lib/x86_64-linux-gnu/pkgconfig:/home/agilex/autoware.ai/install/vector_map/lib/pkgconfig:/home/agilex/autoware.ai/install/autoware_health_checker/lib/x86_64-linux-gnu/pkgconfig:/home/agilex/autoware.ai/install/autoware_health_checker/lib/pkgconfig:/home/agilex/autoware.ai/install/amathutils_lib/lib/x86_64-linux-gnu/pkgconfig:/home/agilex/autoware.ai/install/amathutils_lib/lib/pkgconfig:/home/agilex/autoware.ai/install/vector_map_msgs/lib/x86_64-linux-gnu/pkgconfig:/home/agilex/autoware.ai/install/vector_map_msgs/lib/pkgconfig:/home/agilex/autoware.ai/install/tablet_socket_msgs/lib/x86_64-linux-gnu/pkgconfig:/home/agilex/autoware.ai/install/tablet_socket_msgs/lib/pkgconfig:/home/agilex/autoware.ai/install/gnss/lib/x86_64-linux-gnu/pkgconfig:/home/agilex/autoware.ai/install/gnss/lib/pkgconfig:/home/agilex/autoware.ai/install/autoware_system_msgs/lib/x86_64-linux-gnu/pkgconfig:/home/agilex/autoware.ai/install/autoware_system_msgs/lib/pkgconfig:/home/agilex/autoware.ai/install/autoware_msgs/lib/x86_64-linux-gnu/pkgconfig:/home/agilex/autoware.ai/install/autoware_msgs/lib/pkgconfig:/home/agilex/autoware.ai/install/autoware_config_msgs/lib/x86_64-linux-gnu/pkgconfig:/home/agilex/autoware.ai/install/autoware_config_msgs/lib/pkgconfig:/home/agilex/autoware.ai/install/autoware_build_flags/lib/x86_64-linux-gnu/pkgconfig:/home/agilex/autoware.ai/install/autoware_build_flags/lib/pkgconfig:${PKG_CONFIG_PATH} PYTHONPATH=/home/agilex/autoware.ai/install/vector_map_msgs/lib/python2.7/dist-packages:/home/agilex/autoware.ai/install/tablet_socket_msgs/lib/python2.7/dist-packages:/home/agilex/autoware.ai/install/autoware_system_msgs/lib/python2.7/dist-packages:/home/agilex/autoware.ai/install/autoware_msgs/lib/python2.7/dist-packages:/home/agilex/autoware.ai/install/autoware_config_msgs/lib/python2.7/dist-packages:${PYTHONPATH} ROS_PACKAGE_PATH=/home/agilex/autoware.ai/install/lane_planner/share:/home/agilex/autoware.ai/install/waypoint_follower/share:/home/agilex/autoware.ai/install/vector_map/share:/home/agilex/autoware.ai/install/autoware_health_checker/share:/home/agilex/autoware.ai/install/amathutils_lib/share:/home/agilex/autoware.ai/install/vector_map_msgs/share:/home/agilex/autoware.ai/install/tablet_socket_msgs/share:/home/agilex/autoware.ai/install/gnss/share:/home/agilex/autoware.ai/install/autoware_system_msgs/share:/home/agilex/autoware.ai/install/autoware_msgs/share:/home/agilex/autoware.ai/install/autoware_config_msgs/share:/home/agilex/autoware.ai/install/autoware_build_flags/share:${ROS_PACKAGE_PATH} /usr/bin/cmake --build /home/agilex/autoware.ai/build/waypoint_maker --target tests -- -j8 -l8
[3.510s] Invoking command in '/home/agilex/autoware.ai/build/waypoint_maker': CMAKE_PREFIX_PATH=/home/agilex/autoware.ai/install/lane_planner:/home/agilex/autoware.ai/install/waypoint_follower:/home/agilex/autoware.ai/install/vector_map:/home/agilex/autoware.ai/install/autoware_health_checker:/home/agilex/autoware.ai/install/amathutils_lib:/home/agilex/autoware.ai/install/vector_map_msgs:/home/agilex/autoware.ai/install/tablet_socket_msgs:/home/agilex/autoware.ai/install/gnss:/home/agilex/autoware.ai/install/autoware_system_msgs:/home/agilex/autoware.ai/install/autoware_msgs:/home/agilex/autoware.ai/install/autoware_config_msgs:/home/agilex/autoware.ai/install/autoware_build_flags:${CMAKE_PREFIX_PATH} LD_LIBRARY_PATH=/home/agilex/autoware.ai/install/lane_planner/lib:/home/agilex/autoware.ai/install/waypoint_follower/lib:/home/agilex/autoware.ai/install/vector_map/lib:/home/agilex/autoware.ai/install/autoware_health_checker/lib:/home/agilex/autoware.ai/install/amathutils_lib/lib:/home/agilex/autoware.ai/install/gnss/lib:${LD_LIBRARY_PATH} PKG_CONFIG_PATH=/home/agilex/autoware.ai/install/lane_planner/lib/x86_64-linux-gnu/pkgconfig:/home/agilex/autoware.ai/install/lane_planner/lib/pkgconfig:/home/agilex/autoware.ai/install/waypoint_follower/lib/x86_64-linux-gnu/pkgconfig:/home/agilex/autoware.ai/install/waypoint_follower/lib/pkgconfig:/home/agilex/autoware.ai/install/vector_map/lib/x86_64-linux-gnu/pkgconfig:/home/agilex/autoware.ai/install/vector_map/lib/pkgconfig:/home/agilex/autoware.ai/install/autoware_health_checker/lib/x86_64-linux-gnu/pkgconfig:/home/agilex/autoware.ai/install/autoware_health_checker/lib/pkgconfig:/home/agilex/autoware.ai/install/amathutils_lib/lib/x86_64-linux-gnu/pkgconfig:/home/agilex/autoware.ai/install/amathutils_lib/lib/pkgconfig:/home/agilex/autoware.ai/install/vector_map_msgs/lib/x86_64-linux-gnu/pkgconfig:/home/agilex/autoware.ai/install/vector_map_msgs/lib/pkgconfig:/home/agilex/autoware.ai/install/tablet_socket_msgs/lib/x86_64-linux-gnu/pkgconfig:/home/agilex/autoware.ai/install/tablet_socket_msgs/lib/pkgconfig:/home/agilex/autoware.ai/install/gnss/lib/x86_64-linux-gnu/pkgconfig:/home/agilex/autoware.ai/install/gnss/lib/pkgconfig:/home/agilex/autoware.ai/install/autoware_system_msgs/lib/x86_64-linux-gnu/pkgconfig:/home/agilex/autoware.ai/install/autoware_system_msgs/lib/pkgconfig:/home/agilex/autoware.ai/install/autoware_msgs/lib/x86_64-linux-gnu/pkgconfig:/home/agilex/autoware.ai/install/autoware_msgs/lib/pkgconfig:/home/agilex/autoware.ai/install/autoware_config_msgs/lib/x86_64-linux-gnu/pkgconfig:/home/agilex/autoware.ai/install/autoware_config_msgs/lib/pkgconfig:/home/agilex/autoware.ai/install/autoware_build_flags/lib/x86_64-linux-gnu/pkgconfig:/home/agilex/autoware.ai/install/autoware_build_flags/lib/pkgconfig:${PKG_CONFIG_PATH} PYTHONPATH=/home/agilex/autoware.ai/install/vector_map_msgs/lib/python2.7/dist-packages:/home/agilex/autoware.ai/install/tablet_socket_msgs/lib/python2.7/dist-packages:/home/agilex/autoware.ai/install/autoware_system_msgs/lib/python2.7/dist-packages:/home/agilex/autoware.ai/install/autoware_msgs/lib/python2.7/dist-packages:/home/agilex/autoware.ai/install/autoware_config_msgs/lib/python2.7/dist-packages:${PYTHONPATH} ROS_PACKAGE_PATH=/home/agilex/autoware.ai/install/lane_planner/share:/home/agilex/autoware.ai/install/waypoint_follower/share:/home/agilex/autoware.ai/install/vector_map/share:/home/agilex/autoware.ai/install/autoware_health_checker/share:/home/agilex/autoware.ai/install/amathutils_lib/share:/home/agilex/autoware.ai/install/vector_map_msgs/share:/home/agilex/autoware.ai/install/tablet_socket_msgs/share:/home/agilex/autoware.ai/install/gnss/share:/home/agilex/autoware.ai/install/autoware_system_msgs/share:/home/agilex/autoware.ai/install/autoware_msgs/share:/home/agilex/autoware.ai/install/autoware_config_msgs/share:/home/agilex/autoware.ai/install/autoware_build_flags/share:${ROS_PACKAGE_PATH} /usr/bin/cmake --build /home/agilex/autoware.ai/build/waypoint_maker --target install -- -j8 -l8
[3.571s] [  0%] Built target tf2_msgs_generate_messages_cpp
[3.591s] [  0%] Built target sensor_msgs_generate_messages_nodejs
[3.609s] [  0%] Built target roscpp_generate_messages_cpp
[3.626s] [  0%] Built target actionlib_generate_messages_cpp
[3.647s] [  0%] Built target autoware_msgs_generate_messages_lisp
[3.665s] [  0%] Built target tablet_socket_msgs_generate_messages_py
[3.685s] [  0%] Built target jsk_footstep_msgs_generate_messages_py
[3.707s] [  0%] Built target std_msgs_generate_messages_cpp
[3.731s] [  0%] Built target tablet_socket_msgs_generate_messages_lisp
[3.753s] [  0%] Built target visualization_msgs_generate_messages_nodejs
[3.772s] [  0%] Built target geometry_msgs_generate_messages_lisp
[3.792s] [  0%] Built target nodelet_generate_messages_lisp
[3.812s] [  0%] Built target autoware_msgs_generate_messages_py
[3.831s] [  0%] Built target std_msgs_generate_messages_py
[3.856s] [  0%] Built target autoware_msgs_generate_messages_cpp
[3.874s] [  0%] Built target rosgraph_msgs_generate_messages_cpp
[3.891s] [  0%] Built target pcl_msgs_generate_messages_cpp
[3.917s] [  0%] Built target topic_tools_generate_messages_lisp
[3.937s] [  0%] Built target jsk_recognition_msgs_generate_messages_cpp
[3.956s] [  0%] Built target nav_msgs_generate_messages_cpp
[3.977s] [  0%] Built target sensor_msgs_generate_messages_lisp
[3.996s] [  0%] Built target std_srvs_generate_messages_cpp
[4.016s] [  0%] Built target autoware_msgs_generate_messages_eus
[4.036s] [  0%] Built target autoware_msgs_generate_messages_nodejs
[4.059s] [  0%] Built target visualization_msgs_generate_messages_lisp
[4.080s] [  0%] Built target std_msgs_generate_messages_eus
[4.097s] [  0%] Built target geometry_msgs_generate_messages_eus
[4.123s] [  0%] Built target std_msgs_generate_messages_nodejs
[4.140s] [  0%] Built target sensor_msgs_generate_messages_eus
[4.160s] [  0%] Built target std_srvs_generate_messages_lisp
[4.179s] [  0%] Built target roscpp_generate_messages_nodejs
[4.195s] [  0%] Built target std_msgs_generate_messages_lisp
[4.214s] [  0%] Built target sensor_msgs_generate_messages_cpp
[4.236s] [  0%] Built target autoware_system_msgs_generate_messages_nodejs
[4.256s] [  0%] Built target actionlib_msgs_generate_messages_lisp
[4.277s] [  0%] Built target topic_tools_generate_messages_py
[4.297s] [  0%] Built target nodelet_topic_tools_gencfg
[4.323s] [  0%] Built target actionlib_msgs_generate_messages_nodejs
[4.340s] [  0%] Built target gazebo_msgs_generate_messages_py
[4.359s] [  0%] Built target geometry_msgs_generate_messages_nodejs
[4.380s] [  0%] Built target std_srvs_generate_messages_eus
[4.400s] [  0%] Built target jsk_recognition_msgs_generate_messages_nodejs
[4.419s] [  0%] Built target roscpp_generate_messages_lisp
[4.442s] [  0%] Built target roscpp_generate_messages_py
[4.460s] [  0%] Built target rosgraph_msgs_generate_messages_lisp
[4.482s] [  0%] Built target autoware_config_msgs_generate_messages_cpp
[4.499s] [  0%] Built target rosgraph_msgs_generate_messages_nodejs
[4.521s] [  0%] Built target actionlib_msgs_generate_messages_eus
[4.541s] [  0%] Built target roscpp_generate_messages_eus
[4.563s] [  0%] Built target rosgraph_msgs_generate_messages_py
[4.582s] [  0%] Built target jsk_footstep_msgs_generate_messages_cpp
[4.602s] [  0%] Built target actionlib_msgs_generate_messages_cpp
[4.628s] [  0%] Built target tf_generate_messages_eus
[4.651s] [  0%] Built target tf_generate_messages_lisp
[4.670s] [  0%] Built target autoware_config_msgs_generate_messages_nodejs
[4.691s] [  0%] Built target tf_generate_messages_nodejs
[4.710s] [  0%] Built target pcl_msgs_generate_messages_py
[4.732s] [  0%] Built target actionlib_generate_messages_eus
[4.750s] [  0%] Built target geometry_msgs_generate_messages_cpp
[4.774s] [  0%] Built target actionlib_generate_messages_lisp
[4.795s] [  0%] Built target pcl_msgs_generate_messages_lisp
[4.811s] [  0%] Built target tf_generate_messages_cpp
[4.834s] [  0%] Built target actionlib_generate_messages_nodejs
[4.859s] [  0%] Built target dynamic_reconfigure_gencfg
[4.878s] [  0%] Built target nav_msgs_generate_messages_py
[4.897s] [  0%] Built target tf2_msgs_generate_messages_lisp
[4.913s] [  0%] Built target actionlib_generate_messages_py
[4.933s] [  0%] Built target tf2_msgs_generate_messages_py
[4.950s] [  0%] Built target tf2_msgs_generate_messages_nodejs
[4.968s] [  0%] Built target tablet_socket_msgs_generate_messages_eus
[4.988s] [  0%] Built target nav_msgs_generate_messages_eus
[5.006s] [  0%] Built target tf2_msgs_generate_messages_eus
[5.025s] [  0%] Built target visualization_msgs_generate_messages_cpp
[5.043s] [  0%] Built target visualization_msgs_generate_messages_eus
[5.061s] [  0%] Built target visualization_msgs_generate_messages_py
[5.079s] [  0%] Built target vector_map_msgs_generate_messages_cpp
[5.099s] [  0%] Built target vector_map_msgs_generate_messages_eus
[5.117s] [  0%] Built target trajectory_msgs_generate_messages_py
[5.134s] [  0%] Built target trajectory_msgs_generate_messages_eus
[5.152s] [  0%] Built target trajectory_msgs_generate_messages_cpp
[5.171s] [  0%] Built target gazebo_msgs_generate_messages_eus
[5.189s] [  0%] Built target gazebo_msgs_generate_messages_lisp
[5.211s] [  0%] Built target autoware_system_msgs_generate_messages_eus
[5.232s] [  0%] Built target autoware_system_msgs_generate_messages_cpp
[5.244s] [  0%] Built target topic_tools_generate_messages_nodejs
[5.266s] [  0%] Built target topic_tools_generate_messages_eus
[5.286s] [  0%] Built target topic_tools_generate_messages_cpp
[5.306s] [  0%] Built target std_srvs_generate_messages_py
[5.325s] [  0%] Built target std_srvs_generate_messages_nodejs
[5.345s] [  0%] Built target bond_generate_messages_lisp
[5.367s] [  0%] Built target bond_generate_messages_eus
[5.388s] [  0%] Built target trajectory_msgs_generate_messages_lisp
[5.412s] [  0%] Built target bond_generate_messages_cpp
[5.428s] [  0%] Built target nodelet_generate_messages_nodejs
[5.449s] [  0%] Built target nodelet_generate_messages_eus
[5.470s] [  0%] Built target nodelet_generate_messages_cpp
[5.489s] [  0%] Built target dynamic_reconfigure_generate_messages_py
[5.511s] [  0%] Built target dynamic_reconfigure_generate_messages_nodejs
[5.531s] [  0%] Built target gazebo_msgs_generate_messages_cpp
[5.550s] [  0%] Built target dynamic_reconfigure_generate_messages_lisp
[5.572s] [  0%] Built target dynamic_reconfigure_generate_messages_eus
[5.593s] [  0%] Built target pcl_ros_gencfg
[5.610s] [  0%] Built target trajectory_msgs_generate_messages_nodejs
[5.627s] [  0%] Built target bond_generate_messages_nodejs
[5.647s] [  0%] Built target autoware_config_msgs_generate_messages_py
[5.670s] [  0%] Built target tablet_socket_msgs_generate_messages_cpp
[5.691s] [  0%] Built target autoware_config_msgs_generate_messages_lisp
[5.709s] [  0%] Built target autoware_config_msgs_generate_messages_eus
[5.726s] [  0%] Built target nav_msgs_generate_messages_nodejs
[5.745s] [  0%] Built target vector_map_msgs_generate_messages_py
[5.763s] [  0%] Built target bond_generate_messages_py
[5.784s] [  0%] Built target vector_map_msgs_generate_messages_nodejs
[5.802s] [  0%] Built target autoware_system_msgs_generate_messages_lisp
[5.819s] [  0%] Built target vector_map_msgs_generate_messages_lisp
[5.840s] [  0%] Built target jsk_footstep_msgs_generate_messages_nodejs
[5.859s] [  0%] Built target jsk_footstep_msgs_generate_messages_lisp
[5.877s] [  0%] Built target jsk_footstep_msgs_generate_messages_eus
[5.895s] [  0%] Built target actionlib_msgs_generate_messages_py
[5.917s] [  0%] Built target geometry_msgs_generate_messages_py
[5.934s] [  0%] Built target nav_msgs_generate_messages_lisp
[5.951s] [  0%] Built target pcl_msgs_generate_messages_nodejs
[5.969s] [  0%] Built target jsk_recognition_msgs_generate_messages_py
[5.991s] [  0%] Built target pcl_msgs_generate_messages_eus
[6.009s] [  0%] Built target gazebo_msgs_generate_messages_nodejs
[6.029s] [  0%] Built target rosgraph_msgs_generate_messages_eus
[6.048s] [  0%] Built target jsk_recognition_msgs_generate_messages_lisp
[6.070s] [  0%] Built target jsk_recognition_msgs_generate_messages_eus
[6.097s] [ 12%] Built target waypoint_clicker
[6.119s] [ 12%] Built target autoware_system_msgs_generate_messages_py
[6.143s] [ 12%] Built target tf_generate_messages_py
[6.164s] [ 12%] Built target dynamic_reconfigure_generate_messages_cpp
[6.188s] [ 12%] Built target tablet_socket_msgs_generate_messages_nodejs
[6.206s] [ 12%] Built target sensor_msgs_generate_messages_py
[6.223s] [ 12%] Built target nodelet_generate_messages_py
[6.256s] [ 25%] Built target waypoint_marker_publisher
[6.284s] [ 43%] Built target waypoint_replanner
[6.317s] [ 56%] Built target waypoint_velocity_visualizer
[6.347s] [ 68%] Built target waypoint_saver
[6.374s] [ 81%] Built target waypoint_extractor
[6.398s] [100%] Built target waypoint_loader
[6.419s] [36mInstall the project...[0m
[6.428s] -- Install configuration: "Release"
[6.428s] -- Up-to-date: /home/agilex/autoware.ai/install/waypoint_maker/lib/pkgconfig/waypoint_maker.pc
[6.428s] -- Up-to-date: /home/agilex/autoware.ai/install/waypoint_maker/share/waypoint_maker/cmake/waypoint_makerConfig.cmake
[6.428s] -- Up-to-date: /home/agilex/autoware.ai/install/waypoint_maker/share/waypoint_maker/cmake/waypoint_makerConfig-version.cmake
[6.428s] -- Up-to-date: /home/agilex/autoware.ai/install/waypoint_maker/share/waypoint_maker/package.xml
[6.428s] -- Up-to-date: /home/agilex/autoware.ai/install/waypoint_maker/lib/waypoint_maker/waypoint_loader
[6.430s] -- Up-to-date: /home/agilex/autoware.ai/install/waypoint_maker/lib/waypoint_maker/waypoint_replanner
[6.431s] -- Up-to-date: /home/agilex/autoware.ai/install/waypoint_maker/lib/waypoint_maker/waypoint_saver
[6.432s] -- Up-to-date: /home/agilex/autoware.ai/install/waypoint_maker/lib/waypoint_maker/waypoint_clicker
[6.433s] -- Up-to-date: /home/agilex/autoware.ai/install/waypoint_maker/lib/waypoint_maker/waypoint_marker_publisher
[6.434s] -- Up-to-date: /home/agilex/autoware.ai/install/waypoint_maker/lib/waypoint_maker/waypoint_velocity_visualizer
[6.435s] -- Up-to-date: /home/agilex/autoware.ai/install/waypoint_maker/lib/waypoint_maker/waypoint_extractor
[6.435s] -- Up-to-date: /home/agilex/autoware.ai/install/waypoint_maker/share/waypoint_maker/launch
[6.436s] -- Up-to-date: /home/agilex/autoware.ai/install/waypoint_maker/share/waypoint_maker/launch/waypoint_saver.launch
[6.436s] -- Up-to-date: /home/agilex/autoware.ai/install/waypoint_maker/share/waypoint_maker/launch/waypoint_loader.launch
[6.436s] -- Up-to-date: /home/agilex/autoware.ai/install/waypoint_maker/share/waypoint_maker/launch/waypoint_velocity_visualizer.launch
[6.439s] Invoked command in '/home/agilex/autoware.ai/build/waypoint_maker' returned '0': CMAKE_PREFIX_PATH=/home/agilex/autoware.ai/install/lane_planner:/home/agilex/autoware.ai/install/waypoint_follower:/home/agilex/autoware.ai/install/vector_map:/home/agilex/autoware.ai/install/autoware_health_checker:/home/agilex/autoware.ai/install/amathutils_lib:/home/agilex/autoware.ai/install/vector_map_msgs:/home/agilex/autoware.ai/install/tablet_socket_msgs:/home/agilex/autoware.ai/install/gnss:/home/agilex/autoware.ai/install/autoware_system_msgs:/home/agilex/autoware.ai/install/autoware_msgs:/home/agilex/autoware.ai/install/autoware_config_msgs:/home/agilex/autoware.ai/install/autoware_build_flags:${CMAKE_PREFIX_PATH} LD_LIBRARY_PATH=/home/agilex/autoware.ai/install/lane_planner/lib:/home/agilex/autoware.ai/install/waypoint_follower/lib:/home/agilex/autoware.ai/install/vector_map/lib:/home/agilex/autoware.ai/install/autoware_health_checker/lib:/home/agilex/autoware.ai/install/amathutils_lib/lib:/home/agilex/autoware.ai/install/gnss/lib:${LD_LIBRARY_PATH} PKG_CONFIG_PATH=/home/agilex/autoware.ai/install/lane_planner/lib/x86_64-linux-gnu/pkgconfig:/home/agilex/autoware.ai/install/lane_planner/lib/pkgconfig:/home/agilex/autoware.ai/install/waypoint_follower/lib/x86_64-linux-gnu/pkgconfig:/home/agilex/autoware.ai/install/waypoint_follower/lib/pkgconfig:/home/agilex/autoware.ai/install/vector_map/lib/x86_64-linux-gnu/pkgconfig:/home/agilex/autoware.ai/install/vector_map/lib/pkgconfig:/home/agilex/autoware.ai/install/autoware_health_checker/lib/x86_64-linux-gnu/pkgconfig:/home/agilex/autoware.ai/install/autoware_health_checker/lib/pkgconfig:/home/agilex/autoware.ai/install/amathutils_lib/lib/x86_64-linux-gnu/pkgconfig:/home/agilex/autoware.ai/install/amathutils_lib/lib/pkgconfig:/home/agilex/autoware.ai/install/vector_map_msgs/lib/x86_64-linux-gnu/pkgconfig:/home/agilex/autoware.ai/install/vector_map_msgs/lib/pkgconfig:/home/agilex/autoware.ai/install/tablet_socket_msgs/lib/x86_64-linux-gnu/pkgconfig:/home/agilex/autoware.ai/install/tablet_socket_msgs/lib/pkgconfig:/home/agilex/autoware.ai/install/gnss/lib/x86_64-linux-gnu/pkgconfig:/home/agilex/autoware.ai/install/gnss/lib/pkgconfig:/home/agilex/autoware.ai/install/autoware_system_msgs/lib/x86_64-linux-gnu/pkgconfig:/home/agilex/autoware.ai/install/autoware_system_msgs/lib/pkgconfig:/home/agilex/autoware.ai/install/autoware_msgs/lib/x86_64-linux-gnu/pkgconfig:/home/agilex/autoware.ai/install/autoware_msgs/lib/pkgconfig:/home/agilex/autoware.ai/install/autoware_config_msgs/lib/x86_64-linux-gnu/pkgconfig:/home/agilex/autoware.ai/install/autoware_config_msgs/lib/pkgconfig:/home/agilex/autoware.ai/install/autoware_build_flags/lib/x86_64-linux-gnu/pkgconfig:/home/agilex/autoware.ai/install/autoware_build_flags/lib/pkgconfig:${PKG_CONFIG_PATH} PYTHONPATH=/home/agilex/autoware.ai/install/vector_map_msgs/lib/python2.7/dist-packages:/home/agilex/autoware.ai/install/tablet_socket_msgs/lib/python2.7/dist-packages:/home/agilex/autoware.ai/install/autoware_system_msgs/lib/python2.7/dist-packages:/home/agilex/autoware.ai/install/autoware_msgs/lib/python2.7/dist-packages:/home/agilex/autoware.ai/install/autoware_config_msgs/lib/python2.7/dist-packages:${PYTHONPATH} ROS_PACKAGE_PATH=/home/agilex/autoware.ai/install/lane_planner/share:/home/agilex/autoware.ai/install/waypoint_follower/share:/home/agilex/autoware.ai/install/vector_map/share:/home/agilex/autoware.ai/install/autoware_health_checker/share:/home/agilex/autoware.ai/install/amathutils_lib/share:/home/agilex/autoware.ai/install/vector_map_msgs/share:/home/agilex/autoware.ai/install/tablet_socket_msgs/share:/home/agilex/autoware.ai/install/gnss/share:/home/agilex/autoware.ai/install/autoware_system_msgs/share:/home/agilex/autoware.ai/install/autoware_msgs/share:/home/agilex/autoware.ai/install/autoware_config_msgs/share:/home/agilex/autoware.ai/install/autoware_build_flags/share:${ROS_PACKAGE_PATH} /usr/bin/cmake --build /home/agilex/autoware.ai/build/waypoint_maker --target install -- -j8 -l8
