[0.013s] Invoking command in '/home/agilex/autoware.ai/build/twist_generator': CMAKE_PREFIX_PATH=/home/agilex/autoware.ai/install/autoware_msgs:/home/agilex/autoware.ai/install/autoware_build_flags:${CMAKE_PREFIX_PATH} PKG_CONFIG_PATH=/home/agilex/autoware.ai/install/autoware_msgs/lib/x86_64-linux-gnu/pkgconfig:/home/agilex/autoware.ai/install/autoware_msgs/lib/pkgconfig:/home/agilex/autoware.ai/install/autoware_build_flags/lib/x86_64-linux-gnu/pkgconfig:/home/agilex/autoware.ai/install/autoware_build_flags/lib/pkgconfig:${PKG_CONFIG_PATH} PYTHONPATH=/home/agilex/autoware.ai/install/autoware_msgs/lib/python2.7/dist-packages:${PYTHONPATH} ROS_PACKAGE_PATH=/home/agilex/autoware.ai/install/autoware_msgs/share:/home/agilex/autoware.ai/install/autoware_build_flags/share:${ROS_PACKAGE_PATH} /usr/bin/cmake /home/agilex/autoware.ai/src/autoware/core_perception/twist_generator -DCMAKE_BUILD_TYPE=Release -DCATKIN_INSTALL_INTO_PREFIX_ROOT=0 -DCMAKE_INSTALL_PREFIX=/home/agilex/autoware.ai/install/twist_generator
[0.075s] -- The C compiler identification is GNU 7.5.0
[0.129s] -- The CXX compiler identification is GNU 7.5.0
[0.134s] -- Check for working C compiler: /usr/bin/cc
[0.196s] -- Check for working C compiler: /usr/bin/cc -- works
[0.197s] -- Detecting C compiler ABI info
[0.255s] -- Detecting C compiler ABI info - done
[0.264s] -- Detecting C compile features
[0.441s] -- Detecting C compile features - done
[0.445s] -- Check for working CXX compiler: /usr/bin/c++
[0.517s] -- Check for working CXX compiler: /usr/bin/c++ -- works
[0.518s] -- Detecting CXX compiler ABI info
[0.586s] -- Detecting CXX compiler ABI info - done
[0.594s] -- Detecting CXX compile features
[0.909s] -- Detecting CXX compile features - done
[0.911s] -- Using CATKIN_DEVEL_PREFIX: /home/agilex/autoware.ai/build/twist_generator/devel
[0.912s] -- Using CMAKE_PREFIX_PATH: /home/agilex/autoware.ai/install/autoware_msgs;/home/agilex/autoware.ai/install/autoware_build_flags;/opt/ros/melodic
[0.912s] -- This workspace overlays: /home/agilex/autoware.ai/install/autoware_msgs;/home/agilex/autoware.ai/install/autoware_build_flags;/opt/ros/melodic
[0.925s] -- Found PythonInterp: /usr/bin/python2 (found suitable version "2.7.17", minimum required is "2") 
[0.925s] -- Using PYTHON_EXECUTABLE: /usr/bin/python2
[0.926s] -- Using Debian Python package layout
[0.926s] -- Using empy: /usr/bin/empy
[1.079s] -- Using CATKIN_ENABLE_TESTING: ON
[1.079s] -- Call enable_testing()
[1.081s] -- Using CATKIN_TEST_RESULTS_DIR: /home/agilex/autoware.ai/build/twist_generator/test_results
[1.100s] -- Found gtest sources under '/usr/src/googletest': gtests will be built
[1.100s] -- Found gmock sources under '/usr/src/googletest': gmock will be built
[1.113s] -- Found PythonInterp: /usr/bin/python2 (found version "2.7.17") 
[1.113s] -- Looking for pthread.h
[1.174s] -- Looking for pthread.h - found
[1.175s] -- Looking for pthread_create
[1.247s] -- Looking for pthread_create - not found
[1.247s] -- Looking for pthread_create in pthreads
[1.299s] -- Looking for pthread_create in pthreads - not found
[1.299s] -- Looking for pthread_create in pthread
[1.364s] -- Looking for pthread_create in pthread - found
[1.365s] -- Found Threads: TRUE  
[1.369s] -- Using Python nosetests: /usr/bin/nosetests-2.7
[1.414s] -- catkin 0.7.29
[1.414s] -- BUILD_SHARED_LIBS is on
[1.499s] -- CUDA compilation status: .
[1.600s] -- Using these message generators: gencpp;geneus;genlisp;gennodejs;genpy
[1.776s] -- Configuring done
[1.803s] -- Generating done
[1.810s] -- Build files have been written to: /home/agilex/autoware.ai/build/twist_generator
[1.817s] Invoked command in '/home/agilex/autoware.ai/build/twist_generator' returned '0': CMAKE_PREFIX_PATH=/home/agilex/autoware.ai/install/autoware_msgs:/home/agilex/autoware.ai/install/autoware_build_flags:${CMAKE_PREFIX_PATH} PKG_CONFIG_PATH=/home/agilex/autoware.ai/install/autoware_msgs/lib/x86_64-linux-gnu/pkgconfig:/home/agilex/autoware.ai/install/autoware_msgs/lib/pkgconfig:/home/agilex/autoware.ai/install/autoware_build_flags/lib/x86_64-linux-gnu/pkgconfig:/home/agilex/autoware.ai/install/autoware_build_flags/lib/pkgconfig:${PKG_CONFIG_PATH} PYTHONPATH=/home/agilex/autoware.ai/install/autoware_msgs/lib/python2.7/dist-packages:${PYTHONPATH} ROS_PACKAGE_PATH=/home/agilex/autoware.ai/install/autoware_msgs/share:/home/agilex/autoware.ai/install/autoware_build_flags/share:${ROS_PACKAGE_PATH} /usr/bin/cmake /home/agilex/autoware.ai/src/autoware/core_perception/twist_generator -DCMAKE_BUILD_TYPE=Release -DCATKIN_INSTALL_INTO_PREFIX_ROOT=0 -DCMAKE_INSTALL_PREFIX=/home/agilex/autoware.ai/install/twist_generator
[1.817s] Invoking command in '/home/agilex/autoware.ai/build/twist_generator': CMAKE_PREFIX_PATH=/home/agilex/autoware.ai/install/autoware_msgs:/home/agilex/autoware.ai/install/autoware_build_flags:${CMAKE_PREFIX_PATH} PKG_CONFIG_PATH=/home/agilex/autoware.ai/install/autoware_msgs/lib/x86_64-linux-gnu/pkgconfig:/home/agilex/autoware.ai/install/autoware_msgs/lib/pkgconfig:/home/agilex/autoware.ai/install/autoware_build_flags/lib/x86_64-linux-gnu/pkgconfig:/home/agilex/autoware.ai/install/autoware_build_flags/lib/pkgconfig:${PKG_CONFIG_PATH} PYTHONPATH=/home/agilex/autoware.ai/install/autoware_msgs/lib/python2.7/dist-packages:${PYTHONPATH} ROS_PACKAGE_PATH=/home/agilex/autoware.ai/install/autoware_msgs/share:/home/agilex/autoware.ai/install/autoware_build_flags/share:${ROS_PACKAGE_PATH} /usr/bin/cmake --build /home/agilex/autoware.ai/build/twist_generator -- -j8 -l8
[1.853s] [35m[1mScanning dependencies of target sensor_msgs_generate_messages_nodejs[0m
[1.861s] [  0%] Built target sensor_msgs_generate_messages_nodejs
[1.874s] [35m[1mScanning dependencies of target pcl_msgs_generate_messages_lisp[0m
[1.882s] [  0%] Built target pcl_msgs_generate_messages_lisp
[1.892s] [35m[1mScanning dependencies of target pcl_msgs_generate_messages_eus[0m
[1.900s] [  0%] Built target pcl_msgs_generate_messages_eus
[1.909s] [35m[1mScanning dependencies of target pcl_msgs_generate_messages_cpp[0m
[1.918s] [  0%] Built target pcl_msgs_generate_messages_cpp
[1.927s] [35m[1mScanning dependencies of target jsk_recognition_msgs_generate_messages_py[0m
[1.936s] [  0%] Built target jsk_recognition_msgs_generate_messages_py
[1.944s] [35m[1mScanning dependencies of target actionlib_msgs_generate_messages_cpp[0m
[1.953s] [  0%] Built target actionlib_msgs_generate_messages_cpp
[1.962s] [35m[1mScanning dependencies of target jsk_footstep_msgs_generate_messages_nodejs[0m
[1.970s] [  0%] Built target jsk_footstep_msgs_generate_messages_nodejs
[1.979s] [35m[1mScanning dependencies of target jsk_recognition_msgs_generate_messages_lisp[0m
[1.988s] [  0%] Built target jsk_recognition_msgs_generate_messages_lisp
[2.000s] [35m[1mScanning dependencies of target jsk_recognition_msgs_generate_messages_eus[0m
[2.010s] [  0%] Built target jsk_recognition_msgs_generate_messages_eus
[2.018s] [35m[1mScanning dependencies of target rosgraph_msgs_generate_messages_nodejs[0m
[2.027s] [  0%] Built target rosgraph_msgs_generate_messages_nodejs
[2.037s] [35m[1mScanning dependencies of target rosgraph_msgs_generate_messages_py[0m
[2.045s] [  0%] Built target rosgraph_msgs_generate_messages_py
[2.058s] [35m[1mScanning dependencies of target jsk_footstep_msgs_generate_messages_eus[0m
[2.073s] [  0%] Built target jsk_footstep_msgs_generate_messages_eus
[2.082s] [35m[1mScanning dependencies of target pcl_msgs_generate_messages_py[0m
[2.092s] [  0%] Built target pcl_msgs_generate_messages_py
[2.100s] [35m[1mScanning dependencies of target pcl_msgs_generate_messages_nodejs[0m
[2.109s] [  0%] Built target pcl_msgs_generate_messages_nodejs
[2.118s] [35m[1mScanning dependencies of target std_msgs_generate_messages_eus[0m
[2.127s] [  0%] Built target std_msgs_generate_messages_eus
[2.136s] [35m[1mScanning dependencies of target autoware_msgs_generate_messages_nodejs[0m
[2.145s] [  0%] Built target autoware_msgs_generate_messages_nodejs
[2.153s] [35m[1mScanning dependencies of target rosgraph_msgs_generate_messages_lisp[0m
[2.162s] [  0%] Built target rosgraph_msgs_generate_messages_lisp
[2.171s] [35m[1mScanning dependencies of target jsk_recognition_msgs_generate_messages_nodejs[0m
[2.180s] [  0%] Built target jsk_recognition_msgs_generate_messages_nodejs
[2.189s] [35m[1mScanning dependencies of target rosgraph_msgs_generate_messages_eus[0m
[2.200s] [  0%] Built target rosgraph_msgs_generate_messages_eus
[2.213s] [35m[1mScanning dependencies of target roscpp_generate_messages_lisp[0m
[2.222s] [  0%] Built target roscpp_generate_messages_lisp
[2.231s] [35m[1mScanning dependencies of target actionlib_msgs_generate_messages_nodejs[0m
[2.240s] [  0%] Built target actionlib_msgs_generate_messages_nodejs
[2.249s] [35m[1mScanning dependencies of target jsk_footstep_msgs_generate_messages_py[0m
[2.259s] [  0%] Built target jsk_footstep_msgs_generate_messages_py
[2.268s] [35m[1mScanning dependencies of target actionlib_msgs_generate_messages_lisp[0m
[2.277s] [  0%] Built target actionlib_msgs_generate_messages_lisp
[2.286s] [35m[1mScanning dependencies of target std_msgs_generate_messages_cpp[0m
[2.298s] [  0%] Built target std_msgs_generate_messages_cpp
[2.308s] [35m[1mScanning dependencies of target std_msgs_generate_messages_py[0m
[2.321s] [  0%] Built target std_msgs_generate_messages_py
[2.330s] [35m[1mScanning dependencies of target autoware_msgs_generate_messages_py[0m
[2.350s] [  0%] Built target autoware_msgs_generate_messages_py
[2.368s] [35m[1mScanning dependencies of target geometry_msgs_generate_messages_nodejs[0m
[2.417s] [  0%] Built target geometry_msgs_generate_messages_nodejs
[2.440s] [35m[1mScanning dependencies of target sensor_msgs_generate_messages_py[0m
[2.449s] [  0%] Built target sensor_msgs_generate_messages_py
[2.466s] [35m[1mScanning dependencies of target std_msgs_generate_messages_lisp[0m
[2.477s] [  0%] Built target std_msgs_generate_messages_lisp
[2.501s] [35m[1mScanning dependencies of target sensor_msgs_generate_messages_cpp[0m
[2.527s] [  0%] Built target sensor_msgs_generate_messages_cpp
[2.534s] [35m[1mScanning dependencies of target sensor_msgs_generate_messages_eus[0m
[2.580s] [  0%] Built target sensor_msgs_generate_messages_eus
[2.603s] [35m[1mScanning dependencies of target std_msgs_generate_messages_nodejs[0m
[2.634s] [  0%] Built target std_msgs_generate_messages_nodejs
[2.658s] [35m[1mScanning dependencies of target geometry_msgs_generate_messages_cpp[0m
[2.667s] [  0%] Built target geometry_msgs_generate_messages_cpp
[2.701s] [35m[1mScanning dependencies of target geometry_msgs_generate_messages_lisp[0m
[2.754s] [  0%] Built target geometry_msgs_generate_messages_lisp
[2.789s] [35m[1mScanning dependencies of target jsk_footstep_msgs_generate_messages_cpp[0m
[2.817s] [  0%] Built target jsk_footstep_msgs_generate_messages_cpp
[2.843s] [35m[1mScanning dependencies of target geometry_msgs_generate_messages_py[0m
[2.866s] [  0%] Built target geometry_msgs_generate_messages_py
[2.883s] [35m[1mScanning dependencies of target rosgraph_msgs_generate_messages_cpp[0m
[2.900s] [  0%] Built target rosgraph_msgs_generate_messages_cpp
[2.927s] [35m[1mScanning dependencies of target autoware_msgs_generate_messages_cpp[0m
[2.953s] [  0%] Built target autoware_msgs_generate_messages_cpp
[2.983s] [35m[1mScanning dependencies of target autoware_msgs_generate_messages_eus[0m
[3.001s] [  0%] Built target autoware_msgs_generate_messages_eus
[3.025s] [35m[1mScanning dependencies of target sensor_msgs_generate_messages_lisp[0m
[3.040s] [  0%] Built target sensor_msgs_generate_messages_lisp
[3.085s] [35m[1mScanning dependencies of target jsk_recognition_msgs_generate_messages_cpp[0m
[3.094s] [  0%] Built target jsk_recognition_msgs_generate_messages_cpp
[3.105s] [35m[1mScanning dependencies of target actionlib_msgs_generate_messages_eus[0m
[3.113s] [  0%] Built target actionlib_msgs_generate_messages_eus
[3.123s] [35m[1mScanning dependencies of target autoware_msgs_generate_messages_lisp[0m
[3.133s] [  0%] Built target autoware_msgs_generate_messages_lisp
[3.142s] [35m[1mScanning dependencies of target roscpp_generate_messages_cpp[0m
[3.152s] [  0%] Built target roscpp_generate_messages_cpp
[3.161s] [35m[1mScanning dependencies of target roscpp_generate_messages_eus[0m
[3.172s] [  0%] Built target roscpp_generate_messages_eus
[3.181s] [35m[1mScanning dependencies of target roscpp_generate_messages_nodejs[0m
[3.191s] [  0%] Built target roscpp_generate_messages_nodejs
[3.201s] [35m[1mScanning dependencies of target geometry_msgs_generate_messages_eus[0m
[3.211s] [  0%] Built target geometry_msgs_generate_messages_eus
[3.221s] [35m[1mScanning dependencies of target roscpp_generate_messages_py[0m
[3.231s] [  0%] Built target roscpp_generate_messages_py
[3.241s] [35m[1mScanning dependencies of target actionlib_msgs_generate_messages_py[0m
[3.251s] [  0%] Built target actionlib_msgs_generate_messages_py
[3.263s] [35m[1mScanning dependencies of target jsk_footstep_msgs_generate_messages_lisp[0m
[3.272s] [  0%] Built target jsk_footstep_msgs_generate_messages_lisp
[3.281s] [35m[1mScanning dependencies of target vehicle_status_converter[0m
[3.299s] [ 50%] [32mBuilding CXX object CMakeFiles/vehicle_status_converter.dir/src/vehicle_status_converter.cpp.o[0m
[5.627s] [100%] [32m[1mLinking CXX executable devel/lib/twist_generator/vehicle_status_converter[0m
[5.759s] [100%] Built target vehicle_status_converter
[5.771s] Invoked command in '/home/agilex/autoware.ai/build/twist_generator' returned '0': CMAKE_PREFIX_PATH=/home/agilex/autoware.ai/install/autoware_msgs:/home/agilex/autoware.ai/install/autoware_build_flags:${CMAKE_PREFIX_PATH} PKG_CONFIG_PATH=/home/agilex/autoware.ai/install/autoware_msgs/lib/x86_64-linux-gnu/pkgconfig:/home/agilex/autoware.ai/install/autoware_msgs/lib/pkgconfig:/home/agilex/autoware.ai/install/autoware_build_flags/lib/x86_64-linux-gnu/pkgconfig:/home/agilex/autoware.ai/install/autoware_build_flags/lib/pkgconfig:${PKG_CONFIG_PATH} PYTHONPATH=/home/agilex/autoware.ai/install/autoware_msgs/lib/python2.7/dist-packages:${PYTHONPATH} ROS_PACKAGE_PATH=/home/agilex/autoware.ai/install/autoware_msgs/share:/home/agilex/autoware.ai/install/autoware_build_flags/share:${ROS_PACKAGE_PATH} /usr/bin/cmake --build /home/agilex/autoware.ai/build/twist_generator -- -j8 -l8
[5.824s] Invoking command in '/home/agilex/autoware.ai/build/twist_generator': CMAKE_PREFIX_PATH=/home/agilex/autoware.ai/install/autoware_msgs:/home/agilex/autoware.ai/install/autoware_build_flags:${CMAKE_PREFIX_PATH} PKG_CONFIG_PATH=/home/agilex/autoware.ai/install/autoware_msgs/lib/x86_64-linux-gnu/pkgconfig:/home/agilex/autoware.ai/install/autoware_msgs/lib/pkgconfig:/home/agilex/autoware.ai/install/autoware_build_flags/lib/x86_64-linux-gnu/pkgconfig:/home/agilex/autoware.ai/install/autoware_build_flags/lib/pkgconfig:${PKG_CONFIG_PATH} PYTHONPATH=/home/agilex/autoware.ai/install/autoware_msgs/lib/python2.7/dist-packages:${PYTHONPATH} ROS_PACKAGE_PATH=/home/agilex/autoware.ai/install/autoware_msgs/share:/home/agilex/autoware.ai/install/autoware_build_flags/share:${ROS_PACKAGE_PATH} /usr/bin/cmake --build /home/agilex/autoware.ai/build/twist_generator --target tests -- -j8 -l8
[5.872s] [35m[1mScanning dependencies of target tests[0m
[5.881s] Built target tests
[5.893s] Invoked command in '/home/agilex/autoware.ai/build/twist_generator' returned '0': CMAKE_PREFIX_PATH=/home/agilex/autoware.ai/install/autoware_msgs:/home/agilex/autoware.ai/install/autoware_build_flags:${CMAKE_PREFIX_PATH} PKG_CONFIG_PATH=/home/agilex/autoware.ai/install/autoware_msgs/lib/x86_64-linux-gnu/pkgconfig:/home/agilex/autoware.ai/install/autoware_msgs/lib/pkgconfig:/home/agilex/autoware.ai/install/autoware_build_flags/lib/x86_64-linux-gnu/pkgconfig:/home/agilex/autoware.ai/install/autoware_build_flags/lib/pkgconfig:${PKG_CONFIG_PATH} PYTHONPATH=/home/agilex/autoware.ai/install/autoware_msgs/lib/python2.7/dist-packages:${PYTHONPATH} ROS_PACKAGE_PATH=/home/agilex/autoware.ai/install/autoware_msgs/share:/home/agilex/autoware.ai/install/autoware_build_flags/share:${ROS_PACKAGE_PATH} /usr/bin/cmake --build /home/agilex/autoware.ai/build/twist_generator --target tests -- -j8 -l8
[5.944s] Invoking command in '/home/agilex/autoware.ai/build/twist_generator': CMAKE_PREFIX_PATH=/home/agilex/autoware.ai/install/autoware_msgs:/home/agilex/autoware.ai/install/autoware_build_flags:${CMAKE_PREFIX_PATH} PKG_CONFIG_PATH=/home/agilex/autoware.ai/install/autoware_msgs/lib/x86_64-linux-gnu/pkgconfig:/home/agilex/autoware.ai/install/autoware_msgs/lib/pkgconfig:/home/agilex/autoware.ai/install/autoware_build_flags/lib/x86_64-linux-gnu/pkgconfig:/home/agilex/autoware.ai/install/autoware_build_flags/lib/pkgconfig:${PKG_CONFIG_PATH} PYTHONPATH=/home/agilex/autoware.ai/install/autoware_msgs/lib/python2.7/dist-packages:${PYTHONPATH} ROS_PACKAGE_PATH=/home/agilex/autoware.ai/install/autoware_msgs/share:/home/agilex/autoware.ai/install/autoware_build_flags/share:${ROS_PACKAGE_PATH} /usr/bin/cmake --build /home/agilex/autoware.ai/build/twist_generator --target install -- -j8 -l8
[5.991s] [  0%] Built target sensor_msgs_generate_messages_nodejs
[6.010s] [  0%] Built target pcl_msgs_generate_messages_lisp
[6.028s] [  0%] Built target pcl_msgs_generate_messages_eus
[6.046s] [  0%] Built target pcl_msgs_generate_messages_cpp
[6.064s] [  0%] Built target jsk_recognition_msgs_generate_messages_py
[6.082s] [  0%] Built target actionlib_msgs_generate_messages_cpp
[6.102s] [  0%] Built target jsk_footstep_msgs_generate_messages_nodejs
[6.120s] [  0%] Built target jsk_recognition_msgs_generate_messages_lisp
[6.137s] [  0%] Built target jsk_recognition_msgs_generate_messages_eus
[6.156s] [  0%] Built target rosgraph_msgs_generate_messages_nodejs
[6.174s] [  0%] Built target rosgraph_msgs_generate_messages_py
[6.193s] [  0%] Built target jsk_footstep_msgs_generate_messages_eus
[6.213s] [  0%] Built target pcl_msgs_generate_messages_py
[6.231s] [  0%] Built target pcl_msgs_generate_messages_nodejs
[6.249s] [  0%] Built target std_msgs_generate_messages_eus
[6.267s] [  0%] Built target autoware_msgs_generate_messages_nodejs
[6.285s] [  0%] Built target rosgraph_msgs_generate_messages_lisp
[6.304s] [  0%] Built target jsk_recognition_msgs_generate_messages_nodejs
[6.322s] [  0%] Built target rosgraph_msgs_generate_messages_eus
[6.340s] [  0%] Built target roscpp_generate_messages_lisp
[6.358s] [  0%] Built target actionlib_msgs_generate_messages_nodejs
[6.376s] [  0%] Built target jsk_footstep_msgs_generate_messages_py
[6.394s] [  0%] Built target actionlib_msgs_generate_messages_lisp
[6.412s] [  0%] Built target std_msgs_generate_messages_cpp
[6.430s] [  0%] Built target std_msgs_generate_messages_py
[6.448s] [  0%] Built target autoware_msgs_generate_messages_py
[6.467s] [  0%] Built target geometry_msgs_generate_messages_nodejs
[6.485s] [  0%] Built target sensor_msgs_generate_messages_py
[6.503s] [  0%] Built target std_msgs_generate_messages_lisp
[6.521s] [  0%] Built target sensor_msgs_generate_messages_cpp
[6.538s] [  0%] Built target sensor_msgs_generate_messages_eus
[6.556s] [  0%] Built target std_msgs_generate_messages_nodejs
[6.574s] [  0%] Built target geometry_msgs_generate_messages_cpp
[6.592s] [  0%] Built target geometry_msgs_generate_messages_lisp
[6.610s] [  0%] Built target jsk_footstep_msgs_generate_messages_cpp
[6.627s] [  0%] Built target geometry_msgs_generate_messages_py
[6.645s] [  0%] Built target rosgraph_msgs_generate_messages_cpp
[6.663s] [  0%] Built target autoware_msgs_generate_messages_cpp
[6.680s] [  0%] Built target autoware_msgs_generate_messages_eus
[6.698s] [  0%] Built target sensor_msgs_generate_messages_lisp
[6.716s] [  0%] Built target jsk_recognition_msgs_generate_messages_cpp
[6.734s] [  0%] Built target actionlib_msgs_generate_messages_eus
[6.751s] [  0%] Built target autoware_msgs_generate_messages_lisp
[6.769s] [  0%] Built target roscpp_generate_messages_cpp
[6.787s] [  0%] Built target roscpp_generate_messages_eus
[6.805s] [  0%] Built target roscpp_generate_messages_nodejs
[6.822s] [  0%] Built target geometry_msgs_generate_messages_eus
[6.840s] [  0%] Built target roscpp_generate_messages_py
[6.857s] [  0%] Built target actionlib_msgs_generate_messages_py
[6.875s] [  0%] Built target jsk_footstep_msgs_generate_messages_lisp
[6.897s] [100%] Built target vehicle_status_converter
[6.916s] [36mInstall the project...[0m
[6.924s] -- Install configuration: "Release"
[6.925s] -- Installing: /home/agilex/autoware.ai/install/twist_generator/lib/pkgconfig/twist_generator.pc
[6.925s] -- Installing: /home/agilex/autoware.ai/install/twist_generator/share/twist_generator/cmake/twist_generatorConfig.cmake
[6.925s] -- Installing: /home/agilex/autoware.ai/install/twist_generator/share/twist_generator/cmake/twist_generatorConfig-version.cmake
[6.926s] -- Installing: /home/agilex/autoware.ai/install/twist_generator/share/twist_generator/package.xml
[6.926s] -- Installing: /home/agilex/autoware.ai/install/twist_generator/lib/twist_generator/vehicle_status_converter
[6.927s] -- Set runtime path of "/home/agilex/autoware.ai/install/twist_generator/lib/twist_generator/vehicle_status_converter" to ""
[6.927s] -- Installing: /home/agilex/autoware.ai/install/twist_generator/share/twist_generator/launch
[6.927s] -- Installing: /home/agilex/autoware.ai/install/twist_generator/share/twist_generator/launch/vehicle_status_converter.launch
[6.927s] -- Installing: /home/agilex/autoware.ai/install/twist_generator/include/twist_generator
[6.928s] -- Installing: /home/agilex/autoware.ai/install/twist_generator/include/twist_generator/vehicle_status_converter.hpp
[6.933s] Invoked command in '/home/agilex/autoware.ai/build/twist_generator' returned '0': CMAKE_PREFIX_PATH=/home/agilex/autoware.ai/install/autoware_msgs:/home/agilex/autoware.ai/install/autoware_build_flags:${CMAKE_PREFIX_PATH} PKG_CONFIG_PATH=/home/agilex/autoware.ai/install/autoware_msgs/lib/x86_64-linux-gnu/pkgconfig:/home/agilex/autoware.ai/install/autoware_msgs/lib/pkgconfig:/home/agilex/autoware.ai/install/autoware_build_flags/lib/x86_64-linux-gnu/pkgconfig:/home/agilex/autoware.ai/install/autoware_build_flags/lib/pkgconfig:${PKG_CONFIG_PATH} PYTHONPATH=/home/agilex/autoware.ai/install/autoware_msgs/lib/python2.7/dist-packages:${PYTHONPATH} ROS_PACKAGE_PATH=/home/agilex/autoware.ai/install/autoware_msgs/share:/home/agilex/autoware.ai/install/autoware_build_flags/share:${ROS_PACKAGE_PATH} /usr/bin/cmake --build /home/agilex/autoware.ai/build/twist_generator --target install -- -j8 -l8
